#Res        AtomicFlx
   1.000       6.5878
   2.000       2.8583
   3.000       2.2884
   4.000       1.9366
   5.000       1.8915
   6.000       2.0259
   7.000       1.9521
   8.000       1.9146
   9.000       1.9213
  10.000       1.7430
  11.000       2.8783
  12.000       2.2830
  13.000       1.8539
  14.000       1.7127
  15.000       2.0331
  16.000       2.6629
  17.000       3.8809
  18.000       3.0023
  19.000       2.4220
  20.000       2.0153
  21.000       1.8797
  22.000       1.8234
  23.000       2.1614
  24.000       2.0684
  25.000       1.9483
  26.000       1.8481
  27.000       1.8242
  28.000       1.7354
  29.000       1.6391
  30.000       1.6096
  31.000       1.7347
  32.000       2.1114
  33.000       2.6839
  34.000       3.5478
  35.000      22.0629
  36.000      30.8254
  37.000      23.2396
  38.000      29.3033
  39.000      28.9283
  40.000      25.0244
  41.000      24.5602
  42.000      17.8046
  43.000      16.2224
  44.000      12.9620
  45.000      32.1391
  46.000      27.4244
  47.000      31.7878
  48.000      35.0179
  49.000      22.2259
  50.000      28.8637
  51.000      26.0915
  52.000      30.4315
  53.000       7.8425
  54.000      27.5389
  55.000      11.0066
  56.000      12.0282
  57.000      22.5598
  58.000      31.1870
  59.000      29.2814
  60.000      28.2583
  61.000      20.4422
  62.000      36.5642
  63.000      29.7072
  64.000      20.2752
  65.000      27.2625
  66.000      11.6226
