
          -------------------------------------------------------
          Amber 16 PMEMD                              2016
          -------------------------------------------------------

| PMEMD implementation of SANDER, Release 16

| Run on 01/17/2024 at 22:55:23

|   Executable path: pmemd.cuda
| Working directory: /home/students/keyq/fuben/input/10/nLT10right
|          Hostname: master

  [-O]verwriting output

File Assignments:
|   MDIN: heat2.in                                                              
|  MDOUT: cmp_heat2.out                                                         
| INPCRD: cmp_heat1.rst                                                         
|   PARM: cmp.prmtop                                                            
| RESTRT: cmp_heat2.rst                                                         
|   REFC: cmp.inpcrd                                                            
|  MDVEL: mdvel                                                                 
|   MDEN: mden                                                                  
|  MDCRD: cmp_heat2.mdcrd                                                       
| MDINFO: mdinfo                                                                
|  MDFRC: mdfrc                                                                 


 Here is the input file:

Stage 1 heating 1 5ps 0-100K                                                   
 &cntrl                                                                        
  imin=0, irest=1,ntx=5,                                                       
  nstlim=2500, dt=0.002,                                                       
  ntc=2, ntf=2,                                                                
  ntt=1, tautp=1.5,                                                            
  tempi=50.0, temp0=100.0,                                                     
  ntpr=50, ntwx=50,                                                            
  ntb=1,                                                                       
  cut=10,                                                                      
  /                                                                            


Note: ig = -1. Setting random seed to   308503 based on wallclock time in 
      microseconds.
 
|--------------------- INFORMATION ----------------------
| GPU (CUDA) Version of PMEMD in use: NVIDIA GPU IN USE.
|                    Version 16.0.0
| 
|                      02/25/2016
| 
| Implementation by:
|                    Ross C. Walker     (SDSC)
|                    Scott Le Grand     (nVIDIA)
| 
| Precision model in use:
|      [SPFP] - Single Precision Forces, 64-bit Fixed Point
|               Accumulation. (Default)
| 
|--------------------------------------------------------
 
|----------------- CITATION INFORMATION -----------------
|
|    When publishing work that utilized the CUDA version
|    of AMBER, please cite the following in addition to
|    the regular AMBER citations:
|
|  - Romelia Salomon-Ferrer; Andreas W. Goetz; Duncan
|    Poole; Scott Le Grand; Ross C. Walker "Routine
|    microsecond molecular dynamics simulations with
|    AMBER - Part II: Particle Mesh Ewald", J. Chem.
|    Theory Comput., 2013, 9 (9), pp3878-3888,
|    DOI: 10.1021/ct400314y.
|
|  - Andreas W. Goetz; Mark J. Williamson; Dong Xu;
|    Duncan Poole; Scott Le Grand; Ross C. Walker
|    "Routine microsecond molecular dynamics simulations
|    with AMBER - Part I: Generalized Born", J. Chem.
|    Theory Comput., 2012, 8 (5), pp1542-1555.
|
|  - Scott Le Grand; Andreas W. Goetz; Ross C. Walker
|    "SPFP: Speed without compromise - a mixed precision
|    model for GPU accelerated molecular dynamics
|    simulations.", Comp. Phys. Comm., 2013, 184
|    pp374-380, DOI: 10.1016/j.cpc.2012.09.022
|
|--------------------------------------------------------
 
|------------------- GPU DEVICE INFO --------------------
|
|            CUDA_VISIBLE_DEVICES: 0
|   CUDA Capable Devices Detected:      1
|           CUDA Device ID in use:      0
|                CUDA Device Name: Tesla V100-PCIE-32GB
|     CUDA Device Global Mem Size:  32510 MB
| CUDA Device Num Multiprocessors:     80
|           CUDA Device Core Freq:   1.38 GHz
|
|--------------------------------------------------------
 
 
| Conditional Compilation Defines Used:
| PUBFFT
| BINTRAJ
| CUDA
| EMIL

| Largest sphere to fit in unit cell has radius =    34.579

| New format PARM file being parsed.
| Version =    1.000 Date = 01/29/21 Time = 15:11:50

| Note: 1-4 EEL scale factors are being read from the topology file.

| Note: 1-4 VDW scale factors are being read from the topology file.
| Duplicated    0 dihedrals

| Duplicated    0 dihedrals

--------------------------------------------------------------------------------
   1.  RESOURCE   USE: 
--------------------------------------------------------------------------------

 getting box info from netcdf restart file
 NATOM  =   41824 NTYPES =      18 NBONH =   41085 MBONA  =     790
 NTHETH =     891 MTHETA =    1223 NPHIH =    1882 MPHIA  =    2460
 NHPARM =       0 NPARM  =       0 NNB   =   60376 NRES   =   13633
 NBONA  =     790 NTHETA =    1223 NPHIA =    2460 NUMBND =      73
 NUMANG =     152 NPTRA  =      87 NATYP =      37 NPHB   =       1
 IFBOX  =       2 NMXRS  =      34 IFCAP =       0 NEXTRA =       0
 NCOPY  =       0

| Coordinate Index Table dimensions:    13   13   13
| Direct force subcell size =     6.5155    6.5155    6.5155

     BOX TYPE: TRUNCATED OCTAHEDRON

--------------------------------------------------------------------------------
   2.  CONTROL  DATA  FOR  THE  RUN
--------------------------------------------------------------------------------

default_name                                                                    

General flags:
     imin    =       0, nmropt  =       0

Nature and format of input:
     ntx     =       5, irest   =       1, ntrx    =       1

Nature and format of output:
     ntxo    =       2, ntpr    =      50, ntrx    =       1, ntwr    =    2500
     iwrap   =       0, ntwx    =      50, ntwv    =       0, ntwe    =       0
     ioutfm  =       1, ntwprt  =       0, idecomp =       0, rbornstat=      0

Potential function:
     ntf     =       2, ntb     =       1, igb     =       0, nsnb    =      25
     ipol    =       0, gbsa    =       0, iesp    =       0
     dielc   =   1.00000, cut     =  10.00000, intdiel =   1.00000

Frozen or restrained atoms:
     ibelly  =       0, ntr     =       0

Molecular dynamics:
     nstlim  =      2500, nscm    =      1000, nrespa  =         1
     t       =   0.00000, dt      =   0.00200, vlimit  =  -1.00000

Berendsen (weak-coupling) temperature regulation:
     temp0   = 100.00000, tempi   =  50.00000, tautp   =   1.50000

SHAKE:
     ntc     =       2, jfastw  =       0
     tol     =   0.00001

| Intermolecular bonds treatment:
|     no_intermolecular_bonds =       1

| Energy averages sample interval:
|     ene_avg_sampling =      50

Ewald parameters:
     verbose =       0, ew_type =       0, nbflag  =       1, use_pme =       1
     vdwmeth =       1, eedmeth =       1, netfrc  =       1
     Box X =   84.701   Box Y =   84.701   Box Z =   84.701
     Alpha =  109.471   Beta  =  109.471   Gamma =  109.471
     NFFT1 =   96       NFFT2 =   96       NFFT3 =   96
     Cutoff=   10.000   Tol   =0.100E-04
     Ewald Coefficient =  0.27511
     Interpolation order =    4

--------------------------------------------------------------------------------
   3.  ATOMIC COORDINATES AND VELOCITIES
--------------------------------------------------------------------------------

default_name                                                                    
 begin time read from input coords =     5.000 ps

 
 Number of triangulated 3-point waters found:    13567

     Sum of charges from parm topology file =   0.00000011
     Forcing neutrality...

| Dynamic Memory, Types Used:
| Reals             1191157
| Integers           992187

| Nonbonded Pairs Initial Allocation:    12650714

| GPU memory information (estimate):
| KB of GPU memory in use:    218999
| KB of CPU memory in use:     73847

--------------------------------------------------------------------------------
   4.  RESULTS
--------------------------------------------------------------------------------

 ---------------------------------------------------
 APPROXIMATING switch and d/dx switch using CUBIC SPLINE INTERPOLATION
 using   5000.0 points per unit in tabled values
 TESTING RELATIVE ERROR over r ranging from 0.0 to cutoff
| CHECK switch(x): max rel err =   0.2738E-14   at   2.422500
| CHECK d/dx switch(x): max rel err =   0.8314E-11   at   2.736960
 ---------------------------------------------------
|---------------------------------------------------
| APPROXIMATING direct energy using CUBIC SPLINE INTERPOLATION
|  with   50.0 points per unit in tabled values
| Relative Error Limit not exceeded for r .gt.   2.33
| APPROXIMATING direct force using CUBIC SPLINE INTERPOLATION
|  with   50.0 points per unit in tabled values
| Relative Error Limit not exceeded for r .gt.   2.80
|---------------------------------------------------

 NSTEP =       50   TIME(PS) =       5.100  TEMP(K) =    49.93  PRESS =     0.0
 Etot   =   -165372.6641  EKtot   =      4186.2075  EPtot      =   -169558.8716
 BOND   =        59.9033  ANGLE   =       251.3998  DIHED      =       826.6881
 1-4 NB =       261.5677  1-4 EEL =     -3409.4909  VDWAALS    =     28955.0020
 EELEC  =   -196503.9415  EHBOND  =         0.0000  RESTRAINT  =         0.0000
 ------------------------------------------------------------------------------


 NSTEP =      100   TIME(PS) =       5.200  TEMP(K) =    51.42  PRESS =     0.0
 Etot   =   -165096.9856  EKtot   =      4311.1396  EPtot      =   -169408.1253
 BOND   =        62.0755  ANGLE   =       244.9831  DIHED      =       838.3892
 1-4 NB =       256.0941  1-4 EEL =     -3412.5705  VDWAALS    =     28790.6310
 EELEC  =   -196187.7278  EHBOND  =         0.0000  RESTRAINT  =         0.0000
 ------------------------------------------------------------------------------


 NSTEP =      150   TIME(PS) =       5.300  TEMP(K) =    52.79  PRESS =     0.0
 Etot   =   -164829.0404  EKtot   =      4426.0859  EPtot      =   -169255.1264
 BOND   =        60.7543  ANGLE   =       249.7084  DIHED      =       831.1531
 1-4 NB =       258.4416  1-4 EEL =     -3423.1108  VDWAALS    =     28679.8111
 EELEC  =   -195911.8841  EHBOND  =         0.0000  RESTRAINT  =         0.0000
 ------------------------------------------------------------------------------


 NSTEP =      200   TIME(PS) =       5.400  TEMP(K) =    54.92  PRESS =     0.0
 Etot   =   -164573.5307  EKtot   =      4604.5195  EPtot      =   -169178.0503
 BOND   =        61.2278  ANGLE   =       251.8531  DIHED      =       827.5510
 1-4 NB =       258.1665  1-4 EEL =     -3426.5080  VDWAALS    =     28808.6627
 EELEC  =   -195959.0033  EHBOND  =         0.0000  RESTRAINT  =         0.0000
 ------------------------------------------------------------------------------


 NSTEP =      250   TIME(PS) =       5.500  TEMP(K) =    56.44  PRESS =     0.0
 Etot   =   -164325.6404  EKtot   =      4731.7974  EPtot      =   -169057.4377
 BOND   =        61.6429  ANGLE   =       249.1815  DIHED      =       843.1351
 1-4 NB =       263.3456  1-4 EEL =     -3422.9514  VDWAALS    =     28761.4356
 EELEC  =   -195813.2270  EHBOND  =         0.0000  RESTRAINT  =         0.0000
 ------------------------------------------------------------------------------


 NSTEP =      300   TIME(PS) =       5.600  TEMP(K) =    57.99  PRESS =     0.0
 Etot   =   -164086.5953  EKtot   =      4862.2095  EPtot      =   -168948.8048
 BOND   =        65.3468  ANGLE   =       254.5832  DIHED      =       829.9556
 1-4 NB =       256.5818  1-4 EEL =     -3433.0958  VDWAALS    =     28704.4102
 EELEC  =   -195626.5866  EHBOND  =         0.0000  RESTRAINT  =         0.0000
 ------------------------------------------------------------------------------


 NSTEP =      350   TIME(PS) =       5.700  TEMP(K) =    59.50  PRESS =     0.0
 Etot   =   -163854.4223  EKtot   =      4988.8794  EPtot      =   -168843.3017
 BOND   =        60.8047  ANGLE   =       245.5790  DIHED      =       833.4799
 1-4 NB =       261.6761  1-4 EEL =     -3409.8779  VDWAALS    =     28737.0578
 EELEC  =   -195572.0214  EHBOND  =         0.0000  RESTRAINT  =         0.0000
 ------------------------------------------------------------------------------


 NSTEP =      400   TIME(PS) =       5.800  TEMP(K) =    60.52  PRESS =     0.0
 Etot   =   -163633.0131  EKtot   =      5074.3579  EPtot      =   -168707.3710
 BOND   =        62.4917  ANGLE   =       242.2520  DIHED      =       835.7538
 1-4 NB =       257.4281  1-4 EEL =     -3406.7300  VDWAALS    =     28787.0750
 EELEC  =   -195485.6416  EHBOND  =         0.0000  RESTRAINT  =         0.0000
 ------------------------------------------------------------------------------


 NSTEP =      450   TIME(PS) =       5.900  TEMP(K) =    61.98  PRESS =     0.0
 Etot   =   -163418.2082  EKtot   =      5196.9468  EPtot      =   -168615.1550
 BOND   =        64.3193  ANGLE   =       247.8569  DIHED      =       832.6632
 1-4 NB =       262.0789  1-4 EEL =     -3418.7869  VDWAALS    =     28760.7815
 EELEC  =   -195364.0678  EHBOND  =         0.0000  RESTRAINT  =         0.0000
 ------------------------------------------------------------------------------


 NSTEP =      500   TIME(PS) =       6.000  TEMP(K) =    63.41  PRESS =     0.0
 Etot   =   -163209.6333  EKtot   =      5316.2212  EPtot      =   -168525.8544
 BOND   =        62.4920  ANGLE   =       250.9761  DIHED      =       831.2237
 1-4 NB =       262.7692  1-4 EEL =     -3411.1742  VDWAALS    =     28842.4579
 EELEC  =   -195364.5991  EHBOND  =         0.0000  RESTRAINT  =         0.0000
 ------------------------------------------------------------------------------


 NSTEP =      550   TIME(PS) =       6.100  TEMP(K) =    64.37  PRESS =     0.0
 Etot   =   -163008.4280  EKtot   =      5396.8438  EPtot      =   -168405.2718
 BOND   =        62.5009  ANGLE   =       252.4189  DIHED      =       835.2941
 1-4 NB =       262.4646  1-4 EEL =     -3411.3640  VDWAALS    =     28601.7212
 EELEC  =   -195008.3075  EHBOND  =         0.0000  RESTRAINT  =         0.0000
 ------------------------------------------------------------------------------


 NSTEP =      600   TIME(PS) =       6.200  TEMP(K) =    66.04  PRESS =     0.0
 Etot   =   -162814.4028  EKtot   =      5536.6934  EPtot      =   -168351.0961
 BOND   =        65.9977  ANGLE   =       260.0719  DIHED      =       826.3782
 1-4 NB =       259.3998  1-4 EEL =     -3431.4878  VDWAALS    =     28727.8371
 EELEC  =   -195059.2930  EHBOND  =         0.0000  RESTRAINT  =         0.0000
 ------------------------------------------------------------------------------


 NSTEP =      650   TIME(PS) =       6.300  TEMP(K) =    67.04  PRESS =     0.0
 Etot   =   -162628.4451  EKtot   =      5621.1943  EPtot      =   -168249.6394
 BOND   =        65.7313  ANGLE   =       260.4329  DIHED      =       826.0761
 1-4 NB =       261.2914  1-4 EEL =     -3424.2255  VDWAALS    =     28439.3454
 EELEC  =   -194678.2910  EHBOND  =         0.0000  RESTRAINT  =         0.0000
 ------------------------------------------------------------------------------


 NSTEP =      700   TIME(PS) =       6.400  TEMP(K) =    68.06  PRESS =     0.0
 Etot   =   -162447.8750  EKtot   =      5706.3359  EPtot      =   -168154.2110
 BOND   =        65.2611  ANGLE   =       261.7393  DIHED      =       828.7659
 1-4 NB =       262.0301  1-4 EEL =     -3427.6262  VDWAALS    =     28621.4773
 EELEC  =   -194765.8586  EHBOND  =         0.0000  RESTRAINT  =         0.0000
 ------------------------------------------------------------------------------


 NSTEP =      750   TIME(PS) =       6.500  TEMP(K) =    70.02  PRESS =     0.0
 Etot   =   -162274.2652  EKtot   =      5870.6650  EPtot      =   -168144.9303
 BOND   =        64.9842  ANGLE   =       251.0808  DIHED      =       830.2706
 1-4 NB =       263.4939  1-4 EEL =     -3405.9727  VDWAALS    =     28719.0842
 EELEC  =   -194867.8713  EHBOND  =         0.0000  RESTRAINT  =         0.0000
 ------------------------------------------------------------------------------


 NSTEP =      800   TIME(PS) =       6.600  TEMP(K) =    70.76  PRESS =     0.0
 Etot   =   -162109.5306  EKtot   =      5932.8799  EPtot      =   -168042.4105
 BOND   =        69.7600  ANGLE   =       259.4534  DIHED      =       841.4363
 1-4 NB =       263.0775  1-4 EEL =     -3434.5950  VDWAALS    =     28858.7189
 EELEC  =   -194900.2617  EHBOND  =         0.0000  RESTRAINT  =         0.0000
 ------------------------------------------------------------------------------


 NSTEP =      850   TIME(PS) =       6.700  TEMP(K) =    71.76  PRESS =     0.0
 Etot   =   -161948.5968  EKtot   =      6016.3940  EPtot      =   -167964.9909
 BOND   =        69.0449  ANGLE   =       255.0354  DIHED      =       834.6426
 1-4 NB =       265.0426  1-4 EEL =     -3432.4330  VDWAALS    =     28630.9792
 EELEC  =   -194587.3026  EHBOND  =         0.0000  RESTRAINT  =         0.0000
 ------------------------------------------------------------------------------


 NSTEP =      900   TIME(PS) =       6.800  TEMP(K) =    72.94  PRESS =     0.0
 Etot   =   -161793.1550  EKtot   =      6115.6309  EPtot      =   -167908.7858
 BOND   =        69.3130  ANGLE   =       265.6218  DIHED      =       838.7535
 1-4 NB =       261.1623  1-4 EEL =     -3429.9098  VDWAALS    =     28510.3241
 EELEC  =   -194424.0506  EHBOND  =         0.0000  RESTRAINT  =         0.0000
 ------------------------------------------------------------------------------


 NSTEP =      950   TIME(PS) =       6.900  TEMP(K) =    74.01  PRESS =     0.0
 Etot   =   -161645.6271  EKtot   =      6204.9390  EPtot      =   -167850.5660
 BOND   =        66.4923  ANGLE   =       265.3213  DIHED      =       837.6266
 1-4 NB =       257.9322  1-4 EEL =     -3422.7877  VDWAALS    =     28514.7437
 EELEC  =   -194369.8944  EHBOND  =         0.0000  RESTRAINT  =         0.0000
 ------------------------------------------------------------------------------

check COM velocity, temp:        0.000009     0.00(Removed)

 NSTEP =     1000   TIME(PS) =       7.000  TEMP(K) =    75.26  PRESS =     0.0
 Etot   =   -161502.2616  EKtot   =      6310.0908  EPtot      =   -167812.3524
 BOND   =        66.0399  ANGLE   =       263.8340  DIHED      =       839.0303
 1-4 NB =       263.0134  1-4 EEL =     -3414.8030  VDWAALS    =     28688.0509
 EELEC  =   -194517.5178  EHBOND  =         0.0000  RESTRAINT  =         0.0000
 ------------------------------------------------------------------------------


 NSTEP =     1050   TIME(PS) =       7.100  TEMP(K) =    75.42  PRESS =     0.0
 Etot   =   -161365.2512  EKtot   =      6323.7593  EPtot      =   -167689.0105
 BOND   =        69.9887  ANGLE   =       261.8055  DIHED      =       835.2406
 1-4 NB =       259.4292  1-4 EEL =     -3427.7841  VDWAALS    =     28552.1310
 EELEC  =   -194239.8212  EHBOND  =         0.0000  RESTRAINT  =         0.0000
 ------------------------------------------------------------------------------


 NSTEP =     1100   TIME(PS) =       7.200  TEMP(K) =    76.26  PRESS =     0.0
 Etot   =   -161228.7567  EKtot   =      6393.7129  EPtot      =   -167622.4696
 BOND   =        68.9888  ANGLE   =       270.5182  DIHED      =       839.9453
 1-4 NB =       261.8801  1-4 EEL =     -3436.9610  VDWAALS    =     28492.4580
 EELEC  =   -194119.2990  EHBOND  =         0.0000  RESTRAINT  =         0.0000
 ------------------------------------------------------------------------------


 NSTEP =     1150   TIME(PS) =       7.300  TEMP(K) =    77.35  PRESS =     0.0
 Etot   =   -161100.7710  EKtot   =      6485.5078  EPtot      =   -167586.2789
 BOND   =        69.3105  ANGLE   =       270.6507  DIHED      =       834.9760
 1-4 NB =       260.5037  1-4 EEL =     -3427.0178  VDWAALS    =     28447.3547
 EELEC  =   -194042.0566  EHBOND  =         0.0000  RESTRAINT  =         0.0000
 ------------------------------------------------------------------------------


 NSTEP =     1200   TIME(PS) =       7.400  TEMP(K) =    77.95  PRESS =     0.0
 Etot   =   -160977.7127  EKtot   =      6535.3384  EPtot      =   -167513.0511
 BOND   =        69.0968  ANGLE   =       260.6473  DIHED      =       845.6982
 1-4 NB =       263.2608  1-4 EEL =     -3427.9314  VDWAALS    =     28330.2621
 EELEC  =   -193854.0849  EHBOND  =         0.0000  RESTRAINT  =         0.0000
 ------------------------------------------------------------------------------


 NSTEP =     1250   TIME(PS) =       7.500  TEMP(K) =    79.34  PRESS =     0.0
 Etot   =   -160857.2039  EKtot   =      6652.5020  EPtot      =   -167509.7058
 BOND   =        68.1986  ANGLE   =       262.9267  DIHED      =       830.8614
 1-4 NB =       262.8333  1-4 EEL =     -3439.3481  VDWAALS    =     28593.1145
 EELEC  =   -194088.2923  EHBOND  =         0.0000  RESTRAINT  =         0.0000
 ------------------------------------------------------------------------------


 NSTEP =     1300   TIME(PS) =       7.600  TEMP(K) =    79.34  PRESS =     0.0
 Etot   =   -160742.3269  EKtot   =      6651.7441  EPtot      =   -167394.0710
 BOND   =        67.7307  ANGLE   =       268.9467  DIHED      =       838.2513
 1-4 NB =       258.7254  1-4 EEL =     -3427.0128  VDWAALS    =     28463.3094
 EELEC  =   -193864.0218  EHBOND  =         0.0000  RESTRAINT  =         0.0000
 ------------------------------------------------------------------------------


 NSTEP =     1350   TIME(PS) =       7.700  TEMP(K) =    80.67  PRESS =     0.0
 Etot   =   -160631.6637  EKtot   =      6763.2808  EPtot      =   -167394.9444
 BOND   =        70.5338  ANGLE   =       271.8580  DIHED      =       841.1070
 1-4 NB =       262.5393  1-4 EEL =     -3414.3511  VDWAALS    =     28304.1656
 EELEC  =   -193730.7970  EHBOND  =         0.0000  RESTRAINT  =         0.0000
 ------------------------------------------------------------------------------


 NSTEP =     1400   TIME(PS) =       7.800  TEMP(K) =    80.67  PRESS =     0.0
 Etot   =   -160524.7714  EKtot   =      6763.3066  EPtot      =   -167288.0780
 BOND   =        74.2616  ANGLE   =       270.4428  DIHED      =       837.8607
 1-4 NB =       258.4873  1-4 EEL =     -3442.2441  VDWAALS    =     28333.4694
 EELEC  =   -193620.3557  EHBOND  =         0.0000  RESTRAINT  =         0.0000
 ------------------------------------------------------------------------------


 NSTEP =     1450   TIME(PS) =       7.900  TEMP(K) =    81.69  PRESS =     0.0
 Etot   =   -160420.3033  EKtot   =      6849.0303  EPtot      =   -167269.3335
 BOND   =        67.4842  ANGLE   =       265.5198  DIHED      =       830.5025
 1-4 NB =       264.1978  1-4 EEL =     -3441.2362  VDWAALS    =     28433.3726
 EELEC  =   -193689.1743  EHBOND  =         0.0000  RESTRAINT  =         0.0000
 ------------------------------------------------------------------------------


 NSTEP =     1500   TIME(PS) =       8.000  TEMP(K) =    82.60  PRESS =     0.0
 Etot   =   -160323.1079  EKtot   =      6925.1729  EPtot      =   -167248.2808
 BOND   =        74.0541  ANGLE   =       269.6798  DIHED      =       833.1255
 1-4 NB =       261.0761  1-4 EEL =     -3435.0678  VDWAALS    =     28564.4081
 EELEC  =   -193815.5566  EHBOND  =         0.0000  RESTRAINT  =         0.0000
 ------------------------------------------------------------------------------


 NSTEP =     1550   TIME(PS) =       8.100  TEMP(K) =    83.11  PRESS =     0.0
 Etot   =   -160227.6183  EKtot   =      6967.9414  EPtot      =   -167195.5597
 BOND   =        65.2937  ANGLE   =       268.3300  DIHED      =       839.1845
 1-4 NB =       258.8275  1-4 EEL =     -3426.0375  VDWAALS    =     28661.6790
 EELEC  =   -193862.8369  EHBOND  =         0.0000  RESTRAINT  =         0.0000
 ------------------------------------------------------------------------------


 NSTEP =     1600   TIME(PS) =       8.200  TEMP(K) =    83.96  PRESS =     0.0
 Etot   =   -160137.5098  EKtot   =      7039.8228  EPtot      =   -167177.3325
 BOND   =        70.3669  ANGLE   =       268.6860  DIHED      =       843.4205
 1-4 NB =       262.6319  1-4 EEL =     -3427.1706  VDWAALS    =     28249.8470
 EELEC  =   -193445.1142  EHBOND  =         0.0000  RESTRAINT  =         0.0000
 ------------------------------------------------------------------------------


 NSTEP =     1650   TIME(PS) =       8.300  TEMP(K) =    84.61  PRESS =     0.0
 Etot   =   -160050.9828  EKtot   =      7093.7642  EPtot      =   -167144.7469
 BOND   =        66.2862  ANGLE   =       257.2815  DIHED      =       842.8270
 1-4 NB =       265.8047  1-4 EEL =     -3403.6279  VDWAALS    =     28231.1921
 EELEC  =   -193404.5105  EHBOND  =         0.0000  RESTRAINT  =         0.0000
 ------------------------------------------------------------------------------


 NSTEP =     1700   TIME(PS) =       8.400  TEMP(K) =    85.15  PRESS =     0.0
 Etot   =   -159964.0358  EKtot   =      7139.2310  EPtot      =   -167103.2667
 BOND   =        74.5823  ANGLE   =       271.7361  DIHED      =       837.8296
 1-4 NB =       255.7494  1-4 EEL =     -3432.6923  VDWAALS    =     28296.2044
 EELEC  =   -193406.6762  EHBOND  =         0.0000  RESTRAINT  =         0.0000
 ------------------------------------------------------------------------------


 NSTEP =     1750   TIME(PS) =       8.500  TEMP(K) =    85.66  PRESS =     0.0
 Etot   =   -159882.9018  EKtot   =      7181.8457  EPtot      =   -167064.7475
 BOND   =        79.5743  ANGLE   =       273.9416  DIHED      =       835.4447
 1-4 NB =       259.9178  1-4 EEL =     -3434.9950  VDWAALS    =     28419.9643
 EELEC  =   -193498.5952  EHBOND  =         0.0000  RESTRAINT  =         0.0000
 ------------------------------------------------------------------------------


 NSTEP =     1800   TIME(PS) =       8.600  TEMP(K) =    86.97  PRESS =     0.0
 Etot   =   -159806.6996  EKtot   =      7292.2397  EPtot      =   -167098.9393
 BOND   =        73.6619  ANGLE   =       270.1072  DIHED      =       841.8019
 1-4 NB =       268.1479  1-4 EEL =     -3450.7756  VDWAALS    =     28483.3202
 EELEC  =   -193585.2027  EHBOND  =         0.0000  RESTRAINT  =         0.0000
 ------------------------------------------------------------------------------


 NSTEP =     1850   TIME(PS) =       8.700  TEMP(K) =    86.93  PRESS =     0.0
 Etot   =   -159732.4253  EKtot   =      7288.4546  EPtot      =   -167020.8799
 BOND   =        74.3630  ANGLE   =       271.7152  DIHED      =       839.4549
 1-4 NB =       266.1381  1-4 EEL =     -3437.4141  VDWAALS    =     28417.0613
 EELEC  =   -193452.1983  EHBOND  =         0.0000  RESTRAINT  =         0.0000
 ------------------------------------------------------------------------------


 NSTEP =     1900   TIME(PS) =       8.800  TEMP(K) =    87.44  PRESS =     0.0
 Etot   =   -159660.1219  EKtot   =      7331.4956  EPtot      =   -166991.6175
 BOND   =        74.0064  ANGLE   =       277.8474  DIHED      =       836.6530
 1-4 NB =       260.7822  1-4 EEL =     -3431.0440  VDWAALS    =     28410.3082
 EELEC  =   -193420.1707  EHBOND  =         0.0000  RESTRAINT  =         0.0000
 ------------------------------------------------------------------------------


 NSTEP =     1950   TIME(PS) =       8.900  TEMP(K) =    88.57  PRESS =     0.0
 Etot   =   -159593.1236  EKtot   =      7425.7056  EPtot      =   -167018.8292
 BOND   =        67.2305  ANGLE   =       270.8995  DIHED      =       846.6011
 1-4 NB =       263.8660  1-4 EEL =     -3426.8956  VDWAALS    =     28634.2085
 EELEC  =   -193674.7391  EHBOND  =         0.0000  RESTRAINT  =         0.0000
 ------------------------------------------------------------------------------

check COM velocity, temp:        0.000004     0.00(Removed)

 NSTEP =     2000   TIME(PS) =       9.000  TEMP(K) =    88.42  PRESS =     0.0
 Etot   =   -159528.2599  EKtot   =      7413.3892  EPtot      =   -166941.6490
 BOND   =        72.9916  ANGLE   =       276.3594  DIHED      =       841.8811
 1-4 NB =       259.6979  1-4 EEL =     -3444.7355  VDWAALS    =     28329.3925
 EELEC  =   -193277.2360  EHBOND  =         0.0000  RESTRAINT  =         0.0000
 ------------------------------------------------------------------------------


 NSTEP =     2050   TIME(PS) =       9.100  TEMP(K) =    89.30  PRESS =     0.0
 Etot   =   -159465.8834  EKtot   =      7487.0337  EPtot      =   -166952.9171
 BOND   =        78.0039  ANGLE   =       278.5763  DIHED      =       838.5386
 1-4 NB =       264.2139  1-4 EEL =     -3448.5400  VDWAALS    =     28590.9064
 EELEC  =   -193554.6162  EHBOND  =         0.0000  RESTRAINT  =         0.0000
 ------------------------------------------------------------------------------


 NSTEP =     2100   TIME(PS) =       9.200  TEMP(K) =    89.44  PRESS =     0.0
 Etot   =   -159406.2413  EKtot   =      7498.6304  EPtot      =   -166904.8717
 BOND   =        81.6154  ANGLE   =       293.7320  DIHED      =       828.9987
 1-4 NB =       262.8622  1-4 EEL =     -3448.9711  VDWAALS    =     28392.5049
 EELEC  =   -193315.6139  EHBOND  =         0.0000  RESTRAINT  =         0.0000
 ------------------------------------------------------------------------------


 NSTEP =     2150   TIME(PS) =       9.300  TEMP(K) =    89.90  PRESS =     0.0
 Etot   =   -159349.0102  EKtot   =      7537.4956  EPtot      =   -166886.5058
 BOND   =        73.2305  ANGLE   =       278.4667  DIHED      =       840.6306
 1-4 NB =       265.7402  1-4 EEL =     -3443.3616  VDWAALS    =     28360.5626
 EELEC  =   -193261.7748  EHBOND  =         0.0000  RESTRAINT  =         0.0000
 ------------------------------------------------------------------------------


 NSTEP =     2200   TIME(PS) =       9.400  TEMP(K) =    90.36  PRESS =     0.0
 Etot   =   -159293.6862  EKtot   =      7576.2080  EPtot      =   -166869.8942
 BOND   =        77.2760  ANGLE   =       280.3791  DIHED      =       833.9887
 1-4 NB =       262.2682  1-4 EEL =     -3427.4752  VDWAALS    =     28493.4798
 EELEC  =   -193389.8108  EHBOND  =         0.0000  RESTRAINT  =         0.0000
 ------------------------------------------------------------------------------


 NSTEP =     2250   TIME(PS) =       9.500  TEMP(K) =    90.68  PRESS =     0.0
 Etot   =   -159241.8249  EKtot   =      7603.1841  EPtot      =   -166845.0090
 BOND   =        78.6608  ANGLE   =       286.1863  DIHED      =       843.9157
 1-4 NB =       263.5240  1-4 EEL =     -3422.1880  VDWAALS    =     28321.9321
 EELEC  =   -193217.0399  EHBOND  =         0.0000  RESTRAINT  =         0.0000
 ------------------------------------------------------------------------------


 NSTEP =     2300   TIME(PS) =       9.600  TEMP(K) =    91.43  PRESS =     0.0
 Etot   =   -159190.9296  EKtot   =      7666.1768  EPtot      =   -166857.1063
 BOND   =        72.3435  ANGLE   =       274.9862  DIHED      =       845.9787
 1-4 NB =       267.2260  1-4 EEL =     -3430.3363  VDWAALS    =     28180.8022
 EELEC  =   -193068.1067  EHBOND  =         0.0000  RESTRAINT  =         0.0000
 ------------------------------------------------------------------------------


 NSTEP =     2350   TIME(PS) =       9.700  TEMP(K) =    91.65  PRESS =     0.0
 Etot   =   -159142.5353  EKtot   =      7684.0679  EPtot      =   -166826.6032
 BOND   =        73.4002  ANGLE   =       276.0210  DIHED      =       848.1522
 1-4 NB =       264.2380  1-4 EEL =     -3416.0922  VDWAALS    =     28282.4376
 EELEC  =   -193154.7600  EHBOND  =         0.0000  RESTRAINT  =         0.0000
 ------------------------------------------------------------------------------


 NSTEP =     2400   TIME(PS) =       9.800  TEMP(K) =    91.93  PRESS =     0.0
 Etot   =   -159095.1068  EKtot   =      7707.5239  EPtot      =   -166802.6307
 BOND   =        73.4757  ANGLE   =       275.5903  DIHED      =       842.4608
 1-4 NB =       262.1814  1-4 EEL =     -3406.8103  VDWAALS    =     28316.5839
 EELEC  =   -193166.1126  EHBOND  =         0.0000  RESTRAINT  =         0.0000
 ------------------------------------------------------------------------------


 NSTEP =     2450   TIME(PS) =       9.900  TEMP(K) =    92.11  PRESS =     0.0
 Etot   =   -159052.1282  EKtot   =      7722.5674  EPtot      =   -166774.6956
 BOND   =        82.8635  ANGLE   =       282.4333  DIHED      =       847.6225
 1-4 NB =       264.4034  1-4 EEL =     -3435.5817  VDWAALS    =     28383.7833
 EELEC  =   -193200.2198  EHBOND  =         0.0000  RESTRAINT  =         0.0000
 ------------------------------------------------------------------------------


 NSTEP =     2500   TIME(PS) =      10.000  TEMP(K) =    92.30  PRESS =     0.0
 Etot   =   -159007.7695  EKtot   =      7738.9688  EPtot      =   -166746.7383
 BOND   =        77.5382  ANGLE   =       286.8656  DIHED      =       837.7783
 1-4 NB =       263.7223  1-4 EEL =     -3440.4546  VDWAALS    =     28236.1884
 EELEC  =   -193008.3764  EHBOND  =         0.0000  RESTRAINT  =         0.0000
 ------------------------------------------------------------------------------


      A V E R A G E S   O V E R      50 S T E P S


 NSTEP =     2500   TIME(PS) =      10.000  TEMP(K) =    76.61  PRESS =     0.0
 Etot   =   -161271.4597  EKtot   =      6422.9827  EPtot      =   -167694.4423
 BOND   =        69.4519  ANGLE   =       265.5304  DIHED      =       836.9800
 1-4 NB =       261.8387  1-4 EEL =     -3427.2731  VDWAALS    =     28526.9202
 EELEC  =   -194227.8904  EHBOND  =         0.0000  RESTRAINT  =         0.0000
 ------------------------------------------------------------------------------


      R M S  F L U C T U A T I O N S


 NSTEP =     2500   TIME(PS) =      10.000  TEMP(K) =    12.43  PRESS =     0.0
 Etot   =      1843.2924  EKtot   =      1042.1942  EPtot      =       802.7828
 BOND   =         5.7538  ANGLE   =        11.8943  DIHED      =         5.8046
 1-4 NB =         2.7898  1-4 EEL =        11.9755  VDWAALS    =       192.5802
 EELEC  =       951.3495  EHBOND  =         0.0000  RESTRAINT  =         0.0000
 ------------------------------------------------------------------------------

--------------------------------------------------------------------------------
   5.  TIMINGS
--------------------------------------------------------------------------------

|  NonSetup CPU Time in Major Routines:
|
|     Routine           Sec        %
|     ------------------------------
|     Nonbond           0.45    8.51
|     Bond              0.00    0.00
|     Angle             0.00    0.00
|     Dihedral          0.00    0.00
|     Shake             0.02    0.32
|     RunMD             4.80   91.05
|     Other             0.01    0.12
|     ------------------------------
|     Total             5.27

|  PME Nonbond Pairlist CPU Time:
|
|     Routine              Sec        %
|     ---------------------------------
|     Set Up Cit           0.00    0.00
|     Build List           0.00    0.00
|     ---------------------------------
|     Total                0.00    0.00

|  PME Direct Force CPU Time:
|
|     Routine              Sec        %
|     ---------------------------------
|     NonBonded Calc       0.00    0.00
|     Exclude Masked       0.00    0.00
|     Other                0.00    0.08
|     ---------------------------------
|     Total                0.00    0.08

|  PME Reciprocal Force CPU Time:
|
|     Routine              Sec        %
|     ---------------------------------
|     1D bspline           0.00    0.00
|     Grid Charges         0.00    0.00
|     Scalar Sum           0.00    0.00
|     Gradient Sum         0.00    0.00
|     FFT                  0.00    0.00
|     ---------------------------------
|     Total                0.00    0.00

|  Final Performance Info:
|     -----------------------------------------------------
|     Average timings for last    2450 steps:
|     Elapsed(s) =       5.37 Per Step(ms) =       2.19
|         ns/day =      78.83   seconds/ns =    1096.06
|
|     Average timings for all steps:
|     Elapsed(s) =       5.60 Per Step(ms) =       2.24
|         ns/day =      77.14   seconds/ns =    1120.06
|     -----------------------------------------------------

|  Setup CPU time:            1.06 seconds
|  NonSetup CPU time:         5.27 seconds
|  Total CPU time:            6.33 seconds     0.00 hours

|  Setup wall time:           2    seconds
|  NonSetup wall time:        6    seconds
|  Total wall time:           8    seconds     0.00 hours
