
          -------------------------------------------------------
          Amber 16 PMEMD                              2016
          -------------------------------------------------------

| PMEMD implementation of SANDER, Release 16

| Run on 01/17/2024 at 23:00:54

|   Executable path: pmemd.cuda
| Working directory: /home/students/keyq/fuben/input/4/nLA4right
|          Hostname: master

  [-O]verwriting output

File Assignments:
|   MDIN: heat6.in                                                              
|  MDOUT: cmp_heat6.out                                                         
| INPCRD: cmp_heat5.rst                                                         
|   PARM: cmp.prmtop                                                            
| RESTRT: cmp_heat6.rst                                                         
|   REFC: cmp.inpcrd                                                            
|  MDVEL: mdvel                                                                 
|   MDEN: mden                                                                  
|  MDCRD: cmp_heat6.mdcrd                                                       
| MDINFO: mdinfo                                                                
|  MDFRC: mdfrc                                                                 


 Here is the input file:

Stage 2 equilibration 1 0-5ns                                                  
 &cntrl                                                                        
  imin=0, irest=1, ntx=5,                                                      
  nstlim=6000, dt=0.002,                                                       
  ntc=2, ntf=2,                                                                
  ntt=1, tautp=1.5,                                                            
  tempi=255.0, temp0=310.0,                                                    
  ntpr=50, ntwx=50,                                                            
  ntb=1,                                                                       
  cut=10,                                                                      
 /                                                                             


Note: ig = -1. Setting random seed to   308409 based on wallclock time in 
      microseconds.
 
|--------------------- INFORMATION ----------------------
| GPU (CUDA) Version of PMEMD in use: NVIDIA GPU IN USE.
|                    Version 16.0.0
| 
|                      02/25/2016
| 
| Implementation by:
|                    Ross C. Walker     (SDSC)
|                    Scott Le Grand     (nVIDIA)
| 
| Precision model in use:
|      [SPFP] - Single Precision Forces, 64-bit Fixed Point
|               Accumulation. (Default)
| 
|--------------------------------------------------------
 
|----------------- CITATION INFORMATION -----------------
|
|    When publishing work that utilized the CUDA version
|    of AMBER, please cite the following in addition to
|    the regular AMBER citations:
|
|  - Romelia Salomon-Ferrer; Andreas W. Goetz; Duncan
|    Poole; Scott Le Grand; Ross C. Walker "Routine
|    microsecond molecular dynamics simulations with
|    AMBER - Part II: Particle Mesh Ewald", J. Chem.
|    Theory Comput., 2013, 9 (9), pp3878-3888,
|    DOI: 10.1021/ct400314y.
|
|  - Andreas W. Goetz; Mark J. Williamson; Dong Xu;
|    Duncan Poole; Scott Le Grand; Ross C. Walker
|    "Routine microsecond molecular dynamics simulations
|    with AMBER - Part I: Generalized Born", J. Chem.
|    Theory Comput., 2012, 8 (5), pp1542-1555.
|
|  - Scott Le Grand; Andreas W. Goetz; Ross C. Walker
|    "SPFP: Speed without compromise - a mixed precision
|    model for GPU accelerated molecular dynamics
|    simulations.", Comp. Phys. Comm., 2013, 184
|    pp374-380, DOI: 10.1016/j.cpc.2012.09.022
|
|--------------------------------------------------------
 
|------------------- GPU DEVICE INFO --------------------
|
|            CUDA_VISIBLE_DEVICES: 0
|   CUDA Capable Devices Detected:      1
|           CUDA Device ID in use:      0
|                CUDA Device Name: Tesla V100-PCIE-32GB
|     CUDA Device Global Mem Size:  32510 MB
| CUDA Device Num Multiprocessors:     80
|           CUDA Device Core Freq:   1.38 GHz
|
|--------------------------------------------------------
 
 
| Conditional Compilation Defines Used:
| PUBFFT
| BINTRAJ
| CUDA
| EMIL

| Largest sphere to fit in unit cell has radius =    34.895

| New format PARM file being parsed.
| Version =    1.000 Date = 01/29/21 Time = 10:43:10

| Note: 1-4 EEL scale factors are being read from the topology file.

| Note: 1-4 VDW scale factors are being read from the topology file.
| Duplicated    0 dihedrals

| Duplicated    0 dihedrals

--------------------------------------------------------------------------------
   1.  RESOURCE   USE: 
--------------------------------------------------------------------------------

 getting box info from netcdf restart file
 NATOM  =   43051 NTYPES =      18 NBONH =   42315 MBONA  =     787
 NTHETH =     879 MTHETA =    1217 NPHIH =    1867 MPHIA  =    2445
 NHPARM =       0 NPARM  =       0 NNB   =   61979 NRES   =   14045
 NBONA  =     787 NTHETA =    1217 NPHIA =    2445 NUMBND =      73
 NUMANG =     152 NPTRA  =      87 NATYP =      37 NPHB   =       1
 IFBOX  =       2 NMXRS  =      34 IFCAP =       0 NEXTRA =       0
 NCOPY  =       0

| Coordinate Index Table dimensions:    13   13   13
| Direct force subcell size =     6.5749    6.5749    6.5749

     BOX TYPE: TRUNCATED OCTAHEDRON

--------------------------------------------------------------------------------
   2.  CONTROL  DATA  FOR  THE  RUN
--------------------------------------------------------------------------------

default_name                                                                    

General flags:
     imin    =       0, nmropt  =       0

Nature and format of input:
     ntx     =       5, irest   =       1, ntrx    =       1

Nature and format of output:
     ntxo    =       2, ntpr    =      50, ntrx    =       1, ntwr    =    6000
     iwrap   =       0, ntwx    =      50, ntwv    =       0, ntwe    =       0
     ioutfm  =       1, ntwprt  =       0, idecomp =       0, rbornstat=      0

Potential function:
     ntf     =       2, ntb     =       1, igb     =       0, nsnb    =      25
     ipol    =       0, gbsa    =       0, iesp    =       0
     dielc   =   1.00000, cut     =  10.00000, intdiel =   1.00000

Frozen or restrained atoms:
     ibelly  =       0, ntr     =       0

Molecular dynamics:
     nstlim  =      6000, nscm    =      1000, nrespa  =         1
     t       =   0.00000, dt      =   0.00200, vlimit  =  -1.00000

Berendsen (weak-coupling) temperature regulation:
     temp0   = 310.00000, tempi   = 255.00000, tautp   =   1.50000

SHAKE:
     ntc     =       2, jfastw  =       0
     tol     =   0.00001

| Intermolecular bonds treatment:
|     no_intermolecular_bonds =       1

| Energy averages sample interval:
|     ene_avg_sampling =      50

Ewald parameters:
     verbose =       0, ew_type =       0, nbflag  =       1, use_pme =       1
     vdwmeth =       1, eedmeth =       1, netfrc  =       1
     Box X =   85.474   Box Y =   85.474   Box Z =   85.474
     Alpha =  109.471   Beta  =  109.471   Gamma =  109.471
     NFFT1 =   96       NFFT2 =   96       NFFT3 =   96
     Cutoff=   10.000   Tol   =0.100E-04
     Ewald Coefficient =  0.27511
     Interpolation order =    4

--------------------------------------------------------------------------------
   3.  ATOMIC COORDINATES AND VELOCITIES
--------------------------------------------------------------------------------

default_name                                                                    
 begin time read from input coords =    28.000 ps

 
 Number of triangulated 3-point waters found:    13979

     Sum of charges from parm topology file =   0.00000012
     Forcing neutrality...

| Dynamic Memory, Types Used:
| Reals             1221826
| Integers          1017664

| Nonbonded Pairs Initial Allocation:    13021851

| GPU memory information (estimate):
| KB of GPU memory in use:    263014
| KB of CPU memory in use:     79306

--------------------------------------------------------------------------------
   4.  RESULTS
--------------------------------------------------------------------------------

 ---------------------------------------------------
 APPROXIMATING switch and d/dx switch using CUBIC SPLINE INTERPOLATION
 using   5000.0 points per unit in tabled values
 TESTING RELATIVE ERROR over r ranging from 0.0 to cutoff
| CHECK switch(x): max rel err =   0.2738E-14   at   2.422500
| CHECK d/dx switch(x): max rel err =   0.8314E-11   at   2.736960
 ---------------------------------------------------
|---------------------------------------------------
| APPROXIMATING direct energy using CUBIC SPLINE INTERPOLATION
|  with   50.0 points per unit in tabled values
| Relative Error Limit not exceeded for r .gt.   2.33
| APPROXIMATING direct force using CUBIC SPLINE INTERPOLATION
|  with   50.0 points per unit in tabled values
| Relative Error Limit not exceeded for r .gt.   2.80
|---------------------------------------------------

 NSTEP =       50   TIME(PS) =      28.100  TEMP(K) =   243.80  PRESS =     0.0
 Etot   =   -131668.1781  EKtot   =     21035.0137  EPtot      =   -152703.1917
 BOND   =       231.1761  ANGLE   =       524.8755  DIHED      =       899.7965
 1-4 NB =       279.4612  1-4 EEL =     -3663.6691  VDWAALS    =     22344.0794
 EELEC  =   -173318.9113  EHBOND  =         0.0000  RESTRAINT  =         0.0000
 ------------------------------------------------------------------------------


 NSTEP =      100   TIME(PS) =      28.200  TEMP(K) =   246.70  PRESS =     0.0
 Etot   =   -131295.0320  EKtot   =     21284.8496  EPtot      =   -152579.8816
 BOND   =       247.1739  ANGLE   =       525.7467  DIHED      =       898.9177
 1-4 NB =       278.9892  1-4 EEL =     -3634.8710  VDWAALS    =     22563.8023
 EELEC  =   -173459.6404  EHBOND  =         0.0000  RESTRAINT  =         0.0000
 ------------------------------------------------------------------------------


 NSTEP =      150   TIME(PS) =      28.300  TEMP(K) =   245.76  PRESS =     0.0
 Etot   =   -130924.7116  EKtot   =     21204.2559  EPtot      =   -152128.9674
 BOND   =       200.8937  ANGLE   =       527.7336  DIHED      =       908.2691
 1-4 NB =       285.3804  1-4 EEL =     -3612.2769  VDWAALS    =     22144.4996
 EELEC  =   -172583.4669  EHBOND  =         0.0000  RESTRAINT  =         0.0000
 ------------------------------------------------------------------------------


 NSTEP =      200   TIME(PS) =      28.400  TEMP(K) =   247.77  PRESS =     0.0
 Etot   =   -130566.1362  EKtot   =     21377.3672  EPtot      =   -151943.5034
 BOND   =       208.5167  ANGLE   =       539.9120  DIHED      =       899.9733
 1-4 NB =       285.0239  1-4 EEL =     -3676.5974  VDWAALS    =     22154.2590
 EELEC  =   -172354.5909  EHBOND  =         0.0000  RESTRAINT  =         0.0000
 ------------------------------------------------------------------------------


 NSTEP =      250   TIME(PS) =      28.500  TEMP(K) =   250.10  PRESS =     0.0
 Etot   =   -130219.0041  EKtot   =     21578.4980  EPtot      =   -151797.5022
 BOND   =       218.3543  ANGLE   =       538.8655  DIHED      =       900.5463
 1-4 NB =       282.7811  1-4 EEL =     -3646.5385  VDWAALS    =     22326.0886
 EELEC  =   -172417.5996  EHBOND  =         0.0000  RESTRAINT  =         0.0000
 ------------------------------------------------------------------------------


 NSTEP =      300   TIME(PS) =      28.600  TEMP(K) =   251.52  PRESS =     0.0
 Etot   =   -129879.5912  EKtot   =     21700.7148  EPtot      =   -151580.3061
 BOND   =       212.4104  ANGLE   =       553.0248  DIHED      =       897.5434
 1-4 NB =       288.4849  1-4 EEL =     -3668.4243  VDWAALS    =     22186.0333
 EELEC  =   -172049.3786  EHBOND  =         0.0000  RESTRAINT  =         0.0000
 ------------------------------------------------------------------------------


 NSTEP =      350   TIME(PS) =      28.700  TEMP(K) =   253.58  PRESS =     0.0
 Etot   =   -129546.1967  EKtot   =     21878.6406  EPtot      =   -151424.8374
 BOND   =       232.4236  ANGLE   =       514.5495  DIHED      =       895.7440
 1-4 NB =       298.0724  1-4 EEL =     -3649.9048  VDWAALS    =     21882.2575
 EELEC  =   -171597.9796  EHBOND  =         0.0000  RESTRAINT  =         0.0000
 ------------------------------------------------------------------------------


 NSTEP =      400   TIME(PS) =      28.800  TEMP(K) =   252.02  PRESS =     0.0
 Etot   =   -129214.5646  EKtot   =     21744.3516  EPtot      =   -150958.9162
 BOND   =       210.4963  ANGLE   =       522.6615  DIHED      =       885.5828
 1-4 NB =       293.9868  1-4 EEL =     -3648.2329  VDWAALS    =     21955.5786
 EELEC  =   -171178.9893  EHBOND  =         0.0000  RESTRAINT  =         0.0000
 ------------------------------------------------------------------------------


 NSTEP =      450   TIME(PS) =      28.900  TEMP(K) =   254.58  PRESS =     0.0
 Etot   =   -128887.8019  EKtot   =     21964.6875  EPtot      =   -150852.4894
 BOND   =       216.8569  ANGLE   =       532.5479  DIHED      =       905.1362
 1-4 NB =       279.8734  1-4 EEL =     -3623.0109  VDWAALS    =     21611.2208
 EELEC  =   -170775.1136  EHBOND  =         0.0000  RESTRAINT  =         0.0000
 ------------------------------------------------------------------------------


 NSTEP =      500   TIME(PS) =      29.000  TEMP(K) =   257.06  PRESS =     0.0
 Etot   =   -128580.9233  EKtot   =     22179.0137  EPtot      =   -150759.9370
 BOND   =       219.2993  ANGLE   =       545.4211  DIHED      =       890.3419
 1-4 NB =       284.0751  1-4 EEL =     -3646.6934  VDWAALS    =     21942.6692
 EELEC  =   -170995.0503  EHBOND  =         0.0000  RESTRAINT  =         0.0000
 ------------------------------------------------------------------------------


 NSTEP =      550   TIME(PS) =      29.100  TEMP(K) =   257.20  PRESS =     0.0
 Etot   =   -128273.8699  EKtot   =     22191.0234  EPtot      =   -150464.8933
 BOND   =       203.4107  ANGLE   =       561.2669  DIHED      =       907.9175
 1-4 NB =       286.4147  1-4 EEL =     -3674.4819  VDWAALS    =     21669.4000
 EELEC  =   -170418.8214  EHBOND  =         0.0000  RESTRAINT  =         0.0000
 ------------------------------------------------------------------------------


 NSTEP =      600   TIME(PS) =      29.200  TEMP(K) =   257.38  PRESS =     0.0
 Etot   =   -127972.2784  EKtot   =     22206.8320  EPtot      =   -150179.1104
 BOND   =       231.9251  ANGLE   =       528.9117  DIHED      =       897.3114
 1-4 NB =       276.9746  1-4 EEL =     -3614.1513  VDWAALS    =     21534.8859
 EELEC  =   -170034.9678  EHBOND  =         0.0000  RESTRAINT  =         0.0000
 ------------------------------------------------------------------------------


 NSTEP =      650   TIME(PS) =      29.300  TEMP(K) =   258.20  PRESS =     0.0
 Etot   =   -127673.1548  EKtot   =     22277.3867  EPtot      =   -149950.5415
 BOND   =       225.6674  ANGLE   =       560.6683  DIHED      =       907.6608
 1-4 NB =       290.4298  1-4 EEL =     -3657.6615  VDWAALS    =     21384.3243
 EELEC  =   -169661.6306  EHBOND  =         0.0000  RESTRAINT  =         0.0000
 ------------------------------------------------------------------------------


 NSTEP =      700   TIME(PS) =      29.400  TEMP(K) =   259.51  PRESS =     0.0
 Etot   =   -127381.4150  EKtot   =     22390.2969  EPtot      =   -149771.7119
 BOND   =       232.8532  ANGLE   =       552.2549  DIHED      =       893.3640
 1-4 NB =       297.3386  1-4 EEL =     -3653.8959  VDWAALS    =     21440.8046
 EELEC  =   -169534.4312  EHBOND  =         0.0000  RESTRAINT  =         0.0000
 ------------------------------------------------------------------------------


 NSTEP =      750   TIME(PS) =      29.500  TEMP(K) =   260.50  PRESS =     0.0
 Etot   =   -127092.7602  EKtot   =     22475.3711  EPtot      =   -149568.1313
 BOND   =       229.9194  ANGLE   =       545.2582  DIHED      =       909.3042
 1-4 NB =       281.8008  1-4 EEL =     -3632.3088  VDWAALS    =     21474.3353
 EELEC  =   -169376.4404  EHBOND  =         0.0000  RESTRAINT  =         0.0000
 ------------------------------------------------------------------------------


 NSTEP =      800   TIME(PS) =      29.600  TEMP(K) =   262.36  PRESS =     0.0
 Etot   =   -126813.4183  EKtot   =     22635.9512  EPtot      =   -149449.3695
 BOND   =       255.0350  ANGLE   =       536.8101  DIHED      =       911.9105
 1-4 NB =       284.7054  1-4 EEL =     -3692.8443  VDWAALS    =     21483.4811
 EELEC  =   -169228.4672  EHBOND  =         0.0000  RESTRAINT  =         0.0000
 ------------------------------------------------------------------------------


 NSTEP =      850   TIME(PS) =      29.700  TEMP(K) =   263.22  PRESS =     0.0
 Etot   =   -126541.4565  EKtot   =     22710.3574  EPtot      =   -149251.8139
 BOND   =       243.1455  ANGLE   =       544.1307  DIHED      =       907.2675
 1-4 NB =       289.9546  1-4 EEL =     -3674.2034  VDWAALS    =     21243.4342
 EELEC  =   -168805.5429  EHBOND  =         0.0000  RESTRAINT  =         0.0000
 ------------------------------------------------------------------------------


 NSTEP =      900   TIME(PS) =      29.800  TEMP(K) =   262.53  PRESS =     0.0
 Etot   =   -126270.1241  EKtot   =     22650.3926  EPtot      =   -148920.5167
 BOND   =       250.7352  ANGLE   =       557.8391  DIHED      =       901.3111
 1-4 NB =       287.7523  1-4 EEL =     -3662.8610  VDWAALS    =     20954.0539
 EELEC  =   -168209.3473  EHBOND  =         0.0000  RESTRAINT  =         0.0000
 ------------------------------------------------------------------------------


 NSTEP =      950   TIME(PS) =      29.900  TEMP(K) =   262.71  PRESS =     0.0
 Etot   =   -125997.3551  EKtot   =     22666.6172  EPtot      =   -148663.9723
 BOND   =       245.8061  ANGLE   =       559.9153  DIHED      =       907.5380
 1-4 NB =       289.7660  1-4 EEL =     -3652.1584  VDWAALS    =     21230.0872
 EELEC  =   -168244.9265  EHBOND  =         0.0000  RESTRAINT  =         0.0000
 ------------------------------------------------------------------------------

check COM velocity, temp:        0.000002     0.00(Removed)

 NSTEP =     1000   TIME(PS) =      30.000  TEMP(K) =   266.29  PRESS =     0.0
 Etot   =   -125741.4822  EKtot   =     22975.6074  EPtot      =   -148717.0896
 BOND   =       248.2830  ANGLE   =       592.7510  DIHED      =       884.5625
 1-4 NB =       283.8567  1-4 EEL =     -3651.0352  VDWAALS    =     20811.5635
 EELEC  =   -167887.0711  EHBOND  =         0.0000  RESTRAINT  =         0.0000
 ------------------------------------------------------------------------------


 NSTEP =     1050   TIME(PS) =      30.100  TEMP(K) =   265.44  PRESS =     0.0
 Etot   =   -125489.6246  EKtot   =     22901.8496  EPtot      =   -148391.4742
 BOND   =       237.6822  ANGLE   =       544.5051  DIHED      =       900.7107
 1-4 NB =       276.9484  1-4 EEL =     -3626.4290  VDWAALS    =     20896.8068
 EELEC  =   -167621.6985  EHBOND  =         0.0000  RESTRAINT  =         0.0000
 ------------------------------------------------------------------------------


 NSTEP =     1100   TIME(PS) =      30.200  TEMP(K) =   265.21  PRESS =     0.0
 Etot   =   -125232.1042  EKtot   =     22882.2207  EPtot      =   -148114.3249
 BOND   =       250.2842  ANGLE   =       556.7301  DIHED      =       916.5760
 1-4 NB =       293.1641  1-4 EEL =     -3663.1550  VDWAALS    =     20881.3927
 EELEC  =   -167349.3169  EHBOND  =         0.0000  RESTRAINT  =         0.0000
 ------------------------------------------------------------------------------


 NSTEP =     1150   TIME(PS) =      30.300  TEMP(K) =   266.20  PRESS =     0.0
 Etot   =   -124984.4129  EKtot   =     22967.0430  EPtot      =   -147951.4559
 BOND   =       257.7433  ANGLE   =       556.5111  DIHED      =       903.2033
 1-4 NB =       293.5922  1-4 EEL =     -3666.2158  VDWAALS    =     20776.2867
 EELEC  =   -167072.5767  EHBOND  =         0.0000  RESTRAINT  =         0.0000
 ------------------------------------------------------------------------------


 NSTEP =     1200   TIME(PS) =      30.400  TEMP(K) =   268.41  PRESS =     0.0
 Etot   =   -124739.0255  EKtot   =     23157.9492  EPtot      =   -147896.9747
 BOND   =       261.0100  ANGLE   =       565.7485  DIHED      =       896.9178
 1-4 NB =       294.6684  1-4 EEL =     -3677.4996  VDWAALS    =     20625.4856
 EELEC  =   -166863.3054  EHBOND  =         0.0000  RESTRAINT  =         0.0000
 ------------------------------------------------------------------------------


 NSTEP =     1250   TIME(PS) =      30.500  TEMP(K) =   271.58  PRESS =     0.0
 Etot   =   -124510.2638  EKtot   =     23431.2695  EPtot      =   -147941.5334
 BOND   =       242.4895  ANGLE   =       551.9988  DIHED      =       885.0321
 1-4 NB =       298.7084  1-4 EEL =     -3647.4192  VDWAALS    =     20909.1069
 EELEC  =   -167181.4500  EHBOND  =         0.0000  RESTRAINT  =         0.0000
 ------------------------------------------------------------------------------


 NSTEP =     1300   TIME(PS) =      30.600  TEMP(K) =   270.41  PRESS =     0.0
 Etot   =   -124278.5433  EKtot   =     23330.8340  EPtot      =   -147609.3773
 BOND   =       238.3789  ANGLE   =       598.9880  DIHED      =       901.0105
 1-4 NB =       283.4866  1-4 EEL =     -3650.4237  VDWAALS    =     20811.0073
 EELEC  =   -166791.8249  EHBOND  =         0.0000  RESTRAINT  =         0.0000
 ------------------------------------------------------------------------------


 NSTEP =     1350   TIME(PS) =      30.700  TEMP(K) =   271.58  PRESS =     0.0
 Etot   =   -124056.7645  EKtot   =     23431.9727  EPtot      =   -147488.7372
 BOND   =       233.3209  ANGLE   =       566.3910  DIHED      =       907.8931
 1-4 NB =       291.4660  1-4 EEL =     -3636.0522  VDWAALS    =     20592.4011
 EELEC  =   -166444.1571  EHBOND  =         0.0000  RESTRAINT  =         0.0000
 ------------------------------------------------------------------------------


 NSTEP =     1400   TIME(PS) =      30.800  TEMP(K) =   272.09  PRESS =     0.0
 Etot   =   -123836.7868  EKtot   =     23475.5098  EPtot      =   -147312.2965
 BOND   =       235.1851  ANGLE   =       620.9130  DIHED      =       896.6339
 1-4 NB =       283.6791  1-4 EEL =     -3657.7764  VDWAALS    =     20644.0455
 EELEC  =   -166334.9767  EHBOND  =         0.0000  RESTRAINT  =         0.0000
 ------------------------------------------------------------------------------


 NSTEP =     1450   TIME(PS) =      30.900  TEMP(K) =   273.63  PRESS =     0.0
 Etot   =   -123624.2650  EKtot   =     23608.6367  EPtot      =   -147232.9017
 BOND   =       247.3674  ANGLE   =       565.1210  DIHED      =       914.1849
 1-4 NB =       290.9454  1-4 EEL =     -3645.8073  VDWAALS    =     20529.2046
 EELEC  =   -166133.9177  EHBOND  =         0.0000  RESTRAINT  =         0.0000
 ------------------------------------------------------------------------------


 NSTEP =     1500   TIME(PS) =      31.000  TEMP(K) =   272.70  PRESS =     0.0
 Etot   =   -123409.2586  EKtot   =     23528.6016  EPtot      =   -146937.8602
 BOND   =       263.9346  ANGLE   =       593.2739  DIHED      =       905.7006
 1-4 NB =       290.4894  1-4 EEL =     -3675.8679  VDWAALS    =     20183.2149
 EELEC  =   -165498.6057  EHBOND  =         0.0000  RESTRAINT  =         0.0000
 ------------------------------------------------------------------------------


 NSTEP =     1550   TIME(PS) =      31.100  TEMP(K) =   275.05  PRESS =     0.0
 Etot   =   -123202.0789  EKtot   =     23731.0176  EPtot      =   -146933.0965
 BOND   =       254.2196  ANGLE   =       579.9956  DIHED      =       896.7034
 1-4 NB =       286.5457  1-4 EEL =     -3641.2233  VDWAALS    =     20300.4651
 EELEC  =   -165609.8028  EHBOND  =         0.0000  RESTRAINT  =         0.0000
 ------------------------------------------------------------------------------


 NSTEP =     1600   TIME(PS) =      31.200  TEMP(K) =   275.72  PRESS =     0.0
 Etot   =   -122995.9164  EKtot   =     23789.1719  EPtot      =   -146785.0883
 BOND   =       253.9257  ANGLE   =       575.2702  DIHED      =       896.3349
 1-4 NB =       281.1782  1-4 EEL =     -3634.2711  VDWAALS    =     20360.2871
 EELEC  =   -165517.8132  EHBOND  =         0.0000  RESTRAINT  =         0.0000
 ------------------------------------------------------------------------------


 NSTEP =     1650   TIME(PS) =      31.300  TEMP(K) =   273.24  PRESS =     0.0
 Etot   =   -122795.2380  EKtot   =     23574.6484  EPtot      =   -146369.8865
 BOND   =       243.2279  ANGLE   =       550.6771  DIHED      =       921.9169
 1-4 NB =       283.7629  1-4 EEL =     -3625.2415  VDWAALS    =     20100.2999
 EELEC  =   -164844.5297  EHBOND  =         0.0000  RESTRAINT  =         0.0000
 ------------------------------------------------------------------------------


 NSTEP =     1700   TIME(PS) =      31.400  TEMP(K) =   273.96  PRESS =     0.0
 Etot   =   -122591.2061  EKtot   =     23637.2559  EPtot      =   -146228.4620
 BOND   =       252.5561  ANGLE   =       577.8905  DIHED      =       907.9218
 1-4 NB =       292.3449  1-4 EEL =     -3664.1955  VDWAALS    =     20055.8179
 EELEC  =   -164650.7976  EHBOND  =         0.0000  RESTRAINT  =         0.0000
 ------------------------------------------------------------------------------


 NSTEP =     1750   TIME(PS) =      31.500  TEMP(K) =   276.93  PRESS =     0.0
 Etot   =   -122401.3500  EKtot   =     23893.0078  EPtot      =   -146294.3578
 BOND   =       276.2685  ANGLE   =       580.5657  DIHED      =       905.0971
 1-4 NB =       277.6104  1-4 EEL =     -3698.9116  VDWAALS    =     20015.8561
 EELEC  =   -164650.8439  EHBOND  =         0.0000  RESTRAINT  =         0.0000
 ------------------------------------------------------------------------------


 NSTEP =     1800   TIME(PS) =      31.600  TEMP(K) =   279.42  PRESS =     0.0
 Etot   =   -122220.8779  EKtot   =     24108.4570  EPtot      =   -146329.3349
 BOND   =       267.7142  ANGLE   =       590.2543  DIHED      =       911.9924
 1-4 NB =       283.3976  1-4 EEL =     -3702.5931  VDWAALS    =     20406.0641
 EELEC  =   -165086.1643  EHBOND  =         0.0000  RESTRAINT  =         0.0000
 ------------------------------------------------------------------------------


 NSTEP =     1850   TIME(PS) =      31.700  TEMP(K) =   280.00  PRESS =     0.0
 Etot   =   -122043.4382  EKtot   =     24157.7617  EPtot      =   -146201.1999
 BOND   =       250.2452  ANGLE   =       580.8449  DIHED      =       927.1574
 1-4 NB =       283.6680  1-4 EEL =     -3687.3225  VDWAALS    =     19995.8235
 EELEC  =   -164551.6164  EHBOND  =         0.0000  RESTRAINT  =         0.0000
 ------------------------------------------------------------------------------


 NSTEP =     1900   TIME(PS) =      31.800  TEMP(K) =   277.54  PRESS =     0.0
 Etot   =   -121859.0796  EKtot   =     23945.9004  EPtot      =   -145804.9800
 BOND   =       233.9320  ANGLE   =       586.4030  DIHED      =       911.2894
 1-4 NB =       288.4662  1-4 EEL =     -3655.7496  VDWAALS    =     19946.4625
 EELEC  =   -164115.7834  EHBOND  =         0.0000  RESTRAINT  =         0.0000
 ------------------------------------------------------------------------------


 NSTEP =     1950   TIME(PS) =      31.900  TEMP(K) =   281.96  PRESS =     0.0
 Etot   =   -121691.6296  EKtot   =     24326.8496  EPtot      =   -146018.4792
 BOND   =       276.2241  ANGLE   =       591.5397  DIHED      =       917.0806
 1-4 NB =       279.1677  1-4 EEL =     -3667.7592  VDWAALS    =     20163.7813
 EELEC  =   -164578.5134  EHBOND  =         0.0000  RESTRAINT  =         0.0000
 ------------------------------------------------------------------------------

check COM velocity, temp:        0.000007     0.00(Removed)

 NSTEP =     2000   TIME(PS) =      32.000  TEMP(K) =   278.76  PRESS =     0.0
 Etot   =   -121520.0931  EKtot   =     24051.3711  EPtot      =   -145571.4642
 BOND   =       243.1440  ANGLE   =       559.0821  DIHED      =       919.1251
 1-4 NB =       291.9070  1-4 EEL =     -3645.1229  VDWAALS    =     19930.8338
 EELEC  =   -163870.4333  EHBOND  =         0.0000  RESTRAINT  =         0.0000
 ------------------------------------------------------------------------------


 NSTEP =     2050   TIME(PS) =      32.100  TEMP(K) =   280.95  PRESS =     0.0
 Etot   =   -121344.8166  EKtot   =     24240.4668  EPtot      =   -145585.2834
 BOND   =       258.8152  ANGLE   =       605.1237  DIHED      =       921.4505
 1-4 NB =       277.8421  1-4 EEL =     -3669.5601  VDWAALS    =     19565.2371
 EELEC  =   -163544.1919  EHBOND  =         0.0000  RESTRAINT  =         0.0000
 ------------------------------------------------------------------------------


 NSTEP =     2100   TIME(PS) =      32.200  TEMP(K) =   281.73  PRESS =     0.0
 Etot   =   -121182.6989  EKtot   =     24307.2441  EPtot      =   -145489.9430
 BOND   =       265.6250  ANGLE   =       567.7742  DIHED      =       918.7277
 1-4 NB =       294.0071  1-4 EEL =     -3629.8603  VDWAALS    =     19810.1498
 EELEC  =   -163716.3666  EHBOND  =         0.0000  RESTRAINT  =         0.0000
 ------------------------------------------------------------------------------


 NSTEP =     2150   TIME(PS) =      32.300  TEMP(K) =   282.19  PRESS =     0.0
 Etot   =   -121017.1562  EKtot   =     24347.2598  EPtot      =   -145364.4159
 BOND   =       270.9754  ANGLE   =       587.6575  DIHED      =       907.1541
 1-4 NB =       275.3984  1-4 EEL =     -3677.8683  VDWAALS    =     19727.9508
 EELEC  =   -163455.6838  EHBOND  =         0.0000  RESTRAINT  =         0.0000
 ------------------------------------------------------------------------------


 NSTEP =     2200   TIME(PS) =      32.400  TEMP(K) =   283.30  PRESS =     0.0
 Etot   =   -120863.1628  EKtot   =     24442.9355  EPtot      =   -145306.0984
 BOND   =       256.0342  ANGLE   =       577.2512  DIHED      =       909.8958
 1-4 NB =       285.6527  1-4 EEL =     -3651.0880  VDWAALS    =     19429.7655
 EELEC  =   -163113.6098  EHBOND  =         0.0000  RESTRAINT  =         0.0000
 ------------------------------------------------------------------------------


 NSTEP =     2250   TIME(PS) =      32.500  TEMP(K) =   284.24  PRESS =     0.0
 Etot   =   -120705.2073  EKtot   =     24523.8691  EPtot      =   -145229.0765
 BOND   =       265.2973  ANGLE   =       576.4309  DIHED      =       914.1516
 1-4 NB =       287.4581  1-4 EEL =     -3689.6022  VDWAALS    =     19365.7238
 EELEC  =   -162948.5360  EHBOND  =         0.0000  RESTRAINT  =         0.0000
 ------------------------------------------------------------------------------


 NSTEP =     2300   TIME(PS) =      32.600  TEMP(K) =   283.55  PRESS =     0.0
 Etot   =   -120555.1698  EKtot   =     24464.5508  EPtot      =   -145019.7206
 BOND   =       255.1148  ANGLE   =       591.5136  DIHED      =       909.2083
 1-4 NB =       294.5669  1-4 EEL =     -3667.6975  VDWAALS    =     19665.5845
 EELEC  =   -163068.0112  EHBOND  =         0.0000  RESTRAINT  =         0.0000
 ------------------------------------------------------------------------------


 NSTEP =     2350   TIME(PS) =      32.700  TEMP(K) =   283.70  PRESS =     0.0
 Etot   =   -120407.2641  EKtot   =     24477.3633  EPtot      =   -144884.6274
 BOND   =       298.0254  ANGLE   =       584.7738  DIHED      =       895.8403
 1-4 NB =       289.8176  1-4 EEL =     -3687.8322  VDWAALS    =     19731.3332
 EELEC  =   -162996.5855  EHBOND  =         0.0000  RESTRAINT  =         0.0000
 ------------------------------------------------------------------------------


 NSTEP =     2400   TIME(PS) =      32.800  TEMP(K) =   285.72  PRESS =     0.0
 Etot   =   -120264.2062  EKtot   =     24651.7070  EPtot      =   -144915.9133
 BOND   =       268.3342  ANGLE   =       586.7057  DIHED      =       913.3354
 1-4 NB =       285.3118  1-4 EEL =     -3654.2065  VDWAALS    =     19602.7898
 EELEC  =   -162918.1837  EHBOND  =         0.0000  RESTRAINT  =         0.0000
 ------------------------------------------------------------------------------


 NSTEP =     2450   TIME(PS) =      32.900  TEMP(K) =   285.56  PRESS =     0.0
 Etot   =   -120125.0299  EKtot   =     24637.8984  EPtot      =   -144762.9283
 BOND   =       273.4302  ANGLE   =       595.0181  DIHED      =       910.1675
 1-4 NB =       277.8125  1-4 EEL =     -3622.6123  VDWAALS    =     19613.5809
 EELEC  =   -162810.3251  EHBOND  =         0.0000  RESTRAINT  =         0.0000
 ------------------------------------------------------------------------------


 NSTEP =     2500   TIME(PS) =      33.000  TEMP(K) =   286.38  PRESS =     0.0
 Etot   =   -119987.3371  EKtot   =     24708.9023  EPtot      =   -144696.2394
 BOND   =       259.5960  ANGLE   =       577.2934  DIHED      =       900.7897
 1-4 NB =       287.5332  1-4 EEL =     -3642.1365  VDWAALS    =     19786.1087
 EELEC  =   -162865.4240  EHBOND  =         0.0000  RESTRAINT  =         0.0000
 ------------------------------------------------------------------------------


 NSTEP =     2550   TIME(PS) =      33.100  TEMP(K) =   286.54  PRESS =     0.0
 Etot   =   -119858.8116  EKtot   =     24722.6582  EPtot      =   -144581.4698
 BOND   =       267.1489  ANGLE   =       583.5438  DIHED      =       909.7974
 1-4 NB =       293.4292  1-4 EEL =     -3628.9132  VDWAALS    =     19577.8473
 EELEC  =   -162584.3231  EHBOND  =         0.0000  RESTRAINT  =         0.0000
 ------------------------------------------------------------------------------


 NSTEP =     2600   TIME(PS) =      33.200  TEMP(K) =   286.61  PRESS =     0.0
 Etot   =   -119723.1140  EKtot   =     24727.9785  EPtot      =   -144451.0925
 BOND   =       263.0527  ANGLE   =       583.7384  DIHED      =       918.2467
 1-4 NB =       293.4368  1-4 EEL =     -3638.3559  VDWAALS    =     19409.2127
 EELEC  =   -162280.4239  EHBOND  =         0.0000  RESTRAINT  =         0.0000
 ------------------------------------------------------------------------------


 NSTEP =     2650   TIME(PS) =      33.300  TEMP(K) =   287.94  PRESS =     0.0
 Etot   =   -119593.4101  EKtot   =     24843.5039  EPtot      =   -144436.9140
 BOND   =       273.9361  ANGLE   =       575.2742  DIHED      =       913.0815
 1-4 NB =       286.4695  1-4 EEL =     -3618.3442  VDWAALS    =     19455.8263
 EELEC  =   -162323.1573  EHBOND  =         0.0000  RESTRAINT  =         0.0000
 ------------------------------------------------------------------------------


 NSTEP =     2700   TIME(PS) =      33.400  TEMP(K) =   287.99  PRESS =     0.0
 Etot   =   -119474.8006  EKtot   =     24847.3379  EPtot      =   -144322.1385
 BOND   =       265.8236  ANGLE   =       606.2331  DIHED      =       905.5787
 1-4 NB =       289.5362  1-4 EEL =     -3625.1812  VDWAALS    =     19481.3858
 EELEC  =   -162245.5146  EHBOND  =         0.0000  RESTRAINT  =         0.0000
 ------------------------------------------------------------------------------


 NSTEP =     2750   TIME(PS) =      33.500  TEMP(K) =   290.11  PRESS =     0.0
 Etot   =   -119353.4334  EKtot   =     25030.0254  EPtot      =   -144383.4587
 BOND   =       283.2087  ANGLE   =       587.5360  DIHED      =       931.2708
 1-4 NB =       287.7069  1-4 EEL =     -3675.8407  VDWAALS    =     19443.2834
 EELEC  =   -162240.6239  EHBOND  =         0.0000  RESTRAINT  =         0.0000
 ------------------------------------------------------------------------------


 NSTEP =     2800   TIME(PS) =      33.600  TEMP(K) =   290.12  PRESS =     0.0
 Etot   =   -119237.1463  EKtot   =     25031.0312  EPtot      =   -144268.1776
 BOND   =       249.1035  ANGLE   =       591.9072  DIHED      =       908.9690
 1-4 NB =       294.0789  1-4 EEL =     -3636.1558  VDWAALS    =     19527.3771
 EELEC  =   -162203.4574  EHBOND  =         0.0000  RESTRAINT  =         0.0000
 ------------------------------------------------------------------------------


 NSTEP =     2850   TIME(PS) =      33.700  TEMP(K) =   289.90  PRESS =     0.0
 Etot   =   -119119.1720  EKtot   =     25012.3691  EPtot      =   -144131.5411
 BOND   =       275.2536  ANGLE   =       581.2921  DIHED      =       907.6555
 1-4 NB =       296.1543  1-4 EEL =     -3647.7982  VDWAALS    =     19245.0690
 EELEC  =   -161789.1675  EHBOND  =         0.0000  RESTRAINT  =         0.0000
 ------------------------------------------------------------------------------


 NSTEP =     2900   TIME(PS) =      33.800  TEMP(K) =   292.02  PRESS =     0.0
 Etot   =   -119008.3018  EKtot   =     25195.5801  EPtot      =   -144203.8819
 BOND   =       285.0756  ANGLE   =       590.2127  DIHED      =       913.7901
 1-4 NB =       285.5998  1-4 EEL =     -3634.3634  VDWAALS    =     19534.8251
 EELEC  =   -162179.0219  EHBOND  =         0.0000  RESTRAINT  =         0.0000
 ------------------------------------------------------------------------------


 NSTEP =     2950   TIME(PS) =      33.900  TEMP(K) =   291.58  PRESS =     0.0
 Etot   =   -118898.6113  EKtot   =     25157.4531  EPtot      =   -144056.0644
 BOND   =       276.7896  ANGLE   =       582.4066  DIHED      =       917.2811
 1-4 NB =       284.6585  1-4 EEL =     -3641.4635  VDWAALS    =     19192.7974
 EELEC  =   -161668.5341  EHBOND  =         0.0000  RESTRAINT  =         0.0000
 ------------------------------------------------------------------------------

check COM velocity, temp:        0.000001     0.00(Removed)

 NSTEP =     3000   TIME(PS) =      34.000  TEMP(K) =   291.18  PRESS =     0.0
 Etot   =   -118783.1311  EKtot   =     25122.9844  EPtot      =   -143906.1154
 BOND   =       266.5166  ANGLE   =       603.0653  DIHED      =       906.6364
 1-4 NB =       289.3333  1-4 EEL =     -3625.4458  VDWAALS    =     19221.7506
 EELEC  =   -161567.9718  EHBOND  =         0.0000  RESTRAINT  =         0.0000
 ------------------------------------------------------------------------------


 NSTEP =     3050   TIME(PS) =      34.100  TEMP(K) =   288.97  PRESS =     0.0
 Etot   =   -118670.2507  EKtot   =     24931.6484  EPtot      =   -143601.8992
 BOND   =       270.9857  ANGLE   =       604.3515  DIHED      =       914.8790
 1-4 NB =       295.2929  1-4 EEL =     -3617.4299  VDWAALS    =     19058.5945
 EELEC  =   -161128.5729  EHBOND  =         0.0000  RESTRAINT  =         0.0000
 ------------------------------------------------------------------------------


 NSTEP =     3100   TIME(PS) =      34.200  TEMP(K) =   291.70  PRESS =     0.0
 Etot   =   -118564.4771  EKtot   =     25167.9531  EPtot      =   -143732.4303
 BOND   =       250.1352  ANGLE   =       608.5359  DIHED      =       915.6405
 1-4 NB =       286.2097  1-4 EEL =     -3644.6961  VDWAALS    =     19152.1947
 EELEC  =   -161300.4502  EHBOND  =         0.0000  RESTRAINT  =         0.0000
 ------------------------------------------------------------------------------


 NSTEP =     3150   TIME(PS) =      34.300  TEMP(K) =   294.57  PRESS =     0.0
 Etot   =   -118458.8183  EKtot   =     25415.4082  EPtot      =   -143874.2265
 BOND   =       306.1339  ANGLE   =       587.5492  DIHED      =       895.7967
 1-4 NB =       287.3807  1-4 EEL =     -3655.6927  VDWAALS    =     19460.7186
 EELEC  =   -161756.1128  EHBOND  =         0.0000  RESTRAINT  =         0.0000
 ------------------------------------------------------------------------------


 NSTEP =     3200   TIME(PS) =      34.400  TEMP(K) =   294.54  PRESS =     0.0
 Etot   =   -118367.7479  EKtot   =     25412.7363  EPtot      =   -143780.4843
 BOND   =       267.4131  ANGLE   =       583.9794  DIHED      =       924.6456
 1-4 NB =       284.2206  1-4 EEL =     -3659.0019  VDWAALS    =     19394.7390
 EELEC  =   -161576.4800  EHBOND  =         0.0000  RESTRAINT  =         0.0000
 ------------------------------------------------------------------------------


 NSTEP =     3250   TIME(PS) =      34.500  TEMP(K) =   292.08  PRESS =     0.0
 Etot   =   -118265.8580  EKtot   =     25200.6035  EPtot      =   -143466.4615
 BOND   =       279.1191  ANGLE   =       632.2289  DIHED      =       912.3857
 1-4 NB =       294.9313  1-4 EEL =     -3632.7863  VDWAALS    =     19151.9723
 EELEC  =   -161104.3125  EHBOND  =         0.0000  RESTRAINT  =         0.0000
 ------------------------------------------------------------------------------


 NSTEP =     3300   TIME(PS) =      34.600  TEMP(K) =   293.53  PRESS =     0.0
 Etot   =   -118168.0273  EKtot   =     25325.5957  EPtot      =   -143493.6230
 BOND   =       290.1180  ANGLE   =       596.3865  DIHED      =       918.8409
 1-4 NB =       283.6348  1-4 EEL =     -3628.8768  VDWAALS    =     19072.0642
 EELEC  =   -161025.7907  EHBOND  =         0.0000  RESTRAINT  =         0.0000
 ------------------------------------------------------------------------------


 NSTEP =     3350   TIME(PS) =      34.700  TEMP(K) =   292.82  PRESS =     0.0
 Etot   =   -118071.7029  EKtot   =     25264.2500  EPtot      =   -143335.9529
 BOND   =       267.5682  ANGLE   =       614.3228  DIHED      =       904.1483
 1-4 NB =       296.8035  1-4 EEL =     -3618.5807  VDWAALS    =     19264.1034
 EELEC  =   -161064.3183  EHBOND  =         0.0000  RESTRAINT  =         0.0000
 ------------------------------------------------------------------------------


 NSTEP =     3400   TIME(PS) =      34.800  TEMP(K) =   294.65  PRESS =     0.0
 Etot   =   -117978.1770  EKtot   =     25422.4590  EPtot      =   -143400.6359
 BOND   =       280.6776  ANGLE   =       634.8861  DIHED      =       917.6816
 1-4 NB =       298.5123  1-4 EEL =     -3638.5192  VDWAALS    =     19293.5265
 EELEC  =   -161187.4009  EHBOND  =         0.0000  RESTRAINT  =         0.0000
 ------------------------------------------------------------------------------


 NSTEP =     3450   TIME(PS) =      34.900  TEMP(K) =   295.89  PRESS =     0.0
 Etot   =   -117893.7781  EKtot   =     25528.9551  EPtot      =   -143422.7331
 BOND   =       280.5003  ANGLE   =       596.9083  DIHED      =       911.5452
 1-4 NB =       291.2133  1-4 EEL =     -3647.4122  VDWAALS    =     19237.7104
 EELEC  =   -161093.1984  EHBOND  =         0.0000  RESTRAINT  =         0.0000
 ------------------------------------------------------------------------------


 NSTEP =     3500   TIME(PS) =      35.000  TEMP(K) =   293.95  PRESS =     0.0
 Etot   =   -117806.8854  EKtot   =     25361.4922  EPtot      =   -143168.3776
 BOND   =       291.9708  ANGLE   =       625.3471  DIHED      =       906.8376
 1-4 NB =       305.0909  1-4 EEL =     -3649.0917  VDWAALS    =     19142.1906
 EELEC  =   -160790.7228  EHBOND  =         0.0000  RESTRAINT  =         0.0000
 ------------------------------------------------------------------------------


 NSTEP =     3550   TIME(PS) =      35.100  TEMP(K) =   296.40  PRESS =     0.0
 Etot   =   -117719.0303  EKtot   =     25573.0371  EPtot      =   -143292.0674
 BOND   =       274.4724  ANGLE   =       627.8300  DIHED      =       918.6998
 1-4 NB =       280.3826  1-4 EEL =     -3647.4900  VDWAALS    =     18614.4358
 EELEC  =   -160360.3980  EHBOND  =         0.0000  RESTRAINT  =         0.0000
 ------------------------------------------------------------------------------


 NSTEP =     3600   TIME(PS) =      35.200  TEMP(K) =   296.64  PRESS =     0.0
 Etot   =   -117633.8068  EKtot   =     25593.4023  EPtot      =   -143227.2091
 BOND   =       285.7215  ANGLE   =       632.2143  DIHED      =       920.5716
 1-4 NB =       291.4197  1-4 EEL =     -3653.4055  VDWAALS    =     19233.4614
 EELEC  =   -160937.1920  EHBOND  =         0.0000  RESTRAINT  =         0.0000
 ------------------------------------------------------------------------------


 NSTEP =     3650   TIME(PS) =      35.300  TEMP(K) =   293.60  PRESS =     0.0
 Etot   =   -117546.1125  EKtot   =     25331.9082  EPtot      =   -142878.0207
 BOND   =       294.8229  ANGLE   =       634.1388  DIHED      =       921.9272
 1-4 NB =       297.8599  1-4 EEL =     -3616.0546  VDWAALS    =     18881.2551
 EELEC  =   -160291.9699  EHBOND  =         0.0000  RESTRAINT  =         0.0000
 ------------------------------------------------------------------------------


 NSTEP =     3700   TIME(PS) =      35.400  TEMP(K) =   294.07  PRESS =     0.0
 Etot   =   -117461.0548  EKtot   =     25371.9824  EPtot      =   -142833.0372
 BOND   =       294.3968  ANGLE   =       635.5045  DIHED      =       922.9835
 1-4 NB =       290.2168  1-4 EEL =     -3703.2564  VDWAALS    =     19137.2397
 EELEC  =   -160410.1221  EHBOND  =         0.0000  RESTRAINT  =         0.0000
 ------------------------------------------------------------------------------


 NSTEP =     3750   TIME(PS) =      35.500  TEMP(K) =   295.76  PRESS =     0.0
 Etot   =   -117372.8521  EKtot   =     25517.7695  EPtot      =   -142890.6216
 BOND   =       310.0878  ANGLE   =       605.2062  DIHED      =       919.0575
 1-4 NB =       300.6917  1-4 EEL =     -3681.9769  VDWAALS    =     19056.8676
 EELEC  =   -160400.5555  EHBOND  =         0.0000  RESTRAINT  =         0.0000
 ------------------------------------------------------------------------------


 NSTEP =     3800   TIME(PS) =      35.600  TEMP(K) =   297.68  PRESS =     0.0
 Etot   =   -117296.2454  EKtot   =     25683.2168  EPtot      =   -142979.4622
 BOND   =       291.1941  ANGLE   =       619.2819  DIHED      =       907.4092
 1-4 NB =       288.5494  1-4 EEL =     -3655.9280  VDWAALS    =     18858.3723
 EELEC  =   -160288.3410  EHBOND  =         0.0000  RESTRAINT  =         0.0000
 ------------------------------------------------------------------------------


 NSTEP =     3850   TIME(PS) =      35.700  TEMP(K) =   297.98  PRESS =     0.0
 Etot   =   -117220.9912  EKtot   =     25709.5137  EPtot      =   -142930.5049
 BOND   =       276.1713  ANGLE   =       603.2933  DIHED      =       923.8834
 1-4 NB =       302.4409  1-4 EEL =     -3646.3024  VDWAALS    =     19179.3112
 EELEC  =   -160569.3026  EHBOND  =         0.0000  RESTRAINT  =         0.0000
 ------------------------------------------------------------------------------


 NSTEP =     3900   TIME(PS) =      35.800  TEMP(K) =   298.22  PRESS =     0.0
 Etot   =   -117151.2546  EKtot   =     25730.5176  EPtot      =   -142881.7722
 BOND   =       262.1461  ANGLE   =       623.0138  DIHED      =       921.3048
 1-4 NB =       297.5955  1-4 EEL =     -3627.9015  VDWAALS    =     18996.8319
 EELEC  =   -160354.7629  EHBOND  =         0.0000  RESTRAINT  =         0.0000
 ------------------------------------------------------------------------------


 NSTEP =     3950   TIME(PS) =      35.900  TEMP(K) =   298.56  PRESS =     0.0
 Etot   =   -117078.1452  EKtot   =     25759.7578  EPtot      =   -142837.9030
 BOND   =       257.8705  ANGLE   =       621.2285  DIHED      =       929.8183
 1-4 NB =       286.2408  1-4 EEL =     -3626.8996  VDWAALS    =     18646.9244
 EELEC  =   -159953.0859  EHBOND  =         0.0000  RESTRAINT  =         0.0000
 ------------------------------------------------------------------------------

check COM velocity, temp:        0.000003     0.00(Removed)

 NSTEP =     4000   TIME(PS) =      36.000  TEMP(K) =   299.50  PRESS =     0.0
 Etot   =   -117009.3125  EKtot   =     25840.4707  EPtot      =   -142849.7832
 BOND   =       290.7266  ANGLE   =       614.2464  DIHED      =       897.5617
 1-4 NB =       279.8956  1-4 EEL =     -3638.3583  VDWAALS    =     19004.6659
 EELEC  =   -160298.5209  EHBOND  =         0.0000  RESTRAINT  =         0.0000
 ------------------------------------------------------------------------------


 NSTEP =     4050   TIME(PS) =      36.100  TEMP(K) =   297.71  PRESS =     0.0
 Etot   =   -116941.0146  EKtot   =     25686.3926  EPtot      =   -142627.4072
 BOND   =       288.7396  ANGLE   =       646.8947  DIHED      =       901.6786
 1-4 NB =       293.5364  1-4 EEL =     -3696.5879  VDWAALS    =     18960.7491
 EELEC  =   -160022.4176  EHBOND  =         0.0000  RESTRAINT  =         0.0000
 ------------------------------------------------------------------------------


 NSTEP =     4100   TIME(PS) =      36.200  TEMP(K) =   296.72  PRESS =     0.0
 Etot   =   -116873.2556  EKtot   =     25600.4629  EPtot      =   -142473.7185
 BOND   =       298.3184  ANGLE   =       620.3244  DIHED      =       903.0575
 1-4 NB =       281.4965  1-4 EEL =     -3635.1469  VDWAALS    =     19180.9844
 EELEC  =   -160122.7528  EHBOND  =         0.0000  RESTRAINT  =         0.0000
 ------------------------------------------------------------------------------


 NSTEP =     4150   TIME(PS) =      36.300  TEMP(K) =   297.45  PRESS =     0.0
 Etot   =   -116797.8715  EKtot   =     25663.7832  EPtot      =   -142461.6547
 BOND   =       288.0922  ANGLE   =       636.7350  DIHED      =       913.0452
 1-4 NB =       293.1720  1-4 EEL =     -3632.3014  VDWAALS    =     19010.9969
 EELEC  =   -159971.3946  EHBOND  =         0.0000  RESTRAINT  =         0.0000
 ------------------------------------------------------------------------------


 NSTEP =     4200   TIME(PS) =      36.400  TEMP(K) =   299.26  PRESS =     0.0
 Etot   =   -116734.5001  EKtot   =     25819.4805  EPtot      =   -142553.9805
 BOND   =       291.3382  ANGLE   =       646.5793  DIHED      =       930.5855
 1-4 NB =       288.0409  1-4 EEL =     -3649.0220  VDWAALS    =     19203.1529
 EELEC  =   -160264.6552  EHBOND  =         0.0000  RESTRAINT  =         0.0000
 ------------------------------------------------------------------------------


 NSTEP =     4250   TIME(PS) =      36.500  TEMP(K) =   298.47  PRESS =     0.0
 Etot   =   -116674.3830  EKtot   =     25751.7012  EPtot      =   -142426.0842
 BOND   =       307.2527  ANGLE   =       617.7507  DIHED      =       913.1080
 1-4 NB =       297.6535  1-4 EEL =     -3665.5361  VDWAALS    =     18966.6536
 EELEC  =   -159862.9666  EHBOND  =         0.0000  RESTRAINT  =         0.0000
 ------------------------------------------------------------------------------


 NSTEP =     4300   TIME(PS) =      36.600  TEMP(K) =   295.75  PRESS =     0.0
 Etot   =   -116603.4281  EKtot   =     25516.8574  EPtot      =   -142120.2855
 BOND   =       314.0599  ANGLE   =       630.3408  DIHED      =       911.7731
 1-4 NB =       300.0310  1-4 EEL =     -3667.5631  VDWAALS    =     18812.7359
 EELEC  =   -159421.6631  EHBOND  =         0.0000  RESTRAINT  =         0.0000
 ------------------------------------------------------------------------------


 NSTEP =     4350   TIME(PS) =      36.700  TEMP(K) =   299.18  PRESS =     0.0
 Etot   =   -116540.9716  EKtot   =     25813.0312  EPtot      =   -142354.0029
 BOND   =       302.6618  ANGLE   =       631.3114  DIHED      =       912.1038
 1-4 NB =       296.8950  1-4 EEL =     -3655.8667  VDWAALS    =     19119.3621
 EELEC  =   -159960.4703  EHBOND  =         0.0000  RESTRAINT  =         0.0000
 ------------------------------------------------------------------------------


 NSTEP =     4400   TIME(PS) =      36.800  TEMP(K) =   299.13  PRESS =     0.0
 Etot   =   -116481.2238  EKtot   =     25808.7168  EPtot      =   -142289.9406
 BOND   =       287.3323  ANGLE   =       616.4103  DIHED      =       902.6635
 1-4 NB =       292.7687  1-4 EEL =     -3622.2022  VDWAALS    =     19015.1734
 EELEC  =   -159782.0866  EHBOND  =         0.0000  RESTRAINT  =         0.0000
 ------------------------------------------------------------------------------


 NSTEP =     4450   TIME(PS) =      36.900  TEMP(K) =   298.31  PRESS =     0.0
 Etot   =   -116420.2333  EKtot   =     25738.0742  EPtot      =   -142158.3075
 BOND   =       294.5505  ANGLE   =       636.0028  DIHED      =       910.3711
 1-4 NB =       284.9305  1-4 EEL =     -3608.7960  VDWAALS    =     18904.9305
 EELEC  =   -159580.2969  EHBOND  =         0.0000  RESTRAINT  =         0.0000
 ------------------------------------------------------------------------------


 NSTEP =     4500   TIME(PS) =      37.000  TEMP(K) =   300.00  PRESS =     0.0
 Etot   =   -116361.9603  EKtot   =     25883.7188  EPtot      =   -142245.6790
 BOND   =       282.0250  ANGLE   =       636.6884  DIHED      =       905.7725
 1-4 NB =       296.8799  1-4 EEL =     -3627.7225  VDWAALS    =     18860.9325
 EELEC  =   -159600.2548  EHBOND  =         0.0000  RESTRAINT  =         0.0000
 ------------------------------------------------------------------------------


 NSTEP =     4550   TIME(PS) =      37.100  TEMP(K) =   300.47  PRESS =     0.0
 Etot   =   -116305.7720  EKtot   =     25924.4141  EPtot      =   -142230.1861
 BOND   =       294.0487  ANGLE   =       640.5639  DIHED      =       926.1158
 1-4 NB =       295.4286  1-4 EEL =     -3673.3264  VDWAALS    =     18569.6157
 EELEC  =   -159282.6324  EHBOND  =         0.0000  RESTRAINT  =         0.0000
 ------------------------------------------------------------------------------


 NSTEP =     4600   TIME(PS) =      37.200  TEMP(K) =   301.51  PRESS =     0.0
 Etot   =   -116257.1271  EKtot   =     26013.9512  EPtot      =   -142271.0783
 BOND   =       285.7681  ANGLE   =       615.8278  DIHED      =       903.5481
 1-4 NB =       293.6686  1-4 EEL =     -3633.2062  VDWAALS    =     18938.7777
 EELEC  =   -159675.4623  EHBOND  =         0.0000  RESTRAINT  =         0.0000
 ------------------------------------------------------------------------------


 NSTEP =     4650   TIME(PS) =      37.300  TEMP(K) =   299.52  PRESS =     0.0
 Etot   =   -116203.2793  EKtot   =     25842.2480  EPtot      =   -142045.5273
 BOND   =       291.5584  ANGLE   =       647.7064  DIHED      =       915.1535
 1-4 NB =       290.2064  1-4 EEL =     -3649.6466  VDWAALS    =     18782.0544
 EELEC  =   -159322.5599  EHBOND  =         0.0000  RESTRAINT  =         0.0000
 ------------------------------------------------------------------------------


 NSTEP =     4700   TIME(PS) =      37.400  TEMP(K) =   301.00  PRESS =     0.0
 Etot   =   -116148.8838  EKtot   =     25970.0000  EPtot      =   -142118.8838
 BOND   =       304.6510  ANGLE   =       629.1314  DIHED      =       900.0020
 1-4 NB =       288.0450  1-4 EEL =     -3644.0877  VDWAALS    =     18477.8750
 EELEC  =   -159074.5005  EHBOND  =         0.0000  RESTRAINT  =         0.0000
 ------------------------------------------------------------------------------


 NSTEP =     4750   TIME(PS) =      37.500  TEMP(K) =   302.30  PRESS =     0.0
 Etot   =   -116102.1061  EKtot   =     26082.4590  EPtot      =   -142184.5651
 BOND   =       305.4399  ANGLE   =       604.4739  DIHED      =       906.3452
 1-4 NB =       292.2096  1-4 EEL =     -3630.9539  VDWAALS    =     19017.0621
 EELEC  =   -159679.1420  EHBOND  =         0.0000  RESTRAINT  =         0.0000
 ------------------------------------------------------------------------------


 NSTEP =     4800   TIME(PS) =      37.600  TEMP(K) =   301.11  PRESS =     0.0
 Etot   =   -116051.6740  EKtot   =     25979.8340  EPtot      =   -142031.5080
 BOND   =       302.5195  ANGLE   =       639.8130  DIHED      =       911.4599
 1-4 NB =       291.1378  1-4 EEL =     -3658.3934  VDWAALS    =     18956.6893
 EELEC  =   -159474.7342  EHBOND  =         0.0000  RESTRAINT  =         0.0000
 ------------------------------------------------------------------------------


 NSTEP =     4850   TIME(PS) =      37.700  TEMP(K) =   298.74  PRESS =     0.0
 Etot   =   -115996.7259  EKtot   =     25775.2051  EPtot      =   -141771.9310
 BOND   =       285.1893  ANGLE   =       639.3037  DIHED      =       913.5828
 1-4 NB =       285.6659  1-4 EEL =     -3654.5342  VDWAALS    =     18558.9699
 EELEC  =   -158800.1085  EHBOND  =         0.0000  RESTRAINT  =         0.0000
 ------------------------------------------------------------------------------


 NSTEP =     4900   TIME(PS) =      37.800  TEMP(K) =   301.80  PRESS =     0.0
 Etot   =   -115941.3475  EKtot   =     26039.0449  EPtot      =   -141980.3925
 BOND   =       291.3993  ANGLE   =       636.2218  DIHED      =       919.7852
 1-4 NB =       306.1559  1-4 EEL =     -3627.7323  VDWAALS    =     18752.9245
 EELEC  =   -159259.1468  EHBOND  =         0.0000  RESTRAINT  =         0.0000
 ------------------------------------------------------------------------------


 NSTEP =     4950   TIME(PS) =      37.900  TEMP(K) =   300.86  PRESS =     0.0
 Etot   =   -115886.9455  EKtot   =     25957.7715  EPtot      =   -141844.7170
 BOND   =       282.4996  ANGLE   =       632.9293  DIHED      =       913.5568
 1-4 NB =       303.0039  1-4 EEL =     -3630.0989  VDWAALS    =     18623.8873
 EELEC  =   -158970.4950  EHBOND  =         0.0000  RESTRAINT  =         0.0000
 ------------------------------------------------------------------------------

check COM velocity, temp:        0.000002     0.00(Removed)

 NSTEP =     5000   TIME(PS) =      38.000  TEMP(K) =   302.38  PRESS =     0.0
 Etot   =   -115842.2412  EKtot   =     26088.8379  EPtot      =   -141931.0791
 BOND   =       295.0485  ANGLE   =       616.0269  DIHED      =       925.3566
 1-4 NB =       279.3704  1-4 EEL =     -3655.5570  VDWAALS    =     18584.2196
 EELEC  =   -158975.5440  EHBOND  =         0.0000  RESTRAINT  =         0.0000
 ------------------------------------------------------------------------------


 NSTEP =     5050   TIME(PS) =      38.100  TEMP(K) =   303.31  PRESS =     0.0
 Etot   =   -115791.1175  EKtot   =     26169.4062  EPtot      =   -141960.5237
 BOND   =       306.9574  ANGLE   =       606.7022  DIHED      =       929.1833
 1-4 NB =       294.0444  1-4 EEL =     -3631.3219  VDWAALS    =     18783.7568
 EELEC  =   -159249.8459  EHBOND  =         0.0000  RESTRAINT  =         0.0000
 ------------------------------------------------------------------------------


 NSTEP =     5100   TIME(PS) =      38.200  TEMP(K) =   301.65  PRESS =     0.0
 Etot   =   -115749.7342  EKtot   =     26025.9473  EPtot      =   -141775.6815
 BOND   =       287.7941  ANGLE   =       634.2972  DIHED      =       926.2560
 1-4 NB =       289.7998  1-4 EEL =     -3636.4103  VDWAALS    =     18548.2612
 EELEC  =   -158825.6794  EHBOND  =         0.0000  RESTRAINT  =         0.0000
 ------------------------------------------------------------------------------


 NSTEP =     5150   TIME(PS) =      38.300  TEMP(K) =   302.48  PRESS =     0.0
 Etot   =   -115705.6777  EKtot   =     26097.2480  EPtot      =   -141802.9257
 BOND   =       300.9496  ANGLE   =       630.4884  DIHED      =       919.3895
 1-4 NB =       294.0026  1-4 EEL =     -3648.3693  VDWAALS    =     18652.1636
 EELEC  =   -158951.5502  EHBOND  =         0.0000  RESTRAINT  =         0.0000
 ------------------------------------------------------------------------------


 NSTEP =     5200   TIME(PS) =      38.400  TEMP(K) =   302.36  PRESS =     0.0
 Etot   =   -115666.1762  EKtot   =     26087.0039  EPtot      =   -141753.1801
 BOND   =       288.1904  ANGLE   =       657.3703  DIHED      =       913.1911
 1-4 NB =       289.9737  1-4 EEL =     -3643.0070  VDWAALS    =     18348.6540
 EELEC  =   -158607.5526  EHBOND  =         0.0000  RESTRAINT  =         0.0000
 ------------------------------------------------------------------------------


 NSTEP =     5250   TIME(PS) =      38.500  TEMP(K) =   300.57  PRESS =     0.0
 Etot   =   -115621.6653  EKtot   =     25933.0156  EPtot      =   -141554.6810
 BOND   =       307.5934  ANGLE   =       597.7790  DIHED      =       928.0412
 1-4 NB =       297.7738  1-4 EEL =     -3664.1523  VDWAALS    =     18457.3401
 EELEC  =   -158479.0561  EHBOND  =         0.0000  RESTRAINT  =         0.0000
 ------------------------------------------------------------------------------


 NSTEP =     5300   TIME(PS) =      38.600  TEMP(K) =   302.22  PRESS =     0.0
 Etot   =   -115575.6532  EKtot   =     26075.2305  EPtot      =   -141650.8837
 BOND   =       312.8594  ANGLE   =       640.5545  DIHED      =       917.6973
 1-4 NB =       279.7096  1-4 EEL =     -3632.0222  VDWAALS    =     18591.9133
 EELEC  =   -158761.5956  EHBOND  =         0.0000  RESTRAINT  =         0.0000
 ------------------------------------------------------------------------------


 NSTEP =     5350   TIME(PS) =      38.700  TEMP(K) =   302.05  PRESS =     0.0
 Etot   =   -115535.9256  EKtot   =     26060.3262  EPtot      =   -141596.2517
 BOND   =       302.3106  ANGLE   =       608.1030  DIHED      =       914.6164
 1-4 NB =       299.7066  1-4 EEL =     -3634.2697  VDWAALS    =     18564.5811
 EELEC  =   -158651.2998  EHBOND  =         0.0000  RESTRAINT  =         0.0000
 ------------------------------------------------------------------------------


 NSTEP =     5400   TIME(PS) =      38.800  TEMP(K) =   302.41  PRESS =     0.0
 Etot   =   -115498.6346  EKtot   =     26091.4824  EPtot      =   -141590.1170
 BOND   =       315.8379  ANGLE   =       597.2571  DIHED      =       913.7531
 1-4 NB =       289.2234  1-4 EEL =     -3620.4423  VDWAALS    =     18520.9832
 EELEC  =   -158606.7295  EHBOND  =         0.0000  RESTRAINT  =         0.0000
 ------------------------------------------------------------------------------


 NSTEP =     5450   TIME(PS) =      38.900  TEMP(K) =   303.93  PRESS =     0.0
 Etot   =   -115458.4941  EKtot   =     26222.8555  EPtot      =   -141681.3496
 BOND   =       276.9933  ANGLE   =       647.4839  DIHED      =       925.2976
 1-4 NB =       293.0463  1-4 EEL =     -3637.8932  VDWAALS    =     18391.3162
 EELEC  =   -158577.5938  EHBOND  =         0.0000  RESTRAINT  =         0.0000
 ------------------------------------------------------------------------------


 NSTEP =     5500   TIME(PS) =      39.000  TEMP(K) =   305.21  PRESS =     0.0
 Etot   =   -115426.3653  EKtot   =     26333.5762  EPtot      =   -141759.9414
 BOND   =       290.5257  ANGLE   =       609.8232  DIHED      =       905.4209
 1-4 NB =       301.8143  1-4 EEL =     -3614.3375  VDWAALS    =     18443.7950
 EELEC  =   -158696.9830  EHBOND  =         0.0000  RESTRAINT  =         0.0000
 ------------------------------------------------------------------------------


 NSTEP =     5550   TIME(PS) =      39.100  TEMP(K) =   305.07  PRESS =     0.0
 Etot   =   -115396.7143  EKtot   =     26320.7305  EPtot      =   -141717.4448
 BOND   =       281.7708  ANGLE   =       603.0337  DIHED      =       910.4167
 1-4 NB =       295.1759  1-4 EEL =     -3610.8028  VDWAALS    =     18368.2523
 EELEC  =   -158565.2913  EHBOND  =         0.0000  RESTRAINT  =         0.0000
 ------------------------------------------------------------------------------


 NSTEP =     5600   TIME(PS) =      39.200  TEMP(K) =   303.67  PRESS =     0.0
 Etot   =   -115358.6202  EKtot   =     26200.1406  EPtot      =   -141558.7608
 BOND   =       269.7948  ANGLE   =       620.7871  DIHED      =       904.4067
 1-4 NB =       295.5237  1-4 EEL =     -3628.3913  VDWAALS    =     18467.8153
 EELEC  =   -158488.6971  EHBOND  =         0.0000  RESTRAINT  =         0.0000
 ------------------------------------------------------------------------------


 NSTEP =     5650   TIME(PS) =      39.300  TEMP(K) =   304.64  PRESS =     0.0
 Etot   =   -115322.6188  EKtot   =     26284.1641  EPtot      =   -141606.7828
 BOND   =       272.0241  ANGLE   =       613.8756  DIHED      =       915.1339
 1-4 NB =       292.6138  1-4 EEL =     -3635.6546  VDWAALS    =     18521.3286
 EELEC  =   -158586.1041  EHBOND  =         0.0000  RESTRAINT  =         0.0000
 ------------------------------------------------------------------------------


 NSTEP =     5700   TIME(PS) =      39.400  TEMP(K) =   305.38  PRESS =     0.0
 Etot   =   -115290.1519  EKtot   =     26347.7656  EPtot      =   -141637.9175
 BOND   =       295.3431  ANGLE   =       632.1967  DIHED      =       913.4951
 1-4 NB =       279.9442  1-4 EEL =     -3648.5507  VDWAALS    =     18461.3800
 EELEC  =   -158571.7260  EHBOND  =         0.0000  RESTRAINT  =         0.0000
 ------------------------------------------------------------------------------


 NSTEP =     5750   TIME(PS) =      39.500  TEMP(K) =   306.21  PRESS =     0.0
 Etot   =   -115265.3113  EKtot   =     26419.1797  EPtot      =   -141684.4910
 BOND   =       295.0206  ANGLE   =       615.8254  DIHED      =       943.6265
 1-4 NB =       291.2715  1-4 EEL =     -3641.6912  VDWAALS    =     18641.7199
 EELEC  =   -158830.2636  EHBOND  =         0.0000  RESTRAINT  =         0.0000
 ------------------------------------------------------------------------------


 NSTEP =     5800   TIME(PS) =      39.600  TEMP(K) =   305.35  PRESS =     0.0
 Etot   =   -115239.8246  EKtot   =     26345.6035  EPtot      =   -141585.4281
 BOND   =       303.3593  ANGLE   =       639.3200  DIHED      =       923.2970
 1-4 NB =       293.6695  1-4 EEL =     -3672.7843  VDWAALS    =     18661.5074
 EELEC  =   -158733.7972  EHBOND  =         0.0000  RESTRAINT  =         0.0000
 ------------------------------------------------------------------------------


 NSTEP =     5850   TIME(PS) =      39.700  TEMP(K) =   307.61  PRESS =     0.0
 Etot   =   -115216.8287  EKtot   =     26540.5898  EPtot      =   -141757.4185
 BOND   =       290.7370  ANGLE   =       629.6480  DIHED      =       912.1277
 1-4 NB =       299.2458  1-4 EEL =     -3667.4398  VDWAALS    =     18606.3726
 EELEC  =   -158828.1096  EHBOND  =         0.0000  RESTRAINT  =         0.0000
 ------------------------------------------------------------------------------


 NSTEP =     5900   TIME(PS) =      39.800  TEMP(K) =   306.42  PRESS =     0.0
 Etot   =   -115192.3629  EKtot   =     26437.9609  EPtot      =   -141630.3239
 BOND   =       305.4502  ANGLE   =       618.5493  DIHED      =       909.5882
 1-4 NB =       281.3580  1-4 EEL =     -3677.0316  VDWAALS    =     18686.7254
 EELEC  =   -158754.9633  EHBOND  =         0.0000  RESTRAINT  =         0.0000
 ------------------------------------------------------------------------------


 NSTEP =     5950   TIME(PS) =      39.900  TEMP(K) =   306.13  PRESS =     0.0
 Etot   =   -115161.6831  EKtot   =     26412.9688  EPtot      =   -141574.6519
 BOND   =       297.2900  ANGLE   =       605.7854  DIHED      =       906.9482
 1-4 NB =       287.7480  1-4 EEL =     -3645.8003  VDWAALS    =     18405.5936
 EELEC  =   -158432.2167  EHBOND  =         0.0000  RESTRAINT  =         0.0000
 ------------------------------------------------------------------------------

check COM velocity, temp:        0.000007     0.00(Removed)

 NSTEP =     6000   TIME(PS) =      40.000  TEMP(K) =   304.33  PRESS =     0.0
 Etot   =   -115126.3007  EKtot   =     26256.9922  EPtot      =   -141383.2928
 BOND   =       270.5194  ANGLE   =       620.9013  DIHED      =       927.4046
 1-4 NB =       286.4518  1-4 EEL =     -3599.9814  VDWAALS    =     18514.1146
 EELEC  =   -158402.7031  EHBOND  =         0.0000  RESTRAINT  =         0.0000
 ------------------------------------------------------------------------------


      A V E R A G E S   O V E R     120 S T E P S


 NSTEP =     6000   TIME(PS) =      40.000  TEMP(K) =   285.73  PRESS =     0.0
 Etot   =   -120241.8560  EKtot   =     24652.6044  EPtot      =   -144894.4604
 BOND   =       269.5536  ANGLE   =       595.3656  DIHED      =       910.7457
 1-4 NB =       289.5591  1-4 EEL =     -3648.0623  VDWAALS    =     19688.5133
 EELEC  =   -163000.1355  EHBOND  =         0.0000  RESTRAINT  =         0.0000
 ------------------------------------------------------------------------------


      R M S  F L U C T U A T I O N S


 NSTEP =     6000   TIME(PS) =      40.000  TEMP(K) =    17.12  PRESS =     0.0
 Etot   =      4627.1443  EKtot   =      1476.7782  EPtot      =      3156.4328
 BOND   =        27.1918  ANGLE   =        34.1141  DIHED      =        10.3940
 1-4 NB =         6.7187  1-4 EEL =        21.6615  VDWAALS    =      1117.8047
 EELEC  =      4199.9185  EHBOND  =         0.0000  RESTRAINT  =         0.0000
 ------------------------------------------------------------------------------

--------------------------------------------------------------------------------
   5.  TIMINGS
--------------------------------------------------------------------------------

|  NonSetup CPU Time in Major Routines:
|
|     Routine           Sec        %
|     ------------------------------
|     Nonbond           3.86   13.26
|     Bond              0.00    0.00
|     Angle             0.00    0.00
|     Dihedral          0.00    0.00
|     Shake             0.03    0.12
|     RunMD            25.17   86.57
|     Other             0.01    0.05
|     ------------------------------
|     Total            29.08

|  PME Nonbond Pairlist CPU Time:
|
|     Routine              Sec        %
|     ---------------------------------
|     Set Up Cit           0.00    0.00
|     Build List           0.00    0.00
|     ---------------------------------
|     Total                0.00    0.00

|  PME Direct Force CPU Time:
|
|     Routine              Sec        %
|     ---------------------------------
|     NonBonded Calc       0.00    0.00
|     Exclude Masked       0.00    0.00
|     Other                0.01    0.03
|     ---------------------------------
|     Total                0.01    0.03

|  PME Reciprocal Force CPU Time:
|
|     Routine              Sec        %
|     ---------------------------------
|     1D bspline           0.00    0.00
|     Grid Charges         0.00    0.00
|     Scalar Sum           0.00    0.00
|     Gradient Sum         0.00    0.00
|     FFT                  0.00    0.00
|     ---------------------------------
|     Total                0.00    0.00

|  Final Performance Info:
|     -----------------------------------------------------
|     Average timings for last    5950 steps:
|     Elapsed(s) =      28.90 Per Step(ms) =       4.86
|         ns/day =      35.57   seconds/ns =    2428.83
|
|     Average timings for all steps:
|     Elapsed(s) =      29.18 Per Step(ms) =       4.86
|         ns/day =      35.53   seconds/ns =    2431.85
|     -----------------------------------------------------

|  Setup CPU time:            1.27 seconds
|  NonSetup CPU time:        29.08 seconds
|  Total CPU time:           30.35 seconds     0.01 hours

|  Setup wall time:           2    seconds
|  NonSetup wall time:       29    seconds
|  Total wall time:          31    seconds     0.01 hours
