#Res        AtomicFlx
   1.000       3.5488
   2.000       2.7903
   3.000       2.2197
   4.000       1.8303
   5.000       1.9030
   6.000       2.1668
   7.000       2.3183
   8.000       2.4325
   9.000       2.2804
  10.000       2.2111
  11.000       2.0901
  12.000       1.9031
  13.000       1.9968
  14.000       1.8469
  15.000       1.9339
  16.000       2.3711
  17.000       3.2181
  18.000       3.7772
  19.000       3.2353
  20.000       2.5617
  21.000       2.0864
  22.000       2.0893
  23.000       2.1552
  24.000       2.3368
  25.000       2.4035
  26.000       2.2432
  27.000       2.0519
  28.000       1.7985
  29.000       1.8126
  30.000       1.6185
  31.000       1.7250
  32.000       2.0108
  33.000       2.4971
  34.000       3.1731
  35.000      26.2339
  36.000      26.6689
  37.000      27.7526
  38.000      24.7931
  39.000      18.6795
  40.000      25.1051
  41.000      21.2068
  42.000      18.8181
  43.000      26.1621
  44.000      18.7284
  45.000      18.3494
  46.000      24.1476
  47.000      29.5924
  48.000      19.8727
  49.000      25.4467
  50.000      31.9331
  51.000      25.0557
  52.000      23.8677
  53.000      26.2127
  54.000      21.2142
  55.000      22.1693
  56.000      21.4156
  57.000      29.4559
  58.000      25.3983
  59.000      24.9524
  60.000      24.0966
  61.000      29.1811
  62.000      28.8283
  63.000      27.4299
  64.000      29.4904
  65.000      24.7565
  66.000      22.6829
