
          -------------------------------------------------------
          Amber 16 PMEMD                              2016
          -------------------------------------------------------

| PMEMD implementation of SANDER, Release 16

| Run on 01/17/2024 at 22:59:21

|   Executable path: pmemd.cuda
| Working directory: /home/students/keyq/fuben/input/4/nLG4right
|          Hostname: master

  [-O]verwriting output

File Assignments:
|   MDIN: min2.in                                                               
|  MDOUT: cmp_min2.out                                                          
| INPCRD: cmp_min1.rst                                                          
|   PARM: cmp.prmtop                                                            
| RESTRT: cmp_min2.rst                                                          
|   REFC: cmp.inpcrd                                                            
|  MDVEL: mdvel                                                                 
|   MDEN: mden                                                                  
|  MDCRD: mdcrd                                                                 
| MDINFO: mdinfo                                                                
|  MDFRC: mdfrc                                                                 


 Here is the input file:

Initial minimisation of our structures                                         
 &cntrl                                                                        
  imin=1, maxcyc=10000, ncyc=5000,                                             
  cut=10, ntb=1,ntr=1,                                                         
  restraint_wt=2.0                                                             
  restraintmask=':1-554@CA,N,C'                                                
                                                                               
/                                                                              


Note: ig = -1. Setting random seed to   895861 based on wallclock time in 
      microseconds.
 
|--------------------- INFORMATION ----------------------
| GPU (CUDA) Version of PMEMD in use: NVIDIA GPU IN USE.
|                    Version 16.0.0
| 
|                      02/25/2016
| 
| Implementation by:
|                    Ross C. Walker     (SDSC)
|                    Scott Le Grand     (nVIDIA)
| 
| Precision model in use:
|      [SPFP] - Single Precision Forces, 64-bit Fixed Point
|               Accumulation. (Default)
| 
|--------------------------------------------------------
 
|----------------- CITATION INFORMATION -----------------
|
|    When publishing work that utilized the CUDA version
|    of AMBER, please cite the following in addition to
|    the regular AMBER citations:
|
|  - Romelia Salomon-Ferrer; Andreas W. Goetz; Duncan
|    Poole; Scott Le Grand; Ross C. Walker "Routine
|    microsecond molecular dynamics simulations with
|    AMBER - Part II: Particle Mesh Ewald", J. Chem.
|    Theory Comput., 2013, 9 (9), pp3878-3888,
|    DOI: 10.1021/ct400314y.
|
|  - Andreas W. Goetz; Mark J. Williamson; Dong Xu;
|    Duncan Poole; Scott Le Grand; Ross C. Walker
|    "Routine microsecond molecular dynamics simulations
|    with AMBER - Part I: Generalized Born", J. Chem.
|    Theory Comput., 2012, 8 (5), pp1542-1555.
|
|  - Scott Le Grand; Andreas W. Goetz; Ross C. Walker
|    "SPFP: Speed without compromise - a mixed precision
|    model for GPU accelerated molecular dynamics
|    simulations.", Comp. Phys. Comm., 2013, 184
|    pp374-380, DOI: 10.1016/j.cpc.2012.09.022
|
|--------------------------------------------------------
 
|------------------- GPU DEVICE INFO --------------------
|
|            CUDA_VISIBLE_DEVICES: 0
|   CUDA Capable Devices Detected:      1
|           CUDA Device ID in use:      0
|                CUDA Device Name: Tesla V100-PCIE-32GB
|     CUDA Device Global Mem Size:  32510 MB
| CUDA Device Num Multiprocessors:     80
|           CUDA Device Core Freq:   1.38 GHz
|
|--------------------------------------------------------
 
 
| Conditional Compilation Defines Used:
| PUBFFT
| BINTRAJ
| CUDA
| EMIL

| Largest sphere to fit in unit cell has radius =    33.338

| New format PARM file being parsed.
| Version =    1.000 Date = 01/29/21 Time = 11:07:54

| Note: 1-4 EEL scale factors are being read from the topology file.

| Note: 1-4 VDW scale factors are being read from the topology file.
| Duplicated    0 dihedrals

| Duplicated    0 dihedrals

--------------------------------------------------------------------------------
   1.  RESOURCE   USE: 
--------------------------------------------------------------------------------

 getting box info from netcdf restart file
 NATOM  =   37057 NTYPES =      18 NBONH =   36318 MBONA  =     790
 NTHETH =     882 MTHETA =    1223 NPHIH =    1873 MPHIA  =    2451
 NHPARM =       0 NPARM  =       0 NNB   =   54006 NRES   =   12045
 NBONA  =     790 NTHETA =    1223 NPHIA =    2451 NUMBND =      73
 NUMANG =     152 NPTRA  =      87 NATYP =      37 NPHB   =       1
 IFBOX  =       2 NMXRS  =      34 IFCAP =       0 NEXTRA =       0
 NCOPY  =       0

| Coordinate Index Table dimensions:    13   13   13
| Direct force subcell size =     6.2816    6.2816    6.2816

     BOX TYPE: TRUNCATED OCTAHEDRON

--------------------------------------------------------------------------------
   2.  CONTROL  DATA  FOR  THE  RUN
--------------------------------------------------------------------------------

default_name                                                                    

General flags:
     imin    =       1, nmropt  =       0

Nature and format of input:
     ntx     =       1, irest   =       0, ntrx    =       1

Nature and format of output:
     ntxo    =       2, ntpr    =      50, ntrx    =       1, ntwr    =       1
     iwrap   =       0, ntwx    =       0, ntwv    =       0, ntwe    =       0
     ioutfm  =       1, ntwprt  =       0, idecomp =       0, rbornstat=      0

Potential function:
     ntf     =       1, ntb     =       1, igb     =       0, nsnb    =      25
     ipol    =       0, gbsa    =       0, iesp    =       0
     dielc   =   1.00000, cut     =  10.00000, intdiel =   1.00000

Frozen or restrained atoms:
     ibelly  =       0, ntr     =       1
     restraint_wt =   2.00000

Energy minimization:
     maxcyc  =   10000, ncyc    =    5000, ntmin   =       1
     dx0     =   0.01000, drms    =   0.00010

| Intermolecular bonds treatment:
|     no_intermolecular_bonds =       1

| Energy averages sample interval:
|     ene_avg_sampling =       1

Ewald parameters:
     verbose =       0, ew_type =       0, nbflag  =       1, use_pme =       1
     vdwmeth =       1, eedmeth =       1, netfrc  =       0
     Box X =   81.661   Box Y =   81.661   Box Z =   81.661
     Alpha =  109.471   Beta  =  109.471   Gamma =  109.471
     NFFT1 =   84       NFFT2 =   84       NFFT3 =   84
     Cutoff=   10.000   Tol   =0.100E-04
     Ewald Coefficient =  0.27511
     Interpolation order =    4

    LOADING THE CONSTRAINED ATOMS AS GROUPS


   5.  REFERENCE ATOM COORDINATES

  default_name                                                                    
     Mask :1-554@CA,N,C; matches     0 atoms

--------------------------------------------------------------------------------
   3.  ATOMIC COORDINATES AND VELOCITIES
--------------------------------------------------------------------------------

default_name                                                                    
 begin time read from input coords =     0.000 ps

 
 Number of triangulated 3-point waters found:    11979

     Sum of charges from parm topology file =   0.00000010
     Forcing neutrality...

| Dynamic Memory, Types Used:
| Reals             1108607
| Integers           926439

| Nonbonded Pairs Initial Allocation:    11208816

| GPU memory information (estimate):
| KB of GPU memory in use:    211107
| KB of CPU memory in use:     65954

--------------------------------------------------------------------------------
   4.  RESULTS
--------------------------------------------------------------------------------

 ---------------------------------------------------
 APPROXIMATING switch and d/dx switch using CUBIC SPLINE INTERPOLATION
 using   5000.0 points per unit in tabled values
 TESTING RELATIVE ERROR over r ranging from 0.0 to cutoff
| CHECK switch(x): max rel err =   0.2738E-14   at   2.422500
| CHECK d/dx switch(x): max rel err =   0.8314E-11   at   2.736960
 ---------------------------------------------------
|---------------------------------------------------
| APPROXIMATING direct energy using CUBIC SPLINE INTERPOLATION
|  with   50.0 points per unit in tabled values
| Relative Error Limit not exceeded for r .gt.   2.33
| APPROXIMATING direct force using CUBIC SPLINE INTERPOLATION
|  with   50.0 points per unit in tabled values
| Relative Error Limit not exceeded for r .gt.   2.80
|---------------------------------------------------


   NSTEP       ENERGY          RMS            GMAX         NAME    NUMBER
      1      -1.6098E+05     2.4202E-01     1.2108E+01     Na+      1113

 BOND    =    11820.2237  ANGLE   =      230.0195  DIHED      =      843.0797
 VDWAALS =    29674.1308  EEL     =  -199319.8385  HBOND      =        0.0000
 1-4 VDW =      251.5549  1-4 EEL =    -4482.4471  RESTRAINT  =        0.0000


   NSTEP       ENERGY          RMS            GMAX         NAME    NUMBER
     50      -1.6109E+05     3.6819E-01     1.5467E+01     P         829

 BOND    =    11843.6165  ANGLE   =      227.4840  DIHED      =      839.3728
 VDWAALS =    29741.2919  EEL     =  -199510.7139  HBOND      =        0.0000
 1-4 VDW =      251.5420  1-4 EEL =    -4481.8334  RESTRAINT  =        0.0000


   NSTEP       ENERGY          RMS            GMAX         NAME    NUMBER
    100      -1.6115E+05     1.1634E-01     5.5006E+00     P         408

 BOND    =    11848.7636  ANGLE   =      226.8016  DIHED      =      837.2778
 VDWAALS =    29783.8478  EEL     =  -199620.9690  HBOND      =        0.0000
 1-4 VDW =      251.6538  1-4 EEL =    -4480.3864  RESTRAINT  =        0.0000


   NSTEP       ENERGY          RMS            GMAX         NAME    NUMBER
    150      -1.6120E+05     3.0290E-01     4.7138E+01     P         408

 BOND    =    11858.5756  ANGLE   =      226.7708  DIHED      =      835.4448
 VDWAALS =    29823.3276  EEL     =  -199720.6063  HBOND      =        0.0000
 1-4 VDW =      251.7162  1-4 EEL =    -4479.3972  RESTRAINT  =        0.0000


   NSTEP       ENERGY          RMS            GMAX         NAME    NUMBER
    200      -1.6125E+05     9.6774E-02     2.8705E+00     HO2'      888

 BOND    =    11864.4856  ANGLE   =      225.7546  DIHED      =      833.8304
 VDWAALS =    29855.4269  EEL     =  -199800.3124  HBOND      =        0.0000
 1-4 VDW =      251.6748  1-4 EEL =    -4478.8493  RESTRAINT  =        0.0000


   NSTEP       ENERGY          RMS            GMAX         NAME    NUMBER
    250      -1.6128E+05     2.7225E-01     1.4635E+01     C6         48

 BOND    =    11872.5436  ANGLE   =      225.4188  DIHED      =      832.4238
 VDWAALS =    29884.4689  EEL     =  -199872.2857  HBOND      =        0.0000
 1-4 VDW =      251.5979  1-4 EEL =    -4478.5609  RESTRAINT  =        0.0000


   NSTEP       ENERGY          RMS            GMAX         NAME    NUMBER
    300      -1.6132E+05     3.6059E-01     2.1582E+01     N9        327

 BOND    =    11879.2614  ANGLE   =      225.3189  DIHED      =      831.2263
 VDWAALS =    29909.3440  EEL     =  -199934.5766  HBOND      =        0.0000
 1-4 VDW =      251.5850  1-4 EEL =    -4478.2396  RESTRAINT  =        0.0000


   NSTEP       ENERGY          RMS            GMAX         NAME    NUMBER
    350      -1.6135E+05     1.4099E-01     7.1379E+00     N9        327

 BOND    =    11880.6729  ANGLE   =      225.4768  DIHED      =      830.1765
 VDWAALS =    29932.2836  EEL     =  -199991.3893  HBOND      =        0.0000
 1-4 VDW =      251.7695  1-4 EEL =    -4477.4710  RESTRAINT  =        0.0000


   NSTEP       ENERGY          RMS            GMAX         NAME    NUMBER
    400      -1.6138E+05     3.0644E-01     2.1586E+01     N9        327

 BOND    =    11885.2791  ANGLE   =      226.0373  DIHED      =      829.2339
 VDWAALS =    29953.6090  EEL     =  -200044.5929  HBOND      =        0.0000
 1-4 VDW =      251.8863  1-4 EEL =    -4476.8822  RESTRAINT  =        0.0000


   NSTEP       ENERGY          RMS            GMAX         NAME    NUMBER
    450      -1.6140E+05     1.3522E-01     7.0032E+00     N9        327

 BOND    =    11890.3798  ANGLE   =      225.0446  DIHED      =      828.3880
 VDWAALS =    29974.2485  EEL     =  -200096.7332  HBOND      =        0.0000
 1-4 VDW =      251.7594  1-4 EEL =    -4476.8112  RESTRAINT  =        0.0000


   NSTEP       ENERGY          RMS            GMAX         NAME    NUMBER
    500      -1.6143E+05     2.6379E-01     1.7324E+01     N9        327

 BOND    =    11895.2676  ANGLE   =      225.3553  DIHED      =      827.7205
 VDWAALS =    29993.0640  EEL     =  -200143.4624  HBOND      =        0.0000
 1-4 VDW =      251.6755  1-4 EEL =    -4476.5306  RESTRAINT  =        0.0000


   NSTEP       ENERGY          RMS            GMAX         NAME    NUMBER
    550      -1.6145E+05     9.5308E-02     3.6856E+00     N9        327

 BOND    =    11896.6298  ANGLE   =      225.3553  DIHED      =      827.1680
 VDWAALS =    30010.8327  EEL     =  -200187.9992  HBOND      =        0.0000
 1-4 VDW =      251.9087  1-4 EEL =    -4475.6987  RESTRAINT  =        0.0000


   NSTEP       ENERGY          RMS            GMAX         NAME    NUMBER
    600      -1.6147E+05     2.5910E-01     1.2366E+01     N9        327

 BOND    =    11900.3238  ANGLE   =      225.6292  DIHED      =      826.7149
 VDWAALS =    30027.4118  EEL     =  -200231.1553  HBOND      =        0.0000
 1-4 VDW =      252.0847  1-4 EEL =    -4474.9920  RESTRAINT  =        0.0000


   NSTEP       ENERGY          RMS            GMAX         NAME    NUMBER
    650      -1.6150E+05     7.7526E-02     2.7256E+00     Na+      1099

 BOND    =    11903.8513  ANGLE   =      225.3396  DIHED      =      826.3652
 VDWAALS =    30042.5238  EEL     =  -200272.3034  HBOND      =        0.0000
 1-4 VDW =      251.9982  1-4 EEL =    -4474.8980  RESTRAINT  =        0.0000


   NSTEP       ENERGY          RMS            GMAX         NAME    NUMBER
    700      -1.6152E+05     2.0047E-01     1.0598E+01     C2        851

 BOND    =    11908.3852  ANGLE   =      225.3561  DIHED      =      826.0671
 VDWAALS =    30057.4112  EEL     =  -200312.9472  HBOND      =        0.0000
 1-4 VDW =      252.0248  1-4 EEL =    -4474.6965  RESTRAINT  =        0.0000


   NSTEP       ENERGY          RMS            GMAX         NAME    NUMBER
    750      -1.6154E+05     8.5742E-02     3.1832E+00     C2        851

 BOND    =    11909.6529  ANGLE   =      225.7414  DIHED      =      825.7996
 VDWAALS =    30071.4409  EEL     =  -200350.2602  HBOND      =        0.0000
 1-4 VDW =      252.1617  1-4 EEL =    -4473.9972  RESTRAINT  =        0.0000


   NSTEP       ENERGY          RMS            GMAX         NAME    NUMBER
    800      -1.6156E+05     1.6237E-01     8.3168E+00     C2        851

 BOND    =    11912.3772  ANGLE   =      226.0792  DIHED      =      825.5174
 VDWAALS =    30085.0621  EEL     =  -200386.9627  HBOND      =        0.0000
 1-4 VDW =      252.2533  1-4 EEL =    -4473.5507  RESTRAINT  =        0.0000


   NSTEP       ENERGY          RMS            GMAX         NAME    NUMBER
    850      -1.6158E+05     2.3982E-01     1.2042E+01     C2        851

 BOND    =    11915.2076  ANGLE   =      226.5260  DIHED      =      825.1822
 VDWAALS =    30098.2398  EEL     =  -200423.1108  HBOND      =        0.0000
 1-4 VDW =      252.3000  1-4 EEL =    -4473.1588  RESTRAINT  =        0.0000


   NSTEP       ENERGY          RMS            GMAX         NAME    NUMBER
    900      -1.6160E+05     7.4837E-02     4.0375E+00     HO2'      729

 BOND    =    11918.4617  ANGLE   =      225.7650  DIHED      =      824.8218
 VDWAALS =    30110.2964  EEL     =  -200457.8002  HBOND      =        0.0000
 1-4 VDW =      252.2932  1-4 EEL =    -4473.0677  RESTRAINT  =        0.0000


   NSTEP       ENERGY          RMS            GMAX         NAME    NUMBER
    950      -1.6162E+05     2.3435E-01     1.1570E+01     C6        581

 BOND    =    11923.1276  ANGLE   =      224.9930  DIHED      =      824.5445
 VDWAALS =    30123.0533  EEL     =  -200495.0709  HBOND      =        0.0000
 1-4 VDW =      252.4048  1-4 EEL =    -4472.6719  RESTRAINT  =        0.0000


   NSTEP       ENERGY          RMS            GMAX         NAME    NUMBER
   1000      -1.6164E+05     7.1740E-02     3.4867E+00     HO2'      729

 BOND    =    11923.4801  ANGLE   =      225.5093  DIHED      =      824.4520
 VDWAALS =    30134.7284  EEL     =  -200527.6126  HBOND      =        0.0000
 1-4 VDW =      252.3235  1-4 EEL =    -4471.9549  RESTRAINT  =        0.0000


   NSTEP       ENERGY          RMS            GMAX         NAME    NUMBER
   1050      -1.6166E+05     1.8274E-01     9.9400E+00     C2        851

 BOND    =    11925.6702  ANGLE   =      225.9688  DIHED      =      824.4550
 VDWAALS =    30146.8111  EEL     =  -200560.8854  HBOND      =        0.0000
 1-4 VDW =      252.2685  1-4 EEL =    -4471.3812  RESTRAINT  =        0.0000


   NSTEP       ENERGY          RMS            GMAX         NAME    NUMBER
   1100      -1.6167E+05     2.5944E-01     1.3418E+01     C2        851

 BOND    =    11928.7467  ANGLE   =      225.6087  DIHED      =      824.4757
 VDWAALS =    30158.2857  EEL     =  -200592.0159  HBOND      =        0.0000
 1-4 VDW =      252.3712  1-4 EEL =    -4470.9159  RESTRAINT  =        0.0000


   NSTEP       ENERGY          RMS            GMAX         NAME    NUMBER
   1150      -1.6169E+05     1.0192E-01     4.7690E+00     C2        851

 BOND    =    11931.7231  ANGLE   =      225.2637  DIHED      =      824.4892
 VDWAALS =    30169.6431  EEL     =  -200622.9693  HBOND      =        0.0000
 1-4 VDW =      252.1990  1-4 EEL =    -4471.2272  RESTRAINT  =        0.0000


   NSTEP       ENERGY          RMS            GMAX         NAME    NUMBER
   1200      -1.6171E+05     2.1137E-01     1.1866E+01     C2        851

 BOND    =    11935.4549  ANGLE   =      225.1001  DIHED      =      824.4866
 VDWAALS =    30180.8701  EEL     =  -200652.9213  HBOND      =        0.0000
 1-4 VDW =      252.1734  1-4 EEL =    -4471.2142  RESTRAINT  =        0.0000


   NSTEP       ENERGY          RMS            GMAX         NAME    NUMBER
   1250      -1.6172E+05     8.6494E-02     3.6664E+00     C2        851

 BOND    =    11935.9304  ANGLE   =      225.6609  DIHED      =      824.4676
 VDWAALS =    30192.2169  EEL     =  -200681.9066  HBOND      =        0.0000
 1-4 VDW =      252.1435  1-4 EEL =    -4470.7079  RESTRAINT  =        0.0000


   NSTEP       ENERGY          RMS            GMAX         NAME    NUMBER
   1300      -1.6174E+05     1.7830E-01     9.3375E+00     C2        851

 BOND    =    11938.5114  ANGLE   =      225.6475  DIHED      =      824.4512
 VDWAALS =    30202.9180  EEL     =  -200709.7518  HBOND      =        0.0000
 1-4 VDW =      252.1957  1-4 EEL =    -4470.3658  RESTRAINT  =        0.0000


   NSTEP       ENERGY          RMS            GMAX         NAME    NUMBER
   1350      -1.6175E+05     6.1224E-02     1.9261E+00     H1      33915

 BOND    =    11941.2927  ANGLE   =      225.4834  DIHED      =      824.4430
 VDWAALS =    30213.1068  EEL     =  -200736.9909  HBOND      =        0.0000
 1-4 VDW =      252.1069  1-4 EEL =    -4470.5436  RESTRAINT  =        0.0000


   NSTEP       ENERGY          RMS            GMAX         NAME    NUMBER
   1400      -1.6177E+05     1.7343E-01     8.5779E+00     C2        400

 BOND    =    11944.4547  ANGLE   =      225.8073  DIHED      =      824.4367
 VDWAALS =    30223.3932  EEL     =  -200764.6979  HBOND      =        0.0000
 1-4 VDW =      251.9927  1-4 EEL =    -4470.6619  RESTRAINT  =        0.0000


   NSTEP       ENERGY          RMS            GMAX         NAME    NUMBER
   1450      -1.6178E+05     7.0679E-02     2.8020E+00     C2        851

 BOND    =    11945.7075  ANGLE   =      225.7894  DIHED      =      824.4271
 VDWAALS =    30233.1090  EEL     =  -200790.2083  HBOND      =        0.0000
 1-4 VDW =      252.0250  1-4 EEL =    -4470.1728  RESTRAINT  =        0.0000


   NSTEP       ENERGY          RMS            GMAX         NAME    NUMBER
   1500      -1.6179E+05     7.5602E-02     3.3634E+00     C2        400

 BOND    =    11947.9812  ANGLE   =      225.8394  DIHED      =      824.4275
 VDWAALS =    30243.1741  EEL     =  -200816.1533  HBOND      =        0.0000
 1-4 VDW =      251.9942  1-4 EEL =    -4470.0172  RESTRAINT  =        0.0000


   NSTEP       ENERGY          RMS            GMAX         NAME    NUMBER
   1550      -1.6181E+05     1.9717E-01     1.0808E+01     C2        851

 BOND    =    11950.0498  ANGLE   =      226.3827  DIHED      =      824.4309
 VDWAALS =    30253.5743  EEL     =  -200841.8239  HBOND      =        0.0000
 1-4 VDW =      251.9223  1-4 EEL =    -4469.7029  RESTRAINT  =        0.0000


   NSTEP       ENERGY          RMS            GMAX         NAME    NUMBER
   1600      -1.6182E+05     8.5454E-02     4.2232E+00     C2        400

 BOND    =    11953.0634  ANGLE   =      225.7375  DIHED      =      824.4515
 VDWAALS =    30262.9982  EEL     =  -200866.1467  HBOND      =        0.0000
 1-4 VDW =      251.9382  1-4 EEL =    -4469.9632  RESTRAINT  =        0.0000


   NSTEP       ENERGY          RMS            GMAX         NAME    NUMBER
   1650      -1.6183E+05     1.7771E-01     1.1567E+01     C6        581

 BOND    =    11955.5658  ANGLE   =      226.0299  DIHED      =      824.4703
 VDWAALS =    30272.2191  EEL     =  -200889.9737  HBOND      =        0.0000
 1-4 VDW =      251.8688  1-4 EEL =    -4469.9470  RESTRAINT  =        0.0000


   NSTEP       ENERGY          RMS            GMAX         NAME    NUMBER
   1700      -1.6184E+05     5.8310E-02     1.8139E+00     C2        851

 BOND    =    11956.7491  ANGLE   =      225.9543  DIHED      =      824.4848
 VDWAALS =    30280.5853  EEL     =  -200911.7859  HBOND      =        0.0000
 1-4 VDW =      251.8860  1-4 EEL =    -4469.5406  RESTRAINT  =        0.0000


   NSTEP       ENERGY          RMS            GMAX         NAME    NUMBER
   1750      -1.6185E+05     1.5274E-01     8.5633E+00     C2        400

 BOND    =    11958.7516  ANGLE   =      226.1228  DIHED      =      824.5053
 VDWAALS =    30289.2778  EEL     =  -200934.6991  HBOND      =        0.0000
 1-4 VDW =      251.8822  1-4 EEL =    -4469.2084  RESTRAINT  =        0.0000


   NSTEP       ENERGY          RMS            GMAX         NAME    NUMBER
   1800      -1.6187E+05     6.3856E-02     2.4379E+00     C2        400

 BOND    =    11961.2488  ANGLE   =      225.9012  DIHED      =      824.5399
 VDWAALS =    30297.6419  EEL     =  -200957.4567  HBOND      =        0.0000
 1-4 VDW =      251.8492  1-4 EEL =    -4469.3964  RESTRAINT  =        0.0000


   NSTEP       ENERGY          RMS            GMAX         NAME    NUMBER
   1850      -1.6188E+05     9.6042E-02     5.2409E+00     C2        400

 BOND    =    11963.5409  ANGLE   =      225.9032  DIHED      =      824.5717
 VDWAALS =    30305.9272  EEL     =  -200979.6876  HBOND      =        0.0000
 1-4 VDW =      251.8276  1-4 EEL =    -4469.3558  RESTRAINT  =        0.0000


   NSTEP       ENERGY          RMS            GMAX         NAME    NUMBER
   1900      -1.6189E+05     1.9525E-01     1.3525E+01     C6        581

 BOND    =    11965.8114  ANGLE   =      226.3368  DIHED      =      824.6040
 VDWAALS =    30314.2000  EEL     =  -201001.7278  HBOND      =        0.0000
 1-4 VDW =      251.7400  1-4 EEL =    -4469.3556  RESTRAINT  =        0.0000


   NSTEP       ENERGY          RMS            GMAX         NAME    NUMBER
   1950      -1.6190E+05     5.9211E-02     2.0532E+00     H2       2710

 BOND    =    11966.9099  ANGLE   =      226.1546  DIHED      =      824.6334
 VDWAALS =    30322.3267  EEL     =  -201023.1976  HBOND      =        0.0000
 1-4 VDW =      251.7779  1-4 EEL =    -4468.9173  RESTRAINT  =        0.0000


   NSTEP       ENERGY          RMS            GMAX         NAME    NUMBER
   2000      -1.6191E+05     1.4748E-01     8.7122E+00     C2        400

 BOND    =    11968.6322  ANGLE   =      226.5493  DIHED      =      824.6664
 VDWAALS =    30330.5396  EEL     =  -201044.9624  HBOND      =        0.0000
 1-4 VDW =      251.7250  1-4 EEL =    -4468.6323  RESTRAINT  =        0.0000


   NSTEP       ENERGY          RMS            GMAX         NAME    NUMBER
   2050      -1.6192E+05     5.3274E-02     1.9407E+00     H2       2710

 BOND    =    11971.0456  ANGLE   =      226.1744  DIHED      =      824.7129
 VDWAALS =    30337.9245  EEL     =  -201065.6107  HBOND      =        0.0000
 1-4 VDW =      251.7341  1-4 EEL =    -4468.7837  RESTRAINT  =        0.0000


   NSTEP       ENERGY          RMS            GMAX         NAME    NUMBER
   2100      -1.6193E+05     1.2803E-01     7.2689E+00     C2        400

 BOND    =    11973.7161  ANGLE   =      225.9650  DIHED      =      824.7609
 VDWAALS =    30345.0996  EEL     =  -201086.1125  HBOND      =        0.0000
 1-4 VDW =      251.7479  1-4 EEL =    -4468.8265  RESTRAINT  =        0.0000


   NSTEP       ENERGY          RMS            GMAX         NAME    NUMBER
   2150      -1.6194E+05     1.8577E-01     1.1274E+01     C2        400

 BOND    =    11976.1340  ANGLE   =      225.9277  DIHED      =      824.8094
 VDWAALS =    30351.7693  EEL     =  -201105.8424  HBOND      =        0.0000
 1-4 VDW =      251.7368  1-4 EEL =    -4468.8279  RESTRAINT  =        0.0000


   NSTEP       ENERGY          RMS            GMAX         NAME    NUMBER
   2200      -1.6196E+05     7.3981E-02     3.1701E+00     C2        400

 BOND    =    11976.2895  ANGLE   =      226.4000  DIHED      =      824.8461
 VDWAALS =    30358.1142  EEL     =  -201124.7162  HBOND      =        0.0000
 1-4 VDW =      251.6593  1-4 EEL =    -4468.3573  RESTRAINT  =        0.0000


   NSTEP       ENERGY          RMS            GMAX         NAME    NUMBER
   2250      -1.6197E+05     1.5551E-01     9.0203E+00     C2        400

 BOND    =    11977.9126  ANGLE   =      226.6187  DIHED      =      824.8931
 VDWAALS =    30363.9850  EEL     =  -201143.2514  HBOND      =        0.0000
 1-4 VDW =      251.6350  1-4 EEL =    -4468.1041  RESTRAINT  =        0.0000


   NSTEP       ENERGY          RMS            GMAX         NAME    NUMBER
   2300      -1.6198E+05     5.6464E-02     2.1251E+00     Na+      1105

 BOND    =    11979.8556  ANGLE   =      226.6047  DIHED      =      824.9531
 VDWAALS =    30369.4300  EEL     =  -201161.7745  HBOND      =        0.0000
 1-4 VDW =      251.5593  1-4 EEL =    -4468.3690  RESTRAINT  =        0.0000


   NSTEP       ENERGY          RMS            GMAX         NAME    NUMBER
   2350      -1.6199E+05     1.4442E-01     8.4432E+00     C2        400

 BOND    =    11982.1283  ANGLE   =      226.8592  DIHED      =      825.0166
 VDWAALS =    30374.8923  EEL     =  -201180.9212  HBOND      =        0.0000
 1-4 VDW =      251.4780  1-4 EEL =    -4468.5279  RESTRAINT  =        0.0000


   NSTEP       ENERGY          RMS            GMAX         NAME    NUMBER
   2400      -1.6200E+05     2.1200E-01     1.2618E+01     C6        547

 BOND    =    11983.9541  ANGLE   =      227.3724  DIHED      =      825.0824
 VDWAALS =    30380.3228  EEL     =  -201199.5769  HBOND      =        0.0000
 1-4 VDW =      251.3700  1-4 EEL =    -4468.5824  RESTRAINT  =        0.0000


   NSTEP       ENERGY          RMS            GMAX         NAME    NUMBER
   2450      -1.6201E+05     9.1947E-02     5.2154E+00     C2        400

 BOND    =    11984.1212  ANGLE   =      227.2692  DIHED      =      825.1526
 VDWAALS =    30386.6044  EEL     =  -201218.4913  HBOND      =        0.0000
 1-4 VDW =      251.4082  1-4 EEL =    -4467.9212  RESTRAINT  =        0.0000


   NSTEP       ENERGY          RMS            GMAX         NAME    NUMBER
   2500      -1.6202E+05     5.2706E-02     1.5578E+00     H2      36595

 BOND    =    11985.9813  ANGLE   =      226.9834  DIHED      =      825.2447
 VDWAALS =    30393.3826  EEL     =  -201237.4786  HBOND      =        0.0000
 1-4 VDW =      251.4018  1-4 EEL =    -4467.9054  RESTRAINT  =        0.0000


   NSTEP       ENERGY          RMS            GMAX         NAME    NUMBER
   2550      -1.6203E+05     9.6316E-02     5.4400E+00     C2        400

 BOND    =    11987.8336  ANGLE   =      226.8375  DIHED      =      825.3262
 VDWAALS =    30400.2382  EEL     =  -201256.1774  HBOND      =        0.0000
 1-4 VDW =      251.3884  1-4 EEL =    -4467.8270  RESTRAINT  =        0.0000


   NSTEP       ENERGY          RMS            GMAX         NAME    NUMBER
   2600      -1.6204E+05     1.5406E-01     1.0828E+01     C6        547

 BOND    =    11989.4054  ANGLE   =      227.0501  DIHED      =      825.3948
 VDWAALS =    30407.0130  EEL     =  -201274.2721  HBOND      =        0.0000
 1-4 VDW =      251.3229  1-4 EEL =    -4467.7373  RESTRAINT  =        0.0000


   NSTEP       ENERGY          RMS            GMAX         NAME    NUMBER
   2650      -1.6205E+05     4.8393E-02     1.7837E+00     H2      36595

 BOND    =    11990.3633  ANGLE   =      226.6834  DIHED      =      825.4536
 VDWAALS =    30413.5616  EEL     =  -201291.7872  HBOND      =        0.0000
 1-4 VDW =      251.4025  1-4 EEL =    -4467.2912  RESTRAINT  =        0.0000


   NSTEP       ENERGY          RMS            GMAX         NAME    NUMBER
   2700      -1.6206E+05     1.3499E-01     7.4198E+00     C2        400

 BOND    =    11991.5324  ANGLE   =      227.0603  DIHED      =      825.5123
 VDWAALS =    30420.3364  EEL     =  -201309.8331  HBOND      =        0.0000
 1-4 VDW =      251.3469  1-4 EEL =    -4467.0024  RESTRAINT  =        0.0000


   NSTEP       ENERGY          RMS            GMAX         NAME    NUMBER
   2750      -1.6207E+05     2.0277E-01     1.5432E+01     C6        547

 BOND    =    11993.8255  ANGLE   =      226.3069  DIHED      =      825.5795
 VDWAALS =    30426.6159  EEL     =  -201327.0172  HBOND      =        0.0000
 1-4 VDW =      251.5323  1-4 EEL =    -4466.6963  RESTRAINT  =        0.0000


   NSTEP       ENERGY          RMS            GMAX         NAME    NUMBER
   2800      -1.6208E+05     1.0695E-01     6.3003E+00     C2        400

 BOND    =    11995.5443  ANGLE   =      226.3703  DIHED      =      825.6589
 VDWAALS =    30432.9805  EEL     =  -201344.4620  HBOND      =        0.0000
 1-4 VDW =      251.4222  1-4 EEL =    -4467.0694  RESTRAINT  =        0.0000


   NSTEP       ENERGY          RMS            GMAX         NAME    NUMBER
   2850      -1.6209E+05     1.4472E-01     9.2909E+00     C2        400

 BOND    =    11997.5817  ANGLE   =      225.9840  DIHED      =      825.7335
 VDWAALS =    30439.2318  EEL     =  -201361.4470  HBOND      =        0.0000
 1-4 VDW =      251.5013  1-4 EEL =    -4466.9637  RESTRAINT  =        0.0000


   NSTEP       ENERGY          RMS            GMAX         NAME    NUMBER
   2900      -1.6210E+05     7.8773E-02     4.4191E+00     C2        400

 BOND    =    11997.7354  ANGLE   =      226.3729  DIHED      =      825.7770
 VDWAALS =    30445.7175  EEL     =  -201378.2139  HBOND      =        0.0000
 1-4 VDW =      251.4683  1-4 EEL =    -4466.4722  RESTRAINT  =        0.0000


   NSTEP       ENERGY          RMS            GMAX         NAME    NUMBER
   2950      -1.6211E+05     1.4022E-01     9.0545E+00     C2        400

 BOND    =    11999.2680  ANGLE   =      226.2656  DIHED      =      825.7853
 VDWAALS =    30452.2753  EEL     =  -201395.3880  HBOND      =        0.0000
 1-4 VDW =      251.5273  1-4 EEL =    -4466.1643  RESTRAINT  =        0.0000


   NSTEP       ENERGY          RMS            GMAX         NAME    NUMBER
   3000      -1.6212E+05     5.8840E-02     2.7807E+00     C2        400

 BOND    =    12001.2677  ANGLE   =      225.9294  DIHED      =      825.7608
 VDWAALS =    30458.6835  EEL     =  -201412.3949  HBOND      =        0.0000
 1-4 VDW =      251.5401  1-4 EEL =    -4466.3686  RESTRAINT  =        0.0000


   NSTEP       ENERGY          RMS            GMAX         NAME    NUMBER
   3050      -1.6212E+05     1.1361E-01     7.4449E+00     C2        400

 BOND    =    12003.1939  ANGLE   =      225.8450  DIHED      =      825.7152
 VDWAALS =    30465.0153  EEL     =  -201428.8566  HBOND      =        0.0000
 1-4 VDW =      251.5461  1-4 EEL =    -4466.4152  RESTRAINT  =        0.0000


   NSTEP       ENERGY          RMS            GMAX         NAME    NUMBER
   3100      -1.6213E+05     1.5886E-01     1.0827E+01     C2        400

 BOND    =    12005.1153  ANGLE   =      225.7340  DIHED      =      825.6724
 VDWAALS =    30471.2876  EEL     =  -201444.9888  HBOND      =        0.0000
 1-4 VDW =      251.5649  1-4 EEL =    -4466.4364  RESTRAINT  =        0.0000


   NSTEP       ENERGY          RMS            GMAX         NAME    NUMBER
   3150      -1.6214E+05     7.3083E-02     4.0977E+00     C2        370

 BOND    =    12005.2415  ANGLE   =      226.0184  DIHED      =      825.6233
 VDWAALS =    30477.7802  EEL     =  -201461.0229  HBOND      =        0.0000
 1-4 VDW =      251.5502  1-4 EEL =    -4465.9777  RESTRAINT  =        0.0000


   NSTEP       ENERGY          RMS            GMAX         NAME    NUMBER
   3200      -1.6215E+05     1.4212E-01     8.6494E+00     C6        547

 BOND    =    12006.3797  ANGLE   =      226.4903  DIHED      =      825.5914
 VDWAALS =    30484.0912  EEL     =  -201476.7300  HBOND      =        0.0000
 1-4 VDW =      251.4773  1-4 EEL =    -4465.8995  RESTRAINT  =        0.0000


   NSTEP       ENERGY          RMS            GMAX         NAME    NUMBER
   3250      -1.6216E+05     4.3631E-02     1.5687E+00     H2       9016

 BOND    =    12008.3391  ANGLE   =      225.8635  DIHED      =      825.5788
 VDWAALS =    30490.2842  EEL     =  -201492.5948  HBOND      =        0.0000
 1-4 VDW =      251.5719  1-4 EEL =    -4466.0002  RESTRAINT  =        0.0000


   NSTEP       ENERGY          RMS            GMAX         NAME    NUMBER
   3300      -1.6216E+05     1.2413E-01     8.2472E+00     C2        370

 BOND    =    12010.4616  ANGLE   =      225.7115  DIHED      =      825.5707
 VDWAALS =    30496.5595  EEL     =  -201508.4489  HBOND      =        0.0000
 1-4 VDW =      251.5930  1-4 EEL =    -4466.1400  RESTRAINT  =        0.0000


   NSTEP       ENERGY          RMS            GMAX         NAME    NUMBER
   3350      -1.6217E+05     5.3687E-02     2.3897E+00     C2        370

 BOND    =    12010.8934  ANGLE   =      225.8973  DIHED      =      825.5548
 VDWAALS =    30502.6497  EEL     =  -201523.4210  HBOND      =        0.0000
 1-4 VDW =      251.5906  1-4 EEL =    -4465.7899  RESTRAINT  =        0.0000


   NSTEP       ENERGY          RMS            GMAX         NAME    NUMBER
   3400      -1.6218E+05     7.6847E-02     4.3595E+00     C2        370

 BOND    =    12012.1845  ANGLE   =      225.8749  DIHED      =      825.5502
 VDWAALS =    30508.6322  EEL     =  -201538.4604  HBOND      =        0.0000
 1-4 VDW =      251.6140  1-4 EEL =    -4465.6627  RESTRAINT  =        0.0000


   NSTEP       ENERGY          RMS            GMAX         NAME    NUMBER
   3450      -1.6219E+05     4.4698E-02     1.7411E+00     H1      20499

 BOND    =    12013.7760  ANGLE   =      225.7647  DIHED      =      825.5548
 VDWAALS =    30514.5215  EEL     =  -201553.5131  HBOND      =        0.0000
 1-4 VDW =      251.6215  1-4 EEL =    -4465.7571  RESTRAINT  =        0.0000


   NSTEP       ENERGY          RMS            GMAX         NAME    NUMBER
   3500      -1.6220E+05     8.1273E-02     4.9256E+00     C2        370

 BOND    =    12015.4847  ANGLE   =      225.6201  DIHED      =      825.5626
 VDWAALS =    30520.5604  EEL     =  -201569.0032  HBOND      =        0.0000
 1-4 VDW =      251.6509  1-4 EEL =    -4465.7804  RESTRAINT  =        0.0000


   NSTEP       ENERGY          RMS            GMAX         NAME    NUMBER
   3550      -1.6220E+05     1.2599E-01     7.8062E+00     C2        370

 BOND    =    12016.9028  ANGLE   =      225.8272  DIHED      =      825.5721
 VDWAALS =    30526.4030  EEL     =  -201583.7916  HBOND      =        0.0000
 1-4 VDW =      251.6144  1-4 EEL =    -4465.8366  RESTRAINT  =        0.0000


   NSTEP       ENERGY          RMS            GMAX         NAME    NUMBER
   3600      -1.6221E+05     4.4320E-02     1.7101E+00     H1      20499

 BOND    =    12017.4927  ANGLE   =      225.8036  DIHED      =      825.5771
 VDWAALS =    30532.2186  EEL     =  -201598.2889  HBOND      =        0.0000
 1-4 VDW =      251.6524  1-4 EEL =    -4465.5004  RESTRAINT  =        0.0000


   NSTEP       ENERGY          RMS            GMAX         NAME    NUMBER
   3650      -1.6222E+05     6.1927E-02     3.2450E+00     C2        370

 BOND    =    12018.7537  ANGLE   =      225.7700  DIHED      =      825.5890
 VDWAALS =    30538.2426  EEL     =  -201613.4151  HBOND      =        0.0000
 1-4 VDW =      251.6809  1-4 EEL =    -4465.3616  RESTRAINT  =        0.0000


   NSTEP       ENERGY          RMS            GMAX         NAME    NUMBER
   3700      -1.6223E+05     4.8921E-02     1.8803E+00     C2        370

 BOND    =    12020.3353  ANGLE   =      225.6924  DIHED      =      825.6055
 VDWAALS =    30544.2032  EEL     =  -201628.3740  HBOND      =        0.0000
 1-4 VDW =      251.6919  1-4 EEL =    -4465.4465  RESTRAINT  =        0.0000


   NSTEP       ENERGY          RMS            GMAX         NAME    NUMBER
   3750      -1.6223E+05     4.7947E-02     1.7105E+00     C2        370

 BOND    =    12021.6568  ANGLE   =      225.6397  DIHED      =      825.6161
 VDWAALS =    30550.1167  EEL     =  -201643.2461  HBOND      =        0.0000
 1-4 VDW =      251.7188  1-4 EEL =    -4465.3787  RESTRAINT  =        0.0000


   NSTEP       ENERGY          RMS            GMAX         NAME    NUMBER
   3800      -1.6224E+05     1.3189E-01     8.8280E+00     C2        370

 BOND    =    12023.8089  ANGLE   =      225.4024  DIHED      =      825.6278
 VDWAALS =    30556.2490  EEL     =  -201659.0258  HBOND      =        0.0000
 1-4 VDW =      251.7727  1-4 EEL =    -4465.4953  RESTRAINT  =        0.0000


   NSTEP       ENERGY          RMS            GMAX         NAME    NUMBER
   3850      -1.6225E+05     4.6276E-02     1.3631E+00     C2        370

 BOND    =    12024.0739  ANGLE   =      225.7535  DIHED      =      825.6192
 VDWAALS =    30562.1559  EEL     =  -201673.7175  HBOND      =        0.0000
 1-4 VDW =      251.7398  1-4 EEL =    -4465.2123  RESTRAINT  =        0.0000


   NSTEP       ENERGY          RMS            GMAX         NAME    NUMBER
   3900      -1.6226E+05     1.2051E-01     7.1888E+00     C2        370

 BOND    =    12025.0860  ANGLE   =      226.1372  DIHED      =      825.6072
 VDWAALS =    30568.3166  EEL     =  -201689.2557  HBOND      =        0.0000
 1-4 VDW =      251.7064  1-4 EEL =    -4465.0482  RESTRAINT  =        0.0000


   NSTEP       ENERGY          RMS            GMAX         NAME    NUMBER
   3950      -1.6227E+05     1.6117E-01     1.1269E+01     C2        370

 BOND    =    12026.4820  ANGLE   =      226.0954  DIHED      =      825.5941
 VDWAALS =    30574.3025  EEL     =  -201704.5866  HBOND      =        0.0000
 1-4 VDW =      251.7561  1-4 EEL =    -4464.8671  RESTRAINT  =        0.0000


   NSTEP       ENERGY          RMS            GMAX         NAME    NUMBER
   4000      -1.6227E+05     5.7758E-02     2.6990E+00     C2        400

 BOND    =    12028.5242  ANGLE   =      225.6432  DIHED      =      825.5892
 VDWAALS =    30580.6372  EEL     =  -201721.2476  HBOND      =        0.0000
 1-4 VDW =      251.8012  1-4 EEL =    -4465.1830  RESTRAINT  =        0.0000


   NSTEP       ENERGY          RMS            GMAX         NAME    NUMBER
   4050      -1.6228E+05     4.5776E-02     1.5124E+00     H1       9729

 BOND    =    12029.6449  ANGLE   =      225.6940  DIHED      =      825.5703
 VDWAALS =    30586.7893  EEL     =  -201736.7079  HBOND      =        0.0000
 1-4 VDW =      251.8264  1-4 EEL =    -4465.0112  RESTRAINT  =        0.0000


   NSTEP       ENERGY          RMS            GMAX         NAME    NUMBER
   4100      -1.6229E+05     4.8015E-02     1.6590E+00     C2        370

 BOND    =    12031.0166  ANGLE   =      225.6766  DIHED      =      825.5539
 VDWAALS =    30593.0377  EEL     =  -201752.2668  HBOND      =        0.0000
 1-4 VDW =      251.8560  1-4 EEL =    -4464.9380  RESTRAINT  =        0.0000


   NSTEP       ENERGY          RMS            GMAX         NAME    NUMBER
   4150      -1.6230E+05     1.3820E-01     1.0582E+01     C6        547

 BOND    =    12032.5175  ANGLE   =      225.5792  DIHED      =      825.5343
 VDWAALS =    30599.6869  EEL     =  -201768.4958  HBOND      =        0.0000
 1-4 VDW =      251.9444  1-4 EEL =    -4464.6709  RESTRAINT  =        0.0000


   NSTEP       ENERGY          RMS            GMAX         NAME    NUMBER
   4200      -1.6231E+05     5.3363E-02     2.4557E+00     C2        370

 BOND    =    12034.1083  ANGLE   =      225.6049  DIHED      =      825.5259
 VDWAALS =    30606.0598  EEL     =  -201784.0478  HBOND      =        0.0000
 1-4 VDW =      251.9149  1-4 EEL =    -4464.9170  RESTRAINT  =        0.0000


   NSTEP       ENERGY          RMS            GMAX         NAME    NUMBER
   4250      -1.6231E+05     7.9102E-02     4.6986E+00     C2        370

 BOND    =    12035.6585  ANGLE   =      225.6287  DIHED      =      825.5131
 VDWAALS =    30612.5052  EEL     =  -201799.5545  HBOND      =        0.0000
 1-4 VDW =      251.9348  1-4 EEL =    -4464.9168  RESTRAINT  =        0.0000


   NSTEP       ENERGY          RMS            GMAX         NAME    NUMBER
   4300      -1.6232E+05     1.5992E-01     1.2614E+01     C6        547

 BOND    =    12037.3188  ANGLE   =      225.9191  DIHED      =      825.5012
 VDWAALS =    30618.9236  EEL     =  -201814.6398  HBOND      =        0.0000
 1-4 VDW =      251.9007  1-4 EEL =    -4464.9963  RESTRAINT  =        0.0000


   NSTEP       ENERGY          RMS            GMAX         NAME    NUMBER
   4350      -1.6233E+05     8.7168E-02     5.5489E+00     C2        370

 BOND    =    12037.8499  ANGLE   =      225.7795  DIHED      =      825.4761
 VDWAALS =    30625.5195  EEL     =  -201829.6778  HBOND      =        0.0000
 1-4 VDW =      251.9949  1-4 EEL =    -4464.4878  RESTRAINT  =        0.0000


   NSTEP       ENERGY          RMS            GMAX         NAME    NUMBER
   4400      -1.6233E+05     1.2502E-01     7.7067E+00     C2        370

 BOND    =    12038.9588  ANGLE   =      226.1087  DIHED      =      825.4578
 VDWAALS =    30631.8002  EEL     =  -201843.8245  HBOND      =        0.0000
 1-4 VDW =      251.9450  1-4 EEL =    -4464.4140  RESTRAINT  =        0.0000


   NSTEP       ENERGY          RMS            GMAX         NAME    NUMBER
   4450      -1.6234E+05     6.8383E-02     4.1657E+00     C2        370

 BOND    =    12040.9882  ANGLE   =      225.5650  DIHED      =      825.4499
 VDWAALS =    30637.7926  EEL     =  -201857.7800  HBOND      =        0.0000
 1-4 VDW =      252.0142  1-4 EEL =    -4464.6234  RESTRAINT  =        0.0000


   NSTEP       ENERGY          RMS            GMAX         NAME    NUMBER
   4500      -1.6235E+05     1.1582E-01     8.8946E+00     C6        547

 BOND    =    12042.2838  ANGLE   =      225.7524  DIHED      =      825.4314
 VDWAALS =    30643.7746  EEL     =  -201871.1979  HBOND      =        0.0000
 1-4 VDW =      251.9686  1-4 EEL =    -4464.6525  RESTRAINT  =        0.0000


   NSTEP       ENERGY          RMS            GMAX         NAME    NUMBER
   4550      -1.6235E+05     3.9595E-02     1.4245E+00     H2       1690

 BOND    =    12043.0125  ANGLE   =      225.6064  DIHED      =      825.4067
 VDWAALS =    30649.5605  EEL     =  -201884.2605  HBOND      =        0.0000
 1-4 VDW =      252.0069  1-4 EEL =    -4464.3716  RESTRAINT  =        0.0000


   NSTEP       ENERGY          RMS            GMAX         NAME    NUMBER
   4600      -1.6236E+05     6.3286E-02     3.7020E+00     C6        547

 BOND    =    12044.0937  ANGLE   =      225.5364  DIHED      =      825.3860
 VDWAALS =    30655.1100  EEL     =  -201897.0186  HBOND      =        0.0000
 1-4 VDW =      252.0228  1-4 EEL =    -4464.2458  RESTRAINT  =        0.0000


   NSTEP       ENERGY          RMS            GMAX         NAME    NUMBER
   4650      -1.6236E+05     1.3751E-01     9.1955E+00     C2        370

 BOND    =    12044.8421  ANGLE   =      225.9431  DIHED      =      825.3630
 VDWAALS =    30660.4645  EEL     =  -201909.1517  HBOND      =        0.0000
 1-4 VDW =      251.9494  1-4 EEL =    -4464.0931  RESTRAINT  =        0.0000


   NSTEP       ENERGY          RMS            GMAX         NAME    NUMBER
   4700      -1.6237E+05     4.0375E-02     1.2828E+00     C2        370

 BOND    =    12046.4002  ANGLE   =      225.4701  DIHED      =      825.3540
 VDWAALS =    30665.3852  EEL     =  -201921.0113  HBOND      =        0.0000
 1-4 VDW =      251.9890  1-4 EEL =    -4464.3018  RESTRAINT  =        0.0000


   NSTEP       ENERGY          RMS            GMAX         NAME    NUMBER
   4750      -1.6238E+05     3.8047E-02     1.2161E+00     H2       5713

 BOND    =    12047.2846  ANGLE   =      225.4843  DIHED      =      825.3358
 VDWAALS =    30670.3215  EEL     =  -201932.7010  HBOND      =        0.0000
 1-4 VDW =      251.9801  1-4 EEL =    -4464.2052  RESTRAINT  =        0.0000


   NSTEP       ENERGY          RMS            GMAX         NAME    NUMBER
   4800      -1.6238E+05     4.0235E-02     1.3236E+00     C2        370

 BOND    =    12048.2579  ANGLE   =      225.4804  DIHED      =      825.3205
 VDWAALS =    30675.0069  EEL     =  -201944.0214  HBOND      =        0.0000
 1-4 VDW =      251.9683  1-4 EEL =    -4464.1663  RESTRAINT  =        0.0000


   NSTEP       ENERGY          RMS            GMAX         NAME    NUMBER
   4850      -1.6239E+05     1.0465E-01     7.9946E+00     C6        547

 BOND    =    12048.9811  ANGLE   =      225.7786  DIHED      =      825.3033
 VDWAALS =    30679.6518  EEL     =  -201955.2235  HBOND      =        0.0000
 1-4 VDW =      251.9076  1-4 EEL =    -4464.0671  RESTRAINT  =        0.0000


   NSTEP       ENERGY          RMS            GMAX         NAME    NUMBER
   4900      -1.6239E+05     1.6147E-01     1.5923E+01     C6        547

 BOND    =    12050.4773  ANGLE   =      225.2378  DIHED      =      825.2891
 VDWAALS =    30684.0136  EEL     =  -201966.1985  HBOND      =        0.0000
 1-4 VDW =      252.0451  1-4 EEL =    -4463.8876  RESTRAINT  =        0.0000


   NSTEP       ENERGY          RMS            GMAX         NAME    NUMBER
   4950      -1.6240E+05     6.3846E-02     3.7735E+00     C2        370

 BOND    =    12051.6684  ANGLE   =      225.2099  DIHED      =      825.2855
 VDWAALS =    30688.3879  EEL     =  -201977.2634  HBOND      =        0.0000
 1-4 VDW =      251.9689  1-4 EEL =    -4464.2058  RESTRAINT  =        0.0000


   NSTEP       ENERGY          RMS            GMAX         NAME    NUMBER
   5000      -1.6240E+05     3.7536E-02     1.1731E+00     H2       5713

 BOND    =    12052.2215  ANGLE   =      225.3573  DIHED      =      825.2720
 VDWAALS =    30692.7031  EEL     =  -201987.8050  HBOND      =        0.0000
 1-4 VDW =      251.9386  1-4 EEL =    -4464.0714  RESTRAINT  =        0.0000


   NSTEP       ENERGY          RMS            GMAX         NAME    NUMBER
   5050      -1.6251E+05     9.5496E-02     5.3010E+00     O        5708

 BOND    =    12076.7151  ANGLE   =      224.9529  DIHED      =      825.3126
 VDWAALS =    30792.3782  EEL     =  -202219.6463  HBOND      =        0.0000
 1-4 VDW =      251.5637  1-4 EEL =    -4463.8635  RESTRAINT  =        0.0000


   NSTEP       ENERGY          RMS            GMAX         NAME    NUMBER
   5100      -1.6255E+05     1.3245E-01     5.0989E+00     C6        581

 BOND    =    12077.5661  ANGLE   =      224.9780  DIHED      =      825.6717
 VDWAALS =    30807.4106  EEL     =  -202274.2147  HBOND      =        0.0000
 1-4 VDW =      251.1856  1-4 EEL =    -4463.4001  RESTRAINT  =        0.0000


   NSTEP       ENERGY          RMS            GMAX         NAME    NUMBER
   5150      -1.6258E+05     1.8820E-01     1.1926E+01     C6        547

 BOND    =    12082.4409  ANGLE   =      225.3023  DIHED      =      825.7748
 VDWAALS =    30821.8611  EEL     =  -202319.3793  HBOND      =        0.0000
 1-4 VDW =      251.2345  1-4 EEL =    -4463.9411  RESTRAINT  =        0.0000


   NSTEP       ENERGY          RMS            GMAX         NAME    NUMBER
   5200      -1.6260E+05     1.7251E-01     9.2345E+00     C6        581

 BOND    =    12087.3688  ANGLE   =      225.4797  DIHED      =      825.9540
 VDWAALS =    30836.4495  EEL     =  -202363.4234  HBOND      =        0.0000
 1-4 VDW =      251.4534  1-4 EEL =    -4464.2241  RESTRAINT  =        0.0000


   NSTEP       ENERGY          RMS            GMAX         NAME    NUMBER
   5250      -1.6263E+05     1.7999E-01     8.9175E+00     C3'       495

 BOND    =    12091.3694  ANGLE   =      225.6837  DIHED      =      826.1743
 VDWAALS =    30850.7921  EEL     =  -202407.2326  HBOND      =        0.0000
 1-4 VDW =      251.5150  1-4 EEL =    -4464.1784  RESTRAINT  =        0.0000


   NSTEP       ENERGY          RMS            GMAX         NAME    NUMBER
   5300      -1.6265E+05     2.1325E-01     1.1020E+01     C3'       495

 BOND    =    12096.0923  ANGLE   =      226.1138  DIHED      =      826.4683
 VDWAALS =    30870.5000  EEL     =  -202460.8572  HBOND      =        0.0000
 1-4 VDW =      251.5926  1-4 EEL =    -4464.0466  RESTRAINT  =        0.0000


   NSTEP       ENERGY          RMS            GMAX         NAME    NUMBER
   5350      -1.6268E+05     1.6385E-01     9.9087E+00     O        5711

 BOND    =    12099.4293  ANGLE   =      225.4085  DIHED      =      826.6581
 VDWAALS =    30888.7775  EEL     =  -202509.8724  HBOND      =        0.0000
 1-4 VDW =      251.6952  1-4 EEL =    -4463.5471  RESTRAINT  =        0.0000


   NSTEP       ENERGY          RMS            GMAX         NAME    NUMBER
   5400      -1.6271E+05     1.2917E-01     6.5183E+00     C6        581

 BOND    =    12099.6938  ANGLE   =      224.5668  DIHED      =      826.7173
 VDWAALS =    30905.9838  EEL     =  -202551.1016  HBOND      =        0.0000
 1-4 VDW =      251.8270  1-4 EEL =    -4463.5854  RESTRAINT  =        0.0000


   NSTEP       ENERGY          RMS            GMAX         NAME    NUMBER
   5450      -1.6273E+05     1.1774E-01     6.4191E+00     C2'       497

 BOND    =    12107.2068  ANGLE   =      225.0159  DIHED      =      826.7035
 VDWAALS =    30917.6181  EEL     =  -202593.7620  HBOND      =        0.0000
 1-4 VDW =      251.7678  1-4 EEL =    -4463.5833  RESTRAINT  =        0.0000


   NSTEP       ENERGY          RMS            GMAX         NAME    NUMBER
   5500      -1.6275E+05     1.4108E-01     9.1834E+00     H2       5713

 BOND    =    12112.2380  ANGLE   =      225.0782  DIHED      =      826.6673
 VDWAALS =    30932.5430  EEL     =  -202634.5738  HBOND      =        0.0000
 1-4 VDW =      251.6800  1-4 EEL =    -4463.4419  RESTRAINT  =        0.0000


   NSTEP       ENERGY          RMS            GMAX         NAME    NUMBER
   5550      -1.6277E+05     1.4483E-01     7.6349E+00     O3'       500

 BOND    =    12115.3600  ANGLE   =      225.3033  DIHED      =      826.6332
 VDWAALS =    30948.9267  EEL     =  -202675.1362  HBOND      =        0.0000
 1-4 VDW =      251.6040  1-4 EEL =    -4463.3790  RESTRAINT  =        0.0000


   NSTEP       ENERGY          RMS            GMAX         NAME    NUMBER
   5600      -1.6279E+05     1.3874E-01     1.1736E+01     H2       5713

 BOND    =    12120.2663  ANGLE   =      225.1502  DIHED      =      826.6524
 VDWAALS =    30966.3844  EEL     =  -202718.4998  HBOND      =        0.0000
 1-4 VDW =      251.6672  1-4 EEL =    -4463.2727  RESTRAINT  =        0.0000


   NSTEP       ENERGY          RMS            GMAX         NAME    NUMBER
   5650      -1.6281E+05     2.1644E-01     1.0444E+01     O        8096

 BOND    =    12124.8856  ANGLE   =      225.7263  DIHED      =      826.7083
 VDWAALS =    30988.6675  EEL     =  -202769.2559  HBOND      =        0.0000
 1-4 VDW =      251.8382  1-4 EEL =    -4463.2306  RESTRAINT  =        0.0000


   NSTEP       ENERGY          RMS            GMAX         NAME    NUMBER
   5700      -1.6284E+05     3.1070E-01     1.4509E+01     O        5708

 BOND    =    12137.1608  ANGLE   =      225.7638  DIHED      =      826.7622
 VDWAALS =    31007.4920  EEL     =  -202825.1805  HBOND      =        0.0000
 1-4 VDW =      251.8735  1-4 EEL =    -4463.0481  RESTRAINT  =        0.0000


   NSTEP       ENERGY          RMS            GMAX         NAME    NUMBER
   5750      -1.6286E+05     2.4444E-01     1.1461E+01     O       11540

 BOND    =    12137.9117  ANGLE   =      225.1125  DIHED      =      826.5669
 VDWAALS =    31027.8607  EEL     =  -202869.7588  HBOND      =        0.0000
 1-4 VDW =      251.6565  1-4 EEL =    -4462.7083  RESTRAINT  =        0.0000


   NSTEP       ENERGY          RMS            GMAX         NAME    NUMBER
   5800      -1.6289E+05     2.3169E-01     1.2295E+01     H2       1738

 BOND    =    12137.4872  ANGLE   =      225.7365  DIHED      =      826.3419
 VDWAALS =    31053.2364  EEL     =  -202918.0768  HBOND      =        0.0000
 1-4 VDW =      251.4104  1-4 EEL =    -4462.3629  RESTRAINT  =        0.0000


   NSTEP       ENERGY          RMS            GMAX         NAME    NUMBER
   5850      -1.6291E+05     1.4349E-01     5.7305E+00     H2       5713

 BOND    =    12142.3948  ANGLE   =      224.1743  DIHED      =      826.3209
 VDWAALS =    31073.1114  EEL     =  -202964.9542  HBOND      =        0.0000
 1-4 VDW =      251.5625  1-4 EEL =    -4461.5542  RESTRAINT  =        0.0000


   NSTEP       ENERGY          RMS            GMAX         NAME    NUMBER
   5900      -1.6294E+05     1.9489E-01     1.4521E+01     O       16550

 BOND    =    12152.1477  ANGLE   =      223.8022  DIHED      =      826.3472
 VDWAALS =    31110.7281  EEL     =  -203044.7333  HBOND      =        0.0000
 1-4 VDW =      251.5033  1-4 EEL =    -4462.1676  RESTRAINT  =        0.0000


   NSTEP       ENERGY          RMS            GMAX         NAME    NUMBER
   5950      -1.6297E+05     1.6694E-01     6.9308E+00     O        6233

 BOND    =    12155.0488  ANGLE   =      223.8485  DIHED      =      826.2909
 VDWAALS =    31123.3970  EEL     =  -203089.2152  HBOND      =        0.0000
 1-4 VDW =      251.4878  1-4 EEL =    -4462.3119  RESTRAINT  =        0.0000


   NSTEP       ENERGY          RMS            GMAX         NAME    NUMBER
   6000      -1.6299E+05     1.1808E-01     5.4829E+00     H1       6234

 BOND    =    12156.1519  ANGLE   =      223.0969  DIHED      =      826.2851
 VDWAALS =    31130.3891  EEL     =  -203114.7366  HBOND      =        0.0000
 1-4 VDW =      251.5930  1-4 EEL =    -4461.8633  RESTRAINT  =        0.0000


   NSTEP       ENERGY          RMS            GMAX         NAME    NUMBER
   6050      -1.6300E+05     9.3653E-02     4.6800E+00     C3'       495

 BOND    =    12159.6982  ANGLE   =      223.1520  DIHED      =      826.2812
 VDWAALS =    31137.9425  EEL     =  -203139.8252  HBOND      =        0.0000
 1-4 VDW =      251.5146  1-4 EEL =    -4461.8019  RESTRAINT  =        0.0000


   NSTEP       ENERGY          RMS            GMAX         NAME    NUMBER
   6100      -1.6301E+05     9.7250E-02     5.1547E+00     C3'       495

 BOND    =    12161.9671  ANGLE   =      223.0979  DIHED      =      826.3163
 VDWAALS =    31148.4209  EEL     =  -203164.0257  HBOND      =        0.0000
 1-4 VDW =      251.5156  1-4 EEL =    -4461.8331  RESTRAINT  =        0.0000


   NSTEP       ENERGY          RMS            GMAX         NAME    NUMBER
   6150      -1.6303E+05     1.0337E-01     5.7193E+00     C3'       495

 BOND    =    12164.9834  ANGLE   =      222.9986  DIHED      =      826.3216
 VDWAALS =    31159.3770  EEL     =  -203188.7100  HBOND      =        0.0000
 1-4 VDW =      251.5148  1-4 EEL =    -4461.8671  RESTRAINT  =        0.0000


   NSTEP       ENERGY          RMS            GMAX         NAME    NUMBER
   6200      -1.6304E+05     9.3790E-02     5.0867E+00     N3        492

 BOND    =    12165.1274  ANGLE   =      223.0255  DIHED      =      826.3220
 VDWAALS =    31169.4161  EEL     =  -203208.8776  HBOND      =        0.0000
 1-4 VDW =      251.4802  1-4 EEL =    -4461.7199  RESTRAINT  =        0.0000


   NSTEP       ENERGY          RMS            GMAX         NAME    NUMBER
   6250      -1.6305E+05     6.5776E-02     3.2980E+00     O        5711

 BOND    =    12166.7832  ANGLE   =      222.6621  DIHED      =      826.2859
 VDWAALS =    31179.1628  EEL     =  -203229.9341  HBOND      =        0.0000
 1-4 VDW =      251.4110  1-4 EEL =    -4461.7127  RESTRAINT  =        0.0000


   NSTEP       ENERGY          RMS            GMAX         NAME    NUMBER
   6300      -1.6306E+05     5.3564E-02     2.2658E+00     C3'       495

 BOND    =    12169.7769  ANGLE   =      222.4930  DIHED      =      826.2455
 VDWAALS =    31192.4085  EEL     =  -203258.8833  HBOND      =        0.0000
 1-4 VDW =      251.3259  1-4 EEL =    -4461.7024  RESTRAINT  =        0.0000


   NSTEP       ENERGY          RMS            GMAX         NAME    NUMBER
   6350      -1.6307E+05     7.9981E-02     3.7172E+00     C3'       495

 BOND    =    12169.7942  ANGLE   =      222.4375  DIHED      =      826.2166
 VDWAALS =    31205.0014  EEL     =  -203281.5135  HBOND      =        0.0000
 1-4 VDW =      251.3595  1-4 EEL =    -4461.7341  RESTRAINT  =        0.0000


   NSTEP       ENERGY          RMS            GMAX         NAME    NUMBER
   6400      -1.6308E+05     6.1969E-02     3.4507E+00     C2'       497

 BOND    =    12171.8014  ANGLE   =      222.3925  DIHED      =      826.1396
 VDWAALS =    31213.7244  EEL     =  -203299.6860  HBOND      =        0.0000
 1-4 VDW =      251.4112  1-4 EEL =    -4461.7498  RESTRAINT  =        0.0000


   NSTEP       ENERGY          RMS            GMAX         NAME    NUMBER
   6450      -1.6309E+05     6.5554E-02     3.2221E+00     C3'       495

 BOND    =    12174.3211  ANGLE   =      222.4204  DIHED      =      826.0507
 VDWAALS =    31224.9838  EEL     =  -203324.1508  HBOND      =        0.0000
 1-4 VDW =      251.3852  1-4 EEL =    -4461.8154  RESTRAINT  =        0.0000


   NSTEP       ENERGY          RMS            GMAX         NAME    NUMBER
   6500      -1.6310E+05     6.7346E-02     3.4015E+00     C3'       495

 BOND    =    12176.6193  ANGLE   =      222.4153  DIHED      =      825.9680
 VDWAALS =    31234.1769  EEL     =  -203345.5007  HBOND      =        0.0000
 1-4 VDW =      251.3811  1-4 EEL =    -4461.9821  RESTRAINT  =        0.0000


   NSTEP       ENERGY          RMS            GMAX         NAME    NUMBER
   6550      -1.6311E+05     6.1805E-02     3.6137E+00     C3'       495

 BOND    =    12179.3047  ANGLE   =      222.5783  DIHED      =      825.8765
 VDWAALS =    31243.4269  EEL     =  -203366.7603  HBOND      =        0.0000
 1-4 VDW =      251.3797  1-4 EEL =    -4462.1380  RESTRAINT  =        0.0000


   NSTEP       ENERGY          RMS            GMAX         NAME    NUMBER
   6600      -1.6312E+05     4.8439E-02     2.9576E+00     H1      18789

 BOND    =    12182.0880  ANGLE   =      222.5684  DIHED      =      825.8065
 VDWAALS =    31257.2364  EEL     =  -203398.5847  HBOND      =        0.0000
 1-4 VDW =      251.4767  1-4 EEL =    -4462.0947  RESTRAINT  =        0.0000


   NSTEP       ENERGY          RMS            GMAX         NAME    NUMBER
   6650      -1.6313E+05     3.9286E-02     1.5530E+00     Na+      1109

 BOND    =    12183.2714  ANGLE   =      222.0577  DIHED      =      825.8669
 VDWAALS =    31270.8635  EEL     =  -203425.5994  HBOND      =        0.0000
 1-4 VDW =      251.6095  1-4 EEL =    -4462.3203  RESTRAINT  =        0.0000


   NSTEP       ENERGY          RMS            GMAX         NAME    NUMBER
   6700      -1.6315E+05     5.2479E-02     2.8338E+00     H2      18745

 BOND    =    12185.3303  ANGLE   =      222.0966  DIHED      =      825.8288
 VDWAALS =    31281.6277  EEL     =  -203450.4406  HBOND      =        0.0000
 1-4 VDW =      251.6282  1-4 EEL =    -4462.4859  RESTRAINT  =        0.0000


   NSTEP       ENERGY          RMS            GMAX         NAME    NUMBER
   6750      -1.6316E+05     5.7679E-02     1.9164E+00     Na+      1109

 BOND    =    12188.8401  ANGLE   =      222.0019  DIHED      =      825.8692
 VDWAALS =    31295.1930  EEL     =  -203483.8778  HBOND      =        0.0000
 1-4 VDW =      251.7058  1-4 EEL =    -4462.7205  RESTRAINT  =        0.0000


   NSTEP       ENERGY          RMS            GMAX         NAME    NUMBER
   6800      -1.6318E+05     5.2756E-02     2.2328E+00     O       18743

 BOND    =    12192.0952  ANGLE   =      221.9719  DIHED      =      825.8571
 VDWAALS =    31306.2914  EEL     =  -203510.8188  HBOND      =        0.0000
 1-4 VDW =      251.7386  1-4 EEL =    -4462.7950  RESTRAINT  =        0.0000


   NSTEP       ENERGY          RMS            GMAX         NAME    NUMBER
   6850      -1.6320E+05     8.4531E-02     4.2078E+00     N3        492

 BOND    =    12198.0772  ANGLE   =      221.8621  DIHED      =      825.9269
 VDWAALS =    31329.1616  EEL     =  -203560.4626  HBOND      =        0.0000
 1-4 VDW =      251.8358  1-4 EEL =    -4462.9500  RESTRAINT  =        0.0000


   NSTEP       ENERGY          RMS            GMAX         NAME    NUMBER
   6900      -1.6321E+05     3.7914E-01     2.0069E+01     C2        493

 BOND    =    12192.6834  ANGLE   =      223.3137  DIHED      =      826.1586
 VDWAALS =    31350.0637  EEL     =  -203593.2301  HBOND      =        0.0000
 1-4 VDW =      252.0103  1-4 EEL =    -4462.2145  RESTRAINT  =        0.0000


   NSTEP       ENERGY          RMS            GMAX         NAME    NUMBER
   6950      -1.6322E+05     1.0778E-01     6.0604E+00     C2        523

 BOND    =    12201.6126  ANGLE   =      222.2407  DIHED      =      826.0410
 VDWAALS =    31359.6880  EEL     =  -203620.7881  HBOND      =        0.0000
 1-4 VDW =      251.8826  1-4 EEL =    -4463.2751  RESTRAINT  =        0.0000


   NSTEP       ENERGY          RMS            GMAX         NAME    NUMBER
   7000      -1.6323E+05     8.7858E-02     3.6687E+00     N1        872

 BOND    =    12204.4650  ANGLE   =      221.9548  DIHED      =      826.0117
 VDWAALS =    31369.5673  EEL     =  -203640.9813  HBOND      =        0.0000
 1-4 VDW =      251.9020  1-4 EEL =    -4463.3648  RESTRAINT  =        0.0000


   NSTEP       ENERGY          RMS            GMAX         NAME    NUMBER
   7050      -1.6324E+05     1.1665E-01     5.2348E+00     C2        523

 BOND    =    12208.2949  ANGLE   =      221.9709  DIHED      =      826.0388
 VDWAALS =    31379.6829  EEL     =  -203663.4348  HBOND      =        0.0000
 1-4 VDW =      252.0010  1-4 EEL =    -4463.4886  RESTRAINT  =        0.0000


   NSTEP       ENERGY          RMS            GMAX         NAME    NUMBER
   7100      -1.6325E+05     1.1412E-01     4.5648E+00     C2        493

 BOND    =    12209.3075  ANGLE   =      221.9267  DIHED      =      825.8763
 VDWAALS =    31392.2473  EEL     =  -203685.6510  HBOND      =        0.0000
 1-4 VDW =      252.0328  1-4 EEL =    -4463.7754  RESTRAINT  =        0.0000


   NSTEP       ENERGY          RMS            GMAX         NAME    NUMBER
   7150      -1.6326E+05     8.9823E-02     4.2824E+00     N1        872

 BOND    =    12211.4143  ANGLE   =      222.1151  DIHED      =      825.7871
 VDWAALS =    31403.6119  EEL     =  -203707.8895  HBOND      =        0.0000
 1-4 VDW =      251.9382  1-4 EEL =    -4464.0144  RESTRAINT  =        0.0000


   NSTEP       ENERGY          RMS            GMAX         NAME    NUMBER
   7200      -1.6327E+05     1.2881E-01     4.3426E+00     Na+      1109

 BOND    =    12209.1284  ANGLE   =      222.3183  DIHED      =      825.7589
 VDWAALS =    31423.6592  EEL     =  -203739.4222  HBOND      =        0.0000
 1-4 VDW =      252.0148  1-4 EEL =    -4464.3188  RESTRAINT  =        0.0000


   NSTEP       ENERGY          RMS            GMAX         NAME    NUMBER
   7250      -1.6329E+05     1.1451E-01     4.0529E+00     C2        523

 BOND    =    12213.5439  ANGLE   =      222.3623  DIHED      =      825.5382
 VDWAALS =    31435.3606  EEL     =  -203771.0471  HBOND      =        0.0000
 1-4 VDW =      252.0346  1-4 EEL =    -4464.4441  RESTRAINT  =        0.0000


   NSTEP       ENERGY          RMS            GMAX         NAME    NUMBER
   7300      -1.6330E+05     1.3545E-01     7.5358E+00     C1'       511

 BOND    =    12216.7552  ANGLE   =      222.4525  DIHED      =      825.4103
 VDWAALS =    31451.4615  EEL     =  -203803.6947  HBOND      =        0.0000
 1-4 VDW =      252.0575  1-4 EEL =    -4464.2692  RESTRAINT  =        0.0000


   NSTEP       ENERGY          RMS            GMAX         NAME    NUMBER
   7350      -1.6331E+05     1.3072E-01     6.4956E+00     Na+      1109

 BOND    =    12219.4344  ANGLE   =      222.6499  DIHED      =      825.2781
 VDWAALS =    31461.3722  EEL     =  -203828.0632  HBOND      =        0.0000
 1-4 VDW =      252.1011  1-4 EEL =    -4464.4613  RESTRAINT  =        0.0000


   NSTEP       ENERGY          RMS            GMAX         NAME    NUMBER
   7400      -1.6332E+05     1.3236E-01     9.2114E+00     Na+      1109

 BOND    =    12223.9991  ANGLE   =      222.6042  DIHED      =      825.2286
 VDWAALS =    31477.9000  EEL     =  -203861.2308  HBOND      =        0.0000
 1-4 VDW =      252.1173  1-4 EEL =    -4464.6495  RESTRAINT  =        0.0000


   NSTEP       ENERGY          RMS            GMAX         NAME    NUMBER
   7450      -1.6333E+05     1.2258E-01     7.0314E+00     Na+      1109

 BOND    =    12223.6592  ANGLE   =      222.5717  DIHED      =      825.0123
 VDWAALS =    31485.0181  EEL     =  -203877.2417  HBOND      =        0.0000
 1-4 VDW =      252.0520  1-4 EEL =    -4464.6682  RESTRAINT  =        0.0000


   NSTEP       ENERGY          RMS            GMAX         NAME    NUMBER
   7500      -1.6334E+05     7.9523E-02     4.6770E+00     Na+      1109

 BOND    =    12228.3926  ANGLE   =      222.3552  DIHED      =      824.8412
 VDWAALS =    31493.0764  EEL     =  -203897.8570  HBOND      =        0.0000
 1-4 VDW =      252.0543  1-4 EEL =    -4464.7896  RESTRAINT  =        0.0000


   NSTEP       ENERGY          RMS            GMAX         NAME    NUMBER
   7550      -1.6335E+05     8.1904E-02     3.8357E+00     Na+      1109

 BOND    =    12227.7902  ANGLE   =      222.3127  DIHED      =      824.7815
 VDWAALS =    31500.8885  EEL     =  -203912.7565  HBOND      =        0.0000
 1-4 VDW =      252.0390  1-4 EEL =    -4464.7815  RESTRAINT  =        0.0000


   NSTEP       ENERGY          RMS            GMAX         NAME    NUMBER
   7600      -1.6336E+05     8.1788E-02     3.3328E+00     C2        523

 BOND    =    12229.3541  ANGLE   =      222.2739  DIHED      =      824.7056
 VDWAALS =    31508.1011  EEL     =  -203930.0367  HBOND      =        0.0000
 1-4 VDW =      252.0538  1-4 EEL =    -4464.8162  RESTRAINT  =        0.0000


   NSTEP       ENERGY          RMS            GMAX         NAME    NUMBER
   7650      -1.6337E+05     7.0720E-02     3.4858E+00     C2        523

 BOND    =    12234.2845  ANGLE   =      222.2601  DIHED      =      824.6109
 VDWAALS =    31514.6104  EEL     =  -203950.4099  HBOND      =        0.0000
 1-4 VDW =      252.0694  1-4 EEL =    -4464.7565  RESTRAINT  =        0.0000


   NSTEP       ENERGY          RMS            GMAX         NAME    NUMBER
   7700      -1.6338E+05     7.2214E-02     4.0125E+00     C6        873

 BOND    =    12232.4218  ANGLE   =      222.1410  DIHED      =      824.5015
 VDWAALS =    31522.0304  EEL     =  -203963.5064  HBOND      =        0.0000
 1-4 VDW =      251.9974  1-4 EEL =    -4465.0097  RESTRAINT  =        0.0000


   NSTEP       ENERGY          RMS            GMAX         NAME    NUMBER
   7750      -1.6338E+05     5.0066E-02     2.6698E+00     Na+      1109

 BOND    =    12233.3080  ANGLE   =      222.1526  DIHED      =      824.4380
 VDWAALS =    31529.5362  EEL     =  -203979.5858  HBOND      =        0.0000
 1-4 VDW =      252.0713  1-4 EEL =    -4465.0163  RESTRAINT  =        0.0000


   NSTEP       ENERGY          RMS            GMAX         NAME    NUMBER
   7800      -1.6339E+05     5.0891E-02     2.4378E+00     P         501

 BOND    =    12234.9735  ANGLE   =      222.0483  DIHED      =      824.3498
 VDWAALS =    31536.1719  EEL     =  -203994.8878  HBOND      =        0.0000
 1-4 VDW =      252.1056  1-4 EEL =    -4465.0392  RESTRAINT  =        0.0000


   NSTEP       ENERGY          RMS            GMAX         NAME    NUMBER
   7850      -1.6340E+05     4.5152E-02     2.1898E+00     Na+      1109

 BOND    =    12236.2336  ANGLE   =      222.0301  DIHED      =      824.2605
 VDWAALS =    31542.8163  EEL     =  -204010.8017  HBOND      =        0.0000
 1-4 VDW =      252.1492  1-4 EEL =    -4465.0985  RESTRAINT  =        0.0000


   NSTEP       ENERGY          RMS            GMAX         NAME    NUMBER
   7900      -1.6341E+05     4.5083E-02     2.1112E+00     C2        523

 BOND    =    12239.2418  ANGLE   =      221.9041  DIHED      =      824.1170
 VDWAALS =    31548.0980  EEL     =  -204026.2337  HBOND      =        0.0000
 1-4 VDW =      252.1258  1-4 EEL =    -4465.0415  RESTRAINT  =        0.0000


   NSTEP       ENERGY          RMS            GMAX         NAME    NUMBER
   7950      -1.6343E+05     6.0814E-02     4.3387E+00     Na+      1109

 BOND    =    12246.3726  ANGLE   =      221.9351  DIHED      =      824.0370
 VDWAALS =    31568.6497  EEL     =  -204077.0100  HBOND      =        0.0000
 1-4 VDW =      252.2831  1-4 EEL =    -4465.3310  RESTRAINT  =        0.0000


   NSTEP       ENERGY          RMS            GMAX         NAME    NUMBER
   8000      -1.6344E+05     1.4009E-01     6.0020E+00     Na+      1109

 BOND    =    12252.7044  ANGLE   =      221.9681  DIHED      =      824.0724
 VDWAALS =    31575.4352  EEL     =  -204102.9645  HBOND      =        0.0000
 1-4 VDW =      252.4619  1-4 EEL =    -4465.4655  RESTRAINT  =        0.0000


   NSTEP       ENERGY          RMS            GMAX         NAME    NUMBER
   8050      -1.6345E+05     7.9095E-02     4.3962E+00     Na+      1109

 BOND    =    12248.7746  ANGLE   =      221.9978  DIHED      =      823.9482
 VDWAALS =    31579.2298  EEL     =  -204109.6312  HBOND      =        0.0000
 1-4 VDW =      252.3597  1-4 EEL =    -4465.5417  RESTRAINT  =        0.0000


   NSTEP       ENERGY          RMS            GMAX         NAME    NUMBER
   8100      -1.6346E+05     9.7864E-02     5.5235E+00     C5        516

 BOND    =    12251.4895  ANGLE   =      222.0020  DIHED      =      823.9650
 VDWAALS =    31583.1150  EEL     =  -204122.4392  HBOND      =        0.0000
 1-4 VDW =      252.3402  1-4 EEL =    -4465.6721  RESTRAINT  =        0.0000


   NSTEP       ENERGY          RMS            GMAX         NAME    NUMBER
   8150      -1.6346E+05     1.4587E-01     8.5055E+00     Na+      1109

 BOND    =    12255.2308  ANGLE   =      222.1739  DIHED      =      824.1183
 VDWAALS =    31588.3170  EEL     =  -204138.3836  HBOND      =        0.0000
 1-4 VDW =      252.3438  1-4 EEL =    -4465.9029  RESTRAINT  =        0.0000


   NSTEP       ENERGY          RMS            GMAX         NAME    NUMBER
   8200      -1.6347E+05     1.4388E-01     1.3112E+01     Na+      1109

 BOND    =    12254.9631  ANGLE   =      222.5409  DIHED      =      824.1673
 VDWAALS =    31595.1490  EEL     =  -204155.0327  HBOND      =        0.0000
 1-4 VDW =      252.4243  1-4 EEL =    -4466.2699  RESTRAINT  =        0.0000


   NSTEP       ENERGY          RMS            GMAX         NAME    NUMBER
   8250      -1.6348E+05     1.3857E-01     6.9305E+00     C2        523

 BOND    =    12256.9871  ANGLE   =      222.2009  DIHED      =      823.5692
 VDWAALS =    31602.1933  EEL     =  -204175.8002  HBOND      =        0.0000
 1-4 VDW =      252.3278  1-4 EEL =    -4466.0594  RESTRAINT  =        0.0000


   NSTEP       ENERGY          RMS            GMAX         NAME    NUMBER
   8300      -1.6349E+05     1.3293E-01     7.8792E+00     C5        580

 BOND    =    12258.1987  ANGLE   =      222.0141  DIHED      =      823.6903
 VDWAALS =    31607.0668  EEL     =  -204189.8619  HBOND      =        0.0000
 1-4 VDW =      252.4760  1-4 EEL =    -4466.2625  RESTRAINT  =        0.0000


   NSTEP       ENERGY          RMS            GMAX         NAME    NUMBER
   8350      -1.6350E+05     1.1536E-01     5.7645E+00     Na+      1109

 BOND    =    12259.5523  ANGLE   =      222.3515  DIHED      =      823.6489
 VDWAALS =    31612.2150  EEL     =  -204206.1767  HBOND      =        0.0000
 1-4 VDW =      252.3873  1-4 EEL =    -4466.4107  RESTRAINT  =        0.0000


   NSTEP       ENERGY          RMS            GMAX         NAME    NUMBER
   8400      -1.6351E+05     7.8541E-02     4.2893E+00     C2        523

 BOND    =    12254.0004  ANGLE   =      222.3935  DIHED      =      823.4546
 VDWAALS =    31615.6449  EEL     =  -204211.0888  HBOND      =        0.0000
 1-4 VDW =      252.3700  1-4 EEL =    -4466.3962  RESTRAINT  =        0.0000


   NSTEP       ENERGY          RMS            GMAX         NAME    NUMBER
   8450      -1.6352E+05     5.3059E-02     2.8592E+00     C2        523

 BOND    =    12257.0715  ANGLE   =      222.3866  DIHED      =      823.4257
 VDWAALS =    31622.3934  EEL     =  -204229.6837  HBOND      =        0.0000
 1-4 VDW =      252.3458  1-4 EEL =    -4466.5614  RESTRAINT  =        0.0000


   NSTEP       ENERGY          RMS            GMAX         NAME    NUMBER
   8500      -1.6353E+05     6.7082E-02     4.3348E+00     C2        523

 BOND    =    12260.2984  ANGLE   =      222.3257  DIHED      =      823.4071
 VDWAALS =    31631.2363  EEL     =  -204252.7422  HBOND      =        0.0000
 1-4 VDW =      252.3317  1-4 EEL =    -4466.6885  RESTRAINT  =        0.0000


   NSTEP       ENERGY          RMS            GMAX         NAME    NUMBER
   8550      -1.6354E+05     5.1232E-02     3.7870E+00     O       21425

 BOND    =    12262.7465  ANGLE   =      222.2911  DIHED      =      823.2753
 VDWAALS =    31637.5839  EEL     =  -204269.0655  HBOND      =        0.0000
 1-4 VDW =      252.2867  1-4 EEL =    -4466.8438  RESTRAINT  =        0.0000


   NSTEP       ENERGY          RMS            GMAX         NAME    NUMBER
   8600      -1.6355E+05     5.4191E-02     3.3044E+00     O       21425

 BOND    =    12263.4601  ANGLE   =      222.2395  DIHED      =      823.1835
 VDWAALS =    31643.0671  EEL     =  -204282.6574  HBOND      =        0.0000
 1-4 VDW =      252.3053  1-4 EEL =    -4466.9737  RESTRAINT  =        0.0000


   NSTEP       ENERGY          RMS            GMAX         NAME    NUMBER
   8650      -1.6355E+05     5.1893E-02     2.8960E+00     C5'       505

 BOND    =    12264.5535  ANGLE   =      222.2701  DIHED      =      823.0701
 VDWAALS =    31647.3058  EEL     =  -204295.6288  HBOND      =        0.0000
 1-4 VDW =      252.2471  1-4 EEL =    -4467.0975  RESTRAINT  =        0.0000


   NSTEP       ENERGY          RMS            GMAX         NAME    NUMBER
   8700      -1.6356E+05     4.4306E-02     2.5134E+00     Na+      1109

 BOND    =    12265.9830  ANGLE   =      222.2604  DIHED      =      822.9716
 VDWAALS =    31650.7869  EEL     =  -204308.2556  HBOND      =        0.0000
 1-4 VDW =      252.2341  1-4 EEL =    -4467.2801  RESTRAINT  =        0.0000


   NSTEP       ENERGY          RMS            GMAX         NAME    NUMBER
   8750      -1.6357E+05     4.5637E-02     2.5448E+00     Na+      1109

 BOND    =    12267.0427  ANGLE   =      222.2517  DIHED      =      822.8483
 VDWAALS =    31652.7847  EEL     =  -204319.3851  HBOND      =        0.0000
 1-4 VDW =      252.2035  1-4 EEL =    -4467.3693  RESTRAINT  =        0.0000


   NSTEP       ENERGY          RMS            GMAX         NAME    NUMBER
   8800      -1.6358E+05     8.1961E-02     6.5735E+00     C2        523

 BOND    =    12268.1499  ANGLE   =      222.5100  DIHED      =      822.6955
 VDWAALS =    31653.1970  EEL     =  -204330.2741  HBOND      =        0.0000
 1-4 VDW =      252.1881  1-4 EEL =    -4467.5002  RESTRAINT  =        0.0000


   NSTEP       ENERGY          RMS            GMAX         NAME    NUMBER
   8850      -1.6359E+05     7.8085E-02     3.7927E+00     C5'       505

 BOND    =    12268.4371  ANGLE   =      222.4897  DIHED      =      822.5609
 VDWAALS =    31652.6727  EEL     =  -204336.0385  HBOND      =        0.0000
 1-4 VDW =      252.1526  1-4 EEL =    -4467.4832  RESTRAINT  =        0.0000


   NSTEP       ENERGY          RMS            GMAX         NAME    NUMBER
   8900      -1.6359E+05     9.2410E-02     9.1441E+00     O       21425

 BOND    =    12270.1809  ANGLE   =      222.5317  DIHED      =      822.5204
 VDWAALS =    31652.6372  EEL     =  -204343.4115  HBOND      =        0.0000
 1-4 VDW =      252.1711  1-4 EEL =    -4467.7454  RESTRAINT  =        0.0000


   NSTEP       ENERGY          RMS            GMAX         NAME    NUMBER
   8950      -1.6360E+05     4.1016E-02     2.2082E+00     O        6548

 BOND    =    12269.8869  ANGLE   =      222.2919  DIHED      =      822.2338
 VDWAALS =    31653.0133  EEL     =  -204351.7388  HBOND      =        0.0000
 1-4 VDW =      252.0872  1-4 EEL =    -4467.7429  RESTRAINT  =        0.0000


   NSTEP       ENERGY          RMS            GMAX         NAME    NUMBER
   9000      -1.6361E+05     3.5348E-02     2.3766E+00     C5        580

 BOND    =    12271.2456  ANGLE   =      222.2564  DIHED      =      821.9875
 VDWAALS =    31656.5279  EEL     =  -204366.5482  HBOND      =        0.0000
 1-4 VDW =      252.0620  1-4 EEL =    -4467.7366  RESTRAINT  =        0.0000


   NSTEP       ENERGY          RMS            GMAX         NAME    NUMBER
   9050      -1.6363E+05     6.3711E-02     3.2358E+00     H2      20092

 BOND    =    12273.0623  ANGLE   =      222.2443  DIHED      =      821.6527
 VDWAALS =    31664.3414  EEL     =  -204394.9515  HBOND      =        0.0000
 1-4 VDW =      252.0747  1-4 EEL =    -4467.7981  RESTRAINT  =        0.0000


   NSTEP       ENERGY          RMS            GMAX         NAME    NUMBER
   9100      -1.6364E+05     8.1985E-02     5.8238E+00     C8        577

 BOND    =    12274.6136  ANGLE   =      222.3272  DIHED      =      821.7280
 VDWAALS =    31670.5315  EEL     =  -204411.5414  HBOND      =        0.0000
 1-4 VDW =      252.0723  1-4 EEL =    -4468.1796  RESTRAINT  =        0.0000


   NSTEP       ENERGY          RMS            GMAX         NAME    NUMBER
   9150      -1.6364E+05     4.9299E-02     2.6414E+00     O       17780

 BOND    =    12275.0343  ANGLE   =      222.1843  DIHED      =      821.4934
 VDWAALS =    31673.7910  EEL     =  -204419.9537  HBOND      =        0.0000
 1-4 VDW =      252.0140  1-4 EEL =    -4467.7805  RESTRAINT  =        0.0000


   NSTEP       ENERGY          RMS            GMAX         NAME    NUMBER
   9200      -1.6365E+05     3.5950E-02     2.3522E+00     H2       6685

 BOND    =    12276.4615  ANGLE   =      222.0288  DIHED      =      821.4196
 VDWAALS =    31678.8639  EEL     =  -204431.8290  HBOND      =        0.0000
 1-4 VDW =      251.9991  1-4 EEL =    -4467.8857  RESTRAINT  =        0.0000


   NSTEP       ENERGY          RMS            GMAX         NAME    NUMBER
   9250      -1.6365E+05     4.6369E-02     2.3685E+00     C5        580

 BOND    =    12277.3810  ANGLE   =      221.9817  DIHED      =      821.3149
 VDWAALS =    31683.4493  EEL     =  -204443.0726  HBOND      =        0.0000
 1-4 VDW =      252.0107  1-4 EEL =    -4467.8497  RESTRAINT  =        0.0000


   NSTEP       ENERGY          RMS            GMAX         NAME    NUMBER
   9300      -1.6366E+05     4.9443E-02     2.8938E+00     Na+      1109

 BOND    =    12278.3800  ANGLE   =      221.9494  DIHED      =      821.2384
 VDWAALS =    31686.5131  EEL     =  -204450.7592  HBOND      =        0.0000
 1-4 VDW =      252.0539  1-4 EEL =    -4467.8991  RESTRAINT  =        0.0000


   NSTEP       ENERGY          RMS            GMAX         NAME    NUMBER
   9350      -1.6366E+05     7.6516E-02     4.2501E+00     C4        590

 BOND    =    12278.9562  ANGLE   =      222.0143  DIHED      =      821.1362
 VDWAALS =    31690.0073  EEL     =  -204458.8860  HBOND      =        0.0000
 1-4 VDW =      252.0635  1-4 EEL =    -4467.7284  RESTRAINT  =        0.0000


   NSTEP       ENERGY          RMS            GMAX         NAME    NUMBER
   9400      -1.6367E+05     1.4302E-01     6.6881E+00     O5'       318

 BOND    =    12281.3717  ANGLE   =      222.7802  DIHED      =      821.1491
 VDWAALS =    31698.9951  EEL     =  -204479.5988  HBOND      =        0.0000
 1-4 VDW =      252.0026  1-4 EEL =    -4467.7718  RESTRAINT  =        0.0000


   NSTEP       ENERGY          RMS            GMAX         NAME    NUMBER
   9450      -1.6368E+05     2.2143E-01     1.2362E+01     C4        982

 BOND    =    12284.4287  ANGLE   =      221.6181  DIHED      =      821.0157
 VDWAALS =    31708.9907  EEL     =  -204502.5825  HBOND      =        0.0000
 1-4 VDW =      252.1531  1-4 EEL =    -4467.7626  RESTRAINT  =        0.0000


   NSTEP       ENERGY          RMS            GMAX         NAME    NUMBER
   9500      -1.6369E+05     7.1314E-02     3.2104E+00     C2        493

 BOND    =    12284.3473  ANGLE   =      221.6898  DIHED      =      820.7491
 VDWAALS =    31710.7738  EEL     =  -204510.8704  HBOND      =        0.0000
 1-4 VDW =      252.0213  1-4 EEL =    -4467.5673  RESTRAINT  =        0.0000


   NSTEP       ENERGY          RMS            GMAX         NAME    NUMBER
   9550      -1.6370E+05     3.3171E-01     3.7271E+01     H2       5287

 BOND    =    12292.3433  ANGLE   =      222.4259  DIHED      =      820.5933
 VDWAALS =    31722.1086  EEL     =  -204540.7113  HBOND      =        0.0000
 1-4 VDW =      252.0694  1-4 EEL =    -4467.5228  RESTRAINT  =        0.0000


   NSTEP       ENERGY          RMS            GMAX         NAME    NUMBER
   9600      -1.6371E+05     2.0990E-01     1.4761E+01     C5        580

 BOND    =    12293.8130  ANGLE   =      222.6008  DIHED      =      820.3485
 VDWAALS =    31730.7404  EEL     =  -204566.1073  HBOND      =        0.0000
 1-4 VDW =      251.9656  1-4 EEL =    -4467.0933  RESTRAINT  =        0.0000


   NSTEP       ENERGY          RMS            GMAX         NAME    NUMBER
   9650      -1.6373E+05     1.1802E-01     6.1804E+00     C2'       593

 BOND    =    12291.7759  ANGLE   =      221.9650  DIHED      =      820.2559
 VDWAALS =    31735.0654  EEL     =  -204580.3485  HBOND      =        0.0000
 1-4 VDW =      251.9803  1-4 EEL =    -4466.9187  RESTRAINT  =        0.0000


   NSTEP       ENERGY          RMS            GMAX         NAME    NUMBER
   9700      -1.6374E+05     9.7027E-02     6.4789E+00     C5        580

 BOND    =    12293.9340  ANGLE   =      221.6853  DIHED      =      820.2025
 VDWAALS =    31740.7536  EEL     =  -204597.2326  HBOND      =        0.0000
 1-4 VDW =      251.9999  1-4 EEL =    -4466.9907  RESTRAINT  =        0.0000


   NSTEP       ENERGY          RMS            GMAX         NAME    NUMBER
   9750      -1.6375E+05     1.6526E-01     1.0149E+01     C5        580

 BOND    =    12298.4079  ANGLE   =      221.5513  DIHED      =      820.1528
 VDWAALS =    31745.5885  EEL     =  -204616.4487  HBOND      =        0.0000
 1-4 VDW =      251.9160  1-4 EEL =    -4466.6334  RESTRAINT  =        0.0000


   NSTEP       ENERGY          RMS            GMAX         NAME    NUMBER
   9800      -1.6376E+05     8.4610E-02     5.0720E+00     P          31

 BOND    =    12298.0922  ANGLE   =      221.2104  DIHED      =      820.2175
 VDWAALS =    31761.0702  EEL     =  -204644.1029  HBOND      =        0.0000
 1-4 VDW =      252.0309  1-4 EEL =    -4466.7298  RESTRAINT  =        0.0000


   NSTEP       ENERGY          RMS            GMAX         NAME    NUMBER
   9850      -1.6377E+05     9.5837E-02     4.2294E+00     H2      27670

 BOND    =    12296.8508  ANGLE   =      221.1796  DIHED      =      820.2992
 VDWAALS =    31763.1707  EEL     =  -204652.7844  HBOND      =        0.0000
 1-4 VDW =      252.0409  1-4 EEL =    -4466.5606  RESTRAINT  =        0.0000


   NSTEP       ENERGY          RMS            GMAX         NAME    NUMBER
   9900      -1.6377E+05     8.8312E-02     4.9581E+00     Na+      1109

 BOND    =    12301.5458  ANGLE   =      221.2233  DIHED      =      820.3809
 VDWAALS =    31767.5996  EEL     =  -204667.2409  HBOND      =        0.0000
 1-4 VDW =      252.0663  1-4 EEL =    -4466.4504  RESTRAINT  =        0.0000


   NSTEP       ENERGY          RMS            GMAX         NAME    NUMBER
   9950      -1.6378E+05     2.5434E-01     1.4254E+01     C5        580

 BOND    =    12299.3503  ANGLE   =      222.4124  DIHED      =      820.6930
 VDWAALS =    31773.9723  EEL     =  -204681.0694  HBOND      =        0.0000
 1-4 VDW =      251.9396  1-4 EEL =    -4466.6577  RESTRAINT  =        0.0000


   NSTEP       ENERGY          RMS            GMAX         NAME    NUMBER
  10000      -1.6379E+05     1.0691E-01     8.4652E+00     Na+      1109

 BOND    =    12307.1653  ANGLE   =      221.1954  DIHED      =      820.4276
 VDWAALS =    31777.5210  EEL     =  -204699.3287  HBOND      =        0.0000
 1-4 VDW =      251.8358  1-4 EEL =    -4466.1172  RESTRAINT  =        0.0000


  Maximum number of minimization cycles reached.


                    FINAL RESULTS



   NSTEP       ENERGY          RMS            GMAX         NAME    NUMBER
  10000      -1.6379E+05     1.0691E-01     8.4652E+00     Na+      1109

 BOND    =    12307.1653  ANGLE   =      221.1954  DIHED      =      820.4276
 VDWAALS =    31777.5210  EEL     =  -204699.3287  HBOND      =        0.0000
 1-4 VDW =      251.8358  1-4 EEL =    -4466.1172  RESTRAINT  =        0.0000
--------------------------------------------------------------------------------
   5.  TIMINGS
--------------------------------------------------------------------------------

|  NonSetup CPU Time in Major Routines:
|
|     Routine           Sec        %
|     ------------------------------
|     Nonbond          17.88   44.54
|     Bond              0.00    0.00
|     Angle             0.00    0.00
|     Dihedral          0.00    0.00
|     Shake             0.00    0.00
|     Other            22.26   55.46
|     ------------------------------
|     Total            40.14

|  PME Nonbond Pairlist CPU Time:
|
|     Routine              Sec        %
|     ---------------------------------
|     Set Up Cit           0.00    0.00
|     Build List           0.00    0.00
|     ---------------------------------
|     Total                0.00    0.00

|  PME Direct Force CPU Time:
|
|     Routine              Sec        %
|     ---------------------------------
|     NonBonded Calc       0.00    0.00
|     Exclude Masked       0.00    0.00
|     Other                0.02    0.06
|     ---------------------------------
|     Total                0.02    0.06

|  PME Reciprocal Force CPU Time:
|
|     Routine              Sec        %
|     ---------------------------------
|     1D bspline           0.00    0.00
|     Grid Charges         0.00    0.00
|     Scalar Sum           0.00    0.00
|     Gradient Sum         0.00    0.00
|     FFT                  0.00    0.00
|     ---------------------------------
|     Total                0.00    0.00

|  Setup CPU time:            1.36 seconds
|  NonSetup CPU time:        40.14 seconds
|  Total CPU time:           41.50 seconds     0.01 hours

|  Setup wall time:           1    seconds
|  NonSetup wall time:       41    seconds
|  Total wall time:          42    seconds     0.01 hours
