
          -------------------------------------------------------
          Amber 16 PMEMD                              2016
          -------------------------------------------------------

| PMEMD implementation of SANDER, Release 16

| Run on 01/17/2024 at 23:00:03

|   Executable path: pmemd.cuda
| Working directory: /home/students/keyq/fuben/input/4/nLG4right
|          Hostname: master

  [-O]verwriting output

File Assignments:
|   MDIN: min3.in                                                               
|  MDOUT: cmp_min3.out                                                          
| INPCRD: cmp_min2.rst                                                          
|   PARM: cmp.prmtop                                                            
| RESTRT: cmp_heat0.rst                                                         
|   REFC: cmp.inpcrd                                                            
|  MDVEL: mdvel                                                                 
|   MDEN: mden                                                                  
|  MDCRD: mdcrd                                                                 
| MDINFO: mdinfo                                                                
|  MDFRC: mdfrc                                                                 


 Here is the input file:

Initial minimisation of our structures                                         
 &cntrl                                                                        
  imin=1, maxcyc=10000, ncyc=5000,                                             
  cut=10, ntb=1,                                                               
/                                                                              


Note: ig = -1. Setting random seed to   750680 based on wallclock time in 
      microseconds.
 
|--------------------- INFORMATION ----------------------
| GPU (CUDA) Version of PMEMD in use: NVIDIA GPU IN USE.
|                    Version 16.0.0
| 
|                      02/25/2016
| 
| Implementation by:
|                    Ross C. Walker     (SDSC)
|                    Scott Le Grand     (nVIDIA)
| 
| Precision model in use:
|      [SPFP] - Single Precision Forces, 64-bit Fixed Point
|               Accumulation. (Default)
| 
|--------------------------------------------------------
 
|----------------- CITATION INFORMATION -----------------
|
|    When publishing work that utilized the CUDA version
|    of AMBER, please cite the following in addition to
|    the regular AMBER citations:
|
|  - Romelia Salomon-Ferrer; Andreas W. Goetz; Duncan
|    Poole; Scott Le Grand; Ross C. Walker "Routine
|    microsecond molecular dynamics simulations with
|    AMBER - Part II: Particle Mesh Ewald", J. Chem.
|    Theory Comput., 2013, 9 (9), pp3878-3888,
|    DOI: 10.1021/ct400314y.
|
|  - Andreas W. Goetz; Mark J. Williamson; Dong Xu;
|    Duncan Poole; Scott Le Grand; Ross C. Walker
|    "Routine microsecond molecular dynamics simulations
|    with AMBER - Part I: Generalized Born", J. Chem.
|    Theory Comput., 2012, 8 (5), pp1542-1555.
|
|  - Scott Le Grand; Andreas W. Goetz; Ross C. Walker
|    "SPFP: Speed without compromise - a mixed precision
|    model for GPU accelerated molecular dynamics
|    simulations.", Comp. Phys. Comm., 2013, 184
|    pp374-380, DOI: 10.1016/j.cpc.2012.09.022
|
|--------------------------------------------------------
 
|------------------- GPU DEVICE INFO --------------------
|
|            CUDA_VISIBLE_DEVICES: 0
|   CUDA Capable Devices Detected:      1
|           CUDA Device ID in use:      0
|                CUDA Device Name: Tesla V100-PCIE-32GB
|     CUDA Device Global Mem Size:  32510 MB
| CUDA Device Num Multiprocessors:     80
|           CUDA Device Core Freq:   1.38 GHz
|
|--------------------------------------------------------
 
 
| Conditional Compilation Defines Used:
| PUBFFT
| BINTRAJ
| CUDA
| EMIL

| Largest sphere to fit in unit cell has radius =    33.338

| New format PARM file being parsed.
| Version =    1.000 Date = 01/29/21 Time = 11:07:54

| Note: 1-4 EEL scale factors are being read from the topology file.

| Note: 1-4 VDW scale factors are being read from the topology file.
| Duplicated    0 dihedrals

| Duplicated    0 dihedrals

--------------------------------------------------------------------------------
   1.  RESOURCE   USE: 
--------------------------------------------------------------------------------

 getting box info from netcdf restart file
 NATOM  =   37057 NTYPES =      18 NBONH =   36318 MBONA  =     790
 NTHETH =     882 MTHETA =    1223 NPHIH =    1873 MPHIA  =    2451
 NHPARM =       0 NPARM  =       0 NNB   =   54006 NRES   =   12045
 NBONA  =     790 NTHETA =    1223 NPHIA =    2451 NUMBND =      73
 NUMANG =     152 NPTRA  =      87 NATYP =      37 NPHB   =       1
 IFBOX  =       2 NMXRS  =      34 IFCAP =       0 NEXTRA =       0
 NCOPY  =       0

| Coordinate Index Table dimensions:    13   13   13
| Direct force subcell size =     6.2816    6.2816    6.2816

     BOX TYPE: TRUNCATED OCTAHEDRON

--------------------------------------------------------------------------------
   2.  CONTROL  DATA  FOR  THE  RUN
--------------------------------------------------------------------------------

default_name                                                                    

General flags:
     imin    =       1, nmropt  =       0

Nature and format of input:
     ntx     =       1, irest   =       0, ntrx    =       1

Nature and format of output:
     ntxo    =       2, ntpr    =      50, ntrx    =       1, ntwr    =       1
     iwrap   =       0, ntwx    =       0, ntwv    =       0, ntwe    =       0
     ioutfm  =       1, ntwprt  =       0, idecomp =       0, rbornstat=      0

Potential function:
     ntf     =       1, ntb     =       1, igb     =       0, nsnb    =      25
     ipol    =       0, gbsa    =       0, iesp    =       0
     dielc   =   1.00000, cut     =  10.00000, intdiel =   1.00000

Frozen or restrained atoms:
     ibelly  =       0, ntr     =       0

Energy minimization:
     maxcyc  =   10000, ncyc    =    5000, ntmin   =       1
     dx0     =   0.01000, drms    =   0.00010

| Intermolecular bonds treatment:
|     no_intermolecular_bonds =       1

| Energy averages sample interval:
|     ene_avg_sampling =       1

Ewald parameters:
     verbose =       0, ew_type =       0, nbflag  =       1, use_pme =       1
     vdwmeth =       1, eedmeth =       1, netfrc  =       0
     Box X =   81.661   Box Y =   81.661   Box Z =   81.661
     Alpha =  109.471   Beta  =  109.471   Gamma =  109.471
     NFFT1 =   84       NFFT2 =   84       NFFT3 =   84
     Cutoff=   10.000   Tol   =0.100E-04
     Ewald Coefficient =  0.27511
     Interpolation order =    4

--------------------------------------------------------------------------------
   3.  ATOMIC COORDINATES AND VELOCITIES
--------------------------------------------------------------------------------

default_name                                                                    
 begin time read from input coords =     0.000 ps

 
 Number of triangulated 3-point waters found:    11979

     Sum of charges from parm topology file =   0.00000010
     Forcing neutrality...

| Dynamic Memory, Types Used:
| Reals              960379
| Integers           889382

| Nonbonded Pairs Initial Allocation:    11208816

| GPU memory information (estimate):
| KB of GPU memory in use:    211107
| KB of CPU memory in use:     65954

--------------------------------------------------------------------------------
   4.  RESULTS
--------------------------------------------------------------------------------

 ---------------------------------------------------
 APPROXIMATING switch and d/dx switch using CUBIC SPLINE INTERPOLATION
 using   5000.0 points per unit in tabled values
 TESTING RELATIVE ERROR over r ranging from 0.0 to cutoff
| CHECK switch(x): max rel err =   0.2738E-14   at   2.422500
| CHECK d/dx switch(x): max rel err =   0.8314E-11   at   2.736960
 ---------------------------------------------------
|---------------------------------------------------
| APPROXIMATING direct energy using CUBIC SPLINE INTERPOLATION
|  with   50.0 points per unit in tabled values
| Relative Error Limit not exceeded for r .gt.   2.33
| APPROXIMATING direct force using CUBIC SPLINE INTERPOLATION
|  with   50.0 points per unit in tabled values
| Relative Error Limit not exceeded for r .gt.   2.80
|---------------------------------------------------


   NSTEP       ENERGY          RMS            GMAX         NAME    NUMBER
      1      -1.6379E+05     1.0691E-01     8.4652E+00     Na+      1109

 BOND    =    12307.1653  ANGLE   =      221.1954  DIHED      =      820.4276
 VDWAALS =    31777.5181  EEL     =  -204699.3508  HBOND      =        0.0000
 1-4 VDW =      251.8358  1-4 EEL =    -4466.1172  RESTRAINT  =        0.0000


   NSTEP       ENERGY          RMS            GMAX         NAME    NUMBER
     50      -1.6379E+05     6.5512E-02     4.5794E+00     C4       1016

 BOND    =    12299.6480  ANGLE   =      221.0753  DIHED      =      820.4083
 VDWAALS =    31779.3561  EEL     =  -204695.6002  HBOND      =        0.0000
 1-4 VDW =      251.8877  1-4 EEL =    -4466.7004  RESTRAINT  =        0.0000


   NSTEP       ENERGY          RMS            GMAX         NAME    NUMBER
    100      -1.6379E+05     2.2682E-02     1.4834E+00     H2      16102

 BOND    =    12305.8069  ANGLE   =      221.0213  DIHED      =      820.4144
 VDWAALS =    31780.6212  EEL     =  -204704.5311  HBOND      =        0.0000
 1-4 VDW =      251.8931  1-4 EEL =    -4466.6689  RESTRAINT  =        0.0000


   NSTEP       ENERGY          RMS            GMAX         NAME    NUMBER
    150      -1.6379E+05     5.2220E-02     7.9002E+00     P          31

 BOND    =    12307.9775  ANGLE   =      221.0487  DIHED      =      820.4207
 VDWAALS =    31781.9635  EEL     =  -204709.5288  HBOND      =        0.0000
 1-4 VDW =      251.8974  1-4 EEL =    -4466.6455  RESTRAINT  =        0.0000


   NSTEP       ENERGY          RMS            GMAX         NAME    NUMBER
    200      -1.6379E+05     2.2049E-02     2.6574E+00     P          31

 BOND    =    12305.0025  ANGLE   =      221.0125  DIHED      =      820.4226
 VDWAALS =    31783.2686  EEL     =  -204709.2876  HBOND      =        0.0000
 1-4 VDW =      251.8777  1-4 EEL =    -4466.6723  RESTRAINT  =        0.0000


   NSTEP       ENERGY          RMS            GMAX         NAME    NUMBER
    250      -1.6380E+05     4.4683E-02     7.8562E+00     P          31

 BOND    =    12305.2632  ANGLE   =      221.0378  DIHED      =      820.4288
 VDWAALS =    31784.5741  EEL     =  -204712.1712  HBOND      =        0.0000
 1-4 VDW =      251.8563  1-4 EEL =    -4466.6929  RESTRAINT  =        0.0000


   NSTEP       ENERGY          RMS            GMAX         NAME    NUMBER
    300      -1.6380E+05     1.8622E-02     1.6123E+00     P          31

 BOND    =    12305.4834  ANGLE   =      221.0257  DIHED      =      820.4330
 VDWAALS =    31785.7548  EEL     =  -204714.9080  HBOND      =        0.0000
 1-4 VDW =      251.8682  1-4 EEL =    -4466.6531  RESTRAINT  =        0.0000


   NSTEP       ENERGY          RMS            GMAX         NAME    NUMBER
    350      -1.6380E+05     2.5370E-02     3.2289E+00     P          31

 BOND    =    12305.6891  ANGLE   =      221.0427  DIHED      =      820.4384
 VDWAALS =    31786.9526  EEL     =  -204717.5398  HBOND      =        0.0000
 1-4 VDW =      251.8577  1-4 EEL =    -4466.6461  RESTRAINT  =        0.0000


   NSTEP       ENERGY          RMS            GMAX         NAME    NUMBER
    400      -1.6380E+05     1.7100E-02     8.6218E-01     P          31

 BOND    =    12305.8780  ANGLE   =      221.0224  DIHED      =      820.4465
 VDWAALS =    31788.0750  EEL     =  -204719.9607  HBOND      =        0.0000
 1-4 VDW =      251.8470  1-4 EEL =    -4466.6572  RESTRAINT  =        0.0000


   NSTEP       ENERGY          RMS            GMAX         NAME    NUMBER
    450      -1.6380E+05     2.7698E-02     2.5987E+00     P         315

 BOND    =    12306.0597  ANGLE   =      221.0263  DIHED      =      820.4543
 VDWAALS =    31789.1436  EEL     =  -204722.2881  HBOND      =        0.0000
 1-4 VDW =      251.8380  1-4 EEL =    -4466.6626  RESTRAINT  =        0.0000


   NSTEP       ENERGY          RMS            GMAX         NAME    NUMBER
    500      -1.6380E+05     4.8592E-02     4.6345E+00     P         315

 BOND    =    12306.1747  ANGLE   =      221.1274  DIHED      =      820.4619
 VDWAALS =    31790.1815  EEL     =  -204724.6366  HBOND      =        0.0000
 1-4 VDW =      251.8142  1-4 EEL =    -4466.6812  RESTRAINT  =        0.0000


   NSTEP       ENERGY          RMS            GMAX         NAME    NUMBER
    550      -1.6380E+05     1.6224E-02     6.7426E-01     H2      32590

 BOND    =    12306.4048  ANGLE   =      221.0313  DIHED      =      820.4644
 VDWAALS =    31791.0832  EEL     =  -204726.8316  HBOND      =        0.0000
 1-4 VDW =      251.8118  1-4 EEL =    -4466.6429  RESTRAINT  =        0.0000


   NSTEP       ENERGY          RMS            GMAX         NAME    NUMBER
    600      -1.6380E+05     2.5644E-02     1.6519E+00     C4       1016

 BOND    =    12306.6283  ANGLE   =      220.9861  DIHED      =      820.4700
 VDWAALS =    31791.9919  EEL     =  -204729.0176  HBOND      =        0.0000
 1-4 VDW =      251.8040  1-4 EEL =    -4466.6296  RESTRAINT  =        0.0000


   NSTEP       ENERGY          RMS            GMAX         NAME    NUMBER
    650      -1.6380E+05     1.6337E-02     7.0249E-01     H2      32590

 BOND    =    12306.7177  ANGLE   =      221.0551  DIHED      =      820.4761
 VDWAALS =    31792.8537  EEL     =  -204731.1319  HBOND      =        0.0000
 1-4 VDW =      251.7836  1-4 EEL =    -4466.6454  RESTRAINT  =        0.0000


   NSTEP       ENERGY          RMS            GMAX         NAME    NUMBER
    700      -1.6381E+05     2.8964E-02     2.3593E+00     C4       1016

 BOND    =    12306.8819  ANGLE   =      221.0633  DIHED      =      820.4816
 VDWAALS =    31793.7113  EEL     =  -204733.2949  HBOND      =        0.0000
 1-4 VDW =      251.7751  1-4 EEL =    -4466.6485  RESTRAINT  =        0.0000


   NSTEP       ENERGY          RMS            GMAX         NAME    NUMBER
    750      -1.6381E+05     4.7567E-02     4.1915E+00     C4       1016

 BOND    =    12307.0896  ANGLE   =      221.0312  DIHED      =      820.4868
 VDWAALS =    31794.5210  EEL     =  -204735.3838  HBOND      =        0.0000
 1-4 VDW =      251.7747  1-4 EEL =    -4466.6430  RESTRAINT  =        0.0000


   NSTEP       ENERGY          RMS            GMAX         NAME    NUMBER
    800      -1.6381E+05     1.9403E-02     1.1058E+00     C4       1016

 BOND    =    12307.2081  ANGLE   =      221.0664  DIHED      =      820.4920
 VDWAALS =    31795.3293  EEL     =  -204737.4885  HBOND      =        0.0000
 1-4 VDW =      251.7298  1-4 EEL =    -4466.6408  RESTRAINT  =        0.0000


   NSTEP       ENERGY          RMS            GMAX         NAME    NUMBER
    850      -1.6381E+05     3.0710E-02     2.4963E+00     C4       1016

 BOND    =    12307.3958  ANGLE   =      221.0493  DIHED      =      820.4973
 VDWAALS =    31796.0965  EEL     =  -204739.5085  HBOND      =        0.0000
 1-4 VDW =      251.7127  1-4 EEL =    -4466.6346  RESTRAINT  =        0.0000


   NSTEP       ENERGY          RMS            GMAX         NAME    NUMBER
    900      -1.6381E+05     5.9623E-02     5.5461E+00     C4       1016

 BOND    =    12307.5140  ANGLE   =      221.1746  DIHED      =      820.5023
 VDWAALS =    31796.8803  EEL     =  -204741.6060  HBOND      =        0.0000
 1-4 VDW =      251.6603  1-4 EEL =    -4466.6492  RESTRAINT  =        0.0000


   NSTEP       ENERGY          RMS            GMAX         NAME    NUMBER
    950      -1.6381E+05     3.4309E-02     3.0439E+00     C4       1016

 BOND    =    12307.6175  ANGLE   =      221.1694  DIHED      =      820.5053
 VDWAALS =    31797.6346  EEL     =  -204743.6985  HBOND      =        0.0000
 1-4 VDW =      251.6702  1-4 EEL =    -4466.6632  RESTRAINT  =        0.0000


   NSTEP       ENERGY          RMS            GMAX         NAME    NUMBER
   1000      -1.6381E+05     1.6464E-02     7.8154E-01     H1      28860

 BOND    =    12307.7910  ANGLE   =      221.1665  DIHED      =      820.5097
 VDWAALS =    31798.3871  EEL     =  -204745.6872  HBOND      =        0.0000
 1-4 VDW =      251.6406  1-4 EEL =    -4466.6608  RESTRAINT  =        0.0000


   NSTEP       ENERGY          RMS            GMAX         NAME    NUMBER
   1050      -1.6381E+05     2.2582E-02     1.5574E+00     C4       1016

 BOND    =    12307.9683  ANGLE   =      221.1822  DIHED      =      820.5134
 VDWAALS =    31799.1698  EEL     =  -204747.8415  HBOND      =        0.0000
 1-4 VDW =      251.6156  1-4 EEL =    -4466.6641  RESTRAINT  =        0.0000


   NSTEP       ENERGY          RMS            GMAX         NAME    NUMBER
   1100      -1.6382E+05     4.3610E-02     3.9665E+00     C4       1016

 BOND    =    12308.1928  ANGLE   =      221.1819  DIHED      =      820.5172
 VDWAALS =    31799.9777  EEL     =  -204749.9977  HBOND      =        0.0000
 1-4 VDW =      251.5930  1-4 EEL =    -4466.6638  RESTRAINT  =        0.0000


   NSTEP       ENERGY          RMS            GMAX         NAME    NUMBER
   1150      -1.6382E+05     1.8170E-02     7.9311E-01     C4       1016

 BOND    =    12308.2939  ANGLE   =      221.2421  DIHED      =      820.5183
 VDWAALS =    31800.7919  EEL     =  -204752.1175  HBOND      =        0.0000
 1-4 VDW =      251.5753  1-4 EEL =    -4466.6809  RESTRAINT  =        0.0000


   NSTEP       ENERGY          RMS            GMAX         NAME    NUMBER
   1200      -1.6382E+05     1.8353E-02     8.1488E-01     C4       1016

 BOND    =    12308.4778  ANGLE   =      221.2566  DIHED      =      820.5197
 VDWAALS =    31801.5962  EEL     =  -204754.2691  HBOND      =        0.0000
 1-4 VDW =      251.5585  1-4 EEL =    -4466.6862  RESTRAINT  =        0.0000


   NSTEP       ENERGY          RMS            GMAX         NAME    NUMBER
   1250      -1.6382E+05     1.7261E-02     7.7163E-01     H1       6975

 BOND    =    12308.6717  ANGLE   =      221.2719  DIHED      =      820.5209
 VDWAALS =    31802.4377  EEL     =  -204756.4723  HBOND      =        0.0000
 1-4 VDW =      251.5400  1-4 EEL =    -4466.6906  RESTRAINT  =        0.0000


   NSTEP       ENERGY          RMS            GMAX         NAME    NUMBER
   1300      -1.6382E+05     2.8189E-02     2.2339E+00     C4       1016

 BOND    =    12308.8933  ANGLE   =      221.2690  DIHED      =      820.5210
 VDWAALS =    31803.2846  EEL     =  -204758.7111  HBOND      =        0.0000
 1-4 VDW =      251.5273  1-4 EEL =    -4466.6911  RESTRAINT  =        0.0000


   NSTEP       ENERGY          RMS            GMAX         NAME    NUMBER
   1350      -1.6382E+05     4.5654E-02     3.9705E+00     C4       1016

 BOND    =    12309.1625  ANGLE   =      221.2271  DIHED      =      820.5205
 VDWAALS =    31804.1063  EEL     =  -204760.8639  HBOND      =        0.0000
 1-4 VDW =      251.5251  1-4 EEL =    -4466.6830  RESTRAINT  =        0.0000


   NSTEP       ENERGY          RMS            GMAX         NAME    NUMBER
   1400      -1.6382E+05     2.2272E-02     1.1880E+00     C4        303

 BOND    =    12309.2915  ANGLE   =      221.2469  DIHED      =      820.5179
 VDWAALS =    31804.8743  EEL     =  -204762.9294  HBOND      =        0.0000
 1-4 VDW =      251.5265  1-4 EEL =    -4466.6908  RESTRAINT  =        0.0000


   NSTEP       ENERGY          RMS            GMAX         NAME    NUMBER
   1450      -1.6382E+05     4.5224E-02     3.5606E+00     C5        298

 BOND    =    12309.3302  ANGLE   =      221.4583  DIHED      =      820.5155
 VDWAALS =    31805.6963  EEL     =  -204765.0517  HBOND      =        0.0000
 1-4 VDW =      251.4817  1-4 EEL =    -4466.7265  RESTRAINT  =        0.0000


   NSTEP       ENERGY          RMS            GMAX         NAME    NUMBER
   1500      -1.6382E+05     6.9966E-02     6.1079E+00     C5        298

 BOND    =    12309.4539  ANGLE   =      221.5888  DIHED      =      820.5135
 VDWAALS =    31806.4356  EEL     =  -204767.0256  HBOND      =        0.0000
 1-4 VDW =      251.4472  1-4 EEL =    -4466.7442  RESTRAINT  =        0.0000


   NSTEP       ENERGY          RMS            GMAX         NAME    NUMBER
   1550      -1.6383E+05     2.4257E-02     1.7732E+00     H1       3900

 BOND    =    12309.8893  ANGLE   =      221.2139  DIHED      =      820.5123
 VDWAALS =    31807.0514  EEL     =  -204769.0314  HBOND      =        0.0000
 1-4 VDW =      251.5181  1-4 EEL =    -4466.6799  RESTRAINT  =        0.0000


   NSTEP       ENERGY          RMS            GMAX         NAME    NUMBER
   1600      -1.6383E+05     5.8513E-02     4.9678E+00     C5        298

 BOND    =    12310.2571  ANGLE   =      221.0602  DIHED      =      820.5107
 VDWAALS =    31807.7233  EEL     =  -204771.1370  HBOND      =        0.0000
 1-4 VDW =      251.5494  1-4 EEL =    -4466.6491  RESTRAINT  =        0.0000


   NSTEP       ENERGY          RMS            GMAX         NAME    NUMBER
   1650      -1.6383E+05     1.8956E-02     2.1667E+00     H1       3900

 BOND    =    12310.2045  ANGLE   =      221.3014  DIHED      =      820.5075
 VDWAALS =    31808.4440  EEL     =  -204773.2737  HBOND      =        0.0000
 1-4 VDW =      251.4932  1-4 EEL =    -4466.6905  RESTRAINT  =        0.0000


   NSTEP       ENERGY          RMS            GMAX         NAME    NUMBER
   1700      -1.6383E+05     4.7718E-02     2.3560E+00     C4        303

 BOND    =    12310.3584  ANGLE   =      221.4034  DIHED      =      820.5045
 VDWAALS =    31809.1835  EEL     =  -204775.5261  HBOND      =        0.0000
 1-4 VDW =      251.4709  1-4 EEL =    -4466.7078  RESTRAINT  =        0.0000


   NSTEP       ENERGY          RMS            GMAX         NAME    NUMBER
   1750      -1.6383E+05     6.5622E-02     4.8213E+00     H1      30822

 BOND    =    12310.7458  ANGLE   =      221.2788  DIHED      =      820.5023
 VDWAALS =    31809.9614  EEL     =  -204777.9637  HBOND      =        0.0000
 1-4 VDW =      251.4918  1-4 EEL =    -4466.6800  RESTRAINT  =        0.0000


   NSTEP       ENERGY          RMS            GMAX         NAME    NUMBER
   1800      -1.6383E+05     3.3834E-02     2.7557E+00     H1      30822

 BOND    =    12310.9800  ANGLE   =      221.2728  DIHED      =      820.4996
 VDWAALS =    31810.8440  EEL     =  -204780.4964  HBOND      =        0.0000
 1-4 VDW =      251.4892  1-4 EEL =    -4466.6735  RESTRAINT  =        0.0000


   NSTEP       ENERGY          RMS            GMAX         NAME    NUMBER
   1850      -1.6383E+05     5.4729E-02     5.5206E+00     H1      30822

 BOND    =    12311.2897  ANGLE   =      221.2735  DIHED      =      820.4966
 VDWAALS =    31811.7426  EEL     =  -204782.9909  HBOND      =        0.0000
 1-4 VDW =      251.4861  1-4 EEL =    -4466.6698  RESTRAINT  =        0.0000


   NSTEP       ENERGY          RMS            GMAX         NAME    NUMBER
   1900      -1.6383E+05     1.7984E-02     1.0801E+00     H2      29914

 BOND    =    12311.4817  ANGLE   =      221.2723  DIHED      =      820.4935
 VDWAALS =    31812.5751  EEL     =  -204785.3060  HBOND      =        0.0000
 1-4 VDW =      251.4819  1-4 EEL =    -4466.6665  RESTRAINT  =        0.0000


   NSTEP       ENERGY          RMS            GMAX         NAME    NUMBER
   1950      -1.6384E+05     4.9206E-02     4.5613E+00     H1      30822

 BOND    =    12311.7504  ANGLE   =      221.2692  DIHED      =      820.4906
 VDWAALS =    31813.4563  EEL     =  -204787.7009  HBOND      =        0.0000
 1-4 VDW =      251.4764  1-4 EEL =    -4466.6646  RESTRAINT  =        0.0000


   NSTEP       ENERGY          RMS            GMAX         NAME    NUMBER
   2000      -1.6384E+05     1.8849E-02     1.0325E+00     P         663

 BOND    =    12312.0155  ANGLE   =      221.2787  DIHED      =      820.4865
 VDWAALS =    31814.3402  EEL     =  -204790.0883  HBOND      =        0.0000
 1-4 VDW =      251.4733  1-4 EEL =    -4466.6600  RESTRAINT  =        0.0000


   NSTEP       ENERGY          RMS            GMAX         NAME    NUMBER
   2050      -1.6384E+05     4.0091E-02     7.0850E+00     P         663

 BOND    =    12312.2699  ANGLE   =      221.2622  DIHED      =      820.4853
 VDWAALS =    31815.3136  EEL     =  -204792.5243  HBOND      =        0.0000
 1-4 VDW =      251.4627  1-4 EEL =    -4466.6628  RESTRAINT  =        0.0000


   NSTEP       ENERGY          RMS            GMAX         NAME    NUMBER
   2100      -1.6384E+05     6.5528E-02     1.2688E+01     P         663

 BOND    =    12312.5979  ANGLE   =      221.2567  DIHED      =      820.4825
 VDWAALS =    31816.3108  EEL     =  -204794.9895  HBOND      =        0.0000
 1-4 VDW =      251.4559  1-4 EEL =    -4466.6622  RESTRAINT  =        0.0000


   NSTEP       ENERGY          RMS            GMAX         NAME    NUMBER
   2150      -1.6384E+05     2.1687E-02     2.8020E+00     P         663

 BOND    =    12312.7901  ANGLE   =      221.3020  DIHED      =      820.4734
 VDWAALS =    31817.3540  EEL     =  -204797.4142  HBOND      =        0.0000
 1-4 VDW =      251.4548  1-4 EEL =    -4466.6564  RESTRAINT  =        0.0000


   NSTEP       ENERGY          RMS            GMAX         NAME    NUMBER
   2200      -1.6384E+05     5.4157E-02     9.9159E+00     P         663

 BOND    =    12313.0681  ANGLE   =      221.3333  DIHED      =      820.4668
 VDWAALS =    31818.4009  EEL     =  -204799.7901  HBOND      =        0.0000
 1-4 VDW =      251.4527  1-4 EEL =    -4466.6566  RESTRAINT  =        0.0000


   NSTEP       ENERGY          RMS            GMAX         NAME    NUMBER
   2250      -1.6384E+05     1.6572E-02     7.1571E-01     H1      12906

 BOND    =    12313.2750  ANGLE   =      221.2970  DIHED      =      820.4645
 VDWAALS =    31819.4733  EEL     =  -204802.0795  HBOND      =        0.0000
 1-4 VDW =      251.4423  1-4 EEL =    -4466.6498  RESTRAINT  =        0.0000


   NSTEP       ENERGY          RMS            GMAX         NAME    NUMBER
   2300      -1.6384E+05     4.2980E-02     3.6568E+00     C6        680

 BOND    =    12313.5077  ANGLE   =      221.3096  DIHED      =      820.4609
 VDWAALS =    31820.5213  EEL     =  -204804.3454  HBOND      =        0.0000
 1-4 VDW =      251.4323  1-4 EEL =    -4466.6406  RESTRAINT  =        0.0000


   NSTEP       ENERGY          RMS            GMAX         NAME    NUMBER
   2350      -1.6384E+05     1.6726E-02     7.0296E-01     H1      12906

 BOND    =    12313.7645  ANGLE   =      221.3123  DIHED      =      820.4525
 VDWAALS =    31821.5608  EEL     =  -204806.6394  HBOND      =        0.0000
 1-4 VDW =      251.4277  1-4 EEL =    -4466.6556  RESTRAINT  =        0.0000


   NSTEP       ENERGY          RMS            GMAX         NAME    NUMBER
   2400      -1.6385E+05     3.4614E-02     2.4548E+00     C4        488

 BOND    =    12314.0354  ANGLE   =      221.3274  DIHED      =      820.4455
 VDWAALS =    31822.5812  EEL     =  -204808.8271  HBOND      =        0.0000
 1-4 VDW =      251.4132  1-4 EEL =    -4466.6655  RESTRAINT  =        0.0000


   NSTEP       ENERGY          RMS            GMAX         NAME    NUMBER
   2450      -1.6385E+05     1.6715E-02     8.1664E-01     C6        680

 BOND    =    12314.1795  ANGLE   =      221.3259  DIHED      =      820.4415
 VDWAALS =    31823.4814  EEL     =  -204810.7445  HBOND      =        0.0000
 1-4 VDW =      251.4169  1-4 EEL =    -4466.6489  RESTRAINT  =        0.0000


   NSTEP       ENERGY          RMS            GMAX         NAME    NUMBER
   2500      -1.6385E+05     1.5132E-02     6.6735E-01     H1      12906

 BOND    =    12314.3764  ANGLE   =      221.3378  DIHED      =      820.4353
 VDWAALS =    31824.3867  EEL     =  -204812.6561  HBOND      =        0.0000
 1-4 VDW =      251.4077  1-4 EEL =    -4466.6502  RESTRAINT  =        0.0000


   NSTEP       ENERGY          RMS            GMAX         NAME    NUMBER
   2550      -1.6385E+05     4.6840E-02     5.3155E+00     C6        680

 BOND    =    12314.6097  ANGLE   =      221.3255  DIHED      =      820.4294
 VDWAALS =    31825.3183  EEL     =  -204814.7197  HBOND      =        0.0000
 1-4 VDW =      251.4111  1-4 EEL =    -4466.6385  RESTRAINT  =        0.0000


   NSTEP       ENERGY          RMS            GMAX         NAME    NUMBER
   2600      -1.6385E+05     1.4828E-02     6.4575E-01     H1      26673

 BOND    =    12314.7908  ANGLE   =      221.3566  DIHED      =      820.4217
 VDWAALS =    31826.1944  EEL     =  -204816.7098  HBOND      =        0.0000
 1-4 VDW =      251.3910  1-4 EEL =    -4466.6513  RESTRAINT  =        0.0000


   NSTEP       ENERGY          RMS            GMAX         NAME    NUMBER
   2650      -1.6385E+05     3.1571E-02     2.4668E+00     C4        488

 BOND    =    12314.9995  ANGLE   =      221.3477  DIHED      =      820.4158
 VDWAALS =    31827.0847  EEL     =  -204818.7134  HBOND      =        0.0000
 1-4 VDW =      251.3808  1-4 EEL =    -4466.6379  RESTRAINT  =        0.0000


   NSTEP       ENERGY          RMS            GMAX         NAME    NUMBER
   2700      -1.6385E+05     1.5945E-02     7.4044E-01     H1      26673

 BOND    =    12315.2008  ANGLE   =      221.3905  DIHED      =      820.4054
 VDWAALS =    31827.9432  EEL     =  -204820.7127  HBOND      =        0.0000
 1-4 VDW =      251.3726  1-4 EEL =    -4466.6569  RESTRAINT  =        0.0000


   NSTEP       ENERGY          RMS            GMAX         NAME    NUMBER
   2750      -1.6385E+05     2.7981E-02     1.9395E+00     C4        488

 BOND    =    12315.4316  ANGLE   =      221.4111  DIHED      =      820.3962
 VDWAALS =    31828.8279  EEL     =  -204822.7787  HBOND      =        0.0000
 1-4 VDW =      251.3613  1-4 EEL =    -4466.6616  RESTRAINT  =        0.0000


   NSTEP       ENERGY          RMS            GMAX         NAME    NUMBER
   2800      -1.6385E+05     1.4770E-02     8.1983E-01     H1      26673

 BOND    =    12315.6023  ANGLE   =      221.4098  DIHED      =      820.3891
 VDWAALS =    31829.6845  EEL     =  -204824.7180  HBOND      =        0.0000
 1-4 VDW =      251.3564  1-4 EEL =    -4466.6540  RESTRAINT  =        0.0000


   NSTEP       ENERGY          RMS            GMAX         NAME    NUMBER
   2850      -1.6385E+05     3.0432E-02     3.0338E+00     C6        680

 BOND    =    12315.8017  ANGLE   =      221.4372  DIHED      =      820.3809
 VDWAALS =    31830.5462  EEL     =  -204826.5903  HBOND      =        0.0000
 1-4 VDW =      251.3473  1-4 EEL =    -4466.6553  RESTRAINT  =        0.0000


   NSTEP       ENERGY          RMS            GMAX         NAME    NUMBER
   2900      -1.6385E+05     5.1806E-02     5.7209E+00     C6        680

 BOND    =    12316.0365  ANGLE   =      221.4201  DIHED      =      820.3728
 VDWAALS =    31831.3624  EEL     =  -204828.3926  HBOND      =        0.0000
 1-4 VDW =      251.3436  1-4 EEL =    -4466.6550  RESTRAINT  =        0.0000


   NSTEP       ENERGY          RMS            GMAX         NAME    NUMBER
   2950      -1.6386E+05     6.7048E-02     5.3037E+00     C6        680

 BOND    =    12316.2370  ANGLE   =      221.4341  DIHED      =      820.3646
 VDWAALS =    31832.2416  EEL     =  -204830.2422  HBOND      =        0.0000
 1-4 VDW =      251.3377  1-4 EEL =    -4466.6565  RESTRAINT  =        0.0000


   NSTEP       ENERGY          RMS            GMAX         NAME    NUMBER
   3000      -1.6386E+05     3.5661E-02     2.1735E+00     H2      35293

 BOND    =    12316.4165  ANGLE   =      221.4405  DIHED      =      820.3575
 VDWAALS =    31833.2211  EEL     =  -204832.2523  HBOND      =        0.0000
 1-4 VDW =      251.3249  1-4 EEL =    -4466.6473  RESTRAINT  =        0.0000


   NSTEP       ENERGY          RMS            GMAX         NAME    NUMBER
   3050      -1.6386E+05     4.5373E-02     3.9171E+00     C4        488

 BOND    =    12316.6650  ANGLE   =      221.4245  DIHED      =      820.3503
 VDWAALS =    31834.2930  EEL     =  -204834.4038  HBOND      =        0.0000
 1-4 VDW =      251.3157  1-4 EEL =    -4466.6294  RESTRAINT  =        0.0000


   NSTEP       ENERGY          RMS            GMAX         NAME    NUMBER
   3100      -1.6386E+05     1.7135E-02     9.4610E-01     C4        488

 BOND    =    12316.8626  ANGLE   =      221.4917  DIHED      =      820.3386
 VDWAALS =    31835.3791  EEL     =  -204836.5205  HBOND      =        0.0000
 1-4 VDW =      251.3116  1-4 EEL =    -4466.6623  RESTRAINT  =        0.0000


   NSTEP       ENERGY          RMS            GMAX         NAME    NUMBER
   3150      -1.6386E+05     4.5239E-02     3.7044E+00     C4        488

 BOND    =    12317.1393  ANGLE   =      221.5055  DIHED      =      820.3287
 VDWAALS =    31836.4605  EEL     =  -204838.5913  HBOND      =        0.0000
 1-4 VDW =      251.3124  1-4 EEL =    -4466.6722  RESTRAINT  =        0.0000


   NSTEP       ENERGY          RMS            GMAX         NAME    NUMBER
   3200      -1.6386E+05     1.4160E-02     5.1876E-01     C4        488

 BOND    =    12317.2926  ANGLE   =      221.4917  DIHED      =      820.3222
 VDWAALS =    31837.5668  EEL     =  -204840.5854  HBOND      =        0.0000
 1-4 VDW =      251.3061  1-4 EEL =    -4466.6537  RESTRAINT  =        0.0000


   NSTEP       ENERGY          RMS            GMAX         NAME    NUMBER
   3250      -1.6386E+05     1.2283E-02     4.6111E-01     H1      12906

 BOND    =    12317.5074  ANGLE   =      221.4994  DIHED      =      820.3139
 VDWAALS =    31838.6109  EEL     =  -204842.5107  HBOND      =        0.0000
 1-4 VDW =      251.3023  1-4 EEL =    -4466.6541  RESTRAINT  =        0.0000


   NSTEP       ENERGY          RMS            GMAX         NAME    NUMBER
   3300      -1.6386E+05     1.5347E-02     6.8586E-01     C6        547

 BOND    =    12317.7002  ANGLE   =      221.5097  DIHED      =      820.3068
 VDWAALS =    31839.6088  EEL     =  -204844.3612  HBOND      =        0.0000
 1-4 VDW =      251.2992  1-4 EEL =    -4466.6529  RESTRAINT  =        0.0000


   NSTEP       ENERGY          RMS            GMAX         NAME    NUMBER
   3350      -1.6386E+05     3.3021E-02     1.4426E+00     H2       5164

 BOND    =    12318.0216  ANGLE   =      221.4903  DIHED      =      820.2995
 VDWAALS =    31840.6337  EEL     =  -204846.2995  HBOND      =        0.0000
 1-4 VDW =      251.3022  1-4 EEL =    -4466.6472  RESTRAINT  =        0.0000


   NSTEP       ENERGY          RMS            GMAX         NAME    NUMBER
   3400      -1.6386E+05     1.2099E-02     4.3763E-01     H1      12906

 BOND    =    12318.0870  ANGLE   =      221.5059  DIHED      =      820.2924
 VDWAALS =    31841.6306  EEL     =  -204847.9967  HBOND      =        0.0000
 1-4 VDW =      251.3004  1-4 EEL =    -4466.6486  RESTRAINT  =        0.0000


   NSTEP       ENERGY          RMS            GMAX         NAME    NUMBER
   3450      -1.6386E+05     1.8035E-02     5.4567E-01     H2       5164

 BOND    =    12318.2056  ANGLE   =      221.5059  DIHED      =      820.2851
 VDWAALS =    31842.6478  EEL     =  -204849.7461  HBOND      =        0.0000
 1-4 VDW =      251.3002  1-4 EEL =    -4466.6465  RESTRAINT  =        0.0000


   NSTEP       ENERGY          RMS            GMAX         NAME    NUMBER
   3500      -1.6386E+05     4.5325E-02     1.7012E+00     H2       5164

 BOND    =    12318.2151  ANGLE   =      221.5027  DIHED      =      820.2781
 VDWAALS =    31843.6394  EEL     =  -204851.3324  HBOND      =        0.0000
 1-4 VDW =      251.3019  1-4 EEL =    -4466.6410  RESTRAINT  =        0.0000


   NSTEP       ENERGY          RMS            GMAX         NAME    NUMBER
   3550      -1.6386E+05     2.2035E-02     1.1703E+00     H2       5047

 BOND    =    12318.6505  ANGLE   =      221.4999  DIHED      =      820.2715
 VDWAALS =    31844.5446  EEL     =  -204853.2202  HBOND      =        0.0000
 1-4 VDW =      251.3037  1-4 EEL =    -4466.6386  RESTRAINT  =        0.0000


   NSTEP       ENERGY          RMS            GMAX         NAME    NUMBER
   3600      -1.6386E+05     1.1940E-02     5.7727E-01     H1       9888

 BOND    =    12318.8646  ANGLE   =      221.5016  DIHED      =      820.2646
 VDWAALS =    31845.4769  EEL     =  -204855.0005  HBOND      =        0.0000
 1-4 VDW =      251.3058  1-4 EEL =    -4466.6367  RESTRAINT  =        0.0000


   NSTEP       ENERGY          RMS            GMAX         NAME    NUMBER
   3650      -1.6386E+05     1.5222E-02     6.2327E-01     H1       9888

 BOND    =    12319.1123  ANGLE   =      221.4973  DIHED      =      820.2578
 VDWAALS =    31846.4225  EEL     =  -204856.7441  HBOND      =        0.0000
 1-4 VDW =      251.3079  1-4 EEL =    -4466.6345  RESTRAINT  =        0.0000


   NSTEP       ENERGY          RMS            GMAX         NAME    NUMBER
   3700      -1.6387E+05     2.8247E-02     1.6796E+00     C4        488

 BOND    =    12319.2724  ANGLE   =      221.4978  DIHED      =      820.2525
 VDWAALS =    31847.4412  EEL     =  -204858.5737  HBOND      =        0.0000
 1-4 VDW =      251.3028  1-4 EEL =    -4466.6211  RESTRAINT  =        0.0000


   NSTEP       ENERGY          RMS            GMAX         NAME    NUMBER
   3750      -1.6387E+05     4.7248E-02     3.5611E+00     C6        581

 BOND    =    12319.5346  ANGLE   =      221.4194  DIHED      =      820.2418
 VDWAALS =    31848.3201  EEL     =  -204860.2306  HBOND      =        0.0000
 1-4 VDW =      251.3309  1-4 EEL =    -4466.6158  RESTRAINT  =        0.0000


   NSTEP       ENERGY          RMS            GMAX         NAME    NUMBER
   3800      -1.6387E+05     2.4618E-02     1.4826E+00     C6        581

 BOND    =    12319.5647  ANGLE   =      221.5188  DIHED      =      820.2375
 VDWAALS =    31849.1456  EEL     =  -204861.7502  HBOND      =        0.0000
 1-4 VDW =      251.3091  1-4 EEL =    -4466.6291  RESTRAINT  =        0.0000


   NSTEP       ENERGY          RMS            GMAX         NAME    NUMBER
   3850      -1.6387E+05     3.9801E-02     2.4874E+00     C6        581

 BOND    =    12319.7053  ANGLE   =      221.5471  DIHED      =      820.2312
 VDWAALS =    31849.9114  EEL     =  -204863.2044  HBOND      =        0.0000
 1-4 VDW =      251.3071  1-4 EEL =    -4466.6347  RESTRAINT  =        0.0000


   NSTEP       ENERGY          RMS            GMAX         NAME    NUMBER
   3900      -1.6387E+05     1.3446E-02     8.6759E-01     H1       9888

 BOND    =    12319.9355  ANGLE   =      221.4786  DIHED      =      820.2242
 VDWAALS =    31850.6711  EEL     =  -204864.7442  HBOND      =        0.0000
 1-4 VDW =      251.3200  1-4 EEL =    -4466.6199  RESTRAINT  =        0.0000


   NSTEP       ENERGY          RMS            GMAX         NAME    NUMBER
   3950      -1.6387E+05     3.0070E-02     1.7953E+00     C2        551

 BOND    =    12320.2391  ANGLE   =      221.5021  DIHED      =      820.2098
 VDWAALS =    31851.5403  EEL     =  -204866.6412  HBOND      =        0.0000
 1-4 VDW =      251.3200  1-4 EEL =    -4466.6219  RESTRAINT  =        0.0000


   NSTEP       ENERGY          RMS            GMAX         NAME    NUMBER
   4000      -1.6387E+05     4.1444E-02     3.0172E+00     C2        551

 BOND    =    12320.3187  ANGLE   =      221.5147  DIHED      =      820.2005
 VDWAALS =    31852.3580  EEL     =  -204868.2541  HBOND      =        0.0000
 1-4 VDW =      251.3208  1-4 EEL =    -4466.6314  RESTRAINT  =        0.0000


   NSTEP       ENERGY          RMS            GMAX         NAME    NUMBER
   4050      -1.6387E+05     1.3917E-02     9.9077E-01     H1       9888

 BOND    =    12320.4545  ANGLE   =      221.4593  DIHED      =      820.2043
 VDWAALS =    31853.1502  EEL     =  -204869.9494  HBOND      =        0.0000
 1-4 VDW =      251.3289  1-4 EEL =    -4466.6094  RESTRAINT  =        0.0000


   NSTEP       ENERGY          RMS            GMAX         NAME    NUMBER
   4100      -1.6387E+05     4.0992E-02     3.1736E+00     C6        581

 BOND    =    12320.7121  ANGLE   =      221.3679  DIHED      =      820.2004
 VDWAALS =    31853.9302  EEL     =  -204871.7162  HBOND      =        0.0000
 1-4 VDW =      251.3505  1-4 EEL =    -4466.5767  RESTRAINT  =        0.0000


   NSTEP       ENERGY          RMS            GMAX         NAME    NUMBER
   4150      -1.6387E+05     1.4095E-02     1.0109E+00     H1      10101

 BOND    =    12320.8177  ANGLE   =      221.4470  DIHED      =      820.1900
 VDWAALS =    31854.6961  EEL     =  -204873.4677  HBOND      =        0.0000
 1-4 VDW =      251.3359  1-4 EEL =    -4466.6080  RESTRAINT  =        0.0000


   NSTEP       ENERGY          RMS            GMAX         NAME    NUMBER
   4200      -1.6387E+05     3.4964E-02     3.5447E+00     C6        581

 BOND    =    12321.0362  ANGLE   =      221.4031  DIHED      =      820.1842
 VDWAALS =    31855.3729  EEL     =  -204875.1227  HBOND      =        0.0000
 1-4 VDW =      251.3490  1-4 EEL =    -4466.5993  RESTRAINT  =        0.0000


   NSTEP       ENERGY          RMS            GMAX         NAME    NUMBER
   4250      -1.6387E+05     5.1069E-02     5.3826E+00     C6        581

 BOND    =    12321.0976  ANGLE   =      221.5178  DIHED      =      820.1790
 VDWAALS =    31856.0595  EEL     =  -204876.7006  HBOND      =        0.0000
 1-4 VDW =      251.3218  1-4 EEL =    -4466.6141  RESTRAINT  =        0.0000


   NSTEP       ENERGY          RMS            GMAX         NAME    NUMBER
   4300      -1.6387E+05     1.5529E-02     1.1084E+00     H1      10101

 BOND    =    12321.3540  ANGLE   =      221.4344  DIHED      =      820.1730
 VDWAALS =    31856.8264  EEL     =  -204878.6232  HBOND      =        0.0000
 1-4 VDW =      251.3421  1-4 EEL =    -4466.6018  RESTRAINT  =        0.0000


   NSTEP       ENERGY          RMS            GMAX         NAME    NUMBER
   4350      -1.6388E+05     4.2175E-02     2.1582E+00     H2       5047

 BOND    =    12321.8054  ANGLE   =      221.4331  DIHED      =      820.1657
 VDWAALS =    31857.6374  EEL     =  -204880.8284  HBOND      =        0.0000
 1-4 VDW =      251.3435  1-4 EEL =    -4466.6027  RESTRAINT  =        0.0000


   NSTEP       ENERGY          RMS            GMAX         NAME    NUMBER
   4400      -1.6388E+05     5.5710E-02     3.8147E+00     C2        551

 BOND    =    12321.9426  ANGLE   =      221.4754  DIHED      =      820.1468
 VDWAALS =    31858.4833  EEL     =  -204882.7468  HBOND      =        0.0000
 1-4 VDW =      251.3337  1-4 EEL =    -4466.6205  RESTRAINT  =        0.0000


   NSTEP       ENERGY          RMS            GMAX         NAME    NUMBER
   4450      -1.6388E+05     1.9239E-02     1.0361E+00     H1      10101

 BOND    =    12321.9661  ANGLE   =      221.3956  DIHED      =      820.1577
 VDWAALS =    31859.3800  EEL     =  -204884.7320  HBOND      =        0.0000
 1-4 VDW =      251.3535  1-4 EEL =    -4466.5858  RESTRAINT  =        0.0000


   NSTEP       ENERGY          RMS            GMAX         NAME    NUMBER
   4500      -1.6388E+05     1.5192E-02     9.9608E-01     H1      10101

 BOND    =    12322.1808  ANGLE   =      221.3945  DIHED      =      820.1505
 VDWAALS =    31860.2086  EEL     =  -204886.6422  HBOND      =        0.0000
 1-4 VDW =      251.3557  1-4 EEL =    -4466.5885  RESTRAINT  =        0.0000


   NSTEP       ENERGY          RMS            GMAX         NAME    NUMBER
   4550      -1.6388E+05     6.8332E-02     4.1530E+00     C4        488

 BOND    =    12322.5371  ANGLE   =      221.4109  DIHED      =      820.1339
 VDWAALS =    31861.0178  EEL     =  -204888.6008  HBOND      =        0.0000
 1-4 VDW =      251.3698  1-4 EEL =    -4466.6231  RESTRAINT  =        0.0000


   NSTEP       ENERGY          RMS            GMAX         NAME    NUMBER
   4600      -1.6388E+05     4.1697E-02     2.2561E+00     C4        488

 BOND    =    12322.6030  ANGLE   =      221.4869  DIHED      =      820.1349
 VDWAALS =    31861.8630  EEL     =  -204890.4721  HBOND      =        0.0000
 1-4 VDW =      251.3464  1-4 EEL =    -4466.6286  RESTRAINT  =        0.0000


   NSTEP       ENERGY          RMS            GMAX         NAME    NUMBER
   4650      -1.6388E+05     1.6742E-02     8.0714E-01     H1      10101

 BOND    =    12322.8140  ANGLE   =      221.4096  DIHED      =      820.1331
 VDWAALS =    31862.6609  EEL     =  -204892.2911  HBOND      =        0.0000
 1-4 VDW =      251.3586  1-4 EEL =    -4466.5995  RESTRAINT  =        0.0000


   NSTEP       ENERGY          RMS            GMAX         NAME    NUMBER
   4700      -1.6388E+05     4.2737E-02     3.6914E+00     C6        940

 BOND    =    12322.9789  ANGLE   =      221.4673  DIHED      =      820.1291
 VDWAALS =    31863.3848  EEL     =  -204893.9260  HBOND      =        0.0000
 1-4 VDW =      251.3464  1-4 EEL =    -4466.6099  RESTRAINT  =        0.0000


   NSTEP       ENERGY          RMS            GMAX         NAME    NUMBER
   4750      -1.6388E+05     1.4808E-02     6.6438E-01     H2      23008

 BOND    =    12323.2346  ANGLE   =      221.3671  DIHED      =      820.1255
 VDWAALS =    31864.1421  EEL     =  -204895.6547  HBOND      =        0.0000
 1-4 VDW =      251.3691  1-4 EEL =    -4466.5851  RESTRAINT  =        0.0000


   NSTEP       ENERGY          RMS            GMAX         NAME    NUMBER
   4800      -1.6388E+05     2.6170E-02     1.6668E+00     C2        551

 BOND    =    12323.4781  ANGLE   =      221.3296  DIHED      =      820.1234
 VDWAALS =    31864.9738  EEL     =  -204897.5170  HBOND      =        0.0000
 1-4 VDW =      251.3770  1-4 EEL =    -4466.5683  RESTRAINT  =        0.0000


   NSTEP       ENERGY          RMS            GMAX         NAME    NUMBER
   4850      -1.6388E+05     4.5835E-02     3.3254E+00     C6        940

 BOND    =    12323.7958  ANGLE   =      221.3162  DIHED      =      820.1102
 VDWAALS =    31865.7643  EEL     =  -204899.4618  HBOND      =        0.0000
 1-4 VDW =      251.3886  1-4 EEL =    -4466.5928  RESTRAINT  =        0.0000


   NSTEP       ENERGY          RMS            GMAX         NAME    NUMBER
   4900      -1.6388E+05     1.7747E-02     9.4370E-01     H2      33250

 BOND    =    12323.9334  ANGLE   =      221.3448  DIHED      =      820.1126
 VDWAALS =    31866.6305  EEL     =  -204901.4599  HBOND      =        0.0000
 1-4 VDW =      251.3759  1-4 EEL =    -4466.5807  RESTRAINT  =        0.0000


   NSTEP       ENERGY          RMS            GMAX         NAME    NUMBER
   4950      -1.6389E+05     3.6855E-02     2.5924E+00     C4        488

 BOND    =    12324.1954  ANGLE   =      221.3065  DIHED      =      820.1115
 VDWAALS =    31867.4960  EEL     =  -204903.5562  HBOND      =        0.0000
 1-4 VDW =      251.3794  1-4 EEL =    -4466.5560  RESTRAINT  =        0.0000


   NSTEP       ENERGY          RMS            GMAX         NAME    NUMBER
   5000      -1.6389E+05     5.8903E-02     4.7257E+00     C4        488

 BOND    =    12324.4734  ANGLE   =      221.2813  DIHED      =      820.1089
 VDWAALS =    31868.3767  EEL     =  -204905.8398  HBOND      =        0.0000
 1-4 VDW =      251.3768  1-4 EEL =    -4466.5309  RESTRAINT  =        0.0000


   NSTEP       ENERGY          RMS            GMAX         NAME    NUMBER
   5050      -1.6390E+05     6.2390E-02     4.8591E+00     O       33248

 BOND    =    12327.5738  ANGLE   =      221.2748  DIHED      =      820.0519
 VDWAALS =    31879.4634  EEL     =  -204932.4313  HBOND      =        0.0000
 1-4 VDW =      251.4280  1-4 EEL =    -4466.6310  RESTRAINT  =        0.0000


   NSTEP       ENERGY          RMS            GMAX         NAME    NUMBER
   5100      -1.6390E+05     4.6576E-02     2.4523E+00     H1      33249

 BOND    =    12327.7322  ANGLE   =      221.2270  DIHED      =      820.0342
 VDWAALS =    31882.9603  EEL     =  -204939.9639  HBOND      =        0.0000
 1-4 VDW =      251.3670  1-4 EEL =    -4466.4729  RESTRAINT  =        0.0000


   NSTEP       ENERGY          RMS            GMAX         NAME    NUMBER
   5150      -1.6391E+05     1.2802E-01     6.5655E+00     O       33305

 BOND    =    12328.7207  ANGLE   =      221.7346  DIHED      =      820.0395
 VDWAALS =    31888.0846  EEL     =  -204950.7216  HBOND      =        0.0000
 1-4 VDW =      251.2451  1-4 EEL =    -4466.0280  RESTRAINT  =        0.0000


   NSTEP       ENERGY          RMS            GMAX         NAME    NUMBER
   5200      -1.6391E+05     7.6031E-02     3.4306E+00     O       33305

 BOND    =    12328.8769  ANGLE   =      221.4697  DIHED      =      819.9842
 VDWAALS =    31890.7777  EEL     =  -204957.0497  HBOND      =        0.0000
 1-4 VDW =      251.2836  1-4 EEL =    -4466.2614  RESTRAINT  =        0.0000


   NSTEP       ENERGY          RMS            GMAX         NAME    NUMBER
   5250      -1.6391E+05     5.2001E-02     3.4430E+00     C5        546

 BOND    =    12330.6647  ANGLE   =      221.0239  DIHED      =      819.9900
 VDWAALS =    31892.1341  EEL     =  -204962.7682  HBOND      =        0.0000
 1-4 VDW =      251.4674  1-4 EEL =    -4466.8826  RESTRAINT  =        0.0000


   NSTEP       ENERGY          RMS            GMAX         NAME    NUMBER
   5300      -1.6392E+05     3.3305E-02     1.9974E+00     H2      33250

 BOND    =    12330.9900  ANGLE   =      221.0951  DIHED      =      819.9725
 VDWAALS =    31893.5075  EEL     =  -204968.6624  HBOND      =        0.0000
 1-4 VDW =      251.4394  1-4 EEL =    -4466.7002  RESTRAINT  =        0.0000


   NSTEP       ENERGY          RMS            GMAX         NAME    NUMBER
   5350      -1.6392E+05     4.1351E-02     2.3084E+00     O       32963

 BOND    =    12331.7191  ANGLE   =      221.0506  DIHED      =      819.9600
 VDWAALS =    31895.4725  EEL     =  -204974.8736  HBOND      =        0.0000
 1-4 VDW =      251.4437  1-4 EEL =    -4466.6909  RESTRAINT  =        0.0000


   NSTEP       ENERGY          RMS            GMAX         NAME    NUMBER
   5400      -1.6393E+05     4.1778E-02     3.8060E+00     O       33248

 BOND    =    12332.1832  ANGLE   =      221.3239  DIHED      =      819.9558
 VDWAALS =    31896.7937  EEL     =  -204980.2270  HBOND      =        0.0000
 1-4 VDW =      251.3775  1-4 EEL =    -4466.6591  RESTRAINT  =        0.0000


   NSTEP       ENERGY          RMS            GMAX         NAME    NUMBER
   5450      -1.6393E+05     2.5616E-01     3.2776E+01     C6        547

 BOND    =    12330.6972  ANGLE   =      220.9608  DIHED      =      820.1063
 VDWAALS =    31898.7951  EEL     =  -204983.1972  HBOND      =        0.0000
 1-4 VDW =      251.3762  1-4 EEL =    -4467.2123  RESTRAINT  =        0.0000


   NSTEP       ENERGY          RMS            GMAX         NAME    NUMBER
   5500      -1.6393E+05     5.8869E-02     3.6904E+00     C8        543

 BOND    =    12333.0284  ANGLE   =      221.3703  DIHED      =      820.0012
 VDWAALS =    31898.9623  EEL     =  -204991.5134  HBOND      =        0.0000
 1-4 VDW =      251.3563  1-4 EEL =    -4466.9532  RESTRAINT  =        0.0000


   NSTEP       ENERGY          RMS            GMAX         NAME    NUMBER
   5550      -1.6394E+05     5.4796E-02     2.5668E+00     O       31583

 BOND    =    12333.5740  ANGLE   =      221.3163  DIHED      =      819.9830
 VDWAALS =    31900.3699  EEL     =  -204997.5711  HBOND      =        0.0000
 1-4 VDW =      251.3701  1-4 EEL =    -4466.9601  RESTRAINT  =        0.0000


   NSTEP       ENERGY          RMS            GMAX         NAME    NUMBER
   5600      -1.6394E+05     4.7489E-02     3.2590E+00     C8        543

 BOND    =    12334.4444  ANGLE   =      221.2744  DIHED      =      819.9923
 VDWAALS =    31902.0663  EEL     =  -205004.5631  HBOND      =        0.0000
 1-4 VDW =      251.3086  1-4 EEL =    -4466.8494  RESTRAINT  =        0.0000


   NSTEP       ENERGY          RMS            GMAX         NAME    NUMBER
   5650      -1.6395E+05     5.8675E-02     4.5981E+00     C8        543

 BOND    =    12335.0015  ANGLE   =      221.2577  DIHED      =      820.0178
 VDWAALS =    31903.2545  EEL     =  -205009.8471  HBOND      =        0.0000
 1-4 VDW =      251.2939  1-4 EEL =    -4466.8680  RESTRAINT  =        0.0000


   NSTEP       ENERGY          RMS            GMAX         NAME    NUMBER
   5700      -1.6395E+05     6.8027E-02     5.0738E+00     C8        543

 BOND    =    12335.5761  ANGLE   =      221.3555  DIHED      =      820.0296
 VDWAALS =    31904.7249  EEL     =  -205015.4961  HBOND      =        0.0000
 1-4 VDW =      251.2910  1-4 EEL =    -4466.9596  RESTRAINT  =        0.0000


   NSTEP       ENERGY          RMS            GMAX         NAME    NUMBER
   5750      -1.6395E+05     7.3462E-02     3.1924E+00     C1'       481

 BOND    =    12336.7123  ANGLE   =      221.1713  DIHED      =      820.0290
 VDWAALS =    31906.3809  EEL     =  -205022.5273  HBOND      =        0.0000
 1-4 VDW =      251.3643  1-4 EEL =    -4467.0577  RESTRAINT  =        0.0000


   NSTEP       ENERGY          RMS            GMAX         NAME    NUMBER
   5800      -1.6396E+05     4.0208E-02     2.2553E+00     H2      29077

 BOND    =    12337.5830  ANGLE   =      221.1347  DIHED      =      819.9363
 VDWAALS =    31908.5371  EEL     =  -205030.4935  HBOND      =        0.0000
 1-4 VDW =      251.4476  1-4 EEL =    -4466.8215  RESTRAINT  =        0.0000


   NSTEP       ENERGY          RMS            GMAX         NAME    NUMBER
   5850      -1.6396E+05     1.9803E-01     1.1090E+01     C6        581

 BOND    =    12336.7667  ANGLE   =      221.4594  DIHED      =      820.0137
 VDWAALS =    31910.7475  EEL     =  -205036.2482  HBOND      =        0.0000
 1-4 VDW =      251.3922  1-4 EEL =    -4467.1120  RESTRAINT  =        0.0000


   NSTEP       ENERGY          RMS            GMAX         NAME    NUMBER
   5900      -1.6397E+05     1.4658E-01     1.2358E+01     H1      29076

 BOND    =    12338.4604  ANGLE   =      221.3768  DIHED      =      820.0081
 VDWAALS =    31910.6006  EEL     =  -205048.3715  HBOND      =        0.0000
 1-4 VDW =      251.0659  1-4 EEL =    -4466.6605  RESTRAINT  =        0.0000


   NSTEP       ENERGY          RMS            GMAX         NAME    NUMBER
   5950      -1.6398E+05     5.8062E-02     2.8479E+00     Na+      1109

 BOND    =    12339.4183  ANGLE   =      220.7431  DIHED      =      819.9034
 VDWAALS =    31912.0042  EEL     =  -205056.4844  HBOND      =        0.0000
 1-4 VDW =      251.3145  1-4 EEL =    -4466.6801  RESTRAINT  =        0.0000


   NSTEP       ENERGY          RMS            GMAX         NAME    NUMBER
   6000      -1.6398E+05     9.7181E-02     4.3894E+00     C6        514

 BOND    =    12340.2021  ANGLE   =      221.0672  DIHED      =      819.9098
 VDWAALS =    31913.4549  EEL     =  -205061.4182  HBOND      =        0.0000
 1-4 VDW =      251.4201  1-4 EEL =    -4467.1540  RESTRAINT  =        0.0000


   NSTEP       ENERGY          RMS            GMAX         NAME    NUMBER
   6050      -1.6399E+05     7.0283E-02     3.7474E+00     C6        547

 BOND    =    12340.6990  ANGLE   =      220.8335  DIHED      =      819.8846
 VDWAALS =    31914.5871  EEL     =  -205066.0717  HBOND      =        0.0000
 1-4 VDW =      251.2536  1-4 EEL =    -4466.8713  RESTRAINT  =        0.0000


   NSTEP       ENERGY          RMS            GMAX         NAME    NUMBER
   6100      -1.6399E+05     1.5476E-01     1.1063E+01     H2      29650

 BOND    =    12342.7123  ANGLE   =      220.8161  DIHED      =      819.6050
 VDWAALS =    31917.7163  EEL     =  -205077.2407  HBOND      =        0.0000
 1-4 VDW =      250.8343  1-4 EEL =    -4464.8594  RESTRAINT  =        0.0000


   NSTEP       ENERGY          RMS            GMAX         NAME    NUMBER
   6150      -1.6400E+05     9.0470E-02     5.1758E+00     O       29648

 BOND    =    12341.2943  ANGLE   =      220.7297  DIHED      =      819.5668
 VDWAALS =    31919.7325  EEL     =  -205082.9761  HBOND      =        0.0000
 1-4 VDW =      250.9646  1-4 EEL =    -4465.7395  RESTRAINT  =        0.0000


   NSTEP       ENERGY          RMS            GMAX         NAME    NUMBER
   6200      -1.6400E+05     6.5221E-02     6.0665E+00     O       29648

 BOND    =    12340.9320  ANGLE   =      220.4665  DIHED      =      819.5931
 VDWAALS =    31920.9533  EEL     =  -205086.8573  HBOND      =        0.0000
 1-4 VDW =      251.0104  1-4 EEL =    -4465.8257  RESTRAINT  =        0.0000


   NSTEP       ENERGY          RMS            GMAX         NAME    NUMBER
   6250      -1.6400E+05     1.0775E-01     5.2881E+00     O3'        63

 BOND    =    12343.3097  ANGLE   =      220.5504  DIHED      =      819.4808
 VDWAALS =    31925.0160  EEL     =  -205096.4081  HBOND      =        0.0000
 1-4 VDW =      250.9637  1-4 EEL =    -4466.2978  RESTRAINT  =        0.0000


   NSTEP       ENERGY          RMS            GMAX         NAME    NUMBER
   6300      -1.6401E+05     1.2019E-01     1.4455E+01     H1       3411

 BOND    =    12344.7270  ANGLE   =      220.2860  DIHED      =      819.3466
 VDWAALS =    31928.9532  EEL     =  -205110.5149  HBOND      =        0.0000
 1-4 VDW =      250.9426  1-4 EEL =    -4465.4240  RESTRAINT  =        0.0000


   NSTEP       ENERGY          RMS            GMAX         NAME    NUMBER
   6350      -1.6402E+05     7.5899E-02     5.1118E+00     O        5378

 BOND    =    12344.6286  ANGLE   =      219.9231  DIHED      =      819.3763
 VDWAALS =    31929.2902  EEL     =  -205117.7431  HBOND      =        0.0000
 1-4 VDW =      251.0717  1-4 EEL =    -4465.8045  RESTRAINT  =        0.0000


   NSTEP       ENERGY          RMS            GMAX         NAME    NUMBER
   6400      -1.6402E+05     1.0626E-01     5.0986E+00     H2       3412

 BOND    =    12345.7319  ANGLE   =      219.7615  DIHED      =      819.3411
 VDWAALS =    31931.9474  EEL     =  -205126.6551  HBOND      =        0.0000
 1-4 VDW =      250.9033  1-4 EEL =    -4465.3234  RESTRAINT  =        0.0000

     .... RESTARTED DUE TO LINMIN FAILURE ...


   NSTEP       ENERGY          RMS            GMAX         NAME    NUMBER
   6450      -1.6403E+05     1.7333E-02     8.2728E-01     O3'        63

 BOND    =    12345.9039  ANGLE   =      219.8652  DIHED      =      819.4575
 VDWAALS =    31931.6760  EEL     =  -205127.4346  HBOND      =        0.0000
 1-4 VDW =      251.3092  1-4 EEL =    -4467.0263  RESTRAINT  =        0.0000


   NSTEP       ENERGY          RMS            GMAX         NAME    NUMBER
   6500      -1.6403E+05     2.9887E-02     1.3879E+00     C5'       534

 BOND    =    12348.0042  ANGLE   =      219.6551  DIHED      =      819.4659
 VDWAALS =    31932.7868  EEL     =  -205137.9504  HBOND      =        0.0000
 1-4 VDW =      251.3593  1-4 EEL =    -4467.3242  RESTRAINT  =        0.0000


   NSTEP       ENERGY          RMS            GMAX         NAME    NUMBER
   6550      -1.6404E+05     4.5279E-02     1.6441E+00     O3'        63

 BOND    =    12348.1532  ANGLE   =      219.4122  DIHED      =      819.4717
 VDWAALS =    31932.4037  EEL     =  -205143.9492  HBOND      =        0.0000
 1-4 VDW =      251.2603  1-4 EEL =    -4466.8553  RESTRAINT  =        0.0000


   NSTEP       ENERGY          RMS            GMAX         NAME    NUMBER
   6600      -1.6404E+05     4.8445E-02     2.1984E+00     O       28631

 BOND    =    12347.6834  ANGLE   =      219.3739  DIHED      =      819.4414
 VDWAALS =    31933.6375  EEL     =  -205148.1814  HBOND      =        0.0000
 1-4 VDW =      251.2707  1-4 EEL =    -4466.8648  RESTRAINT  =        0.0000


   NSTEP       ENERGY          RMS            GMAX         NAME    NUMBER
   6650      -1.6405E+05     1.2450E-01     5.8209E+00     P          31

 BOND    =    12346.9565  ANGLE   =      219.3771  DIHED      =      819.4828
 VDWAALS =    31934.0005  EEL     =  -205150.8035  HBOND      =        0.0000
 1-4 VDW =      251.2564  1-4 EEL =    -4466.9419  RESTRAINT  =        0.0000


   NSTEP       ENERGY          RMS            GMAX         NAME    NUMBER
   6700      -1.6405E+05     8.9158E-02     5.9850E+00     O       29648

 BOND    =    12347.5695  ANGLE   =      219.4812  DIHED      =      819.4882
 VDWAALS =    31934.7819  EEL     =  -205155.6374  HBOND      =        0.0000
 1-4 VDW =      251.3110  1-4 EEL =    -4467.2199  RESTRAINT  =        0.0000


   NSTEP       ENERGY          RMS            GMAX         NAME    NUMBER
   6750      -1.6406E+05     1.4873E-01     4.9676E+00     C4        518

 BOND    =    12354.4470  ANGLE   =      220.0999  DIHED      =      819.6549
 VDWAALS =    31942.0408  EEL     =  -205175.5365  HBOND      =        0.0000
 1-4 VDW =      251.6010  1-4 EEL =    -4467.9183  RESTRAINT  =        0.0000


   NSTEP       ENERGY          RMS            GMAX         NAME    NUMBER
   6800      -1.6406E+05     1.1583E-01     4.8511E+00     C6        581

 BOND    =    12356.0146  ANGLE   =      219.5516  DIHED      =      819.5514
 VDWAALS =    31952.6986  EEL     =  -205194.9088  HBOND      =        0.0000
 1-4 VDW =      251.3090  1-4 EEL =    -4467.3914  RESTRAINT  =        0.0000


   NSTEP       ENERGY          RMS            GMAX         NAME    NUMBER
   6850      -1.6407E+05     8.5765E-02     3.6927E+00     O3'        63

 BOND    =    12356.5372  ANGLE   =      219.3699  DIHED      =      819.5298
 VDWAALS =    31957.0075  EEL     =  -205203.0905  HBOND      =        0.0000
 1-4 VDW =      251.4819  1-4 EEL =    -4467.5775  RESTRAINT  =        0.0000


   NSTEP       ENERGY          RMS            GMAX         NAME    NUMBER
   6900      -1.6407E+05     1.5439E-02     4.4858E-01     H2      16894

 BOND    =    12355.6186  ANGLE   =      219.1695  DIHED      =      819.4224
 VDWAALS =    31958.7639  EEL     =  -205205.9125  HBOND      =        0.0000
 1-4 VDW =      251.2924  1-4 EEL =    -4466.8804  RESTRAINT  =        0.0000


   NSTEP       ENERGY          RMS            GMAX         NAME    NUMBER
   6950      -1.6407E+05     3.6105E-02     3.2432E+00     P         156

 BOND    =    12355.6405  ANGLE   =      219.1675  DIHED      =      819.4395
 VDWAALS =    31959.7450  EEL     =  -205207.5450  HBOND      =        0.0000
 1-4 VDW =      251.3032  1-4 EEL =    -4466.9497  RESTRAINT  =        0.0000


   NSTEP       ENERGY          RMS            GMAX         NAME    NUMBER
   7000      -1.6408E+05     8.7029E-02     8.1932E+00     P         156

 BOND    =    12359.0580  ANGLE   =      219.1039  DIHED      =      819.3968
 VDWAALS =    31978.8212  EEL     =  -205245.7393  HBOND      =        0.0000
 1-4 VDW =      251.3179  1-4 EEL =    -4466.6821  RESTRAINT  =        0.0000


   NSTEP       ENERGY          RMS            GMAX         NAME    NUMBER
   7050      -1.6409E+05     3.9698E-02     1.6299E+00     O       33365

 BOND    =    12360.1457  ANGLE   =      218.9271  DIHED      =      819.3840
 VDWAALS =    31984.8549  EEL     =  -205257.2788  HBOND      =        0.0000
 1-4 VDW =      251.3299  1-4 EEL =    -4466.6754  RESTRAINT  =        0.0000


   NSTEP       ENERGY          RMS            GMAX         NAME    NUMBER
   7100      -1.6409E+05     4.3525E-02     1.2844E+00     O3'        63

 BOND    =    12360.6608  ANGLE   =      218.9145  DIHED      =      819.4037
 VDWAALS =    31990.2281  EEL     =  -205267.3600  HBOND      =        0.0000
 1-4 VDW =      251.3545  1-4 EEL =    -4466.7023  RESTRAINT  =        0.0000


   NSTEP       ENERGY          RMS            GMAX         NAME    NUMBER
   7150      -1.6410E+05     3.0376E-02     1.0878E+00     O3'        63

 BOND    =    12361.1070  ANGLE   =      218.9971  DIHED      =      819.3204
 VDWAALS =    31991.9052  EEL     =  -205271.8443  HBOND      =        0.0000
 1-4 VDW =      251.4231  1-4 EEL =    -4466.6397  RESTRAINT  =        0.0000


   NSTEP       ENERGY          RMS            GMAX         NAME    NUMBER
   7200      -1.6410E+05     2.1709E-02     1.1462E+00     H2      12298

 BOND    =    12362.2742  ANGLE   =      218.8861  DIHED      =      819.3243
 VDWAALS =    31998.0753  EEL     =  -205284.6085  HBOND      =        0.0000
 1-4 VDW =      251.4266  1-4 EEL =    -4466.5951  RESTRAINT  =        0.0000


   NSTEP       ENERGY          RMS            GMAX         NAME    NUMBER
   7250      -1.6411E+05     5.2385E-02     1.7587E+00     C5        424

 BOND    =    12364.0241  ANGLE   =      218.8516  DIHED      =      819.2984
 VDWAALS =    32004.9406  EEL     =  -205303.1503  HBOND      =        0.0000
 1-4 VDW =      251.4535  1-4 EEL =    -4466.4383  RESTRAINT  =        0.0000


   NSTEP       ENERGY          RMS            GMAX         NAME    NUMBER
   7300      -1.6411E+05     5.4118E-02     4.1187E+00     C6        680

 BOND    =    12364.3697  ANGLE   =      218.8218  DIHED      =      819.2835
 VDWAALS =    32007.7785  EEL     =  -205308.9836  HBOND      =        0.0000
 1-4 VDW =      251.4729  1-4 EEL =    -4466.2635  RESTRAINT  =        0.0000

     .... RESTARTED DUE TO LINMIN FAILURE ...


   NSTEP       ENERGY          RMS            GMAX         NAME    NUMBER
   7350      -1.6412E+05     1.3798E-01     1.5697E+01     H1       9030

 BOND    =    12366.6551  ANGLE   =      218.6628  DIHED      =      819.3394
 VDWAALS =    32013.4029  EEL     =  -205321.7610  HBOND      =        0.0000
 1-4 VDW =      251.4689  1-4 EEL =    -4466.4904  RESTRAINT  =        0.0000


   NSTEP       ENERGY          RMS            GMAX         NAME    NUMBER
   7400      -1.6412E+05     4.3898E-02     2.5297E+00     O3'        63

 BOND    =    12365.4651  ANGLE   =      218.7244  DIHED      =      819.3616
 VDWAALS =    32016.5397  EEL     =  -205327.6709  HBOND      =        0.0000
 1-4 VDW =      251.4935  1-4 EEL =    -4466.4768  RESTRAINT  =        0.0000


   NSTEP       ENERGY          RMS            GMAX         NAME    NUMBER
   7450      -1.6412E+05     3.3543E-02     1.8641E+00     P          31

 BOND    =    12365.8489  ANGLE   =      218.7018  DIHED      =      819.3508
 VDWAALS =    32018.3578  EEL     =  -205331.7212  HBOND      =        0.0000
 1-4 VDW =      251.4605  1-4 EEL =    -4466.3909  RESTRAINT  =        0.0000


   NSTEP       ENERGY          RMS            GMAX         NAME    NUMBER
   7500      -1.6413E+05     2.0801E-01     2.6794E+01     H1      23004

 BOND    =    12370.1422  ANGLE   =      218.7567  DIHED      =      819.4843
 VDWAALS =    32026.5818  EEL     =  -205350.0028  HBOND      =        0.0000
 1-4 VDW =      251.7238  1-4 EEL =    -4466.7952  RESTRAINT  =        0.0000


   NSTEP       ENERGY          RMS            GMAX         NAME    NUMBER
   7550      -1.6414E+05     1.3135E-01     1.1849E+01     H1      23004

 BOND    =    12370.1775  ANGLE   =      218.9317  DIHED      =      819.5059
 VDWAALS =    32034.4850  EEL     =  -205364.1418  HBOND      =        0.0000
 1-4 VDW =      251.5917  1-4 EEL =    -4466.9020  RESTRAINT  =        0.0000


   NSTEP       ENERGY          RMS            GMAX         NAME    NUMBER
   7600      -1.6414E+05     6.8734E-02     4.7666E+00     P          31

 BOND    =    12370.0545  ANGLE   =      218.3924  DIHED      =      819.4298
 VDWAALS =    32036.8416  EEL     =  -205370.0000  HBOND      =        0.0000
 1-4 VDW =      251.5331  1-4 EEL =    -4466.5466  RESTRAINT  =        0.0000


   NSTEP       ENERGY          RMS            GMAX         NAME    NUMBER
   7650      -1.6414E+05     5.9677E-02     4.8491E+00     P          31

 BOND    =    12370.0737  ANGLE   =      218.5536  DIHED      =      819.4186
 VDWAALS =    32041.0850  EEL     =  -205376.6621  HBOND      =        0.0000
 1-4 VDW =      251.4477  1-4 EEL =    -4466.1254  RESTRAINT  =        0.0000


   NSTEP       ENERGY          RMS            GMAX         NAME    NUMBER
   7700      -1.6415E+05     1.1981E-01     5.6654E+00     C3'       402

 BOND    =    12373.0583  ANGLE   =      218.8266  DIHED      =      819.4520
 VDWAALS =    32050.0701  EEL     =  -205392.7478  HBOND      =        0.0000
 1-4 VDW =      251.5474  1-4 EEL =    -4466.2793  RESTRAINT  =        0.0000


   NSTEP       ENERGY          RMS            GMAX         NAME    NUMBER
   7750      -1.6415E+05     5.5133E-02     4.4880E+00     P          31

 BOND    =    12373.0215  ANGLE   =      218.2290  DIHED      =      819.5230
 VDWAALS =    32053.8866  EEL     =  -205399.2342  HBOND      =        0.0000
 1-4 VDW =      251.4541  1-4 EEL =    -4466.3644  RESTRAINT  =        0.0000


   NSTEP       ENERGY          RMS            GMAX         NAME    NUMBER
   7800      -1.6415E+05     7.2177E-02     3.4135E+00     O       27365

 BOND    =    12373.7283  ANGLE   =      218.2150  DIHED      =      819.5027
 VDWAALS =    32057.5048  EEL     =  -205407.7951  HBOND      =        0.0000
 1-4 VDW =      251.4732  1-4 EEL =    -4466.4121  RESTRAINT  =        0.0000


   NSTEP       ENERGY          RMS            GMAX         NAME    NUMBER
   7850      -1.6416E+05     8.8259E-02     6.0762E+00     P         501

 BOND    =    12374.7514  ANGLE   =      218.3191  DIHED      =      819.5030
 VDWAALS =    32062.6653  EEL     =  -205418.3534  HBOND      =        0.0000
 1-4 VDW =      251.4399  1-4 EEL =    -4466.2268  RESTRAINT  =        0.0000


   NSTEP       ENERGY          RMS            GMAX         NAME    NUMBER
   7900      -1.6416E+05     7.0863E-02     3.0988E+00     Na+      1094

 BOND    =    12376.7231  ANGLE   =      218.0999  DIHED      =      819.6462
 VDWAALS =    32074.1083  EEL     =  -205435.2265  HBOND      =        0.0000
 1-4 VDW =      251.4267  1-4 EEL =    -4466.4053  RESTRAINT  =        0.0000

     .... RESTARTED DUE TO LINMIN FAILURE ...


   NSTEP       ENERGY          RMS            GMAX         NAME    NUMBER
   7950      -1.6416E+05     1.3917E-02     5.6012E-01     O       14453

 BOND    =    12376.2387  ANGLE   =      218.2025  DIHED      =      819.5600
 VDWAALS =    32075.6894  EEL     =  -205438.4925  HBOND      =        0.0000
 1-4 VDW =      251.4982  1-4 EEL =    -4466.0485  RESTRAINT  =        0.0000


   NSTEP       ENERGY          RMS            GMAX         NAME    NUMBER
   8000      -1.6417E+05     2.2684E-02     9.1615E-01     O        4817

 BOND    =    12376.8844  ANGLE   =      218.2273  DIHED      =      819.5751
 VDWAALS =    32080.6992  EEL     =  -205445.9371  HBOND      =        0.0000
 1-4 VDW =      251.4973  1-4 EEL =    -4466.1416  RESTRAINT  =        0.0000


   NSTEP       ENERGY          RMS            GMAX         NAME    NUMBER
   8050      -1.6417E+05     1.9417E-02     1.2850E+00     O        4817

 BOND    =    12377.2786  ANGLE   =      218.1939  DIHED      =      819.5816
 VDWAALS =    32081.4518  EEL     =  -205447.3281  HBOND      =        0.0000
 1-4 VDW =      251.5021  1-4 EEL =    -4466.1624  RESTRAINT  =        0.0000


   NSTEP       ENERGY          RMS            GMAX         NAME    NUMBER
   8100      -1.6418E+05     3.6902E-02     1.6862E+00     Na+      1094

 BOND    =    12381.5554  ANGLE   =      218.1305  DIHED      =      819.7179
 VDWAALS =    32106.2421  EEL     =  -205486.3268  HBOND      =        0.0000
 1-4 VDW =      251.5708  1-4 EEL =    -4465.9356  RESTRAINT  =        0.0000


   NSTEP       ENERGY          RMS            GMAX         NAME    NUMBER
   8150      -1.6418E+05     2.4101E-02     1.2452E+00     Na+      1094

 BOND    =    12382.2467  ANGLE   =      218.0601  DIHED      =      819.7787
 VDWAALS =    32110.4354  EEL     =  -205493.6736  HBOND      =        0.0000
 1-4 VDW =      251.4962  1-4 EEL =    -4465.9094  RESTRAINT  =        0.0000

     .... RESTARTED DUE TO LINMIN FAILURE ...


   NSTEP       ENERGY          RMS            GMAX         NAME    NUMBER
   8200      -1.6418E+05     1.3495E-02     4.1721E-01     Na+      1104

 BOND    =    12382.6575  ANGLE   =      218.0013  DIHED      =      819.8386
 VDWAALS =    32112.7546  EEL     =  -205498.3379  HBOND      =        0.0000
 1-4 VDW =      251.5128  1-4 EEL =    -4466.0213  RESTRAINT  =        0.0000


   NSTEP       ENERGY          RMS            GMAX         NAME    NUMBER
   8250      -1.6419E+05     5.9431E-02     2.7202E+00     Na+      1104

 BOND    =    12384.1325  ANGLE   =      218.0270  DIHED      =      820.2230
 VDWAALS =    32118.9079  EEL     =  -205512.8597  HBOND      =        0.0000
 1-4 VDW =      251.4578  1-4 EEL =    -4466.0437  RESTRAINT  =        0.0000


   NSTEP       ENERGY          RMS            GMAX         NAME    NUMBER
   8300      -1.6419E+05     3.0990E-02     1.3192E+00     O       27380

 BOND    =    12384.7316  ANGLE   =      218.1757  DIHED      =      820.7668
 VDWAALS =    32118.3747  EEL     =  -205519.0886  HBOND      =        0.0000
 1-4 VDW =      251.3897  1-4 EEL =    -4466.2549  RESTRAINT  =        0.0000


   NSTEP       ENERGY          RMS            GMAX         NAME    NUMBER
   8350      -1.6419E+05     6.2772E-02     2.4165E+00     P         501

 BOND    =    12385.9661  ANGLE   =      217.9645  DIHED      =      820.7357
 VDWAALS =    32119.8865  EEL     =  -205523.7046  HBOND      =        0.0000
 1-4 VDW =      251.4671  1-4 EEL =    -4466.4864  RESTRAINT  =        0.0000

     .... RESTARTED DUE TO LINMIN FAILURE ...


                    FINAL RESULTS



   NSTEP       ENERGY          RMS            GMAX         NAME    NUMBER
   8372      -1.6419E+05     2.9644E-02     1.6993E+00     P         501

 BOND    =    12384.2199  ANGLE   =      217.9272  DIHED      =      820.7289
 VDWAALS =    32119.8452  EEL     =  -205522.6703  HBOND      =        0.0000
 1-4 VDW =      251.4051  1-4 EEL =    -4465.9939  RESTRAINT  =        0.0000

     ***** REPEATED LINMIN FAILURE *****
--------------------------------------------------------------------------------
   5.  TIMINGS
--------------------------------------------------------------------------------

|  NonSetup CPU Time in Major Routines:
|
|     Routine           Sec        %
|     ------------------------------
|     Nonbond          14.23   44.96
|     Bond              0.00    0.00
|     Angle             0.00    0.00
|     Dihedral          0.00    0.00
|     Shake             0.00    0.00
|     Other            17.42   55.04
|     ------------------------------
|     Total            31.65

|  PME Nonbond Pairlist CPU Time:
|
|     Routine              Sec        %
|     ---------------------------------
|     Set Up Cit           0.00    0.00
|     Build List           0.00    0.00
|     ---------------------------------
|     Total                0.00    0.00

|  PME Direct Force CPU Time:
|
|     Routine              Sec        %
|     ---------------------------------
|     NonBonded Calc       0.00    0.00
|     Exclude Masked       0.00    0.00
|     Other                0.02    0.06
|     ---------------------------------
|     Total                0.02    0.06

|  PME Reciprocal Force CPU Time:
|
|     Routine              Sec        %
|     ---------------------------------
|     1D bspline           0.00    0.00
|     Grid Charges         0.00    0.00
|     Scalar Sum           0.00    0.00
|     Gradient Sum         0.00    0.00
|     FFT                  0.00    0.00
|     ---------------------------------
|     Total                0.00    0.00

|  Setup CPU time:            1.28 seconds
|  NonSetup CPU time:        31.65 seconds
|  Total CPU time:           32.92 seconds     0.01 hours

|  Setup wall time:           1    seconds
|  NonSetup wall time:       32    seconds
|  Total wall time:          33    seconds     0.01 hours
