
          -------------------------------------------------------
          Amber 16 PMEMD                              2016
          -------------------------------------------------------

| PMEMD implementation of SANDER, Release 16

| Run on 01/17/2024 at 23:01:22

|   Executable path: pmemd.cuda
| Working directory: /home/students/keyq/fuben/input/4/nLG4right
|          Hostname: master

  [-O]verwriting output

File Assignments:
|   MDIN: heat4.in                                                              
|  MDOUT: cmp_heat4.out                                                         
| INPCRD: cmp_heat3.rst                                                         
|   PARM: cmp.prmtop                                                            
| RESTRT: cmp_heat4.rst                                                         
|   REFC: cmp.inpcrd                                                            
|  MDVEL: mdvel                                                                 
|   MDEN: mden                                                                  
|  MDCRD: cmp_heat4.mdcrd                                                       
| MDINFO: mdinfo                                                                
|  MDFRC: mdfrc                                                                 


 Here is the input file:

Stage 2 equilibration 1 0-5ns                                                  
 &cntrl                                                                        
  imin=0, irest=1, ntx=5,                                                      
  nstlim=2500, dt=0.002,                                                       
  ntc=2, ntf=2,                                                                
  ntt=1, tautp=1.5,                                                            
  tempi=150.0, temp0=200.0,                                                    
  ntpr=50, ntwx=50,                                                            
  ntb=1,                                                                       
  cut=10,                                                                      
 /                                                                             


Note: ig = -1. Setting random seed to   490973 based on wallclock time in 
      microseconds.
 
|--------------------- INFORMATION ----------------------
| GPU (CUDA) Version of PMEMD in use: NVIDIA GPU IN USE.
|                    Version 16.0.0
| 
|                      02/25/2016
| 
| Implementation by:
|                    Ross C. Walker     (SDSC)
|                    Scott Le Grand     (nVIDIA)
| 
| Precision model in use:
|      [SPFP] - Single Precision Forces, 64-bit Fixed Point
|               Accumulation. (Default)
| 
|--------------------------------------------------------
 
|----------------- CITATION INFORMATION -----------------
|
|    When publishing work that utilized the CUDA version
|    of AMBER, please cite the following in addition to
|    the regular AMBER citations:
|
|  - Romelia Salomon-Ferrer; Andreas W. Goetz; Duncan
|    Poole; Scott Le Grand; Ross C. Walker "Routine
|    microsecond molecular dynamics simulations with
|    AMBER - Part II: Particle Mesh Ewald", J. Chem.
|    Theory Comput., 2013, 9 (9), pp3878-3888,
|    DOI: 10.1021/ct400314y.
|
|  - Andreas W. Goetz; Mark J. Williamson; Dong Xu;
|    Duncan Poole; Scott Le Grand; Ross C. Walker
|    "Routine microsecond molecular dynamics simulations
|    with AMBER - Part I: Generalized Born", J. Chem.
|    Theory Comput., 2012, 8 (5), pp1542-1555.
|
|  - Scott Le Grand; Andreas W. Goetz; Ross C. Walker
|    "SPFP: Speed without compromise - a mixed precision
|    model for GPU accelerated molecular dynamics
|    simulations.", Comp. Phys. Comm., 2013, 184
|    pp374-380, DOI: 10.1016/j.cpc.2012.09.022
|
|--------------------------------------------------------
 
|------------------- GPU DEVICE INFO --------------------
|
|            CUDA_VISIBLE_DEVICES: 0
|   CUDA Capable Devices Detected:      1
|           CUDA Device ID in use:      0
|                CUDA Device Name: Tesla V100-PCIE-32GB
|     CUDA Device Global Mem Size:  32510 MB
| CUDA Device Num Multiprocessors:     80
|           CUDA Device Core Freq:   1.38 GHz
|
|--------------------------------------------------------
 
 
| Conditional Compilation Defines Used:
| PUBFFT
| BINTRAJ
| CUDA
| EMIL

| Largest sphere to fit in unit cell has radius =    33.338

| New format PARM file being parsed.
| Version =    1.000 Date = 01/29/21 Time = 11:07:54

| Note: 1-4 EEL scale factors are being read from the topology file.

| Note: 1-4 VDW scale factors are being read from the topology file.
| Duplicated    0 dihedrals

| Duplicated    0 dihedrals

--------------------------------------------------------------------------------
   1.  RESOURCE   USE: 
--------------------------------------------------------------------------------

 getting box info from netcdf restart file
 NATOM  =   37057 NTYPES =      18 NBONH =   36318 MBONA  =     790
 NTHETH =     882 MTHETA =    1223 NPHIH =    1873 MPHIA  =    2451
 NHPARM =       0 NPARM  =       0 NNB   =   54006 NRES   =   12045
 NBONA  =     790 NTHETA =    1223 NPHIA =    2451 NUMBND =      73
 NUMANG =     152 NPTRA  =      87 NATYP =      37 NPHB   =       1
 IFBOX  =       2 NMXRS  =      34 IFCAP =       0 NEXTRA =       0
 NCOPY  =       0

| Coordinate Index Table dimensions:    13   13   13
| Direct force subcell size =     6.2816    6.2816    6.2816

     BOX TYPE: TRUNCATED OCTAHEDRON

--------------------------------------------------------------------------------
   2.  CONTROL  DATA  FOR  THE  RUN
--------------------------------------------------------------------------------

default_name                                                                    

General flags:
     imin    =       0, nmropt  =       0

Nature and format of input:
     ntx     =       5, irest   =       1, ntrx    =       1

Nature and format of output:
     ntxo    =       2, ntpr    =      50, ntrx    =       1, ntwr    =    2500
     iwrap   =       0, ntwx    =      50, ntwv    =       0, ntwe    =       0
     ioutfm  =       1, ntwprt  =       0, idecomp =       0, rbornstat=      0

Potential function:
     ntf     =       2, ntb     =       1, igb     =       0, nsnb    =      25
     ipol    =       0, gbsa    =       0, iesp    =       0
     dielc   =   1.00000, cut     =  10.00000, intdiel =   1.00000

Frozen or restrained atoms:
     ibelly  =       0, ntr     =       0

Molecular dynamics:
     nstlim  =      2500, nscm    =      1000, nrespa  =         1
     t       =   0.00000, dt      =   0.00200, vlimit  =  -1.00000

Berendsen (weak-coupling) temperature regulation:
     temp0   = 200.00000, tempi   = 150.00000, tautp   =   1.50000

SHAKE:
     ntc     =       2, jfastw  =       0
     tol     =   0.00001

| Intermolecular bonds treatment:
|     no_intermolecular_bonds =       1

| Energy averages sample interval:
|     ene_avg_sampling =      50

Ewald parameters:
     verbose =       0, ew_type =       0, nbflag  =       1, use_pme =       1
     vdwmeth =       1, eedmeth =       1, netfrc  =       1
     Box X =   81.661   Box Y =   81.661   Box Z =   81.661
     Alpha =  109.471   Beta  =  109.471   Gamma =  109.471
     NFFT1 =   84       NFFT2 =   84       NFFT3 =   84
     Cutoff=   10.000   Tol   =0.100E-04
     Ewald Coefficient =  0.27511
     Interpolation order =    4

--------------------------------------------------------------------------------
   3.  ATOMIC COORDINATES AND VELOCITIES
--------------------------------------------------------------------------------

default_name                                                                    
 begin time read from input coords =    15.000 ps

 
 Number of triangulated 3-point waters found:    11979

     Sum of charges from parm topology file =   0.00000010
     Forcing neutrality...

| Dynamic Memory, Types Used:
| Reals             1071931
| Integers           890144

| Nonbonded Pairs Initial Allocation:    11208816

| GPU memory information (estimate):
| KB of GPU memory in use:    209985
| KB of CPU memory in use:     64833

--------------------------------------------------------------------------------
   4.  RESULTS
--------------------------------------------------------------------------------

 ---------------------------------------------------
 APPROXIMATING switch and d/dx switch using CUBIC SPLINE INTERPOLATION
 using   5000.0 points per unit in tabled values
 TESTING RELATIVE ERROR over r ranging from 0.0 to cutoff
| CHECK switch(x): max rel err =   0.2738E-14   at   2.422500
| CHECK d/dx switch(x): max rel err =   0.8314E-11   at   2.736960
 ---------------------------------------------------
|---------------------------------------------------
| APPROXIMATING direct energy using CUBIC SPLINE INTERPOLATION
|  with   50.0 points per unit in tabled values
| Relative Error Limit not exceeded for r .gt.   2.33
| APPROXIMATING direct force using CUBIC SPLINE INTERPOLATION
|  with   50.0 points per unit in tabled values
| Relative Error Limit not exceeded for r .gt.   2.80
|---------------------------------------------------

 NSTEP =       50   TIME(PS) =      15.100  TEMP(K) =   140.82  PRESS =     0.0
 Etot   =   -134529.7078  EKtot   =     10472.7031  EPtot      =   -145002.4110
 BOND   =       119.1396  ANGLE   =       328.9324  DIHED      =       865.0051
 1-4 NB =       278.3507  1-4 EEL =     -4486.0488  VDWAALS    =     23727.3853
 EELEC  =   -165835.1754  EHBOND  =         0.0000  RESTRAINT  =         0.0000
 ------------------------------------------------------------------------------


 NSTEP =      100   TIME(PS) =      15.200  TEMP(K) =   144.02  PRESS =     0.0
 Etot   =   -134246.9281  EKtot   =     10711.1582  EPtot      =   -144958.0863
 BOND   =       116.4545  ANGLE   =       321.6080  DIHED      =       871.9859
 1-4 NB =       268.5038  1-4 EEL =     -4475.8441  VDWAALS    =     23738.3576
 EELEC  =   -165799.1520  EHBOND  =         0.0000  RESTRAINT  =         0.0000
 ------------------------------------------------------------------------------


 NSTEP =      150   TIME(PS) =      15.300  TEMP(K) =   143.62  PRESS =     0.0
 Etot   =   -133969.1909  EKtot   =     10681.2051  EPtot      =   -144650.3960
 BOND   =       125.6794  ANGLE   =       329.3136  DIHED      =       870.6886
 1-4 NB =       265.4589  1-4 EEL =     -4471.9795  VDWAALS    =     23803.1021
 EELEC  =   -165572.6590  EHBOND  =         0.0000  RESTRAINT  =         0.0000
 ------------------------------------------------------------------------------


 NSTEP =      200   TIME(PS) =      15.400  TEMP(K) =   145.91  PRESS =     0.0
 Etot   =   -133700.4447  EKtot   =     10851.2715  EPtot      =   -144551.7162
 BOND   =       113.5504  ANGLE   =       342.1541  DIHED      =       860.9427
 1-4 NB =       270.8734  1-4 EEL =     -4493.3778  VDWAALS    =     23925.1589
 EELEC  =   -165571.0180  EHBOND  =         0.0000  RESTRAINT  =         0.0000
 ------------------------------------------------------------------------------


 NSTEP =      250   TIME(PS) =      15.500  TEMP(K) =   147.58  PRESS =     0.0
 Etot   =   -133440.2648  EKtot   =     10975.3057  EPtot      =   -144415.5705
 BOND   =       116.7104  ANGLE   =       332.2870  DIHED      =       875.9735
 1-4 NB =       273.1923  1-4 EEL =     -4455.1033  VDWAALS    =     23834.2685
 EELEC  =   -165392.8988  EHBOND  =         0.0000  RESTRAINT  =         0.0000
 ------------------------------------------------------------------------------


 NSTEP =      300   TIME(PS) =      15.600  TEMP(K) =   149.83  PRESS =     0.0
 Etot   =   -133185.8570  EKtot   =     11142.7080  EPtot      =   -144328.5650
 BOND   =       115.0144  ANGLE   =       343.8005  DIHED      =       866.7101
 1-4 NB =       275.9279  1-4 EEL =     -4458.6120  VDWAALS    =     23583.1839
 EELEC  =   -165054.5897  EHBOND  =         0.0000  RESTRAINT  =         0.0000
 ------------------------------------------------------------------------------


 NSTEP =      350   TIME(PS) =      15.700  TEMP(K) =   150.70  PRESS =     0.0
 Etot   =   -132940.8855  EKtot   =     11207.9326  EPtot      =   -144148.8182
 BOND   =       128.3513  ANGLE   =       341.1249  DIHED      =       866.4472
 1-4 NB =       270.9493  1-4 EEL =     -4458.0981  VDWAALS    =     23624.4499
 EELEC  =   -164922.0427  EHBOND  =         0.0000  RESTRAINT  =         0.0000
 ------------------------------------------------------------------------------


 NSTEP =      400   TIME(PS) =      15.800  TEMP(K) =   152.54  PRESS =     0.0
 Etot   =   -132702.6492  EKtot   =     11344.7295  EPtot      =   -144047.3787
 BOND   =       133.8054  ANGLE   =       358.6912  DIHED      =       867.7510
 1-4 NB =       269.6783  1-4 EEL =     -4493.6959  VDWAALS    =     23540.1400
 EELEC  =   -164723.7487  EHBOND  =         0.0000  RESTRAINT  =         0.0000
 ------------------------------------------------------------------------------


 NSTEP =      450   TIME(PS) =      15.900  TEMP(K) =   153.48  PRESS =     0.0
 Etot   =   -132473.8673  EKtot   =     11414.2129  EPtot      =   -143888.0801
 BOND   =       125.4855  ANGLE   =       353.2579  DIHED      =       883.0600
 1-4 NB =       269.6979  1-4 EEL =     -4489.5990  VDWAALS    =     23538.9472
 EELEC  =   -164568.9297  EHBOND  =         0.0000  RESTRAINT  =         0.0000
 ------------------------------------------------------------------------------


 NSTEP =      500   TIME(PS) =      16.000  TEMP(K) =   154.92  PRESS =     0.0
 Etot   =   -132246.5602  EKtot   =     11521.1338  EPtot      =   -143767.6940
 BOND   =       128.8592  ANGLE   =       369.2553  DIHED      =       872.7385
 1-4 NB =       271.2546  1-4 EEL =     -4486.1352  VDWAALS    =     23536.7285
 EELEC  =   -164460.3949  EHBOND  =         0.0000  RESTRAINT  =         0.0000
 ------------------------------------------------------------------------------


 NSTEP =      550   TIME(PS) =      16.100  TEMP(K) =   156.20  PRESS =     0.0
 Etot   =   -132030.6215  EKtot   =     11616.9316  EPtot      =   -143647.5531
 BOND   =       118.3030  ANGLE   =       364.7195  DIHED      =       865.0477
 1-4 NB =       278.1243  1-4 EEL =     -4473.1647  VDWAALS    =     23428.4753
 EELEC  =   -164229.0582  EHBOND  =         0.0000  RESTRAINT  =         0.0000
 ------------------------------------------------------------------------------


 NSTEP =      600   TIME(PS) =      16.200  TEMP(K) =   157.40  PRESS =     0.0
 Etot   =   -131819.4423  EKtot   =     11705.9824  EPtot      =   -143525.4248
 BOND   =       129.2325  ANGLE   =       362.5913  DIHED      =       866.1752
 1-4 NB =       268.9839  1-4 EEL =     -4463.3278  VDWAALS    =     23429.3819
 EELEC  =   -164118.4616  EHBOND  =         0.0000  RESTRAINT  =         0.0000
 ------------------------------------------------------------------------------


 NSTEP =      650   TIME(PS) =      16.300  TEMP(K) =   158.73  PRESS =     0.0
 Etot   =   -131610.6749  EKtot   =     11804.5938  EPtot      =   -143415.2687
 BOND   =       129.2649  ANGLE   =       367.5531  DIHED      =       865.0996
 1-4 NB =       272.2814  1-4 EEL =     -4469.4963  VDWAALS    =     23271.7699
 EELEC  =   -163851.7414  EHBOND  =         0.0000  RESTRAINT  =         0.0000
 ------------------------------------------------------------------------------


 NSTEP =      700   TIME(PS) =      16.400  TEMP(K) =   160.34  PRESS =     0.0
 Etot   =   -131410.4965  EKtot   =     11924.2959  EPtot      =   -143334.7924
 BOND   =       126.2305  ANGLE   =       366.0418  DIHED      =       867.7468
 1-4 NB =       270.9008  1-4 EEL =     -4495.2273  VDWAALS    =     23512.6618
 EELEC  =   -163983.1468  EHBOND  =         0.0000  RESTRAINT  =         0.0000
 ------------------------------------------------------------------------------


 NSTEP =      750   TIME(PS) =      16.500  TEMP(K) =   161.20  PRESS =     0.0
 Etot   =   -131216.9131  EKtot   =     11988.3672  EPtot      =   -143205.2803
 BOND   =       140.3753  ANGLE   =       352.5241  DIHED      =       873.1789
 1-4 NB =       275.9560  1-4 EEL =     -4497.0008  VDWAALS    =     23016.9206
 EELEC  =   -163367.2344  EHBOND  =         0.0000  RESTRAINT  =         0.0000
 ------------------------------------------------------------------------------


 NSTEP =      800   TIME(PS) =      16.600  TEMP(K) =   162.17  PRESS =     0.0
 Etot   =   -131027.4277  EKtot   =     12060.9414  EPtot      =   -143088.3691
 BOND   =       127.9768  ANGLE   =       373.3088  DIHED      =       868.2835
 1-4 NB =       271.2704  1-4 EEL =     -4478.8028  VDWAALS    =     23198.8312
 EELEC  =   -163449.2370  EHBOND  =         0.0000  RESTRAINT  =         0.0000
 ------------------------------------------------------------------------------


 NSTEP =      850   TIME(PS) =      16.700  TEMP(K) =   163.98  PRESS =     0.0
 Etot   =   -130844.7158  EKtot   =     12195.3398  EPtot      =   -143040.0557
 BOND   =       140.3619  ANGLE   =       354.2070  DIHED      =       877.1517
 1-4 NB =       274.9879  1-4 EEL =     -4496.5106  VDWAALS    =     23503.6292
 EELEC  =   -163693.8828  EHBOND  =         0.0000  RESTRAINT  =         0.0000
 ------------------------------------------------------------------------------


 NSTEP =      900   TIME(PS) =      16.800  TEMP(K) =   164.53  PRESS =     0.0
 Etot   =   -130668.4874  EKtot   =     12236.0938  EPtot      =   -142904.5812
 BOND   =       126.5846  ANGLE   =       367.1319  DIHED      =       860.5704
 1-4 NB =       285.2554  1-4 EEL =     -4480.6008  VDWAALS    =     23187.8260
 EELEC  =   -163251.3487  EHBOND  =         0.0000  RESTRAINT  =         0.0000
 ------------------------------------------------------------------------------


 NSTEP =      950   TIME(PS) =      16.900  TEMP(K) =   166.29  PRESS =     0.0
 Etot   =   -130497.9691  EKtot   =     12367.0840  EPtot      =   -142865.0531
 BOND   =       141.2257  ANGLE   =       374.2207  DIHED      =       869.7068
 1-4 NB =       271.1368  1-4 EEL =     -4487.2708  VDWAALS    =     23300.2102
 EELEC  =   -163334.2824  EHBOND  =         0.0000  RESTRAINT  =         0.0000
 ------------------------------------------------------------------------------

check COM velocity, temp:        0.000010     0.00(Removed)

 NSTEP =     1000   TIME(PS) =      17.000  TEMP(K) =   167.55  PRESS =     0.0
 Etot   =   -130332.2679  EKtot   =     12461.1221  EPtot      =   -142793.3900
 BOND   =       131.7028  ANGLE   =       377.6335  DIHED      =       881.0673
 1-4 NB =       266.4989  1-4 EEL =     -4476.0592  VDWAALS    =     23138.4298
 EELEC  =   -163112.6631  EHBOND  =         0.0000  RESTRAINT  =         0.0000
 ------------------------------------------------------------------------------


 NSTEP =     1050   TIME(PS) =      17.100  TEMP(K) =   167.65  PRESS =     0.0
 Etot   =   -130172.0117  EKtot   =     12468.2188  EPtot      =   -142640.2304
 BOND   =       130.0054  ANGLE   =       374.5103  DIHED      =       874.2816
 1-4 NB =       268.2866  1-4 EEL =     -4487.7750  VDWAALS    =     23079.3815
 EELEC  =   -162878.9208  EHBOND  =         0.0000  RESTRAINT  =         0.0000
 ------------------------------------------------------------------------------


 NSTEP =     1100   TIME(PS) =      17.200  TEMP(K) =   169.47  PRESS =     0.0
 Etot   =   -130015.8160  EKtot   =     12603.8262  EPtot      =   -142619.6422
 BOND   =       134.3857  ANGLE   =       353.3807  DIHED      =       875.8721
 1-4 NB =       277.3998  1-4 EEL =     -4466.2567  VDWAALS    =     22957.3222
 EELEC  =   -162751.7459  EHBOND  =         0.0000  RESTRAINT  =         0.0000
 ------------------------------------------------------------------------------


 NSTEP =     1150   TIME(PS) =      17.300  TEMP(K) =   170.38  PRESS =     0.0
 Etot   =   -129865.7356  EKtot   =     12670.9922  EPtot      =   -142536.7278
 BOND   =       148.8597  ANGLE   =       374.3273  DIHED      =       875.8592
 1-4 NB =       264.9123  1-4 EEL =     -4467.3880  VDWAALS    =     23099.4549
 EELEC  =   -162832.7531  EHBOND  =         0.0000  RESTRAINT  =         0.0000
 ------------------------------------------------------------------------------


 NSTEP =     1200   TIME(PS) =      17.400  TEMP(K) =   170.42  PRESS =     0.0
 Etot   =   -129718.7426  EKtot   =     12674.2031  EPtot      =   -142392.9457
 BOND   =       132.5893  ANGLE   =       362.6292  DIHED      =       867.2458
 1-4 NB =       272.8246  1-4 EEL =     -4442.4655  VDWAALS    =     22912.8084
 EELEC  =   -162498.5775  EHBOND  =         0.0000  RESTRAINT  =         0.0000
 ------------------------------------------------------------------------------


 NSTEP =     1250   TIME(PS) =      17.500  TEMP(K) =   171.41  PRESS =     0.0
 Etot   =   -129574.6915  EKtot   =     12747.5234  EPtot      =   -142322.2150
 BOND   =       130.6859  ANGLE   =       369.5614  DIHED      =       877.0891
 1-4 NB =       272.2088  1-4 EEL =     -4471.2150  VDWAALS    =     22954.2909
 EELEC  =   -162454.8361  EHBOND  =         0.0000  RESTRAINT  =         0.0000
 ------------------------------------------------------------------------------


 NSTEP =     1300   TIME(PS) =      17.600  TEMP(K) =   171.74  PRESS =     0.0
 Etot   =   -129433.0078  EKtot   =     12772.0811  EPtot      =   -142205.0888
 BOND   =       154.2789  ANGLE   =       351.4633  DIHED      =       891.3423
 1-4 NB =       278.7874  1-4 EEL =     -4509.4401  VDWAALS    =     22899.5890
 EELEC  =   -162271.1095  EHBOND  =         0.0000  RESTRAINT  =         0.0000
 ------------------------------------------------------------------------------


 NSTEP =     1350   TIME(PS) =      17.700  TEMP(K) =   172.65  PRESS =     0.0
 Etot   =   -129300.2251  EKtot   =     12839.8115  EPtot      =   -142140.0366
 BOND   =       153.9014  ANGLE   =       374.9221  DIHED      =       874.7108
 1-4 NB =       277.9245  1-4 EEL =     -4500.8238  VDWAALS    =     22891.9387
 EELEC  =   -162212.6104  EHBOND  =         0.0000  RESTRAINT  =         0.0000
 ------------------------------------------------------------------------------


 NSTEP =     1400   TIME(PS) =      17.800  TEMP(K) =   173.21  PRESS =     0.0
 Etot   =   -129167.1583  EKtot   =     12881.5049  EPtot      =   -142048.6632
 BOND   =       132.4580  ANGLE   =       396.1239  DIHED      =       876.9239
 1-4 NB =       268.5660  1-4 EEL =     -4480.6490  VDWAALS    =     23055.0032
 EELEC  =   -162297.0891  EHBOND  =         0.0000  RESTRAINT  =         0.0000
 ------------------------------------------------------------------------------


 NSTEP =     1450   TIME(PS) =      17.900  TEMP(K) =   174.72  PRESS =     0.0
 Etot   =   -129041.1515  EKtot   =     12994.0508  EPtot      =   -142035.2022
 BOND   =       137.0826  ANGLE   =       391.4071  DIHED      =       879.6033
 1-4 NB =       268.7646  1-4 EEL =     -4496.2509  VDWAALS    =     22809.4017
 EELEC  =   -162025.2108  EHBOND  =         0.0000  RESTRAINT  =         0.0000
 ------------------------------------------------------------------------------


 NSTEP =     1500   TIME(PS) =      18.000  TEMP(K) =   175.00  PRESS =     0.0
 Etot   =   -128916.7983  EKtot   =     13014.6689  EPtot      =   -141931.4673
 BOND   =       144.7606  ANGLE   =       375.0173  DIHED      =       881.7675
 1-4 NB =       282.1146  1-4 EEL =     -4500.9420  VDWAALS    =     22893.2987
 EELEC  =   -162007.4839  EHBOND  =         0.0000  RESTRAINT  =         0.0000
 ------------------------------------------------------------------------------


 NSTEP =     1550   TIME(PS) =      18.100  TEMP(K) =   177.03  PRESS =     0.0
 Etot   =   -128797.0929  EKtot   =     13166.1191  EPtot      =   -141963.2120
 BOND   =       148.4810  ANGLE   =       387.5798  DIHED      =       868.1175
 1-4 NB =       275.3989  1-4 EEL =     -4495.8211  VDWAALS    =     22826.0630
 EELEC  =   -161973.0311  EHBOND  =         0.0000  RESTRAINT  =         0.0000
 ------------------------------------------------------------------------------


 NSTEP =     1600   TIME(PS) =      18.200  TEMP(K) =   176.03  PRESS =     0.0
 Etot   =   -128678.3363  EKtot   =     13091.2285  EPtot      =   -141769.5648
 BOND   =       140.5450  ANGLE   =       380.0042  DIHED      =       878.7343
 1-4 NB =       271.8074  1-4 EEL =     -4492.9085  VDWAALS    =     22849.0547
 EELEC  =   -161796.8019  EHBOND  =         0.0000  RESTRAINT  =         0.0000
 ------------------------------------------------------------------------------


 NSTEP =     1650   TIME(PS) =      18.300  TEMP(K) =   176.78  PRESS =     0.0
 Etot   =   -128562.8617  EKtot   =     13147.2500  EPtot      =   -141710.1117
 BOND   =       142.6132  ANGLE   =       370.5207  DIHED      =       875.7942
 1-4 NB =       279.3827  1-4 EEL =     -4481.9273  VDWAALS    =     22716.0438
 EELEC  =   -161612.5390  EHBOND  =         0.0000  RESTRAINT  =         0.0000
 ------------------------------------------------------------------------------


 NSTEP =     1700   TIME(PS) =      18.400  TEMP(K) =   178.07  PRESS =     0.0
 Etot   =   -128454.0911  EKtot   =     13243.3232  EPtot      =   -141697.4143
 BOND   =       145.8315  ANGLE   =       385.6448  DIHED      =       886.1904
 1-4 NB =       270.6840  1-4 EEL =     -4489.6060  VDWAALS    =     22600.8028
 EELEC  =   -161496.9618  EHBOND  =         0.0000  RESTRAINT  =         0.0000
 ------------------------------------------------------------------------------


 NSTEP =     1750   TIME(PS) =      18.500  TEMP(K) =   178.54  PRESS =     0.0
 Etot   =   -128345.5151  EKtot   =     13278.4082  EPtot      =   -141623.9233
 BOND   =       144.5687  ANGLE   =       379.6175  DIHED      =       877.9494
 1-4 NB =       283.2908  1-4 EEL =     -4464.9946  VDWAALS    =     22902.1214
 EELEC  =   -161746.4765  EHBOND  =         0.0000  RESTRAINT  =         0.0000
 ------------------------------------------------------------------------------


 NSTEP =     1800   TIME(PS) =      18.600  TEMP(K) =   178.93  PRESS =     0.0
 Etot   =   -128242.4143  EKtot   =     13307.1729  EPtot      =   -141549.5871
 BOND   =       156.6227  ANGLE   =       386.0881  DIHED      =       874.4555
 1-4 NB =       273.7922  1-4 EEL =     -4509.5814  VDWAALS    =     22705.7330
 EELEC  =   -161436.6973  EHBOND  =         0.0000  RESTRAINT  =         0.0000
 ------------------------------------------------------------------------------


 NSTEP =     1850   TIME(PS) =      18.700  TEMP(K) =   179.02  PRESS =     0.0
 Etot   =   -128136.9608  EKtot   =     13313.9463  EPtot      =   -141450.9071
 BOND   =       139.9432  ANGLE   =       396.7183  DIHED      =       884.0817
 1-4 NB =       273.8655  1-4 EEL =     -4482.9697  VDWAALS    =     22549.5237
 EELEC  =   -161212.0698  EHBOND  =         0.0000  RESTRAINT  =         0.0000
 ------------------------------------------------------------------------------


 NSTEP =     1900   TIME(PS) =      18.800  TEMP(K) =   181.66  PRESS =     0.0
 Etot   =   -128035.4067  EKtot   =     13510.0947  EPtot      =   -141545.5015
 BOND   =       154.2465  ANGLE   =       395.2882  DIHED      =       882.4144
 1-4 NB =       269.3624  1-4 EEL =     -4496.7328  VDWAALS    =     22764.9683
 EELEC  =   -161515.0485  EHBOND  =         0.0000  RESTRAINT  =         0.0000
 ------------------------------------------------------------------------------


 NSTEP =     1950   TIME(PS) =      18.900  TEMP(K) =   181.49  PRESS =     0.0
 Etot   =   -127944.1981  EKtot   =     13497.7197  EPtot      =   -141441.9178
 BOND   =       149.9756  ANGLE   =       381.8405  DIHED      =       876.0808
 1-4 NB =       280.7845  1-4 EEL =     -4479.8266  VDWAALS    =     22758.2382
 EELEC  =   -161409.0107  EHBOND  =         0.0000  RESTRAINT  =         0.0000
 ------------------------------------------------------------------------------

check COM velocity, temp:        0.000004     0.00(Removed)

 NSTEP =     2000   TIME(PS) =      19.000  TEMP(K) =   181.58  PRESS =     0.0
 Etot   =   -127853.2287  EKtot   =     13504.2939  EPtot      =   -141357.5227
 BOND   =       143.5820  ANGLE   =       398.4394  DIHED      =       890.1316
 1-4 NB =       278.7122  1-4 EEL =     -4488.1316  VDWAALS    =     22596.8513
 EELEC  =   -161177.1075  EHBOND  =         0.0000  RESTRAINT  =         0.0000
 ------------------------------------------------------------------------------


 NSTEP =     2050   TIME(PS) =      19.100  TEMP(K) =   182.17  PRESS =     0.0
 Etot   =   -127763.0482  EKtot   =     13547.8604  EPtot      =   -141310.9085
 BOND   =       172.7711  ANGLE   =       393.6531  DIHED      =       873.9429
 1-4 NB =       265.5642  1-4 EEL =     -4518.3524  VDWAALS    =     22460.0768
 EELEC  =   -160958.5642  EHBOND  =         0.0000  RESTRAINT  =         0.0000
 ------------------------------------------------------------------------------


 NSTEP =     2100   TIME(PS) =      19.200  TEMP(K) =   182.32  PRESS =     0.0
 Etot   =   -127675.7195  EKtot   =     13559.4941  EPtot      =   -141235.2136
 BOND   =       146.8711  ANGLE   =       393.0144  DIHED      =       889.1297
 1-4 NB =       272.0534  1-4 EEL =     -4478.7267  VDWAALS    =     22630.6107
 EELEC  =   -161088.1663  EHBOND  =         0.0000  RESTRAINT  =         0.0000
 ------------------------------------------------------------------------------


 NSTEP =     2150   TIME(PS) =      19.300  TEMP(K) =   184.30  PRESS =     0.0
 Etot   =   -127592.3654  EKtot   =     13706.5830  EPtot      =   -141298.9484
 BOND   =       155.2399  ANGLE   =       385.1035  DIHED      =       884.6051
 1-4 NB =       274.2349  1-4 EEL =     -4476.1586  VDWAALS    =     22636.0492
 EELEC  =   -161158.0224  EHBOND  =         0.0000  RESTRAINT  =         0.0000
 ------------------------------------------------------------------------------


 NSTEP =     2200   TIME(PS) =      19.400  TEMP(K) =   184.00  PRESS =     0.0
 Etot   =   -127512.7718  EKtot   =     13684.1104  EPtot      =   -141196.8821
 BOND   =       151.4764  ANGLE   =       386.5763  DIHED      =       882.0590
 1-4 NB =       288.1822  1-4 EEL =     -4474.2602  VDWAALS    =     22516.2569
 EELEC  =   -160947.1728  EHBOND  =         0.0000  RESTRAINT  =         0.0000
 ------------------------------------------------------------------------------


 NSTEP =     2250   TIME(PS) =      19.500  TEMP(K) =   184.57  PRESS =     0.0
 Etot   =   -127433.0483  EKtot   =     13726.7549  EPtot      =   -141159.8032
 BOND   =       168.8584  ANGLE   =       398.8038  DIHED      =       892.1995
 1-4 NB =       267.0944  1-4 EEL =     -4508.6383  VDWAALS    =     22358.2409
 EELEC  =   -160736.3621  EHBOND  =         0.0000  RESTRAINT  =         0.0000
 ------------------------------------------------------------------------------


 NSTEP =     2300   TIME(PS) =      19.600  TEMP(K) =   184.86  PRESS =     0.0
 Etot   =   -127354.7471  EKtot   =     13747.9307  EPtot      =   -141102.6777
 BOND   =       172.3290  ANGLE   =       388.9302  DIHED      =       889.4224
 1-4 NB =       275.8518  1-4 EEL =     -4507.1745  VDWAALS    =     22278.7850
 EELEC  =   -160600.8217  EHBOND  =         0.0000  RESTRAINT  =         0.0000
 ------------------------------------------------------------------------------


 NSTEP =     2350   TIME(PS) =      19.700  TEMP(K) =   183.80  PRESS =     0.0
 Etot   =   -127275.6357  EKtot   =     13669.3164  EPtot      =   -140944.9521
 BOND   =       164.5359  ANGLE   =       387.1731  DIHED      =       898.3181
 1-4 NB =       282.2615  1-4 EEL =     -4511.0734  VDWAALS    =     22341.5938
 EELEC  =   -160507.7612  EHBOND  =         0.0000  RESTRAINT  =         0.0000
 ------------------------------------------------------------------------------


 NSTEP =     2400   TIME(PS) =      19.800  TEMP(K) =   184.43  PRESS =     0.0
 Etot   =   -127199.2577  EKtot   =     13715.8896  EPtot      =   -140915.1474
 BOND   =       164.6962  ANGLE   =       387.0455  DIHED      =       884.6245
 1-4 NB =       268.5803  1-4 EEL =     -4502.8685  VDWAALS    =     22362.0061
 EELEC  =   -160479.2314  EHBOND  =         0.0000  RESTRAINT  =         0.0000
 ------------------------------------------------------------------------------


 NSTEP =     2450   TIME(PS) =      19.900  TEMP(K) =   185.36  PRESS =     0.0
 Etot   =   -127126.2069  EKtot   =     13785.0566  EPtot      =   -140911.2635
 BOND   =       162.9019  ANGLE   =       393.3698  DIHED      =       884.5453
 1-4 NB =       277.1561  1-4 EEL =     -4479.8309  VDWAALS    =     22271.0814
 EELEC  =   -160420.4871  EHBOND  =         0.0000  RESTRAINT  =         0.0000
 ------------------------------------------------------------------------------


 NSTEP =     2500   TIME(PS) =      20.000  TEMP(K) =   185.61  PRESS =     0.0
 Etot   =   -127052.7367  EKtot   =     13804.2734  EPtot      =   -140857.0101
 BOND   =       155.5070  ANGLE   =       386.6371  DIHED      =       879.5101
 1-4 NB =       277.5774  1-4 EEL =     -4489.3716  VDWAALS    =     22285.7576
 EELEC  =   -160352.6278  EHBOND  =         0.0000  RESTRAINT  =         0.0000
 ------------------------------------------------------------------------------


      A V E R A G E S   O V E R      50 S T E P S


 NSTEP =     2500   TIME(PS) =      20.000  TEMP(K) =   168.98  PRESS =     0.0
 Etot   =   -129942.7271  EKtot   =     12567.1364  EPtot      =   -142509.8634
 BOND   =       140.2982  ANGLE   =       371.3150  DIHED      =       876.4467
 1-4 NB =       273.7342  1-4 EEL =     -4484.7623  VDWAALS    =     23016.0441
 EELEC  =   -162702.9393  EHBOND  =         0.0000  RESTRAINT  =         0.0000
 ------------------------------------------------------------------------------


      R M S  F L U C T U A T I O N S


 NSTEP =     2500   TIME(PS) =      20.000  TEMP(K) =    13.08  PRESS =     0.0
 Etot   =      2166.7949  EKtot   =       972.6777  EPtot      =      1195.8719
 BOND   =        15.3325  ANGLE   =        19.9390  DIHED      =         8.6049
 1-4 NB =         5.3063  1-4 EEL =        16.0358  VDWAALS    =       459.9626
 EELEC  =      1612.9807  EHBOND  =         0.0000  RESTRAINT  =         0.0000
 ------------------------------------------------------------------------------

--------------------------------------------------------------------------------
   5.  TIMINGS
--------------------------------------------------------------------------------

|  NonSetup CPU Time in Major Routines:
|
|     Routine           Sec        %
|     ------------------------------
|     Nonbond           1.20   12.02
|     Bond              0.00    0.00
|     Angle             0.00    0.00
|     Dihedral          0.00    0.00
|     Shake             0.02    0.16
|     RunMD             8.75   87.75
|     Other             0.01    0.06
|     ------------------------------
|     Total             9.97

|  PME Nonbond Pairlist CPU Time:
|
|     Routine              Sec        %
|     ---------------------------------
|     Set Up Cit           0.00    0.00
|     Build List           0.00    0.00
|     ---------------------------------
|     Total                0.00    0.00

|  PME Direct Force CPU Time:
|
|     Routine              Sec        %
|     ---------------------------------
|     NonBonded Calc       0.00    0.00
|     Exclude Masked       0.00    0.00
|     Other                0.00    0.04
|     ---------------------------------
|     Total                0.00    0.04

|  PME Reciprocal Force CPU Time:
|
|     Routine              Sec        %
|     ---------------------------------
|     1D bspline           0.00    0.00
|     Grid Charges         0.00    0.00
|     Scalar Sum           0.00    0.00
|     Gradient Sum         0.00    0.00
|     FFT                  0.00    0.00
|     ---------------------------------
|     Total                0.00    0.00

|  Final Performance Info:
|     -----------------------------------------------------
|     Average timings for last    2450 steps:
|     Elapsed(s) =      10.35 Per Step(ms) =       4.22
|         ns/day =      40.91   seconds/ns =    2111.89
|
|     Average timings for all steps:
|     Elapsed(s) =      10.66 Per Step(ms) =       4.26
|         ns/day =      40.54   seconds/ns =    2131.26
|     -----------------------------------------------------

|  Setup CPU time:            1.25 seconds
|  NonSetup CPU time:         9.97 seconds
|  Total CPU time:           11.22 seconds     0.00 hours

|  Setup wall time:           2    seconds
|  NonSetup wall time:       10    seconds
|  Total wall time:          12    seconds     0.00 hours
