
          -------------------------------------------------------
          Amber 16 PMEMD                              2016
          -------------------------------------------------------

| PMEMD implementation of SANDER, Release 16

| Run on 01/17/2024 at 23:00:37

|   Executable path: pmemd.cuda
| Working directory: /home/students/keyq/fuben/input/4/nLG4right
|          Hostname: master

  [-O]verwriting output

File Assignments:
|   MDIN: heat1.in                                                              
|  MDOUT: cmp_heat1.out                                                         
| INPCRD: cmp_heat0.rst                                                         
|   PARM: cmp.prmtop                                                            
| RESTRT: cmp_heat1.rst                                                         
|   REFC: cmp.inpcrd                                                            
|  MDVEL: mdvel                                                                 
|   MDEN: mden                                                                  
|  MDCRD: cmp_heat1.mdcrd                                                       
| MDINFO: mdinfo                                                                
|  MDFRC: mdfrc                                                                 


 Here is the input file:

Stage 1 heating 1 5ps 0-100K                                                   
 &cntrl                                                                        
  imin=0, ntx=1,                                                               
  nstlim=2500, dt=0.002,                                                       
  ntc=2, ntf=2,                                                                
  ntt=1, tautp=1.5,                                                            
  tempi=0.0, temp0=50.0,                                                       
  ntpr=50, ntwx=50,                                                            
  ntb=1,                                                                       
  cut=10,                                                                      
 /                                                                             


Note: ig = -1. Setting random seed to    80564 based on wallclock time in 
      microseconds.
 
|--------------------- INFORMATION ----------------------
| GPU (CUDA) Version of PMEMD in use: NVIDIA GPU IN USE.
|                    Version 16.0.0
| 
|                      02/25/2016
| 
| Implementation by:
|                    Ross C. Walker     (SDSC)
|                    Scott Le Grand     (nVIDIA)
| 
| Precision model in use:
|      [SPFP] - Single Precision Forces, 64-bit Fixed Point
|               Accumulation. (Default)
| 
|--------------------------------------------------------
 
|----------------- CITATION INFORMATION -----------------
|
|    When publishing work that utilized the CUDA version
|    of AMBER, please cite the following in addition to
|    the regular AMBER citations:
|
|  - Romelia Salomon-Ferrer; Andreas W. Goetz; Duncan
|    Poole; Scott Le Grand; Ross C. Walker "Routine
|    microsecond molecular dynamics simulations with
|    AMBER - Part II: Particle Mesh Ewald", J. Chem.
|    Theory Comput., 2013, 9 (9), pp3878-3888,
|    DOI: 10.1021/ct400314y.
|
|  - Andreas W. Goetz; Mark J. Williamson; Dong Xu;
|    Duncan Poole; Scott Le Grand; Ross C. Walker
|    "Routine microsecond molecular dynamics simulations
|    with AMBER - Part I: Generalized Born", J. Chem.
|    Theory Comput., 2012, 8 (5), pp1542-1555.
|
|  - Scott Le Grand; Andreas W. Goetz; Ross C. Walker
|    "SPFP: Speed without compromise - a mixed precision
|    model for GPU accelerated molecular dynamics
|    simulations.", Comp. Phys. Comm., 2013, 184
|    pp374-380, DOI: 10.1016/j.cpc.2012.09.022
|
|--------------------------------------------------------
 
|------------------- GPU DEVICE INFO --------------------
|
|            CUDA_VISIBLE_DEVICES: 0
|   CUDA Capable Devices Detected:      1
|           CUDA Device ID in use:      0
|                CUDA Device Name: Tesla V100-PCIE-32GB
|     CUDA Device Global Mem Size:  32510 MB
| CUDA Device Num Multiprocessors:     80
|           CUDA Device Core Freq:   1.38 GHz
|
|--------------------------------------------------------
 
 
| Conditional Compilation Defines Used:
| PUBFFT
| BINTRAJ
| CUDA
| EMIL

| Largest sphere to fit in unit cell has radius =    33.338

| New format PARM file being parsed.
| Version =    1.000 Date = 01/29/21 Time = 11:07:54

| Note: 1-4 EEL scale factors are being read from the topology file.

| Note: 1-4 VDW scale factors are being read from the topology file.
| Duplicated    0 dihedrals

| Duplicated    0 dihedrals

--------------------------------------------------------------------------------
   1.  RESOURCE   USE: 
--------------------------------------------------------------------------------

 getting box info from netcdf restart file
 NATOM  =   37057 NTYPES =      18 NBONH =   36318 MBONA  =     790
 NTHETH =     882 MTHETA =    1223 NPHIH =    1873 MPHIA  =    2451
 NHPARM =       0 NPARM  =       0 NNB   =   54006 NRES   =   12045
 NBONA  =     790 NTHETA =    1223 NPHIA =    2451 NUMBND =      73
 NUMANG =     152 NPTRA  =      87 NATYP =      37 NPHB   =       1
 IFBOX  =       2 NMXRS  =      34 IFCAP =       0 NEXTRA =       0
 NCOPY  =       0

| Coordinate Index Table dimensions:    13   13   13
| Direct force subcell size =     6.2816    6.2816    6.2816

     BOX TYPE: TRUNCATED OCTAHEDRON

--------------------------------------------------------------------------------
   2.  CONTROL  DATA  FOR  THE  RUN
--------------------------------------------------------------------------------

default_name                                                                    

General flags:
     imin    =       0, nmropt  =       0

Nature and format of input:
     ntx     =       1, irest   =       0, ntrx    =       1

Nature and format of output:
     ntxo    =       2, ntpr    =      50, ntrx    =       1, ntwr    =    2500
     iwrap   =       0, ntwx    =      50, ntwv    =       0, ntwe    =       0
     ioutfm  =       1, ntwprt  =       0, idecomp =       0, rbornstat=      0

Potential function:
     ntf     =       2, ntb     =       1, igb     =       0, nsnb    =      25
     ipol    =       0, gbsa    =       0, iesp    =       0
     dielc   =   1.00000, cut     =  10.00000, intdiel =   1.00000

Frozen or restrained atoms:
     ibelly  =       0, ntr     =       0

Molecular dynamics:
     nstlim  =      2500, nscm    =      1000, nrespa  =         1
     t       =   0.00000, dt      =   0.00200, vlimit  =  -1.00000

Berendsen (weak-coupling) temperature regulation:
     temp0   =  50.00000, tempi   =   0.00000, tautp   =   1.50000

SHAKE:
     ntc     =       2, jfastw  =       0
     tol     =   0.00001

| Intermolecular bonds treatment:
|     no_intermolecular_bonds =       1

| Energy averages sample interval:
|     ene_avg_sampling =      50

Ewald parameters:
     verbose =       0, ew_type =       0, nbflag  =       1, use_pme =       1
     vdwmeth =       1, eedmeth =       1, netfrc  =       1
     Box X =   81.661   Box Y =   81.661   Box Z =   81.661
     Alpha =  109.471   Beta  =  109.471   Gamma =  109.471
     NFFT1 =   84       NFFT2 =   84       NFFT3 =   84
     Cutoff=   10.000   Tol   =0.100E-04
     Ewald Coefficient =  0.27511
     Interpolation order =    4

--------------------------------------------------------------------------------
   3.  ATOMIC COORDINATES AND VELOCITIES
--------------------------------------------------------------------------------

default_name                                                                    
 begin time read from input coords =     0.000 ps

 
 Number of triangulated 3-point waters found:    11979

     Sum of charges from parm topology file =   0.00000010
     Forcing neutrality...

| Dynamic Memory, Types Used:
| Reals             1071931
| Integers           890144

| Nonbonded Pairs Initial Allocation:    11208816

| GPU memory information (estimate):
| KB of GPU memory in use:    209985
| KB of CPU memory in use:     64833

--------------------------------------------------------------------------------
   4.  RESULTS
--------------------------------------------------------------------------------

 ---------------------------------------------------
 APPROXIMATING switch and d/dx switch using CUBIC SPLINE INTERPOLATION
 using   5000.0 points per unit in tabled values
 TESTING RELATIVE ERROR over r ranging from 0.0 to cutoff
| CHECK switch(x): max rel err =   0.2738E-14   at   2.422500
| CHECK d/dx switch(x): max rel err =   0.8314E-11   at   2.736960
 ---------------------------------------------------
|---------------------------------------------------
| APPROXIMATING direct energy using CUBIC SPLINE INTERPOLATION
|  with   50.0 points per unit in tabled values
| Relative Error Limit not exceeded for r .gt.   2.33
| APPROXIMATING direct force using CUBIC SPLINE INTERPOLATION
|  with   50.0 points per unit in tabled values
| Relative Error Limit not exceeded for r .gt.   2.80
|---------------------------------------------------

 NSTEP =        0   TIME(PS) =       0.000  TEMP(K) =     0.00  PRESS =     0.0
 Etot   =   -176521.4437  EKtot   =         0.0000  EPtot      =   -176521.4437
 BOND   =        57.3109  ANGLE   =       217.9272  DIHED      =       820.7289
 1-4 NB =       251.4051  1-4 EEL =     -4465.9939  VDWAALS    =     32119.8440
 EELEC  =   -205522.6658  EHBOND  =         0.0000  RESTRAINT  =         0.0000
 ------------------------------------------------------------------------------


 NSTEP =       50   TIME(PS) =       0.100  TEMP(K) =     8.82  PRESS =     0.0
 Etot   =   -151570.8642  EKtot   =       656.2051  EPtot      =   -152227.0693
 BOND   =        55.3705  ANGLE   =       211.4036  DIHED      =       820.5850
 1-4 NB =       256.5838  1-4 EEL =     -4459.0563  VDWAALS    =     27144.0600
 EELEC  =   -176256.0160  EHBOND  =         0.0000  RESTRAINT  =         0.0000
 ------------------------------------------------------------------------------


 NSTEP =      100   TIME(PS) =       0.200  TEMP(K) =     7.99  PRESS =     0.0
 Etot   =   -151382.9703  EKtot   =       594.0518  EPtot      =   -151977.0221
 BOND   =        56.6212  ANGLE   =       213.6120  DIHED      =       817.9514
 1-4 NB =       257.2910  1-4 EEL =     -4461.9222  VDWAALS    =     24727.2456
 EELEC  =   -173587.8211  EHBOND  =         0.0000  RESTRAINT  =         0.0000
 ------------------------------------------------------------------------------


 NSTEP =      150   TIME(PS) =       0.300  TEMP(K) =    10.43  PRESS =     0.0
 Etot   =   -151189.3018  EKtot   =       775.6957  EPtot      =   -151964.9975
 BOND   =        56.7842  ANGLE   =       212.5446  DIHED      =       819.2335
 1-4 NB =       257.4109  1-4 EEL =     -4465.8081  VDWAALS    =     25185.8281
 EELEC  =   -174030.9907  EHBOND  =         0.0000  RESTRAINT  =         0.0000
 ------------------------------------------------------------------------------


 NSTEP =      200   TIME(PS) =       0.400  TEMP(K) =    12.02  PRESS =     0.0
 Etot   =   -150996.2270  EKtot   =       894.0204  EPtot      =   -151890.2474
 BOND   =        56.4572  ANGLE   =       212.4423  DIHED      =       818.7494
 1-4 NB =       257.7053  1-4 EEL =     -4463.0237  VDWAALS    =     25558.4651
 EELEC  =   -174331.0430  EHBOND  =         0.0000  RESTRAINT  =         0.0000
 ------------------------------------------------------------------------------


 NSTEP =      250   TIME(PS) =       0.500  TEMP(K) =    13.82  PRESS =     0.0
 Etot   =   -150812.8477  EKtot   =      1028.0043  EPtot      =   -151840.8520
 BOND   =        56.3957  ANGLE   =       214.3160  DIHED      =       819.4899
 1-4 NB =       260.1054  1-4 EEL =     -4467.2303  VDWAALS    =     25254.0584
 EELEC  =   -173977.9871  EHBOND  =         0.0000  RESTRAINT  =         0.0000
 ------------------------------------------------------------------------------


 NSTEP =      300   TIME(PS) =       0.600  TEMP(K) =    15.54  PRESS =     0.0
 Etot   =   -150636.5226  EKtot   =      1155.5648  EPtot      =   -151792.0874
 BOND   =        58.1768  ANGLE   =       219.9143  DIHED      =       816.0507
 1-4 NB =       256.3944  1-4 EEL =     -4468.2160  VDWAALS    =     25058.3157
 EELEC  =   -173732.7233  EHBOND  =         0.0000  RESTRAINT  =         0.0000
 ------------------------------------------------------------------------------


 NSTEP =      350   TIME(PS) =       0.700  TEMP(K) =    17.03  PRESS =     0.0
 Etot   =   -150468.9899  EKtot   =      1266.8715  EPtot      =   -151735.8613
 BOND   =        57.1177  ANGLE   =       217.7090  DIHED      =       822.6074
 1-4 NB =       256.8884  1-4 EEL =     -4461.8598  VDWAALS    =     25099.2362
 EELEC  =   -173727.5603  EHBOND  =         0.0000  RESTRAINT  =         0.0000
 ------------------------------------------------------------------------------


 NSTEP =      400   TIME(PS) =       0.800  TEMP(K) =    18.41  PRESS =     0.0
 Etot   =   -150309.2269  EKtot   =      1368.8734  EPtot      =   -151678.1003
 BOND   =        57.3142  ANGLE   =       219.6275  DIHED      =       822.9497
 1-4 NB =       255.8207  1-4 EEL =     -4461.0981  VDWAALS    =     25119.1268
 EELEC  =   -173691.8411  EHBOND  =         0.0000  RESTRAINT  =         0.0000
 ------------------------------------------------------------------------------


 NSTEP =      450   TIME(PS) =       0.900  TEMP(K) =    19.90  PRESS =     0.0
 Etot   =   -150156.1966  EKtot   =      1479.9261  EPtot      =   -151636.1228
 BOND   =        58.6871  ANGLE   =       221.9372  DIHED      =       824.7448
 1-4 NB =       256.6994  1-4 EEL =     -4464.3197  VDWAALS    =     24997.3460
 EELEC  =   -173531.2176  EHBOND  =         0.0000  RESTRAINT  =         0.0000
 ------------------------------------------------------------------------------


 NSTEP =      500   TIME(PS) =       1.000  TEMP(K) =    21.27  PRESS =     0.0
 Etot   =   -150010.5203  EKtot   =      1581.8536  EPtot      =   -151592.3739
 BOND   =        59.0108  ANGLE   =       223.6215  DIHED      =       819.9164
 1-4 NB =       256.0183  1-4 EEL =     -4462.9971  VDWAALS    =     25035.1772
 EELEC  =   -173523.1210  EHBOND  =         0.0000  RESTRAINT  =         0.0000
 ------------------------------------------------------------------------------


 NSTEP =      550   TIME(PS) =       1.100  TEMP(K) =    22.87  PRESS =     0.0
 Etot   =   -149873.1643  EKtot   =      1700.5593  EPtot      =   -151573.7236
 BOND   =        58.3684  ANGLE   =       220.7004  DIHED      =       824.2542
 1-4 NB =       254.8979  1-4 EEL =     -4464.5530  VDWAALS    =     25149.1861
 EELEC  =   -173616.5776  EHBOND  =         0.0000  RESTRAINT  =         0.0000
 ------------------------------------------------------------------------------


 NSTEP =      600   TIME(PS) =       1.200  TEMP(K) =    24.45  PRESS =     0.0
 Etot   =   -149743.2355  EKtot   =      1818.4512  EPtot      =   -151561.6867
 BOND   =        59.2849  ANGLE   =       219.5430  DIHED      =       826.0931
 1-4 NB =       257.5256  1-4 EEL =     -4463.3967  VDWAALS    =     25166.6156
 EELEC  =   -173627.3521  EHBOND  =         0.0000  RESTRAINT  =         0.0000
 ------------------------------------------------------------------------------


 NSTEP =      650   TIME(PS) =       1.300  TEMP(K) =    25.36  PRESS =     0.0
 Etot   =   -149618.4296  EKtot   =      1886.0272  EPtot      =   -151504.4569
 BOND   =        59.3212  ANGLE   =       228.6400  DIHED      =       824.4078
 1-4 NB =       255.8295  1-4 EEL =     -4464.1695  VDWAALS    =     25236.4030
 EELEC  =   -173644.8888  EHBOND  =         0.0000  RESTRAINT  =         0.0000
 ------------------------------------------------------------------------------


 NSTEP =      700   TIME(PS) =       1.400  TEMP(K) =    26.84  PRESS =     0.0
 Etot   =   -149500.0696  EKtot   =      1996.4716  EPtot      =   -151496.5412
 BOND   =        59.0772  ANGLE   =       227.0623  DIHED      =       825.5648
 1-4 NB =       254.7376  1-4 EEL =     -4457.1641  VDWAALS    =     25379.1444
 EELEC  =   -173784.9634  EHBOND  =         0.0000  RESTRAINT  =         0.0000
 ------------------------------------------------------------------------------


 NSTEP =      750   TIME(PS) =       1.500  TEMP(K) =    27.92  PRESS =     0.0
 Etot   =   -149388.3738  EKtot   =      2076.3245  EPtot      =   -151464.6982
 BOND   =        60.5203  ANGLE   =       231.9315  DIHED      =       822.9354
 1-4 NB =       254.3049  1-4 EEL =     -4462.4692  VDWAALS    =     25599.4236
 EELEC  =   -173971.3448  EHBOND  =         0.0000  RESTRAINT  =         0.0000
 ------------------------------------------------------------------------------


 NSTEP =      800   TIME(PS) =       1.600  TEMP(K) =    28.89  PRESS =     0.0
 Etot   =   -149281.2652  EKtot   =      2148.3306  EPtot      =   -151429.5957
 BOND   =        60.0127  ANGLE   =       229.9878  DIHED      =       825.8053
 1-4 NB =       259.5278  1-4 EEL =     -4467.8659  VDWAALS    =     25520.0186
 EELEC  =   -173857.0820  EHBOND  =         0.0000  RESTRAINT  =         0.0000
 ------------------------------------------------------------------------------


 NSTEP =      850   TIME(PS) =       1.700  TEMP(K) =    30.22  PRESS =     0.0
 Etot   =   -149179.8586  EKtot   =      2247.4275  EPtot      =   -151427.2861
 BOND   =        61.2578  ANGLE   =       234.6200  DIHED      =       823.1524
 1-4 NB =       256.7527  1-4 EEL =     -4460.2890  VDWAALS    =     25429.0204
 EELEC  =   -173771.8004  EHBOND  =         0.0000  RESTRAINT  =         0.0000
 ------------------------------------------------------------------------------


 NSTEP =      900   TIME(PS) =       1.800  TEMP(K) =    31.16  PRESS =     0.0
 Etot   =   -149084.0690  EKtot   =      2317.6011  EPtot      =   -151401.6701
 BOND   =        59.3268  ANGLE   =       232.2394  DIHED      =       823.4743
 1-4 NB =       257.0352  1-4 EEL =     -4462.5490  VDWAALS    =     25431.1012
 EELEC  =   -173742.2980  EHBOND  =         0.0000  RESTRAINT  =         0.0000
 ------------------------------------------------------------------------------


 NSTEP =      950   TIME(PS) =       1.900  TEMP(K) =    31.63  PRESS =     0.0
 Etot   =   -148993.2581  EKtot   =      2352.6841  EPtot      =   -151345.9422
 BOND   =        58.8118  ANGLE   =       237.1836  DIHED      =       819.9482
 1-4 NB =       260.5578  1-4 EEL =     -4467.7101  VDWAALS    =     25372.7590
 EELEC  =   -173627.4925  EHBOND  =         0.0000  RESTRAINT  =         0.0000
 ------------------------------------------------------------------------------

check COM velocity, temp:        0.000014     0.00(Removed)

 NSTEP =     1000   TIME(PS) =       2.000  TEMP(K) =    33.16  PRESS =     0.0
 Etot   =   -148907.4381  EKtot   =      2466.3479  EPtot      =   -151373.7860
 BOND   =        60.8283  ANGLE   =       241.4445  DIHED      =       815.2838
 1-4 NB =       257.5412  1-4 EEL =     -4474.2451  VDWAALS    =     25514.3432
 EELEC  =   -173788.9820  EHBOND  =         0.0000  RESTRAINT  =         0.0000
 ------------------------------------------------------------------------------


 NSTEP =     1050   TIME(PS) =       2.100  TEMP(K) =    33.88  PRESS =     0.0
 Etot   =   -148826.2362  EKtot   =      2519.5012  EPtot      =   -151345.7375
 BOND   =        61.0849  ANGLE   =       230.6514  DIHED      =       824.7544
 1-4 NB =       261.5592  1-4 EEL =     -4473.3469  VDWAALS    =     25309.5334
 EELEC  =   -173559.9739  EHBOND  =         0.0000  RESTRAINT  =         0.0000
 ------------------------------------------------------------------------------


 NSTEP =     1100   TIME(PS) =       2.200  TEMP(K) =    34.72  PRESS =     0.0
 Etot   =   -148747.6433  EKtot   =      2582.0042  EPtot      =   -151329.6474
 BOND   =        59.2917  ANGLE   =       227.2507  DIHED      =       827.7736
 1-4 NB =       258.0047  1-4 EEL =     -4462.3689  VDWAALS    =     25353.2448
 EELEC  =   -173592.8440  EHBOND  =         0.0000  RESTRAINT  =         0.0000
 ------------------------------------------------------------------------------


 NSTEP =     1150   TIME(PS) =       2.300  TEMP(K) =    35.34  PRESS =     0.0
 Etot   =   -148674.0403  EKtot   =      2628.0596  EPtot      =   -151302.0998
 BOND   =        60.8348  ANGLE   =       233.9899  DIHED      =       820.1083
 1-4 NB =       259.7315  1-4 EEL =     -4462.5674  VDWAALS    =     25344.9477
 EELEC  =   -173559.1446  EHBOND  =         0.0000  RESTRAINT  =         0.0000
 ------------------------------------------------------------------------------


 NSTEP =     1200   TIME(PS) =       2.400  TEMP(K) =    35.79  PRESS =     0.0
 Etot   =   -148601.8258  EKtot   =      2661.6892  EPtot      =   -151263.5150
 BOND   =        58.7034  ANGLE   =       238.5777  DIHED      =       824.3504
 1-4 NB =       261.1008  1-4 EEL =     -4471.4289  VDWAALS    =     25245.4638
 EELEC  =   -173420.2821  EHBOND  =         0.0000  RESTRAINT  =         0.0000
 ------------------------------------------------------------------------------


 NSTEP =     1250   TIME(PS) =       2.500  TEMP(K) =    36.99  PRESS =     0.0
 Etot   =   -148535.6270  EKtot   =      2750.7300  EPtot      =   -151286.3570
 BOND   =        61.1175  ANGLE   =       235.9839  DIHED      =       821.9858
 1-4 NB =       262.5371  1-4 EEL =     -4467.1088  VDWAALS    =     25446.9006
 EELEC  =   -173647.7730  EHBOND  =         0.0000  RESTRAINT  =         0.0000
 ------------------------------------------------------------------------------


 NSTEP =     1300   TIME(PS) =       2.600  TEMP(K) =    37.82  PRESS =     0.0
 Etot   =   -148473.9982  EKtot   =      2812.7212  EPtot      =   -151286.7194
 BOND   =        62.5569  ANGLE   =       235.2217  DIHED      =       828.1400
 1-4 NB =       260.0935  1-4 EEL =     -4476.1124  VDWAALS    =     25404.0391
 EELEC  =   -173600.6582  EHBOND  =         0.0000  RESTRAINT  =         0.0000
 ------------------------------------------------------------------------------


 NSTEP =     1350   TIME(PS) =       2.700  TEMP(K) =    38.25  PRESS =     0.0
 Etot   =   -148414.5780  EKtot   =      2844.4634  EPtot      =   -151259.0414
 BOND   =        63.4918  ANGLE   =       239.6820  DIHED      =       830.9721
 1-4 NB =       259.5966  1-4 EEL =     -4476.6904  VDWAALS    =     25381.7187
 EELEC  =   -173557.8122  EHBOND  =         0.0000  RESTRAINT  =         0.0000
 ------------------------------------------------------------------------------


 NSTEP =     1400   TIME(PS) =       2.800  TEMP(K) =    38.90  PRESS =     0.0
 Etot   =   -148359.0811  EKtot   =      2892.8447  EPtot      =   -151251.9258
 BOND   =        63.0833  ANGLE   =       234.8212  DIHED      =       832.1898
 1-4 NB =       261.3423  1-4 EEL =     -4480.5317  VDWAALS    =     25461.8281
 EELEC  =   -173624.6587  EHBOND  =         0.0000  RESTRAINT  =         0.0000
 ------------------------------------------------------------------------------


 NSTEP =     1450   TIME(PS) =       2.900  TEMP(K) =    39.52  PRESS =     0.0
 Etot   =   -148306.6271  EKtot   =      2938.8760  EPtot      =   -151245.5031
 BOND   =        61.8974  ANGLE   =       242.7554  DIHED      =       826.6453
 1-4 NB =       261.0920  1-4 EEL =     -4478.7650  VDWAALS    =     25315.3719
 EELEC  =   -173474.5002  EHBOND  =         0.0000  RESTRAINT  =         0.0000
 ------------------------------------------------------------------------------


 NSTEP =     1500   TIME(PS) =       3.000  TEMP(K) =    40.40  PRESS =     0.0
 Etot   =   -148256.2225  EKtot   =      3004.5308  EPtot      =   -151260.7532
 BOND   =        63.0114  ANGLE   =       240.3636  DIHED      =       833.6842
 1-4 NB =       257.6358  1-4 EEL =     -4470.2483  VDWAALS    =     25311.9813
 EELEC  =   -173497.1814  EHBOND  =         0.0000  RESTRAINT  =         0.0000
 ------------------------------------------------------------------------------


 NSTEP =     1550   TIME(PS) =       3.100  TEMP(K) =    41.05  PRESS =     0.0
 Etot   =   -148209.3041  EKtot   =      3052.5547  EPtot      =   -151261.8588
 BOND   =        64.1272  ANGLE   =       237.1042  DIHED      =       828.2288
 1-4 NB =       261.9596  1-4 EEL =     -4465.0799  VDWAALS    =     25410.0243
 EELEC  =   -173598.2231  EHBOND  =         0.0000  RESTRAINT  =         0.0000
 ------------------------------------------------------------------------------


 NSTEP =     1600   TIME(PS) =       3.200  TEMP(K) =    41.76  PRESS =     0.0
 Etot   =   -148166.7434  EKtot   =      3105.4338  EPtot      =   -151272.1773
 BOND   =        62.4645  ANGLE   =       245.4115  DIHED      =       822.6602
 1-4 NB =       252.4934  1-4 EEL =     -4469.9427  VDWAALS    =     25571.2714
 EELEC  =   -173756.5356  EHBOND  =         0.0000  RESTRAINT  =         0.0000
 ------------------------------------------------------------------------------


 NSTEP =     1650   TIME(PS) =       3.300  TEMP(K) =    41.68  PRESS =     0.0
 Etot   =   -148126.0565  EKtot   =      3099.4192  EPtot      =   -151225.4757
 BOND   =        63.0614  ANGLE   =       233.0148  DIHED      =       829.0622
 1-4 NB =       259.9685  1-4 EEL =     -4455.3362  VDWAALS    =     25610.5970
 EELEC  =   -173765.8433  EHBOND  =         0.0000  RESTRAINT  =         0.0000
 ------------------------------------------------------------------------------


 NSTEP =     1700   TIME(PS) =       3.400  TEMP(K) =    42.75  PRESS =     0.0
 Etot   =   -148087.1256  EKtot   =      3179.6106  EPtot      =   -151266.7362
 BOND   =        62.6378  ANGLE   =       235.2989  DIHED      =       826.6185
 1-4 NB =       258.0612  1-4 EEL =     -4467.2717  VDWAALS    =     25463.8532
 EELEC  =   -173645.9340  EHBOND  =         0.0000  RESTRAINT  =         0.0000
 ------------------------------------------------------------------------------


 NSTEP =     1750   TIME(PS) =       3.500  TEMP(K) =    42.79  PRESS =     0.0
 Etot   =   -148052.5766  EKtot   =      3182.4912  EPtot      =   -151235.0678
 BOND   =        62.5457  ANGLE   =       239.9068  DIHED      =       824.2543
 1-4 NB =       259.2665  1-4 EEL =     -4476.1991  VDWAALS    =     25500.3759
 EELEC  =   -173645.2181  EHBOND  =         0.0000  RESTRAINT  =         0.0000
 ------------------------------------------------------------------------------


 NSTEP =     1800   TIME(PS) =       3.600  TEMP(K) =    43.34  PRESS =     0.0
 Etot   =   -148019.0389  EKtot   =      3223.5471  EPtot      =   -151242.5860
 BOND   =        67.1023  ANGLE   =       240.5247  DIHED      =       823.6316
 1-4 NB =       258.7942  1-4 EEL =     -4473.4334  VDWAALS    =     25499.8508
 EELEC  =   -173659.0564  EHBOND  =         0.0000  RESTRAINT  =         0.0000
 ------------------------------------------------------------------------------


 NSTEP =     1850   TIME(PS) =       3.700  TEMP(K) =    43.71  PRESS =     0.0
 Etot   =   -147987.6943  EKtot   =      3250.9038  EPtot      =   -151238.5981
 BOND   =        61.6912  ANGLE   =       234.5004  DIHED      =       826.4824
 1-4 NB =       260.5765  1-4 EEL =     -4468.0711  VDWAALS    =     25471.1121
 EELEC  =   -173624.8895  EHBOND  =         0.0000  RESTRAINT  =         0.0000
 ------------------------------------------------------------------------------


 NSTEP =     1900   TIME(PS) =       3.800  TEMP(K) =    44.28  PRESS =     0.0
 Etot   =   -147957.5535  EKtot   =      3293.3335  EPtot      =   -151250.8870
 BOND   =        64.5241  ANGLE   =       240.5315  DIHED      =       833.7460
 1-4 NB =       262.6202  1-4 EEL =     -4478.2584  VDWAALS    =     25680.0020
 EELEC  =   -173854.0524  EHBOND  =         0.0000  RESTRAINT  =         0.0000
 ------------------------------------------------------------------------------


 NSTEP =     1950   TIME(PS) =       3.900  TEMP(K) =    44.68  PRESS =     0.0
 Etot   =   -147930.5201  EKtot   =      3322.8496  EPtot      =   -151253.3697
 BOND   =        63.2177  ANGLE   =       235.0673  DIHED      =       822.4940
 1-4 NB =       260.5931  1-4 EEL =     -4465.9582  VDWAALS    =     25620.9140
 EELEC  =   -173789.6976  EHBOND  =         0.0000  RESTRAINT  =         0.0000
 ------------------------------------------------------------------------------

check COM velocity, temp:        0.000017     0.00(Removed)

 NSTEP =     2000   TIME(PS) =       4.000  TEMP(K) =    44.86  PRESS =     0.0
 Etot   =   -147904.7026  EKtot   =      3336.2605  EPtot      =   -151240.9631
 BOND   =        67.4800  ANGLE   =       241.7513  DIHED      =       824.2526
 1-4 NB =       258.0072  1-4 EEL =     -4479.1428  VDWAALS    =     25585.4290
 EELEC  =   -173738.7405  EHBOND  =         0.0000  RESTRAINT  =         0.0000
 ------------------------------------------------------------------------------


 NSTEP =     2050   TIME(PS) =       4.100  TEMP(K) =    45.44  PRESS =     0.0
 Etot   =   -147880.4953  EKtot   =      3379.2839  EPtot      =   -151259.7793
 BOND   =        60.2986  ANGLE   =       236.8221  DIHED      =       827.8697
 1-4 NB =       259.1386  1-4 EEL =     -4462.9945  VDWAALS    =     25528.4605
 EELEC  =   -173709.3741  EHBOND  =         0.0000  RESTRAINT  =         0.0000
 ------------------------------------------------------------------------------


 NSTEP =     2100   TIME(PS) =       4.200  TEMP(K) =    46.16  PRESS =     0.0
 Etot   =   -147860.3067  EKtot   =      3433.0940  EPtot      =   -151293.4007
 BOND   =        65.1673  ANGLE   =       246.2405  DIHED      =       827.3951
 1-4 NB =       260.0624  1-4 EEL =     -4478.2436  VDWAALS    =     25580.6744
 EELEC  =   -173794.6967  EHBOND  =         0.0000  RESTRAINT  =         0.0000
 ------------------------------------------------------------------------------


 NSTEP =     2150   TIME(PS) =       4.300  TEMP(K) =    46.27  PRESS =     0.0
 Etot   =   -147839.9370  EKtot   =      3441.2117  EPtot      =   -151281.1487
 BOND   =        65.4980  ANGLE   =       246.9961  DIHED      =       826.0980
 1-4 NB =       263.1798  1-4 EEL =     -4481.3414  VDWAALS    =     25654.0801
 EELEC  =   -173855.6594  EHBOND  =         0.0000  RESTRAINT  =         0.0000
 ------------------------------------------------------------------------------


 NSTEP =     2200   TIME(PS) =       4.400  TEMP(K) =    46.32  PRESS =     0.0
 Etot   =   -147821.5407  EKtot   =      3445.1448  EPtot      =   -151266.6855
 BOND   =        63.3227  ANGLE   =       250.7735  DIHED      =       831.0977
 1-4 NB =       258.3390  1-4 EEL =     -4479.1675  VDWAALS    =     25513.4348
 EELEC  =   -173704.4857  EHBOND  =         0.0000  RESTRAINT  =         0.0000
 ------------------------------------------------------------------------------


 NSTEP =     2250   TIME(PS) =       4.500  TEMP(K) =    46.27  PRESS =     0.0
 Etot   =   -147804.3563  EKtot   =      3441.2986  EPtot      =   -151245.6549
 BOND   =        65.0704  ANGLE   =       241.9704  DIHED      =       832.4334
 1-4 NB =       256.6645  1-4 EEL =     -4474.4740  VDWAALS    =     25399.8539
 EELEC  =   -173567.1735  EHBOND  =         0.0000  RESTRAINT  =         0.0000
 ------------------------------------------------------------------------------


 NSTEP =     2300   TIME(PS) =       4.600  TEMP(K) =    47.27  PRESS =     0.0
 Etot   =   -147788.0231  EKtot   =      3515.5579  EPtot      =   -151303.5809
 BOND   =        62.9975  ANGLE   =       246.2279  DIHED      =       830.3919
 1-4 NB =       261.2866  1-4 EEL =     -4477.6914  VDWAALS    =     25538.0904
 EELEC  =   -173764.8839  EHBOND  =         0.0000  RESTRAINT  =         0.0000
 ------------------------------------------------------------------------------


 NSTEP =     2350   TIME(PS) =       4.700  TEMP(K) =    47.29  PRESS =     0.0
 Etot   =   -147774.1557  EKtot   =      3517.0549  EPtot      =   -151291.2106
 BOND   =        61.6141  ANGLE   =       238.5266  DIHED      =       830.2408
 1-4 NB =       258.4770  1-4 EEL =     -4464.6672  VDWAALS    =     25513.0804
 EELEC  =   -173728.4823  EHBOND  =         0.0000  RESTRAINT  =         0.0000
 ------------------------------------------------------------------------------


 NSTEP =     2400   TIME(PS) =       4.800  TEMP(K) =    47.42  PRESS =     0.0
 Etot   =   -147761.5986  EKtot   =      3526.7429  EPtot      =   -151288.3415
 BOND   =        63.9178  ANGLE   =       248.7374  DIHED      =       833.9312
 1-4 NB =       257.5017  1-4 EEL =     -4479.1010  VDWAALS    =     25438.4642
 EELEC  =   -173651.7926  EHBOND  =         0.0000  RESTRAINT  =         0.0000
 ------------------------------------------------------------------------------


 NSTEP =     2450   TIME(PS) =       4.900  TEMP(K) =    47.57  PRESS =     0.0
 Etot   =   -147748.1850  EKtot   =      3537.7832  EPtot      =   -151285.9682
 BOND   =        65.1486  ANGLE   =       245.0043  DIHED      =       832.1140
 1-4 NB =       259.5995  1-4 EEL =     -4476.3798  VDWAALS    =     25465.0252
 EELEC  =   -173676.4799  EHBOND  =         0.0000  RESTRAINT  =         0.0000
 ------------------------------------------------------------------------------


 NSTEP =     2500   TIME(PS) =       5.000  TEMP(K) =    48.17  PRESS =     0.0
 Etot   =   -147738.3059  EKtot   =      3582.6482  EPtot      =   -151320.9541
 BOND   =        66.4020  ANGLE   =       242.6642  DIHED      =       832.9368
 1-4 NB =       256.5807  1-4 EEL =     -4472.0166  VDWAALS    =     25522.3740
 EELEC  =   -173769.8951  EHBOND  =         0.0000  RESTRAINT  =         0.0000
 ------------------------------------------------------------------------------


      A V E R A G E S   O V E R      50 S T E P S


 NSTEP =     2500   TIME(PS) =       5.000  TEMP(K) =    33.97  PRESS =     0.0
 Etot   =   -148895.1386  EKtot   =      2526.2587  EPtot      =   -151421.3973
 BOND   =        61.2421  ANGLE   =       233.1370  DIHED      =       825.3948
 1-4 NB =       258.5098  1-4 EEL =     -4468.8776  VDWAALS    =     25422.3774
 EELEC  =   -173753.1809  EHBOND  =         0.0000  RESTRAINT  =         0.0000
 ------------------------------------------------------------------------------


      R M S  F L U C T U A T I O N S


 NSTEP =     2500   TIME(PS) =       5.000  TEMP(K) =    11.88  PRESS =     0.0
 Etot   =      1106.2211  EKtot   =       883.4677  EPtot      =       236.1286
 BOND   =         2.9747  ANGLE   =        10.4782  DIHED      =         4.7117
 1-4 NB =         2.3221  1-4 EEL =         6.8862  VDWAALS    =       311.7534
 EELEC  =       389.3537  EHBOND  =         0.0000  RESTRAINT  =         0.0000
 ------------------------------------------------------------------------------

--------------------------------------------------------------------------------
   5.  TIMINGS
--------------------------------------------------------------------------------

|  NonSetup CPU Time in Major Routines:
|
|     Routine           Sec        %
|     ------------------------------
|     Nonbond           0.75    7.23
|     Bond              0.00    0.00
|     Angle             0.00    0.00
|     Dihedral          0.00    0.00
|     Shake             0.02    0.15
|     RunMD             9.60   92.54
|     Other             0.01    0.07
|     ------------------------------
|     Total            10.37

|  PME Nonbond Pairlist CPU Time:
|
|     Routine              Sec        %
|     ---------------------------------
|     Set Up Cit           0.00    0.00
|     Build List           0.00    0.00
|     ---------------------------------
|     Total                0.00    0.00

|  PME Direct Force CPU Time:
|
|     Routine              Sec        %
|     ---------------------------------
|     NonBonded Calc       0.00    0.00
|     Exclude Masked       0.00    0.00
|     Other                0.00    0.04
|     ---------------------------------
|     Total                0.00    0.04

|  PME Reciprocal Force CPU Time:
|
|     Routine              Sec        %
|     ---------------------------------
|     1D bspline           0.00    0.00
|     Grid Charges         0.00    0.00
|     Scalar Sum           0.00    0.00
|     Gradient Sum         0.00    0.00
|     FFT                  0.00    0.00
|     ---------------------------------
|     Total                0.00    0.00

|  Final Performance Info:
|     -----------------------------------------------------
|     Average timings for last    2500 steps:
|     Elapsed(s) =      10.69 Per Step(ms) =       4.27
|         ns/day =      40.42   seconds/ns =    2137.50
|
|     Average timings for all steps:
|     Elapsed(s) =      10.69 Per Step(ms) =       4.27
|         ns/day =      40.42   seconds/ns =    2137.50
|     -----------------------------------------------------

|  Setup CPU time:            1.27 seconds
|  NonSetup CPU time:        10.37 seconds
|  Total CPU time:           11.64 seconds     0.00 hours

|  Setup wall time:           1    seconds
|  NonSetup wall time:       11    seconds
|  Total wall time:          12    seconds     0.00 hours
