
          -------------------------------------------------------
          Amber 16 PMEMD                              2016
          -------------------------------------------------------

| PMEMD implementation of SANDER, Release 16

| Run on 01/17/2024 at 23:01:37

|   Executable path: pmemd.cuda
| Working directory: /home/students/keyq/fuben/input/4/nLG4right
|          Hostname: master

  [-O]verwriting output

File Assignments:
|   MDIN: heat5.in                                                              
|  MDOUT: cmp_heat5.out                                                         
| INPCRD: cmp_heat4.rst                                                         
|   PARM: cmp.prmtop                                                            
| RESTRT: cmp_heat5.rst                                                         
|   REFC: cmp.inpcrd                                                            
|  MDVEL: mdvel                                                                 
|   MDEN: mden                                                                  
|  MDCRD: cmp_heat5.mdcrd                                                       
| MDINFO: mdinfo                                                                
|  MDFRC: mdfrc                                                                 


 Here is the input file:

Stage 2 equilibration 1 0-5ns                                                  
 &cntrl                                                                        
  imin=0, irest=1, ntx=5,                                                      
  nstlim=4000, dt=0.002,                                                       
  ntc=2, ntf=2,                                                                
  ntt=1, tautp=1.5,                                                            
  tempi=200.0, temp0=255.0,                                                    
  ntpr=50, ntwx=50,                                                            
  ntb=1,                                                                       
  cut=10,                                                                      
 /                                                                             


Note: ig = -1. Setting random seed to   299475 based on wallclock time in 
      microseconds.
 
|--------------------- INFORMATION ----------------------
| GPU (CUDA) Version of PMEMD in use: NVIDIA GPU IN USE.
|                    Version 16.0.0
| 
|                      02/25/2016
| 
| Implementation by:
|                    Ross C. Walker     (SDSC)
|                    Scott Le Grand     (nVIDIA)
| 
| Precision model in use:
|      [SPFP] - Single Precision Forces, 64-bit Fixed Point
|               Accumulation. (Default)
| 
|--------------------------------------------------------
 
|----------------- CITATION INFORMATION -----------------
|
|    When publishing work that utilized the CUDA version
|    of AMBER, please cite the following in addition to
|    the regular AMBER citations:
|
|  - Romelia Salomon-Ferrer; Andreas W. Goetz; Duncan
|    Poole; Scott Le Grand; Ross C. Walker "Routine
|    microsecond molecular dynamics simulations with
|    AMBER - Part II: Particle Mesh Ewald", J. Chem.
|    Theory Comput., 2013, 9 (9), pp3878-3888,
|    DOI: 10.1021/ct400314y.
|
|  - Andreas W. Goetz; Mark J. Williamson; Dong Xu;
|    Duncan Poole; Scott Le Grand; Ross C. Walker
|    "Routine microsecond molecular dynamics simulations
|    with AMBER - Part I: Generalized Born", J. Chem.
|    Theory Comput., 2012, 8 (5), pp1542-1555.
|
|  - Scott Le Grand; Andreas W. Goetz; Ross C. Walker
|    "SPFP: Speed without compromise - a mixed precision
|    model for GPU accelerated molecular dynamics
|    simulations.", Comp. Phys. Comm., 2013, 184
|    pp374-380, DOI: 10.1016/j.cpc.2012.09.022
|
|--------------------------------------------------------
 
|------------------- GPU DEVICE INFO --------------------
|
|            CUDA_VISIBLE_DEVICES: 0
|   CUDA Capable Devices Detected:      1
|           CUDA Device ID in use:      0
|                CUDA Device Name: Tesla V100-PCIE-32GB
|     CUDA Device Global Mem Size:  32510 MB
| CUDA Device Num Multiprocessors:     80
|           CUDA Device Core Freq:   1.38 GHz
|
|--------------------------------------------------------
 
 
| Conditional Compilation Defines Used:
| PUBFFT
| BINTRAJ
| CUDA
| EMIL

| Largest sphere to fit in unit cell has radius =    33.338

| New format PARM file being parsed.
| Version =    1.000 Date = 01/29/21 Time = 11:07:54

| Note: 1-4 EEL scale factors are being read from the topology file.

| Note: 1-4 VDW scale factors are being read from the topology file.
| Duplicated    0 dihedrals

| Duplicated    0 dihedrals

--------------------------------------------------------------------------------
   1.  RESOURCE   USE: 
--------------------------------------------------------------------------------

 getting box info from netcdf restart file
 NATOM  =   37057 NTYPES =      18 NBONH =   36318 MBONA  =     790
 NTHETH =     882 MTHETA =    1223 NPHIH =    1873 MPHIA  =    2451
 NHPARM =       0 NPARM  =       0 NNB   =   54006 NRES   =   12045
 NBONA  =     790 NTHETA =    1223 NPHIA =    2451 NUMBND =      73
 NUMANG =     152 NPTRA  =      87 NATYP =      37 NPHB   =       1
 IFBOX  =       2 NMXRS  =      34 IFCAP =       0 NEXTRA =       0
 NCOPY  =       0

| Coordinate Index Table dimensions:    13   13   13
| Direct force subcell size =     6.2816    6.2816    6.2816

     BOX TYPE: TRUNCATED OCTAHEDRON

--------------------------------------------------------------------------------
   2.  CONTROL  DATA  FOR  THE  RUN
--------------------------------------------------------------------------------

default_name                                                                    

General flags:
     imin    =       0, nmropt  =       0

Nature and format of input:
     ntx     =       5, irest   =       1, ntrx    =       1

Nature and format of output:
     ntxo    =       2, ntpr    =      50, ntrx    =       1, ntwr    =    4000
     iwrap   =       0, ntwx    =      50, ntwv    =       0, ntwe    =       0
     ioutfm  =       1, ntwprt  =       0, idecomp =       0, rbornstat=      0

Potential function:
     ntf     =       2, ntb     =       1, igb     =       0, nsnb    =      25
     ipol    =       0, gbsa    =       0, iesp    =       0
     dielc   =   1.00000, cut     =  10.00000, intdiel =   1.00000

Frozen or restrained atoms:
     ibelly  =       0, ntr     =       0

Molecular dynamics:
     nstlim  =      4000, nscm    =      1000, nrespa  =         1
     t       =   0.00000, dt      =   0.00200, vlimit  =  -1.00000

Berendsen (weak-coupling) temperature regulation:
     temp0   = 255.00000, tempi   = 200.00000, tautp   =   1.50000

SHAKE:
     ntc     =       2, jfastw  =       0
     tol     =   0.00001

| Intermolecular bonds treatment:
|     no_intermolecular_bonds =       1

| Energy averages sample interval:
|     ene_avg_sampling =      50

Ewald parameters:
     verbose =       0, ew_type =       0, nbflag  =       1, use_pme =       1
     vdwmeth =       1, eedmeth =       1, netfrc  =       1
     Box X =   81.661   Box Y =   81.661   Box Z =   81.661
     Alpha =  109.471   Beta  =  109.471   Gamma =  109.471
     NFFT1 =   84       NFFT2 =   84       NFFT3 =   84
     Cutoff=   10.000   Tol   =0.100E-04
     Ewald Coefficient =  0.27511
     Interpolation order =    4

--------------------------------------------------------------------------------
   3.  ATOMIC COORDINATES AND VELOCITIES
--------------------------------------------------------------------------------

default_name                                                                    
 begin time read from input coords =    20.000 ps

 
 Number of triangulated 3-point waters found:    11979

     Sum of charges from parm topology file =   0.00000010
     Forcing neutrality...

| Dynamic Memory, Types Used:
| Reals             1071931
| Integers           890144

| Nonbonded Pairs Initial Allocation:    11208816

| GPU memory information (estimate):
| KB of GPU memory in use:    209985
| KB of CPU memory in use:     64833

--------------------------------------------------------------------------------
   4.  RESULTS
--------------------------------------------------------------------------------

 ---------------------------------------------------
 APPROXIMATING switch and d/dx switch using CUBIC SPLINE INTERPOLATION
 using   5000.0 points per unit in tabled values
 TESTING RELATIVE ERROR over r ranging from 0.0 to cutoff
| CHECK switch(x): max rel err =   0.2738E-14   at   2.422500
| CHECK d/dx switch(x): max rel err =   0.8314E-11   at   2.736960
 ---------------------------------------------------
|---------------------------------------------------
| APPROXIMATING direct energy using CUBIC SPLINE INTERPOLATION
|  with   50.0 points per unit in tabled values
| Relative Error Limit not exceeded for r .gt.   2.33
| APPROXIMATING direct force using CUBIC SPLINE INTERPOLATION
|  with   50.0 points per unit in tabled values
| Relative Error Limit not exceeded for r .gt.   2.80
|---------------------------------------------------

 NSTEP =       50   TIME(PS) =      20.100  TEMP(K) =   188.56  PRESS =     0.0
 Etot   =   -126725.6028  EKtot   =     14023.3506  EPtot      =   -140748.9534
 BOND   =       171.4146  ANGLE   =       414.0692  DIHED      =       885.2989
 1-4 NB =       282.4282  1-4 EEL =     -4517.4395  VDWAALS    =     22198.5844
 EELEC  =   -160183.3092  EHBOND  =         0.0000  RESTRAINT  =         0.0000
 ------------------------------------------------------------------------------


 NSTEP =      100   TIME(PS) =      20.200  TEMP(K) =   188.71  PRESS =     0.0
 Etot   =   -126399.6290  EKtot   =     14034.2549  EPtot      =   -140433.8839
 BOND   =       159.2570  ANGLE   =       412.1617  DIHED      =       886.7785
 1-4 NB =       277.4308  1-4 EEL =     -4517.6689  VDWAALS    =     22055.5251
 EELEC  =   -159707.3681  EHBOND  =         0.0000  RESTRAINT  =         0.0000
 ------------------------------------------------------------------------------


 NSTEP =      150   TIME(PS) =      20.300  TEMP(K) =   190.41  PRESS =     0.0
 Etot   =   -126076.0145  EKtot   =     14161.1377  EPtot      =   -140237.1522
 BOND   =       155.2475  ANGLE   =       405.0709  DIHED      =       878.1797
 1-4 NB =       283.4603  1-4 EEL =     -4478.6438  VDWAALS    =     21985.4226
 EELEC  =   -159465.8894  EHBOND  =         0.0000  RESTRAINT  =         0.0000
 ------------------------------------------------------------------------------


 NSTEP =      200   TIME(PS) =      20.400  TEMP(K) =   194.03  PRESS =     0.0
 Etot   =   -125765.7270  EKtot   =     14430.0479  EPtot      =   -140195.7749
 BOND   =       165.6731  ANGLE   =       410.7566  DIHED      =       875.5649
 1-4 NB =       278.0582  1-4 EEL =     -4485.9760  VDWAALS    =     21930.9708
 EELEC  =   -159370.8226  EHBOND  =         0.0000  RESTRAINT  =         0.0000
 ------------------------------------------------------------------------------


 NSTEP =      250   TIME(PS) =      20.500  TEMP(K) =   193.88  PRESS =     0.0
 Etot   =   -125464.0314  EKtot   =     14419.1582  EPtot      =   -139883.1896
 BOND   =       168.6139  ANGLE   =       420.4680  DIHED      =       899.0142
 1-4 NB =       269.9708  1-4 EEL =     -4475.0125  VDWAALS    =     21794.6277
 EELEC  =   -158960.8717  EHBOND  =         0.0000  RESTRAINT  =         0.0000
 ------------------------------------------------------------------------------


 NSTEP =      300   TIME(PS) =      20.600  TEMP(K) =   197.40  PRESS =     0.0
 Etot   =   -125170.0840  EKtot   =     14680.6436  EPtot      =   -139850.7276
 BOND   =       159.4920  ANGLE   =       410.4527  DIHED      =       882.6869
 1-4 NB =       281.6254  1-4 EEL =     -4488.9956  VDWAALS    =     21765.2977
 EELEC  =   -158861.2866  EHBOND  =         0.0000  RESTRAINT  =         0.0000
 ------------------------------------------------------------------------------


 NSTEP =      350   TIME(PS) =      20.700  TEMP(K) =   198.81  PRESS =     0.0
 Etot   =   -124887.0415  EKtot   =     14785.8408  EPtot      =   -139672.8823
 BOND   =       183.6982  ANGLE   =       411.8633  DIHED      =       884.7799
 1-4 NB =       281.2135  1-4 EEL =     -4497.2909  VDWAALS    =     21855.8086
 EELEC  =   -158792.9549  EHBOND  =         0.0000  RESTRAINT  =         0.0000
 ------------------------------------------------------------------------------


 NSTEP =      400   TIME(PS) =      20.800  TEMP(K) =   198.54  PRESS =     0.0
 Etot   =   -124607.9481  EKtot   =     14765.4795  EPtot      =   -139373.4276
 BOND   =       153.1012  ANGLE   =       437.8343  DIHED      =       900.6479
 1-4 NB =       266.5594  1-4 EEL =     -4498.1390  VDWAALS    =     22033.2987
 EELEC  =   -158666.7301  EHBOND  =         0.0000  RESTRAINT  =         0.0000
 ------------------------------------------------------------------------------


 NSTEP =      450   TIME(PS) =      20.900  TEMP(K) =   201.19  PRESS =     0.0
 Etot   =   -124335.9066  EKtot   =     14962.7295  EPtot      =   -139298.6361
 BOND   =       183.3590  ANGLE   =       427.8655  DIHED      =       890.4291
 1-4 NB =       283.5410  1-4 EEL =     -4497.6472  VDWAALS    =     21739.9837
 EELEC  =   -158326.1672  EHBOND  =         0.0000  RESTRAINT  =         0.0000
 ------------------------------------------------------------------------------


 NSTEP =      500   TIME(PS) =      21.000  TEMP(K) =   203.04  PRESS =     0.0
 Etot   =   -124075.0694  EKtot   =     15100.2305  EPtot      =   -139175.2999
 BOND   =       177.9723  ANGLE   =       414.0708  DIHED      =       893.2383
 1-4 NB =       286.5312  1-4 EEL =     -4489.4993  VDWAALS    =     21706.9004
 EELEC  =   -158164.5137  EHBOND  =         0.0000  RESTRAINT  =         0.0000
 ------------------------------------------------------------------------------


 NSTEP =      550   TIME(PS) =      21.100  TEMP(K) =   204.38  PRESS =     0.0
 Etot   =   -123819.0704  EKtot   =     15199.9453  EPtot      =   -139019.0158
 BOND   =       178.1229  ANGLE   =       430.9513  DIHED      =       890.5793
 1-4 NB =       273.1893  1-4 EEL =     -4486.1092  VDWAALS    =     21661.1396
 EELEC  =   -157966.8890  EHBOND  =         0.0000  RESTRAINT  =         0.0000
 ------------------------------------------------------------------------------


 NSTEP =      600   TIME(PS) =      21.200  TEMP(K) =   205.10  PRESS =     0.0
 Etot   =   -123566.1241  EKtot   =     15253.5146  EPtot      =   -138819.6387
 BOND   =       178.5090  ANGLE   =       432.3025  DIHED      =       894.5136
 1-4 NB =       292.4801  1-4 EEL =     -4478.5307  VDWAALS    =     21601.1981
 EELEC  =   -157740.1114  EHBOND  =         0.0000  RESTRAINT  =         0.0000
 ------------------------------------------------------------------------------


 NSTEP =      650   TIME(PS) =      21.300  TEMP(K) =   204.55  PRESS =     0.0
 Etot   =   -123316.6897  EKtot   =     15212.7754  EPtot      =   -138529.4651
 BOND   =       177.0862  ANGLE   =       424.9811  DIHED      =       914.4547
 1-4 NB =       278.4930  1-4 EEL =     -4501.2517  VDWAALS    =     21385.6459
 EELEC  =   -157208.8744  EHBOND  =         0.0000  RESTRAINT  =         0.0000
 ------------------------------------------------------------------------------


 NSTEP =      700   TIME(PS) =      21.400  TEMP(K) =   207.84  PRESS =     0.0
 Etot   =   -123076.6640  EKtot   =     15457.3467  EPtot      =   -138534.0107
 BOND   =       169.9469  ANGLE   =       425.2968  DIHED      =       902.2386
 1-4 NB =       273.5472  1-4 EEL =     -4490.5853  VDWAALS    =     21619.9999
 EELEC  =   -157434.4548  EHBOND  =         0.0000  RESTRAINT  =         0.0000
 ------------------------------------------------------------------------------


 NSTEP =      750   TIME(PS) =      21.500  TEMP(K) =   207.97  PRESS =     0.0
 Etot   =   -122842.9635  EKtot   =     15466.7500  EPtot      =   -138309.7135
 BOND   =       180.4892  ANGLE   =       452.4583  DIHED      =       902.6100
 1-4 NB =       273.1090  1-4 EEL =     -4496.4172  VDWAALS    =     21390.9611
 EELEC  =   -157012.9239  EHBOND  =         0.0000  RESTRAINT  =         0.0000
 ------------------------------------------------------------------------------


 NSTEP =      800   TIME(PS) =      21.600  TEMP(K) =   209.76  PRESS =     0.0
 Etot   =   -122618.6496  EKtot   =     15600.1914  EPtot      =   -138218.8410
 BOND   =       181.4149  ANGLE   =       433.9234  DIHED      =       901.5897
 1-4 NB =       281.3437  1-4 EEL =     -4479.7359  VDWAALS    =     21027.0533
 EELEC  =   -156564.4301  EHBOND  =         0.0000  RESTRAINT  =         0.0000
 ------------------------------------------------------------------------------


 NSTEP =      850   TIME(PS) =      21.700  TEMP(K) =   210.73  PRESS =     0.0
 Etot   =   -122395.9074  EKtot   =     15671.8984  EPtot      =   -138067.8059
 BOND   =       173.0638  ANGLE   =       452.1871  DIHED      =       878.7227
 1-4 NB =       270.2578  1-4 EEL =     -4479.9307  VDWAALS    =     21155.1605
 EELEC  =   -156517.2670  EHBOND  =         0.0000  RESTRAINT  =         0.0000
 ------------------------------------------------------------------------------


 NSTEP =      900   TIME(PS) =      21.800  TEMP(K) =   211.57  PRESS =     0.0
 Etot   =   -122181.2108  EKtot   =     15734.5283  EPtot      =   -137915.7391
 BOND   =       179.7376  ANGLE   =       439.7425  DIHED      =       892.4577
 1-4 NB =       292.2156  1-4 EEL =     -4470.0327  VDWAALS    =     20935.6691
 EELEC  =   -156185.5289  EHBOND  =         0.0000  RESTRAINT  =         0.0000
 ------------------------------------------------------------------------------


 NSTEP =      950   TIME(PS) =      21.900  TEMP(K) =   210.94  PRESS =     0.0
 Etot   =   -121963.4851  EKtot   =     15687.8535  EPtot      =   -137651.3386
 BOND   =       181.3871  ANGLE   =       460.6804  DIHED      =       897.1335
 1-4 NB =       273.1157  1-4 EEL =     -4489.1191  VDWAALS    =     21323.6390
 EELEC  =   -156298.1751  EHBOND  =         0.0000  RESTRAINT  =         0.0000
 ------------------------------------------------------------------------------

check COM velocity, temp:        0.000014     0.00(Removed)

 NSTEP =     1000   TIME(PS) =      22.000  TEMP(K) =   213.51  PRESS =     0.0
 Etot   =   -121755.5276  EKtot   =     15878.5371  EPtot      =   -137634.0648
 BOND   =       184.0673  ANGLE   =       449.2631  DIHED      =       901.9055
 1-4 NB =       280.7455  1-4 EEL =     -4491.4106  VDWAALS    =     21392.7633
 EELEC  =   -156351.3989  EHBOND  =         0.0000  RESTRAINT  =         0.0000
 ------------------------------------------------------------------------------


 NSTEP =     1050   TIME(PS) =      22.100  TEMP(K) =   214.34  PRESS =     0.0
 Etot   =   -121552.1559  EKtot   =     15940.4453  EPtot      =   -137492.6012
 BOND   =       190.6007  ANGLE   =       462.5862  DIHED      =       898.1968
 1-4 NB =       278.7111  1-4 EEL =     -4496.8350  VDWAALS    =     21057.4459
 EELEC  =   -155883.3070  EHBOND  =         0.0000  RESTRAINT  =         0.0000
 ------------------------------------------------------------------------------


 NSTEP =     1100   TIME(PS) =      22.200  TEMP(K) =   215.68  PRESS =     0.0
 Etot   =   -121353.8259  EKtot   =     16040.1045  EPtot      =   -137393.9304
 BOND   =       184.5432  ANGLE   =       453.7942  DIHED      =       893.5714
 1-4 NB =       269.5033  1-4 EEL =     -4467.2857  VDWAALS    =     21160.2259
 EELEC  =   -155888.2828  EHBOND  =         0.0000  RESTRAINT  =         0.0000
 ------------------------------------------------------------------------------


 NSTEP =     1150   TIME(PS) =      22.300  TEMP(K) =   214.72  PRESS =     0.0
 Etot   =   -121155.5127  EKtot   =     15968.6680  EPtot      =   -137124.1806
 BOND   =       187.8228  ANGLE   =       453.1151  DIHED      =       892.8339
 1-4 NB =       277.9107  1-4 EEL =     -4456.7885  VDWAALS    =     20941.7928
 EELEC  =   -155420.8674  EHBOND  =         0.0000  RESTRAINT  =         0.0000
 ------------------------------------------------------------------------------


 NSTEP =     1200   TIME(PS) =      22.400  TEMP(K) =   215.57  PRESS =     0.0
 Etot   =   -120963.4104  EKtot   =     16032.1904  EPtot      =   -136995.6008
 BOND   =       186.4810  ANGLE   =       473.6262  DIHED      =       895.6195
 1-4 NB =       291.6780  1-4 EEL =     -4507.5813  VDWAALS    =     20865.6887
 EELEC  =   -155201.1129  EHBOND  =         0.0000  RESTRAINT  =         0.0000
 ------------------------------------------------------------------------------


 NSTEP =     1250   TIME(PS) =      22.500  TEMP(K) =   218.30  PRESS =     0.0
 Etot   =   -120774.8013  EKtot   =     16235.2207  EPtot      =   -137010.0220
 BOND   =       194.8649  ANGLE   =       444.3029  DIHED      =       900.6816
 1-4 NB =       281.4558  1-4 EEL =     -4491.5608  VDWAALS    =     20782.1098
 EELEC  =   -155121.8762  EHBOND  =         0.0000  RESTRAINT  =         0.0000
 ------------------------------------------------------------------------------


 NSTEP =     1300   TIME(PS) =      22.600  TEMP(K) =   218.06  PRESS =     0.0
 Etot   =   -120593.6946  EKtot   =     16217.0000  EPtot      =   -136810.6946
 BOND   =       183.9395  ANGLE   =       455.5183  DIHED      =       900.8226
 1-4 NB =       271.9548  1-4 EEL =     -4483.7905  VDWAALS    =     20989.9040
 EELEC  =   -155129.0433  EHBOND  =         0.0000  RESTRAINT  =         0.0000
 ------------------------------------------------------------------------------


 NSTEP =     1350   TIME(PS) =      22.700  TEMP(K) =   219.18  PRESS =     0.0
 Etot   =   -120410.5793  EKtot   =     16300.8760  EPtot      =   -136711.4552
 BOND   =       190.9642  ANGLE   =       449.7733  DIHED      =       903.5333
 1-4 NB =       271.6961  1-4 EEL =     -4481.9485  VDWAALS    =     20725.0960
 EELEC  =   -154770.5697  EHBOND  =         0.0000  RESTRAINT  =         0.0000
 ------------------------------------------------------------------------------


 NSTEP =     1400   TIME(PS) =      22.800  TEMP(K) =   219.46  PRESS =     0.0
 Etot   =   -120234.5430  EKtot   =     16321.1240  EPtot      =   -136555.6670
 BOND   =       187.6686  ANGLE   =       452.3993  DIHED      =       889.6485
 1-4 NB =       279.6087  1-4 EEL =     -4453.3366  VDWAALS    =     20779.4819
 EELEC  =   -154691.1375  EHBOND  =         0.0000  RESTRAINT  =         0.0000
 ------------------------------------------------------------------------------


 NSTEP =     1450   TIME(PS) =      22.900  TEMP(K) =   221.60  PRESS =     0.0
 Etot   =   -120065.0260  EKtot   =     16480.3770  EPtot      =   -136545.4030
 BOND   =       203.2408  ANGLE   =       459.6363  DIHED      =       909.6765
 1-4 NB =       290.5898  1-4 EEL =     -4494.6440  VDWAALS    =     20574.9310
 EELEC  =   -154488.8334  EHBOND  =         0.0000  RESTRAINT  =         0.0000
 ------------------------------------------------------------------------------


 NSTEP =     1500   TIME(PS) =      23.000  TEMP(K) =   222.10  PRESS =     0.0
 Etot   =   -119898.0295  EKtot   =     16517.5117  EPtot      =   -136415.5412
 BOND   =       206.7149  ANGLE   =       472.5312  DIHED      =       895.9504
 1-4 NB =       283.0959  1-4 EEL =     -4482.5206  VDWAALS    =     20461.9232
 EELEC  =   -154253.2362  EHBOND  =         0.0000  RESTRAINT  =         0.0000
 ------------------------------------------------------------------------------


 NSTEP =     1550   TIME(PS) =      23.100  TEMP(K) =   222.69  PRESS =     0.0
 Etot   =   -119737.6284  EKtot   =     16561.6113  EPtot      =   -136299.2397
 BOND   =       210.8023  ANGLE   =       473.4911  DIHED      =       896.5055
 1-4 NB =       276.7803  1-4 EEL =     -4516.3398  VDWAALS    =     20536.2305
 EELEC  =   -154176.7097  EHBOND  =         0.0000  RESTRAINT  =         0.0000
 ------------------------------------------------------------------------------


 NSTEP =     1600   TIME(PS) =      23.200  TEMP(K) =   224.62  PRESS =     0.0
 Etot   =   -119580.2709  EKtot   =     16705.2812  EPtot      =   -136285.5522
 BOND   =       200.7923  ANGLE   =       460.6935  DIHED      =       900.9644
 1-4 NB =       277.5692  1-4 EEL =     -4490.9125  VDWAALS    =     20581.3105
 EELEC  =   -154215.9695  EHBOND  =         0.0000  RESTRAINT  =         0.0000
 ------------------------------------------------------------------------------


 NSTEP =     1650   TIME(PS) =      23.300  TEMP(K) =   223.58  PRESS =     0.0
 Etot   =   -119423.8114  EKtot   =     16628.0176  EPtot      =   -136051.8290
 BOND   =       192.5038  ANGLE   =       457.3152  DIHED      =       883.2720
 1-4 NB =       271.5299  1-4 EEL =     -4455.5192  VDWAALS    =     20367.6291
 EELEC  =   -153768.5598  EHBOND  =         0.0000  RESTRAINT  =         0.0000
 ------------------------------------------------------------------------------


 NSTEP =     1700   TIME(PS) =      23.400  TEMP(K) =   223.89  PRESS =     0.0
 Etot   =   -119267.6003  EKtot   =     16651.0762  EPtot      =   -135918.6765
 BOND   =       207.1378  ANGLE   =       457.5313  DIHED      =       904.4559
 1-4 NB =       292.2102  1-4 EEL =     -4475.9612  VDWAALS    =     20287.0646
 EELEC  =   -153591.1151  EHBOND  =         0.0000  RESTRAINT  =         0.0000
 ------------------------------------------------------------------------------


 NSTEP =     1750   TIME(PS) =      23.500  TEMP(K) =   224.28  PRESS =     0.0
 Etot   =   -119113.8462  EKtot   =     16679.8457  EPtot      =   -135793.6919
 BOND   =       198.6267  ANGLE   =       481.4005  DIHED      =       896.9242
 1-4 NB =       284.4270  1-4 EEL =     -4476.4718  VDWAALS    =     20391.3017
 EELEC  =   -153569.9003  EHBOND  =         0.0000  RESTRAINT  =         0.0000
 ------------------------------------------------------------------------------


 NSTEP =     1800   TIME(PS) =      23.600  TEMP(K) =   225.07  PRESS =     0.0
 Etot   =   -118966.9150  EKtot   =     16738.6270  EPtot      =   -135705.5420
 BOND   =       200.9927  ANGLE   =       453.3034  DIHED      =       897.8997
 1-4 NB =       286.3922  1-4 EEL =     -4472.6673  VDWAALS    =     20486.0190
 EELEC  =   -153557.4817  EHBOND  =         0.0000  RESTRAINT  =         0.0000
 ------------------------------------------------------------------------------


 NSTEP =     1850   TIME(PS) =      23.700  TEMP(K) =   224.71  PRESS =     0.0
 Etot   =   -118820.1606  EKtot   =     16711.9453  EPtot      =   -135532.1059
 BOND   =       190.9062  ANGLE   =       478.1989  DIHED      =       901.0300
 1-4 NB =       275.4814  1-4 EEL =     -4508.3773  VDWAALS    =     20268.4575
 EELEC  =   -153137.8025  EHBOND  =         0.0000  RESTRAINT  =         0.0000
 ------------------------------------------------------------------------------


 NSTEP =     1900   TIME(PS) =      23.800  TEMP(K) =   225.84  PRESS =     0.0
 Etot   =   -118672.5157  EKtot   =     16795.9648  EPtot      =   -135468.4806
 BOND   =       211.3132  ANGLE   =       485.6556  DIHED      =       884.9848
 1-4 NB =       277.6839  1-4 EEL =     -4509.0890  VDWAALS    =     20382.7706
 EELEC  =   -153201.7997  EHBOND  =         0.0000  RESTRAINT  =         0.0000
 ------------------------------------------------------------------------------


 NSTEP =     1950   TIME(PS) =      23.900  TEMP(K) =   225.75  PRESS =     0.0
 Etot   =   -118531.3692  EKtot   =     16789.0742  EPtot      =   -135320.4434
 BOND   =       220.3161  ANGLE   =       457.3483  DIHED      =       889.1039
 1-4 NB =       280.1208  1-4 EEL =     -4475.1207  VDWAALS    =     20177.2170
 EELEC  =   -152869.4288  EHBOND  =         0.0000  RESTRAINT  =         0.0000
 ------------------------------------------------------------------------------

check COM velocity, temp:        0.000003     0.00(Removed)

 NSTEP =     2000   TIME(PS) =      24.000  TEMP(K) =   226.96  PRESS =     0.0
 Etot   =   -118392.6742  EKtot   =     16879.3750  EPtot      =   -135272.0492
 BOND   =       214.7742  ANGLE   =       466.9598  DIHED      =       894.2689
 1-4 NB =       286.1617  1-4 EEL =     -4484.8840  VDWAALS    =     20306.7162
 EELEC  =   -152956.0459  EHBOND  =         0.0000  RESTRAINT  =         0.0000
 ------------------------------------------------------------------------------


 NSTEP =     2050   TIME(PS) =      24.100  TEMP(K) =   227.96  PRESS =     0.0
 Etot   =   -118261.0475  EKtot   =     16953.4746  EPtot      =   -135214.5221
 BOND   =       195.9162  ANGLE   =       461.8736  DIHED      =       890.5196
 1-4 NB =       278.3248  1-4 EEL =     -4488.8719  VDWAALS    =     19951.0278
 EELEC  =   -152503.3122  EHBOND  =         0.0000  RESTRAINT  =         0.0000
 ------------------------------------------------------------------------------


 NSTEP =     2100   TIME(PS) =      24.200  TEMP(K) =   227.47  PRESS =     0.0
 Etot   =   -118123.4404  EKtot   =     16916.8262  EPtot      =   -135040.2666
 BOND   =       213.8195  ANGLE   =       464.2099  DIHED      =       911.3272
 1-4 NB =       260.9705  1-4 EEL =     -4484.1541  VDWAALS    =     20131.7932
 EELEC  =   -152538.2328  EHBOND  =         0.0000  RESTRAINT  =         0.0000
 ------------------------------------------------------------------------------


 NSTEP =     2150   TIME(PS) =      24.300  TEMP(K) =   230.50  PRESS =     0.0
 Etot   =   -117995.3060  EKtot   =     17142.1055  EPtot      =   -135137.4115
 BOND   =       193.1378  ANGLE   =       457.3679  DIHED      =       911.7247
 1-4 NB =       291.0901  1-4 EEL =     -4476.6312  VDWAALS    =     20023.3536
 EELEC  =   -152537.4545  EHBOND  =         0.0000  RESTRAINT  =         0.0000
 ------------------------------------------------------------------------------


 NSTEP =     2200   TIME(PS) =      24.400  TEMP(K) =   230.72  PRESS =     0.0
 Etot   =   -117868.9782  EKtot   =     17158.7168  EPtot      =   -135027.6950
 BOND   =       200.8903  ANGLE   =       489.5526  DIHED      =       891.4630
 1-4 NB =       283.2110  1-4 EEL =     -4494.7820  VDWAALS    =     20189.9418
 EELEC  =   -152587.9718  EHBOND  =         0.0000  RESTRAINT  =         0.0000
 ------------------------------------------------------------------------------


 NSTEP =     2250   TIME(PS) =      24.500  TEMP(K) =   230.90  PRESS =     0.0
 Etot   =   -117744.2343  EKtot   =     17172.2656  EPtot      =   -134916.5000
 BOND   =       216.5310  ANGLE   =       485.7900  DIHED      =       892.0211
 1-4 NB =       272.7198  1-4 EEL =     -4514.6391  VDWAALS    =     20027.2439
 EELEC  =   -152296.1667  EHBOND  =         0.0000  RESTRAINT  =         0.0000
 ------------------------------------------------------------------------------


 NSTEP =     2300   TIME(PS) =      24.600  TEMP(K) =   229.50  PRESS =     0.0
 Etot   =   -117619.9116  EKtot   =     17068.3711  EPtot      =   -134688.2827
 BOND   =       228.2131  ANGLE   =       503.0320  DIHED      =       882.7702
 1-4 NB =       278.9793  1-4 EEL =     -4512.2979  VDWAALS    =     19927.6702
 EELEC  =   -151996.6497  EHBOND  =         0.0000  RESTRAINT  =         0.0000
 ------------------------------------------------------------------------------


 NSTEP =     2350   TIME(PS) =      24.700  TEMP(K) =   232.14  PRESS =     0.0
 Etot   =   -117500.6483  EKtot   =     17264.3789  EPtot      =   -134765.0272
 BOND   =       214.1234  ANGLE   =       472.4789  DIHED      =       893.7283
 1-4 NB =       282.5561  1-4 EEL =     -4490.7288  VDWAALS    =     20052.9915
 EELEC  =   -152190.1765  EHBOND  =         0.0000  RESTRAINT  =         0.0000
 ------------------------------------------------------------------------------


 NSTEP =     2400   TIME(PS) =      24.800  TEMP(K) =   231.22  PRESS =     0.0
 Etot   =   -117382.7397  EKtot   =     17196.1797  EPtot      =   -134578.9194
 BOND   =       210.9475  ANGLE   =       452.6498  DIHED      =       894.5186
 1-4 NB =       285.9822  1-4 EEL =     -4496.7541  VDWAALS    =     19810.8487
 EELEC  =   -151737.1120  EHBOND  =         0.0000  RESTRAINT  =         0.0000
 ------------------------------------------------------------------------------


 NSTEP =     2450   TIME(PS) =      24.900  TEMP(K) =   232.32  PRESS =     0.0
 Etot   =   -117265.9423  EKtot   =     17277.5684  EPtot      =   -134543.5106
 BOND   =       214.6831  ANGLE   =       497.2101  DIHED      =       889.5802
 1-4 NB =       280.8326  1-4 EEL =     -4495.7028  VDWAALS    =     19925.0174
 EELEC  =   -151855.1312  EHBOND  =         0.0000  RESTRAINT  =         0.0000
 ------------------------------------------------------------------------------


 NSTEP =     2500   TIME(PS) =      25.000  TEMP(K) =   232.04  PRESS =     0.0
 Etot   =   -117154.8236  EKtot   =     17256.7910  EPtot      =   -134411.6146
 BOND   =       198.1870  ANGLE   =       483.8131  DIHED      =       892.4043
 1-4 NB =       280.0720  1-4 EEL =     -4481.2510  VDWAALS    =     20046.9514
 EELEC  =   -151831.7914  EHBOND  =         0.0000  RESTRAINT  =         0.0000
 ------------------------------------------------------------------------------


 NSTEP =     2550   TIME(PS) =      25.100  TEMP(K) =   233.88  PRESS =     0.0
 Etot   =   -117046.7234  EKtot   =     17393.7148  EPtot      =   -134440.4383
 BOND   =       207.7008  ANGLE   =       480.8018  DIHED      =       891.3898
 1-4 NB =       288.0492  1-4 EEL =     -4465.7555  VDWAALS    =     20011.7646
 EELEC  =   -151854.3889  EHBOND  =         0.0000  RESTRAINT  =         0.0000
 ------------------------------------------------------------------------------


 NSTEP =     2600   TIME(PS) =      25.200  TEMP(K) =   235.96  PRESS =     0.0
 Etot   =   -116947.3671  EKtot   =     17548.8359  EPtot      =   -134496.2031
 BOND   =       219.5335  ANGLE   =       482.7157  DIHED      =       888.4937
 1-4 NB =       282.4474  1-4 EEL =     -4519.6461  VDWAALS    =     19921.5082
 EELEC  =   -151771.2554  EHBOND  =         0.0000  RESTRAINT  =         0.0000
 ------------------------------------------------------------------------------


 NSTEP =     2650   TIME(PS) =      25.300  TEMP(K) =   233.41  PRESS =     0.0
 Etot   =   -116844.0228  EKtot   =     17358.6758  EPtot      =   -134202.6986
 BOND   =       198.0501  ANGLE   =       495.0651  DIHED      =       897.2506
 1-4 NB =       281.8860  1-4 EEL =     -4504.4330  VDWAALS    =     20098.9922
 EELEC  =   -151669.5096  EHBOND  =         0.0000  RESTRAINT  =         0.0000
 ------------------------------------------------------------------------------


 NSTEP =     2700   TIME(PS) =      25.400  TEMP(K) =   233.73  PRESS =     0.0
 Etot   =   -116742.2599  EKtot   =     17382.3145  EPtot      =   -134124.5744
 BOND   =       230.7415  ANGLE   =       509.6339  DIHED      =       888.6489
 1-4 NB =       283.4603  1-4 EEL =     -4482.9168  VDWAALS    =     19543.2454
 EELEC  =   -151097.3876  EHBOND  =         0.0000  RESTRAINT  =         0.0000
 ------------------------------------------------------------------------------


 NSTEP =     2750   TIME(PS) =      25.500  TEMP(K) =   233.16  PRESS =     0.0
 Etot   =   -116633.2094  EKtot   =     17340.4863  EPtot      =   -133973.6957
 BOND   =       207.4267  ANGLE   =       514.2514  DIHED      =       892.6918
 1-4 NB =       284.5061  1-4 EEL =     -4489.2489  VDWAALS    =     19520.4163
 EELEC  =   -150903.7391  EHBOND  =         0.0000  RESTRAINT  =         0.0000
 ------------------------------------------------------------------------------


 NSTEP =     2800   TIME(PS) =      25.600  TEMP(K) =   235.16  PRESS =     0.0
 Etot   =   -116532.7829  EKtot   =     17489.2461  EPtot      =   -134022.0290
 BOND   =       203.5150  ANGLE   =       515.8542  DIHED      =       902.7493
 1-4 NB =       275.8376  1-4 EEL =     -4505.1289  VDWAALS    =     19542.5136
 EELEC  =   -150957.3698  EHBOND  =         0.0000  RESTRAINT  =         0.0000
 ------------------------------------------------------------------------------


 NSTEP =     2850   TIME(PS) =      25.700  TEMP(K) =   236.62  PRESS =     0.0
 Etot   =   -116435.4836  EKtot   =     17597.8145  EPtot      =   -134033.2980
 BOND   =       207.9594  ANGLE   =       507.9308  DIHED      =       886.4032
 1-4 NB =       278.4158  1-4 EEL =     -4489.1713  VDWAALS    =     19534.6828
 EELEC  =   -150959.5188  EHBOND  =         0.0000  RESTRAINT  =         0.0000
 ------------------------------------------------------------------------------


 NSTEP =     2900   TIME(PS) =      25.800  TEMP(K) =   234.47  PRESS =     0.0
 Etot   =   -116340.9134  EKtot   =     17437.4961  EPtot      =   -133778.4095
 BOND   =       213.5197  ANGLE   =       502.1083  DIHED      =       905.1010
 1-4 NB =       286.5679  1-4 EEL =     -4492.4274  VDWAALS    =     19581.4348
 EELEC  =   -150774.7137  EHBOND  =         0.0000  RESTRAINT  =         0.0000
 ------------------------------------------------------------------------------


 NSTEP =     2950   TIME(PS) =      25.900  TEMP(K) =   236.52  PRESS =     0.0
 Etot   =   -116247.6399  EKtot   =     17590.2578  EPtot      =   -133837.8977
 BOND   =       227.7773  ANGLE   =       469.8692  DIHED      =       919.1296
 1-4 NB =       286.7438  1-4 EEL =     -4475.8479  VDWAALS    =     19370.2614
 EELEC  =   -150635.8311  EHBOND  =         0.0000  RESTRAINT  =         0.0000
 ------------------------------------------------------------------------------

check COM velocity, temp:        0.000005     0.00(Removed)

 NSTEP =     3000   TIME(PS) =      26.000  TEMP(K) =   236.73  PRESS =     0.0
 Etot   =   -116151.8284  EKtot   =     17605.6836  EPtot      =   -133757.5120
 BOND   =       198.2101  ANGLE   =       505.6276  DIHED      =       903.0934
 1-4 NB =       275.3964  1-4 EEL =     -4505.3650  VDWAALS    =     19404.3131
 EELEC  =   -150538.7875  EHBOND  =         0.0000  RESTRAINT  =         0.0000
 ------------------------------------------------------------------------------


 NSTEP =     3050   TIME(PS) =      26.100  TEMP(K) =   238.05  PRESS =     0.0
 Etot   =   -116060.2180  EKtot   =     17703.7441  EPtot      =   -133763.9622
 BOND   =       218.5238  ANGLE   =       486.5593  DIHED      =       908.3900
 1-4 NB =       286.1387  1-4 EEL =     -4502.4515  VDWAALS    =     19260.9083
 EELEC  =   -150422.0309  EHBOND  =         0.0000  RESTRAINT  =         0.0000
 ------------------------------------------------------------------------------


 NSTEP =     3100   TIME(PS) =      26.200  TEMP(K) =   234.98  PRESS =     0.0
 Etot   =   -115967.5412  EKtot   =     17475.3965  EPtot      =   -133442.9377
 BOND   =       202.3990  ANGLE   =       527.0098  DIHED      =       904.4393
 1-4 NB =       283.3265  1-4 EEL =     -4509.6863  VDWAALS    =     19357.0573
 EELEC  =   -150207.4833  EHBOND  =         0.0000  RESTRAINT  =         0.0000
 ------------------------------------------------------------------------------


 NSTEP =     3150   TIME(PS) =      26.300  TEMP(K) =   235.23  PRESS =     0.0
 Etot   =   -115872.1934  EKtot   =     17493.9590  EPtot      =   -133366.1524
 BOND   =       215.6268  ANGLE   =       490.0246  DIHED      =       908.0288
 1-4 NB =       280.0382  1-4 EEL =     -4469.7993  VDWAALS    =     19204.8811
 EELEC  =   -149994.9526  EHBOND  =         0.0000  RESTRAINT  =         0.0000
 ------------------------------------------------------------------------------


 NSTEP =     3200   TIME(PS) =      26.400  TEMP(K) =   238.49  PRESS =     0.0
 Etot   =   -115775.7482  EKtot   =     17736.8301  EPtot      =   -133512.5783
 BOND   =       215.3126  ANGLE   =       493.9483  DIHED      =       916.2857
 1-4 NB =       275.5661  1-4 EEL =     -4470.6338  VDWAALS    =     18768.3131
 EELEC  =   -149711.3704  EHBOND  =         0.0000  RESTRAINT  =         0.0000
 ------------------------------------------------------------------------------


 NSTEP =     3250   TIME(PS) =      26.500  TEMP(K) =   237.34  PRESS =     0.0
 Etot   =   -115688.6124  EKtot   =     17651.1699  EPtot      =   -133339.7823
 BOND   =       213.7290  ANGLE   =       510.2566  DIHED      =       919.2972
 1-4 NB =       288.2472  1-4 EEL =     -4516.7742  VDWAALS    =     19202.5370
 EELEC  =   -149957.0750  EHBOND  =         0.0000  RESTRAINT  =         0.0000
 ------------------------------------------------------------------------------


 NSTEP =     3300   TIME(PS) =      26.600  TEMP(K) =   238.56  PRESS =     0.0
 Etot   =   -115603.6679  EKtot   =     17742.1992  EPtot      =   -133345.8672
 BOND   =       220.9927  ANGLE   =       509.0536  DIHED      =       903.7464
 1-4 NB =       283.5354  1-4 EEL =     -4514.0490  VDWAALS    =     19129.6916
 EELEC  =   -149878.8379  EHBOND  =         0.0000  RESTRAINT  =         0.0000
 ------------------------------------------------------------------------------


 NSTEP =     3350   TIME(PS) =      26.700  TEMP(K) =   238.68  PRESS =     0.0
 Etot   =   -115518.7249  EKtot   =     17750.8750  EPtot      =   -133269.5999
 BOND   =       246.3698  ANGLE   =       522.5644  DIHED      =       902.2005
 1-4 NB =       277.8671  1-4 EEL =     -4524.6099  VDWAALS    =     19181.6691
 EELEC  =   -149875.6610  EHBOND  =         0.0000  RESTRAINT  =         0.0000
 ------------------------------------------------------------------------------


 NSTEP =     3400   TIME(PS) =      26.800  TEMP(K) =   239.72  PRESS =     0.0
 Etot   =   -115446.0006  EKtot   =     17827.8457  EPtot      =   -133273.8463
 BOND   =       241.9489  ANGLE   =       478.0473  DIHED      =       907.7121
 1-4 NB =       277.4831  1-4 EEL =     -4491.1304  VDWAALS    =     19055.3380
 EELEC  =   -149743.2454  EHBOND  =         0.0000  RESTRAINT  =         0.0000
 ------------------------------------------------------------------------------


 NSTEP =     3450   TIME(PS) =      26.900  TEMP(K) =   236.30  PRESS =     0.0
 Etot   =   -115366.8887  EKtot   =     17573.4902  EPtot      =   -132940.3790
 BOND   =       228.7015  ANGLE   =       502.6967  DIHED      =       898.6973
 1-4 NB =       285.0234  1-4 EEL =     -4513.4217  VDWAALS    =     19289.6788
 EELEC  =   -149631.7550  EHBOND  =         0.0000  RESTRAINT  =         0.0000
 ------------------------------------------------------------------------------


 NSTEP =     3500   TIME(PS) =      27.000  TEMP(K) =   239.90  PRESS =     0.0
 Etot   =   -115289.5004  EKtot   =     17841.5430  EPtot      =   -133131.0433
 BOND   =       247.9102  ANGLE   =       498.8201  DIHED      =       913.3018
 1-4 NB =       291.0475  1-4 EEL =     -4522.3551  VDWAALS    =     19338.1007
 EELEC  =   -149897.8686  EHBOND  =         0.0000  RESTRAINT  =         0.0000
 ------------------------------------------------------------------------------


 NSTEP =     3550   TIME(PS) =      27.100  TEMP(K) =   240.87  PRESS =     0.0
 Etot   =   -115216.5924  EKtot   =     17913.5684  EPtot      =   -133130.1607
 BOND   =       250.9785  ANGLE   =       501.3368  DIHED      =       904.8724
 1-4 NB =       277.8007  1-4 EEL =     -4493.8373  VDWAALS    =     19051.7805
 EELEC  =   -149623.0922  EHBOND  =         0.0000  RESTRAINT  =         0.0000
 ------------------------------------------------------------------------------


 NSTEP =     3600   TIME(PS) =      27.200  TEMP(K) =   238.87  PRESS =     0.0
 Etot   =   -115145.1790  EKtot   =     17764.9473  EPtot      =   -132910.1262
 BOND   =       241.0757  ANGLE   =       524.2032  DIHED      =       896.4346
 1-4 NB =       290.5230  1-4 EEL =     -4528.9458  VDWAALS    =     19304.5707
 EELEC  =   -149637.9877  EHBOND  =         0.0000  RESTRAINT  =         0.0000
 ------------------------------------------------------------------------------


 NSTEP =     3650   TIME(PS) =      27.300  TEMP(K) =   239.79  PRESS =     0.0
 Etot   =   -115076.1286  EKtot   =     17833.4492  EPtot      =   -132909.5778
 BOND   =       233.7490  ANGLE   =       504.3296  DIHED      =       897.4357
 1-4 NB =       282.6319  1-4 EEL =     -4517.9564  VDWAALS    =     19140.1551
 EELEC  =   -149449.9226  EHBOND  =         0.0000  RESTRAINT  =         0.0000
 ------------------------------------------------------------------------------


 NSTEP =     3700   TIME(PS) =      27.400  TEMP(K) =   241.43  PRESS =     0.0
 Etot   =   -115003.9427  EKtot   =     17955.4004  EPtot      =   -132959.3431
 BOND   =       225.9502  ANGLE   =       526.9139  DIHED      =       915.1707
 1-4 NB =       281.6588  1-4 EEL =     -4510.8186  VDWAALS    =     19001.5291
 EELEC  =   -149399.7472  EHBOND  =         0.0000  RESTRAINT  =         0.0000
 ------------------------------------------------------------------------------


 NSTEP =     3750   TIME(PS) =      27.500  TEMP(K) =   241.13  PRESS =     0.0
 Etot   =   -114937.1177  EKtot   =     17932.8945  EPtot      =   -132870.0123
 BOND   =       214.7718  ANGLE   =       521.7360  DIHED      =       906.5315
 1-4 NB =       285.0121  1-4 EEL =     -4446.9913  VDWAALS    =     18960.1181
 EELEC  =   -149311.1904  EHBOND  =         0.0000  RESTRAINT  =         0.0000
 ------------------------------------------------------------------------------


 NSTEP =     3800   TIME(PS) =      27.600  TEMP(K) =   241.81  PRESS =     0.0
 Etot   =   -114869.1339  EKtot   =     17983.8828  EPtot      =   -132853.0167
 BOND   =       227.2040  ANGLE   =       513.8111  DIHED      =       902.7069
 1-4 NB =       280.0802  1-4 EEL =     -4508.1758  VDWAALS    =     19071.3459
 EELEC  =   -149339.9889  EHBOND  =         0.0000  RESTRAINT  =         0.0000
 ------------------------------------------------------------------------------


 NSTEP =     3850   TIME(PS) =      27.700  TEMP(K) =   241.91  PRESS =     0.0
 Etot   =   -114801.6436  EKtot   =     17990.8164  EPtot      =   -132792.4600
 BOND   =       219.3146  ANGLE   =       525.0595  DIHED      =       897.3773
 1-4 NB =       286.8690  1-4 EEL =     -4482.3596  VDWAALS    =     19147.7050
 EELEC  =   -149386.4258  EHBOND  =         0.0000  RESTRAINT  =         0.0000
 ------------------------------------------------------------------------------


 NSTEP =     3900   TIME(PS) =      27.800  TEMP(K) =   241.43  PRESS =     0.0
 Etot   =   -114739.7386  EKtot   =     17955.3242  EPtot      =   -132695.0628
 BOND   =       249.3538  ANGLE   =       526.1040  DIHED      =       892.2736
 1-4 NB =       273.1178  1-4 EEL =     -4500.6301  VDWAALS    =     19008.6771
 EELEC  =   -149143.9591  EHBOND  =         0.0000  RESTRAINT  =         0.0000
 ------------------------------------------------------------------------------


 NSTEP =     3950   TIME(PS) =      27.900  TEMP(K) =   241.49  PRESS =     0.0
 Etot   =   -114673.3518  EKtot   =     17959.5430  EPtot      =   -132632.8948
 BOND   =       219.7551  ANGLE   =       525.3071  DIHED      =       899.1547
 1-4 NB =       287.5734  1-4 EEL =     -4497.0156  VDWAALS    =     18974.0036
 EELEC  =   -149041.6731  EHBOND  =         0.0000  RESTRAINT  =         0.0000
 ------------------------------------------------------------------------------

check COM velocity, temp:        0.000003     0.00(Removed)

 NSTEP =     4000   TIME(PS) =      28.000  TEMP(K) =   242.20  PRESS =     0.0
 Etot   =   -114610.0926  EKtot   =     18012.9043  EPtot      =   -132622.9969
 BOND   =       223.2132  ANGLE   =       514.8794  DIHED      =       902.5412
 1-4 NB =       291.8972  1-4 EEL =     -4510.2889  VDWAALS    =     18960.1303
 EELEC  =   -149005.3694  EHBOND  =         0.0000  RESTRAINT  =         0.0000
 ------------------------------------------------------------------------------


      A V E R A G E S   O V E R      80 S T E P S


 NSTEP =     4000   TIME(PS) =      28.000  TEMP(K) =   223.87  PRESS =     0.0
 Etot   =   -119088.1630  EKtot   =     16649.6442  EPtot      =   -135737.8072
 BOND   =       202.3053  ANGLE   =       472.1260  DIHED      =       897.5547
 1-4 NB =       280.8420  1-4 EEL =     -4492.3594  VDWAALS    =     20296.3391
 EELEC  =   -153394.6148  EHBOND  =         0.0000  RESTRAINT  =         0.0000
 ------------------------------------------------------------------------------


      R M S  F L U C T U A T I O N S


 NSTEP =     4000   TIME(PS) =      28.000  TEMP(K) =    14.92  PRESS =     0.0
 Etot   =      3438.5884  EKtot   =      1109.4450  EPtot      =      2335.7558
 BOND   =        22.8692  ANGLE   =        34.1256  DIHED      =         9.3750
 1-4 NB =         6.4745  1-4 EEL =        17.4748  VDWAALS    =       968.8541
 EELEC  =      3240.4496  EHBOND  =         0.0000  RESTRAINT  =         0.0000
 ------------------------------------------------------------------------------

--------------------------------------------------------------------------------
   5.  TIMINGS
--------------------------------------------------------------------------------

|  NonSetup CPU Time in Major Routines:
|
|     Routine           Sec        %
|     ------------------------------
|     Nonbond           2.89   14.20
|     Bond              0.00    0.00
|     Angle             0.00    0.00
|     Dihedral          0.00    0.00
|     Shake             0.02    0.11
|     RunMD            17.42   85.64
|     Other             0.01    0.05
|     ------------------------------
|     Total            20.34

|  PME Nonbond Pairlist CPU Time:
|
|     Routine              Sec        %
|     ---------------------------------
|     Set Up Cit           0.00    0.00
|     Build List           0.00    0.00
|     ---------------------------------
|     Total                0.00    0.00

|  PME Direct Force CPU Time:
|
|     Routine              Sec        %
|     ---------------------------------
|     NonBonded Calc       0.00    0.00
|     Exclude Masked       0.00    0.00
|     Other                0.01    0.03
|     ---------------------------------
|     Total                0.01    0.03

|  PME Reciprocal Force CPU Time:
|
|     Routine              Sec        %
|     ---------------------------------
|     1D bspline           0.00    0.00
|     Grid Charges         0.00    0.00
|     Scalar Sum           0.00    0.00
|     Gradient Sum         0.00    0.00
|     FFT                  0.00    0.00
|     ---------------------------------
|     Total                0.00    0.00

|  Final Performance Info:
|     -----------------------------------------------------
|     Average timings for last    3950 steps:
|     Elapsed(s) =      20.92 Per Step(ms) =       5.30
|         ns/day =      32.62   seconds/ns =    2648.64
|
|     Average timings for all steps:
|     Elapsed(s) =      21.50 Per Step(ms) =       5.37
|         ns/day =      32.15   seconds/ns =    2687.30
|     -----------------------------------------------------

|  Setup CPU time:            1.25 seconds
|  NonSetup CPU time:        20.34 seconds
|  Total CPU time:           21.59 seconds     0.01 hours

|  Setup wall time:           2    seconds
|  NonSetup wall time:       21    seconds
|  Total wall time:          23    seconds     0.01 hours
