
          -------------------------------------------------------
          Amber 16 PMEMD                              2016
          -------------------------------------------------------

| PMEMD implementation of SANDER, Release 16

| Run on 06/04/2024 at 22:37:08

|   Executable path: pmemd.cuda
| Working directory: /home/students/keyq/fuben4/4/4LT
|          Hostname: master

  [-O]verwriting output

File Assignments:
|   MDIN: heat4.in                                                              
|  MDOUT: cmp_heat4.out                                                         
| INPCRD: cmp_heat3.rst                                                         
|   PARM: cmp.prmtop                                                            
| RESTRT: cmp_heat4.rst                                                         
|   REFC: cmp.inpcrd                                                            
|  MDVEL: mdvel                                                                 
|   MDEN: mden                                                                  
|  MDCRD: cmp_heat4.mdcrd                                                       
| MDINFO: mdinfo                                                                
|  MDFRC: mdfrc                                                                 


 Here is the input file:

Stage 2 equilibration 1 0-5ns                                                  
 &cntrl                                                                        
  imin=0, irest=1, ntx=5,                                                      
  nstlim=2500, dt=0.002,                                                       
  ntc=2, ntf=2,                                                                
  ntt=1, tautp=1.5,                                                            
  tempi=150.0, temp0=200.0,                                                    
  ntpr=50, ntwx=50,                                                            
  ntb=1,                                                                       
  cut=10,                                                                      
 /                                                                             


Note: ig = -1. Setting random seed to   995997 based on wallclock time in 
      microseconds.
 
|--------------------- INFORMATION ----------------------
| GPU (CUDA) Version of PMEMD in use: NVIDIA GPU IN USE.
|                    Version 16.0.0
| 
|                      02/25/2016
| 
| Implementation by:
|                    Ross C. Walker     (SDSC)
|                    Scott Le Grand     (nVIDIA)
| 
| Precision model in use:
|      [SPFP] - Single Precision Forces, 64-bit Fixed Point
|               Accumulation. (Default)
| 
|--------------------------------------------------------
 
|----------------- CITATION INFORMATION -----------------
|
|    When publishing work that utilized the CUDA version
|    of AMBER, please cite the following in addition to
|    the regular AMBER citations:
|
|  - Romelia Salomon-Ferrer; Andreas W. Goetz; Duncan
|    Poole; Scott Le Grand; Ross C. Walker "Routine
|    microsecond molecular dynamics simulations with
|    AMBER - Part II: Particle Mesh Ewald", J. Chem.
|    Theory Comput., 2013, 9 (9), pp3878-3888,
|    DOI: 10.1021/ct400314y.
|
|  - Andreas W. Goetz; Mark J. Williamson; Dong Xu;
|    Duncan Poole; Scott Le Grand; Ross C. Walker
|    "Routine microsecond molecular dynamics simulations
|    with AMBER - Part I: Generalized Born", J. Chem.
|    Theory Comput., 2012, 8 (5), pp1542-1555.
|
|  - Scott Le Grand; Andreas W. Goetz; Ross C. Walker
|    "SPFP: Speed without compromise - a mixed precision
|    model for GPU accelerated molecular dynamics
|    simulations.", Comp. Phys. Comm., 2013, 184
|    pp374-380, DOI: 10.1016/j.cpc.2012.09.022
|
|--------------------------------------------------------
 
|------------------- GPU DEVICE INFO --------------------
|
|            CUDA_VISIBLE_DEVICES: 0
|   CUDA Capable Devices Detected:      1
|           CUDA Device ID in use:      0
|                CUDA Device Name: Tesla V100-PCIE-32GB
|     CUDA Device Global Mem Size:  32510 MB
| CUDA Device Num Multiprocessors:     80
|           CUDA Device Core Freq:   1.38 GHz
|
|--------------------------------------------------------
 
 
| Conditional Compilation Defines Used:
| PUBFFT
| BINTRAJ
| CUDA
| EMIL

| Largest sphere to fit in unit cell has radius =    31.721

| New format PARM file being parsed.
| Version =    1.000 Date = 08/18/20 Time = 16:48:44

| Note: 1-4 EEL scale factors are being read from the topology file.

| Note: 1-4 VDW scale factors are being read from the topology file.
| Duplicated    0 dihedrals

| Duplicated    0 dihedrals

--------------------------------------------------------------------------------
   1.  RESOURCE   USE: 
--------------------------------------------------------------------------------

 getting box info from netcdf restart file
 NATOM  =   31731 NTYPES =      18 NBONH =   31008 MBONA  =     774
 NTHETH =     907 MTHETA =    1191 NPHIH =    1834 MPHIA  =    2469
 NHPARM =       0 NPARM  =       0 NNB   =   46844 NRES   =   10274
 NBONA  =     774 NTHETA =    1191 NPHIA =    2469 NUMBND =      61
 NUMANG =     127 NPTRA  =      75 NATYP =      34 NPHB   =       1
 IFBOX  =       2 NMXRS  =      33 IFCAP =       0 NEXTRA =       0
 NCOPY  =       0

| Coordinate Index Table dimensions:    12   12   12
| Direct force subcell size =     6.4749    6.4749    6.4749

     BOX TYPE: TRUNCATED OCTAHEDRON

--------------------------------------------------------------------------------
   2.  CONTROL  DATA  FOR  THE  RUN
--------------------------------------------------------------------------------

default_name                                                                    

General flags:
     imin    =       0, nmropt  =       0

Nature and format of input:
     ntx     =       5, irest   =       1, ntrx    =       1

Nature and format of output:
     ntxo    =       2, ntpr    =      50, ntrx    =       1, ntwr    =    2500
     iwrap   =       0, ntwx    =      50, ntwv    =       0, ntwe    =       0
     ioutfm  =       1, ntwprt  =       0, idecomp =       0, rbornstat=      0

Potential function:
     ntf     =       2, ntb     =       1, igb     =       0, nsnb    =      25
     ipol    =       0, gbsa    =       0, iesp    =       0
     dielc   =   1.00000, cut     =  10.00000, intdiel =   1.00000

Frozen or restrained atoms:
     ibelly  =       0, ntr     =       0

Molecular dynamics:
     nstlim  =      2500, nscm    =      1000, nrespa  =         1
     t       =   0.00000, dt      =   0.00200, vlimit  =  -1.00000

Berendsen (weak-coupling) temperature regulation:
     temp0   = 200.00000, tempi   = 150.00000, tautp   =   1.50000

SHAKE:
     ntc     =       2, jfastw  =       0
     tol     =   0.00001

| Intermolecular bonds treatment:
|     no_intermolecular_bonds =       1

| Energy averages sample interval:
|     ene_avg_sampling =      50

Ewald parameters:
     verbose =       0, ew_type =       0, nbflag  =       1, use_pme =       1
     vdwmeth =       1, eedmeth =       1, netfrc  =       1
     Box X =   77.699   Box Y =   77.699   Box Z =   77.699
     Alpha =  109.471   Beta  =  109.471   Gamma =  109.471
     NFFT1 =   80       NFFT2 =   80       NFFT3 =   80
     Cutoff=   10.000   Tol   =0.100E-04
     Ewald Coefficient =  0.27511
     Interpolation order =    4

--------------------------------------------------------------------------------
   3.  ATOMIC COORDINATES AND VELOCITIES
--------------------------------------------------------------------------------

default_name                                                                    
 begin time read from input coords =    15.000 ps

 
 Number of triangulated 3-point waters found:    10208

     Sum of charges from parm topology file =   0.00000019
     Forcing neutrality...

| Dynamic Memory, Types Used:
| Reals              938598
| Integers           775650

| Nonbonded Pairs Initial Allocation:     9597834

| GPU memory information (estimate):
| KB of GPU memory in use:    165957
| KB of CPU memory in use:     54825

--------------------------------------------------------------------------------
   4.  RESULTS
--------------------------------------------------------------------------------

 ---------------------------------------------------
 APPROXIMATING switch and d/dx switch using CUBIC SPLINE INTERPOLATION
 using   5000.0 points per unit in tabled values
 TESTING RELATIVE ERROR over r ranging from 0.0 to cutoff
| CHECK switch(x): max rel err =   0.2738E-14   at   2.422500
| CHECK d/dx switch(x): max rel err =   0.8314E-11   at   2.736960
 ---------------------------------------------------
|---------------------------------------------------
| APPROXIMATING direct energy using CUBIC SPLINE INTERPOLATION
|  with   50.0 points per unit in tabled values
| Relative Error Limit not exceeded for r .gt.   2.33
| APPROXIMATING direct force using CUBIC SPLINE INTERPOLATION
|  with   50.0 points per unit in tabled values
| Relative Error Limit not exceeded for r .gt.   2.80
|---------------------------------------------------

 NSTEP =       50   TIME(PS) =      15.100  TEMP(K) =   140.05  PRESS =     0.0
 Etot   =   -115490.8645  EKtot   =      8931.1543  EPtot      =   -124422.0188
 BOND   =       103.6380  ANGLE   =       291.5888  DIHED      =       976.8454
 1-4 NB =       268.9814  1-4 EEL =     -3749.5049  VDWAALS    =     20302.2162
 EELEC  =   -142615.7837  EHBOND  =         0.0000  RESTRAINT  =         0.0000
 ------------------------------------------------------------------------------


 NSTEP =      100   TIME(PS) =      15.200  TEMP(K) =   143.65  PRESS =     0.0
 Etot   =   -115245.7128  EKtot   =      9160.4688  EPtot      =   -124406.1815
 BOND   =       103.0192  ANGLE   =       292.6020  DIHED      =       980.8232
 1-4 NB =       275.6461  1-4 EEL =     -3758.0884  VDWAALS    =     20227.2960
 EELEC  =   -142527.4796  EHBOND  =         0.0000  RESTRAINT  =         0.0000
 ------------------------------------------------------------------------------


 NSTEP =      150   TIME(PS) =      15.300  TEMP(K) =   143.87  PRESS =     0.0
 Etot   =   -115008.2400  EKtot   =      9174.8926  EPtot      =   -124183.1326
 BOND   =       113.6537  ANGLE   =       300.9140  DIHED      =       986.1333
 1-4 NB =       277.2786  1-4 EEL =     -3752.2192  VDWAALS    =     20293.8400
 EELEC  =   -142402.7330  EHBOND  =         0.0000  RESTRAINT  =         0.0000
 ------------------------------------------------------------------------------


 NSTEP =      200   TIME(PS) =      15.400  TEMP(K) =   146.95  PRESS =     0.0
 Etot   =   -114780.2531  EKtot   =      9371.3789  EPtot      =   -124151.6320
 BOND   =       115.1348  ANGLE   =       311.6234  DIHED      =       986.3381
 1-4 NB =       266.7233  1-4 EEL =     -3775.1786  VDWAALS    =     20097.3095
 EELEC  =   -142153.5826  EHBOND  =         0.0000  RESTRAINT  =         0.0000
 ------------------------------------------------------------------------------


 NSTEP =      250   TIME(PS) =      15.500  TEMP(K) =   148.26  PRESS =     0.0
 Etot   =   -114557.3454  EKtot   =      9454.5703  EPtot      =   -124011.9157
 BOND   =       121.4218  ANGLE   =       309.8607  DIHED      =       982.6634
 1-4 NB =       274.4817  1-4 EEL =     -3786.4729  VDWAALS    =     20195.9233
 EELEC  =   -142109.7937  EHBOND  =         0.0000  RESTRAINT  =         0.0000
 ------------------------------------------------------------------------------


 NSTEP =      300   TIME(PS) =      15.600  TEMP(K) =   149.46  PRESS =     0.0
 Etot   =   -114337.8854  EKtot   =      9531.0166  EPtot      =   -123868.9020
 BOND   =       106.5447  ANGLE   =       302.6150  DIHED      =       988.2550
 1-4 NB =       280.2150  1-4 EEL =     -3752.0068  VDWAALS    =     19995.9811
 EELEC  =   -141790.5060  EHBOND  =         0.0000  RESTRAINT  =         0.0000
 ------------------------------------------------------------------------------


 NSTEP =      350   TIME(PS) =      15.700  TEMP(K) =   150.00  PRESS =     0.0
 Etot   =   -114125.1512  EKtot   =      9565.6777  EPtot      =   -123690.8289
 BOND   =       102.0055  ANGLE   =       328.5516  DIHED      =       989.7173
 1-4 NB =       269.6044  1-4 EEL =     -3756.1297  VDWAALS    =     20097.8424
 EELEC  =   -141722.4203  EHBOND  =         0.0000  RESTRAINT  =         0.0000
 ------------------------------------------------------------------------------


 NSTEP =      400   TIME(PS) =      15.800  TEMP(K) =   152.89  PRESS =     0.0
 Etot   =   -113921.2552  EKtot   =      9750.1777  EPtot      =   -123671.4329
 BOND   =       114.4029  ANGLE   =       299.8006  DIHED      =       982.7189
 1-4 NB =       278.1067  1-4 EEL =     -3741.4801  VDWAALS    =     20028.6435
 EELEC  =   -141633.6254  EHBOND  =         0.0000  RESTRAINT  =         0.0000
 ------------------------------------------------------------------------------


 NSTEP =      450   TIME(PS) =      15.900  TEMP(K) =   153.86  PRESS =     0.0
 Etot   =   -113722.5233  EKtot   =      9811.6436  EPtot      =   -123534.1669
 BOND   =       126.1505  ANGLE   =       320.6741  DIHED      =       993.6155
 1-4 NB =       263.4837  1-4 EEL =     -3778.0802  VDWAALS    =     20106.3473
 EELEC  =   -141566.3577  EHBOND  =         0.0000  RESTRAINT  =         0.0000
 ------------------------------------------------------------------------------


 NSTEP =      500   TIME(PS) =      16.000  TEMP(K) =   154.58  PRESS =     0.0
 Etot   =   -113530.3242  EKtot   =      9857.6055  EPtot      =   -123387.9296
 BOND   =       120.8095  ANGLE   =       327.8195  DIHED      =       987.6152
 1-4 NB =       272.3176  1-4 EEL =     -3774.9781  VDWAALS    =     19906.7540
 EELEC  =   -141228.2673  EHBOND  =         0.0000  RESTRAINT  =         0.0000
 ------------------------------------------------------------------------------


 NSTEP =      550   TIME(PS) =      16.100  TEMP(K) =   156.89  PRESS =     0.0
 Etot   =   -113339.3222  EKtot   =     10005.1787  EPtot      =   -123344.5009
 BOND   =       115.9666  ANGLE   =       315.4180  DIHED      =       981.5698
 1-4 NB =       273.3078  1-4 EEL =     -3755.9594  VDWAALS    =     19911.0909
 EELEC  =   -141185.8946  EHBOND  =         0.0000  RESTRAINT  =         0.0000
 ------------------------------------------------------------------------------


 NSTEP =      600   TIME(PS) =      16.200  TEMP(K) =   158.41  PRESS =     0.0
 Etot   =   -113160.2666  EKtot   =     10101.6904  EPtot      =   -123261.9570
 BOND   =       118.9909  ANGLE   =       304.2267  DIHED      =       980.2986
 1-4 NB =       276.4748  1-4 EEL =     -3756.2535  VDWAALS    =     19847.7004
 EELEC  =   -141033.3950  EHBOND  =         0.0000  RESTRAINT  =         0.0000
 ------------------------------------------------------------------------------


 NSTEP =      650   TIME(PS) =      16.300  TEMP(K) =   157.52  PRESS =     0.0
 Etot   =   -112981.1393  EKtot   =     10045.0762  EPtot      =   -123026.2155
 BOND   =       120.6966  ANGLE   =       323.9204  DIHED      =       985.0580
 1-4 NB =       275.9504  1-4 EEL =     -3756.7427  VDWAALS    =     19987.9408
 EELEC  =   -140963.0389  EHBOND  =         0.0000  RESTRAINT  =         0.0000
 ------------------------------------------------------------------------------


 NSTEP =      700   TIME(PS) =      16.400  TEMP(K) =   160.29  PRESS =     0.0
 Etot   =   -112807.6846  EKtot   =     10221.9648  EPtot      =   -123029.6494
 BOND   =       128.8024  ANGLE   =       319.1812  DIHED      =       997.7494
 1-4 NB =       275.9829  1-4 EEL =     -3763.8415  VDWAALS    =     19734.2088
 EELEC  =   -140721.7325  EHBOND  =         0.0000  RESTRAINT  =         0.0000
 ------------------------------------------------------------------------------


 NSTEP =      750   TIME(PS) =      16.500  TEMP(K) =   161.32  PRESS =     0.0
 Etot   =   -112639.7692  EKtot   =     10287.7559  EPtot      =   -122927.5251
 BOND   =       137.5582  ANGLE   =       318.4098  DIHED      =       992.3290
 1-4 NB =       268.0836  1-4 EEL =     -3759.0358  VDWAALS    =     19657.9424
 EELEC  =   -140542.8124  EHBOND  =         0.0000  RESTRAINT  =         0.0000
 ------------------------------------------------------------------------------


 NSTEP =      800   TIME(PS) =      16.600  TEMP(K) =   162.38  PRESS =     0.0
 Etot   =   -112477.6213  EKtot   =     10355.2285  EPtot      =   -122832.8498
 BOND   =       128.4009  ANGLE   =       341.1797  DIHED      =       997.2834
 1-4 NB =       280.4423  1-4 EEL =     -3782.1602  VDWAALS    =     19899.4867
 EELEC  =   -140697.4827  EHBOND  =         0.0000  RESTRAINT  =         0.0000
 ------------------------------------------------------------------------------


 NSTEP =      850   TIME(PS) =      16.700  TEMP(K) =   163.53  PRESS =     0.0
 Etot   =   -112320.8513  EKtot   =     10428.7236  EPtot      =   -122749.5749
 BOND   =       123.3731  ANGLE   =       330.5342  DIHED      =       979.8176
 1-4 NB =       278.1770  1-4 EEL =     -3758.4347  VDWAALS    =     19888.1308
 EELEC  =   -140591.1730  EHBOND  =         0.0000  RESTRAINT  =         0.0000
 ------------------------------------------------------------------------------


 NSTEP =      900   TIME(PS) =      16.800  TEMP(K) =   165.82  PRESS =     0.0
 Etot   =   -112170.2254  EKtot   =     10574.2227  EPtot      =   -122744.4481
 BOND   =       121.4129  ANGLE   =       314.3686  DIHED      =       984.6488
 1-4 NB =       276.1528  1-4 EEL =     -3743.4978  VDWAALS    =     19779.5697
 EELEC  =   -140477.1032  EHBOND  =         0.0000  RESTRAINT  =         0.0000
 ------------------------------------------------------------------------------


 NSTEP =      950   TIME(PS) =      16.900  TEMP(K) =   164.51  PRESS =     0.0
 Etot   =   -112019.4011  EKtot   =     10490.6914  EPtot      =   -122510.0925
 BOND   =       122.5967  ANGLE   =       331.3351  DIHED      =       995.0134
 1-4 NB =       268.1139  1-4 EEL =     -3754.7396  VDWAALS    =     19547.5634
 EELEC  =   -140019.9754  EHBOND  =         0.0000  RESTRAINT  =         0.0000
 ------------------------------------------------------------------------------

check COM velocity, temp:        0.000015     0.00(Removed)

 NSTEP =     1000   TIME(PS) =      17.000  TEMP(K) =   165.81  PRESS =     0.0
 Etot   =   -111874.0584  EKtot   =     10574.0137  EPtot      =   -122448.0721
 BOND   =       118.8553  ANGLE   =       336.6164  DIHED      =       999.2326
 1-4 NB =       280.5418  1-4 EEL =     -3754.2930  VDWAALS    =     19495.1619
 EELEC  =   -139924.1871  EHBOND  =         0.0000  RESTRAINT  =         0.0000
 ------------------------------------------------------------------------------


 NSTEP =     1050   TIME(PS) =      17.100  TEMP(K) =   166.28  PRESS =     0.0
 Etot   =   -111731.5875  EKtot   =     10603.5908  EPtot      =   -122335.1784
 BOND   =       142.3413  ANGLE   =       331.3346  DIHED      =       983.2942
 1-4 NB =       274.8688  1-4 EEL =     -3773.1735  VDWAALS    =     19566.2931
 EELEC  =   -139860.1369  EHBOND  =         0.0000  RESTRAINT  =         0.0000
 ------------------------------------------------------------------------------


 NSTEP =     1100   TIME(PS) =      17.200  TEMP(K) =   167.89  PRESS =     0.0
 Etot   =   -111595.6522  EKtot   =     10706.7051  EPtot      =   -122302.3573
 BOND   =       129.1991  ANGLE   =       326.6667  DIHED      =       998.1524
 1-4 NB =       269.5307  1-4 EEL =     -3761.6804  VDWAALS    =     19536.8789
 EELEC  =   -139801.1046  EHBOND  =         0.0000  RESTRAINT  =         0.0000
 ------------------------------------------------------------------------------


 NSTEP =     1150   TIME(PS) =      17.300  TEMP(K) =   168.59  PRESS =     0.0
 Etot   =   -111463.1138  EKtot   =     10751.2510  EPtot      =   -122214.3648
 BOND   =       133.7519  ANGLE   =       351.5291  DIHED      =       994.8781
 1-4 NB =       276.1699  1-4 EEL =     -3775.5749  VDWAALS    =     19627.6010
 EELEC  =   -139822.7199  EHBOND  =         0.0000  RESTRAINT  =         0.0000
 ------------------------------------------------------------------------------


 NSTEP =     1200   TIME(PS) =      17.400  TEMP(K) =   170.08  PRESS =     0.0
 Etot   =   -111333.9498  EKtot   =     10846.0723  EPtot      =   -122180.0220
 BOND   =       131.3214  ANGLE   =       337.0138  DIHED      =       991.7612
 1-4 NB =       276.3333  1-4 EEL =     -3763.6488  VDWAALS    =     19490.5708
 EELEC  =   -139643.3736  EHBOND  =         0.0000  RESTRAINT  =         0.0000
 ------------------------------------------------------------------------------


 NSTEP =     1250   TIME(PS) =      17.500  TEMP(K) =   171.05  PRESS =     0.0
 Etot   =   -111209.7405  EKtot   =     10907.8066  EPtot      =   -122117.5472
 BOND   =       127.2895  ANGLE   =       340.2293  DIHED      =       991.3388
 1-4 NB =       276.1902  1-4 EEL =     -3755.4219  VDWAALS    =     19467.9673
 EELEC  =   -139565.1405  EHBOND  =         0.0000  RESTRAINT  =         0.0000
 ------------------------------------------------------------------------------


 NSTEP =     1300   TIME(PS) =      17.600  TEMP(K) =   171.89  PRESS =     0.0
 Etot   =   -111085.6931  EKtot   =     10961.6895  EPtot      =   -122047.3826
 BOND   =       144.3939  ANGLE   =       323.9804  DIHED      =       994.0880
 1-4 NB =       270.5275  1-4 EEL =     -3760.1279  VDWAALS    =     19376.0815
 EELEC  =   -139396.3259  EHBOND  =         0.0000  RESTRAINT  =         0.0000
 ------------------------------------------------------------------------------


 NSTEP =     1350   TIME(PS) =      17.700  TEMP(K) =   172.81  PRESS =     0.0
 Etot   =   -110968.9442  EKtot   =     11020.1270  EPtot      =   -121989.0712
 BOND   =       122.9812  ANGLE   =       330.5619  DIHED      =       991.9566
 1-4 NB =       278.0059  1-4 EEL =     -3753.0831  VDWAALS    =     19440.0390
 EELEC  =   -139399.5326  EHBOND  =         0.0000  RESTRAINT  =         0.0000
 ------------------------------------------------------------------------------


 NSTEP =     1400   TIME(PS) =      17.800  TEMP(K) =   172.45  PRESS =     0.0
 Etot   =   -110853.4486  EKtot   =     10997.4482  EPtot      =   -121850.8968
 BOND   =       125.6408  ANGLE   =       339.2980  DIHED      =       984.1944
 1-4 NB =       278.6672  1-4 EEL =     -3760.2660  VDWAALS    =     19328.3199
 EELEC  =   -139146.7512  EHBOND  =         0.0000  RESTRAINT  =         0.0000
 ------------------------------------------------------------------------------


 NSTEP =     1450   TIME(PS) =      17.900  TEMP(K) =   174.88  PRESS =     0.0
 Etot   =   -110742.4383  EKtot   =     11152.0498  EPtot      =   -121894.4881
 BOND   =       138.4901  ANGLE   =       348.0331  DIHED      =       985.8364
 1-4 NB =       276.1143  1-4 EEL =     -3772.0819  VDWAALS    =     19360.6973
 EELEC  =   -139231.5775  EHBOND  =         0.0000  RESTRAINT  =         0.0000
 ------------------------------------------------------------------------------


 NSTEP =     1500   TIME(PS) =      18.000  TEMP(K) =   174.24  PRESS =     0.0
 Etot   =   -110632.1609  EKtot   =     11111.2725  EPtot      =   -121743.4334
 BOND   =       131.2622  ANGLE   =       335.1265  DIHED      =       987.7938
 1-4 NB =       275.3118  1-4 EEL =     -3759.5908  VDWAALS    =     19474.2025
 EELEC  =   -139187.5393  EHBOND  =         0.0000  RESTRAINT  =         0.0000
 ------------------------------------------------------------------------------


 NSTEP =     1550   TIME(PS) =      18.100  TEMP(K) =   176.16  PRESS =     0.0
 Etot   =   -110526.9526  EKtot   =     11234.1035  EPtot      =   -121761.0561
 BOND   =       123.7913  ANGLE   =       349.0268  DIHED      =       990.9119
 1-4 NB =       270.3205  1-4 EEL =     -3737.6969  VDWAALS    =     19301.1280
 EELEC  =   -139058.5377  EHBOND  =         0.0000  RESTRAINT  =         0.0000
 ------------------------------------------------------------------------------


 NSTEP =     1600   TIME(PS) =      18.200  TEMP(K) =   176.23  PRESS =     0.0
 Etot   =   -110426.8486  EKtot   =     11238.3506  EPtot      =   -121665.1992
 BOND   =       121.1664  ANGLE   =       353.4092  DIHED      =       997.4701
 1-4 NB =       277.7122  1-4 EEL =     -3766.2648  VDWAALS    =     19553.3934
 EELEC  =   -139202.0858  EHBOND  =         0.0000  RESTRAINT  =         0.0000
 ------------------------------------------------------------------------------


 NSTEP =     1650   TIME(PS) =      18.300  TEMP(K) =   177.35  PRESS =     0.0
 Etot   =   -110332.0779  EKtot   =     11309.7607  EPtot      =   -121641.8387
 BOND   =       140.7526  ANGLE   =       362.5724  DIHED      =       994.5957
 1-4 NB =       276.3061  1-4 EEL =     -3779.8168  VDWAALS    =     19415.2572
 EELEC  =   -139051.5059  EHBOND  =         0.0000  RESTRAINT  =         0.0000
 ------------------------------------------------------------------------------


 NSTEP =     1700   TIME(PS) =      18.400  TEMP(K) =   177.92  PRESS =     0.0
 Etot   =   -110237.9718  EKtot   =     11346.2070  EPtot      =   -121584.1788
 BOND   =       125.2602  ANGLE   =       351.8576  DIHED      =       988.9525
 1-4 NB =       269.6036  1-4 EEL =     -3757.9692  VDWAALS    =     19341.3864
 EELEC  =   -138903.2700  EHBOND  =         0.0000  RESTRAINT  =         0.0000
 ------------------------------------------------------------------------------


 NSTEP =     1750   TIME(PS) =      18.500  TEMP(K) =   178.02  PRESS =     0.0
 Etot   =   -110143.7760  EKtot   =     11352.7441  EPtot      =   -121496.5202
 BOND   =       132.3909  ANGLE   =       346.0465  DIHED      =       995.0836
 1-4 NB =       274.9983  1-4 EEL =     -3762.0400  VDWAALS    =     19334.4683
 EELEC  =   -138817.4677  EHBOND  =         0.0000  RESTRAINT  =         0.0000
 ------------------------------------------------------------------------------


 NSTEP =     1800   TIME(PS) =      18.600  TEMP(K) =   178.75  PRESS =     0.0
 Etot   =   -110056.4277  EKtot   =     11399.0332  EPtot      =   -121455.4609
 BOND   =       144.5246  ANGLE   =       358.5419  DIHED      =       994.9067
 1-4 NB =       285.0943  1-4 EEL =     -3781.6075  VDWAALS    =     19310.8533
 EELEC  =   -138767.7743  EHBOND  =         0.0000  RESTRAINT  =         0.0000
 ------------------------------------------------------------------------------


 NSTEP =     1850   TIME(PS) =      18.700  TEMP(K) =   179.93  PRESS =     0.0
 Etot   =   -109970.3328  EKtot   =     11474.3877  EPtot      =   -121444.7205
 BOND   =       151.5373  ANGLE   =       350.0807  DIHED      =       992.8698
 1-4 NB =       275.5531  1-4 EEL =     -3775.3657  VDWAALS    =     19147.4463
 EELEC  =   -138586.8419  EHBOND  =         0.0000  RESTRAINT  =         0.0000
 ------------------------------------------------------------------------------


 NSTEP =     1900   TIME(PS) =      18.800  TEMP(K) =   180.33  PRESS =     0.0
 Etot   =   -109882.9731  EKtot   =     11500.0566  EPtot      =   -121383.0297
 BOND   =       142.8183  ANGLE   =       380.6009  DIHED      =       988.0403
 1-4 NB =       269.1237  1-4 EEL =     -3797.5934  VDWAALS    =     19293.6487
 EELEC  =   -138659.6681  EHBOND  =         0.0000  RESTRAINT  =         0.0000
 ------------------------------------------------------------------------------


 NSTEP =     1950   TIME(PS) =      18.900  TEMP(K) =   180.72  PRESS =     0.0
 Etot   =   -109802.3175  EKtot   =     11524.3760  EPtot      =   -121326.6934
 BOND   =       135.1925  ANGLE   =       345.5813  DIHED      =       984.4756
 1-4 NB =       280.2255  1-4 EEL =     -3768.4309  VDWAALS    =     19297.9688
 EELEC  =   -138601.7062  EHBOND  =         0.0000  RESTRAINT  =         0.0000
 ------------------------------------------------------------------------------

check COM velocity, temp:        0.000017     0.00(Removed)

 NSTEP =     2000   TIME(PS) =      19.000  TEMP(K) =   180.29  PRESS =     0.0
 Etot   =   -109717.6856  EKtot   =     11496.9941  EPtot      =   -121214.6798
 BOND   =       142.7608  ANGLE   =       343.9152  DIHED      =       986.5490
 1-4 NB =       282.9410  1-4 EEL =     -3760.0957  VDWAALS    =     19189.4476
 EELEC  =   -138400.1975  EHBOND  =         0.0000  RESTRAINT  =         0.0000
 ------------------------------------------------------------------------------


 NSTEP =     2050   TIME(PS) =      19.100  TEMP(K) =   181.88  PRESS =     0.0
 Etot   =   -109642.1235  EKtot   =     11598.4912  EPtot      =   -121240.6147
 BOND   =       135.2416  ANGLE   =       363.3920  DIHED      =       992.3602
 1-4 NB =       271.5664  1-4 EEL =     -3770.8991  VDWAALS    =     19203.6933
 EELEC  =   -138435.9693  EHBOND  =         0.0000  RESTRAINT  =         0.0000
 ------------------------------------------------------------------------------


 NSTEP =     2100   TIME(PS) =      19.200  TEMP(K) =   181.16  PRESS =     0.0
 Etot   =   -109567.7170  EKtot   =     11553.0244  EPtot      =   -121120.7414
 BOND   =       148.1148  ANGLE   =       363.0092  DIHED      =      1000.2836
 1-4 NB =       279.4088  1-4 EEL =     -3779.6589  VDWAALS    =     19046.7073
 EELEC  =   -138178.6060  EHBOND  =         0.0000  RESTRAINT  =         0.0000
 ------------------------------------------------------------------------------


 NSTEP =     2150   TIME(PS) =      19.300  TEMP(K) =   183.45  PRESS =     0.0
 Etot   =   -109493.8836  EKtot   =     11698.9922  EPtot      =   -121192.8758
 BOND   =       150.7413  ANGLE   =       356.4884  DIHED      =      1001.7375
 1-4 NB =       275.3113  1-4 EEL =     -3781.7671  VDWAALS    =     18997.9813
 EELEC  =   -138193.3685  EHBOND  =         0.0000  RESTRAINT  =         0.0000
 ------------------------------------------------------------------------------


 NSTEP =     2200   TIME(PS) =      19.400  TEMP(K) =   183.34  PRESS =     0.0
 Etot   =   -109424.5620  EKtot   =     11692.0234  EPtot      =   -121116.5855
 BOND   =       143.0682  ANGLE   =       363.4093  DIHED      =       998.2584
 1-4 NB =       273.9438  1-4 EEL =     -3760.0391  VDWAALS    =     19077.5520
 EELEC  =   -138212.7780  EHBOND  =         0.0000  RESTRAINT  =         0.0000
 ------------------------------------------------------------------------------


 NSTEP =     2250   TIME(PS) =      19.500  TEMP(K) =   184.13  PRESS =     0.0
 Etot   =   -109354.4362  EKtot   =     11742.4131  EPtot      =   -121096.8492
 BOND   =       145.6367  ANGLE   =       350.0610  DIHED      =      1007.8169
 1-4 NB =       279.6030  1-4 EEL =     -3758.4570  VDWAALS    =     19322.4653
 EELEC  =   -138443.9751  EHBOND  =         0.0000  RESTRAINT  =         0.0000
 ------------------------------------------------------------------------------


 NSTEP =     2300   TIME(PS) =      19.600  TEMP(K) =   185.82  PRESS =     0.0
 Etot   =   -109288.5442  EKtot   =     11849.6299  EPtot      =   -121138.1741
 BOND   =       143.4990  ANGLE   =       366.7277  DIHED      =      1007.5503
 1-4 NB =       285.7874  1-4 EEL =     -3742.8629  VDWAALS    =     19137.0713
 EELEC  =   -138335.9469  EHBOND  =         0.0000  RESTRAINT  =         0.0000
 ------------------------------------------------------------------------------


 NSTEP =     2350   TIME(PS) =      19.700  TEMP(K) =   186.27  PRESS =     0.0
 Etot   =   -109227.2665  EKtot   =     11878.6514  EPtot      =   -121105.9179
 BOND   =       135.3521  ANGLE   =       354.1159  DIHED      =      1004.2065
 1-4 NB =       283.6443  1-4 EEL =     -3752.8494  VDWAALS    =     19093.2297
 EELEC  =   -138223.6169  EHBOND  =         0.0000  RESTRAINT  =         0.0000
 ------------------------------------------------------------------------------


 NSTEP =     2400   TIME(PS) =      19.800  TEMP(K) =   184.06  PRESS =     0.0
 Etot   =   -109160.9370  EKtot   =     11737.3701  EPtot      =   -120898.3072
 BOND   =       143.6947  ANGLE   =       374.1261  DIHED      =       995.5985
 1-4 NB =       275.0487  1-4 EEL =     -3763.8226  VDWAALS    =     19008.3111
 EELEC  =   -137931.2635  EHBOND  =         0.0000  RESTRAINT  =         0.0000
 ------------------------------------------------------------------------------


 NSTEP =     2450   TIME(PS) =      19.900  TEMP(K) =   186.25  PRESS =     0.0
 Etot   =   -109101.8287  EKtot   =     11877.6016  EPtot      =   -120979.4302
 BOND   =       155.0938  ANGLE   =       359.1491  DIHED      =      1005.9679
 1-4 NB =       270.9913  1-4 EEL =     -3759.0486  VDWAALS    =     19101.9279
 EELEC  =   -138113.5116  EHBOND  =         0.0000  RESTRAINT  =         0.0000
 ------------------------------------------------------------------------------


 NSTEP =     2500   TIME(PS) =      20.000  TEMP(K) =   187.94  PRESS =     0.0
 Etot   =   -109045.5076  EKtot   =     11985.2754  EPtot      =   -121030.7830
 BOND   =       157.3184  ANGLE   =       357.2692  DIHED      =       994.0684
 1-4 NB =       276.9322  1-4 EEL =     -3776.6749  VDWAALS    =     18940.3141
 EELEC  =   -137980.0103  EHBOND  =         0.0000  RESTRAINT  =         0.0000
 ------------------------------------------------------------------------------


      A V E R A G E S   O V E R      50 S T E P S


 NSTEP =     2500   TIME(PS) =      20.000  TEMP(K) =   168.80  PRESS =     0.0
 Etot   =   -111530.6159  EKtot   =     10764.8126  EPtot      =   -122295.4285
 BOND   =       130.1612  ANGLE   =       336.6879  DIHED      =       991.4545
 1-4 NB =       275.3180  1-4 EEL =     -3763.5341  VDWAALS    =     19555.6770
 EELEC  =   -139821.1929  EHBOND  =         0.0000  RESTRAINT  =         0.0000
 ------------------------------------------------------------------------------


      R M S  F L U C T U A T I O N S


 NSTEP =     2500   TIME(PS) =      20.000  TEMP(K) =    13.10  PRESS =     0.0
 Etot   =      1875.1861  EKtot   =       835.3924  EPtot      =      1042.2698
 BOND   =        13.5737  ANGLE   =        21.6724  DIHED      =         7.3575
 1-4 NB =         4.7229  1-4 EEL =        12.4330  VDWAALS    =       379.5483
 EELEC  =      1378.6357  EHBOND  =         0.0000  RESTRAINT  =         0.0000
 ------------------------------------------------------------------------------

--------------------------------------------------------------------------------
   5.  TIMINGS
--------------------------------------------------------------------------------

|  NonSetup CPU Time in Major Routines:
|
|     Routine           Sec        %
|     ------------------------------
|     Nonbond           3.71   14.70
|     Bond              0.00    0.00
|     Angle             0.00    0.00
|     Dihedral          0.00    0.00
|     Shake             0.02    0.07
|     RunMD            21.51   85.21
|     Other             0.01    0.02
|     ------------------------------
|     Total            25.25

|  PME Nonbond Pairlist CPU Time:
|
|     Routine              Sec        %
|     ---------------------------------
|     Set Up Cit           0.00    0.00
|     Build List           0.00    0.00
|     ---------------------------------
|     Total                0.00    0.00

|  PME Direct Force CPU Time:
|
|     Routine              Sec        %
|     ---------------------------------
|     NonBonded Calc       0.00    0.00
|     Exclude Masked       0.00    0.00
|     Other                0.00    0.02
|     ---------------------------------
|     Total                0.00    0.02

|  PME Reciprocal Force CPU Time:
|
|     Routine              Sec        %
|     ---------------------------------
|     1D bspline           0.00    0.00
|     Grid Charges         0.00    0.00
|     Scalar Sum           0.00    0.00
|     Gradient Sum         0.00    0.00
|     FFT                  0.00    0.00
|     ---------------------------------
|     Total                0.00    0.00

|  Final Performance Info:
|     -----------------------------------------------------
|     Average timings for last    2450 steps:
|     Elapsed(s) =      25.29 Per Step(ms) =      10.32
|         ns/day =      16.74   seconds/ns =    5160.30
|
|     Average timings for all steps:
|     Elapsed(s) =      25.86 Per Step(ms) =      10.34
|         ns/day =      16.71   seconds/ns =    5171.69
|     -----------------------------------------------------

|  Setup CPU time:            1.39 seconds
|  NonSetup CPU time:        25.25 seconds
|  Total CPU time:           26.64 seconds     0.01 hours

|  Setup wall time:           2    seconds
|  NonSetup wall time:       25    seconds
|  Total wall time:          27    seconds     0.01 hours
