
          -------------------------------------------------------
          Amber 16 PMEMD                              2016
          -------------------------------------------------------

| PMEMD implementation of SANDER, Release 16

| Run on 06/04/2024 at 22:35:24

|   Executable path: pmemd.cuda
| Working directory: /home/students/keyq/fuben4/4/4LT
|          Hostname: master

  [-O]verwriting output

File Assignments:
|   MDIN: min2.in                                                               
|  MDOUT: cmp_min2.out                                                          
| INPCRD: cmp_min1.rst                                                          
|   PARM: cmp.prmtop                                                            
| RESTRT: cmp_min2.rst                                                          
|   REFC: cmp.inpcrd                                                            
|  MDVEL: mdvel                                                                 
|   MDEN: mden                                                                  
|  MDCRD: mdcrd                                                                 
| MDINFO: mdinfo                                                                
|  MDFRC: mdfrc                                                                 


 Here is the input file:

Initial minimisation of our structures                                         
 &cntrl                                                                        
  imin=1, maxcyc=10000, ncyc=5000,                                             
  cut=10, ntb=1,ntr=1,                                                         
  restraint_wt=2.0                                                             
  restraintmask=':1-554@CA,N,C'                                                
                                                                               
/                                                                              


Note: ig = -1. Setting random seed to   406594 based on wallclock time in 
      microseconds.
 
|--------------------- INFORMATION ----------------------
| GPU (CUDA) Version of PMEMD in use: NVIDIA GPU IN USE.
|                    Version 16.0.0
| 
|                      02/25/2016
| 
| Implementation by:
|                    Ross C. Walker     (SDSC)
|                    Scott Le Grand     (nVIDIA)
| 
| Precision model in use:
|      [SPFP] - Single Precision Forces, 64-bit Fixed Point
|               Accumulation. (Default)
| 
|--------------------------------------------------------
 
|----------------- CITATION INFORMATION -----------------
|
|    When publishing work that utilized the CUDA version
|    of AMBER, please cite the following in addition to
|    the regular AMBER citations:
|
|  - Romelia Salomon-Ferrer; Andreas W. Goetz; Duncan
|    Poole; Scott Le Grand; Ross C. Walker "Routine
|    microsecond molecular dynamics simulations with
|    AMBER - Part II: Particle Mesh Ewald", J. Chem.
|    Theory Comput., 2013, 9 (9), pp3878-3888,
|    DOI: 10.1021/ct400314y.
|
|  - Andreas W. Goetz; Mark J. Williamson; Dong Xu;
|    Duncan Poole; Scott Le Grand; Ross C. Walker
|    "Routine microsecond molecular dynamics simulations
|    with AMBER - Part I: Generalized Born", J. Chem.
|    Theory Comput., 2012, 8 (5), pp1542-1555.
|
|  - Scott Le Grand; Andreas W. Goetz; Ross C. Walker
|    "SPFP: Speed without compromise - a mixed precision
|    model for GPU accelerated molecular dynamics
|    simulations.", Comp. Phys. Comm., 2013, 184
|    pp374-380, DOI: 10.1016/j.cpc.2012.09.022
|
|--------------------------------------------------------
 
|------------------- GPU DEVICE INFO --------------------
|
|            CUDA_VISIBLE_DEVICES: 0
|   CUDA Capable Devices Detected:      1
|           CUDA Device ID in use:      0
|                CUDA Device Name: Tesla V100-PCIE-32GB
|     CUDA Device Global Mem Size:  32510 MB
| CUDA Device Num Multiprocessors:     80
|           CUDA Device Core Freq:   1.38 GHz
|
|--------------------------------------------------------
 
 
| Conditional Compilation Defines Used:
| PUBFFT
| BINTRAJ
| CUDA
| EMIL

| Largest sphere to fit in unit cell has radius =    31.721

| New format PARM file being parsed.
| Version =    1.000 Date = 08/18/20 Time = 16:48:44

| Note: 1-4 EEL scale factors are being read from the topology file.

| Note: 1-4 VDW scale factors are being read from the topology file.
| Duplicated    0 dihedrals

| Duplicated    0 dihedrals

--------------------------------------------------------------------------------
   1.  RESOURCE   USE: 
--------------------------------------------------------------------------------

 getting box info from netcdf restart file
 NATOM  =   31731 NTYPES =      18 NBONH =   31008 MBONA  =     774
 NTHETH =     907 MTHETA =    1191 NPHIH =    1834 MPHIA  =    2469
 NHPARM =       0 NPARM  =       0 NNB   =   46844 NRES   =   10274
 NBONA  =     774 NTHETA =    1191 NPHIA =    2469 NUMBND =      61
 NUMANG =     127 NPTRA  =      75 NATYP =      34 NPHB   =       1
 IFBOX  =       2 NMXRS  =      33 IFCAP =       0 NEXTRA =       0
 NCOPY  =       0

| Coordinate Index Table dimensions:    12   12   12
| Direct force subcell size =     6.4749    6.4749    6.4749

     BOX TYPE: TRUNCATED OCTAHEDRON

--------------------------------------------------------------------------------
   2.  CONTROL  DATA  FOR  THE  RUN
--------------------------------------------------------------------------------

default_name                                                                    

General flags:
     imin    =       1, nmropt  =       0

Nature and format of input:
     ntx     =       1, irest   =       0, ntrx    =       1

Nature and format of output:
     ntxo    =       2, ntpr    =      50, ntrx    =       1, ntwr    =       1
     iwrap   =       0, ntwx    =       0, ntwv    =       0, ntwe    =       0
     ioutfm  =       1, ntwprt  =       0, idecomp =       0, rbornstat=      0

Potential function:
     ntf     =       1, ntb     =       1, igb     =       0, nsnb    =      25
     ipol    =       0, gbsa    =       0, iesp    =       0
     dielc   =   1.00000, cut     =  10.00000, intdiel =   1.00000

Frozen or restrained atoms:
     ibelly  =       0, ntr     =       1
     restraint_wt =   2.00000

Energy minimization:
     maxcyc  =   10000, ncyc    =    5000, ntmin   =       1
     dx0     =   0.01000, drms    =   0.00010

| Intermolecular bonds treatment:
|     no_intermolecular_bonds =       1

| Energy averages sample interval:
|     ene_avg_sampling =       1

Ewald parameters:
     verbose =       0, ew_type =       0, nbflag  =       1, use_pme =       1
     vdwmeth =       1, eedmeth =       1, netfrc  =       0
     Box X =   77.699   Box Y =   77.699   Box Z =   77.699
     Alpha =  109.471   Beta  =  109.471   Gamma =  109.471
     NFFT1 =   80       NFFT2 =   80       NFFT3 =   80
     Cutoff=   10.000   Tol   =0.100E-04
     Ewald Coefficient =  0.27511
     Interpolation order =    4

    LOADING THE CONSTRAINED ATOMS AS GROUPS


   5.  REFERENCE ATOM COORDINATES

  default_name                                                                    
     Mask :1-554@CA,N,C; matches     0 atoms

--------------------------------------------------------------------------------
   3.  ATOMIC COORDINATES AND VELOCITIES
--------------------------------------------------------------------------------

default_name                                                                    
 begin time read from input coords =     0.000 ps

 
 Number of triangulated 3-point waters found:    10208

     Sum of charges from parm topology file =   0.00000019
     Forcing neutrality...

| Dynamic Memory, Types Used:
| Reals              969945
| Integers           806613

| Nonbonded Pairs Initial Allocation:     9597834

| GPU memory information (estimate):
| KB of GPU memory in use:    166913
| KB of CPU memory in use:     55781

--------------------------------------------------------------------------------
   4.  RESULTS
--------------------------------------------------------------------------------

 ---------------------------------------------------
 APPROXIMATING switch and d/dx switch using CUBIC SPLINE INTERPOLATION
 using   5000.0 points per unit in tabled values
 TESTING RELATIVE ERROR over r ranging from 0.0 to cutoff
| CHECK switch(x): max rel err =   0.2738E-14   at   2.422500
| CHECK d/dx switch(x): max rel err =   0.8314E-11   at   2.736960
 ---------------------------------------------------
|---------------------------------------------------
| APPROXIMATING direct energy using CUBIC SPLINE INTERPOLATION
|  with   50.0 points per unit in tabled values
| Relative Error Limit not exceeded for r .gt.   2.33
| APPROXIMATING direct force using CUBIC SPLINE INTERPOLATION
|  with   50.0 points per unit in tabled values
| Relative Error Limit not exceeded for r .gt.   2.80
|---------------------------------------------------


   NSTEP       ENERGY          RMS            GMAX         NAME    NUMBER
      1      -1.3783E+05     3.0617E-01     1.6746E+01     Na+      1086

 BOND    =    10109.6706  ANGLE   =      188.1211  DIHED      =      985.1895
 VDWAALS =    25279.0844  EEL     =  -170886.6287  HBOND      =        0.0000
 1-4 VDW =      258.1945  1-4 EEL =    -3765.7878  RESTRAINT  =        0.0000


   NSTEP       ENERGY          RMS            GMAX         NAME    NUMBER
     50      -1.3795E+05     4.0184E-01     1.1218E+01     P         188

 BOND    =    10131.4437  ANGLE   =      182.9645  DIHED      =      987.3253
 VDWAALS =    25372.2782  EEL     =  -171104.6384  HBOND      =        0.0000
 1-4 VDW =      258.0162  1-4 EEL =    -3772.9664  RESTRAINT  =        0.0000


   NSTEP       ENERGY          RMS            GMAX         NAME    NUMBER
    100      -1.3801E+05     1.2541E-01     5.1905E+00     P         188

 BOND    =    10135.8430  ANGLE   =      180.9440  DIHED      =      988.0817
 VDWAALS =    25418.9039  EEL     =  -171215.7608  HBOND      =        0.0000
 1-4 VDW =      258.3753  1-4 EEL =    -3774.7673  RESTRAINT  =        0.0000


   NSTEP       ENERGY          RMS            GMAX         NAME    NUMBER
    150      -1.3806E+05     3.2563E-01     4.1759E+01     P         658

 BOND    =    10144.8310  ANGLE   =      179.1484  DIHED      =      988.4912
 VDWAALS =    25460.7951  EEL     =  -171315.5513  HBOND      =        0.0000
 1-4 VDW =      258.4634  1-4 EEL =    -3775.5079  RESTRAINT  =        0.0000


   NSTEP       ENERGY          RMS            GMAX         NAME    NUMBER
    200      -1.3810E+05     1.0289E-01     4.8483E+00     P         658

 BOND    =    10150.2090  ANGLE   =      176.2706  DIHED      =      988.5901
 VDWAALS =    25495.4635  EEL     =  -171395.6838  HBOND      =        0.0000
 1-4 VDW =      258.1518  1-4 EEL =    -3775.7462  RESTRAINT  =        0.0000


   NSTEP       ENERGY          RMS            GMAX         NAME    NUMBER
    250      -1.3814E+05     2.8992E-01     3.7984E+01     P         658

 BOND    =    10157.5553  ANGLE   =      174.1893  DIHED      =      988.4767
 VDWAALS =    25525.7914  EEL     =  -171466.4999  HBOND      =        0.0000
 1-4 VDW =      257.8011  1-4 EEL =    -3775.7916  RESTRAINT  =        0.0000


   NSTEP       ENERGY          RMS            GMAX         NAME    NUMBER
    300      -1.3817E+05     1.2382E-01     7.5668E+00     P         658

 BOND    =    10160.4890  ANGLE   =      172.9508  DIHED      =      988.2830
 VDWAALS =    25552.3514  EEL     =  -171528.1088  HBOND      =        0.0000
 1-4 VDW =      257.8819  1-4 EEL =    -3776.0148  RESTRAINT  =        0.0000


   NSTEP       ENERGY          RMS            GMAX         NAME    NUMBER
    350      -1.3820E+05     2.2487E-01     1.6030E+01     C4         19

 BOND    =    10164.8976  ANGLE   =      171.9952  DIHED      =      988.0520
 VDWAALS =    25576.0317  EEL     =  -171583.6968  HBOND      =        0.0000
 1-4 VDW =      257.8175  1-4 EEL =    -3776.1430  RESTRAINT  =        0.0000


   NSTEP       ENERGY          RMS            GMAX         NAME    NUMBER
    400      -1.3823E+05     3.2681E-01     2.7871E+01     C4         19

 BOND    =    10169.2418  ANGLE   =      171.3666  DIHED      =      987.8178
 VDWAALS =    25597.6624  EEL     =  -171635.3140  HBOND      =        0.0000
 1-4 VDW =      257.7359  1-4 EEL =    -3776.2544  RESTRAINT  =        0.0000


   NSTEP       ENERGY          RMS            GMAX         NAME    NUMBER
    450      -1.3826E+05     1.4214E-01     1.1940E+01     C4         19

 BOND    =    10173.4932  ANGLE   =      169.5525  DIHED      =      987.5776
 VDWAALS =    25617.5703  EEL     =  -171684.7240  HBOND      =        0.0000
 1-4 VDW =      257.1860  1-4 EEL =    -3776.1754  RESTRAINT  =        0.0000


   NSTEP       ENERGY          RMS            GMAX         NAME    NUMBER
    500      -1.3828E+05     2.8480E-01     2.7667E+01     C4         19

 BOND    =    10178.3832  ANGLE   =      168.7576  DIHED      =      987.3568
 VDWAALS =    25636.8751  EEL     =  -171731.7648  HBOND      =        0.0000
 1-4 VDW =      256.9554  1-4 EEL =    -3776.1312  RESTRAINT  =        0.0000


   NSTEP       ENERGY          RMS            GMAX         NAME    NUMBER
    550      -1.3830E+05     1.1882E-01     7.0861E+00     C4         19

 BOND    =    10179.5143  ANGLE   =      168.4144  DIHED      =      987.1711
 VDWAALS =    25655.0420  EEL     =  -171774.3831  HBOND      =        0.0000
 1-4 VDW =      257.1969  1-4 EEL =    -3776.2294  RESTRAINT  =        0.0000


   NSTEP       ENERGY          RMS            GMAX         NAME    NUMBER
    600      -1.3832E+05     2.4588E-01     2.2681E+01     C4         19

 BOND    =    10182.6106  ANGLE   =      168.3756  DIHED      =      987.0194
 VDWAALS =    25671.5820  EEL     =  -171814.1962  HBOND      =        0.0000
 1-4 VDW =      257.1377  1-4 EEL =    -3776.3706  RESTRAINT  =        0.0000


   NSTEP       ENERGY          RMS            GMAX         NAME    NUMBER
    650      -1.3834E+05     1.2759E-01     7.0310E+00     C6         12

 BOND    =    10186.4553  ANGLE   =      166.9716  DIHED      =      986.9234
 VDWAALS =    25686.1060  EEL     =  -171851.4229  HBOND      =        0.0000
 1-4 VDW =      256.8826  1-4 EEL =    -3776.3227  RESTRAINT  =        0.0000


   NSTEP       ENERGY          RMS            GMAX         NAME    NUMBER
    700      -1.3836E+05     2.0243E-01     1.2058E+01     C6         12

 BOND    =    10190.0401  ANGLE   =      166.4448  DIHED      =      986.8742
 VDWAALS =    25699.5708  EEL     =  -171886.6241  HBOND      =        0.0000
 1-4 VDW =      256.7402  1-4 EEL =    -3776.3350  RESTRAINT  =        0.0000


   NSTEP       ENERGY          RMS            GMAX         NAME    NUMBER
    750      -1.3838E+05     7.3986E-02     2.2566E+00     Na+      1088

 BOND    =    10191.6960  ANGLE   =      166.3246  DIHED      =      986.8648
 VDWAALS =    25712.6271  EEL     =  -171920.8894  HBOND      =        0.0000
 1-4 VDW =      256.8757  1-4 EEL =    -3776.5215  RESTRAINT  =        0.0000


   NSTEP       ENERGY          RMS            GMAX         NAME    NUMBER
    800      -1.3840E+05     1.8436E-01     9.5344E+00     C4        619

 BOND    =    10194.2238  ANGLE   =      166.5707  DIHED      =      986.8724
 VDWAALS =    25725.6132  EEL     =  -171955.2373  HBOND      =        0.0000
 1-4 VDW =      256.8393  1-4 EEL =    -3776.6834  RESTRAINT  =        0.0000


   NSTEP       ENERGY          RMS            GMAX         NAME    NUMBER
    850      -1.3842E+05     2.8361E-01     2.0817E+01     C6        577

 BOND    =    10196.7953  ANGLE   =      167.0116  DIHED      =      986.8862
 VDWAALS =    25738.1811  EEL     =  -171987.8393  HBOND      =        0.0000
 1-4 VDW =      256.6612  1-4 EEL =    -3776.8808  RESTRAINT  =        0.0000


   NSTEP       ENERGY          RMS            GMAX         NAME    NUMBER
    900      -1.3844E+05     1.5162E-01     8.9123E+00     C2        460

 BOND    =    10200.5241  ANGLE   =      165.4596  DIHED      =      986.9055
 VDWAALS =    25751.1450  EEL     =  -172021.3172  HBOND      =        0.0000
 1-4 VDW =      256.4972  1-4 EEL =    -3776.7776  RESTRAINT  =        0.0000


   NSTEP       ENERGY          RMS            GMAX         NAME    NUMBER
    950      -1.3845E+05     6.9720E-02     1.9044E+00     H1       1826

 BOND    =    10202.6059  ANGLE   =      165.0810  DIHED      =      986.9452
 VDWAALS =    25763.6999  EEL     =  -172051.9663  HBOND      =        0.0000
 1-4 VDW =      256.6094  1-4 EEL =    -3776.8264  RESTRAINT  =        0.0000


   NSTEP       ENERGY          RMS            GMAX         NAME    NUMBER
   1000      -1.3847E+05     1.1639E-01     6.7404E+00     C2        460

 BOND    =    10205.2079  ANGLE   =      164.8065  DIHED      =      986.9895
 VDWAALS =    25776.3793  EEL     =  -172083.0141  HBOND      =        0.0000
 1-4 VDW =      256.6406  1-4 EEL =    -3776.8983  RESTRAINT  =        0.0000


   NSTEP       ENERGY          RMS            GMAX         NAME    NUMBER
   1050      -1.3848E+05     2.1587E-01     1.3849E+01     C4        619

 BOND    =    10208.2965  ANGLE   =      164.2833  DIHED      =      987.0437
 VDWAALS =    25788.1170  EEL     =  -172112.2027  HBOND      =        0.0000
 1-4 VDW =      256.7764  1-4 EEL =    -3776.9191  RESTRAINT  =        0.0000


   NSTEP       ENERGY          RMS            GMAX         NAME    NUMBER
   1100      -1.3850E+05     9.1460E-02     4.6312E+00     C2        460

 BOND    =    10210.3069  ANGLE   =      164.0817  DIHED      =      987.0922
 VDWAALS =    25799.0963  EEL     =  -172139.8206  HBOND      =        0.0000
 1-4 VDW =      256.4677  1-4 EEL =    -3776.9919  RESTRAINT  =        0.0000


   NSTEP       ENERGY          RMS            GMAX         NAME    NUMBER
   1150      -1.3851E+05     1.6062E-01     9.2682E+00     C4        619

 BOND    =    10212.6685  ANGLE   =      164.0788  DIHED      =      987.1571
 VDWAALS =    25809.6369  EEL     =  -172166.7227  HBOND      =        0.0000
 1-4 VDW =      256.3238  1-4 EEL =    -3777.0445  RESTRAINT  =        0.0000


   NSTEP       ENERGY          RMS            GMAX         NAME    NUMBER
   1200      -1.3853E+05     2.4052E-01     1.6119E+01     C4        619

 BOND    =    10215.0133  ANGLE   =      164.2039  DIHED      =      987.2337
 VDWAALS =    25820.0433  EEL     =  -172193.3540  HBOND      =        0.0000
 1-4 VDW =      256.1930  1-4 EEL =    -3777.0944  RESTRAINT  =        0.0000


   NSTEP       ENERGY          RMS            GMAX         NAME    NUMBER
   1250      -1.3854E+05     8.7250E-02     3.9568E+00     C2        460

 BOND    =    10216.0066  ANGLE   =      163.8513  DIHED      =      987.3296
 VDWAALS =    25830.1826  EEL     =  -172219.1205  HBOND      =        0.0000
 1-4 VDW =      256.5264  1-4 EEL =    -3777.2108  RESTRAINT  =        0.0000


   NSTEP       ENERGY          RMS            GMAX         NAME    NUMBER
   1300      -1.3856E+05     2.0042E-01     1.3579E+01     C4        619

 BOND    =    10218.5510  ANGLE   =      163.4767  DIHED      =      987.4334
 VDWAALS =    25840.3702  EEL     =  -172245.3145  HBOND      =        0.0000
 1-4 VDW =      256.7386  1-4 EEL =    -3777.1998  RESTRAINT  =        0.0000


   NSTEP       ENERGY          RMS            GMAX         NAME    NUMBER
   1350      -1.3857E+05     6.3601E-02     1.8208E+00     H2      24510

 BOND    =    10219.8768  ANGLE   =      163.5926  DIHED      =      987.5282
 VDWAALS =    25850.2554  EEL     =  -172270.4269  HBOND      =        0.0000
 1-4 VDW =      256.4660  1-4 EEL =    -3777.1893  RESTRAINT  =        0.0000


   NSTEP       ENERGY          RMS            GMAX         NAME    NUMBER
   1400      -1.3858E+05     1.6552E-01     1.0615E+01     C2        460

 BOND    =    10222.4550  ANGLE   =      163.3848  DIHED      =      987.6317
 VDWAALS =    25860.2402  EEL     =  -172296.2250  HBOND      =        0.0000
 1-4 VDW =      256.3879  1-4 EEL =    -3777.0832  RESTRAINT  =        0.0000


   NSTEP       ENERGY          RMS            GMAX         NAME    NUMBER
   1450      -1.3860E+05     7.7863E-02     4.2088E+00     C2        460

 BOND    =    10223.4460  ANGLE   =      163.6058  DIHED      =      987.7329
 VDWAALS =    25870.0614  EEL     =  -172321.1346  HBOND      =        0.0000
 1-4 VDW =      256.5542  1-4 EEL =    -3777.1922  RESTRAINT  =        0.0000


   NSTEP       ENERGY          RMS            GMAX         NAME    NUMBER
   1500      -1.3861E+05     1.0793E-01     6.5837E+00     C2        460

 BOND    =    10225.4615  ANGLE   =      163.4127  DIHED      =      987.8166
 VDWAALS =    25879.4644  EEL     =  -172345.3586  HBOND      =        0.0000
 1-4 VDW =      256.6505  1-4 EEL =    -3777.1393  RESTRAINT  =        0.0000


   NSTEP       ENERGY          RMS            GMAX         NAME    NUMBER
   1550      -1.3862E+05     6.3419E-02     2.4766E+00     C2        460

 BOND    =    10227.2191  ANGLE   =      163.3163  DIHED      =      987.8728
 VDWAALS =    25888.9905  EEL     =  -172369.5650  HBOND      =        0.0000
 1-4 VDW =      256.5619  1-4 EEL =    -3777.0580  RESTRAINT  =        0.0000


   NSTEP       ENERGY          RMS            GMAX         NAME    NUMBER
   1600      -1.3864E+05     1.2210E-01     9.0848E+00     C2        460

 BOND    =    10229.4510  ANGLE   =      162.8524  DIHED      =      987.8960
 VDWAALS =    25898.5176  EEL     =  -172393.4525  HBOND      =        0.0000
 1-4 VDW =      256.5655  1-4 EEL =    -3776.9171  RESTRAINT  =        0.0000


   NSTEP       ENERGY          RMS            GMAX         NAME    NUMBER
   1650      -1.3865E+05     1.7489E-01     1.3390E+01     C2        460

 BOND    =    10231.1402  ANGLE   =      162.8394  DIHED      =      987.8832
 VDWAALS =    25907.8894  EEL     =  -172416.1517  HBOND      =        0.0000
 1-4 VDW =      256.4482  1-4 EEL =    -3776.8793  RESTRAINT  =        0.0000


   NSTEP       ENERGY          RMS            GMAX         NAME    NUMBER
   1700      -1.3866E+05     6.1780E-02     2.3100E+00     C2        460

 BOND    =    10232.5282  ANGLE   =      162.2799  DIHED      =      987.8557
 VDWAALS =    25916.9282  EEL     =  -172438.3382  HBOND      =        0.0000
 1-4 VDW =      256.6060  1-4 EEL =    -3776.8711  RESTRAINT  =        0.0000


   NSTEP       ENERGY          RMS            GMAX         NAME    NUMBER
   1750      -1.3867E+05     1.6469E-01     1.3030E+01     C2        460

 BOND    =    10234.2384  ANGLE   =      162.2638  DIHED      =      987.8110
 VDWAALS =    25925.9830  EEL     =  -172460.5289  HBOND      =        0.0000
 1-4 VDW =      256.5969  1-4 EEL =    -3776.9177  RESTRAINT  =        0.0000


   NSTEP       ENERGY          RMS            GMAX         NAME    NUMBER
   1800      -1.3868E+05     2.2719E-01     1.8693E+01     C2        460

 BOND    =    10236.7633  ANGLE   =      161.4975  DIHED      =      987.7655
 VDWAALS =    25934.5176  EEL     =  -172482.3203  HBOND      =        0.0000
 1-4 VDW =      256.7529  1-4 EEL =    -3776.8344  RESTRAINT  =        0.0000


   NSTEP       ENERGY          RMS            GMAX         NAME    NUMBER
   1850      -1.3869E+05     1.0148E-01     8.3293E+00     C2        460

 BOND    =    10238.1861  ANGLE   =      161.0412  DIHED      =      987.7040
 VDWAALS =    25943.2695  EEL     =  -172504.3055  HBOND      =        0.0000
 1-4 VDW =      256.4925  1-4 EEL =    -3776.6962  RESTRAINT  =        0.0000


   NSTEP       ENERGY          RMS            GMAX         NAME    NUMBER
   1900      -1.3871E+05     1.9736E-01     1.5941E+01     C2        460

 BOND    =    10240.0481  ANGLE   =      161.1122  DIHED      =      987.6420
 VDWAALS =    25951.8149  EEL     =  -172525.3300  HBOND      =        0.0000
 1-4 VDW =      256.3614  1-4 EEL =    -3776.6984  RESTRAINT  =        0.0000


   NSTEP       ENERGY          RMS            GMAX         NAME    NUMBER
   1950      -1.3872E+05     8.1423E-02     5.8875E+00     C2        460

 BOND    =    10241.5910  ANGLE   =      160.5184  DIHED      =      987.5823
 VDWAALS =    25959.9284  EEL     =  -172545.4456  HBOND      =        0.0000
 1-4 VDW =      256.5399  1-4 EEL =    -3776.7061  RESTRAINT  =        0.0000


   NSTEP       ENERGY          RMS            GMAX         NAME    NUMBER
   2000      -1.3873E+05     1.5765E-01     1.3857E+01     C2        460

 BOND    =    10243.8044  ANGLE   =      160.0632  DIHED      =      987.5166
 VDWAALS =    25967.8590  EEL     =  -172565.2044  HBOND      =        0.0000
 1-4 VDW =      256.6423  1-4 EEL =    -3776.6671  RESTRAINT  =        0.0000


   NSTEP       ENERGY          RMS            GMAX         NAME    NUMBER
   2050      -1.3874E+05     8.2077E-02     6.6829E+00     C2        460

 BOND    =    10245.1419  ANGLE   =      159.8131  DIHED      =      987.4474
 VDWAALS =    25975.3762  EEL     =  -172583.7459  HBOND      =        0.0000
 1-4 VDW =      256.5506  1-4 EEL =    -3776.6167  RESTRAINT  =        0.0000


   NSTEP       ENERGY          RMS            GMAX         NAME    NUMBER
   2100      -1.3875E+05     1.5301E-01     1.3989E+01     C2        460

 BOND    =    10246.4875  ANGLE   =      159.9772  DIHED      =      987.3812
 VDWAALS =    25982.4711  EEL     =  -172601.4151  HBOND      =        0.0000
 1-4 VDW =      256.4681  1-4 EEL =    -3776.6596  RESTRAINT  =        0.0000


   NSTEP       ENERGY          RMS            GMAX         NAME    NUMBER
   2150      -1.3875E+05     5.9739E-02     3.6799E+00     C2        460

 BOND    =    10247.9264  ANGLE   =      159.4846  DIHED      =      987.3195
 VDWAALS =    25988.9951  EEL     =  -172618.2502  HBOND      =        0.0000
 1-4 VDW =      256.5743  1-4 EEL =    -3776.6414  RESTRAINT  =        0.0000


   NSTEP       ENERGY          RMS            GMAX         NAME    NUMBER
   2200      -1.3876E+05     1.2614E-01     9.4710E+00     C2        460

 BOND    =    10249.1007  ANGLE   =      159.6491  DIHED      =      987.2570
 VDWAALS =    25995.2670  EEL     =  -172634.3938  HBOND      =        0.0000
 1-4 VDW =      256.5242  1-4 EEL =    -3776.7033  RESTRAINT  =        0.0000


   NSTEP       ENERGY          RMS            GMAX         NAME    NUMBER
   2250      -1.3877E+05     1.8830E-01     1.4321E+01     C6        610

 BOND    =    10250.3496  ANGLE   =      159.8096  DIHED      =      987.1958
 VDWAALS =    26001.2745  EEL     =  -172650.2101  HBOND      =        0.0000
 1-4 VDW =      256.4735  1-4 EEL =    -3776.7499  RESTRAINT  =        0.0000


   NSTEP       ENERGY          RMS            GMAX         NAME    NUMBER
   2300      -1.3878E+05     9.7423E-02     8.7094E+00     C2        460

 BOND    =    10251.8788  ANGLE   =      158.9056  DIHED      =      987.1375
 VDWAALS =    26006.8602  EEL     =  -172665.9000  HBOND      =        0.0000
 1-4 VDW =      256.5933  1-4 EEL =    -3776.5561  RESTRAINT  =        0.0000


   NSTEP       ENERGY          RMS            GMAX         NAME    NUMBER
   2350      -1.3879E+05     1.4688E-01     1.3064E+01     C2        460

 BOND    =    10252.8719  ANGLE   =      159.1154  DIHED      =      987.0758
 VDWAALS =    26012.3554  EEL     =  -172681.0416  HBOND      =        0.0000
 1-4 VDW =      256.5051  1-4 EEL =    -3776.5758  RESTRAINT  =        0.0000


   NSTEP       ENERGY          RMS            GMAX         NAME    NUMBER
   2400      -1.3880E+05     5.1614E-02     1.6772E+00     C2        460

 BOND    =    10254.0713  ANGLE   =      158.7440  DIHED      =      987.0148
 VDWAALS =    26017.6982  EEL     =  -172696.4620  HBOND      =        0.0000
 1-4 VDW =      256.5902  1-4 EEL =    -3776.5588  RESTRAINT  =        0.0000


   NSTEP       ENERGY          RMS            GMAX         NAME    NUMBER
   2450      -1.3881E+05     1.2425E-01     1.1430E+01     C2        460

 BOND    =    10255.4000  ANGLE   =      158.7562  DIHED      =      986.9497
 VDWAALS =    26023.2038  EEL     =  -172712.2111  HBOND      =        0.0000
 1-4 VDW =      256.5873  1-4 EEL =    -3776.5715  RESTRAINT  =        0.0000


   NSTEP       ENERGY          RMS            GMAX         NAME    NUMBER
   2500      -1.3882E+05     1.8403E-01     1.7323E+01     C2        460

 BOND    =    10256.7175  ANGLE   =      158.8783  DIHED      =      986.8809
 VDWAALS =    26028.7622  EEL     =  -172727.9526  HBOND      =        0.0000
 1-4 VDW =      256.5401  1-4 EEL =    -3776.5668  RESTRAINT  =        0.0000


   NSTEP       ENERGY          RMS            GMAX         NAME    NUMBER
   2550      -1.3883E+05     8.1430E-02     6.5125E+00     C2        460

 BOND    =    10257.6359  ANGLE   =      158.4815  DIHED      =      986.8125
 VDWAALS =    26034.2693  EEL     =  -172743.3546  HBOND      =        0.0000
 1-4 VDW =      256.5612  1-4 EEL =    -3776.4365  RESTRAINT  =        0.0000


   NSTEP       ENERGY          RMS            GMAX         NAME    NUMBER
   2600      -1.3883E+05     1.5538E-01     1.3201E+01     C2        460

 BOND    =    10258.8172  ANGLE   =      158.6757  DIHED      =      986.7387
 VDWAALS =    26040.0037  EEL     =  -172759.0457  HBOND      =        0.0000
 1-4 VDW =      256.4902  1-4 EEL =    -3776.4120  RESTRAINT  =        0.0000


   NSTEP       ENERGY          RMS            GMAX         NAME    NUMBER
   2650      -1.3884E+05     5.4461E-02     2.4093E+00     C2        460

 BOND    =    10260.2093  ANGLE   =      158.2205  DIHED      =      986.6677
 VDWAALS =    26045.5403  EEL     =  -172774.6583  HBOND      =        0.0000
 1-4 VDW =      256.5855  1-4 EEL =    -3776.3384  RESTRAINT  =        0.0000


   NSTEP       ENERGY          RMS            GMAX         NAME    NUMBER
   2700      -1.3885E+05     1.4415E-01     1.1883E+01     C2        460

 BOND    =    10261.4915  ANGLE   =      158.5310  DIHED      =      986.5865
 VDWAALS =    26051.6006  EEL     =  -172791.0627  HBOND      =        0.0000
 1-4 VDW =      256.5156  1-4 EEL =    -3776.3644  RESTRAINT  =        0.0000


   NSTEP       ENERGY          RMS            GMAX         NAME    NUMBER
   2750      -1.3886E+05     2.1170E-01     1.6275E+01     C2        460

 BOND    =    10263.9399  ANGLE   =      157.7582  DIHED      =      986.5102
 VDWAALS =    26057.5504  EEL     =  -172807.6578  HBOND      =        0.0000
 1-4 VDW =      256.7149  1-4 EEL =    -3776.1616  RESTRAINT  =        0.0000


   NSTEP       ENERGY          RMS            GMAX         NAME    NUMBER
   2800      -1.3887E+05     9.0842E-02     7.7847E+00     C2        460

 BOND    =    10264.1770  ANGLE   =      158.1396  DIHED      =      986.4237
 VDWAALS =    26063.9612  EEL     =  -172823.8519  HBOND      =        0.0000
 1-4 VDW =      256.5393  1-4 EEL =    -3776.1226  RESTRAINT  =        0.0000


   NSTEP       ENERGY          RMS            GMAX         NAME    NUMBER
   2850      -1.3888E+05     1.7374E-01     1.3973E+01     C2        460

 BOND    =    10265.4375  ANGLE   =      158.5463  DIHED      =      986.3363
 VDWAALS =    26070.5956  EEL     =  -172840.5780  HBOND      =        0.0000
 1-4 VDW =      256.4333  1-4 EEL =    -3776.0994  RESTRAINT  =        0.0000


   NSTEP       ENERGY          RMS            GMAX         NAME    NUMBER
   2900      -1.3889E+05     8.7253E-02     7.1591E+00     C2        460

 BOND    =    10267.0769  ANGLE   =      158.1758  DIHED      =      986.2511
 VDWAALS =    26077.3203  EEL     =  -172857.7351  HBOND      =        0.0000
 1-4 VDW =      256.5317  1-4 EEL =    -3776.0496  RESTRAINT  =        0.0000


   NSTEP       ENERGY          RMS            GMAX         NAME    NUMBER
   2950      -1.3890E+05     1.3937E-01     1.2697E+01     C2        460

 BOND    =    10269.0092  ANGLE   =      157.9797  DIHED      =      986.1617
 VDWAALS =    26084.3313  EEL     =  -172875.0102  HBOND      =        0.0000
 1-4 VDW =      256.5857  1-4 EEL =    -3775.9674  RESTRAINT  =        0.0000


   NSTEP       ENERGY          RMS            GMAX         NAME    NUMBER
   3000      -1.3891E+05     2.1249E-01     1.7424E+01     C2        460

 BOND    =    10270.3166  ANGLE   =      158.6336  DIHED      =      986.0644
 VDWAALS =    26091.5726  EEL     =  -172892.2593  HBOND      =        0.0000
 1-4 VDW =      256.4298  1-4 EEL =    -3776.0368  RESTRAINT  =        0.0000


   NSTEP       ENERGY          RMS            GMAX         NAME    NUMBER
   3050      -1.3891E+05     1.3131E-01     9.6249E+00     C2        460

 BOND    =    10272.1266  ANGLE   =      157.7596  DIHED      =      985.9737
 VDWAALS =    26098.7481  EEL     =  -172910.0172  HBOND      =        0.0000
 1-4 VDW =      256.5625  1-4 EEL =    -3775.7373  RESTRAINT  =        0.0000


   NSTEP       ENERGY          RMS            GMAX         NAME    NUMBER
   3100      -1.3892E+05     1.7443E-01     1.6545E+01     C2        460

 BOND    =    10273.2444  ANGLE   =      158.2871  DIHED      =      985.8777
 VDWAALS =    26105.6452  EEL     =  -172926.4855  HBOND      =        0.0000
 1-4 VDW =      256.4076  1-4 EEL =    -3775.7429  RESTRAINT  =        0.0000


   NSTEP       ENERGY          RMS            GMAX         NAME    NUMBER
   3150      -1.3893E+05     6.4514E-02     4.0185E+00     C2        460

 BOND    =    10274.6511  ANGLE   =      158.0918  DIHED      =      985.7823
 VDWAALS =    26112.1546  EEL     =  -172942.7796  HBOND      =        0.0000
 1-4 VDW =      256.4184  1-4 EEL =    -3775.7121  RESTRAINT  =        0.0000


   NSTEP       ENERGY          RMS            GMAX         NAME    NUMBER
   3200      -1.3894E+05     1.6531E-01     1.1995E+01     C6        610

 BOND    =    10277.0258  ANGLE   =      157.5734  DIHED      =      985.6862
 VDWAALS =    26118.5556  EEL     =  -172959.3240  HBOND      =        0.0000
 1-4 VDW =      256.5347  1-4 EEL =    -3775.5423  RESTRAINT  =        0.0000


   NSTEP       ENERGY          RMS            GMAX         NAME    NUMBER
   3250      -1.3895E+05     5.2476E-02     2.6686E+00     C2        460

 BOND    =    10277.4892  ANGLE   =      157.9940  DIHED      =      985.5868
 VDWAALS =    26124.5546  EEL     =  -172974.2923  HBOND      =        0.0000
 1-4 VDW =      256.3708  1-4 EEL =    -3775.5316  RESTRAINT  =        0.0000


   NSTEP       ENERGY          RMS            GMAX         NAME    NUMBER
   3300      -1.3896E+05     1.4639E-01     1.0686E+01     C2        460

 BOND    =    10279.3749  ANGLE   =      157.6985  DIHED      =      985.4877
 VDWAALS =    26130.3222  EEL     =  -172989.7490  HBOND      =        0.0000
 1-4 VDW =      256.4216  1-4 EEL =    -3775.3648  RESTRAINT  =        0.0000


   NSTEP       ENERGY          RMS            GMAX         NAME    NUMBER
   3350      -1.3896E+05     2.1018E-01     1.3953E+01     C6        610

 BOND    =    10281.1786  ANGLE   =      157.5162  DIHED      =      985.3886
 VDWAALS =    26135.7184  EEL     =  -173004.7121  HBOND      =        0.0000
 1-4 VDW =      256.4516  1-4 EEL =    -3775.2358  RESTRAINT  =        0.0000


   NSTEP       ENERGY          RMS            GMAX         NAME    NUMBER
   3400      -1.3897E+05     8.6263E-02     7.5582E+00     C2        460

 BOND    =    10281.5507  ANGLE   =      158.0993  DIHED      =      985.2802
 VDWAALS =    26141.0374  EEL     =  -173019.2990  HBOND      =        0.0000
 1-4 VDW =      256.2521  1-4 EEL =    -3775.3616  RESTRAINT  =        0.0000


   NSTEP       ENERGY          RMS            GMAX         NAME    NUMBER
   3450      -1.3898E+05     1.4944E-01     1.4686E+01     C2        460

 BOND    =    10283.0396  ANGLE   =      158.2386  DIHED      =      985.1747
 VDWAALS =    26146.2220  EEL     =  -173034.0410  HBOND      =        0.0000
 1-4 VDW =      256.1997  1-4 EEL =    -3775.3310  RESTRAINT  =        0.0000


   NSTEP       ENERGY          RMS            GMAX         NAME    NUMBER
   3500      -1.3899E+05     5.2058E-02     2.4984E+00     C2        460

 BOND    =    10283.9841  ANGLE   =      158.1321  DIHED      =      985.0758
 VDWAALS =    26151.2023  EEL     =  -173048.4374  HBOND      =        0.0000
 1-4 VDW =      256.1712  1-4 EEL =    -3775.1972  RESTRAINT  =        0.0000


   NSTEP       ENERGY          RMS            GMAX         NAME    NUMBER
   3550      -1.3900E+05     1.4883E-01     1.4011E+01     C2        460

 BOND    =    10285.1990  ANGLE   =      158.4638  DIHED      =      984.9709
 VDWAALS =    26156.3448  EEL     =  -173062.9484  HBOND      =        0.0000
 1-4 VDW =      256.0694  1-4 EEL =    -3775.1380  RESTRAINT  =        0.0000


   NSTEP       ENERGY          RMS            GMAX         NAME    NUMBER
   3600      -1.3901E+05     4.8303E-02     1.6380E+00     H2      16185

 BOND    =    10286.6552  ANGLE   =      158.1656  DIHED      =      984.8694
 VDWAALS =    26161.2744  EEL     =  -173077.4107  HBOND      =        0.0000
 1-4 VDW =      256.1024  1-4 EEL =    -3775.0793  RESTRAINT  =        0.0000


   NSTEP       ENERGY          RMS            GMAX         NAME    NUMBER
   3650      -1.3901E+05     1.1515E-01     1.0580E+01     C2        460

 BOND    =    10288.0584  ANGLE   =      158.3591  DIHED      =      984.7651
 VDWAALS =    26166.2708  EEL     =  -173091.8052  HBOND      =        0.0000
 1-4 VDW =      256.0357  1-4 EEL =    -3775.0744  RESTRAINT  =        0.0000


   NSTEP       ENERGY          RMS            GMAX         NAME    NUMBER
   3700      -1.3902E+05     1.6983E-01     1.5822E+01     C2        460

 BOND    =    10289.8539  ANGLE   =      158.1316  DIHED      =      984.6673
 VDWAALS =    26170.9210  EEL     =  -173105.6007  HBOND      =        0.0000
 1-4 VDW =      256.0807  1-4 EEL =    -3774.9729  RESTRAINT  =        0.0000


   NSTEP       ENERGY          RMS            GMAX         NAME    NUMBER
   3750      -1.3903E+05     7.2681E-02     5.3567E+00     C2        460

 BOND    =    10290.3428  ANGLE   =      158.2851  DIHED      =      984.5713
 VDWAALS =    26175.4855  EEL     =  -173118.5870  HBOND      =        0.0000
 1-4 VDW =      255.9917  1-4 EEL =    -3774.8789  RESTRAINT  =        0.0000


   NSTEP       ENERGY          RMS            GMAX         NAME    NUMBER
   3800      -1.3904E+05     1.4520E-01     1.2703E+01     C2        460

 BOND    =    10291.2229  ANGLE   =      158.7659  DIHED      =      984.4712
 VDWAALS =    26179.9798  EEL     =  -173131.6253  HBOND      =        0.0000
 1-4 VDW =      255.8591  1-4 EEL =    -3774.8676  RESTRAINT  =        0.0000


   NSTEP       ENERGY          RMS            GMAX         NAME    NUMBER
   3850      -1.3904E+05     4.9745E-02     2.2068E+00     C2        460

 BOND    =    10292.4889  ANGLE   =      158.5184  DIHED      =      984.3700
 VDWAALS =    26184.2845  EEL     =  -173144.6086  HBOND      =        0.0000
 1-4 VDW =      255.8889  1-4 EEL =    -3774.8077  RESTRAINT  =        0.0000


   NSTEP       ENERGY          RMS            GMAX         NAME    NUMBER
   3900      -1.3905E+05     1.2392E-01     1.0252E+01     C2        460

 BOND    =    10293.6472  ANGLE   =      158.7753  DIHED      =      984.2620
 VDWAALS =    26188.6572  EEL     =  -173157.3769  HBOND      =        0.0000
 1-4 VDW =      255.8184  1-4 EEL =    -3774.7940  RESTRAINT  =        0.0000


   NSTEP       ENERGY          RMS            GMAX         NAME    NUMBER
   3950      -1.3906E+05     5.5080E-02     3.4763E+00     C2        460

 BOND    =    10294.6496  ANGLE   =      158.5211  DIHED      =      984.1595
 VDWAALS =    26192.7982  EEL     =  -173169.5597  HBOND      =        0.0000
 1-4 VDW =      255.8529  1-4 EEL =    -3774.6201  RESTRAINT  =        0.0000


   NSTEP       ENERGY          RMS            GMAX         NAME    NUMBER
   4000      -1.3907E+05     7.8521E-02     6.5573E+00     C2        460

 BOND    =    10295.7596  ANGLE   =      158.5085  DIHED      =      984.0532
 VDWAALS =    26196.9058  EEL     =  -173181.7679  HBOND      =        0.0000
 1-4 VDW =      255.8426  1-4 EEL =    -3774.5188  RESTRAINT  =        0.0000


   NSTEP       ENERGY          RMS            GMAX         NAME    NUMBER
   4050      -1.3907E+05     1.5734E-01     1.4096E+01     C2        460

 BOND    =    10296.5616  ANGLE   =      158.9731  DIHED      =      983.9466
 VDWAALS =    26200.9732  EEL     =  -173193.5786  HBOND      =        0.0000
 1-4 VDW =      255.7249  1-4 EEL =    -3774.4867  RESTRAINT  =        0.0000


   NSTEP       ENERGY          RMS            GMAX         NAME    NUMBER
   4100      -1.3908E+05     8.4188E-02     7.4223E+00     C2        460

 BOND    =    10297.8751  ANGLE   =      158.6651  DIHED      =      983.8418
 VDWAALS =    26204.8829  EEL     =  -173205.6885  HBOND      =        0.0000
 1-4 VDW =      255.7744  1-4 EEL =    -3774.4436  RESTRAINT  =        0.0000


   NSTEP       ENERGY          RMS            GMAX         NAME    NUMBER
   4150      -1.3909E+05     1.3241E-01     1.2939E+01     C2        460

 BOND    =    10299.1197  ANGLE   =      158.7225  DIHED      =      983.7365
 VDWAALS =    26208.9383  EEL     =  -173217.8984  HBOND      =        0.0000
 1-4 VDW =      255.7504  1-4 EEL =    -3774.3971  RESTRAINT  =        0.0000


   NSTEP       ENERGY          RMS            GMAX         NAME    NUMBER
   4200      -1.3909E+05     4.5473E-02     1.7267E+00     H1       4460

 BOND    =    10299.8567  ANGLE   =      158.6380  DIHED      =      983.6358
 VDWAALS =    26212.9560  EEL     =  -173229.8509  HBOND      =        0.0000
 1-4 VDW =      255.7419  1-4 EEL =    -3774.2618  RESTRAINT  =        0.0000


   NSTEP       ENERGY          RMS            GMAX         NAME    NUMBER
   4250      -1.3910E+05     7.2751E-02     5.3804E+00     C2        460

 BOND    =    10301.0119  ANGLE   =      158.5916  DIHED      =      983.5302
 VDWAALS =    26217.1463  EEL     =  -173242.4286  HBOND      =        0.0000
 1-4 VDW =      255.7393  1-4 EEL =    -3774.1665  RESTRAINT  =        0.0000


   NSTEP       ENERGY          RMS            GMAX         NAME    NUMBER
   4300      -1.3911E+05     1.6916E-01     1.3046E+01     C2        460

 BOND    =    10302.5280  ANGLE   =      158.4215  DIHED      =      983.4306
 VDWAALS =    26221.2278  EEL     =  -173254.5703  HBOND      =        0.0000
 1-4 VDW =      255.7831  1-4 EEL =    -3774.0232  RESTRAINT  =        0.0000


   NSTEP       ENERGY          RMS            GMAX         NAME    NUMBER
   4350      -1.3911E+05     7.0793E-02     5.3273E+00     C2        460

 BOND    =    10303.0314  ANGLE   =      158.8247  DIHED      =      983.3229
 VDWAALS =    26225.5490  EEL     =  -173266.8378  HBOND      =        0.0000
 1-4 VDW =      255.6475  1-4 EEL =    -3774.1271  RESTRAINT  =        0.0000


   NSTEP       ENERGY          RMS            GMAX         NAME    NUMBER
   4400      -1.3912E+05     1.4176E-01     1.1604E+01     C2        460

 BOND    =    10304.1262  ANGLE   =      159.1021  DIHED      =      983.2165
 VDWAALS =    26229.9672  EEL     =  -173279.2636  HBOND      =        0.0000
 1-4 VDW =      255.5774  1-4 EEL =    -3774.1372  RESTRAINT  =        0.0000


   NSTEP       ENERGY          RMS            GMAX         NAME    NUMBER
   4450      -1.3913E+05     4.7934E-02     2.2248E+00     H1       5111

 BOND    =    10305.0208  ANGLE   =      158.8377  DIHED      =      983.1153
 VDWAALS =    26234.3301  EEL     =  -173291.6911  HBOND      =        0.0000
 1-4 VDW =      255.6140  1-4 EEL =    -3773.9783  RESTRAINT  =        0.0000


   NSTEP       ENERGY          RMS            GMAX         NAME    NUMBER
   4500      -1.3914E+05     1.1762E-01     1.0235E+01     C2        460

 BOND    =    10306.0066  ANGLE   =      159.0578  DIHED      =      983.0044
 VDWAALS =    26239.1018  EEL     =  -173304.7331  HBOND      =        0.0000
 1-4 VDW =      255.5545  1-4 EEL =    -3773.9180  RESTRAINT  =        0.0000


   NSTEP       ENERGY          RMS            GMAX         NAME    NUMBER
   4550      -1.3914E+05     5.0708E-02     2.8791E+00     C2        460

 BOND    =    10307.2202  ANGLE   =      158.8926  DIHED      =      982.8974
 VDWAALS =    26243.7154  EEL     =  -173317.2452  HBOND      =        0.0000
 1-4 VDW =      255.5753  1-4 EEL =    -3773.8923  RESTRAINT  =        0.0000


   NSTEP       ENERGY          RMS            GMAX         NAME    NUMBER
   4600      -1.3915E+05     1.0186E-01     9.3424E+00     C2        460

 BOND    =    10308.5859  ANGLE   =      158.8809  DIHED      =      982.7841
 VDWAALS =    26248.6395  EEL     =  -173329.9803  HBOND      =        0.0000
 1-4 VDW =      255.5722  1-4 EEL =    -3773.8551  RESTRAINT  =        0.0000


   NSTEP       ENERGY          RMS            GMAX         NAME    NUMBER
   4650      -1.3916E+05     4.3639E-02     1.8013E+00     C2        460

 BOND    =    10309.4030  ANGLE   =      158.9620  DIHED      =      982.6704
 VDWAALS =    26253.5522  EEL     =  -173342.2953  HBOND      =        0.0000
 1-4 VDW =      255.5355  1-4 EEL =    -3773.7746  RESTRAINT  =        0.0000


   NSTEP       ENERGY          RMS            GMAX         NAME    NUMBER
   4700      -1.3916E+05     8.5940E-02     7.4575E+00     C2        460

 BOND    =    10310.3661  ANGLE   =      159.1537  DIHED      =      982.5546
 VDWAALS =    26258.3035  EEL     =  -173354.1592  HBOND      =        0.0000
 1-4 VDW =      255.4877  1-4 EEL =    -3773.7277  RESTRAINT  =        0.0000


   NSTEP       ENERGY          RMS            GMAX         NAME    NUMBER
   4750      -1.3917E+05     1.4889E-01     1.1014E+01     C2        460

 BOND    =    10312.1686  ANGLE   =      158.7368  DIHED      =      982.4437
 VDWAALS =    26262.7587  EEL     =  -173365.9865  HBOND      =        0.0000
 1-4 VDW =      255.5745  1-4 EEL =    -3773.5958  RESTRAINT  =        0.0000


   NSTEP       ENERGY          RMS            GMAX         NAME    NUMBER
   4800      -1.3917E+05     1.8053E-01     1.7214E+01     C2        460

 BOND    =    10312.5152  ANGLE   =      159.5042  DIHED      =      982.3211
 VDWAALS =    26267.0580  EEL     =  -173376.8378  HBOND      =        0.0000
 1-4 VDW =      255.4123  1-4 EEL =    -3773.6341  RESTRAINT  =        0.0000


   NSTEP       ENERGY          RMS            GMAX         NAME    NUMBER
   4850      -1.3918E+05     1.1106E-01     1.0689E+01     C2        460

 BOND    =    10314.0786  ANGLE   =      159.1032  DIHED      =      982.1991
 VDWAALS =    26271.0588  EEL     =  -173388.4581  HBOND      =        0.0000
 1-4 VDW =      255.4641  1-4 EEL =    -3773.6529  RESTRAINT  =        0.0000


   NSTEP       ENERGY          RMS            GMAX         NAME    NUMBER
   4900      -1.3919E+05     1.6319E-01     1.3801E+01     C2        460

 BOND    =    10315.6760  ANGLE   =      158.8825  DIHED      =      982.0810
 VDWAALS =    26274.7953  EEL     =  -173399.4806  HBOND      =        0.0000
 1-4 VDW =      255.5104  1-4 EEL =    -3773.5894  RESTRAINT  =        0.0000


   NSTEP       ENERGY          RMS            GMAX         NAME    NUMBER
   4950      -1.3919E+05     6.8660E-02     5.4420E+00     C2        460

 BOND    =    10315.6474  ANGLE   =      159.3796  DIHED      =      981.9531
 VDWAALS =    26278.5472  EEL     =  -173409.9886  HBOND      =        0.0000
 1-4 VDW =      255.3819  1-4 EEL =    -3773.5512  RESTRAINT  =        0.0000


   NSTEP       ENERGY          RMS            GMAX         NAME    NUMBER
   5000      -1.3920E+05     1.5301E-01     1.3525E+01     C2        460

 BOND    =    10316.4910  ANGLE   =      159.7609  DIHED      =      981.8218
 VDWAALS =    26282.2482  EEL     =  -173420.7108  HBOND      =        0.0000
 1-4 VDW =      255.3086  1-4 EEL =    -3773.5255  RESTRAINT  =        0.0000


   NSTEP       ENERGY          RMS            GMAX         NAME    NUMBER
   5050      -1.3926E+05     1.8096E-01     1.1248E+01     H2      26199

 BOND    =    10321.2396  ANGLE   =      160.4651  DIHED      =      980.2642
 VDWAALS =    26320.3105  EEL     =  -173519.4401  HBOND      =        0.0000
 1-4 VDW =      255.1424  1-4 EEL =    -3773.0922  RESTRAINT  =        0.0000


   NSTEP       ENERGY          RMS            GMAX         NAME    NUMBER
   5100      -1.3927E+05     1.4412E-01     9.1668E+00     O       26305

 BOND    =    10326.8249  ANGLE   =      160.3838  DIHED      =      979.5188
 VDWAALS =    26330.5544  EEL     =  -173553.6601  HBOND      =        0.0000
 1-4 VDW =      255.1460  1-4 EEL =    -3772.9727  RESTRAINT  =        0.0000


   NSTEP       ENERGY          RMS            GMAX         NAME    NUMBER
   5150      -1.3931E+05     2.9704E-01     2.0646E+01     O       26197

 BOND    =    10337.6705  ANGLE   =      162.4565  DIHED      =      977.3143
 VDWAALS =    26371.4194  EEL     =  -173639.1011  HBOND      =        0.0000
 1-4 VDW =      254.9682  1-4 EEL =    -3772.6799  RESTRAINT  =        0.0000


   NSTEP       ENERGY          RMS            GMAX         NAME    NUMBER
   5200      -1.3934E+05     1.8766E-01     1.2656E+01     H1      26198

 BOND    =    10340.9173  ANGLE   =      161.9481  DIHED      =      976.2833
 VDWAALS =    26387.1974  EEL     =  -173687.8694  HBOND      =        0.0000
 1-4 VDW =      255.2523  1-4 EEL =    -3772.5231  RESTRAINT  =        0.0000


   NSTEP       ENERGY          RMS            GMAX         NAME    NUMBER
   5250      -1.3936E+05     2.8954E-01     1.5486E+01     O       29740

 BOND    =    10346.2562  ANGLE   =      162.6426  DIHED      =      975.2518
 VDWAALS =    26404.3294  EEL     =  -173735.9880  HBOND      =        0.0000
 1-4 VDW =      255.1936  1-4 EEL =    -3771.8284  RESTRAINT  =        0.0000


   NSTEP       ENERGY          RMS            GMAX         NAME    NUMBER
   5300      -1.3939E+05     3.0416E-01     1.3029E+01     H1      26198

 BOND    =    10355.9752  ANGLE   =      164.1938  DIHED      =      973.7244
 VDWAALS =    26430.5165  EEL     =  -173802.1164  HBOND      =        0.0000
 1-4 VDW =      255.2701  1-4 EEL =    -3771.8657  RESTRAINT  =        0.0000


   NSTEP       ENERGY          RMS            GMAX         NAME    NUMBER
   5350      -1.3943E+05     1.8664E-01     6.4765E+00     H1      26198

 BOND    =    10356.8194  ANGLE   =      163.1673  DIHED      =      972.7882
 VDWAALS =    26454.4088  EEL     =  -173862.0456  HBOND      =        0.0000
 1-4 VDW =      255.2828  1-4 EEL =    -3771.0686  RESTRAINT  =        0.0000


   NSTEP       ENERGY          RMS            GMAX         NAME    NUMBER
   5400      -1.3945E+05     1.5733E-01     7.2523E+00     H1      26198

 BOND    =    10359.2521  ANGLE   =      162.8266  DIHED      =      972.3879
 VDWAALS =    26460.8343  EEL     =  -173892.0760  HBOND      =        0.0000
 1-4 VDW =      255.4276  1-4 EEL =    -3771.4339  RESTRAINT  =        0.0000


   NSTEP       ENERGY          RMS            GMAX         NAME    NUMBER
   5450      -1.3947E+05     1.2274E-01     5.8181E+00     C2'       752

 BOND    =    10361.3194  ANGLE   =      162.7416  DIHED      =      971.9418
 VDWAALS =    26472.7142  EEL     =  -173922.0367  HBOND      =        0.0000
 1-4 VDW =      255.5493  1-4 EEL =    -3771.6721  RESTRAINT  =        0.0000


   NSTEP       ENERGY          RMS            GMAX         NAME    NUMBER
   5500      -1.3948E+05     1.3022E-01     5.5765E+00     P         691

 BOND    =    10364.7146  ANGLE   =      162.8843  DIHED      =      971.4653
 VDWAALS =    26484.1091  EEL     =  -173951.8917  HBOND      =        0.0000
 1-4 VDW =      255.6419  1-4 EEL =    -3771.7151  RESTRAINT  =        0.0000


   NSTEP       ENERGY          RMS            GMAX         NAME    NUMBER
   5550      -1.3950E+05     1.4681E-01     4.9836E+00     P         691

 BOND    =    10368.5797  ANGLE   =      163.1513  DIHED      =      971.0134
 VDWAALS =    26496.0836  EEL     =  -173983.9934  HBOND      =        0.0000
 1-4 VDW =      255.6894  1-4 EEL =    -3771.8177  RESTRAINT  =        0.0000


   NSTEP       ENERGY          RMS            GMAX         NAME    NUMBER
   5600      -1.3952E+05     1.4827E-01     4.9901E+00     C6        675

 BOND    =    10370.2936  ANGLE   =      163.4744  DIHED      =      970.6485
 VDWAALS =    26508.4314  EEL     =  -174012.2120  HBOND      =        0.0000
 1-4 VDW =      255.7447  1-4 EEL =    -3771.9522  RESTRAINT  =        0.0000


   NSTEP       ENERGY          RMS            GMAX         NAME    NUMBER
   5650      -1.3953E+05     1.5403E-01     7.3599E+00     P         691

 BOND    =    10372.5763  ANGLE   =      163.6220  DIHED      =      970.3460
 VDWAALS =    26520.9985  EEL     =  -174043.2782  HBOND      =        0.0000
 1-4 VDW =      255.9357  1-4 EEL =    -3772.2073  RESTRAINT  =        0.0000


   NSTEP       ENERGY          RMS            GMAX         NAME    NUMBER
   5700      -1.3955E+05     1.4694E-01     6.1955E+00     P         691

 BOND    =    10376.0942  ANGLE   =      163.5407  DIHED      =      970.0496
 VDWAALS =    26535.5898  EEL     =  -174076.4444  HBOND      =        0.0000
 1-4 VDW =      256.0457  1-4 EEL =    -3772.3266  RESTRAINT  =        0.0000


   NSTEP       ENERGY          RMS            GMAX         NAME    NUMBER
   5750      -1.3956E+05     1.4633E-01     1.0308E+01     P         691

 BOND    =    10379.4875  ANGLE   =      163.7028  DIHED      =      969.7882
 VDWAALS =    26549.7912  EEL     =  -174109.1399  HBOND      =        0.0000
 1-4 VDW =      256.0733  1-4 EEL =    -3772.4505  RESTRAINT  =        0.0000


   NSTEP       ENERGY          RMS            GMAX         NAME    NUMBER
   5800      -1.3958E+05     1.2246E-01     3.3875E+00     C6        451

 BOND    =    10379.0936  ANGLE   =      163.8465  DIHED      =      969.5616
 VDWAALS =    26561.5831  EEL     =  -174133.1297  HBOND      =        0.0000
 1-4 VDW =      256.0884  1-4 EEL =    -3772.4051  RESTRAINT  =        0.0000


   NSTEP       ENERGY          RMS            GMAX         NAME    NUMBER
   5850      -1.3959E+05     1.0602E-01     4.8806E+00     P         691

 BOND    =    10383.0483  ANGLE   =      163.9395  DIHED      =      969.3905
 VDWAALS =    26572.5902  EEL     =  -174159.3181  HBOND      =        0.0000
 1-4 VDW =      256.0582  1-4 EEL =    -3772.4364  RESTRAINT  =        0.0000


   NSTEP       ENERGY          RMS            GMAX         NAME    NUMBER
   5900      -1.3960E+05     1.4808E-01     7.6545E+00     P         691

 BOND    =    10386.4014  ANGLE   =      164.1868  DIHED      =      969.1832
 VDWAALS =    26583.9184  EEL     =  -174185.5508  HBOND      =        0.0000
 1-4 VDW =      255.9945  1-4 EEL =    -3772.1789  RESTRAINT  =        0.0000


   NSTEP       ENERGY          RMS            GMAX         NAME    NUMBER
   5950      -1.3961E+05     1.6237E-01     8.8341E+00     P         691

 BOND    =    10388.4406  ANGLE   =      164.3376  DIHED      =      969.0043
 VDWAALS =    26593.8187  EEL     =  -174209.7763  HBOND      =        0.0000
 1-4 VDW =      255.9311  1-4 EEL =    -3772.0085  RESTRAINT  =        0.0000


   NSTEP       ENERGY          RMS            GMAX         NAME    NUMBER
   6000      -1.3962E+05     1.7828E-01     9.5267E+00     P         691

 BOND    =    10388.1996  ANGLE   =      164.8772  DIHED      =      968.8622
 VDWAALS =    26605.6424  EEL     =  -174235.7825  HBOND      =        0.0000
 1-4 VDW =      255.8555  1-4 EEL =    -3771.9214  RESTRAINT  =        0.0000


   NSTEP       ENERGY          RMS            GMAX         NAME    NUMBER
   6050      -1.3964E+05     1.5996E-01     7.2321E+00     P         691

 BOND    =    10395.7994  ANGLE   =      164.1287  DIHED      =      968.7131
 VDWAALS =    26614.9933  EEL     =  -174263.6118  HBOND      =        0.0000
 1-4 VDW =      255.8906  1-4 EEL =    -3772.4648  RESTRAINT  =        0.0000


   NSTEP       ENERGY          RMS            GMAX         NAME    NUMBER
   6100      -1.3965E+05     1.0603E-01     4.4970E+00     P         691

 BOND    =    10394.7768  ANGLE   =      164.7623  DIHED      =      968.6068
 VDWAALS =    26624.4834  EEL     =  -174281.7788  HBOND      =        0.0000
 1-4 VDW =      255.8034  1-4 EEL =    -3772.5194  RESTRAINT  =        0.0000


   NSTEP       ENERGY          RMS            GMAX         NAME    NUMBER
   6150      -1.3966E+05     1.0766E-01     4.0825E+00     C4        455

 BOND    =    10397.9987  ANGLE   =      164.7083  DIHED      =      968.5148
 VDWAALS =    26635.8684  EEL     =  -174306.6947  HBOND      =        0.0000
 1-4 VDW =      255.8066  1-4 EEL =    -3772.4251  RESTRAINT  =        0.0000


   NSTEP       ENERGY          RMS            GMAX         NAME    NUMBER
   6200      -1.3967E+05     1.4058E-01     7.6620E+00     P         691

 BOND    =    10402.1064  ANGLE   =      164.4597  DIHED      =      968.3947
 VDWAALS =    26648.7024  EEL     =  -174334.2443  HBOND      =        0.0000
 1-4 VDW =      255.9230  1-4 EEL =    -3772.3068  RESTRAINT  =        0.0000


   NSTEP       ENERGY          RMS            GMAX         NAME    NUMBER
   6250      -1.3968E+05     1.3040E-01     8.3901E+00     P         691

 BOND    =    10403.0018  ANGLE   =      164.3538  DIHED      =      968.2653
 VDWAALS =    26659.5415  EEL     =  -174355.4911  HBOND      =        0.0000
 1-4 VDW =      256.0787  1-4 EEL =    -3772.3884  RESTRAINT  =        0.0000


   NSTEP       ENERGY          RMS            GMAX         NAME    NUMBER
   6300      -1.3969E+05     1.8247E-01     1.2604E+01     P         691

 BOND    =    10407.3318  ANGLE   =      164.4815  DIHED      =      968.0966
 VDWAALS =    26672.4934  EEL     =  -174384.0794  HBOND      =        0.0000
 1-4 VDW =      256.1739  1-4 EEL =    -3772.3664  RESTRAINT  =        0.0000


   NSTEP       ENERGY          RMS            GMAX         NAME    NUMBER
   6350      -1.3970E+05     1.6530E-01     1.1614E+01     P         691

 BOND    =    10408.1188  ANGLE   =      164.4414  DIHED      =      967.9769
 VDWAALS =    26683.7023  EEL     =  -174407.4164  HBOND      =        0.0000
 1-4 VDW =      256.3177  1-4 EEL =    -3772.3040  RESTRAINT  =        0.0000


   NSTEP       ENERGY          RMS            GMAX         NAME    NUMBER
   6400      -1.3971E+05     5.3688E-01     4.7226E+01     P         691

 BOND    =    10430.0107  ANGLE   =      165.2153  DIHED      =      967.8755
 VDWAALS =    26699.5826  EEL     =  -174455.9806  HBOND      =        0.0000
 1-4 VDW =      256.6023  1-4 EEL =    -3771.7863  RESTRAINT  =        0.0000


   NSTEP       ENERGY          RMS            GMAX         NAME    NUMBER
   6450      -1.3973E+05     1.7982E-01     9.8072E+00     P         691

 BOND    =    10417.7069  ANGLE   =      164.7149  DIHED      =      967.7709
 VDWAALS =    26707.9381  EEL     =  -174467.4424  HBOND      =        0.0000
 1-4 VDW =      256.6890  1-4 EEL =    -3772.4048  RESTRAINT  =        0.0000


   NSTEP       ENERGY          RMS            GMAX         NAME    NUMBER
   6500      -1.3974E+05     1.1895E-01     5.2526E+00     O3'       755

 BOND    =    10414.3572  ANGLE   =      164.6577  DIHED      =      967.7603
 VDWAALS =    26715.9647  EEL     =  -174482.4368  HBOND      =        0.0000
 1-4 VDW =      256.7932  1-4 EEL =    -3772.4199  RESTRAINT  =        0.0000


   NSTEP       ENERGY          RMS            GMAX         NAME    NUMBER
   6550      -1.3975E+05     1.0365E-01     4.6417E+00     P         691

 BOND    =    10416.3471  ANGLE   =      165.4326  DIHED      =      967.6994
 VDWAALS =    26725.2557  EEL     =  -174504.0703  HBOND      =        0.0000
 1-4 VDW =      257.0666  1-4 EEL =    -3773.3270  RESTRAINT  =        0.0000


   NSTEP       ENERGY          RMS            GMAX         NAME    NUMBER
   6600      -1.3975E+05     6.6761E-02     3.9807E+00     P         691

 BOND    =    10416.3990  ANGLE   =      164.5658  DIHED      =      967.7193
 VDWAALS =    26731.6042  EEL     =  -174516.3266  HBOND      =        0.0000
 1-4 VDW =      257.0532  1-4 EEL =    -3772.8987  RESTRAINT  =        0.0000


   NSTEP       ENERGY          RMS            GMAX         NAME    NUMBER
   6650      -1.3978E+05     7.9276E-02     3.0235E+00     C4        455

 BOND    =    10420.4512  ANGLE   =      164.9978  DIHED      =      967.6274
 VDWAALS =    26754.1137  EEL     =  -174569.0490  HBOND      =        0.0000
 1-4 VDW =      257.2954  1-4 EEL =    -3772.8522  RESTRAINT  =        0.0000


   NSTEP       ENERGY          RMS            GMAX         NAME    NUMBER
   6700      -1.3980E+05     8.5400E-02     5.6305E+00     H1       2498

 BOND    =    10423.9769  ANGLE   =      165.3628  DIHED      =      967.5195
 VDWAALS =    26765.8959  EEL     =  -174607.6368  HBOND      =        0.0000
 1-4 VDW =      257.3243  1-4 EEL =    -3772.9984  RESTRAINT  =        0.0000


   NSTEP       ENERGY          RMS            GMAX         NAME    NUMBER
   6750      -1.3981E+05     7.0517E-02     3.1695E+00     H1       2498

 BOND    =    10426.3006  ANGLE   =      165.4523  DIHED      =      967.5441
 VDWAALS =    26774.9494  EEL     =  -174632.4953  HBOND      =        0.0000
 1-4 VDW =      257.3871  1-4 EEL =    -3773.0180  RESTRAINT  =        0.0000


   NSTEP       ENERGY          RMS            GMAX         NAME    NUMBER
   6800      -1.3982E+05     6.3742E-02     2.8887E+00     P         691

 BOND    =    10428.2106  ANGLE   =      165.4464  DIHED      =      967.5641
 VDWAALS =    26781.1964  EEL     =  -174650.7225  HBOND      =        0.0000
 1-4 VDW =      257.4393  1-4 EEL =    -3773.0227  RESTRAINT  =        0.0000


   NSTEP       ENERGY          RMS            GMAX         NAME    NUMBER
   6850      -1.3983E+05     5.7228E-02     4.2863E+00     P         691

 BOND    =    10429.5324  ANGLE   =      165.4575  DIHED      =      967.5469
 VDWAALS =    26788.0865  EEL     =  -174670.1014  HBOND      =        0.0000
 1-4 VDW =      257.5349  1-4 EEL =    -3773.0296  RESTRAINT  =        0.0000


   NSTEP       ENERGY          RMS            GMAX         NAME    NUMBER
   6900      -1.3985E+05     1.3768E-01     7.2229E+00     C4        749

 BOND    =    10429.5036  ANGLE   =      166.2306  DIHED      =      967.5549
 VDWAALS =    26797.3420  EEL     =  -174695.6642  HBOND      =        0.0000
 1-4 VDW =      257.5693  1-4 EEL =    -3772.9061  RESTRAINT  =        0.0000


   NSTEP       ENERGY          RMS            GMAX         NAME    NUMBER
   6950      -1.3986E+05     1.4672E-01     8.5921E+00     C4        455

 BOND    =    10431.7751  ANGLE   =      166.3524  DIHED      =      967.4611
 VDWAALS =    26806.9413  EEL     =  -174719.6490  HBOND      =        0.0000
 1-4 VDW =      257.6489  1-4 EEL =    -3773.0422  RESTRAINT  =        0.0000


   NSTEP       ENERGY          RMS            GMAX         NAME    NUMBER
   7000      -1.3987E+05     1.0665E-01     4.6320E+00     P         691

 BOND    =    10435.8909  ANGLE   =      165.8803  DIHED      =      967.3246
 VDWAALS =    26812.9101  EEL     =  -174739.3695  HBOND      =        0.0000
 1-4 VDW =      257.6970  1-4 EEL =    -3772.8590  RESTRAINT  =        0.0000


   NSTEP       ENERGY          RMS            GMAX         NAME    NUMBER
   7050      -1.3988E+05     1.0226E-01     5.1546E+00     P         691

 BOND    =    10435.9713  ANGLE   =      165.7614  DIHED      =      967.2303
 VDWAALS =    26818.2766  EEL     =  -174754.4739  HBOND      =        0.0000
 1-4 VDW =      257.7175  1-4 EEL =    -3772.7769  RESTRAINT  =        0.0000


   NSTEP       ENERGY          RMS            GMAX         NAME    NUMBER
   7100      -1.3989E+05     1.1595E-01     5.0799E+00     C4        455

 BOND    =    10436.7633  ANGLE   =      165.8359  DIHED      =      967.1472
 VDWAALS =    26823.1740  EEL     =  -174770.1690  HBOND      =        0.0000
 1-4 VDW =      257.7262  1-4 EEL =    -3772.5902  RESTRAINT  =        0.0000


   NSTEP       ENERGY          RMS            GMAX         NAME    NUMBER
   7150      -1.3990E+05     1.3088E-01     4.6436E+00     C4        455

 BOND    =    10437.3160  ANGLE   =      165.9249  DIHED      =      967.0624
 VDWAALS =    26827.6875  EEL     =  -174785.0181  HBOND      =        0.0000
 1-4 VDW =      257.7381  1-4 EEL =    -3772.5450  RESTRAINT  =        0.0000


   NSTEP       ENERGY          RMS            GMAX         NAME    NUMBER
   7200      -1.3991E+05     1.6076E-01     5.5175E+00     O       25912

 BOND    =    10439.0366  ANGLE   =      166.0787  DIHED      =      966.9676
 VDWAALS =    26832.9739  EEL     =  -174803.6537  HBOND      =        0.0000
 1-4 VDW =      257.7544  1-4 EEL =    -3772.4261  RESTRAINT  =        0.0000


   NSTEP       ENERGY          RMS            GMAX         NAME    NUMBER
   7250      -1.3993E+05     1.1183E-01     4.0477E+00     N3        650

 BOND    =    10440.3577  ANGLE   =      166.0029  DIHED      =      966.8895
 VDWAALS =    26839.4804  EEL     =  -174823.9731  HBOND      =        0.0000
 1-4 VDW =      257.7522  1-4 EEL =    -3772.2680  RESTRAINT  =        0.0000


   NSTEP       ENERGY          RMS            GMAX         NAME    NUMBER
   7300      -1.3994E+05     1.8244E-01     1.2398E+01     O        1390

 BOND    =    10442.1501  ANGLE   =      166.0518  DIHED      =      966.6587
 VDWAALS =    26851.5431  EEL     =  -174853.1169  HBOND      =        0.0000
 1-4 VDW =      257.8261  1-4 EEL =    -3772.2679  RESTRAINT  =        0.0000


   NSTEP       ENERGY          RMS            GMAX         NAME    NUMBER
   7350      -1.3995E+05     9.8300E-02     4.4411E+00     O        1390

 BOND    =    10443.8365  ANGLE   =      166.1935  DIHED      =      966.6432
 VDWAALS =    26850.8802  EEL     =  -174863.6495  HBOND      =        0.0000
 1-4 VDW =      257.9316  1-4 EEL =    -3772.4447  RESTRAINT  =        0.0000


   NSTEP       ENERGY          RMS            GMAX         NAME    NUMBER
   7400      -1.3997E+05     6.7645E-02     3.5968E+00     O3'       690

 BOND    =    10446.1795  ANGLE   =      166.5023  DIHED      =      966.4068
 VDWAALS =    26859.7428  EEL     =  -174889.5297  HBOND      =        0.0000
 1-4 VDW =      257.9630  1-4 EEL =    -3772.3529  RESTRAINT  =        0.0000


   NSTEP       ENERGY          RMS            GMAX         NAME    NUMBER
   7450      -1.3998E+05     1.3435E-01     6.4933E+00     H1       1391

 BOND    =    10447.6971  ANGLE   =      166.8531  DIHED      =      966.2852
 VDWAALS =    26868.3817  EEL     =  -174910.3936  HBOND      =        0.0000
 1-4 VDW =      258.0604  1-4 EEL =    -3772.6562  RESTRAINT  =        0.0000


   NSTEP       ENERGY          RMS            GMAX         NAME    NUMBER
   7500      -1.3998E+05     8.3610E-02     4.5188E+00     P         691

 BOND    =    10449.5942  ANGLE   =      166.6503  DIHED      =      966.2315
 VDWAALS =    26874.5756  EEL     =  -174927.5087  HBOND      =        0.0000
 1-4 VDW =      258.0287  1-4 EEL =    -3772.2181  RESTRAINT  =        0.0000


   NSTEP       ENERGY          RMS            GMAX         NAME    NUMBER
   7550      -1.3999E+05     8.4195E-02     6.6571E+00     P         691

 BOND    =    10451.5284  ANGLE   =      166.7498  DIHED      =      966.1670
 VDWAALS =    26880.8516  EEL     =  -174944.5642  HBOND      =        0.0000
 1-4 VDW =      257.9933  1-4 EEL =    -3772.0341  RESTRAINT  =        0.0000


   NSTEP       ENERGY          RMS            GMAX         NAME    NUMBER
   7600      -1.4000E+05     8.7815E-02     4.0435E+00     C1'       636

 BOND    =    10452.2465  ANGLE   =      166.7644  DIHED      =      966.1000
 VDWAALS =    26886.1387  EEL     =  -174957.7136  HBOND      =        0.0000
 1-4 VDW =      257.9059  1-4 EEL =    -3771.8010  RESTRAINT  =        0.0000


   NSTEP       ENERGY          RMS            GMAX         NAME    NUMBER
   7650      -1.4001E+05     1.0160E-01     3.6689E+00     P         691

 BOND    =    10453.4104  ANGLE   =      166.9981  DIHED      =      966.0048
 VDWAALS =    26890.3158  EEL     =  -174969.4374  HBOND      =        0.0000
 1-4 VDW =      257.9360  1-4 EEL =    -3771.5948  RESTRAINT  =        0.0000


   NSTEP       ENERGY          RMS            GMAX         NAME    NUMBER
   7700      -1.4001E+05     1.0804E-01     3.5831E+00     C8        639

 BOND    =    10454.4007  ANGLE   =      167.6765  DIHED      =      965.9123
 VDWAALS =    26894.9094  EEL     =  -174982.4983  HBOND      =        0.0000
 1-4 VDW =      257.8904  1-4 EEL =    -3771.6226  RESTRAINT  =        0.0000


   NSTEP       ENERGY          RMS            GMAX         NAME    NUMBER
   7750      -1.4002E+05     1.2950E-01     4.3382E+00     C5'       630

 BOND    =    10455.1207  ANGLE   =      167.9261  DIHED      =      965.8279
 VDWAALS =    26900.1975  EEL     =  -174996.3891  HBOND      =        0.0000
 1-4 VDW =      257.8945  1-4 EEL =    -3771.7331  RESTRAINT  =        0.0000


   NSTEP       ENERGY          RMS            GMAX         NAME    NUMBER
   7800      -1.4003E+05     1.3578E-01     6.9212E+00     P         691

 BOND    =    10457.7873  ANGLE   =      167.9612  DIHED      =      965.8292
 VDWAALS =    26905.5116  EEL     =  -175011.8695  HBOND      =        0.0000
 1-4 VDW =      257.8784  1-4 EEL =    -3771.6208  RESTRAINT  =        0.0000


   NSTEP       ENERGY          RMS            GMAX         NAME    NUMBER
   7850      -1.4003E+05     6.7624E-02     2.3812E+00     C4        749

 BOND    =    10457.6496  ANGLE   =      167.7893  DIHED      =      965.7807
 VDWAALS =    26910.1317  EEL     =  -175021.7130  HBOND      =        0.0000
 1-4 VDW =      257.8974  1-4 EEL =    -3771.6963  RESTRAINT  =        0.0000


   NSTEP       ENERGY          RMS            GMAX         NAME    NUMBER
   7900      -1.4004E+05     6.1878E-02     2.6164E+00     C4'       731

 BOND    =    10458.5333  ANGLE   =      167.9556  DIHED      =      965.7381
 VDWAALS =    26914.9677  EEL     =  -175032.7065  HBOND      =        0.0000
 1-4 VDW =      257.8913  1-4 EEL =    -3771.5316  RESTRAINT  =        0.0000


   NSTEP       ENERGY          RMS            GMAX         NAME    NUMBER
   7950      -1.4004E+05     4.0845E-02     1.6604E+00     O       30928

 BOND    =    10459.7123  ANGLE   =      168.0344  DIHED      =      965.7055
 VDWAALS =    26919.9467  EEL     =  -175044.3715  HBOND      =        0.0000
 1-4 VDW =      257.9154  1-4 EEL =    -3771.7061  RESTRAINT  =        0.0000


   NSTEP       ENERGY          RMS            GMAX         NAME    NUMBER
   8000      -1.4006E+05     7.9236E-02     4.1081E+00     C4        749

 BOND    =    10462.6502  ANGLE   =      168.4603  DIHED      =      965.5917
 VDWAALS =    26931.1231  EEL     =  -175070.6034  HBOND      =        0.0000
 1-4 VDW =      257.8973  1-4 EEL =    -3771.5799  RESTRAINT  =        0.0000


   NSTEP       ENERGY          RMS            GMAX         NAME    NUMBER
   8050      -1.4006E+05     8.7743E-02     3.8405E+00     O        8122

 BOND    =    10464.5184  ANGLE   =      168.6986  DIHED      =      965.5070
 VDWAALS =    26937.8586  EEL     =  -175086.7925  HBOND      =        0.0000
 1-4 VDW =      257.9052  1-4 EEL =    -3771.6110  RESTRAINT  =        0.0000


   NSTEP       ENERGY          RMS            GMAX         NAME    NUMBER
   8100      -1.4007E+05     1.0881E-01     3.8034E+00     N3        650

 BOND    =    10466.1621  ANGLE   =      168.9577  DIHED      =      965.4437
 VDWAALS =    26942.3440  EEL     =  -175101.2313  HBOND      =        0.0000
 1-4 VDW =      257.8392  1-4 EEL =    -3771.5986  RESTRAINT  =        0.0000


   NSTEP       ENERGY          RMS            GMAX         NAME    NUMBER
   8150      -1.4008E+05     1.6156E-01     5.3264E+00     O3'       690

 BOND    =    10467.4889  ANGLE   =      169.4907  DIHED      =      965.4350
 VDWAALS =    26951.0667  EEL     =  -175124.1928  HBOND      =        0.0000
 1-4 VDW =      257.7340  1-4 EEL =    -3771.4290  RESTRAINT  =        0.0000


   NSTEP       ENERGY          RMS            GMAX         NAME    NUMBER
   8200      -1.4010E+05     1.5785E-01     8.6705E+00     H2       8124

 BOND    =    10467.5472  ANGLE   =      168.8558  DIHED      =      965.4788
 VDWAALS =    26962.3309  EEL     =  -175146.7998  HBOND      =        0.0000
 1-4 VDW =      257.8646  1-4 EEL =    -3771.4913  RESTRAINT  =        0.0000


   NSTEP       ENERGY          RMS            GMAX         NAME    NUMBER
   8250      -1.4011E+05     1.3402E-01     5.3266E+00     O        8122

 BOND    =    10477.4199  ANGLE   =      169.4263  DIHED      =      965.5264
 VDWAALS =    26977.0026  EEL     =  -175183.3804  HBOND      =        0.0000
 1-4 VDW =      257.7234  1-4 EEL =    -3771.3261  RESTRAINT  =        0.0000


   NSTEP       ENERGY          RMS            GMAX         NAME    NUMBER
   8300      -1.4012E+05     1.3193E-01     5.6904E+00     C6        741

 BOND    =    10475.2486  ANGLE   =      168.8927  DIHED      =      965.4011
 VDWAALS =    26984.7797  EEL     =  -175197.9759  HBOND      =        0.0000
 1-4 VDW =      257.8608  1-4 EEL =    -3771.5937  RESTRAINT  =        0.0000


   NSTEP       ENERGY          RMS            GMAX         NAME    NUMBER
   8350      -1.4013E+05     2.0029E-01     9.7495E+00     N9        736

 BOND    =    10476.0059  ANGLE   =      169.9709  DIHED      =      965.4407
 VDWAALS =    26992.7741  EEL     =  -175218.1026  HBOND      =        0.0000
 1-4 VDW =      257.8364  1-4 EEL =    -3771.0134  RESTRAINT  =        0.0000


   NSTEP       ENERGY          RMS            GMAX         NAME    NUMBER
   8400      -1.4014E+05     1.5101E-01     5.7954E+00     O        8122

 BOND    =    10477.8138  ANGLE   =      169.7506  DIHED      =      965.2811
 VDWAALS =    27003.0503  EEL     =  -175240.9778  HBOND      =        0.0000
 1-4 VDW =      257.8379  1-4 EEL =    -3771.0723  RESTRAINT  =        0.0000


   NSTEP       ENERGY          RMS            GMAX         NAME    NUMBER
   8450      -1.4015E+05     2.2405E-01     9.5755E+00     H2      24900

 BOND    =    10482.2634  ANGLE   =      170.8209  DIHED      =      965.3045
 VDWAALS =    27014.1781  EEL     =  -175270.1480  HBOND      =        0.0000
 1-4 VDW =      257.8253  1-4 EEL =    -3771.4491  RESTRAINT  =        0.0000


   NSTEP       ENERGY          RMS            GMAX         NAME    NUMBER
   8500      -1.4017E+05     1.6134E-01     7.8296E+00     H2      24900

 BOND    =    10484.1959  ANGLE   =      169.6410  DIHED      =      964.8483
 VDWAALS =    27027.7010  EEL     =  -175302.0807  HBOND      =        0.0000
 1-4 VDW =      257.7865  1-4 EEL =    -3771.4221  RESTRAINT  =        0.0000


   NSTEP       ENERGY          RMS            GMAX         NAME    NUMBER
   8550      -1.4019E+05     2.1717E-01     8.7818E+00     O       24898

 BOND    =    10488.6905  ANGLE   =      169.5939  DIHED      =      964.4793
 VDWAALS =    27043.9816  EEL     =  -175339.5916  HBOND      =        0.0000
 1-4 VDW =      257.6652  1-4 EEL =    -3771.6382  RESTRAINT  =        0.0000


   NSTEP       ENERGY          RMS            GMAX         NAME    NUMBER
   8600      -1.4020E+05     1.2034E-01     5.3462E+00     C4        749

 BOND    =    10486.2602  ANGLE   =      169.8248  DIHED      =      964.0217
 VDWAALS =    27058.8853  EEL     =  -175364.7490  HBOND      =        0.0000
 1-4 VDW =      257.5040  1-4 EEL =    -3771.5012  RESTRAINT  =        0.0000


   NSTEP       ENERGY          RMS            GMAX         NAME    NUMBER
   8650      -1.4021E+05     1.1833E-01     6.6717E+00     C5        609

 BOND    =    10488.0357  ANGLE   =      169.6222  DIHED      =      964.0378
 VDWAALS =    27060.3856  EEL     =  -175375.5606  HBOND      =        0.0000
 1-4 VDW =      257.4678  1-4 EEL =    -3771.2771  RESTRAINT  =        0.0000


   NSTEP       ENERGY          RMS            GMAX         NAME    NUMBER
   8700      -1.4022E+05     5.3606E-02     2.6769E+00     P         724

 BOND    =    10491.9723  ANGLE   =      169.1819  DIHED      =      963.7837
 VDWAALS =    27076.6402  EEL     =  -175410.1366  HBOND      =        0.0000
 1-4 VDW =      257.6045  1-4 EEL =    -3771.3967  RESTRAINT  =        0.0000


   NSTEP       ENERGY          RMS            GMAX         NAME    NUMBER
   8750      -1.4023E+05     4.4300E-02     1.7271E+00     O       27004

 BOND    =    10493.7776  ANGLE   =      169.1032  DIHED      =      963.6223
 VDWAALS =    27086.0487  EEL     =  -175430.5650  HBOND      =        0.0000
 1-4 VDW =      257.5649  1-4 EEL =    -3771.3067  RESTRAINT  =        0.0000


   NSTEP       ENERGY          RMS            GMAX         NAME    NUMBER
   8800      -1.4024E+05     2.8780E-01     2.1145E+01     H1      23873

 BOND    =    10497.0261  ANGLE   =      169.8473  DIHED      =      963.2906
 VDWAALS =    27103.6640  EEL     =  -175462.7819  HBOND      =        0.0000
 1-4 VDW =      257.5143  1-4 EEL =    -3771.3102  RESTRAINT  =        0.0000


   NSTEP       ENERGY          RMS            GMAX         NAME    NUMBER
   8850      -1.4026E+05     1.9455E-01     8.2144E+00     C4        749

 BOND    =    10497.7758  ANGLE   =      170.0514  DIHED      =      962.8858
 VDWAALS =    27111.6988  EEL     =  -175484.9075  HBOND      =        0.0000
 1-4 VDW =      257.4657  1-4 EEL =    -3770.6368  RESTRAINT  =        0.0000


   NSTEP       ENERGY          RMS            GMAX         NAME    NUMBER
   8900      -1.4027E+05     1.2746E-01     6.9396E+00     C4'       665

 BOND    =    10498.7910  ANGLE   =      170.4472  DIHED      =      962.6525
 VDWAALS =    27117.6918  EEL     =  -175501.8236  HBOND      =        0.0000
 1-4 VDW =      257.4058  1-4 EEL =    -3770.6212  RESTRAINT  =        0.0000


   NSTEP       ENERGY          RMS            GMAX         NAME    NUMBER
   8950      -1.4027E+05     9.4445E-02     4.6984E+00     P         626

 BOND    =    10499.9087  ANGLE   =      170.3447  DIHED      =      962.4551
 VDWAALS =    27123.7715  EEL     =  -175515.6322  HBOND      =        0.0000
 1-4 VDW =      257.3766  1-4 EEL =    -3770.6424  RESTRAINT  =        0.0000


   NSTEP       ENERGY          RMS            GMAX         NAME    NUMBER
   9000      -1.4028E+05     8.6473E-02     4.5316E+00     P         626

 BOND    =    10501.5420  ANGLE   =      170.4553  DIHED      =      962.3067
 VDWAALS =    27129.5163  EEL     =  -175527.8544  HBOND      =        0.0000
 1-4 VDW =      257.3525  1-4 EEL =    -3770.7214  RESTRAINT  =        0.0000


   NSTEP       ENERGY          RMS            GMAX         NAME    NUMBER
   9050      -1.4028E+05     9.3824E-02     3.2837E+00     O       16402

 BOND    =    10501.3845  ANGLE   =      170.3790  DIHED      =      962.1926
 VDWAALS =    27134.9307  EEL     =  -175537.5102  HBOND      =        0.0000
 1-4 VDW =      257.3691  1-4 EEL =    -3770.8864  RESTRAINT  =        0.0000


   NSTEP       ENERGY          RMS            GMAX         NAME    NUMBER
   9100      -1.4029E+05     1.5143E-01     5.4688E+00     P         724

 BOND    =    10506.1096  ANGLE   =      170.8236  DIHED      =      961.9564
 VDWAALS =    27147.5018  EEL     =  -175561.9312  HBOND      =        0.0000
 1-4 VDW =      257.3669  1-4 EEL =    -3771.3423  RESTRAINT  =        0.0000


   NSTEP       ENERGY          RMS            GMAX         NAME    NUMBER
   9150      -1.4030E+05     1.7236E-01     5.8461E+00     N3        683

 BOND    =    10510.1449  ANGLE   =      171.0960  DIHED      =      961.7322
 VDWAALS =    27161.9043  EEL     =  -175593.0130  HBOND      =        0.0000
 1-4 VDW =      257.4508  1-4 EEL =    -3771.6684  RESTRAINT  =        0.0000


   NSTEP       ENERGY          RMS            GMAX         NAME    NUMBER
   9200      -1.4031E+05     1.1005E-01     3.4613E+00     O3'       755

 BOND    =    10509.9761  ANGLE   =      170.6807  DIHED      =      961.5546
 VDWAALS =    27167.3234  EEL     =  -175606.3160  HBOND      =        0.0000
 1-4 VDW =      257.4677  1-4 EEL =    -3771.4520  RESTRAINT  =        0.0000


   NSTEP       ENERGY          RMS            GMAX         NAME    NUMBER
   9250      -1.4032E+05     1.2587E-01     4.8516E+00     P         724

 BOND    =    10512.6826  ANGLE   =      170.9305  DIHED      =      961.4088
 VDWAALS =    27173.2550  EEL     =  -175621.2262  HBOND      =        0.0000
 1-4 VDW =      257.3768  1-4 EEL =    -3771.5252  RESTRAINT  =        0.0000


   NSTEP       ENERGY          RMS            GMAX         NAME    NUMBER
   9300      -1.4033E+05     1.4243E-01     9.5112E+00     P         724

 BOND    =    10516.4734  ANGLE   =      171.4244  DIHED      =      961.0620
 VDWAALS =    27184.4140  EEL     =  -175647.8615  HBOND      =        0.0000
 1-4 VDW =      257.3851  1-4 EEL =    -3771.1842  RESTRAINT  =        0.0000


   NSTEP       ENERGY          RMS            GMAX         NAME    NUMBER
   9350      -1.4034E+05     6.7101E-02     5.3889E+00     O       11452

 BOND    =    10517.1096  ANGLE   =      171.0490  DIHED      =      960.9423
 VDWAALS =    27184.1021  EEL     =  -175655.0304  HBOND      =        0.0000
 1-4 VDW =      257.3688  1-4 EEL =    -3771.2146  RESTRAINT  =        0.0000


   NSTEP       ENERGY          RMS            GMAX         NAME    NUMBER
   9400      -1.4034E+05     7.0177E-02     3.0898E+00     N6        644

 BOND    =    10517.1182  ANGLE   =      171.1276  DIHED      =      960.8469
 VDWAALS =    27186.7162  EEL     =  -175661.9163  HBOND      =        0.0000
 1-4 VDW =      257.3408  1-4 EEL =    -3771.2467  RESTRAINT  =        0.0000


   NSTEP       ENERGY          RMS            GMAX         NAME    NUMBER
   9450      -1.4034E+05     3.8568E-02     1.3029E+00     P         724

 BOND    =    10518.0049  ANGLE   =      171.1888  DIHED      =      960.7848
 VDWAALS =    27188.1685  EEL     =  -175668.1527  HBOND      =        0.0000
 1-4 VDW =      257.3897  1-4 EEL =    -3771.2748  RESTRAINT  =        0.0000


   NSTEP       ENERGY          RMS            GMAX         NAME    NUMBER
   9500      -1.4035E+05     5.5047E-02     2.3702E+00     C6        741

 BOND    =    10519.5252  ANGLE   =      171.3696  DIHED      =      960.6946
 VDWAALS =    27192.7729  EEL     =  -175680.8439  HBOND      =        0.0000
 1-4 VDW =      257.3447  1-4 EEL =    -3771.3269  RESTRAINT  =        0.0000


   NSTEP       ENERGY          RMS            GMAX         NAME    NUMBER
   9550      -1.4036E+05     9.0935E-02     4.4447E+00     C6        741

 BOND    =    10521.2911  ANGLE   =      171.5646  DIHED      =      960.6346
 VDWAALS =    27195.8640  EEL     =  -175691.8478  HBOND      =        0.0000
 1-4 VDW =      257.3501  1-4 EEL =    -3771.3689  RESTRAINT  =        0.0000


   NSTEP       ENERGY          RMS            GMAX         NAME    NUMBER
   9600      -1.4036E+05     4.8787E-02     2.0239E+00     H1       7517

 BOND    =    10521.2978  ANGLE   =      171.5890  DIHED      =      960.6045
 VDWAALS =    27198.0280  EEL     =  -175698.7384  HBOND      =        0.0000
 1-4 VDW =      257.4233  1-4 EEL =    -3771.4157  RESTRAINT  =        0.0000


   NSTEP       ENERGY          RMS            GMAX         NAME    NUMBER
   9650      -1.4037E+05     3.6228E-02     1.4993E+00     C4'       665

 BOND    =    10521.3456  ANGLE   =      171.7457  DIHED      =      960.5940
 VDWAALS =    27200.7859  EEL     =  -175707.1520  HBOND      =        0.0000
 1-4 VDW =      257.3892  1-4 EEL =    -3771.3581  RESTRAINT  =        0.0000


   NSTEP       ENERGY          RMS            GMAX         NAME    NUMBER
   9700      -1.4037E+05     5.0257E-02     2.4537E+00     C4'       665

 BOND    =    10522.1043  ANGLE   =      171.9002  DIHED      =      960.5813
 VDWAALS =    27203.5591  EEL     =  -175715.3978  HBOND      =        0.0000
 1-4 VDW =      257.3879  1-4 EEL =    -3771.2558  RESTRAINT  =        0.0000


   NSTEP       ENERGY          RMS            GMAX         NAME    NUMBER
   9750      -1.4038E+05     6.4943E-02     3.8622E+00     N6        644

 BOND    =    10522.4144  ANGLE   =      171.9566  DIHED      =      960.5779
 VDWAALS =    27206.1533  EEL     =  -175722.4341  HBOND      =        0.0000
 1-4 VDW =      257.4012  1-4 EEL =    -3771.3208  RESTRAINT  =        0.0000


   NSTEP       ENERGY          RMS            GMAX         NAME    NUMBER
   9800      -1.4038E+05     7.6077E-02     3.8838E+00     C4'       665

 BOND    =    10523.8799  ANGLE   =      172.0708  DIHED      =      960.6205
 VDWAALS =    27209.3717  EEL     =  -175733.4632  HBOND      =        0.0000
 1-4 VDW =      257.4188  1-4 EEL =    -3771.3418  RESTRAINT  =        0.0000


   NSTEP       ENERGY          RMS            GMAX         NAME    NUMBER
   9850      -1.4039E+05     4.9509E-02     1.8499E+00     N6        644

 BOND    =    10524.3244  ANGLE   =      172.3595  DIHED      =      960.6949
 VDWAALS =    27210.0000  EEL     =  -175740.7268  HBOND      =        0.0000
 1-4 VDW =      257.3682  1-4 EEL =    -3771.3930  RESTRAINT  =        0.0000


   NSTEP       ENERGY          RMS            GMAX         NAME    NUMBER
   9900      -1.4039E+05     4.9088E-02     2.1007E+00     C4        749

 BOND    =    10524.2592  ANGLE   =      172.5847  DIHED      =      960.7950
 VDWAALS =    27209.8355  EEL     =  -175747.8709  HBOND      =        0.0000
 1-4 VDW =      257.3582  1-4 EEL =    -3771.4459  RESTRAINT  =        0.0000


   NSTEP       ENERGY          RMS            GMAX         NAME    NUMBER
   9950      -1.4040E+05     7.7902E-02     4.7568E+00     H2       3267

 BOND    =    10524.2821  ANGLE   =      172.7618  DIHED      =      961.0410
 VDWAALS =    27211.3402  EEL     =  -175759.7455  HBOND      =        0.0000
 1-4 VDW =      257.4867  1-4 EEL =    -3771.3625  RESTRAINT  =        0.0000


   NSTEP       ENERGY          RMS            GMAX         NAME    NUMBER
  10000      -1.4041E+05     5.1565E-02     2.0478E+00     C4        749

 BOND    =    10525.4520  ANGLE   =      173.0349  DIHED      =      961.1786
 VDWAALS =    27212.6474  EEL     =  -175769.5212  HBOND      =        0.0000
 1-4 VDW =      257.5689  1-4 EEL =    -3771.4562  RESTRAINT  =        0.0000


  Maximum number of minimization cycles reached.


                    FINAL RESULTS



   NSTEP       ENERGY          RMS            GMAX         NAME    NUMBER
  10000      -1.4041E+05     5.1565E-02     2.0478E+00     C4        749

 BOND    =    10525.4520  ANGLE   =      173.0349  DIHED      =      961.1786
 VDWAALS =    27212.6474  EEL     =  -175769.5212  HBOND      =        0.0000
 1-4 VDW =      257.5689  1-4 EEL =    -3771.4562  RESTRAINT  =        0.0000
--------------------------------------------------------------------------------
   5.  TIMINGS
--------------------------------------------------------------------------------

|  NonSetup CPU Time in Major Routines:
|
|     Routine           Sec        %
|     ------------------------------
|     Nonbond           9.29   34.37
|     Bond              0.00    0.00
|     Angle             0.00    0.00
|     Dihedral          0.00    0.00
|     Shake             0.00    0.00
|     Other            17.74   65.63
|     ------------------------------
|     Total            27.03

|  PME Nonbond Pairlist CPU Time:
|
|     Routine              Sec        %
|     ---------------------------------
|     Set Up Cit           0.00    0.00
|     Build List           0.00    0.00
|     ---------------------------------
|     Total                0.00    0.00

|  PME Direct Force CPU Time:
|
|     Routine              Sec        %
|     ---------------------------------
|     NonBonded Calc       0.00    0.00
|     Exclude Masked       0.00    0.00
|     Other                0.02    0.09
|     ---------------------------------
|     Total                0.02    0.09

|  PME Reciprocal Force CPU Time:
|
|     Routine              Sec        %
|     ---------------------------------
|     1D bspline           0.00    0.00
|     Grid Charges         0.00    0.00
|     Scalar Sum           0.00    0.00
|     Gradient Sum         0.00    0.00
|     FFT                  0.00    0.00
|     ---------------------------------
|     Total                0.00    0.00

|  Setup CPU time:            1.02 seconds
|  NonSetup CPU time:        27.03 seconds
|  Total CPU time:           28.05 seconds     0.01 hours

|  Setup wall time:           1    seconds
|  NonSetup wall time:       28    seconds
|  Total wall time:          29    seconds     0.01 hours
