
          -------------------------------------------------------
          Amber 16 PMEMD                              2016
          -------------------------------------------------------

| PMEMD implementation of SANDER, Release 16

| Run on 01/17/2024 at 22:53:33

|   Executable path: pmemd.cuda
| Working directory: /home/students/keyq/fuben/input/10/nLG10RIGHT
|          Hostname: master

  [-O]verwriting output

File Assignments:
|   MDIN: heat1.in                                                              
|  MDOUT: cmp_heat1.out                                                         
| INPCRD: cmp_heat0.rst                                                         
|   PARM: cmp.prmtop                                                            
| RESTRT: cmp_heat1.rst                                                         
|   REFC: cmp.inpcrd                                                            
|  MDVEL: mdvel                                                                 
|   MDEN: mden                                                                  
|  MDCRD: cmp_heat1.mdcrd                                                       
| MDINFO: mdinfo                                                                
|  MDFRC: mdfrc                                                                 


 Here is the input file:

Stage 1 heating 1 5ps 0-100K                                                   
 &cntrl                                                                        
  imin=0, ntx=1,                                                               
  nstlim=2500, dt=0.002,                                                       
  ntc=2, ntf=2,                                                                
  ntt=1, tautp=1.5,                                                            
  tempi=0.0, temp0=50.0,                                                       
  ntpr=50, ntwx=50,                                                            
  ntb=1,                                                                       
  cut=10,                                                                      
 /                                                                             


Note: ig = -1. Setting random seed to   915593 based on wallclock time in 
      microseconds.
 
|--------------------- INFORMATION ----------------------
| GPU (CUDA) Version of PMEMD in use: NVIDIA GPU IN USE.
|                    Version 16.0.0
| 
|                      02/25/2016
| 
| Implementation by:
|                    Ross C. Walker     (SDSC)
|                    Scott Le Grand     (nVIDIA)
| 
| Precision model in use:
|      [SPFP] - Single Precision Forces, 64-bit Fixed Point
|               Accumulation. (Default)
| 
|--------------------------------------------------------
 
|----------------- CITATION INFORMATION -----------------
|
|    When publishing work that utilized the CUDA version
|    of AMBER, please cite the following in addition to
|    the regular AMBER citations:
|
|  - Romelia Salomon-Ferrer; Andreas W. Goetz; Duncan
|    Poole; Scott Le Grand; Ross C. Walker "Routine
|    microsecond molecular dynamics simulations with
|    AMBER - Part II: Particle Mesh Ewald", J. Chem.
|    Theory Comput., 2013, 9 (9), pp3878-3888,
|    DOI: 10.1021/ct400314y.
|
|  - Andreas W. Goetz; Mark J. Williamson; Dong Xu;
|    Duncan Poole; Scott Le Grand; Ross C. Walker
|    "Routine microsecond molecular dynamics simulations
|    with AMBER - Part I: Generalized Born", J. Chem.
|    Theory Comput., 2012, 8 (5), pp1542-1555.
|
|  - Scott Le Grand; Andreas W. Goetz; Ross C. Walker
|    "SPFP: Speed without compromise - a mixed precision
|    model for GPU accelerated molecular dynamics
|    simulations.", Comp. Phys. Comm., 2013, 184
|    pp374-380, DOI: 10.1016/j.cpc.2012.09.022
|
|--------------------------------------------------------
 
|------------------- GPU DEVICE INFO --------------------
|
|            CUDA_VISIBLE_DEVICES: 0
|   CUDA Capable Devices Detected:      1
|           CUDA Device ID in use:      0
|                CUDA Device Name: Tesla V100-PCIE-32GB
|     CUDA Device Global Mem Size:  32510 MB
| CUDA Device Num Multiprocessors:     80
|           CUDA Device Core Freq:   1.38 GHz
|
|--------------------------------------------------------
 
 
| Conditional Compilation Defines Used:
| PUBFFT
| BINTRAJ
| CUDA
| EMIL

| Largest sphere to fit in unit cell has radius =    33.087

| New format PARM file being parsed.
| Version =    1.000 Date = 01/29/21 Time = 15:14:49

| Note: 1-4 EEL scale factors are being read from the topology file.

| Note: 1-4 VDW scale factors are being read from the topology file.
| Duplicated    0 dihedrals

| Duplicated    0 dihedrals

--------------------------------------------------------------------------------
   1.  RESOURCE   USE: 
--------------------------------------------------------------------------------

 getting box info from netcdf restart file
 NATOM  =   36325 NTYPES =      18 NBONH =   35586 MBONA  =     790
 NTHETH =     882 MTHETA =    1223 NPHIH =    1873 MPHIA  =    2451
 NHPARM =       0 NPARM  =       0 NNB   =   53030 NRES   =   11801
 NBONA  =     790 NTHETA =    1223 NPHIA =    2451 NUMBND =      73
 NUMANG =     152 NPTRA  =      87 NATYP =      37 NPHB   =       1
 IFBOX  =       2 NMXRS  =      34 IFCAP =       0 NEXTRA =       0
 NCOPY  =       0

| Coordinate Index Table dimensions:    13   13   13
| Direct force subcell size =     6.2344    6.2344    6.2344

     BOX TYPE: TRUNCATED OCTAHEDRON

--------------------------------------------------------------------------------
   2.  CONTROL  DATA  FOR  THE  RUN
--------------------------------------------------------------------------------

default_name                                                                    

General flags:
     imin    =       0, nmropt  =       0

Nature and format of input:
     ntx     =       1, irest   =       0, ntrx    =       1

Nature and format of output:
     ntxo    =       2, ntpr    =      50, ntrx    =       1, ntwr    =    2500
     iwrap   =       0, ntwx    =      50, ntwv    =       0, ntwe    =       0
     ioutfm  =       1, ntwprt  =       0, idecomp =       0, rbornstat=      0

Potential function:
     ntf     =       2, ntb     =       1, igb     =       0, nsnb    =      25
     ipol    =       0, gbsa    =       0, iesp    =       0
     dielc   =   1.00000, cut     =  10.00000, intdiel =   1.00000

Frozen or restrained atoms:
     ibelly  =       0, ntr     =       0

Molecular dynamics:
     nstlim  =      2500, nscm    =      1000, nrespa  =         1
     t       =   0.00000, dt      =   0.00200, vlimit  =  -1.00000

Berendsen (weak-coupling) temperature regulation:
     temp0   =  50.00000, tempi   =   0.00000, tautp   =   1.50000

SHAKE:
     ntc     =       2, jfastw  =       0
     tol     =   0.00001

| Intermolecular bonds treatment:
|     no_intermolecular_bonds =       1

| Energy averages sample interval:
|     ene_avg_sampling =      50

Ewald parameters:
     verbose =       0, ew_type =       0, nbflag  =       1, use_pme =       1
     vdwmeth =       1, eedmeth =       1, netfrc  =       1
     Box X =   81.047   Box Y =   81.047   Box Z =   81.047
     Alpha =  109.471   Beta  =  109.471   Gamma =  109.471
     NFFT1 =   84       NFFT2 =   84       NFFT3 =   84
     Cutoff=   10.000   Tol   =0.100E-04
     Ewald Coefficient =  0.27511
     Interpolation order =    4

--------------------------------------------------------------------------------
   3.  ATOMIC COORDINATES AND VELOCITIES
--------------------------------------------------------------------------------

default_name                                                                    
 begin time read from input coords =     0.000 ps

 
 Number of triangulated 3-point waters found:    11735

     Sum of charges from parm topology file =   0.00000010
     Forcing neutrality...

| Dynamic Memory, Types Used:
| Reals             1053631
| Integers           874528

| Nonbonded Pairs Initial Allocation:    10987404

| GPU memory information (estimate):
| KB of GPU memory in use:    171348
| KB of CPU memory in use:     60216

--------------------------------------------------------------------------------
   4.  RESULTS
--------------------------------------------------------------------------------

 ---------------------------------------------------
 APPROXIMATING switch and d/dx switch using CUBIC SPLINE INTERPOLATION
 using   5000.0 points per unit in tabled values
 TESTING RELATIVE ERROR over r ranging from 0.0 to cutoff
| CHECK switch(x): max rel err =   0.2738E-14   at   2.422500
| CHECK d/dx switch(x): max rel err =   0.8314E-11   at   2.736960
 ---------------------------------------------------
|---------------------------------------------------
| APPROXIMATING direct energy using CUBIC SPLINE INTERPOLATION
|  with   50.0 points per unit in tabled values
| Relative Error Limit not exceeded for r .gt.   2.33
| APPROXIMATING direct force using CUBIC SPLINE INTERPOLATION
|  with   50.0 points per unit in tabled values
| Relative Error Limit not exceeded for r .gt.   2.80
|---------------------------------------------------

 NSTEP =        0   TIME(PS) =       0.000  TEMP(K) =     0.00  PRESS =     0.0
 Etot   =   -173327.3389  EKtot   =         0.0000  EPtot      =   -173327.3389
 BOND   =        58.4671  ANGLE   =       220.2982  DIHED      =       811.6852
 1-4 NB =       256.2043  1-4 EEL =     -4490.9358  VDWAALS    =     31482.3202
 EELEC  =   -201665.3782  EHBOND  =         0.0000  RESTRAINT  =         0.0000
 ------------------------------------------------------------------------------


 NSTEP =       50   TIME(PS) =       0.100  TEMP(K) =     8.75  PRESS =     0.0
 Etot   =   -148879.8639  EKtot   =       638.2131  EPtot      =   -149518.0770
 BOND   =        56.9831  ANGLE   =       215.6785  DIHED      =       812.1994
 1-4 NB =       259.9906  1-4 EEL =     -4484.2791  VDWAALS    =     26734.6932
 EELEC  =   -173113.3427  EHBOND  =         0.0000  RESTRAINT  =         0.0000
 ------------------------------------------------------------------------------


 NSTEP =      100   TIME(PS) =       0.200  TEMP(K) =     8.04  PRESS =     0.0
 Etot   =   -148694.1664  EKtot   =       586.5067  EPtot      =   -149280.6731
 BOND   =        57.5380  ANGLE   =       217.2041  DIHED      =       808.3206
 1-4 NB =       261.1276  1-4 EEL =     -4488.2082  VDWAALS    =     24379.4032
 EELEC  =   -170516.0582  EHBOND  =         0.0000  RESTRAINT  =         0.0000
 ------------------------------------------------------------------------------


 NSTEP =      150   TIME(PS) =       0.300  TEMP(K) =    10.39  PRESS =     0.0
 Etot   =   -148504.7391  EKtot   =       757.6902  EPtot      =   -149262.4294
 BOND   =        58.0563  ANGLE   =       217.2593  DIHED      =       809.2996
 1-4 NB =       260.2157  1-4 EEL =     -4489.9411  VDWAALS    =     24607.5864
 EELEC  =   -170724.9055  EHBOND  =         0.0000  RESTRAINT  =         0.0000
 ------------------------------------------------------------------------------


 NSTEP =      200   TIME(PS) =       0.400  TEMP(K) =    11.95  PRESS =     0.0
 Etot   =   -148316.0793  EKtot   =       871.2408  EPtot      =   -149187.3201
 BOND   =        58.2909  ANGLE   =       216.9884  DIHED      =       811.9878
 1-4 NB =       261.2838  1-4 EEL =     -4487.5424  VDWAALS    =     25014.7130
 EELEC  =   -171063.0415  EHBOND  =         0.0000  RESTRAINT  =         0.0000
 ------------------------------------------------------------------------------


 NSTEP =      250   TIME(PS) =       0.500  TEMP(K) =    13.77  PRESS =     0.0
 Etot   =   -148134.2477  EKtot   =      1004.3069  EPtot      =   -149138.5545
 BOND   =        57.9770  ANGLE   =       218.9130  DIHED      =       810.2881
 1-4 NB =       261.7543  1-4 EEL =     -4488.1034  VDWAALS    =     24819.2995
 EELEC  =   -170818.6830  EHBOND  =         0.0000  RESTRAINT  =         0.0000
 ------------------------------------------------------------------------------


 NSTEP =      300   TIME(PS) =       0.600  TEMP(K) =    15.29  PRESS =     0.0
 Etot   =   -147962.3208  EKtot   =      1114.8911  EPtot      =   -149077.2119
 BOND   =        56.8521  ANGLE   =       220.0034  DIHED      =       808.1717
 1-4 NB =       262.7680  1-4 EEL =     -4485.4975  VDWAALS    =     24692.7463
 EELEC  =   -170632.2557  EHBOND  =         0.0000  RESTRAINT  =         0.0000
 ------------------------------------------------------------------------------


 NSTEP =      350   TIME(PS) =       0.700  TEMP(K) =    16.74  PRESS =     0.0
 Etot   =   -147796.5999  EKtot   =      1220.5326  EPtot      =   -149017.1325
 BOND   =        58.6417  ANGLE   =       224.2408  DIHED      =       806.4586
 1-4 NB =       260.2452  1-4 EEL =     -4483.8642  VDWAALS    =     24625.8800
 EELEC  =   -170508.7346  EHBOND  =         0.0000  RESTRAINT  =         0.0000
 ------------------------------------------------------------------------------


 NSTEP =      400   TIME(PS) =       0.800  TEMP(K) =    18.36  PRESS =     0.0
 Etot   =   -147638.6749  EKtot   =      1338.8518  EPtot      =   -148977.5267
 BOND   =        58.5359  ANGLE   =       220.5793  DIHED      =       813.3705
 1-4 NB =       262.2756  1-4 EEL =     -4484.9380  VDWAALS    =     24668.1081
 EELEC  =   -170515.4582  EHBOND  =         0.0000  RESTRAINT  =         0.0000
 ------------------------------------------------------------------------------


 NSTEP =      450   TIME(PS) =       0.900  TEMP(K) =    19.92  PRESS =     0.0
 Etot   =   -147489.8370  EKtot   =      1452.5831  EPtot      =   -148942.4201
 BOND   =        58.0627  ANGLE   =       223.5205  DIHED      =       812.6081
 1-4 NB =       261.9189  1-4 EEL =     -4489.0694  VDWAALS    =     24557.7715
 EELEC  =   -170367.2325  EHBOND  =         0.0000  RESTRAINT  =         0.0000
 ------------------------------------------------------------------------------


 NSTEP =      500   TIME(PS) =       1.000  TEMP(K) =    21.17  PRESS =     0.0
 Etot   =   -147346.6029  EKtot   =      1543.8228  EPtot      =   -148890.4256
 BOND   =        58.3146  ANGLE   =       227.9866  DIHED      =       811.5895
 1-4 NB =       258.3234  1-4 EEL =     -4481.1231  VDWAALS    =     24530.8903
 EELEC  =   -170296.4069  EHBOND  =         0.0000  RESTRAINT  =         0.0000
 ------------------------------------------------------------------------------


 NSTEP =      550   TIME(PS) =       1.100  TEMP(K) =    22.37  PRESS =     0.0
 Etot   =   -147210.1565  EKtot   =      1630.8239  EPtot      =   -148840.9804
 BOND   =        60.2752  ANGLE   =       227.2275  DIHED      =       813.0515
 1-4 NB =       260.1627  1-4 EEL =     -4482.2784  VDWAALS    =     24730.7421
 EELEC  =   -170450.1609  EHBOND  =         0.0000  RESTRAINT  =         0.0000
 ------------------------------------------------------------------------------


 NSTEP =      600   TIME(PS) =       1.200  TEMP(K) =    23.83  PRESS =     0.0
 Etot   =   -147078.8800  EKtot   =      1737.7738  EPtot      =   -148816.6538
 BOND   =        59.0163  ANGLE   =       230.0973  DIHED      =       813.2576
 1-4 NB =       260.3528  1-4 EEL =     -4483.8782  VDWAALS    =     24741.4334
 EELEC  =   -170436.9329  EHBOND  =         0.0000  RESTRAINT  =         0.0000
 ------------------------------------------------------------------------------


 NSTEP =      650   TIME(PS) =       1.300  TEMP(K) =    25.34  PRESS =     0.0
 Etot   =   -146955.4904  EKtot   =      1847.7330  EPtot      =   -148803.2234
 BOND   =        58.5474  ANGLE   =       228.4547  DIHED      =       810.2172
 1-4 NB =       256.9378  1-4 EEL =     -4480.5955  VDWAALS    =     24754.3282
 EELEC  =   -170431.1132  EHBOND  =         0.0000  RESTRAINT  =         0.0000
 ------------------------------------------------------------------------------


 NSTEP =      700   TIME(PS) =       1.400  TEMP(K) =    26.58  PRESS =     0.0
 Etot   =   -146838.8033  EKtot   =      1938.4558  EPtot      =   -148777.2591
 BOND   =        60.1207  ANGLE   =       227.1942  DIHED      =       811.2155
 1-4 NB =       259.8464  1-4 EEL =     -4480.3610  VDWAALS    =     24872.4088
 EELEC  =   -170527.6836  EHBOND  =         0.0000  RESTRAINT  =         0.0000
 ------------------------------------------------------------------------------


 NSTEP =      750   TIME(PS) =       1.500  TEMP(K) =    27.44  PRESS =     0.0
 Etot   =   -146727.1645  EKtot   =      2001.1202  EPtot      =   -148728.2848
 BOND   =        58.5598  ANGLE   =       231.1164  DIHED      =       814.8300
 1-4 NB =       260.9619  1-4 EEL =     -4475.1256  VDWAALS    =     24989.3292
 EELEC  =   -170607.9565  EHBOND  =         0.0000  RESTRAINT  =         0.0000
 ------------------------------------------------------------------------------


 NSTEP =      800   TIME(PS) =       1.600  TEMP(K) =    28.84  PRESS =     0.0
 Etot   =   -146620.2400  EKtot   =      2103.2554  EPtot      =   -148723.4954
 BOND   =        61.0117  ANGLE   =       234.1698  DIHED      =       817.8579
 1-4 NB =       256.2936  1-4 EEL =     -4478.7088  VDWAALS    =     24898.5707
 EELEC  =   -170512.6903  EHBOND  =         0.0000  RESTRAINT  =         0.0000
 ------------------------------------------------------------------------------


 NSTEP =      850   TIME(PS) =       1.700  TEMP(K) =    29.64  PRESS =     0.0
 Etot   =   -146519.4862  EKtot   =      2161.5037  EPtot      =   -148680.9899
 BOND   =        58.6464  ANGLE   =       228.1295  DIHED      =       819.5434
 1-4 NB =       261.0241  1-4 EEL =     -4477.2102  VDWAALS    =     24914.0352
 EELEC  =   -170485.1583  EHBOND  =         0.0000  RESTRAINT  =         0.0000
 ------------------------------------------------------------------------------


 NSTEP =      900   TIME(PS) =       1.800  TEMP(K) =    30.75  PRESS =     0.0
 Etot   =   -146424.1299  EKtot   =      2242.2698  EPtot      =   -148666.3997
 BOND   =        60.1543  ANGLE   =       229.9352  DIHED      =       816.8210
 1-4 NB =       261.5339  1-4 EEL =     -4485.3413  VDWAALS    =     24879.6717
 EELEC  =   -170429.1745  EHBOND  =         0.0000  RESTRAINT  =         0.0000
 ------------------------------------------------------------------------------


 NSTEP =      950   TIME(PS) =       1.900  TEMP(K) =    31.86  PRESS =     0.0
 Etot   =   -146332.9923  EKtot   =      2322.8450  EPtot      =   -148655.8373
 BOND   =        59.8747  ANGLE   =       228.7967  DIHED      =       816.5989
 1-4 NB =       263.1804  1-4 EEL =     -4483.2816  VDWAALS    =     24835.6757
 EELEC  =   -170376.6819  EHBOND  =         0.0000  RESTRAINT  =         0.0000
 ------------------------------------------------------------------------------

check COM velocity, temp:        0.000021     0.00(Removed)

 NSTEP =     1000   TIME(PS) =       2.000  TEMP(K) =    32.57  PRESS =     0.0
 Etot   =   -146246.3208  EKtot   =      2374.6877  EPtot      =   -148621.0085
 BOND   =        58.5510  ANGLE   =       220.3340  DIHED      =       824.5689
 1-4 NB =       264.1437  1-4 EEL =     -4483.4674  VDWAALS    =     24791.9698
 EELEC  =   -170297.1084  EHBOND  =         0.0000  RESTRAINT  =         0.0000
 ------------------------------------------------------------------------------


 NSTEP =     1050   TIME(PS) =       2.100  TEMP(K) =    33.65  PRESS =     0.0
 Etot   =   -146164.4476  EKtot   =      2453.3386  EPtot      =   -148617.7862
 BOND   =        58.0495  ANGLE   =       223.7136  DIHED      =       825.0040
 1-4 NB =       264.0312  1-4 EEL =     -4488.7321  VDWAALS    =     24934.1255
 EELEC  =   -170433.9779  EHBOND  =         0.0000  RESTRAINT  =         0.0000
 ------------------------------------------------------------------------------


 NSTEP =     1100   TIME(PS) =       2.200  TEMP(K) =    33.94  PRESS =     0.0
 Etot   =   -146086.5937  EKtot   =      2474.9597  EPtot      =   -148561.5534
 BOND   =        61.8275  ANGLE   =       235.4584  DIHED      =       814.6220
 1-4 NB =       266.7762  1-4 EEL =     -4490.8623  VDWAALS    =     24950.3298
 EELEC  =   -170399.7050  EHBOND  =         0.0000  RESTRAINT  =         0.0000
 ------------------------------------------------------------------------------


 NSTEP =     1150   TIME(PS) =       2.300  TEMP(K) =    35.70  PRESS =     0.0
 Etot   =   -146011.8701  EKtot   =      2603.1719  EPtot      =   -148615.0420
 BOND   =        62.5784  ANGLE   =       237.6752  DIHED      =       815.8046
 1-4 NB =       259.7188  1-4 EEL =     -4492.7904  VDWAALS    =     24926.5455
 EELEC  =   -170424.5741  EHBOND  =         0.0000  RESTRAINT  =         0.0000
 ------------------------------------------------------------------------------


 NSTEP =     1200   TIME(PS) =       2.400  TEMP(K) =    36.20  PRESS =     0.0
 Etot   =   -145943.7746  EKtot   =      2639.5046  EPtot      =   -148583.2792
 BOND   =        61.1289  ANGLE   =       229.8501  DIHED      =       826.4252
 1-4 NB =       261.6993  1-4 EEL =     -4486.9049  VDWAALS    =     24852.7561
 EELEC  =   -170328.2339  EHBOND  =         0.0000  RESTRAINT  =         0.0000
 ------------------------------------------------------------------------------


 NSTEP =     1250   TIME(PS) =       2.500  TEMP(K) =    36.52  PRESS =     0.0
 Etot   =   -145877.7832  EKtot   =      2662.9067  EPtot      =   -148540.6899
 BOND   =        58.7684  ANGLE   =       230.7034  DIHED      =       820.0102
 1-4 NB =       264.0467  1-4 EEL =     -4485.5394  VDWAALS    =     24762.7352
 EELEC  =   -170191.4145  EHBOND  =         0.0000  RESTRAINT  =         0.0000
 ------------------------------------------------------------------------------


 NSTEP =     1300   TIME(PS) =       2.600  TEMP(K) =    37.40  PRESS =     0.0
 Etot   =   -145812.3654  EKtot   =      2726.9290  EPtot      =   -148539.2944
 BOND   =        60.0399  ANGLE   =       233.2777  DIHED      =       818.1704
 1-4 NB =       266.5279  1-4 EEL =     -4475.6800  VDWAALS    =     24691.4805
 EELEC  =   -170133.1107  EHBOND  =         0.0000  RESTRAINT  =         0.0000
 ------------------------------------------------------------------------------


 NSTEP =     1350   TIME(PS) =       2.700  TEMP(K) =    37.75  PRESS =     0.0
 Etot   =   -145752.2191  EKtot   =      2752.5793  EPtot      =   -148504.7984
 BOND   =        60.1030  ANGLE   =       228.3083  DIHED      =       822.8532
 1-4 NB =       266.9341  1-4 EEL =     -4485.1001  VDWAALS    =     24780.7863
 EELEC  =   -170178.6832  EHBOND  =         0.0000  RESTRAINT  =         0.0000
 ------------------------------------------------------------------------------


 NSTEP =     1400   TIME(PS) =       2.800  TEMP(K) =    39.18  PRESS =     0.0
 Etot   =   -145696.6751  EKtot   =      2856.8752  EPtot      =   -148553.5504
 BOND   =        62.0029  ANGLE   =       233.7315  DIHED      =       825.4368
 1-4 NB =       262.6775  1-4 EEL =     -4476.8060  VDWAALS    =     24827.1567
 EELEC  =   -170287.7497  EHBOND  =         0.0000  RESTRAINT  =         0.0000
 ------------------------------------------------------------------------------


 NSTEP =     1450   TIME(PS) =       2.900  TEMP(K) =    39.40  PRESS =     0.0
 Etot   =   -145644.5345  EKtot   =      2873.1765  EPtot      =   -148517.7110
 BOND   =        58.8127  ANGLE   =       231.1098  DIHED      =       824.9721
 1-4 NB =       262.9060  1-4 EEL =     -4477.3773  VDWAALS    =     24918.7435
 EELEC  =   -170336.8778  EHBOND  =         0.0000  RESTRAINT  =         0.0000
 ------------------------------------------------------------------------------


 NSTEP =     1500   TIME(PS) =       3.000  TEMP(K) =    39.47  PRESS =     0.0
 Etot   =   -145594.2868  EKtot   =      2877.7021  EPtot      =   -148471.9889
 BOND   =        62.6021  ANGLE   =       232.8533  DIHED      =       830.2845
 1-4 NB =       263.8607  1-4 EEL =     -4485.8997  VDWAALS    =     24936.2907
 EELEC  =   -170311.9805  EHBOND  =         0.0000  RESTRAINT  =         0.0000
 ------------------------------------------------------------------------------


 NSTEP =     1550   TIME(PS) =       3.100  TEMP(K) =    40.20  PRESS =     0.0
 Etot   =   -145545.8193  EKtot   =      2931.3887  EPtot      =   -148477.2080
 BOND   =        61.0015  ANGLE   =       229.3188  DIHED      =       826.5410
 1-4 NB =       266.6004  1-4 EEL =     -4479.0389  VDWAALS    =     24969.3702
 EELEC  =   -170351.0009  EHBOND  =         0.0000  RESTRAINT  =         0.0000
 ------------------------------------------------------------------------------


 NSTEP =     1600   TIME(PS) =       3.200  TEMP(K) =    41.13  PRESS =     0.0
 Etot   =   -145500.1360  EKtot   =      2999.1345  EPtot      =   -148499.2705
 BOND   =        61.5994  ANGLE   =       231.5046  DIHED      =       820.0479
 1-4 NB =       262.2653  1-4 EEL =     -4475.0263  VDWAALS    =     25080.5561
 EELEC  =   -170480.2176  EHBOND  =         0.0000  RESTRAINT  =         0.0000
 ------------------------------------------------------------------------------


 NSTEP =     1650   TIME(PS) =       3.300  TEMP(K) =    41.87  PRESS =     0.0
 Etot   =   -145458.6578  EKtot   =      3053.2268  EPtot      =   -148511.8846
 BOND   =        62.5307  ANGLE   =       238.6136  DIHED      =       821.2796
 1-4 NB =       263.0195  1-4 EEL =     -4487.9275  VDWAALS    =     25020.3347
 EELEC  =   -170429.7352  EHBOND  =         0.0000  RESTRAINT  =         0.0000
 ------------------------------------------------------------------------------


 NSTEP =     1700   TIME(PS) =       3.400  TEMP(K) =    41.72  PRESS =     0.0
 Etot   =   -145419.2901  EKtot   =      3042.2751  EPtot      =   -148461.5652
 BOND   =        62.2189  ANGLE   =       242.8419  DIHED      =       822.1947
 1-4 NB =       266.7809  1-4 EEL =     -4487.4322  VDWAALS    =     25068.5473
 EELEC  =   -170436.7168  EHBOND  =         0.0000  RESTRAINT  =         0.0000
 ------------------------------------------------------------------------------


 NSTEP =     1750   TIME(PS) =       3.500  TEMP(K) =    42.57  PRESS =     0.0
 Etot   =   -145382.6390  EKtot   =      3104.2666  EPtot      =   -148486.9056
 BOND   =        64.7663  ANGLE   =       242.0474  DIHED      =       824.9145
 1-4 NB =       260.9989  1-4 EEL =     -4488.7591  VDWAALS    =     24944.1406
 EELEC  =   -170335.0142  EHBOND  =         0.0000  RESTRAINT  =         0.0000
 ------------------------------------------------------------------------------


 NSTEP =     1800   TIME(PS) =       3.600  TEMP(K) =    43.16  PRESS =     0.0
 Etot   =   -145347.6008  EKtot   =      3146.7539  EPtot      =   -148494.3547
 BOND   =        63.7537  ANGLE   =       242.1784  DIHED      =       824.2348
 1-4 NB =       264.8944  1-4 EEL =     -4494.2037  VDWAALS    =     24973.0996
 EELEC  =   -170368.3118  EHBOND  =         0.0000  RESTRAINT  =         0.0000
 ------------------------------------------------------------------------------


 NSTEP =     1850   TIME(PS) =       3.700  TEMP(K) =    43.49  PRESS =     0.0
 Etot   =   -145314.6710  EKtot   =      3171.0168  EPtot      =   -148485.6878
 BOND   =        60.5518  ANGLE   =       239.0818  DIHED      =       828.3228
 1-4 NB =       261.7626  1-4 EEL =     -4489.0420  VDWAALS    =     24986.1751
 EELEC  =   -170372.5400  EHBOND  =         0.0000  RESTRAINT  =         0.0000
 ------------------------------------------------------------------------------


 NSTEP =     1900   TIME(PS) =       3.800  TEMP(K) =    43.95  PRESS =     0.0
 Etot   =   -145282.1590  EKtot   =      3204.3943  EPtot      =   -148486.5533
 BOND   =        63.1301  ANGLE   =       231.7951  DIHED      =       831.3466
 1-4 NB =       265.4966  1-4 EEL =     -4477.1824  VDWAALS    =     24980.5759
 EELEC  =   -170381.7151  EHBOND  =         0.0000  RESTRAINT  =         0.0000
 ------------------------------------------------------------------------------


 NSTEP =     1950   TIME(PS) =       3.900  TEMP(K) =    43.84  PRESS =     0.0
 Etot   =   -145254.0554  EKtot   =      3196.6152  EPtot      =   -148450.6706
 BOND   =        60.1582  ANGLE   =       237.6903  DIHED      =       829.5850
 1-4 NB =       266.7640  1-4 EEL =     -4490.0005  VDWAALS    =     24950.2808
 EELEC  =   -170305.1485  EHBOND  =         0.0000  RESTRAINT  =         0.0000
 ------------------------------------------------------------------------------

check COM velocity, temp:        0.000007     0.00(Removed)

 NSTEP =     2000   TIME(PS) =       4.000  TEMP(K) =    44.61  PRESS =     0.0
 Etot   =   -145226.3076  EKtot   =      3253.1357  EPtot      =   -148479.4433
 BOND   =        62.8939  ANGLE   =       241.3241  DIHED      =       830.1983
 1-4 NB =       265.3443  1-4 EEL =     -4490.7156  VDWAALS    =     25015.2964
 EELEC  =   -170403.7846  EHBOND  =         0.0000  RESTRAINT  =         0.0000
 ------------------------------------------------------------------------------


 NSTEP =     2050   TIME(PS) =       4.100  TEMP(K) =    44.91  PRESS =     0.0
 Etot   =   -145199.8021  EKtot   =      3274.3254  EPtot      =   -148474.1275
 BOND   =        64.3369  ANGLE   =       243.8941  DIHED      =       828.2907
 1-4 NB =       268.8803  1-4 EEL =     -4489.7053  VDWAALS    =     25183.6298
 EELEC  =   -170573.4541  EHBOND  =         0.0000  RESTRAINT  =         0.0000
 ------------------------------------------------------------------------------


 NSTEP =     2100   TIME(PS) =       4.200  TEMP(K) =    45.47  PRESS =     0.0
 Etot   =   -145176.6191  EKtot   =      3315.3550  EPtot      =   -148491.9741
 BOND   =        63.8518  ANGLE   =       241.6111  DIHED      =       822.8437
 1-4 NB =       264.5864  1-4 EEL =     -4497.3957  VDWAALS    =     25153.3611
 EELEC  =   -170540.8327  EHBOND  =         0.0000  RESTRAINT  =         0.0000
 ------------------------------------------------------------------------------


 NSTEP =     2150   TIME(PS) =       4.300  TEMP(K) =    45.68  PRESS =     0.0
 Etot   =   -145154.6901  EKtot   =      3331.0554  EPtot      =   -148485.7455
 BOND   =        64.3994  ANGLE   =       240.4188  DIHED      =       820.7520
 1-4 NB =       266.5294  1-4 EEL =     -4493.3887  VDWAALS    =     25027.6014
 EELEC  =   -170412.0577  EHBOND  =         0.0000  RESTRAINT  =         0.0000
 ------------------------------------------------------------------------------


 NSTEP =     2200   TIME(PS) =       4.400  TEMP(K) =    46.11  PRESS =     0.0
 Etot   =   -145135.2070  EKtot   =      3361.9121  EPtot      =   -148497.1191
 BOND   =        63.7141  ANGLE   =       249.5688  DIHED      =       826.2344
 1-4 NB =       263.2785  1-4 EEL =     -4495.1321  VDWAALS    =     24979.6558
 EELEC  =   -170384.4387  EHBOND  =         0.0000  RESTRAINT  =         0.0000
 ------------------------------------------------------------------------------


 NSTEP =     2250   TIME(PS) =       4.500  TEMP(K) =    46.39  PRESS =     0.0
 Etot   =   -145116.3246  EKtot   =      3382.6631  EPtot      =   -148498.9877
 BOND   =        66.4057  ANGLE   =       243.7116  DIHED      =       824.6623
 1-4 NB =       263.0187  1-4 EEL =     -4497.6548  VDWAALS    =     24923.7165
 EELEC  =   -170322.8476  EHBOND  =         0.0000  RESTRAINT  =         0.0000
 ------------------------------------------------------------------------------


 NSTEP =     2300   TIME(PS) =       4.600  TEMP(K) =    46.79  PRESS =     0.0
 Etot   =   -145099.7391  EKtot   =      3411.5620  EPtot      =   -148511.3011
 BOND   =        63.2926  ANGLE   =       243.2594  DIHED      =       824.9179
 1-4 NB =       261.6320  1-4 EEL =     -4498.6824  VDWAALS    =     24944.0778
 EELEC  =   -170349.7985  EHBOND  =         0.0000  RESTRAINT  =         0.0000
 ------------------------------------------------------------------------------


 NSTEP =     2350   TIME(PS) =       4.700  TEMP(K) =    47.17  PRESS =     0.0
 Etot   =   -145085.0951  EKtot   =      3439.1155  EPtot      =   -148524.2106
 BOND   =        64.2920  ANGLE   =       237.4943  DIHED      =       823.6221
 1-4 NB =       264.6250  1-4 EEL =     -4500.4668  VDWAALS    =     25019.1534
 EELEC  =   -170432.9305  EHBOND  =         0.0000  RESTRAINT  =         0.0000
 ------------------------------------------------------------------------------


 NSTEP =     2400   TIME(PS) =       4.800  TEMP(K) =    47.12  PRESS =     0.0
 Etot   =   -145071.5919  EKtot   =      3435.7295  EPtot      =   -148507.3214
 BOND   =        63.9887  ANGLE   =       236.2111  DIHED      =       829.2532
 1-4 NB =       261.9850  1-4 EEL =     -4496.8149  VDWAALS    =     24971.2541
 EELEC  =   -170373.1985  EHBOND  =         0.0000  RESTRAINT  =         0.0000
 ------------------------------------------------------------------------------


 NSTEP =     2450   TIME(PS) =       4.900  TEMP(K) =    47.51  PRESS =     0.0
 Etot   =   -145058.3530  EKtot   =      3464.5610  EPtot      =   -148522.9140
 BOND   =        65.7370  ANGLE   =       237.9724  DIHED      =       828.6153
 1-4 NB =       262.4392  1-4 EEL =     -4492.6443  VDWAALS    =     24836.9138
 EELEC  =   -170261.9474  EHBOND  =         0.0000  RESTRAINT  =         0.0000
 ------------------------------------------------------------------------------


 NSTEP =     2500   TIME(PS) =       5.000  TEMP(K) =    47.72  PRESS =     0.0
 Etot   =   -145046.4785  EKtot   =      3479.4314  EPtot      =   -148525.9099
 BOND   =        65.1869  ANGLE   =       249.2390  DIHED      =       822.9677
 1-4 NB =       264.2387  1-4 EEL =     -4505.1740  VDWAALS    =     24926.7389
 EELEC  =   -170349.1071  EHBOND  =         0.0000  RESTRAINT  =         0.0000
 ------------------------------------------------------------------------------


      A V E R A G E S   O V E R      50 S T E P S


 NSTEP =     2500   TIME(PS) =       5.000  TEMP(K) =    33.68  PRESS =     0.0
 Etot   =   -146223.5316  EKtot   =      2456.1634  EPtot      =   -148679.6950
 BOND   =        60.9547  ANGLE   =       232.0857  DIHED      =       819.9333
 1-4 NB =       262.7732  1-4 EEL =     -4486.8979  VDWAALS    =     24911.4937
 EELEC  =   -170480.0377  EHBOND  =         0.0000  RESTRAINT  =         0.0000
 ------------------------------------------------------------------------------


      R M S  F L U C T U A T I O N S


 NSTEP =     2500   TIME(PS) =       5.000  TEMP(K) =    11.79  PRESS =     0.0
 Etot   =      1106.8489  EKtot   =       859.5454  EPtot      =       257.2929
 BOND   =         2.5413  ANGLE   =         8.5958  DIHED      =         6.9525
 1-4 NB =         2.6428  1-4 EEL =         6.9381  VDWAALS    =       305.3625
 EELEC  =       406.6128  EHBOND  =         0.0000  RESTRAINT  =         0.0000
 ------------------------------------------------------------------------------

--------------------------------------------------------------------------------
   5.  TIMINGS
--------------------------------------------------------------------------------

|  NonSetup CPU Time in Major Routines:
|
|     Routine           Sec        %
|     ------------------------------
|     Nonbond           0.39   11.31
|     Bond              0.00    0.00
|     Angle             0.00    0.00
|     Dihedral          0.00    0.00
|     Shake             0.02    0.55
|     RunMD             3.05   87.91
|     Other             0.01    0.23
|     ------------------------------
|     Total             3.46

|  PME Nonbond Pairlist CPU Time:
|
|     Routine              Sec        %
|     ---------------------------------
|     Set Up Cit           0.00    0.00
|     Build List           0.00    0.00
|     ---------------------------------
|     Total                0.00    0.00

|  PME Direct Force CPU Time:
|
|     Routine              Sec        %
|     ---------------------------------
|     NonBonded Calc       0.00    0.00
|     Exclude Masked       0.00    0.00
|     Other                0.00    0.13
|     ---------------------------------
|     Total                0.00    0.13

|  PME Reciprocal Force CPU Time:
|
|     Routine              Sec        %
|     ---------------------------------
|     1D bspline           0.00    0.00
|     Grid Charges         0.00    0.00
|     Scalar Sum           0.00    0.00
|     Gradient Sum         0.00    0.00
|     FFT                  0.00    0.00
|     ---------------------------------
|     Total                0.00    0.00

|  Final Performance Info:
|     -----------------------------------------------------
|     Average timings for last    2500 steps:
|     Elapsed(s) =       3.56 Per Step(ms) =       1.42
|         ns/day =     121.40   seconds/ns =     711.71
|
|     Average timings for all steps:
|     Elapsed(s) =       3.56 Per Step(ms) =       1.42
|         ns/day =     121.40   seconds/ns =     711.71
|     -----------------------------------------------------

|  Setup CPU time:            0.88 seconds
|  NonSetup CPU time:         3.46 seconds
|  Total CPU time:            4.35 seconds     0.00 hours

|  Setup wall time:           1    seconds
|  NonSetup wall time:        3    seconds
|  Total wall time:           4    seconds     0.00 hours
