#Res        AtomicFlx
   1.000       3.4532
   2.000       2.5584
   3.000       1.9974
   4.000       1.6713
   5.000       1.7147
   6.000       1.9365
   7.000       2.0370
   8.000       2.0104
   9.000       1.9658
  10.000       1.9192
  11.000       1.9211
  12.000       1.8676
  13.000       1.7506
  14.000       1.6692
  15.000       1.7760
  16.000       2.2585
  17.000       3.3890
  18.000       3.1122
  19.000       2.8422
  20.000       2.5457
  21.000       2.1697
  22.000       1.9762
  23.000       2.0040
  24.000       2.1728
  25.000       2.1970
  26.000       2.1729
  27.000       1.9636
  28.000       1.7598
  29.000       1.5740
  30.000       1.5585
  31.000       1.6261
  32.000       1.8622
  33.000       2.3416
  34.000       3.1898
  35.000      25.4558
  36.000      25.6182
  37.000      25.8634
  38.000      25.7377
  39.000      17.3836
  40.000      19.0305
  41.000      23.6747
  42.000      26.4078
  43.000      23.3736
  44.000      29.0105
  45.000      20.2645
  46.000      19.4212
  47.000      23.1607
  48.000      24.2968
  49.000      16.5945
  50.000      17.0832
  51.000      22.5833
  52.000      21.5333
  53.000      28.8504
  54.000      33.6079
  55.000      19.1280
  56.000      29.8872
  57.000      25.5929
  58.000      27.0101
  59.000       8.6075
  60.000      23.8165
  61.000      24.4981
  62.000      29.4807
  63.000      29.5007
  64.000      22.1085
  65.000      28.0718
  66.000      23.9594
