
          -------------------------------------------------------
          Amber 16 PMEMD                              2016
          -------------------------------------------------------

| PMEMD implementation of SANDER, Release 16

| Run on 06/04/2024 at 22:37:12

|   Executable path: pmemd.cuda
| Working directory: /home/students/keyq/fuben4/7/7LA
|          Hostname: master

  [-O]verwriting output

File Assignments:
|   MDIN: heat2.in                                                              
|  MDOUT: cmp_heat2.out                                                         
| INPCRD: cmp_heat1.rst                                                         
|   PARM: cmp.prmtop                                                            
| RESTRT: cmp_heat2.rst                                                         
|   REFC: cmp.inpcrd                                                            
|  MDVEL: mdvel                                                                 
|   MDEN: mden                                                                  
|  MDCRD: cmp_heat2.mdcrd                                                       
| MDINFO: mdinfo                                                                
|  MDFRC: mdfrc                                                                 


 Here is the input file:

Stage 1 heating 1 5ps 0-100K                                                   
 &cntrl                                                                        
  imin=0, irest=1,ntx=5,                                                       
  nstlim=2500, dt=0.002,                                                       
  ntc=2, ntf=2,                                                                
  ntt=1, tautp=1.5,                                                            
  tempi=50.0, temp0=100.0,                                                     
  ntpr=50, ntwx=50,                                                            
  ntb=1,                                                                       
  cut=10,                                                                      
  /                                                                            


Note: ig = -1. Setting random seed to   934351 based on wallclock time in 
      microseconds.
 
|--------------------- INFORMATION ----------------------
| GPU (CUDA) Version of PMEMD in use: NVIDIA GPU IN USE.
|                    Version 16.0.0
| 
|                      02/25/2016
| 
| Implementation by:
|                    Ross C. Walker     (SDSC)
|                    Scott Le Grand     (nVIDIA)
| 
| Precision model in use:
|      [SPFP] - Single Precision Forces, 64-bit Fixed Point
|               Accumulation. (Default)
| 
|--------------------------------------------------------
 
|----------------- CITATION INFORMATION -----------------
|
|    When publishing work that utilized the CUDA version
|    of AMBER, please cite the following in addition to
|    the regular AMBER citations:
|
|  - Romelia Salomon-Ferrer; Andreas W. Goetz; Duncan
|    Poole; Scott Le Grand; Ross C. Walker "Routine
|    microsecond molecular dynamics simulations with
|    AMBER - Part II: Particle Mesh Ewald", J. Chem.
|    Theory Comput., 2013, 9 (9), pp3878-3888,
|    DOI: 10.1021/ct400314y.
|
|  - Andreas W. Goetz; Mark J. Williamson; Dong Xu;
|    Duncan Poole; Scott Le Grand; Ross C. Walker
|    "Routine microsecond molecular dynamics simulations
|    with AMBER - Part I: Generalized Born", J. Chem.
|    Theory Comput., 2012, 8 (5), pp1542-1555.
|
|  - Scott Le Grand; Andreas W. Goetz; Ross C. Walker
|    "SPFP: Speed without compromise - a mixed precision
|    model for GPU accelerated molecular dynamics
|    simulations.", Comp. Phys. Comm., 2013, 184
|    pp374-380, DOI: 10.1016/j.cpc.2012.09.022
|
|--------------------------------------------------------
 
|------------------- GPU DEVICE INFO --------------------
|
|            CUDA_VISIBLE_DEVICES: 0
|   CUDA Capable Devices Detected:      1
|           CUDA Device ID in use:      0
|                CUDA Device Name: Tesla V100-PCIE-32GB
|     CUDA Device Global Mem Size:  32510 MB
| CUDA Device Num Multiprocessors:     80
|           CUDA Device Core Freq:   1.38 GHz
|
|--------------------------------------------------------
 
 
| Conditional Compilation Defines Used:
| PUBFFT
| BINTRAJ
| CUDA
| EMIL

| Largest sphere to fit in unit cell has radius =    32.007

| New format PARM file being parsed.
| Version =    1.000 Date = 08/25/20 Time = 11:03:14

| Note: 1-4 EEL scale factors are being read from the topology file.

| Note: 1-4 VDW scale factors are being read from the topology file.
| Duplicated    0 dihedrals

| Duplicated    0 dihedrals

--------------------------------------------------------------------------------
   1.  RESOURCE   USE: 
--------------------------------------------------------------------------------

 getting box info from netcdf restart file
 NATOM  =   32754 NTYPES =      18 NBONH =   32031 MBONA  =     774
 NTHETH =     892 MTHETA =    1191 NPHIH =    1828 MPHIA  =    2451
 NHPARM =       0 NPARM  =       0 NNB   =   48189 NRES   =   10617
 NBONA  =     774 NTHETA =    1191 NPHIA =    2451 NUMBND =      61
 NUMANG =     127 NPTRA  =      75 NATYP =      34 NPHB   =       1
 IFBOX  =       2 NMXRS  =      33 IFCAP =       0 NEXTRA =       0
 NCOPY  =       0

| Coordinate Index Table dimensions:    12   12   12
| Direct force subcell size =     6.5333    6.5333    6.5333

     BOX TYPE: TRUNCATED OCTAHEDRON

--------------------------------------------------------------------------------
   2.  CONTROL  DATA  FOR  THE  RUN
--------------------------------------------------------------------------------

default_name                                                                    

General flags:
     imin    =       0, nmropt  =       0

Nature and format of input:
     ntx     =       5, irest   =       1, ntrx    =       1

Nature and format of output:
     ntxo    =       2, ntpr    =      50, ntrx    =       1, ntwr    =    2500
     iwrap   =       0, ntwx    =      50, ntwv    =       0, ntwe    =       0
     ioutfm  =       1, ntwprt  =       0, idecomp =       0, rbornstat=      0

Potential function:
     ntf     =       2, ntb     =       1, igb     =       0, nsnb    =      25
     ipol    =       0, gbsa    =       0, iesp    =       0
     dielc   =   1.00000, cut     =  10.00000, intdiel =   1.00000

Frozen or restrained atoms:
     ibelly  =       0, ntr     =       0

Molecular dynamics:
     nstlim  =      2500, nscm    =      1000, nrespa  =         1
     t       =   0.00000, dt      =   0.00200, vlimit  =  -1.00000

Berendsen (weak-coupling) temperature regulation:
     temp0   = 100.00000, tempi   =  50.00000, tautp   =   1.50000

SHAKE:
     ntc     =       2, jfastw  =       0
     tol     =   0.00001

| Intermolecular bonds treatment:
|     no_intermolecular_bonds =       1

| Energy averages sample interval:
|     ene_avg_sampling =      50

Ewald parameters:
     verbose =       0, ew_type =       0, nbflag  =       1, use_pme =       1
     vdwmeth =       1, eedmeth =       1, netfrc  =       1
     Box X =   78.400   Box Y =   78.400   Box Z =   78.400
     Alpha =  109.471   Beta  =  109.471   Gamma =  109.471
     NFFT1 =   80       NFFT2 =   80       NFFT3 =   80
     Cutoff=   10.000   Tol   =0.100E-04
     Ewald Coefficient =  0.27511
     Interpolation order =    4

--------------------------------------------------------------------------------
   3.  ATOMIC COORDINATES AND VELOCITIES
--------------------------------------------------------------------------------

default_name                                                                    
 begin time read from input coords =     5.000 ps

 
 Number of triangulated 3-point waters found:    10551

     Sum of charges from parm topology file =   0.00000018
     Forcing neutrality...

| Dynamic Memory, Types Used:
| Reals              964167
| Integers           796987

| Nonbonded Pairs Initial Allocation:     9907266

| GPU memory information (estimate):
| KB of GPU memory in use:    166573
| KB of CPU memory in use:     55441

--------------------------------------------------------------------------------
   4.  RESULTS
--------------------------------------------------------------------------------

 ---------------------------------------------------
 APPROXIMATING switch and d/dx switch using CUBIC SPLINE INTERPOLATION
 using   5000.0 points per unit in tabled values
 TESTING RELATIVE ERROR over r ranging from 0.0 to cutoff
| CHECK switch(x): max rel err =   0.2738E-14   at   2.422500
| CHECK d/dx switch(x): max rel err =   0.8314E-11   at   2.736960
 ---------------------------------------------------
|---------------------------------------------------
| APPROXIMATING direct energy using CUBIC SPLINE INTERPOLATION
|  with   50.0 points per unit in tabled values
| Relative Error Limit not exceeded for r .gt.   2.33
| APPROXIMATING direct force using CUBIC SPLINE INTERPOLATION
|  with   50.0 points per unit in tabled values
| Relative Error Limit not exceeded for r .gt.   2.80
|---------------------------------------------------

 NSTEP =       50   TIME(PS) =       5.100  TEMP(K) =    49.83  PRESS =     0.0
 Etot   =   -130609.1804  EKtot   =      3279.1279  EPtot      =   -133888.3083
 BOND   =        56.4447  ANGLE   =       187.3680  DIHED      =       935.0999
 1-4 NB =       263.7778  1-4 EEL =     -3908.8908  VDWAALS    =     22361.0196
 EELEC  =   -153783.1276  EHBOND  =         0.0000  RESTRAINT  =         0.0000
 ------------------------------------------------------------------------------


 NSTEP =      100   TIME(PS) =       5.200  TEMP(K) =    51.08  PRESS =     0.0
 Etot   =   -130392.6941  EKtot   =      3361.1519  EPtot      =   -133753.8459
 BOND   =        57.1942  ANGLE   =       196.2323  DIHED      =       924.6651
 1-4 NB =       261.0617  1-4 EEL =     -3904.6401  VDWAALS    =     22465.7726
 EELEC  =   -153754.1318  EHBOND  =         0.0000  RESTRAINT  =         0.0000
 ------------------------------------------------------------------------------


 NSTEP =      150   TIME(PS) =       5.300  TEMP(K) =    53.55  PRESS =     0.0
 Etot   =   -130184.5866  EKtot   =      3523.7786  EPtot      =   -133708.3652
 BOND   =        58.0096  ANGLE   =       190.8989  DIHED      =       930.0135
 1-4 NB =       264.4581  1-4 EEL =     -3906.5620  VDWAALS    =     22486.5267
 EELEC  =   -153731.7100  EHBOND  =         0.0000  RESTRAINT  =         0.0000
 ------------------------------------------------------------------------------


 NSTEP =      200   TIME(PS) =       5.400  TEMP(K) =    55.37  PRESS =     0.0
 Etot   =   -129984.3074  EKtot   =      3643.5444  EPtot      =   -133627.8519
 BOND   =        58.6705  ANGLE   =       197.6329  DIHED      =       931.9441
 1-4 NB =       262.4881  1-4 EEL =     -3918.4138  VDWAALS    =     22249.7574
 EELEC  =   -153409.9312  EHBOND  =         0.0000  RESTRAINT  =         0.0000
 ------------------------------------------------------------------------------


 NSTEP =      250   TIME(PS) =       5.500  TEMP(K) =    56.42  PRESS =     0.0
 Etot   =   -129788.7016  EKtot   =      3712.6240  EPtot      =   -133501.3256
 BOND   =        58.4733  ANGLE   =       198.5596  DIHED      =       933.1379
 1-4 NB =       255.7645  1-4 EEL =     -3918.0474  VDWAALS    =     22230.8357
 EELEC  =   -153260.0492  EHBOND  =         0.0000  RESTRAINT  =         0.0000
 ------------------------------------------------------------------------------


 NSTEP =      300   TIME(PS) =       5.600  TEMP(K) =    58.48  PRESS =     0.0
 Etot   =   -129602.3556  EKtot   =      3848.3579  EPtot      =   -133450.7135
 BOND   =        58.5215  ANGLE   =       195.7954  DIHED      =       928.0938
 1-4 NB =       266.5312  1-4 EEL =     -3899.6059  VDWAALS    =     22303.5323
 EELEC  =   -153303.5819  EHBOND  =         0.0000  RESTRAINT  =         0.0000
 ------------------------------------------------------------------------------


 NSTEP =      350   TIME(PS) =       5.700  TEMP(K) =    58.78  PRESS =     0.0
 Etot   =   -129421.5934  EKtot   =      3867.6467  EPtot      =   -133289.2402
 BOND   =        62.0632  ANGLE   =       196.3930  DIHED      =       936.0743
 1-4 NB =       263.4789  1-4 EEL =     -3914.1701  VDWAALS    =     22333.6061
 EELEC  =   -153166.6856  EHBOND  =         0.0000  RESTRAINT  =         0.0000
 ------------------------------------------------------------------------------


 NSTEP =      400   TIME(PS) =       5.800  TEMP(K) =    60.82  PRESS =     0.0
 Etot   =   -129246.6323  EKtot   =      4001.8833  EPtot      =   -133248.5156
 BOND   =        60.7210  ANGLE   =       199.1531  DIHED      =       939.5777
 1-4 NB =       264.8455  1-4 EEL =     -3921.6157  VDWAALS    =     22250.2491
 EELEC  =   -153041.4463  EHBOND  =         0.0000  RESTRAINT  =         0.0000
 ------------------------------------------------------------------------------


 NSTEP =      450   TIME(PS) =       5.900  TEMP(K) =    61.84  PRESS =     0.0
 Etot   =   -129077.5041  EKtot   =      4069.5781  EPtot      =   -133147.0823
 BOND   =        58.7961  ANGLE   =       196.2509  DIHED      =       941.1159
 1-4 NB =       264.9236  1-4 EEL =     -3909.3464  VDWAALS    =     22062.1061
 EELEC  =   -152760.9285  EHBOND  =         0.0000  RESTRAINT  =         0.0000
 ------------------------------------------------------------------------------


 NSTEP =      500   TIME(PS) =       6.000  TEMP(K) =    63.28  PRESS =     0.0
 Etot   =   -128912.6107  EKtot   =      4164.1807  EPtot      =   -133076.7914
 BOND   =        61.6021  ANGLE   =       195.5922  DIHED      =       940.8274
 1-4 NB =       264.6968  1-4 EEL =     -3910.7328  VDWAALS    =     22031.2900
 EELEC  =   -152660.0669  EHBOND  =         0.0000  RESTRAINT  =         0.0000
 ------------------------------------------------------------------------------


 NSTEP =      550   TIME(PS) =       6.100  TEMP(K) =    64.68  PRESS =     0.0
 Etot   =   -128754.6542  EKtot   =      4256.2144  EPtot      =   -133010.8686
 BOND   =        57.0080  ANGLE   =       190.8103  DIHED      =       938.9740
 1-4 NB =       268.8512  1-4 EEL =     -3904.5131  VDWAALS    =     22126.9440
 EELEC  =   -152688.9430  EHBOND  =         0.0000  RESTRAINT  =         0.0000
 ------------------------------------------------------------------------------


 NSTEP =      600   TIME(PS) =       6.200  TEMP(K) =    65.82  PRESS =     0.0
 Etot   =   -128603.7968  EKtot   =      4331.4834  EPtot      =   -132935.2802
 BOND   =        58.5369  ANGLE   =       204.2391  DIHED      =       946.4321
 1-4 NB =       264.2063  1-4 EEL =     -3902.4993  VDWAALS    =     22242.9342
 EELEC  =   -152749.1294  EHBOND  =         0.0000  RESTRAINT  =         0.0000
 ------------------------------------------------------------------------------


 NSTEP =      650   TIME(PS) =       6.300  TEMP(K) =    67.28  PRESS =     0.0
 Etot   =   -128454.7792  EKtot   =      4427.0396  EPtot      =   -132881.8187
 BOND   =        63.2341  ANGLE   =       204.2199  DIHED      =       936.5755
 1-4 NB =       256.7256  1-4 EEL =     -3911.9320  VDWAALS    =     22229.4679
 EELEC  =   -152660.1098  EHBOND  =         0.0000  RESTRAINT  =         0.0000
 ------------------------------------------------------------------------------


 NSTEP =      700   TIME(PS) =       6.400  TEMP(K) =    68.36  PRESS =     0.0
 Etot   =   -128313.6977  EKtot   =      4498.6191  EPtot      =   -132812.3169
 BOND   =        63.0232  ANGLE   =       204.1470  DIHED      =       937.8857
 1-4 NB =       260.9605  1-4 EEL =     -3911.5539  VDWAALS    =     22206.2276
 EELEC  =   -152573.0069  EHBOND  =         0.0000  RESTRAINT  =         0.0000
 ------------------------------------------------------------------------------


 NSTEP =      750   TIME(PS) =       6.500  TEMP(K) =    69.57  PRESS =     0.0
 Etot   =   -128176.1961  EKtot   =      4577.6953  EPtot      =   -132753.8914
 BOND   =        69.5301  ANGLE   =       201.0255  DIHED      =       948.7825
 1-4 NB =       265.4864  1-4 EEL =     -3921.0419  VDWAALS    =     22163.5505
 EELEC  =   -152481.2246  EHBOND  =         0.0000  RESTRAINT  =         0.0000
 ------------------------------------------------------------------------------


 NSTEP =      800   TIME(PS) =       6.600  TEMP(K) =    70.47  PRESS =     0.0
 Etot   =   -128042.8177  EKtot   =      4637.4346  EPtot      =   -132680.2523
 BOND   =        64.0420  ANGLE   =       202.3661  DIHED      =       945.2694
 1-4 NB =       267.2806  1-4 EEL =     -3913.1324  VDWAALS    =     22161.4757
 EELEC  =   -152407.5536  EHBOND  =         0.0000  RESTRAINT  =         0.0000
 ------------------------------------------------------------------------------


 NSTEP =      850   TIME(PS) =       6.700  TEMP(K) =    71.62  PRESS =     0.0
 Etot   =   -127916.0787  EKtot   =      4712.7642  EPtot      =   -132628.8429
 BOND   =        63.8555  ANGLE   =       203.2931  DIHED      =       937.1521
 1-4 NB =       260.2089  1-4 EEL =     -3907.2331  VDWAALS    =     22226.5213
 EELEC  =   -152412.6407  EHBOND  =         0.0000  RESTRAINT  =         0.0000
 ------------------------------------------------------------------------------


 NSTEP =      900   TIME(PS) =       6.800  TEMP(K) =    72.35  PRESS =     0.0
 Etot   =   -127796.0290  EKtot   =      4760.8979  EPtot      =   -132556.9270
 BOND   =        65.9977  ANGLE   =       200.2986  DIHED      =       942.1241
 1-4 NB =       267.0642  1-4 EEL =     -3909.9296  VDWAALS    =     22198.8438
 EELEC  =   -152321.3257  EHBOND  =         0.0000  RESTRAINT  =         0.0000
 ------------------------------------------------------------------------------


 NSTEP =      950   TIME(PS) =       6.900  TEMP(K) =    73.37  PRESS =     0.0
 Etot   =   -127676.6213  EKtot   =      4828.0352  EPtot      =   -132504.6565
 BOND   =        64.8778  ANGLE   =       220.2573  DIHED      =       953.3169
 1-4 NB =       263.3384  1-4 EEL =     -3919.6631  VDWAALS    =     22040.6880
 EELEC  =   -152127.4718  EHBOND  =         0.0000  RESTRAINT  =         0.0000
 ------------------------------------------------------------------------------

check COM velocity, temp:        0.000008     0.00(Removed)

 NSTEP =     1000   TIME(PS) =       7.000  TEMP(K) =    74.30  PRESS =     0.0
 Etot   =   -127563.0443  EKtot   =      4889.2461  EPtot      =   -132452.2904
 BOND   =        65.8060  ANGLE   =       209.4677  DIHED      =       951.0157
 1-4 NB =       265.1366  1-4 EEL =     -3904.3245  VDWAALS    =     22040.1807
 EELEC  =   -152079.5726  EHBOND  =         0.0000  RESTRAINT  =         0.0000
 ------------------------------------------------------------------------------


 NSTEP =     1050   TIME(PS) =       7.100  TEMP(K) =    75.30  PRESS =     0.0
 Etot   =   -127454.3265  EKtot   =      4954.8452  EPtot      =   -132409.1718
 BOND   =        66.8822  ANGLE   =       215.5863  DIHED      =       953.0272
 1-4 NB =       265.8685  1-4 EEL =     -3915.8023  VDWAALS    =     21891.8692
 EELEC  =   -151886.6029  EHBOND  =         0.0000  RESTRAINT  =         0.0000
 ------------------------------------------------------------------------------


 NSTEP =     1100   TIME(PS) =       7.200  TEMP(K) =    75.86  PRESS =     0.0
 Etot   =   -127347.7532  EKtot   =      4992.1743  EPtot      =   -132339.9275
 BOND   =        63.4966  ANGLE   =       204.8014  DIHED      =       947.5742
 1-4 NB =       259.4377  1-4 EEL =     -3913.9659  VDWAALS    =     22075.9895
 EELEC  =   -151977.2610  EHBOND  =         0.0000  RESTRAINT  =         0.0000
 ------------------------------------------------------------------------------


 NSTEP =     1150   TIME(PS) =       7.300  TEMP(K) =    77.30  PRESS =     0.0
 Etot   =   -127246.0365  EKtot   =      5086.6377  EPtot      =   -132332.6742
 BOND   =        67.0000  ANGLE   =       213.8049  DIHED      =       944.4201
 1-4 NB =       262.0226  1-4 EEL =     -3927.6335  VDWAALS    =     22110.2917
 EELEC  =   -152002.5800  EHBOND  =         0.0000  RESTRAINT  =         0.0000
 ------------------------------------------------------------------------------


 NSTEP =     1200   TIME(PS) =       7.400  TEMP(K) =    78.62  PRESS =     0.0
 Etot   =   -127149.0504  EKtot   =      5173.7783  EPtot      =   -132322.8287
 BOND   =        66.7198  ANGLE   =       215.5416  DIHED      =       937.2769
 1-4 NB =       266.5985  1-4 EEL =     -3921.7068  VDWAALS    =     22080.9759
 EELEC  =   -151968.2345  EHBOND  =         0.0000  RESTRAINT  =         0.0000
 ------------------------------------------------------------------------------


 NSTEP =     1250   TIME(PS) =       7.500  TEMP(K) =    79.20  PRESS =     0.0
 Etot   =   -127056.3714  EKtot   =      5211.4990  EPtot      =   -132267.8704
 BOND   =        64.5569  ANGLE   =       212.7403  DIHED      =       952.8210
 1-4 NB =       264.7149  1-4 EEL =     -3909.3218  VDWAALS    =     21992.7219
 EELEC  =   -151846.1035  EHBOND  =         0.0000  RESTRAINT  =         0.0000
 ------------------------------------------------------------------------------


 NSTEP =     1300   TIME(PS) =       7.600  TEMP(K) =    78.93  PRESS =     0.0
 Etot   =   -126964.7747  EKtot   =      5194.0444  EPtot      =   -132158.8191
 BOND   =        70.4878  ANGLE   =       222.9414  DIHED      =       950.1718
 1-4 NB =       261.4406  1-4 EEL =     -3932.5578  VDWAALS    =     22034.7437
 EELEC  =   -151766.0467  EHBOND  =         0.0000  RESTRAINT  =         0.0000
 ------------------------------------------------------------------------------


 NSTEP =     1350   TIME(PS) =       7.700  TEMP(K) =    80.64  PRESS =     0.0
 Etot   =   -126876.9936  EKtot   =      5306.6475  EPtot      =   -132183.6410
 BOND   =        60.9518  ANGLE   =       215.9543  DIHED      =       940.7108
 1-4 NB =       266.8864  1-4 EEL =     -3911.1001  VDWAALS    =     22106.8580
 EELEC  =   -151863.9022  EHBOND  =         0.0000  RESTRAINT  =         0.0000
 ------------------------------------------------------------------------------


 NSTEP =     1400   TIME(PS) =       7.800  TEMP(K) =    81.34  PRESS =     0.0
 Etot   =   -126792.3895  EKtot   =      5352.8130  EPtot      =   -132145.2025
 BOND   =        66.3925  ANGLE   =       226.1590  DIHED      =       941.5686
 1-4 NB =       262.4167  1-4 EEL =     -3918.2078  VDWAALS    =     22002.9737
 EELEC  =   -151726.5051  EHBOND  =         0.0000  RESTRAINT  =         0.0000
 ------------------------------------------------------------------------------


 NSTEP =     1450   TIME(PS) =       7.900  TEMP(K) =    82.13  PRESS =     0.0
 Etot   =   -126711.1768  EKtot   =      5404.3730  EPtot      =   -132115.5499
 BOND   =        67.9457  ANGLE   =       209.1897  DIHED      =       949.7145
 1-4 NB =       262.5658  1-4 EEL =     -3915.8358  VDWAALS    =     22014.3620
 EELEC  =   -151703.4918  EHBOND  =         0.0000  RESTRAINT  =         0.0000
 ------------------------------------------------------------------------------


 NSTEP =     1500   TIME(PS) =       8.000  TEMP(K) =    82.84  PRESS =     0.0
 Etot   =   -126634.3027  EKtot   =      5451.0854  EPtot      =   -132085.3881
 BOND   =        67.2081  ANGLE   =       225.7911  DIHED      =       949.1274
 1-4 NB =       265.7500  1-4 EEL =     -3910.4726  VDWAALS    =     21941.2553
 EELEC  =   -151624.0474  EHBOND  =         0.0000  RESTRAINT  =         0.0000
 ------------------------------------------------------------------------------


 NSTEP =     1550   TIME(PS) =       8.100  TEMP(K) =    83.09  PRESS =     0.0
 Etot   =   -126558.7628  EKtot   =      5467.4956  EPtot      =   -132026.2584
 BOND   =        71.0657  ANGLE   =       221.9083  DIHED      =       949.9867
 1-4 NB =       262.0847  1-4 EEL =     -3916.8361  VDWAALS    =     21773.8398
 EELEC  =   -151388.3074  EHBOND  =         0.0000  RESTRAINT  =         0.0000
 ------------------------------------------------------------------------------


 NSTEP =     1600   TIME(PS) =       8.200  TEMP(K) =    83.78  PRESS =     0.0
 Etot   =   -126485.6675  EKtot   =      5512.7871  EPtot      =   -131998.4546
 BOND   =        74.1102  ANGLE   =       216.2430  DIHED      =       947.3144
 1-4 NB =       258.9714  1-4 EEL =     -3916.7836  VDWAALS    =     21782.2793
 EELEC  =   -151360.5893  EHBOND  =         0.0000  RESTRAINT  =         0.0000
 ------------------------------------------------------------------------------


 NSTEP =     1650   TIME(PS) =       8.300  TEMP(K) =    84.09  PRESS =     0.0
 Etot   =   -126413.8096  EKtot   =      5533.4985  EPtot      =   -131947.3081
 BOND   =        69.3787  ANGLE   =       219.6424  DIHED      =       949.3853
 1-4 NB =       264.2951  1-4 EEL =     -3927.7634  VDWAALS    =     21814.4800
 EELEC  =   -151336.7263  EHBOND  =         0.0000  RESTRAINT  =         0.0000
 ------------------------------------------------------------------------------


 NSTEP =     1700   TIME(PS) =       8.400  TEMP(K) =    85.22  PRESS =     0.0
 Etot   =   -126347.8888  EKtot   =      5608.0576  EPtot      =   -131955.9465
 BOND   =        72.3624  ANGLE   =       213.7704  DIHED      =       954.1787
 1-4 NB =       268.2654  1-4 EEL =     -3925.3361  VDWAALS    =     22001.2692
 EELEC  =   -151540.4565  EHBOND  =         0.0000  RESTRAINT  =         0.0000
 ------------------------------------------------------------------------------


 NSTEP =     1750   TIME(PS) =       8.500  TEMP(K) =    85.80  PRESS =     0.0
 Etot   =   -126285.5679  EKtot   =      5645.7168  EPtot      =   -131931.2846
 BOND   =        68.8155  ANGLE   =       226.9640  DIHED      =       956.5379
 1-4 NB =       265.4874  1-4 EEL =     -3925.7449  VDWAALS    =     21870.2453
 EELEC  =   -151393.5899  EHBOND  =         0.0000  RESTRAINT  =         0.0000
 ------------------------------------------------------------------------------


 NSTEP =     1800   TIME(PS) =       8.600  TEMP(K) =    86.95  PRESS =     0.0
 Etot   =   -126224.1261  EKtot   =      5721.8325  EPtot      =   -131945.9586
 BOND   =        72.1008  ANGLE   =       219.3001  DIHED      =       949.7160
 1-4 NB =       267.4858  1-4 EEL =     -3924.7659  VDWAALS    =     21855.0101
 EELEC  =   -151384.8055  EHBOND  =         0.0000  RESTRAINT  =         0.0000
 ------------------------------------------------------------------------------


 NSTEP =     1850   TIME(PS) =       8.700  TEMP(K) =    86.83  PRESS =     0.0
 Etot   =   -126165.4256  EKtot   =      5713.6460  EPtot      =   -131879.0716
 BOND   =        67.6389  ANGLE   =       225.8803  DIHED      =       952.6978
 1-4 NB =       265.1228  1-4 EEL =     -3918.2349  VDWAALS    =     22002.0148
 EELEC  =   -151474.1912  EHBOND  =         0.0000  RESTRAINT  =         0.0000
 ------------------------------------------------------------------------------


 NSTEP =     1900   TIME(PS) =       8.800  TEMP(K) =    87.06  PRESS =     0.0
 Etot   =   -126107.1496  EKtot   =      5729.1631  EPtot      =   -131836.3126
 BOND   =        66.4890  ANGLE   =       215.2319  DIHED      =       955.5788
 1-4 NB =       262.8054  1-4 EEL =     -3911.0743  VDWAALS    =     21867.8093
 EELEC  =   -151293.1527  EHBOND  =         0.0000  RESTRAINT  =         0.0000
 ------------------------------------------------------------------------------


 NSTEP =     1950   TIME(PS) =       8.900  TEMP(K) =    87.70  PRESS =     0.0
 Etot   =   -126052.6603  EKtot   =      5770.7515  EPtot      =   -131823.4118
 BOND   =        72.2802  ANGLE   =       215.9344  DIHED      =       954.3231
 1-4 NB =       263.0319  1-4 EEL =     -3919.4783  VDWAALS    =     21883.5056
 EELEC  =   -151293.0087  EHBOND  =         0.0000  RESTRAINT  =         0.0000
 ------------------------------------------------------------------------------

check COM velocity, temp:        0.000010     0.00(Removed)

 NSTEP =     2000   TIME(PS) =       9.000  TEMP(K) =    87.67  PRESS =     0.0
 Etot   =   -125998.8848  EKtot   =      5768.8872  EPtot      =   -131767.7720
 BOND   =        71.9867  ANGLE   =       226.5377  DIHED      =       952.1942
 1-4 NB =       262.0846  1-4 EEL =     -3920.7110  VDWAALS    =     21921.7443
 EELEC  =   -151281.6085  EHBOND  =         0.0000  RESTRAINT  =         0.0000
 ------------------------------------------------------------------------------


 NSTEP =     2050   TIME(PS) =       9.100  TEMP(K) =    89.13  PRESS =     0.0
 Etot   =   -125951.8633  EKtot   =      5865.2622  EPtot      =   -131817.1255
 BOND   =        70.6520  ANGLE   =       223.6413  DIHED      =       956.4608
 1-4 NB =       263.6099  1-4 EEL =     -3927.1557  VDWAALS    =     22071.4223
 EELEC  =   -151475.7561  EHBOND  =         0.0000  RESTRAINT  =         0.0000
 ------------------------------------------------------------------------------


 NSTEP =     2100   TIME(PS) =       9.200  TEMP(K) =    88.90  PRESS =     0.0
 Etot   =   -125904.3243  EKtot   =      5849.6572  EPtot      =   -131753.9815
 BOND   =        71.8230  ANGLE   =       207.4392  DIHED      =       945.6557
 1-4 NB =       268.1157  1-4 EEL =     -3890.4037  VDWAALS    =     21825.4041
 EELEC  =   -151182.0156  EHBOND  =         0.0000  RESTRAINT  =         0.0000
 ------------------------------------------------------------------------------


 NSTEP =     2150   TIME(PS) =       9.300  TEMP(K) =    88.76  PRESS =     0.0
 Etot   =   -125855.5483  EKtot   =      5840.9526  EPtot      =   -131696.5009
 BOND   =        78.1850  ANGLE   =       234.7243  DIHED      =       954.0441
 1-4 NB =       260.4263  1-4 EEL =     -3925.7610  VDWAALS    =     21777.5495
 EELEC  =   -151075.6691  EHBOND  =         0.0000  RESTRAINT  =         0.0000
 ------------------------------------------------------------------------------


 NSTEP =     2200   TIME(PS) =       9.400  TEMP(K) =    89.81  PRESS =     0.0
 Etot   =   -125813.1938  EKtot   =      5910.0054  EPtot      =   -131723.1991
 BOND   =        74.1989  ANGLE   =       225.3689  DIHED      =       947.1380
 1-4 NB =       265.3061  1-4 EEL =     -3926.1835  VDWAALS    =     21850.5600
 EELEC  =   -151159.5874  EHBOND  =         0.0000  RESTRAINT  =         0.0000
 ------------------------------------------------------------------------------


 NSTEP =     2250   TIME(PS) =       9.500  TEMP(K) =    90.15  PRESS =     0.0
 Etot   =   -125768.8566  EKtot   =      5932.0039  EPtot      =   -131700.8606
 BOND   =        76.3127  ANGLE   =       230.6609  DIHED      =       947.1321
 1-4 NB =       268.0647  1-4 EEL =     -3920.5854  VDWAALS    =     21846.4872
 EELEC  =   -151148.9327  EHBOND  =         0.0000  RESTRAINT  =         0.0000
 ------------------------------------------------------------------------------


 NSTEP =     2300   TIME(PS) =       9.600  TEMP(K) =    91.52  PRESS =     0.0
 Etot   =   -125728.0505  EKtot   =      6022.1509  EPtot      =   -131750.2014
 BOND   =        71.4104  ANGLE   =       220.7426  DIHED      =       946.5523
 1-4 NB =       262.0163  1-4 EEL =     -3909.1688  VDWAALS    =     21935.4365
 EELEC  =   -151277.1907  EHBOND  =         0.0000  RESTRAINT  =         0.0000
 ------------------------------------------------------------------------------


 NSTEP =     2350   TIME(PS) =       9.700  TEMP(K) =    90.52  PRESS =     0.0
 Etot   =   -125688.1525  EKtot   =      5956.6953  EPtot      =   -131644.8478
 BOND   =        68.9035  ANGLE   =       227.0328  DIHED      =       958.8709
 1-4 NB =       266.0301  1-4 EEL =     -3915.5253  VDWAALS    =     21947.5103
 EELEC  =   -151197.6701  EHBOND  =         0.0000  RESTRAINT  =         0.0000
 ------------------------------------------------------------------------------


 NSTEP =     2400   TIME(PS) =       9.800  TEMP(K) =    91.40  PRESS =     0.0
 Etot   =   -125650.3040  EKtot   =      6014.5435  EPtot      =   -131664.8475
 BOND   =        72.9679  ANGLE   =       233.3495  DIHED      =       946.8712
 1-4 NB =       263.5118  1-4 EEL =     -3926.9210  VDWAALS    =     21960.5626
 EELEC  =   -151215.1896  EHBOND  =         0.0000  RESTRAINT  =         0.0000
 ------------------------------------------------------------------------------


 NSTEP =     2450   TIME(PS) =       9.900  TEMP(K) =    92.14  PRESS =     0.0
 Etot   =   -125614.5399  EKtot   =      6063.4219  EPtot      =   -131677.9618
 BOND   =        76.1695  ANGLE   =       234.2807  DIHED      =       947.6679
 1-4 NB =       268.3498  1-4 EEL =     -3922.8671  VDWAALS    =     21926.6964
 EELEC  =   -151208.2588  EHBOND  =         0.0000  RESTRAINT  =         0.0000
 ------------------------------------------------------------------------------


 NSTEP =     2500   TIME(PS) =      10.000  TEMP(K) =    92.49  PRESS =     0.0
 Etot   =   -125580.4150  EKtot   =      6086.0996  EPtot      =   -131666.5146
 BOND   =        79.1802  ANGLE   =       232.1815  DIHED      =       946.4414
 1-4 NB =       268.9422  1-4 EEL =     -3939.9399  VDWAALS    =     21735.0390
 EELEC  =   -150988.3589  EHBOND  =         0.0000  RESTRAINT  =         0.0000
 ------------------------------------------------------------------------------


      A V E R A G E S   O V E R      50 S T E P S


 NSTEP =     2500   TIME(PS) =      10.000  TEMP(K) =    76.45  PRESS =     0.0
 Etot   =   -127378.9250  EKtot   =      5030.6366  EPtot      =   -132409.5615
 BOND   =        66.6816  ANGLE   =       212.5469  DIHED      =       945.2647
 1-4 NB =       264.0599  1-4 EEL =     -3916.1138  VDWAALS    =     22046.2487
 EELEC  =   -152028.2495  EHBOND  =         0.0000  RESTRAINT  =         0.0000
 ------------------------------------------------------------------------------


      R M S  F L U C T U A T I O N S


 NSTEP =     2500   TIME(PS) =      10.000  TEMP(K) =    12.29  PRESS =     0.0
 Etot   =      1456.7329  EKtot   =       808.6914  EPtot      =       649.3947
 BOND   =         5.8906  ANGLE   =        12.9264  DIHED      =         7.9224
 1-4 NB =         2.9610  1-4 EEL =         9.0553  VDWAALS    =       182.0115
 EELEC  =       793.6450  EHBOND  =         0.0000  RESTRAINT  =         0.0000
 ------------------------------------------------------------------------------

--------------------------------------------------------------------------------
   5.  TIMINGS
--------------------------------------------------------------------------------

|  NonSetup CPU Time in Major Routines:
|
|     Routine           Sec        %
|     ------------------------------
|     Nonbond           2.31    9.54
|     Bond              0.00    0.00
|     Angle             0.00    0.00
|     Dihedral          0.00    0.00
|     Shake             0.02    0.07
|     RunMD            21.86   90.37
|     Other             0.01    0.03
|     ------------------------------
|     Total            24.19

|  PME Nonbond Pairlist CPU Time:
|
|     Routine              Sec        %
|     ---------------------------------
|     Set Up Cit           0.00    0.00
|     Build List           0.00    0.00
|     ---------------------------------
|     Total                0.00    0.00

|  PME Direct Force CPU Time:
|
|     Routine              Sec        %
|     ---------------------------------
|     NonBonded Calc       0.00    0.00
|     Exclude Masked       0.00    0.00
|     Other                0.00    0.02
|     ---------------------------------
|     Total                0.00    0.02

|  PME Reciprocal Force CPU Time:
|
|     Routine              Sec        %
|     ---------------------------------
|     1D bspline           0.00    0.00
|     Grid Charges         0.00    0.00
|     Scalar Sum           0.00    0.00
|     Gradient Sum         0.00    0.00
|     FFT                  0.00    0.00
|     ---------------------------------
|     Total                0.00    0.00

|  Final Performance Info:
|     -----------------------------------------------------
|     Average timings for last    2450 steps:
|     Elapsed(s) =      24.42 Per Step(ms) =       9.97
|         ns/day =      17.34   seconds/ns =    4983.80
|
|     Average timings for all steps:
|     Elapsed(s) =      24.93 Per Step(ms) =       9.97
|         ns/day =      17.33   seconds/ns =    4986.30
|     -----------------------------------------------------

|  Setup CPU time:            1.75 seconds
|  NonSetup CPU time:        24.19 seconds
|  Total CPU time:           25.94 seconds     0.01 hours

|  Setup wall time:           2    seconds
|  NonSetup wall time:       25    seconds
|  Total wall time:          27    seconds     0.01 hours
