
          -------------------------------------------------------
          Amber 16 PMEMD                              2016
          -------------------------------------------------------

| PMEMD implementation of SANDER, Release 16

| Run on 06/04/2024 at 22:39:13

|   Executable path: pmemd.cuda
| Working directory: /home/students/keyq/fuben4/7/7LA
|          Hostname: master

  [-O]verwriting output

File Assignments:
|   MDIN: heat6.in                                                              
|  MDOUT: cmp_heat6.out                                                         
| INPCRD: cmp_heat5.rst                                                         
|   PARM: cmp.prmtop                                                            
| RESTRT: cmp_heat6.rst                                                         
|   REFC: cmp.inpcrd                                                            
|  MDVEL: mdvel                                                                 
|   MDEN: mden                                                                  
|  MDCRD: cmp_heat6.mdcrd                                                       
| MDINFO: mdinfo                                                                
|  MDFRC: mdfrc                                                                 


 Here is the input file:

Stage 2 equilibration 1 0-5ns                                                  
 &cntrl                                                                        
  imin=0, irest=1, ntx=5,                                                      
  nstlim=6000, dt=0.002,                                                       
  ntc=2, ntf=2,                                                                
  ntt=1, tautp=1.5,                                                            
  tempi=255.0, temp0=310.0,                                                    
  ntpr=50, ntwx=50,                                                            
  ntb=1,                                                                       
  cut=10,                                                                      
 /                                                                             


Note: ig = -1. Setting random seed to   984455 based on wallclock time in 
      microseconds.
 
|--------------------- INFORMATION ----------------------
| GPU (CUDA) Version of PMEMD in use: NVIDIA GPU IN USE.
|                    Version 16.0.0
| 
|                      02/25/2016
| 
| Implementation by:
|                    Ross C. Walker     (SDSC)
|                    Scott Le Grand     (nVIDIA)
| 
| Precision model in use:
|      [SPFP] - Single Precision Forces, 64-bit Fixed Point
|               Accumulation. (Default)
| 
|--------------------------------------------------------
 
|----------------- CITATION INFORMATION -----------------
|
|    When publishing work that utilized the CUDA version
|    of AMBER, please cite the following in addition to
|    the regular AMBER citations:
|
|  - Romelia Salomon-Ferrer; Andreas W. Goetz; Duncan
|    Poole; Scott Le Grand; Ross C. Walker "Routine
|    microsecond molecular dynamics simulations with
|    AMBER - Part II: Particle Mesh Ewald", J. Chem.
|    Theory Comput., 2013, 9 (9), pp3878-3888,
|    DOI: 10.1021/ct400314y.
|
|  - Andreas W. Goetz; Mark J. Williamson; Dong Xu;
|    Duncan Poole; Scott Le Grand; Ross C. Walker
|    "Routine microsecond molecular dynamics simulations
|    with AMBER - Part I: Generalized Born", J. Chem.
|    Theory Comput., 2012, 8 (5), pp1542-1555.
|
|  - Scott Le Grand; Andreas W. Goetz; Ross C. Walker
|    "SPFP: Speed without compromise - a mixed precision
|    model for GPU accelerated molecular dynamics
|    simulations.", Comp. Phys. Comm., 2013, 184
|    pp374-380, DOI: 10.1016/j.cpc.2012.09.022
|
|--------------------------------------------------------
 
|------------------- GPU DEVICE INFO --------------------
|
|            CUDA_VISIBLE_DEVICES: 0
|   CUDA Capable Devices Detected:      1
|           CUDA Device ID in use:      0
|                CUDA Device Name: Tesla V100-PCIE-32GB
|     CUDA Device Global Mem Size:  32510 MB
| CUDA Device Num Multiprocessors:     80
|           CUDA Device Core Freq:   1.38 GHz
|
|--------------------------------------------------------
 
 
| Conditional Compilation Defines Used:
| PUBFFT
| BINTRAJ
| CUDA
| EMIL

| Largest sphere to fit in unit cell has radius =    32.007

| New format PARM file being parsed.
| Version =    1.000 Date = 08/25/20 Time = 11:03:14

| Note: 1-4 EEL scale factors are being read from the topology file.

| Note: 1-4 VDW scale factors are being read from the topology file.
| Duplicated    0 dihedrals

| Duplicated    0 dihedrals

--------------------------------------------------------------------------------
   1.  RESOURCE   USE: 
--------------------------------------------------------------------------------

 getting box info from netcdf restart file
 NATOM  =   32754 NTYPES =      18 NBONH =   32031 MBONA  =     774
 NTHETH =     892 MTHETA =    1191 NPHIH =    1828 MPHIA  =    2451
 NHPARM =       0 NPARM  =       0 NNB   =   48189 NRES   =   10617
 NBONA  =     774 NTHETA =    1191 NPHIA =    2451 NUMBND =      61
 NUMANG =     127 NPTRA  =      75 NATYP =      34 NPHB   =       1
 IFBOX  =       2 NMXRS  =      33 IFCAP =       0 NEXTRA =       0
 NCOPY  =       0

| Coordinate Index Table dimensions:    12   12   12
| Direct force subcell size =     6.5333    6.5333    6.5333

     BOX TYPE: TRUNCATED OCTAHEDRON

--------------------------------------------------------------------------------
   2.  CONTROL  DATA  FOR  THE  RUN
--------------------------------------------------------------------------------

default_name                                                                    

General flags:
     imin    =       0, nmropt  =       0

Nature and format of input:
     ntx     =       5, irest   =       1, ntrx    =       1

Nature and format of output:
     ntxo    =       2, ntpr    =      50, ntrx    =       1, ntwr    =    6000
     iwrap   =       0, ntwx    =      50, ntwv    =       0, ntwe    =       0
     ioutfm  =       1, ntwprt  =       0, idecomp =       0, rbornstat=      0

Potential function:
     ntf     =       2, ntb     =       1, igb     =       0, nsnb    =      25
     ipol    =       0, gbsa    =       0, iesp    =       0
     dielc   =   1.00000, cut     =  10.00000, intdiel =   1.00000

Frozen or restrained atoms:
     ibelly  =       0, ntr     =       0

Molecular dynamics:
     nstlim  =      6000, nscm    =      1000, nrespa  =         1
     t       =   0.00000, dt      =   0.00200, vlimit  =  -1.00000

Berendsen (weak-coupling) temperature regulation:
     temp0   = 310.00000, tempi   = 255.00000, tautp   =   1.50000

SHAKE:
     ntc     =       2, jfastw  =       0
     tol     =   0.00001

| Intermolecular bonds treatment:
|     no_intermolecular_bonds =       1

| Energy averages sample interval:
|     ene_avg_sampling =      50

Ewald parameters:
     verbose =       0, ew_type =       0, nbflag  =       1, use_pme =       1
     vdwmeth =       1, eedmeth =       1, netfrc  =       1
     Box X =   78.400   Box Y =   78.400   Box Z =   78.400
     Alpha =  109.471   Beta  =  109.471   Gamma =  109.471
     NFFT1 =   80       NFFT2 =   80       NFFT3 =   80
     Cutoff=   10.000   Tol   =0.100E-04
     Ewald Coefficient =  0.27511
     Interpolation order =    4

--------------------------------------------------------------------------------
   3.  ATOMIC COORDINATES AND VELOCITIES
--------------------------------------------------------------------------------

default_name                                                                    
 begin time read from input coords =    28.000 ps

 
 Number of triangulated 3-point waters found:    10551

     Sum of charges from parm topology file =   0.00000018
     Forcing neutrality...

| Dynamic Memory, Types Used:
| Reals              964167
| Integers           796987

| Nonbonded Pairs Initial Allocation:     9907266

| GPU memory information (estimate):
| KB of GPU memory in use:    166573
| KB of CPU memory in use:     55441

--------------------------------------------------------------------------------
   4.  RESULTS
--------------------------------------------------------------------------------

 ---------------------------------------------------
 APPROXIMATING switch and d/dx switch using CUBIC SPLINE INTERPOLATION
 using   5000.0 points per unit in tabled values
 TESTING RELATIVE ERROR over r ranging from 0.0 to cutoff
| CHECK switch(x): max rel err =   0.2738E-14   at   2.422500
| CHECK d/dx switch(x): max rel err =   0.8314E-11   at   2.736960
 ---------------------------------------------------
|---------------------------------------------------
| APPROXIMATING direct energy using CUBIC SPLINE INTERPOLATION
|  with   50.0 points per unit in tabled values
| Relative Error Limit not exceeded for r .gt.   2.33
| APPROXIMATING direct force using CUBIC SPLINE INTERPOLATION
|  with   50.0 points per unit in tabled values
| Relative Error Limit not exceeded for r .gt.   2.80
|---------------------------------------------------

 NSTEP =       50   TIME(PS) =      28.100  TEMP(K) =   243.29  PRESS =     0.0
 Etot   =   -101216.6370  EKtot   =     16009.4922  EPtot      =   -117226.1292
 BOND   =       218.2416  ANGLE   =       452.0106  DIHED      =      1000.5292
 1-4 NB =       279.8838  1-4 EEL =     -3922.0646  VDWAALS    =     16640.0595
 EELEC  =   -131894.7892  EHBOND  =         0.0000  RESTRAINT  =         0.0000
 ------------------------------------------------------------------------------


 NSTEP =      100   TIME(PS) =      28.200  TEMP(K) =   244.42  PRESS =     0.0
 Etot   =   -100929.9185  EKtot   =     16084.0645  EPtot      =   -117013.9830
 BOND   =       216.0453  ANGLE   =       480.7355  DIHED      =       996.9746
 1-4 NB =       272.7866  1-4 EEL =     -3930.1181  VDWAALS    =     16669.7759
 EELEC  =   -131720.1829  EHBOND  =         0.0000  RESTRAINT  =         0.0000
 ------------------------------------------------------------------------------


 NSTEP =      150   TIME(PS) =      28.300  TEMP(K) =   246.30  PRESS =     0.0
 Etot   =   -100649.7420  EKtot   =     16207.3184  EPtot      =   -116857.0603
 BOND   =       222.8819  ANGLE   =       467.8526  DIHED      =       992.2305
 1-4 NB =       288.4543  1-4 EEL =     -3922.9435  VDWAALS    =     16322.9604
 EELEC  =   -131228.4965  EHBOND  =         0.0000  RESTRAINT  =         0.0000
 ------------------------------------------------------------------------------


 NSTEP =      200   TIME(PS) =      28.400  TEMP(K) =   247.20  PRESS =     0.0
 Etot   =   -100376.7612  EKtot   =     16266.7217  EPtot      =   -116643.4829
 BOND   =       206.3045  ANGLE   =       476.8478  DIHED      =      1003.7217
 1-4 NB =       284.5505  1-4 EEL =     -3940.9618  VDWAALS    =     16305.3097
 EELEC  =   -130979.2553  EHBOND  =         0.0000  RESTRAINT  =         0.0000
 ------------------------------------------------------------------------------


 NSTEP =      250   TIME(PS) =      28.500  TEMP(K) =   250.10  PRESS =     0.0
 Etot   =   -100111.2625  EKtot   =     16457.4531  EPtot      =   -116568.7156
 BOND   =       240.6398  ANGLE   =       468.6169  DIHED      =       996.6126
 1-4 NB =       281.6118  1-4 EEL =     -3956.6939  VDWAALS    =     16373.9034
 EELEC  =   -130973.4063  EHBOND  =         0.0000  RESTRAINT  =         0.0000
 ------------------------------------------------------------------------------


 NSTEP =      300   TIME(PS) =      28.600  TEMP(K) =   248.65  PRESS =     0.0
 Etot   =    -99847.6125  EKtot   =     16361.8164  EPtot      =   -116209.4289
 BOND   =       210.7315  ANGLE   =       479.1351  DIHED      =      1014.7844
 1-4 NB =       276.7403  1-4 EEL =     -3937.8673  VDWAALS    =     16028.2272
 EELEC  =   -130281.1801  EHBOND  =         0.0000  RESTRAINT  =         0.0000
 ------------------------------------------------------------------------------


 NSTEP =      350   TIME(PS) =      28.700  TEMP(K) =   251.60  PRESS =     0.0
 Etot   =    -99586.8835  EKtot   =     16556.0586  EPtot      =   -116142.9421
 BOND   =       237.8903  ANGLE   =       440.0485  DIHED      =      1023.7182
 1-4 NB =       286.8547  1-4 EEL =     -3900.2479  VDWAALS    =     16160.9689
 EELEC  =   -130392.1747  EHBOND  =         0.0000  RESTRAINT  =         0.0000
 ------------------------------------------------------------------------------


 NSTEP =      400   TIME(PS) =      28.800  TEMP(K) =   252.18  PRESS =     0.0
 Etot   =    -99333.3119  EKtot   =     16594.5996  EPtot      =   -115927.9115
 BOND   =       210.7145  ANGLE   =       466.2268  DIHED      =      1002.2176
 1-4 NB =       285.7365  1-4 EEL =     -3937.0041  VDWAALS    =     16302.3799
 EELEC  =   -130258.1826  EHBOND  =         0.0000  RESTRAINT  =         0.0000
 ------------------------------------------------------------------------------


 NSTEP =      450   TIME(PS) =      28.900  TEMP(K) =   254.09  PRESS =     0.0
 Etot   =    -99087.1819  EKtot   =     16720.1895  EPtot      =   -115807.3713
 BOND   =       221.3838  ANGLE   =       464.7429  DIHED      =      1004.5676
 1-4 NB =       286.8310  1-4 EEL =     -3939.4827  VDWAALS    =     15904.0255
 EELEC  =   -129749.4394  EHBOND  =         0.0000  RESTRAINT  =         0.0000
 ------------------------------------------------------------------------------


 NSTEP =      500   TIME(PS) =      29.000  TEMP(K) =   254.47  PRESS =     0.0
 Etot   =    -98840.6836  EKtot   =     16745.2422  EPtot      =   -115585.9257
 BOND   =       209.2615  ANGLE   =       465.2907  DIHED      =       990.9669
 1-4 NB =       278.7497  1-4 EEL =     -3904.6545  VDWAALS    =     15836.0926
 EELEC  =   -129461.6326  EHBOND  =         0.0000  RESTRAINT  =         0.0000
 ------------------------------------------------------------------------------


 NSTEP =      550   TIME(PS) =      29.100  TEMP(K) =   255.08  PRESS =     0.0
 Etot   =    -98597.3167  EKtot   =     16785.1133  EPtot      =   -115382.4300
 BOND   =       231.7024  ANGLE   =       486.2274  DIHED      =       980.7855
 1-4 NB =       276.1574  1-4 EEL =     -3923.2793  VDWAALS    =     15833.7881
 EELEC  =   -129267.8114  EHBOND  =         0.0000  RESTRAINT  =         0.0000
 ------------------------------------------------------------------------------


 NSTEP =      600   TIME(PS) =      29.200  TEMP(K) =   257.64  PRESS =     0.0
 Etot   =    -98362.1845  EKtot   =     16953.6035  EPtot      =   -115315.7880
 BOND   =       225.5982  ANGLE   =       477.7489  DIHED      =       983.2720
 1-4 NB =       284.7901  1-4 EEL =     -3944.0454  VDWAALS    =     15938.7124
 EELEC  =   -129281.8642  EHBOND  =         0.0000  RESTRAINT  =         0.0000
 ------------------------------------------------------------------------------


 NSTEP =      650   TIME(PS) =      29.300  TEMP(K) =   259.22  PRESS =     0.0
 Etot   =    -98138.5832  EKtot   =     17057.5684  EPtot      =   -115196.1516
 BOND   =       220.0433  ANGLE   =       469.1814  DIHED      =       985.7271
 1-4 NB =       284.9641  1-4 EEL =     -3935.8977  VDWAALS    =     16100.7872
 EELEC  =   -129320.9569  EHBOND  =         0.0000  RESTRAINT  =         0.0000
 ------------------------------------------------------------------------------


 NSTEP =      700   TIME(PS) =      29.400  TEMP(K) =   260.88  PRESS =     0.0
 Etot   =    -97920.4214  EKtot   =     17166.9902  EPtot      =   -115087.4116
 BOND   =       247.0679  ANGLE   =       470.5593  DIHED      =      1005.7990
 1-4 NB =       284.7338  1-4 EEL =     -3933.5264  VDWAALS    =     15943.8703
 EELEC  =   -129105.9154  EHBOND  =         0.0000  RESTRAINT  =         0.0000
 ------------------------------------------------------------------------------


 NSTEP =      750   TIME(PS) =      29.500  TEMP(K) =   258.54  PRESS =     0.0
 Etot   =    -97702.1473  EKtot   =     17012.8379  EPtot      =   -114714.9852
 BOND   =       234.9417  ANGLE   =       496.7134  DIHED      =       990.9641
 1-4 NB =       294.9562  1-4 EEL =     -3961.9027  VDWAALS    =     15666.1797
 EELEC  =   -128436.8376  EHBOND  =         0.0000  RESTRAINT  =         0.0000
 ------------------------------------------------------------------------------


 NSTEP =      800   TIME(PS) =      29.600  TEMP(K) =   262.62  PRESS =     0.0
 Etot   =    -97490.3336  EKtot   =     17281.5273  EPtot      =   -114771.8609
 BOND   =       232.4776  ANGLE   =       490.6860  DIHED      =       998.4350
 1-4 NB =       282.7922  1-4 EEL =     -3942.0895  VDWAALS    =     15724.8633
 EELEC  =   -128559.0255  EHBOND  =         0.0000  RESTRAINT  =         0.0000
 ------------------------------------------------------------------------------


 NSTEP =      850   TIME(PS) =      29.700  TEMP(K) =   261.55  PRESS =     0.0
 Etot   =    -97278.4982  EKtot   =     17210.7676  EPtot      =   -114489.2658
 BOND   =       237.3520  ANGLE   =       493.5437  DIHED      =       985.1728
 1-4 NB =       280.4110  1-4 EEL =     -3928.4972  VDWAALS    =     15797.3805
 EELEC  =   -128354.6286  EHBOND  =         0.0000  RESTRAINT  =         0.0000
 ------------------------------------------------------------------------------


 NSTEP =      900   TIME(PS) =      29.800  TEMP(K) =   263.76  PRESS =     0.0
 Etot   =    -97079.2003  EKtot   =     17356.4609  EPtot      =   -114435.6612
 BOND   =       228.0058  ANGLE   =       504.1410  DIHED      =       990.6895
 1-4 NB =       276.2929  1-4 EEL =     -3934.0768  VDWAALS    =     15501.1687
 EELEC  =   -128001.8822  EHBOND  =         0.0000  RESTRAINT  =         0.0000
 ------------------------------------------------------------------------------


 NSTEP =      950   TIME(PS) =      29.900  TEMP(K) =   264.32  PRESS =     0.0
 Etot   =    -96872.5529  EKtot   =     17393.1934  EPtot      =   -114265.7463
 BOND   =       248.1654  ANGLE   =       473.9707  DIHED      =      1005.2765
 1-4 NB =       280.4905  1-4 EEL =     -3939.1281  VDWAALS    =     15494.2892
 EELEC  =   -127828.8106  EHBOND  =         0.0000  RESTRAINT  =         0.0000
 ------------------------------------------------------------------------------

check COM velocity, temp:        0.000008     0.00(Removed)

 NSTEP =     1000   TIME(PS) =      30.000  TEMP(K) =   265.39  PRESS =     0.0
 Etot   =    -96676.6770  EKtot   =     17463.9453  EPtot      =   -114140.6223
 BOND   =       236.0483  ANGLE   =       494.3297  DIHED      =       996.1502
 1-4 NB =       283.8570  1-4 EEL =     -3922.6399  VDWAALS    =     15310.1297
 EELEC  =   -127538.4973  EHBOND  =         0.0000  RESTRAINT  =         0.0000
 ------------------------------------------------------------------------------


 NSTEP =     1050   TIME(PS) =      30.100  TEMP(K) =   266.29  PRESS =     0.0
 Etot   =    -96484.5269  EKtot   =     17522.7617  EPtot      =   -114007.2886
 BOND   =       244.7044  ANGLE   =       481.7710  DIHED      =       992.9216
 1-4 NB =       279.9017  1-4 EEL =     -3967.6073  VDWAALS    =     15497.1611
 EELEC  =   -127536.1410  EHBOND  =         0.0000  RESTRAINT  =         0.0000
 ------------------------------------------------------------------------------


 NSTEP =     1100   TIME(PS) =      30.200  TEMP(K) =   266.58  PRESS =     0.0
 Etot   =    -96291.5391  EKtot   =     17541.9727  EPtot      =   -113833.5117
 BOND   =       251.3594  ANGLE   =       509.3499  DIHED      =      1002.1594
 1-4 NB =       274.7234  1-4 EEL =     -3942.5344  VDWAALS    =     15351.4570
 EELEC  =   -127280.0266  EHBOND  =         0.0000  RESTRAINT  =         0.0000
 ------------------------------------------------------------------------------


 NSTEP =     1150   TIME(PS) =      30.300  TEMP(K) =   265.18  PRESS =     0.0
 Etot   =    -96101.1647  EKtot   =     17449.7812  EPtot      =   -113550.9459
 BOND   =       245.9475  ANGLE   =       475.0755  DIHED      =      1004.2948
 1-4 NB =       291.3929  1-4 EEL =     -3955.1181  VDWAALS    =     15600.4676
 EELEC  =   -127213.0061  EHBOND  =         0.0000  RESTRAINT  =         0.0000
 ------------------------------------------------------------------------------


 NSTEP =     1200   TIME(PS) =      30.400  TEMP(K) =   269.39  PRESS =     0.0
 Etot   =    -95916.9423  EKtot   =     17727.0918  EPtot      =   -113644.0341
 BOND   =       262.2511  ANGLE   =       487.2546  DIHED      =       986.4072
 1-4 NB =       278.4060  1-4 EEL =     -3921.7768  VDWAALS    =     15439.4162
 EELEC  =   -127175.9923  EHBOND  =         0.0000  RESTRAINT  =         0.0000
 ------------------------------------------------------------------------------


 NSTEP =     1250   TIME(PS) =      30.500  TEMP(K) =   270.25  PRESS =     0.0
 Etot   =    -95743.6399  EKtot   =     17783.2891  EPtot      =   -113526.9290
 BOND   =       227.9986  ANGLE   =       517.3989  DIHED      =       999.6492
 1-4 NB =       285.8783  1-4 EEL =     -3932.6865  VDWAALS    =     15203.3093
 EELEC  =   -126828.4768  EHBOND  =         0.0000  RESTRAINT  =         0.0000
 ------------------------------------------------------------------------------


 NSTEP =     1300   TIME(PS) =      30.600  TEMP(K) =   271.99  PRESS =     0.0
 Etot   =    -95571.9547  EKtot   =     17898.3145  EPtot      =   -113470.2691
 BOND   =       253.7406  ANGLE   =       500.7806  DIHED      =      1004.2999
 1-4 NB =       276.4065  1-4 EEL =     -3943.3460  VDWAALS    =     15194.9318
 EELEC  =   -126757.0825  EHBOND  =         0.0000  RESTRAINT  =         0.0000
 ------------------------------------------------------------------------------


 NSTEP =     1350   TIME(PS) =      30.700  TEMP(K) =   271.54  PRESS =     0.0
 Etot   =    -95399.3979  EKtot   =     17868.2969  EPtot      =   -113267.6948
 BOND   =       243.6254  ANGLE   =       513.6340  DIHED      =      1000.2891
 1-4 NB =       286.2942  1-4 EEL =     -3930.1442  VDWAALS    =     15264.9982
 EELEC  =   -126646.3915  EHBOND  =         0.0000  RESTRAINT  =         0.0000
 ------------------------------------------------------------------------------


 NSTEP =     1400   TIME(PS) =      30.800  TEMP(K) =   271.82  PRESS =     0.0
 Etot   =    -95233.8401  EKtot   =     17887.0234  EPtot      =   -113120.8635
 BOND   =       238.0057  ANGLE   =       501.7006  DIHED      =       993.7060
 1-4 NB =       281.7288  1-4 EEL =     -3921.1538  VDWAALS    =     15264.8800
 EELEC  =   -126479.7308  EHBOND  =         0.0000  RESTRAINT  =         0.0000
 ------------------------------------------------------------------------------


 NSTEP =     1450   TIME(PS) =      30.900  TEMP(K) =   270.74  PRESS =     0.0
 Etot   =    -95070.5223  EKtot   =     17816.0586  EPtot      =   -112886.5809
 BOND   =       230.1020  ANGLE   =       507.5309  DIHED      =       991.0588
 1-4 NB =       279.1230  1-4 EEL =     -3918.0683  VDWAALS    =     15388.6254
 EELEC  =   -126364.9526  EHBOND  =         0.0000  RESTRAINT  =         0.0000
 ------------------------------------------------------------------------------


 NSTEP =     1500   TIME(PS) =      31.000  TEMP(K) =   273.80  PRESS =     0.0
 Etot   =    -94907.4082  EKtot   =     18016.9570  EPtot      =   -112924.3652
 BOND   =       232.6297  ANGLE   =       518.2602  DIHED      =       994.5429
 1-4 NB =       283.1279  1-4 EEL =     -3936.7911  VDWAALS    =     15380.2638
 EELEC  =   -126396.3986  EHBOND  =         0.0000  RESTRAINT  =         0.0000
 ------------------------------------------------------------------------------


 NSTEP =     1550   TIME(PS) =      31.100  TEMP(K) =   273.18  PRESS =     0.0
 Etot   =    -94745.7469  EKtot   =     17976.2617  EPtot      =   -112722.0086
 BOND   =       237.8985  ANGLE   =       519.9209  DIHED      =       987.5954
 1-4 NB =       282.0177  1-4 EEL =     -3943.3268  VDWAALS    =     14953.7612
 EELEC  =   -125759.8756  EHBOND  =         0.0000  RESTRAINT  =         0.0000
 ------------------------------------------------------------------------------


 NSTEP =     1600   TIME(PS) =      31.200  TEMP(K) =   274.69  PRESS =     0.0
 Etot   =    -94590.1815  EKtot   =     18075.8457  EPtot      =   -112666.0272
 BOND   =       230.7397  ANGLE   =       495.0615  DIHED      =       995.1937
 1-4 NB =       293.1683  1-4 EEL =     -3911.5692  VDWAALS    =     15050.3692
 EELEC  =   -125818.9904  EHBOND  =         0.0000  RESTRAINT  =         0.0000
 ------------------------------------------------------------------------------


 NSTEP =     1650   TIME(PS) =      31.300  TEMP(K) =   275.04  PRESS =     0.0
 Etot   =    -94432.9754  EKtot   =     18098.7305  EPtot      =   -112531.7059
 BOND   =       253.6813  ANGLE   =       494.7988  DIHED      =       991.0708
 1-4 NB =       278.0207  1-4 EEL =     -3926.8544  VDWAALS    =     14939.1135
 EELEC  =   -125561.5365  EHBOND  =         0.0000  RESTRAINT  =         0.0000
 ------------------------------------------------------------------------------


 NSTEP =     1700   TIME(PS) =      31.400  TEMP(K) =   275.67  PRESS =     0.0
 Etot   =    -94284.6747  EKtot   =     18140.4082  EPtot      =   -112425.0830
 BOND   =       242.6699  ANGLE   =       528.9898  DIHED      =       989.0737
 1-4 NB =       288.9188  1-4 EEL =     -3939.0786  VDWAALS    =     15193.4114
 EELEC  =   -125729.0680  EHBOND  =         0.0000  RESTRAINT  =         0.0000
 ------------------------------------------------------------------------------


 NSTEP =     1750   TIME(PS) =      31.500  TEMP(K) =   278.13  PRESS =     0.0
 Etot   =    -94136.2575  EKtot   =     18301.7773  EPtot      =   -112438.0348
 BOND   =       251.7008  ANGLE   =       488.0487  DIHED      =       988.3700
 1-4 NB =       281.2338  1-4 EEL =     -3896.5713  VDWAALS    =     14921.4333
 EELEC  =   -125472.2502  EHBOND  =         0.0000  RESTRAINT  =         0.0000
 ------------------------------------------------------------------------------


 NSTEP =     1800   TIME(PS) =      31.600  TEMP(K) =   276.20  PRESS =     0.0
 Etot   =    -93989.8987  EKtot   =     18175.1621  EPtot      =   -112165.0608
 BOND   =       236.2022  ANGLE   =       514.9817  DIHED      =      1010.6731
 1-4 NB =       282.0961  1-4 EEL =     -3919.5495  VDWAALS    =     14869.5225
 EELEC  =   -125158.9868  EHBOND  =         0.0000  RESTRAINT  =         0.0000
 ------------------------------------------------------------------------------


 NSTEP =     1850   TIME(PS) =      31.700  TEMP(K) =   280.45  PRESS =     0.0
 Etot   =    -93849.6468  EKtot   =     18454.4453  EPtot      =   -112304.0921
 BOND   =       254.7228  ANGLE   =       508.0802  DIHED      =       992.7094
 1-4 NB =       287.9275  1-4 EEL =     -3920.8475  VDWAALS    =     14631.7524
 EELEC  =   -125058.4369  EHBOND  =         0.0000  RESTRAINT  =         0.0000
 ------------------------------------------------------------------------------


 NSTEP =     1900   TIME(PS) =      31.800  TEMP(K) =   278.64  PRESS =     0.0
 Etot   =    -93716.1919  EKtot   =     18335.3652  EPtot      =   -112051.5571
 BOND   =       255.0234  ANGLE   =       548.9258  DIHED      =       994.8096
 1-4 NB =       280.7094  1-4 EEL =     -3956.5684  VDWAALS    =     14740.0138
 EELEC  =   -124914.4707  EHBOND  =         0.0000  RESTRAINT  =         0.0000
 ------------------------------------------------------------------------------


 NSTEP =     1950   TIME(PS) =      31.900  TEMP(K) =   280.49  PRESS =     0.0
 Etot   =    -93583.5003  EKtot   =     18457.1602  EPtot      =   -112040.6604
 BOND   =       265.2500  ANGLE   =       483.1305  DIHED      =       988.8768
 1-4 NB =       279.7656  1-4 EEL =     -3939.1906  VDWAALS    =     14773.9324
 EELEC  =   -124892.4251  EHBOND  =         0.0000  RESTRAINT  =         0.0000
 ------------------------------------------------------------------------------

check COM velocity, temp:        0.000014     0.00(Removed)

 NSTEP =     2000   TIME(PS) =      32.000  TEMP(K) =   278.34  PRESS =     0.0
 Etot   =    -93445.8556  EKtot   =     18315.7656  EPtot      =   -111761.6212
 BOND   =       250.1793  ANGLE   =       492.9362  DIHED      =      1001.2529
 1-4 NB =       291.4538  1-4 EEL =     -3944.6557  VDWAALS    =     14918.3473
 EELEC  =   -124771.1350  EHBOND  =         0.0000  RESTRAINT  =         0.0000
 ------------------------------------------------------------------------------


 NSTEP =     2050   TIME(PS) =      32.100  TEMP(K) =   282.52  PRESS =     0.0
 Etot   =    -93318.5503  EKtot   =     18590.9297  EPtot      =   -111909.4800
 BOND   =       251.0059  ANGLE   =       531.4596  DIHED      =       990.3349
 1-4 NB =       285.1976  1-4 EEL =     -3947.8233  VDWAALS    =     14734.0704
 EELEC  =   -124753.7251  EHBOND  =         0.0000  RESTRAINT  =         0.0000
 ------------------------------------------------------------------------------


 NSTEP =     2100   TIME(PS) =      32.200  TEMP(K) =   282.63  PRESS =     0.0
 Etot   =    -93197.6403  EKtot   =     18598.1660  EPtot      =   -111795.8063
 BOND   =       244.1573  ANGLE   =       518.2324  DIHED      =       998.0198
 1-4 NB =       274.8366  1-4 EEL =     -3931.7609  VDWAALS    =     14856.4083
 EELEC  =   -124755.6997  EHBOND  =         0.0000  RESTRAINT  =         0.0000
 ------------------------------------------------------------------------------


 NSTEP =     2150   TIME(PS) =      32.300  TEMP(K) =   283.86  PRESS =     0.0
 Etot   =    -93077.4410  EKtot   =     18679.2598  EPtot      =   -111756.7007
 BOND   =       255.0226  ANGLE   =       501.7592  DIHED      =       995.7513
 1-4 NB =       284.1576  1-4 EEL =     -3939.5215  VDWAALS    =     14626.9418
 EELEC  =   -124480.8117  EHBOND  =         0.0000  RESTRAINT  =         0.0000
 ------------------------------------------------------------------------------


 NSTEP =     2200   TIME(PS) =      32.400  TEMP(K) =   281.40  PRESS =     0.0
 Etot   =    -92958.5402  EKtot   =     18517.3965  EPtot      =   -111475.9367
 BOND   =       255.1846  ANGLE   =       548.0722  DIHED      =       989.8560
 1-4 NB =       286.8597  1-4 EEL =     -3930.2351  VDWAALS    =     14748.4136
 EELEC  =   -124374.0878  EHBOND  =         0.0000  RESTRAINT  =         0.0000
 ------------------------------------------------------------------------------


 NSTEP =     2250   TIME(PS) =      32.500  TEMP(K) =   279.99  PRESS =     0.0
 Etot   =    -92837.3711  EKtot   =     18424.6660  EPtot      =   -111262.0371
 BOND   =       266.7484  ANGLE   =       522.1780  DIHED      =       977.3174
 1-4 NB =       274.5020  1-4 EEL =     -3937.1939  VDWAALS    =     14466.5565
 EELEC  =   -123832.1456  EHBOND  =         0.0000  RESTRAINT  =         0.0000
 ------------------------------------------------------------------------------


 NSTEP =     2300   TIME(PS) =      32.600  TEMP(K) =   284.16  PRESS =     0.0
 Etot   =    -92716.9052  EKtot   =     18698.5840  EPtot      =   -111415.4891
 BOND   =       234.5172  ANGLE   =       537.7445  DIHED      =       987.4989
 1-4 NB =       293.6225  1-4 EEL =     -3928.2187  VDWAALS    =     14513.8887
 EELEC  =   -124054.5422  EHBOND  =         0.0000  RESTRAINT  =         0.0000
 ------------------------------------------------------------------------------


 NSTEP =     2350   TIME(PS) =      32.700  TEMP(K) =   282.68  PRESS =     0.0
 Etot   =    -92600.5790  EKtot   =     18601.5996  EPtot      =   -111202.1786
 BOND   =       231.9137  ANGLE   =       519.5356  DIHED      =      1005.1527
 1-4 NB =       282.7931  1-4 EEL =     -3920.0578  VDWAALS    =     14417.7573
 EELEC  =   -123739.2732  EHBOND  =         0.0000  RESTRAINT  =         0.0000
 ------------------------------------------------------------------------------


 NSTEP =     2400   TIME(PS) =      32.800  TEMP(K) =   283.27  PRESS =     0.0
 Etot   =    -92482.2348  EKtot   =     18640.2109  EPtot      =   -111122.4457
 BOND   =       269.0596  ANGLE   =       542.2351  DIHED      =      1018.7572
 1-4 NB =       279.0833  1-4 EEL =     -3950.5330  VDWAALS    =     14562.4905
 EELEC  =   -123843.5384  EHBOND  =         0.0000  RESTRAINT  =         0.0000
 ------------------------------------------------------------------------------


 NSTEP =     2450   TIME(PS) =      32.900  TEMP(K) =   284.50  PRESS =     0.0
 Etot   =    -92370.7754  EKtot   =     18721.2676  EPtot      =   -111092.0430
 BOND   =       259.0296  ANGLE   =       530.1927  DIHED      =      1009.9494
 1-4 NB =       290.8353  1-4 EEL =     -3966.8864  VDWAALS    =     14799.4773
 EELEC  =   -124014.6410  EHBOND  =         0.0000  RESTRAINT  =         0.0000
 ------------------------------------------------------------------------------


 NSTEP =     2500   TIME(PS) =      33.000  TEMP(K) =   284.46  PRESS =     0.0
 Etot   =    -92266.4701  EKtot   =     18718.7383  EPtot      =   -110985.2083
 BOND   =       265.2965  ANGLE   =       528.0886  DIHED      =      1011.8991
 1-4 NB =       287.7604  1-4 EEL =     -3952.5052  VDWAALS    =     14660.6031
 EELEC  =   -123786.3508  EHBOND  =         0.0000  RESTRAINT  =         0.0000
 ------------------------------------------------------------------------------


 NSTEP =     2550   TIME(PS) =      33.100  TEMP(K) =   286.64  PRESS =     0.0
 Etot   =    -92155.4776  EKtot   =     18862.2754  EPtot      =   -111017.7530
 BOND   =       264.9383  ANGLE   =       526.7409  DIHED      =       999.2770
 1-4 NB =       295.0102  1-4 EEL =     -3926.3453  VDWAALS    =     14486.0515
 EELEC  =   -123663.4256  EHBOND  =         0.0000  RESTRAINT  =         0.0000
 ------------------------------------------------------------------------------


 NSTEP =     2600   TIME(PS) =      33.200  TEMP(K) =   287.73  PRESS =     0.0
 Etot   =    -92050.3223  EKtot   =     18933.9316  EPtot      =   -110984.2539
 BOND   =       251.3153  ANGLE   =       540.4515  DIHED      =      1017.3579
 1-4 NB =       290.7919  1-4 EEL =     -3945.0492  VDWAALS    =     14320.0070
 EELEC  =   -123459.1283  EHBOND  =         0.0000  RESTRAINT  =         0.0000
 ------------------------------------------------------------------------------


 NSTEP =     2650   TIME(PS) =      33.300  TEMP(K) =   288.20  PRESS =     0.0
 Etot   =    -91950.6069  EKtot   =     18964.3730  EPtot      =   -110914.9799
 BOND   =       236.0402  ANGLE   =       535.0263  DIHED      =      1009.7579
 1-4 NB =       269.1520  1-4 EEL =     -3906.4263  VDWAALS    =     14161.0267
 EELEC  =   -123219.5567  EHBOND  =         0.0000  RESTRAINT  =         0.0000
 ------------------------------------------------------------------------------


 NSTEP =     2700   TIME(PS) =      33.400  TEMP(K) =   286.28  PRESS =     0.0
 Etot   =    -91850.4990  EKtot   =     18838.1895  EPtot      =   -110688.6884
 BOND   =       274.3707  ANGLE   =       533.6394  DIHED      =      1015.4640
 1-4 NB =       285.0982  1-4 EEL =     -3950.3801  VDWAALS    =     14019.9895
 EELEC  =   -122866.8703  EHBOND  =         0.0000  RESTRAINT  =         0.0000
 ------------------------------------------------------------------------------


 NSTEP =     2750   TIME(PS) =      33.500  TEMP(K) =   286.18  PRESS =     0.0
 Etot   =    -91750.5940  EKtot   =     18831.5293  EPtot      =   -110582.1233
 BOND   =       259.2590  ANGLE   =       541.1643  DIHED      =      1011.4479
 1-4 NB =       286.4467  1-4 EEL =     -3953.1120  VDWAALS    =     14334.1361
 EELEC  =   -123061.4653  EHBOND  =         0.0000  RESTRAINT  =         0.0000
 ------------------------------------------------------------------------------


 NSTEP =     2800   TIME(PS) =      33.600  TEMP(K) =   288.92  PRESS =     0.0
 Etot   =    -91657.2503  EKtot   =     19011.9121  EPtot      =   -110669.1624
 BOND   =       280.6369  ANGLE   =       556.3678  DIHED      =      1004.2174
 1-4 NB =       284.8685  1-4 EEL =     -3956.7249  VDWAALS    =     14575.0287
 EELEC  =   -123413.5567  EHBOND  =         0.0000  RESTRAINT  =         0.0000
 ------------------------------------------------------------------------------


 NSTEP =     2850   TIME(PS) =      33.700  TEMP(K) =   290.78  PRESS =     0.0
 Etot   =    -91566.3993  EKtot   =     19134.1621  EPtot      =   -110700.5614
 BOND   =       257.7302  ANGLE   =       552.7514  DIHED      =      1005.6212
 1-4 NB =       284.1221  1-4 EEL =     -3963.1603  VDWAALS    =     14320.0438
 EELEC  =   -123157.6697  EHBOND  =         0.0000  RESTRAINT  =         0.0000
 ------------------------------------------------------------------------------


 NSTEP =     2900   TIME(PS) =      33.800  TEMP(K) =   290.75  PRESS =     0.0
 Etot   =    -91477.1307  EKtot   =     19132.7695  EPtot      =   -110609.9003
 BOND   =       250.3298  ANGLE   =       512.2467  DIHED      =      1015.0366
 1-4 NB =       278.3627  1-4 EEL =     -3912.9654  VDWAALS    =     14082.4847
 EELEC  =   -122835.3954  EHBOND  =         0.0000  RESTRAINT  =         0.0000
 ------------------------------------------------------------------------------


 NSTEP =     2950   TIME(PS) =      33.900  TEMP(K) =   289.98  PRESS =     0.0
 Etot   =    -91390.8926  EKtot   =     19081.9609  EPtot      =   -110472.8535
 BOND   =       256.6928  ANGLE   =       548.0965  DIHED      =      1013.3452
 1-4 NB =       278.9094  1-4 EEL =     -3892.1537  VDWAALS    =     14051.8032
 EELEC  =   -122729.5469  EHBOND  =         0.0000  RESTRAINT  =         0.0000
 ------------------------------------------------------------------------------

check COM velocity, temp:        0.000005     0.00(Removed)

 NSTEP =     3000   TIME(PS) =      34.000  TEMP(K) =   289.18  PRESS =     0.0
 Etot   =    -91306.4449  EKtot   =     19029.2832  EPtot      =   -110335.7281
 BOND   =       263.5848  ANGLE   =       520.4474  DIHED      =      1011.8282
 1-4 NB =       292.6744  1-4 EEL =     -3885.0001  VDWAALS    =     14292.4749
 EELEC  =   -122831.7377  EHBOND  =         0.0000  RESTRAINT  =         0.0000
 ------------------------------------------------------------------------------


 NSTEP =     3050   TIME(PS) =      34.100  TEMP(K) =   292.46  PRESS =     0.0
 Etot   =    -91222.5267  EKtot   =     19245.2715  EPtot      =   -110467.7982
 BOND   =       272.5969  ANGLE   =       544.8592  DIHED      =       999.1066
 1-4 NB =       281.5936  1-4 EEL =     -3938.5394  VDWAALS    =     14291.4560
 EELEC  =   -122918.8709  EHBOND  =         0.0000  RESTRAINT  =         0.0000
 ------------------------------------------------------------------------------


 NSTEP =     3100   TIME(PS) =      34.200  TEMP(K) =   293.41  PRESS =     0.0
 Etot   =    -91143.4183  EKtot   =     19307.6289  EPtot      =   -110451.0472
 BOND   =       259.9820  ANGLE   =       518.9842  DIHED      =       997.7386
 1-4 NB =       293.0883  1-4 EEL =     -3901.2068  VDWAALS    =     14072.1089
 EELEC  =   -122691.7424  EHBOND  =         0.0000  RESTRAINT  =         0.0000
 ------------------------------------------------------------------------------


 NSTEP =     3150   TIME(PS) =      34.300  TEMP(K) =   292.82  PRESS =     0.0
 Etot   =    -91067.0051  EKtot   =     19268.6406  EPtot      =   -110335.6458
 BOND   =       252.7411  ANGLE   =       540.9547  DIHED      =      1024.6128
 1-4 NB =       286.9440  1-4 EEL =     -3914.1084  VDWAALS    =     14284.1750
 EELEC  =   -122810.9649  EHBOND  =         0.0000  RESTRAINT  =         0.0000
 ------------------------------------------------------------------------------


 NSTEP =     3200   TIME(PS) =      34.400  TEMP(K) =   293.13  PRESS =     0.0
 Etot   =    -90994.8374  EKtot   =     19289.0527  EPtot      =   -110283.8902
 BOND   =       277.2718  ANGLE   =       541.1780  DIHED      =      1013.9728
 1-4 NB =       290.8560  1-4 EEL =     -3930.7659  VDWAALS    =     14136.9911
 EELEC  =   -122613.3939  EHBOND  =         0.0000  RESTRAINT  =         0.0000
 ------------------------------------------------------------------------------


 NSTEP =     3250   TIME(PS) =      34.500  TEMP(K) =   290.01  PRESS =     0.0
 Etot   =    -90914.5816  EKtot   =     19083.9824  EPtot      =   -109998.5640
 BOND   =       256.6200  ANGLE   =       542.8822  DIHED      =      1011.6201
 1-4 NB =       288.4285  1-4 EEL =     -3918.4908  VDWAALS    =     14133.7616
 EELEC  =   -122313.3856  EHBOND  =         0.0000  RESTRAINT  =         0.0000
 ------------------------------------------------------------------------------


 NSTEP =     3300   TIME(PS) =      34.600  TEMP(K) =   291.95  PRESS =     0.0
 Etot   =    -90836.8869  EKtot   =     19211.5977  EPtot      =   -110048.4846
 BOND   =       283.7194  ANGLE   =       537.6461  DIHED      =       996.8281
 1-4 NB =       277.9545  1-4 EEL =     -3940.8808  VDWAALS    =     13983.4459
 EELEC  =   -122187.1978  EHBOND  =         0.0000  RESTRAINT  =         0.0000
 ------------------------------------------------------------------------------


 NSTEP =     3350   TIME(PS) =      34.700  TEMP(K) =   292.20  PRESS =     0.0
 Etot   =    -90758.5982  EKtot   =     19227.9082  EPtot      =   -109986.5064
 BOND   =       274.2699  ANGLE   =       555.9147  DIHED      =      1017.3740
 1-4 NB =       287.3750  1-4 EEL =     -3929.2933  VDWAALS    =     14033.1184
 EELEC  =   -122225.2652  EHBOND  =         0.0000  RESTRAINT  =         0.0000
 ------------------------------------------------------------------------------


 NSTEP =     3400   TIME(PS) =      34.800  TEMP(K) =   293.67  PRESS =     0.0
 Etot   =    -90685.7038  EKtot   =     19324.7500  EPtot      =   -110010.4538
 BOND   =       266.9180  ANGLE   =       536.4120  DIHED      =      1013.4262
 1-4 NB =       294.6929  1-4 EEL =     -3892.3249  VDWAALS    =     13978.7325
 EELEC  =   -122208.3104  EHBOND  =         0.0000  RESTRAINT  =         0.0000
 ------------------------------------------------------------------------------


 NSTEP =     3450   TIME(PS) =      34.900  TEMP(K) =   293.90  PRESS =     0.0
 Etot   =    -90611.1704  EKtot   =     19339.5273  EPtot      =   -109950.6977
 BOND   =       262.6037  ANGLE   =       550.5561  DIHED      =      1021.4626
 1-4 NB =       286.0636  1-4 EEL =     -3921.3322  VDWAALS    =     14043.2658
 EELEC  =   -122193.3173  EHBOND  =         0.0000  RESTRAINT  =         0.0000
 ------------------------------------------------------------------------------


 NSTEP =     3500   TIME(PS) =      35.000  TEMP(K) =   293.63  PRESS =     0.0
 Etot   =    -90541.3193  EKtot   =     19321.6797  EPtot      =   -109862.9990
 BOND   =       278.7151  ANGLE   =       546.8326  DIHED      =      1014.1240
 1-4 NB =       299.2435  1-4 EEL =     -3923.9103  VDWAALS    =     13964.5803
 EELEC  =   -122042.5841  EHBOND  =         0.0000  RESTRAINT  =         0.0000
 ------------------------------------------------------------------------------


 NSTEP =     3550   TIME(PS) =      35.100  TEMP(K) =   293.55  PRESS =     0.0
 Etot   =    -90467.8905  EKtot   =     19316.7734  EPtot      =   -109784.6639
 BOND   =       256.1180  ANGLE   =       603.2661  DIHED      =      1017.9293
 1-4 NB =       294.8882  1-4 EEL =     -3927.1195  VDWAALS    =     14056.6729
 EELEC  =   -122086.4189  EHBOND  =         0.0000  RESTRAINT  =         0.0000
 ------------------------------------------------------------------------------


 NSTEP =     3600   TIME(PS) =      35.200  TEMP(K) =   295.33  PRESS =     0.0
 Etot   =    -90400.7715  EKtot   =     19434.0566  EPtot      =   -109834.8281
 BOND   =       263.9406  ANGLE   =       572.3309  DIHED      =      1024.7785
 1-4 NB =       281.7337  1-4 EEL =     -3906.5127  VDWAALS    =     13993.2580
 EELEC  =   -122064.3571  EHBOND  =         0.0000  RESTRAINT  =         0.0000
 ------------------------------------------------------------------------------


 NSTEP =     3650   TIME(PS) =      35.300  TEMP(K) =   296.15  PRESS =     0.0
 Etot   =    -90338.3808  EKtot   =     19487.7051  EPtot      =   -109826.0858
 BOND   =       289.4092  ANGLE   =       543.9985  DIHED      =      1008.5071
 1-4 NB =       297.7155  1-4 EEL =     -3925.2456  VDWAALS    =     13883.3158
 EELEC  =   -121923.7864  EHBOND  =         0.0000  RESTRAINT  =         0.0000
 ------------------------------------------------------------------------------


 NSTEP =     3700   TIME(PS) =      35.400  TEMP(K) =   294.42  PRESS =     0.0
 Etot   =    -90278.9344  EKtot   =     19373.6914  EPtot      =   -109652.6258
 BOND   =       245.6639  ANGLE   =       564.9157  DIHED      =      1032.5245
 1-4 NB =       293.5131  1-4 EEL =     -3925.9571  VDWAALS    =     14122.8503
 EELEC  =   -121986.1361  EHBOND  =         0.0000  RESTRAINT  =         0.0000
 ------------------------------------------------------------------------------


 NSTEP =     3750   TIME(PS) =      35.500  TEMP(K) =   297.92  PRESS =     0.0
 Etot   =    -90216.5014  EKtot   =     19604.2441  EPtot      =   -109820.7456
 BOND   =       277.8854  ANGLE   =       555.0478  DIHED      =      1016.3775
 1-4 NB =       291.3539  1-4 EEL =     -3958.1535  VDWAALS    =     14321.0847
 EELEC  =   -122324.3413  EHBOND  =         0.0000  RESTRAINT  =         0.0000
 ------------------------------------------------------------------------------


 NSTEP =     3800   TIME(PS) =      35.600  TEMP(K) =   295.65  PRESS =     0.0
 Etot   =    -90159.0836  EKtot   =     19454.6289  EPtot      =   -109613.7125
 BOND   =       277.7451  ANGLE   =       570.8154  DIHED      =      1006.2448
 1-4 NB =       292.8090  1-4 EEL =     -3948.8964  VDWAALS    =     14321.5268
 EELEC  =   -122133.9573  EHBOND  =         0.0000  RESTRAINT  =         0.0000
 ------------------------------------------------------------------------------


 NSTEP =     3850   TIME(PS) =      35.700  TEMP(K) =   297.82  PRESS =     0.0
 Etot   =    -90107.2821  EKtot   =     19597.9707  EPtot      =   -109705.2528
 BOND   =       249.4713  ANGLE   =       572.6228  DIHED      =      1022.3228
 1-4 NB =       281.2299  1-4 EEL =     -3936.6442  VDWAALS    =     14332.8480
 EELEC  =   -122227.1036  EHBOND  =         0.0000  RESTRAINT  =         0.0000
 ------------------------------------------------------------------------------


 NSTEP =     3900   TIME(PS) =      35.800  TEMP(K) =   295.64  PRESS =     0.0
 Etot   =    -90043.5376  EKtot   =     19454.0371  EPtot      =   -109497.5747
 BOND   =       275.3971  ANGLE   =       581.7568  DIHED      =       996.4780
 1-4 NB =       283.3125  1-4 EEL =     -3909.0133  VDWAALS    =     13718.3869
 EELEC  =   -121443.8927  EHBOND  =         0.0000  RESTRAINT  =         0.0000
 ------------------------------------------------------------------------------


 NSTEP =     3950   TIME(PS) =      35.900  TEMP(K) =   299.34  PRESS =     0.0
 Etot   =    -89994.2862  EKtot   =     19697.4004  EPtot      =   -109691.6866
 BOND   =       253.7621  ANGLE   =       567.9260  DIHED      =      1008.7537
 1-4 NB =       275.2063  1-4 EEL =     -3939.4413  VDWAALS    =     14276.8004
 EELEC  =   -122134.6939  EHBOND  =         0.0000  RESTRAINT  =         0.0000
 ------------------------------------------------------------------------------

check COM velocity, temp:        0.000004     0.00(Removed)

 NSTEP =     4000   TIME(PS) =      36.000  TEMP(K) =   299.22  PRESS =     0.0
 Etot   =    -89947.7962  EKtot   =     19689.6191  EPtot      =   -109637.4154
 BOND   =       277.3431  ANGLE   =       536.2624  DIHED      =       997.3912
 1-4 NB =       286.4624  1-4 EEL =     -3919.8534  VDWAALS    =     14182.8636
 EELEC  =   -121997.8846  EHBOND  =         0.0000  RESTRAINT  =         0.0000
 ------------------------------------------------------------------------------


 NSTEP =     4050   TIME(PS) =      36.100  TEMP(K) =   296.42  PRESS =     0.0
 Etot   =    -89892.5797  EKtot   =     19505.4688  EPtot      =   -109398.0485
 BOND   =       265.3298  ANGLE   =       591.2211  DIHED      =      1002.9427
 1-4 NB =       296.2615  1-4 EEL =     -3961.8307  VDWAALS    =     14291.5267
 EELEC  =   -121883.4997  EHBOND  =         0.0000  RESTRAINT  =         0.0000
 ------------------------------------------------------------------------------


 NSTEP =     4100   TIME(PS) =      36.200  TEMP(K) =   297.55  PRESS =     0.0
 Etot   =    -89844.4042  EKtot   =     19580.1367  EPtot      =   -109424.5409
 BOND   =       261.9787  ANGLE   =       556.9545  DIHED      =       997.1833
 1-4 NB =       291.5557  1-4 EEL =     -3914.5842  VDWAALS    =     14268.0083
 EELEC  =   -121885.6372  EHBOND  =         0.0000  RESTRAINT  =         0.0000
 ------------------------------------------------------------------------------


 NSTEP =     4150   TIME(PS) =      36.300  TEMP(K) =   298.05  PRESS =     0.0
 Etot   =    -89783.9915  EKtot   =     19612.5957  EPtot      =   -109396.5872
 BOND   =       283.6994  ANGLE   =       559.4844  DIHED      =       996.4355
 1-4 NB =       278.6514  1-4 EEL =     -3902.7511  VDWAALS    =     13713.1549
 EELEC  =   -121325.2617  EHBOND  =         0.0000  RESTRAINT  =         0.0000
 ------------------------------------------------------------------------------


 NSTEP =     4200   TIME(PS) =      36.400  TEMP(K) =   299.32  PRESS =     0.0
 Etot   =    -89729.8527  EKtot   =     19696.6035  EPtot      =   -109426.4562
 BOND   =       259.9001  ANGLE   =       600.8665  DIHED      =      1015.5517
 1-4 NB =       287.9065  1-4 EEL =     -3942.7918  VDWAALS    =     14060.3969
 EELEC  =   -121708.2861  EHBOND  =         0.0000  RESTRAINT  =         0.0000
 ------------------------------------------------------------------------------


 NSTEP =     4250   TIME(PS) =      36.500  TEMP(K) =   297.85  PRESS =     0.0
 Etot   =    -89676.4847  EKtot   =     19599.4062  EPtot      =   -109275.8909
 BOND   =       263.0233  ANGLE   =       582.5706  DIHED      =      1005.7929
 1-4 NB =       288.2634  1-4 EEL =     -3920.1663  VDWAALS    =     13982.0599
 EELEC  =   -121477.4348  EHBOND  =         0.0000  RESTRAINT  =         0.0000
 ------------------------------------------------------------------------------


 NSTEP =     4300   TIME(PS) =      36.600  TEMP(K) =   300.83  PRESS =     0.0
 Etot   =    -89627.1603  EKtot   =     19795.8770  EPtot      =   -109423.0373
 BOND   =       275.4042  ANGLE   =       551.1302  DIHED      =      1001.2261
 1-4 NB =       288.0239  1-4 EEL =     -3956.7029  VDWAALS    =     13737.7484
 EELEC  =   -121319.8673  EHBOND  =         0.0000  RESTRAINT  =         0.0000
 ------------------------------------------------------------------------------


 NSTEP =     4350   TIME(PS) =      36.700  TEMP(K) =   297.80  PRESS =     0.0
 Etot   =    -89572.2683  EKtot   =     19596.3848  EPtot      =   -109168.6531
 BOND   =       299.6836  ANGLE   =       554.9211  DIHED      =      1010.0491
 1-4 NB =       284.0851  1-4 EEL =     -3943.0487  VDWAALS    =     13563.9253
 EELEC  =   -120938.2684  EHBOND  =         0.0000  RESTRAINT  =         0.0000
 ------------------------------------------------------------------------------


 NSTEP =     4400   TIME(PS) =      36.800  TEMP(K) =   294.68  PRESS =     0.0
 Etot   =    -89519.3155  EKtot   =     19391.0469  EPtot      =   -108910.3624
 BOND   =       297.3486  ANGLE   =       591.7225  DIHED      =      1017.6938
 1-4 NB =       294.7485  1-4 EEL =     -3944.2904  VDWAALS    =     13620.5376
 EELEC  =   -120788.1229  EHBOND  =         0.0000  RESTRAINT  =         0.0000
 ------------------------------------------------------------------------------


 NSTEP =     4450   TIME(PS) =      36.900  TEMP(K) =   299.93  PRESS =     0.0
 Etot   =    -89471.5610  EKtot   =     19736.3438  EPtot      =   -109207.9048
 BOND   =       280.8957  ANGLE   =       573.0534  DIHED      =      1010.8619
 1-4 NB =       293.8389  1-4 EEL =     -3929.3096  VDWAALS    =     13726.5906
 EELEC  =   -121163.8358  EHBOND  =         0.0000  RESTRAINT  =         0.0000
 ------------------------------------------------------------------------------


 NSTEP =     4500   TIME(PS) =      37.000  TEMP(K) =   303.09  PRESS =     0.0
 Etot   =    -89429.5645  EKtot   =     19944.6484  EPtot      =   -109374.2129
 BOND   =       278.3679  ANGLE   =       562.3180  DIHED      =      1009.0006
 1-4 NB =       294.7515  1-4 EEL =     -3941.3230  VDWAALS    =     13959.6072
 EELEC  =   -121536.9351  EHBOND  =         0.0000  RESTRAINT  =         0.0000
 ------------------------------------------------------------------------------


 NSTEP =     4550   TIME(PS) =      37.100  TEMP(K) =   299.88  PRESS =     0.0
 Etot   =    -89386.2298  EKtot   =     19733.0176  EPtot      =   -109119.2474
 BOND   =       270.2940  ANGLE   =       564.2747  DIHED      =      1004.7899
 1-4 NB =       298.3666  1-4 EEL =     -3909.6306  VDWAALS    =     13826.9213
 EELEC  =   -121174.2633  EHBOND  =         0.0000  RESTRAINT  =         0.0000
 ------------------------------------------------------------------------------


 NSTEP =     4600   TIME(PS) =      37.200  TEMP(K) =   300.99  PRESS =     0.0
 Etot   =    -89344.0783  EKtot   =     19806.3145  EPtot      =   -109150.3928
 BOND   =       280.1477  ANGLE   =       565.6670  DIHED      =      1010.2334
 1-4 NB =       279.7758  1-4 EEL =     -3948.2997  VDWAALS    =     13807.8242
 EELEC  =   -121145.7412  EHBOND  =         0.0000  RESTRAINT  =         0.0000
 ------------------------------------------------------------------------------


 NSTEP =     4650   TIME(PS) =      37.300  TEMP(K) =   302.03  PRESS =     0.0
 Etot   =    -89304.7444  EKtot   =     19875.0234  EPtot      =   -109179.7678
 BOND   =       265.1309  ANGLE   =       527.0424  DIHED      =       998.4960
 1-4 NB =       287.2880  1-4 EEL =     -3909.7655  VDWAALS    =     13856.0926
 EELEC  =   -121204.0522  EHBOND  =         0.0000  RESTRAINT  =         0.0000
 ------------------------------------------------------------------------------


 NSTEP =     4700   TIME(PS) =      37.400  TEMP(K) =   303.70  PRESS =     0.0
 Etot   =    -89265.7659  EKtot   =     19984.6309  EPtot      =   -109250.3968
 BOND   =       291.9380  ANGLE   =       550.2748  DIHED      =      1009.9885
 1-4 NB =       293.8049  1-4 EEL =     -3904.1253  VDWAALS    =     13402.7936
 EELEC  =   -120895.0712  EHBOND  =         0.0000  RESTRAINT  =         0.0000
 ------------------------------------------------------------------------------


 NSTEP =     4750   TIME(PS) =      37.500  TEMP(K) =   300.01  PRESS =     0.0
 Etot   =    -89224.9076  EKtot   =     19741.9746  EPtot      =   -108966.8822
 BOND   =       285.6251  ANGLE   =       553.3205  DIHED      =       999.8690
 1-4 NB =       286.9799  1-4 EEL =     -3892.7851  VDWAALS    =     13698.8905
 EELEC  =   -120898.7820  EHBOND  =         0.0000  RESTRAINT  =         0.0000
 ------------------------------------------------------------------------------


 NSTEP =     4800   TIME(PS) =      37.600  TEMP(K) =   301.15  PRESS =     0.0
 Etot   =    -89187.0979  EKtot   =     19817.0605  EPtot      =   -109004.1584
 BOND   =       297.7686  ANGLE   =       575.0963  DIHED      =      1001.9220
 1-4 NB =       285.9213  1-4 EEL =     -3958.2024  VDWAALS    =     13742.9515
 EELEC  =   -120949.6157  EHBOND  =         0.0000  RESTRAINT  =         0.0000
 ------------------------------------------------------------------------------


 NSTEP =     4850   TIME(PS) =      37.700  TEMP(K) =   300.51  PRESS =     0.0
 Etot   =    -89146.3063  EKtot   =     19774.7051  EPtot      =   -108921.0114
 BOND   =       289.8911  ANGLE   =       582.1375  DIHED      =      1001.6601
 1-4 NB =       284.8779  1-4 EEL =     -3942.6270  VDWAALS    =     13803.7599
 EELEC  =   -120940.7110  EHBOND  =         0.0000  RESTRAINT  =         0.0000
 ------------------------------------------------------------------------------


 NSTEP =     4900   TIME(PS) =      37.800  TEMP(K) =   301.47  PRESS =     0.0
 Etot   =    -89109.9125  EKtot   =     19837.7461  EPtot      =   -108947.6586
 BOND   =       301.1757  ANGLE   =       543.4969  DIHED      =       996.8643
 1-4 NB =       289.3764  1-4 EEL =     -3918.8696  VDWAALS    =     13691.5313
 EELEC  =   -120851.2336  EHBOND  =         0.0000  RESTRAINT  =         0.0000
 ------------------------------------------------------------------------------


 NSTEP =     4950   TIME(PS) =      37.900  TEMP(K) =   301.23  PRESS =     0.0
 Etot   =    -89069.3149  EKtot   =     19822.2422  EPtot      =   -108891.5571
 BOND   =       273.8330  ANGLE   =       574.7051  DIHED      =      1007.2241
 1-4 NB =       290.6867  1-4 EEL =     -3921.1310  VDWAALS    =     13766.7178
 EELEC  =   -120883.5928  EHBOND  =         0.0000  RESTRAINT  =         0.0000
 ------------------------------------------------------------------------------

check COM velocity, temp:        0.000005     0.00(Removed)

 NSTEP =     5000   TIME(PS) =      38.000  TEMP(K) =   301.72  PRESS =     0.0
 Etot   =    -89033.0138  EKtot   =     19854.3438  EPtot      =   -108887.3576
 BOND   =       290.7335  ANGLE   =       585.6388  DIHED      =      1028.2919
 1-4 NB =       287.7670  1-4 EEL =     -3960.7835  VDWAALS    =     13751.7516
 EELEC  =   -120870.7568  EHBOND  =         0.0000  RESTRAINT  =         0.0000
 ------------------------------------------------------------------------------


 NSTEP =     5050   TIME(PS) =      38.100  TEMP(K) =   302.67  PRESS =     0.0
 Etot   =    -89004.2029  EKtot   =     19916.5840  EPtot      =   -108920.7869
 BOND   =       282.4346  ANGLE   =       559.4514  DIHED      =      1009.3284
 1-4 NB =       287.8228  1-4 EEL =     -3930.5926  VDWAALS    =     13625.4338
 EELEC  =   -120754.6654  EHBOND  =         0.0000  RESTRAINT  =         0.0000
 ------------------------------------------------------------------------------


 NSTEP =     5100   TIME(PS) =      38.200  TEMP(K) =   303.05  PRESS =     0.0
 Etot   =    -88973.7415  EKtot   =     19941.7871  EPtot      =   -108915.5286
 BOND   =       261.7301  ANGLE   =       541.5430  DIHED      =      1028.7195
 1-4 NB =       287.0969  1-4 EEL =     -3932.3763  VDWAALS    =     13737.4162
 EELEC  =   -120839.6581  EHBOND  =         0.0000  RESTRAINT  =         0.0000
 ------------------------------------------------------------------------------


 NSTEP =     5150   TIME(PS) =      38.300  TEMP(K) =   303.78  PRESS =     0.0
 Etot   =    -88945.5838  EKtot   =     19989.8164  EPtot      =   -108935.4002
 BOND   =       285.9675  ANGLE   =       552.8842  DIHED      =      1008.1144
 1-4 NB =       287.6741  1-4 EEL =     -3933.3933  VDWAALS    =     13557.0154
 EELEC  =   -120693.6626  EHBOND  =         0.0000  RESTRAINT  =         0.0000
 ------------------------------------------------------------------------------


 NSTEP =     5200   TIME(PS) =      38.400  TEMP(K) =   302.77  PRESS =     0.0
 Etot   =    -88910.8762  EKtot   =     19923.4824  EPtot      =   -108834.3586
 BOND   =       280.4792  ANGLE   =       563.0197  DIHED      =      1012.8091
 1-4 NB =       286.6955  1-4 EEL =     -3931.5614  VDWAALS    =     13686.0014
 EELEC  =   -120731.8021  EHBOND  =         0.0000  RESTRAINT  =         0.0000
 ------------------------------------------------------------------------------


 NSTEP =     5250   TIME(PS) =      38.500  TEMP(K) =   303.92  PRESS =     0.0
 Etot   =    -88879.3324  EKtot   =     19998.9902  EPtot      =   -108878.3226
 BOND   =       268.4120  ANGLE   =       610.5754  DIHED      =       995.8255
 1-4 NB =       279.7523  1-4 EEL =     -3950.3006  VDWAALS    =     13632.7271
 EELEC  =   -120715.3143  EHBOND  =         0.0000  RESTRAINT  =         0.0000
 ------------------------------------------------------------------------------


 NSTEP =     5300   TIME(PS) =      38.600  TEMP(K) =   302.53  PRESS =     0.0
 Etot   =    -88846.5484  EKtot   =     19907.3203  EPtot      =   -108753.8687
 BOND   =       285.8588  ANGLE   =       583.7222  DIHED      =       998.6310
 1-4 NB =       277.1040  1-4 EEL =     -3937.2398  VDWAALS    =     13603.7974
 EELEC  =   -120565.7423  EHBOND  =         0.0000  RESTRAINT  =         0.0000
 ------------------------------------------------------------------------------


 NSTEP =     5350   TIME(PS) =      38.700  TEMP(K) =   302.89  PRESS =     0.0
 Etot   =    -88814.2726  EKtot   =     19931.2754  EPtot      =   -108745.5480
 BOND   =       250.0997  ANGLE   =       554.2593  DIHED      =      1014.8443
 1-4 NB =       292.5842  1-4 EEL =     -3914.5522  VDWAALS    =     13715.7475
 EELEC  =   -120658.5307  EHBOND  =         0.0000  RESTRAINT  =         0.0000
 ------------------------------------------------------------------------------


 NSTEP =     5400   TIME(PS) =      38.800  TEMP(K) =   303.76  PRESS =     0.0
 Etot   =    -88780.2598  EKtot   =     19988.6387  EPtot      =   -108768.8985
 BOND   =       268.9910  ANGLE   =       566.6403  DIHED      =      1012.5924
 1-4 NB =       289.4271  1-4 EEL =     -3924.6214  VDWAALS    =     13670.2388
 EELEC  =   -120652.1667  EHBOND  =         0.0000  RESTRAINT  =         0.0000
 ------------------------------------------------------------------------------


 NSTEP =     5450   TIME(PS) =      38.900  TEMP(K) =   303.68  PRESS =     0.0
 Etot   =    -88750.5286  EKtot   =     19983.2129  EPtot      =   -108733.7415
 BOND   =       268.9624  ANGLE   =       545.3169  DIHED      =      1012.4915
 1-4 NB =       290.7305  1-4 EEL =     -3913.0866  VDWAALS    =     13559.5363
 EELEC  =   -120497.6926  EHBOND  =         0.0000  RESTRAINT  =         0.0000
 ------------------------------------------------------------------------------


 NSTEP =     5500   TIME(PS) =      39.000  TEMP(K) =   305.10  PRESS =     0.0
 Etot   =    -88724.1064  EKtot   =     20076.6797  EPtot      =   -108800.7861
 BOND   =       252.3662  ANGLE   =       571.5396  DIHED      =      1005.0929
 1-4 NB =       295.1162  1-4 EEL =     -3934.2562  VDWAALS    =     13776.7222
 EELEC  =   -120767.3669  EHBOND  =         0.0000  RESTRAINT  =         0.0000
 ------------------------------------------------------------------------------


 NSTEP =     5550   TIME(PS) =      39.100  TEMP(K) =   303.80  PRESS =     0.0
 Etot   =    -88695.1495  EKtot   =     19990.9336  EPtot      =   -108686.0831
 BOND   =       287.3184  ANGLE   =       557.4165  DIHED      =      1012.1641
 1-4 NB =       285.2485  1-4 EEL =     -3945.2585  VDWAALS    =     13653.2990
 EELEC  =   -120536.2711  EHBOND  =         0.0000  RESTRAINT  =         0.0000
 ------------------------------------------------------------------------------


 NSTEP =     5600   TIME(PS) =      39.200  TEMP(K) =   303.57  PRESS =     0.0
 Etot   =    -88670.3701  EKtot   =     19976.3750  EPtot      =   -108646.7451
 BOND   =       272.1980  ANGLE   =       570.0447  DIHED      =      1027.4051
 1-4 NB =       284.9076  1-4 EEL =     -3918.0598  VDWAALS    =     13611.9229
 EELEC  =   -120495.1635  EHBOND  =         0.0000  RESTRAINT  =         0.0000
 ------------------------------------------------------------------------------


 NSTEP =     5650   TIME(PS) =      39.300  TEMP(K) =   303.93  PRESS =     0.0
 Etot   =    -88639.4048  EKtot   =     20000.0586  EPtot      =   -108639.4634
 BOND   =       255.1177  ANGLE   =       565.6471  DIHED      =       996.1968
 1-4 NB =       298.1842  1-4 EEL =     -3898.6702  VDWAALS    =     13326.3819
 EELEC  =   -120182.3208  EHBOND  =         0.0000  RESTRAINT  =         0.0000
 ------------------------------------------------------------------------------


 NSTEP =     5700   TIME(PS) =      39.400  TEMP(K) =   305.54  PRESS =     0.0
 Etot   =    -88617.4465  EKtot   =     20105.8984  EPtot      =   -108723.3449
 BOND   =       267.2616  ANGLE   =       563.0936  DIHED      =      1011.3797
 1-4 NB =       284.1027  1-4 EEL =     -3894.9274  VDWAALS    =     13797.9344
 EELEC  =   -120752.1895  EHBOND  =         0.0000  RESTRAINT  =         0.0000
 ------------------------------------------------------------------------------


 NSTEP =     5750   TIME(PS) =      39.500  TEMP(K) =   304.85  PRESS =     0.0
 Etot   =    -88600.0805  EKtot   =     20060.5410  EPtot      =   -108660.6215
 BOND   =       283.7793  ANGLE   =       559.5637  DIHED      =      1022.3990
 1-4 NB =       289.4597  1-4 EEL =     -3931.3518  VDWAALS    =     13934.8950
 EELEC  =   -120819.3664  EHBOND  =         0.0000  RESTRAINT  =         0.0000
 ------------------------------------------------------------------------------


 NSTEP =     5800   TIME(PS) =      39.600  TEMP(K) =   307.04  PRESS =     0.0
 Etot   =    -88582.3889  EKtot   =     20204.3398  EPtot      =   -108786.7287
 BOND   =       278.5042  ANGLE   =       560.0821  DIHED      =      1021.1718
 1-4 NB =       297.3900  1-4 EEL =     -3925.3182  VDWAALS    =     13556.2388
 EELEC  =   -120574.7975  EHBOND  =         0.0000  RESTRAINT  =         0.0000
 ------------------------------------------------------------------------------


 NSTEP =     5850   TIME(PS) =      39.700  TEMP(K) =   304.49  PRESS =     0.0
 Etot   =    -88561.1954  EKtot   =     20036.4121  EPtot      =   -108597.6075
 BOND   =       298.4370  ANGLE   =       551.1610  DIHED      =      1006.7740
 1-4 NB =       290.7532  1-4 EEL =     -3923.4341  VDWAALS    =     13519.7299
 EELEC  =   -120341.0285  EHBOND  =         0.0000  RESTRAINT  =         0.0000
 ------------------------------------------------------------------------------


 NSTEP =     5900   TIME(PS) =      39.800  TEMP(K) =   302.90  PRESS =     0.0
 Etot   =    -88540.4904  EKtot   =     19932.1562  EPtot      =   -108472.6467
 BOND   =       267.2062  ANGLE   =       548.6162  DIHED      =      1009.7593
 1-4 NB =       295.8498  1-4 EEL =     -3900.3542  VDWAALS    =     13657.9185
 EELEC  =   -120351.6425  EHBOND  =         0.0000  RESTRAINT  =         0.0000
 ------------------------------------------------------------------------------


 NSTEP =     5950   TIME(PS) =      39.900  TEMP(K) =   305.57  PRESS =     0.0
 Etot   =    -88515.7511  EKtot   =     20107.5410  EPtot      =   -108623.2922
 BOND   =       283.8036  ANGLE   =       574.8767  DIHED      =      1003.8929
 1-4 NB =       277.5517  1-4 EEL =     -3920.8929  VDWAALS    =     13281.4135
 EELEC  =   -120123.9377  EHBOND  =         0.0000  RESTRAINT  =         0.0000
 ------------------------------------------------------------------------------

check COM velocity, temp:        0.000005     0.00(Removed)

 NSTEP =     6000   TIME(PS) =      40.000  TEMP(K) =   305.86  PRESS =     0.0
 Etot   =    -88495.9983  EKtot   =     20126.8438  EPtot      =   -108622.8421
 BOND   =       273.6972  ANGLE   =       584.0896  DIHED      =      1025.3297
 1-4 NB =       300.7094  1-4 EEL =     -3919.0717  VDWAALS    =     13400.7154
 EELEC  =   -120288.3116  EHBOND  =         0.0000  RESTRAINT  =         0.0000
 ------------------------------------------------------------------------------


      A V E R A G E S   O V E R     120 S T E P S


 NSTEP =     6000   TIME(PS) =      40.000  TEMP(K) =   285.47  PRESS =     0.0
 Etot   =    -92437.2724  EKtot   =     18784.7772  EPtot      =   -111222.0496
 BOND   =       258.3977  ANGLE   =       533.0606  DIHED      =      1004.5668
 1-4 NB =       286.0382  1-4 EEL =     -3930.2553  VDWAALS    =     14518.0901
 EELEC  =   -123891.9476  EHBOND  =         0.0000  RESTRAINT  =         0.0000
 ------------------------------------------------------------------------------


      R M S  F L U C T U A T I O N S


 NSTEP =     6000   TIME(PS) =      40.000  TEMP(K) =    17.30  PRESS =     0.0
 Etot   =      3566.2198  EKtot   =      1138.5250  EPtot      =      2432.6855
 BOND   =        21.9002  ANGLE   =        37.2674  DIHED      =        11.3717
 1-4 NB =         6.4620  1-4 EEL =        18.0340  VDWAALS    =       855.1721
 EELEC  =      3213.8088  EHBOND  =         0.0000  RESTRAINT  =         0.0000
 ------------------------------------------------------------------------------

--------------------------------------------------------------------------------
   5.  TIMINGS
--------------------------------------------------------------------------------

|  NonSetup CPU Time in Major Routines:
|
|     Routine           Sec        %
|     ------------------------------
|     Nonbond           8.92   20.34
|     Bond              0.00    0.00
|     Angle             0.00    0.00
|     Dihedral          0.00    0.00
|     Shake             0.04    0.09
|     RunMD            34.89   79.54
|     Other             0.01    0.03
|     ------------------------------
|     Total            43.87

|  PME Nonbond Pairlist CPU Time:
|
|     Routine              Sec        %
|     ---------------------------------
|     Set Up Cit           0.00    0.00
|     Build List           0.00    0.00
|     ---------------------------------
|     Total                0.00    0.00

|  PME Direct Force CPU Time:
|
|     Routine              Sec        %
|     ---------------------------------
|     NonBonded Calc       0.00    0.00
|     Exclude Masked       0.00    0.00
|     Other                0.01    0.02
|     ---------------------------------
|     Total                0.01    0.02

|  PME Reciprocal Force CPU Time:
|
|     Routine              Sec        %
|     ---------------------------------
|     1D bspline           0.00    0.00
|     Grid Charges         0.00    0.00
|     Scalar Sum           0.00    0.00
|     Gradient Sum         0.00    0.00
|     FFT                  0.00    0.00
|     ---------------------------------
|     Total                0.00    0.00

|  Final Performance Info:
|     -----------------------------------------------------
|     Average timings for last    5950 steps:
|     Elapsed(s) =      43.99 Per Step(ms) =       7.39
|         ns/day =      23.37   seconds/ns =    3696.74
|
|     Average timings for all steps:
|     Elapsed(s) =      44.63 Per Step(ms) =       7.44
|         ns/day =      23.23   seconds/ns =    3719.29
|     -----------------------------------------------------

|  Setup CPU time:            1.67 seconds
|  NonSetup CPU time:        43.87 seconds
|  Total CPU time:           45.54 seconds     0.01 hours

|  Setup wall time:           2    seconds
|  NonSetup wall time:       44    seconds
|  Total wall time:          46    seconds     0.01 hours
