
          -------------------------------------------------------
          Amber 16 PMEMD                              2016
          -------------------------------------------------------

| PMEMD implementation of SANDER, Release 16

| Run on 06/04/2024 at 22:38:37

|   Executable path: pmemd.cuda
| Working directory: /home/students/keyq/fuben4/7/7LA
|          Hostname: master

  [-O]verwriting output

File Assignments:
|   MDIN: heat5.in                                                              
|  MDOUT: cmp_heat5.out                                                         
| INPCRD: cmp_heat4.rst                                                         
|   PARM: cmp.prmtop                                                            
| RESTRT: cmp_heat5.rst                                                         
|   REFC: cmp.inpcrd                                                            
|  MDVEL: mdvel                                                                 
|   MDEN: mden                                                                  
|  MDCRD: cmp_heat5.mdcrd                                                       
| MDINFO: mdinfo                                                                
|  MDFRC: mdfrc                                                                 


 Here is the input file:

Stage 2 equilibration 1 0-5ns                                                  
 &cntrl                                                                        
  imin=0, irest=1, ntx=5,                                                      
  nstlim=4000, dt=0.002,                                                       
  ntc=2, ntf=2,                                                                
  ntt=1, tautp=1.5,                                                            
  tempi=200.0, temp0=255.0,                                                    
  ntpr=50, ntwx=50,                                                            
  ntb=1,                                                                       
  cut=10,                                                                      
 /                                                                             


Note: ig = -1. Setting random seed to    38379 based on wallclock time in 
      microseconds.
 
|--------------------- INFORMATION ----------------------
| GPU (CUDA) Version of PMEMD in use: NVIDIA GPU IN USE.
|                    Version 16.0.0
| 
|                      02/25/2016
| 
| Implementation by:
|                    Ross C. Walker     (SDSC)
|                    Scott Le Grand     (nVIDIA)
| 
| Precision model in use:
|      [SPFP] - Single Precision Forces, 64-bit Fixed Point
|               Accumulation. (Default)
| 
|--------------------------------------------------------
 
|----------------- CITATION INFORMATION -----------------
|
|    When publishing work that utilized the CUDA version
|    of AMBER, please cite the following in addition to
|    the regular AMBER citations:
|
|  - Romelia Salomon-Ferrer; Andreas W. Goetz; Duncan
|    Poole; Scott Le Grand; Ross C. Walker "Routine
|    microsecond molecular dynamics simulations with
|    AMBER - Part II: Particle Mesh Ewald", J. Chem.
|    Theory Comput., 2013, 9 (9), pp3878-3888,
|    DOI: 10.1021/ct400314y.
|
|  - Andreas W. Goetz; Mark J. Williamson; Dong Xu;
|    Duncan Poole; Scott Le Grand; Ross C. Walker
|    "Routine microsecond molecular dynamics simulations
|    with AMBER - Part I: Generalized Born", J. Chem.
|    Theory Comput., 2012, 8 (5), pp1542-1555.
|
|  - Scott Le Grand; Andreas W. Goetz; Ross C. Walker
|    "SPFP: Speed without compromise - a mixed precision
|    model for GPU accelerated molecular dynamics
|    simulations.", Comp. Phys. Comm., 2013, 184
|    pp374-380, DOI: 10.1016/j.cpc.2012.09.022
|
|--------------------------------------------------------
 
|------------------- GPU DEVICE INFO --------------------
|
|            CUDA_VISIBLE_DEVICES: 0
|   CUDA Capable Devices Detected:      1
|           CUDA Device ID in use:      0
|                CUDA Device Name: Tesla V100-PCIE-32GB
|     CUDA Device Global Mem Size:  32510 MB
| CUDA Device Num Multiprocessors:     80
|           CUDA Device Core Freq:   1.38 GHz
|
|--------------------------------------------------------
 
 
| Conditional Compilation Defines Used:
| PUBFFT
| BINTRAJ
| CUDA
| EMIL

| Largest sphere to fit in unit cell has radius =    32.007

| New format PARM file being parsed.
| Version =    1.000 Date = 08/25/20 Time = 11:03:14

| Note: 1-4 EEL scale factors are being read from the topology file.

| Note: 1-4 VDW scale factors are being read from the topology file.
| Duplicated    0 dihedrals

| Duplicated    0 dihedrals

--------------------------------------------------------------------------------
   1.  RESOURCE   USE: 
--------------------------------------------------------------------------------

 getting box info from netcdf restart file
 NATOM  =   32754 NTYPES =      18 NBONH =   32031 MBONA  =     774
 NTHETH =     892 MTHETA =    1191 NPHIH =    1828 MPHIA  =    2451
 NHPARM =       0 NPARM  =       0 NNB   =   48189 NRES   =   10617
 NBONA  =     774 NTHETA =    1191 NPHIA =    2451 NUMBND =      61
 NUMANG =     127 NPTRA  =      75 NATYP =      34 NPHB   =       1
 IFBOX  =       2 NMXRS  =      33 IFCAP =       0 NEXTRA =       0
 NCOPY  =       0

| Coordinate Index Table dimensions:    12   12   12
| Direct force subcell size =     6.5333    6.5333    6.5333

     BOX TYPE: TRUNCATED OCTAHEDRON

--------------------------------------------------------------------------------
   2.  CONTROL  DATA  FOR  THE  RUN
--------------------------------------------------------------------------------

default_name                                                                    

General flags:
     imin    =       0, nmropt  =       0

Nature and format of input:
     ntx     =       5, irest   =       1, ntrx    =       1

Nature and format of output:
     ntxo    =       2, ntpr    =      50, ntrx    =       1, ntwr    =    4000
     iwrap   =       0, ntwx    =      50, ntwv    =       0, ntwe    =       0
     ioutfm  =       1, ntwprt  =       0, idecomp =       0, rbornstat=      0

Potential function:
     ntf     =       2, ntb     =       1, igb     =       0, nsnb    =      25
     ipol    =       0, gbsa    =       0, iesp    =       0
     dielc   =   1.00000, cut     =  10.00000, intdiel =   1.00000

Frozen or restrained atoms:
     ibelly  =       0, ntr     =       0

Molecular dynamics:
     nstlim  =      4000, nscm    =      1000, nrespa  =         1
     t       =   0.00000, dt      =   0.00200, vlimit  =  -1.00000

Berendsen (weak-coupling) temperature regulation:
     temp0   = 255.00000, tempi   = 200.00000, tautp   =   1.50000

SHAKE:
     ntc     =       2, jfastw  =       0
     tol     =   0.00001

| Intermolecular bonds treatment:
|     no_intermolecular_bonds =       1

| Energy averages sample interval:
|     ene_avg_sampling =      50

Ewald parameters:
     verbose =       0, ew_type =       0, nbflag  =       1, use_pme =       1
     vdwmeth =       1, eedmeth =       1, netfrc  =       1
     Box X =   78.400   Box Y =   78.400   Box Z =   78.400
     Alpha =  109.471   Beta  =  109.471   Gamma =  109.471
     NFFT1 =   80       NFFT2 =   80       NFFT3 =   80
     Cutoff=   10.000   Tol   =0.100E-04
     Ewald Coefficient =  0.27511
     Interpolation order =    4

--------------------------------------------------------------------------------
   3.  ATOMIC COORDINATES AND VELOCITIES
--------------------------------------------------------------------------------

default_name                                                                    
 begin time read from input coords =    20.000 ps

 
 Number of triangulated 3-point waters found:    10551

     Sum of charges from parm topology file =   0.00000018
     Forcing neutrality...

| Dynamic Memory, Types Used:
| Reals              964167
| Integers           796987

| Nonbonded Pairs Initial Allocation:     9907266

| GPU memory information (estimate):
| KB of GPU memory in use:    166573
| KB of CPU memory in use:     55441

--------------------------------------------------------------------------------
   4.  RESULTS
--------------------------------------------------------------------------------

 ---------------------------------------------------
 APPROXIMATING switch and d/dx switch using CUBIC SPLINE INTERPOLATION
 using   5000.0 points per unit in tabled values
 TESTING RELATIVE ERROR over r ranging from 0.0 to cutoff
| CHECK switch(x): max rel err =   0.2738E-14   at   2.422500
| CHECK d/dx switch(x): max rel err =   0.8314E-11   at   2.736960
 ---------------------------------------------------
|---------------------------------------------------
| APPROXIMATING direct energy using CUBIC SPLINE INTERPOLATION
|  with   50.0 points per unit in tabled values
| Relative Error Limit not exceeded for r .gt.   2.33
| APPROXIMATING direct force using CUBIC SPLINE INTERPOLATION
|  with   50.0 points per unit in tabled values
| Relative Error Limit not exceeded for r .gt.   2.80
|---------------------------------------------------

 NSTEP =       50   TIME(PS) =      20.100  TEMP(K) =   188.49  PRESS =     0.0
 Etot   =   -112271.4269  EKtot   =     12403.5137  EPtot      =   -124674.9405
 BOND   =       148.6944  ANGLE   =       354.7946  DIHED      =       981.9455
 1-4 NB =       276.9261  1-4 EEL =     -3944.9840  VDWAALS    =     19628.3467
 EELEC  =   -142120.6639  EHBOND  =         0.0000  RESTRAINT  =         0.0000
 ------------------------------------------------------------------------------


 NSTEP =      100   TIME(PS) =      20.200  TEMP(K) =   188.99  PRESS =     0.0
 Etot   =   -111984.3281  EKtot   =     12436.3291  EPtot      =   -124420.6572
 BOND   =       151.9674  ANGLE   =       339.0864  DIHED      =       983.9614
 1-4 NB =       276.4277  1-4 EEL =     -3902.6225  VDWAALS    =     19584.1114
 EELEC  =   -141853.5891  EHBOND  =         0.0000  RESTRAINT  =         0.0000
 ------------------------------------------------------------------------------


 NSTEP =      150   TIME(PS) =      20.300  TEMP(K) =   192.37  PRESS =     0.0
 Etot   =   -111703.9793  EKtot   =     12658.4980  EPtot      =   -124362.4773
 BOND   =       143.9624  ANGLE   =       349.3979  DIHED      =       981.1367
 1-4 NB =       276.4112  1-4 EEL =     -3929.6744  VDWAALS    =     19704.4072
 EELEC  =   -141888.1185  EHBOND  =         0.0000  RESTRAINT  =         0.0000
 ------------------------------------------------------------------------------


 NSTEP =      200   TIME(PS) =      20.400  TEMP(K) =   194.08  PRESS =     0.0
 Etot   =   -111429.3040  EKtot   =     12771.0928  EPtot      =   -124200.3967
 BOND   =       149.3796  ANGLE   =       354.4945  DIHED      =       981.3396
 1-4 NB =       279.2029  1-4 EEL =     -3911.6730  VDWAALS    =     19608.1650
 EELEC  =   -141661.3054  EHBOND  =         0.0000  RESTRAINT  =         0.0000
 ------------------------------------------------------------------------------


 NSTEP =      250   TIME(PS) =      20.500  TEMP(K) =   195.97  PRESS =     0.0
 Etot   =   -111167.2094  EKtot   =     12895.5820  EPtot      =   -124062.7915
 BOND   =       149.7401  ANGLE   =       372.9852  DIHED      =       973.9393
 1-4 NB =       274.8634  1-4 EEL =     -3938.1029  VDWAALS    =     19578.9015
 EELEC  =   -141475.1180  EHBOND  =         0.0000  RESTRAINT  =         0.0000
 ------------------------------------------------------------------------------


 NSTEP =      300   TIME(PS) =      20.600  TEMP(K) =   196.52  PRESS =     0.0
 Etot   =   -110912.5643  EKtot   =     12931.5332  EPtot      =   -123844.0975
 BOND   =       156.0236  ANGLE   =       372.3071  DIHED      =       983.5924
 1-4 NB =       268.0112  1-4 EEL =     -3921.0639  VDWAALS    =     19664.8860
 EELEC  =   -141367.8539  EHBOND  =         0.0000  RESTRAINT  =         0.0000
 ------------------------------------------------------------------------------


 NSTEP =      350   TIME(PS) =      20.700  TEMP(K) =   198.18  PRESS =     0.0
 Etot   =   -110660.3834  EKtot   =     13041.1992  EPtot      =   -123701.5826
 BOND   =       153.6589  ANGLE   =       356.0810  DIHED      =       975.9022
 1-4 NB =       278.8638  1-4 EEL =     -3916.6690  VDWAALS    =     19562.6234
 EELEC  =   -141112.0428  EHBOND  =         0.0000  RESTRAINT  =         0.0000
 ------------------------------------------------------------------------------


 NSTEP =      400   TIME(PS) =      20.800  TEMP(K) =   200.99  PRESS =     0.0
 Etot   =   -110417.5869  EKtot   =     13225.8086  EPtot      =   -123643.3955
 BOND   =       155.8241  ANGLE   =       373.3587  DIHED      =       981.5793
 1-4 NB =       284.1928  1-4 EEL =     -3917.5048  VDWAALS    =     19336.6454
 EELEC  =   -140857.4909  EHBOND  =         0.0000  RESTRAINT  =         0.0000
 ------------------------------------------------------------------------------


 NSTEP =      450   TIME(PS) =      20.900  TEMP(K) =   199.67  PRESS =     0.0
 Etot   =   -110174.8190  EKtot   =     13139.1201  EPtot      =   -123313.9391
 BOND   =       152.3612  ANGLE   =       369.3036  DIHED      =       988.5312
 1-4 NB =       274.9373  1-4 EEL =     -3907.1466  VDWAALS    =     19389.7505
 EELEC  =   -140581.6763  EHBOND  =         0.0000  RESTRAINT  =         0.0000
 ------------------------------------------------------------------------------


 NSTEP =      500   TIME(PS) =      21.000  TEMP(K) =   202.76  PRESS =     0.0
 Etot   =   -109944.5517  EKtot   =     13342.1475  EPtot      =   -123286.6991
 BOND   =       155.3182  ANGLE   =       391.0546  DIHED      =       985.7584
 1-4 NB =       280.3313  1-4 EEL =     -3948.2917  VDWAALS    =     19596.6508
 EELEC  =   -140747.5207  EHBOND  =         0.0000  RESTRAINT  =         0.0000
 ------------------------------------------------------------------------------


 NSTEP =      550   TIME(PS) =      21.100  TEMP(K) =   202.56  PRESS =     0.0
 Etot   =   -109716.7003  EKtot   =     13329.4033  EPtot      =   -123046.1036
 BOND   =       167.8543  ANGLE   =       375.4277  DIHED      =       999.2301
 1-4 NB =       277.6347  1-4 EEL =     -3934.1331  VDWAALS    =     19275.4921
 EELEC  =   -140207.6094  EHBOND  =         0.0000  RESTRAINT  =         0.0000
 ------------------------------------------------------------------------------


 NSTEP =      600   TIME(PS) =      21.200  TEMP(K) =   203.80  PRESS =     0.0
 Etot   =   -109493.5631  EKtot   =     13410.7227  EPtot      =   -122904.2857
 BOND   =       158.4393  ANGLE   =       383.2362  DIHED      =       999.7469
 1-4 NB =       278.6947  1-4 EEL =     -3906.5627  VDWAALS    =     19155.2064
 EELEC  =   -139973.0465  EHBOND  =         0.0000  RESTRAINT  =         0.0000
 ------------------------------------------------------------------------------


 NSTEP =      650   TIME(PS) =      21.300  TEMP(K) =   205.93  PRESS =     0.0
 Etot   =   -109277.3353  EKtot   =     13551.0498  EPtot      =   -122828.3851
 BOND   =       169.9676  ANGLE   =       384.7763  DIHED      =      1001.6352
 1-4 NB =       277.5734  1-4 EEL =     -3925.4726  VDWAALS    =     19093.0874
 EELEC  =   -139829.9523  EHBOND  =         0.0000  RESTRAINT  =         0.0000
 ------------------------------------------------------------------------------


 NSTEP =      700   TIME(PS) =      21.400  TEMP(K) =   207.08  PRESS =     0.0
 Etot   =   -109066.9851  EKtot   =     13626.8086  EPtot      =   -122693.7937
 BOND   =       169.9767  ANGLE   =       370.7582  DIHED      =       988.3622
 1-4 NB =       274.4934  1-4 EEL =     -3919.6489  VDWAALS    =     19001.0580
 EELEC  =   -139578.7932  EHBOND  =         0.0000  RESTRAINT  =         0.0000
 ------------------------------------------------------------------------------


 NSTEP =      750   TIME(PS) =      21.500  TEMP(K) =   207.64  PRESS =     0.0
 Etot   =   -108861.6622  EKtot   =     13663.6260  EPtot      =   -122525.2881
 BOND   =       171.8411  ANGLE   =       382.6787  DIHED      =       991.2736
 1-4 NB =       274.1749  1-4 EEL =     -3911.8478  VDWAALS    =     19268.7220
 EELEC  =   -139702.1306  EHBOND  =         0.0000  RESTRAINT  =         0.0000
 ------------------------------------------------------------------------------


 NSTEP =      800   TIME(PS) =      21.600  TEMP(K) =   208.94  PRESS =     0.0
 Etot   =   -108658.3953  EKtot   =     13749.2441  EPtot      =   -122407.6395
 BOND   =       186.2660  ANGLE   =       384.3589  DIHED      =       979.8052
 1-4 NB =       274.5561  1-4 EEL =     -3926.5352  VDWAALS    =     18890.3324
 EELEC  =   -139196.4228  EHBOND  =         0.0000  RESTRAINT  =         0.0000
 ------------------------------------------------------------------------------


 NSTEP =      850   TIME(PS) =      21.700  TEMP(K) =   210.17  PRESS =     0.0
 Etot   =   -108458.0918  EKtot   =     13830.1670  EPtot      =   -122288.2588
 BOND   =       159.7864  ANGLE   =       385.9356  DIHED      =       991.0859
 1-4 NB =       280.4019  1-4 EEL =     -3907.8344  VDWAALS    =     18780.1931
 EELEC  =   -138977.8272  EHBOND  =         0.0000  RESTRAINT  =         0.0000
 ------------------------------------------------------------------------------


 NSTEP =      900   TIME(PS) =      21.800  TEMP(K) =   210.30  PRESS =     0.0
 Etot   =   -108265.9501  EKtot   =     13838.4189  EPtot      =   -122104.3690
 BOND   =       176.1939  ANGLE   =       392.5781  DIHED      =       988.5271
 1-4 NB =       271.8260  1-4 EEL =     -3921.9801  VDWAALS    =     18788.3300
 EELEC  =   -138799.8440  EHBOND  =         0.0000  RESTRAINT  =         0.0000
 ------------------------------------------------------------------------------


 NSTEP =      950   TIME(PS) =      21.900  TEMP(K) =   213.09  PRESS =     0.0
 Etot   =   -108077.8676  EKtot   =     14021.8516  EPtot      =   -122099.7191
 BOND   =       173.8666  ANGLE   =       382.5599  DIHED      =       993.3386
 1-4 NB =       274.6401  1-4 EEL =     -3929.6477  VDWAALS    =     18853.2321
 EELEC  =   -138847.7088  EHBOND  =         0.0000  RESTRAINT  =         0.0000
 ------------------------------------------------------------------------------

check COM velocity, temp:        0.000015     0.00(Removed)

 NSTEP =     1000   TIME(PS) =      22.000  TEMP(K) =   211.93  PRESS =     0.0
 Etot   =   -107890.0733  EKtot   =     13946.1016  EPtot      =   -121836.1748
 BOND   =       164.2966  ANGLE   =       382.2449  DIHED      =      1006.6357
 1-4 NB =       277.3669  1-4 EEL =     -3910.2720  VDWAALS    =     18544.7392
 EELEC  =   -138301.1861  EHBOND  =         0.0000  RESTRAINT  =         0.0000
 ------------------------------------------------------------------------------


 NSTEP =     1050   TIME(PS) =      22.100  TEMP(K) =   214.50  PRESS =     0.0
 Etot   =   -107708.7124  EKtot   =     14114.9961  EPtot      =   -121823.7085
 BOND   =       179.2100  ANGLE   =       395.0387  DIHED      =      1010.7158
 1-4 NB =       273.6445  1-4 EEL =     -3955.7049  VDWAALS    =     18771.5767
 EELEC  =   -138498.1894  EHBOND  =         0.0000  RESTRAINT  =         0.0000
 ------------------------------------------------------------------------------


 NSTEP =     1100   TIME(PS) =      22.200  TEMP(K) =   214.93  PRESS =     0.0
 Etot   =   -107531.1418  EKtot   =     14142.9814  EPtot      =   -121674.1233
 BOND   =       176.7609  ANGLE   =       379.3183  DIHED      =       996.7513
 1-4 NB =       282.1795  1-4 EEL =     -3932.2289  VDWAALS    =     18736.3078
 EELEC  =   -138313.2122  EHBOND  =         0.0000  RESTRAINT  =         0.0000
 ------------------------------------------------------------------------------


 NSTEP =     1150   TIME(PS) =      22.300  TEMP(K) =   215.65  PRESS =     0.0
 Etot   =   -107358.2657  EKtot   =     14190.3799  EPtot      =   -121548.6456
 BOND   =       161.3477  ANGLE   =       408.6494  DIHED      =      1000.7022
 1-4 NB =       275.0077  1-4 EEL =     -3916.1371  VDWAALS    =     18494.3484
 EELEC  =   -137972.5639  EHBOND  =         0.0000  RESTRAINT  =         0.0000
 ------------------------------------------------------------------------------


 NSTEP =     1200   TIME(PS) =      22.400  TEMP(K) =   217.56  PRESS =     0.0
 Etot   =   -107185.5251  EKtot   =     14316.4443  EPtot      =   -121501.9695
 BOND   =       171.9265  ANGLE   =       398.9711  DIHED      =      1010.5668
 1-4 NB =       282.7947  1-4 EEL =     -3917.7231  VDWAALS    =     18664.8916
 EELEC  =   -138113.3971  EHBOND  =         0.0000  RESTRAINT  =         0.0000
 ------------------------------------------------------------------------------


 NSTEP =     1250   TIME(PS) =      22.500  TEMP(K) =   216.63  PRESS =     0.0
 Etot   =   -107015.5351  EKtot   =     14255.4092  EPtot      =   -121270.9442
 BOND   =       174.5690  ANGLE   =       408.3529  DIHED      =      1000.6230
 1-4 NB =       274.9509  1-4 EEL =     -3925.2710  VDWAALS    =     18654.2306
 EELEC  =   -137858.3996  EHBOND  =         0.0000  RESTRAINT  =         0.0000
 ------------------------------------------------------------------------------


 NSTEP =     1300   TIME(PS) =      22.600  TEMP(K) =   218.40  PRESS =     0.0
 Etot   =   -106849.7481  EKtot   =     14371.3984  EPtot      =   -121221.1465
 BOND   =       189.3460  ANGLE   =       404.1483  DIHED      =       988.3243
 1-4 NB =       271.5839  1-4 EEL =     -3935.5907  VDWAALS    =     18316.4813
 EELEC  =   -137455.4396  EHBOND  =         0.0000  RESTRAINT  =         0.0000
 ------------------------------------------------------------------------------


 NSTEP =     1350   TIME(PS) =      22.700  TEMP(K) =   219.93  PRESS =     0.0
 Etot   =   -106690.6385  EKtot   =     14472.4893  EPtot      =   -121163.1277
 BOND   =       175.8950  ANGLE   =       392.5314  DIHED      =      1004.1189
 1-4 NB =       287.3871  1-4 EEL =     -3933.6380  VDWAALS    =     18149.9377
 EELEC  =   -137239.3598  EHBOND  =         0.0000  RESTRAINT  =         0.0000
 ------------------------------------------------------------------------------


 NSTEP =     1400   TIME(PS) =      22.800  TEMP(K) =   220.46  PRESS =     0.0
 Etot   =   -106532.2509  EKtot   =     14507.2578  EPtot      =   -121039.5088
 BOND   =       170.9226  ANGLE   =       400.8910  DIHED      =       999.5534
 1-4 NB =       274.1550  1-4 EEL =     -3921.0809  VDWAALS    =     18067.3600
 EELEC  =   -137031.3099  EHBOND  =         0.0000  RESTRAINT  =         0.0000
 ------------------------------------------------------------------------------


 NSTEP =     1450   TIME(PS) =      22.900  TEMP(K) =   220.21  PRESS =     0.0
 Etot   =   -106379.8826  EKtot   =     14490.7949  EPtot      =   -120870.6775
 BOND   =       192.2630  ANGLE   =       392.1635  DIHED      =       993.1695
 1-4 NB =       273.3142  1-4 EEL =     -3905.9136  VDWAALS    =     18064.8979
 EELEC  =   -136880.5720  EHBOND  =         0.0000  RESTRAINT  =         0.0000
 ------------------------------------------------------------------------------


 NSTEP =     1500   TIME(PS) =      23.000  TEMP(K) =   218.79  PRESS =     0.0
 Etot   =   -106224.8121  EKtot   =     14397.1426  EPtot      =   -120621.9547
 BOND   =       182.5203  ANGLE   =       405.4322  DIHED      =      1004.2658
 1-4 NB =       278.8832  1-4 EEL =     -3934.3893  VDWAALS    =     17912.9715
 EELEC  =   -136471.6383  EHBOND  =         0.0000  RESTRAINT  =         0.0000
 ------------------------------------------------------------------------------


 NSTEP =     1550   TIME(PS) =      23.100  TEMP(K) =   221.70  PRESS =     0.0
 Etot   =   -106080.1711  EKtot   =     14588.7051  EPtot      =   -120668.8762
 BOND   =       179.3294  ANGLE   =       385.1536  DIHED      =      1009.8689
 1-4 NB =       269.5758  1-4 EEL =     -3899.4257  VDWAALS    =     18293.5426
 EELEC  =   -136906.9208  EHBOND  =         0.0000  RESTRAINT  =         0.0000
 ------------------------------------------------------------------------------


 NSTEP =     1600   TIME(PS) =      23.200  TEMP(K) =   222.21  PRESS =     0.0
 Etot   =   -105934.3801  EKtot   =     14622.3887  EPtot      =   -120556.7687
 BOND   =       167.7783  ANGLE   =       403.1294  DIHED      =      1014.4475
 1-4 NB =       275.1824  1-4 EEL =     -3903.1855  VDWAALS    =     18025.4145
 EELEC  =   -136539.5354  EHBOND  =         0.0000  RESTRAINT  =         0.0000
 ------------------------------------------------------------------------------


 NSTEP =     1650   TIME(PS) =      23.300  TEMP(K) =   222.75  PRESS =     0.0
 Etot   =   -105795.2006  EKtot   =     14657.5205  EPtot      =   -120452.7211
 BOND   =       181.2157  ANGLE   =       376.9043  DIHED      =      1012.5699
 1-4 NB =       284.5019  1-4 EEL =     -3908.8525  VDWAALS    =     18039.6919
 EELEC  =   -136438.7523  EHBOND  =         0.0000  RESTRAINT  =         0.0000
 ------------------------------------------------------------------------------


 NSTEP =     1700   TIME(PS) =      23.400  TEMP(K) =   223.23  PRESS =     0.0
 Etot   =   -105654.8493  EKtot   =     14689.1475  EPtot      =   -120343.9968
 BOND   =       181.9764  ANGLE   =       410.4477  DIHED      =      1010.7606
 1-4 NB =       283.8183  1-4 EEL =     -3915.6648  VDWAALS    =     17909.0580
 EELEC  =   -136224.3929  EHBOND  =         0.0000  RESTRAINT  =         0.0000
 ------------------------------------------------------------------------------


 NSTEP =     1750   TIME(PS) =      23.500  TEMP(K) =   225.29  PRESS =     0.0
 Etot   =   -105521.5263  EKtot   =     14824.9502  EPtot      =   -120346.4765
 BOND   =       175.7455  ANGLE   =       390.9047  DIHED      =       988.8188
 1-4 NB =       275.8274  1-4 EEL =     -3926.5473  VDWAALS    =     18040.2349
 EELEC  =   -136291.4605  EHBOND  =         0.0000  RESTRAINT  =         0.0000
 ------------------------------------------------------------------------------


 NSTEP =     1800   TIME(PS) =      23.600  TEMP(K) =   225.38  PRESS =     0.0
 Etot   =   -105391.1773  EKtot   =     14830.5820  EPtot      =   -120221.7593
 BOND   =       190.8750  ANGLE   =       406.1096  DIHED      =       987.8083
 1-4 NB =       276.1288  1-4 EEL =     -3936.7258  VDWAALS    =     18055.6918
 EELEC  =   -136201.6469  EHBOND  =         0.0000  RESTRAINT  =         0.0000
 ------------------------------------------------------------------------------


 NSTEP =     1850   TIME(PS) =      23.700  TEMP(K) =   225.97  PRESS =     0.0
 Etot   =   -105262.5307  EKtot   =     14869.7686  EPtot      =   -120132.2992
 BOND   =       184.7820  ANGLE   =       408.7934  DIHED      =      1001.4040
 1-4 NB =       271.3726  1-4 EEL =     -3917.5381  VDWAALS    =     18214.8328
 EELEC  =   -136295.9461  EHBOND  =         0.0000  RESTRAINT  =         0.0000
 ------------------------------------------------------------------------------


 NSTEP =     1900   TIME(PS) =      23.800  TEMP(K) =   226.38  PRESS =     0.0
 Etot   =   -105139.3990  EKtot   =     14896.7559  EPtot      =   -120036.1549
 BOND   =       190.1368  ANGLE   =       397.6229  DIHED      =      1001.1922
 1-4 NB =       269.1090  1-4 EEL =     -3906.0573  VDWAALS    =     18100.0232
 EELEC  =   -136088.1817  EHBOND  =         0.0000  RESTRAINT  =         0.0000
 ------------------------------------------------------------------------------


 NSTEP =     1950   TIME(PS) =      23.900  TEMP(K) =   226.80  PRESS =     0.0
 Etot   =   -105012.3817  EKtot   =     14924.1387  EPtot      =   -119936.5204
 BOND   =       181.7726  ANGLE   =       403.5565  DIHED      =      1002.9728
 1-4 NB =       275.0852  1-4 EEL =     -3895.4055  VDWAALS    =     17845.3485
 EELEC  =   -135749.8505  EHBOND  =         0.0000  RESTRAINT  =         0.0000
 ------------------------------------------------------------------------------

check COM velocity, temp:        0.000010     0.00(Removed)

 NSTEP =     2000   TIME(PS) =      24.000  TEMP(K) =   227.77  PRESS =     0.0
 Etot   =   -104890.3118  EKtot   =     14988.0127  EPtot      =   -119878.3245
 BOND   =       192.1863  ANGLE   =       415.1371  DIHED      =      1015.0274
 1-4 NB =       272.3574  1-4 EEL =     -3932.6903  VDWAALS    =     17559.5637
 EELEC  =   -135399.9061  EHBOND  =         0.0000  RESTRAINT  =         0.0000
 ------------------------------------------------------------------------------


 NSTEP =     2050   TIME(PS) =      24.100  TEMP(K) =   228.06  PRESS =     0.0
 Etot   =   -104775.7746  EKtot   =     15007.3779  EPtot      =   -119783.1526
 BOND   =       188.4266  ANGLE   =       397.3109  DIHED      =      1007.9455
 1-4 NB =       281.8803  1-4 EEL =     -3907.7000  VDWAALS    =     17763.2125
 EELEC  =   -135514.2284  EHBOND  =         0.0000  RESTRAINT  =         0.0000
 ------------------------------------------------------------------------------


 NSTEP =     2100   TIME(PS) =      24.200  TEMP(K) =   229.51  PRESS =     0.0
 Etot   =   -104658.9889  EKtot   =     15102.8867  EPtot      =   -119761.8756
 BOND   =       186.0580  ANGLE   =       388.7018  DIHED      =      1000.8029
 1-4 NB =       269.4023  1-4 EEL =     -3931.0418  VDWAALS    =     17810.7014
 EELEC  =   -135486.5002  EHBOND  =         0.0000  RESTRAINT  =         0.0000
 ------------------------------------------------------------------------------


 NSTEP =     2150   TIME(PS) =      24.300  TEMP(K) =   228.72  PRESS =     0.0
 Etot   =   -104543.9587  EKtot   =     15050.7285  EPtot      =   -119594.6873
 BOND   =       186.0202  ANGLE   =       393.8991  DIHED      =       996.8220
 1-4 NB =       278.1631  1-4 EEL =     -3908.6568  VDWAALS    =     17663.1500
 EELEC  =   -135204.0847  EHBOND  =         0.0000  RESTRAINT  =         0.0000
 ------------------------------------------------------------------------------


 NSTEP =     2200   TIME(PS) =      24.400  TEMP(K) =   230.06  PRESS =     0.0
 Etot   =   -104433.2972  EKtot   =     15138.7002  EPtot      =   -119571.9974
 BOND   =       185.6030  ANGLE   =       424.0066  DIHED      =      1000.4515
 1-4 NB =       282.9003  1-4 EEL =     -3920.9904  VDWAALS    =     17722.7290
 EELEC  =   -135266.6974  EHBOND  =         0.0000  RESTRAINT  =         0.0000
 ------------------------------------------------------------------------------


 NSTEP =     2250   TIME(PS) =      24.500  TEMP(K) =   230.84  PRESS =     0.0
 Etot   =   -104326.2388  EKtot   =     15190.3916  EPtot      =   -119516.6304
 BOND   =       197.2072  ANGLE   =       421.1555  DIHED      =       991.5859
 1-4 NB =       273.9514  1-4 EEL =     -3915.8241  VDWAALS    =     17663.2891
 EELEC  =   -135147.9954  EHBOND  =         0.0000  RESTRAINT  =         0.0000
 ------------------------------------------------------------------------------


 NSTEP =     2300   TIME(PS) =      24.600  TEMP(K) =   231.29  PRESS =     0.0
 Etot   =   -104219.1685  EKtot   =     15219.8838  EPtot      =   -119439.0523
 BOND   =       190.1694  ANGLE   =       408.1010  DIHED      =      1002.5085
 1-4 NB =       274.9055  1-4 EEL =     -3913.2010  VDWAALS    =     17527.6580
 EELEC  =   -134929.1937  EHBOND  =         0.0000  RESTRAINT  =         0.0000
 ------------------------------------------------------------------------------


 NSTEP =     2350   TIME(PS) =      24.700  TEMP(K) =   230.86  PRESS =     0.0
 Etot   =   -104111.0797  EKtot   =     15191.1904  EPtot      =   -119302.2701
 BOND   =       200.2444  ANGLE   =       407.3127  DIHED      =       999.3825
 1-4 NB =       281.0221  1-4 EEL =     -3943.1670  VDWAALS    =     17684.9852
 EELEC  =   -134932.0500  EHBOND  =         0.0000  RESTRAINT  =         0.0000
 ------------------------------------------------------------------------------


 NSTEP =     2400   TIME(PS) =      24.800  TEMP(K) =   231.77  PRESS =     0.0
 Etot   =   -104007.4949  EKtot   =     15251.3975  EPtot      =   -119258.8924
 BOND   =       198.3943  ANGLE   =       411.9104  DIHED      =      1006.2729
 1-4 NB =       277.1480  1-4 EEL =     -3945.7533  VDWAALS    =     17399.2153
 EELEC  =   -134606.0800  EHBOND  =         0.0000  RESTRAINT  =         0.0000
 ------------------------------------------------------------------------------


 NSTEP =     2450   TIME(PS) =      24.900  TEMP(K) =   230.97  PRESS =     0.0
 Etot   =   -103909.4732  EKtot   =     15198.9912  EPtot      =   -119108.4644
 BOND   =       199.5736  ANGLE   =       403.4691  DIHED      =       994.2512
 1-4 NB =       278.1208  1-4 EEL =     -3907.3018  VDWAALS    =     17571.4123
 EELEC  =   -134647.9897  EHBOND  =         0.0000  RESTRAINT  =         0.0000
 ------------------------------------------------------------------------------


 NSTEP =     2500   TIME(PS) =      25.000  TEMP(K) =   231.65  PRESS =     0.0
 Etot   =   -103805.7656  EKtot   =     15243.3311  EPtot      =   -119049.0967
 BOND   =       194.6824  ANGLE   =       434.2620  DIHED      =      1004.1068
 1-4 NB =       273.0478  1-4 EEL =     -3907.6971  VDWAALS    =     17149.5335
 EELEC  =   -134197.0320  EHBOND  =         0.0000  RESTRAINT  =         0.0000
 ------------------------------------------------------------------------------


 NSTEP =     2550   TIME(PS) =      25.100  TEMP(K) =   233.76  PRESS =     0.0
 Etot   =   -103710.2098  EKtot   =     15382.0625  EPtot      =   -119092.2723
 BOND   =       197.6485  ANGLE   =       414.1949  DIHED      =      1007.1111
 1-4 NB =       281.0041  1-4 EEL =     -3923.4271  VDWAALS    =     17331.8984
 EELEC  =   -134400.7021  EHBOND  =         0.0000  RESTRAINT  =         0.0000
 ------------------------------------------------------------------------------


 NSTEP =     2600   TIME(PS) =      25.200  TEMP(K) =   232.74  PRESS =     0.0
 Etot   =   -103613.9587  EKtot   =     15314.9404  EPtot      =   -118928.8992
 BOND   =       189.6547  ANGLE   =       428.8056  DIHED      =      1004.5484
 1-4 NB =       289.1691  1-4 EEL =     -3924.8870  VDWAALS    =     17319.7941
 EELEC  =   -134235.9841  EHBOND  =         0.0000  RESTRAINT  =         0.0000
 ------------------------------------------------------------------------------


 NSTEP =     2650   TIME(PS) =      25.300  TEMP(K) =   233.50  PRESS =     0.0
 Etot   =   -103517.8793  EKtot   =     15365.0869  EPtot      =   -118882.9662
 BOND   =       200.9460  ANGLE   =       421.5443  DIHED      =       992.5173
 1-4 NB =       276.7174  1-4 EEL =     -3919.4758  VDWAALS    =     17176.0320
 EELEC  =   -134031.2475  EHBOND  =         0.0000  RESTRAINT  =         0.0000
 ------------------------------------------------------------------------------


 NSTEP =     2700   TIME(PS) =      25.400  TEMP(K) =   232.51  PRESS =     0.0
 Etot   =   -103423.3871  EKtot   =     15300.1787  EPtot      =   -118723.5658
 BOND   =       213.2037  ANGLE   =       450.9451  DIHED      =      1016.3057
 1-4 NB =       272.0009  1-4 EEL =     -3946.5882  VDWAALS    =     17163.8219
 EELEC  =   -133893.2550  EHBOND  =         0.0000  RESTRAINT  =         0.0000
 ------------------------------------------------------------------------------


 NSTEP =     2750   TIME(PS) =      25.500  TEMP(K) =   234.23  PRESS =     0.0
 Etot   =   -103332.5087  EKtot   =     15413.2969  EPtot      =   -118745.8056
 BOND   =       212.1579  ANGLE   =       422.4721  DIHED      =      1011.8328
 1-4 NB =       278.1052  1-4 EEL =     -3954.3810  VDWAALS    =     17281.0276
 EELEC  =   -133997.0202  EHBOND  =         0.0000  RESTRAINT  =         0.0000
 ------------------------------------------------------------------------------


 NSTEP =     2800   TIME(PS) =      25.600  TEMP(K) =   232.96  PRESS =     0.0
 Etot   =   -103240.2068  EKtot   =     15329.3877  EPtot      =   -118569.5945
 BOND   =       201.1608  ANGLE   =       430.6722  DIHED      =      1003.4764
 1-4 NB =       281.4693  1-4 EEL =     -3947.8975  VDWAALS    =     17181.1939
 EELEC  =   -133719.6695  EHBOND  =         0.0000  RESTRAINT  =         0.0000
 ------------------------------------------------------------------------------


 NSTEP =     2850   TIME(PS) =      25.700  TEMP(K) =   235.57  PRESS =     0.0
 Etot   =   -103155.4727  EKtot   =     15501.6777  EPtot      =   -118657.1505
 BOND   =       200.9532  ANGLE   =       437.7937  DIHED      =      1000.3311
 1-4 NB =       281.1615  1-4 EEL =     -3945.6528  VDWAALS    =     17401.8086
 EELEC  =   -134033.5458  EHBOND  =         0.0000  RESTRAINT  =         0.0000
 ------------------------------------------------------------------------------


 NSTEP =     2900   TIME(PS) =      25.800  TEMP(K) =   234.98  PRESS =     0.0
 Etot   =   -103070.8325  EKtot   =     15462.5781  EPtot      =   -118533.4106
 BOND   =       192.0355  ANGLE   =       443.5981  DIHED      =      1007.8126
 1-4 NB =       278.6311  1-4 EEL =     -3912.3540  VDWAALS    =     17232.8130
 EELEC  =   -133775.9469  EHBOND  =         0.0000  RESTRAINT  =         0.0000
 ------------------------------------------------------------------------------


 NSTEP =     2950   TIME(PS) =      25.900  TEMP(K) =   238.05  PRESS =     0.0
 Etot   =   -102988.9151  EKtot   =     15664.6865  EPtot      =   -118653.6017
 BOND   =       181.8578  ANGLE   =       422.3679  DIHED      =       994.2161
 1-4 NB =       279.9493  1-4 EEL =     -3884.5910  VDWAALS    =     17154.5915
 EELEC  =   -133801.9933  EHBOND  =         0.0000  RESTRAINT  =         0.0000
 ------------------------------------------------------------------------------

check COM velocity, temp:        0.000006     0.00(Removed)

 NSTEP =     3000   TIME(PS) =      26.000  TEMP(K) =   235.63  PRESS =     0.0
 Etot   =   -102903.0037  EKtot   =     15505.4531  EPtot      =   -118408.4568
 BOND   =       200.0023  ANGLE   =       453.6704  DIHED      =       980.9163
 1-4 NB =       274.0902  1-4 EEL =     -3916.2687  VDWAALS    =     17128.2006
 EELEC  =   -133529.0679  EHBOND  =         0.0000  RESTRAINT  =         0.0000
 ------------------------------------------------------------------------------


 NSTEP =     3050   TIME(PS) =      26.100  TEMP(K) =   234.79  PRESS =     0.0
 Etot   =   -102819.7963  EKtot   =     15450.2061  EPtot      =   -118270.0024
 BOND   =       192.9462  ANGLE   =       448.9021  DIHED      =       992.6741
 1-4 NB =       281.9356  1-4 EEL =     -3921.0334  VDWAALS    =     17019.0455
 EELEC  =   -133284.4725  EHBOND  =         0.0000  RESTRAINT  =         0.0000
 ------------------------------------------------------------------------------


 NSTEP =     3100   TIME(PS) =      26.200  TEMP(K) =   234.19  PRESS =     0.0
 Etot   =   -102737.1792  EKtot   =     15410.8047  EPtot      =   -118147.9838
 BOND   =       200.4632  ANGLE   =       417.9403  DIHED      =      1001.1533
 1-4 NB =       279.4819  1-4 EEL =     -3902.0853  VDWAALS    =     17128.5302
 EELEC  =   -133273.4675  EHBOND  =         0.0000  RESTRAINT  =         0.0000
 ------------------------------------------------------------------------------


 NSTEP =     3150   TIME(PS) =      26.300  TEMP(K) =   238.02  PRESS =     0.0
 Etot   =   -102658.5582  EKtot   =     15662.9219  EPtot      =   -118321.4800
 BOND   =       206.5013  ANGLE   =       463.9640  DIHED      =       992.7646
 1-4 NB =       280.2523  1-4 EEL =     -3932.7093  VDWAALS    =     17174.5233
 EELEC  =   -133506.7763  EHBOND  =         0.0000  RESTRAINT  =         0.0000
 ------------------------------------------------------------------------------


 NSTEP =     3200   TIME(PS) =      26.400  TEMP(K) =   236.57  PRESS =     0.0
 Etot   =   -102582.4161  EKtot   =     15567.4873  EPtot      =   -118149.9034
 BOND   =       221.4224  ANGLE   =       430.2342  DIHED      =       992.6529
 1-4 NB =       285.1273  1-4 EEL =     -3933.8069  VDWAALS    =     16954.5975
 EELEC  =   -133100.1309  EHBOND  =         0.0000  RESTRAINT  =         0.0000
 ------------------------------------------------------------------------------


 NSTEP =     3250   TIME(PS) =      26.500  TEMP(K) =   236.37  PRESS =     0.0
 Etot   =   -102502.6772  EKtot   =     15554.0928  EPtot      =   -118056.7700
 BOND   =       219.8422  ANGLE   =       416.4904  DIHED      =       992.0829
 1-4 NB =       276.6173  1-4 EEL =     -3959.6208  VDWAALS    =     17022.2173
 EELEC  =   -133024.3993  EHBOND  =         0.0000  RESTRAINT  =         0.0000
 ------------------------------------------------------------------------------


 NSTEP =     3300   TIME(PS) =      26.600  TEMP(K) =   238.89  PRESS =     0.0
 Etot   =   -102422.3021  EKtot   =     15720.0674  EPtot      =   -118142.3695
 BOND   =       217.0061  ANGLE   =       460.4009  DIHED      =       975.5611
 1-4 NB =       265.9257  1-4 EEL =     -3910.8383  VDWAALS    =     17005.2045
 EELEC  =   -133155.6297  EHBOND  =         0.0000  RESTRAINT  =         0.0000
 ------------------------------------------------------------------------------


 NSTEP =     3350   TIME(PS) =      26.700  TEMP(K) =   237.47  PRESS =     0.0
 Etot   =   -102350.7466  EKtot   =     15626.6709  EPtot      =   -117977.4175
 BOND   =       182.1393  ANGLE   =       445.1126  DIHED      =       993.8946
 1-4 NB =       281.3409  1-4 EEL =     -3893.7626  VDWAALS    =     16878.3968
 EELEC  =   -132864.5392  EHBOND  =         0.0000  RESTRAINT  =         0.0000
 ------------------------------------------------------------------------------


 NSTEP =     3400   TIME(PS) =      26.800  TEMP(K) =   238.24  PRESS =     0.0
 Etot   =   -102275.2101  EKtot   =     15677.1787  EPtot      =   -117952.3889
 BOND   =       220.0265  ANGLE   =       407.8524  DIHED      =       999.9795
 1-4 NB =       284.7278  1-4 EEL =     -3901.4862  VDWAALS    =     16859.5637
 EELEC  =   -132823.0525  EHBOND  =         0.0000  RESTRAINT  =         0.0000
 ------------------------------------------------------------------------------


 NSTEP =     3450   TIME(PS) =      26.900  TEMP(K) =   239.36  PRESS =     0.0
 Etot   =   -102201.7457  EKtot   =     15751.1416  EPtot      =   -117952.8873
 BOND   =       212.2866  ANGLE   =       440.4654  DIHED      =       999.4636
 1-4 NB =       282.7987  1-4 EEL =     -3923.9859  VDWAALS    =     16863.3359
 EELEC  =   -132827.2516  EHBOND  =         0.0000  RESTRAINT  =         0.0000
 ------------------------------------------------------------------------------


 NSTEP =     3500   TIME(PS) =      27.000  TEMP(K) =   238.18  PRESS =     0.0
 Etot   =   -102134.6692  EKtot   =     15672.9902  EPtot      =   -117807.6594
 BOND   =       217.2156  ANGLE   =       447.8991  DIHED      =       999.4360
 1-4 NB =       281.2929  1-4 EEL =     -3900.6415  VDWAALS    =     16818.9470
 EELEC  =   -132671.8085  EHBOND  =         0.0000  RESTRAINT  =         0.0000
 ------------------------------------------------------------------------------


 NSTEP =     3550   TIME(PS) =      27.100  TEMP(K) =   240.08  PRESS =     0.0
 Etot   =   -102065.0837  EKtot   =     15798.3516  EPtot      =   -117863.4353
 BOND   =       223.9573  ANGLE   =       438.4721  DIHED      =       996.0532
 1-4 NB =       289.4744  1-4 EEL =     -3924.9127  VDWAALS    =     16700.5964
 EELEC  =   -132587.0760  EHBOND  =         0.0000  RESTRAINT  =         0.0000
 ------------------------------------------------------------------------------


 NSTEP =     3600   TIME(PS) =      27.200  TEMP(K) =   240.23  PRESS =     0.0
 Etot   =   -101994.5991  EKtot   =     15808.2441  EPtot      =   -117802.8432
 BOND   =       217.6864  ANGLE   =       447.6773  DIHED      =      1006.7123
 1-4 NB =       284.2929  1-4 EEL =     -3907.2420  VDWAALS    =     16827.9820
 EELEC  =   -132679.9521  EHBOND  =         0.0000  RESTRAINT  =         0.0000
 ------------------------------------------------------------------------------


 NSTEP =     3650   TIME(PS) =      27.300  TEMP(K) =   240.65  PRESS =     0.0
 Etot   =   -101931.5918  EKtot   =     15835.7090  EPtot      =   -117767.3008
 BOND   =       233.6474  ANGLE   =       447.0712  DIHED      =      1005.4610
 1-4 NB =       278.1682  1-4 EEL =     -3920.9556  VDWAALS    =     16703.4758
 EELEC  =   -132514.1687  EHBOND  =         0.0000  RESTRAINT  =         0.0000
 ------------------------------------------------------------------------------


 NSTEP =     3700   TIME(PS) =      27.400  TEMP(K) =   239.67  PRESS =     0.0
 Etot   =   -101868.9196  EKtot   =     15771.4893  EPtot      =   -117640.4088
 BOND   =       210.9421  ANGLE   =       447.9603  DIHED      =       989.9975
 1-4 NB =       270.0503  1-4 EEL =     -3906.0340  VDWAALS    =     16783.1519
 EELEC  =   -132436.4769  EHBOND  =         0.0000  RESTRAINT  =         0.0000
 ------------------------------------------------------------------------------


 NSTEP =     3750   TIME(PS) =      27.500  TEMP(K) =   241.12  PRESS =     0.0
 Etot   =   -101802.9774  EKtot   =     15866.8662  EPtot      =   -117669.8437
 BOND   =       206.4228  ANGLE   =       464.0613  DIHED      =       991.2941
 1-4 NB =       279.2705  1-4 EEL =     -3894.2325  VDWAALS    =     16759.9914
 EELEC  =   -132476.6514  EHBOND  =         0.0000  RESTRAINT  =         0.0000
 ------------------------------------------------------------------------------


 NSTEP =     3800   TIME(PS) =      27.600  TEMP(K) =   240.52  PRESS =     0.0
 Etot   =   -101738.2522  EKtot   =     15827.0938  EPtot      =   -117565.3460
 BOND   =       206.4624  ANGLE   =       447.2169  DIHED      =      1001.4000
 1-4 NB =       284.1337  1-4 EEL =     -3901.8875  VDWAALS    =     16614.3008
 EELEC  =   -132216.9723  EHBOND  =         0.0000  RESTRAINT  =         0.0000
 ------------------------------------------------------------------------------


 NSTEP =     3850   TIME(PS) =      27.700  TEMP(K) =   240.91  PRESS =     0.0
 Etot   =   -101676.0555  EKtot   =     15852.5996  EPtot      =   -117528.6551
 BOND   =       221.2703  ANGLE   =       454.3449  DIHED      =       995.6742
 1-4 NB =       276.7274  1-4 EEL =     -3911.2639  VDWAALS    =     16622.5010
 EELEC  =   -132187.9090  EHBOND  =         0.0000  RESTRAINT  =         0.0000
 ------------------------------------------------------------------------------


 NSTEP =     3900   TIME(PS) =      27.800  TEMP(K) =   242.29  PRESS =     0.0
 Etot   =   -101618.4605  EKtot   =     15943.8740  EPtot      =   -117562.3345
 BOND   =       213.2431  ANGLE   =       447.1390  DIHED      =      1001.9659
 1-4 NB =       274.0557  1-4 EEL =     -3917.9637  VDWAALS    =     16604.1004
 EELEC  =   -132184.8750  EHBOND  =         0.0000  RESTRAINT  =         0.0000
 ------------------------------------------------------------------------------


 NSTEP =     3950   TIME(PS) =      27.900  TEMP(K) =   243.63  PRESS =     0.0
 Etot   =   -101560.3831  EKtot   =     16031.6768  EPtot      =   -117592.0599
 BOND   =       214.2718  ANGLE   =       446.0855  DIHED      =      1013.0374
 1-4 NB =       275.3087  1-4 EEL =     -3938.2538  VDWAALS    =     16619.6149
 EELEC  =   -132222.1244  EHBOND  =         0.0000  RESTRAINT  =         0.0000
 ------------------------------------------------------------------------------

check COM velocity, temp:        0.000007     0.00(Removed)

 NSTEP =     4000   TIME(PS) =      28.000  TEMP(K) =   242.95  PRESS =     0.0
 Etot   =   -101508.3017  EKtot   =     15987.0459  EPtot      =   -117495.3476
 BOND   =       218.3076  ANGLE   =       445.6730  DIHED      =      1005.9243
 1-4 NB =       287.4844  1-4 EEL =     -3911.1331  VDWAALS    =     16751.2688
 EELEC  =   -132292.8726  EHBOND  =         0.0000  RESTRAINT  =         0.0000
 ------------------------------------------------------------------------------


      A V E R A G E S   O V E R      80 S T E P S


 NSTEP =     4000   TIME(PS) =      28.000  TEMP(K) =   223.70  PRESS =     0.0
 Etot   =   -105509.8595  EKtot   =     14720.1778  EPtot      =   -120230.0372
 BOND   =       187.3505  ANGLE   =       409.0229  DIHED      =       997.2671
 1-4 NB =       277.7462  1-4 EEL =     -3920.5268  VDWAALS    =     17928.2462
 EELEC  =   -136109.1433  EHBOND  =         0.0000  RESTRAINT  =         0.0000
 ------------------------------------------------------------------------------


      R M S  F L U C T U A T I O N S


 NSTEP =     4000   TIME(PS) =      28.000  TEMP(K) =    14.80  PRESS =     0.0
 Etot   =      3056.2012  EKtot   =       974.1862  EPtot      =      2086.6306
 BOND   =        21.5591  ANGLE   =        29.8001  DIHED      =         9.9765
 1-4 NB =         4.8966  1-4 EEL =        15.7985  VDWAALS    =       951.0336
 EELEC  =      2977.2210  EHBOND  =         0.0000  RESTRAINT  =         0.0000
 ------------------------------------------------------------------------------

--------------------------------------------------------------------------------
   5.  TIMINGS
--------------------------------------------------------------------------------

|  NonSetup CPU Time in Major Routines:
|
|     Routine           Sec        %
|     ------------------------------
|     Nonbond           5.69   17.29
|     Bond              0.00    0.00
|     Angle             0.00    0.00
|     Dihedral          0.00    0.00
|     Shake             0.03    0.09
|     RunMD            27.21   82.59
|     Other             0.01    0.03
|     ------------------------------
|     Total            32.94

|  PME Nonbond Pairlist CPU Time:
|
|     Routine              Sec        %
|     ---------------------------------
|     Set Up Cit           0.00    0.00
|     Build List           0.00    0.00
|     ---------------------------------
|     Total                0.00    0.00

|  PME Direct Force CPU Time:
|
|     Routine              Sec        %
|     ---------------------------------
|     NonBonded Calc       0.00    0.00
|     Exclude Masked       0.00    0.00
|     Other                0.01    0.02
|     ---------------------------------
|     Total                0.01    0.02

|  PME Reciprocal Force CPU Time:
|
|     Routine              Sec        %
|     ---------------------------------
|     1D bspline           0.00    0.00
|     Grid Charges         0.00    0.00
|     Scalar Sum           0.00    0.00
|     Gradient Sum         0.00    0.00
|     FFT                  0.00    0.00
|     ---------------------------------
|     Total                0.00    0.00

|  Final Performance Info:
|     -----------------------------------------------------
|     Average timings for last    3950 steps:
|     Elapsed(s) =      33.56 Per Step(ms) =       8.50
|         ns/day =      20.34   seconds/ns =    4248.40
|
|     Average timings for all steps:
|     Elapsed(s) =      34.46 Per Step(ms) =       8.62
|         ns/day =      20.06   seconds/ns =    4307.57
|     -----------------------------------------------------

|  Setup CPU time:            1.64 seconds
|  NonSetup CPU time:        32.94 seconds
|  Total CPU time:           34.58 seconds     0.01 hours

|  Setup wall time:           2    seconds
|  NonSetup wall time:       34    seconds
|  Total wall time:          36    seconds     0.01 hours
