
          -------------------------------------------------------
          Amber 16 PMEMD                              2016
          -------------------------------------------------------

| PMEMD implementation of SANDER, Release 16

| Run on 06/04/2024 at 22:35:45

|   Executable path: pmemd.cuda
| Working directory: /home/students/keyq/fuben4/7/7LA
|          Hostname: master

  [-O]verwriting output

File Assignments:
|   MDIN: min2.in                                                               
|  MDOUT: cmp_min2.out                                                          
| INPCRD: cmp_min1.rst                                                          
|   PARM: cmp.prmtop                                                            
| RESTRT: cmp_min2.rst                                                          
|   REFC: cmp.inpcrd                                                            
|  MDVEL: mdvel                                                                 
|   MDEN: mden                                                                  
|  MDCRD: mdcrd                                                                 
| MDINFO: mdinfo                                                                
|  MDFRC: mdfrc                                                                 


 Here is the input file:

Initial minimisation of our structures                                         
 &cntrl                                                                        
  imin=1, maxcyc=10000, ncyc=5000,                                             
  cut=10, ntb=1,ntr=1,                                                         
  restraint_wt=2.0                                                             
  restraintmask=':1-554@CA,N,C'                                                
                                                                               
/                                                                              


Note: ig = -1. Setting random seed to   607573 based on wallclock time in 
      microseconds.
 
|--------------------- INFORMATION ----------------------
| GPU (CUDA) Version of PMEMD in use: NVIDIA GPU IN USE.
|                    Version 16.0.0
| 
|                      02/25/2016
| 
| Implementation by:
|                    Ross C. Walker     (SDSC)
|                    Scott Le Grand     (nVIDIA)
| 
| Precision model in use:
|      [SPFP] - Single Precision Forces, 64-bit Fixed Point
|               Accumulation. (Default)
| 
|--------------------------------------------------------
 
|----------------- CITATION INFORMATION -----------------
|
|    When publishing work that utilized the CUDA version
|    of AMBER, please cite the following in addition to
|    the regular AMBER citations:
|
|  - Romelia Salomon-Ferrer; Andreas W. Goetz; Duncan
|    Poole; Scott Le Grand; Ross C. Walker "Routine
|    microsecond molecular dynamics simulations with
|    AMBER - Part II: Particle Mesh Ewald", J. Chem.
|    Theory Comput., 2013, 9 (9), pp3878-3888,
|    DOI: 10.1021/ct400314y.
|
|  - Andreas W. Goetz; Mark J. Williamson; Dong Xu;
|    Duncan Poole; Scott Le Grand; Ross C. Walker
|    "Routine microsecond molecular dynamics simulations
|    with AMBER - Part I: Generalized Born", J. Chem.
|    Theory Comput., 2012, 8 (5), pp1542-1555.
|
|  - Scott Le Grand; Andreas W. Goetz; Ross C. Walker
|    "SPFP: Speed without compromise - a mixed precision
|    model for GPU accelerated molecular dynamics
|    simulations.", Comp. Phys. Comm., 2013, 184
|    pp374-380, DOI: 10.1016/j.cpc.2012.09.022
|
|--------------------------------------------------------
 
|------------------- GPU DEVICE INFO --------------------
|
|            CUDA_VISIBLE_DEVICES: 0
|   CUDA Capable Devices Detected:      1
|           CUDA Device ID in use:      0
|                CUDA Device Name: Tesla V100-PCIE-32GB
|     CUDA Device Global Mem Size:  32510 MB
| CUDA Device Num Multiprocessors:     80
|           CUDA Device Core Freq:   1.38 GHz
|
|--------------------------------------------------------
 
 
| Conditional Compilation Defines Used:
| PUBFFT
| BINTRAJ
| CUDA
| EMIL

| Largest sphere to fit in unit cell has radius =    32.007

| New format PARM file being parsed.
| Version =    1.000 Date = 08/25/20 Time = 11:03:14

| Note: 1-4 EEL scale factors are being read from the topology file.

| Note: 1-4 VDW scale factors are being read from the topology file.
| Duplicated    0 dihedrals

| Duplicated    0 dihedrals

--------------------------------------------------------------------------------
   1.  RESOURCE   USE: 
--------------------------------------------------------------------------------

 getting box info from netcdf restart file
 NATOM  =   32754 NTYPES =      18 NBONH =   32031 MBONA  =     774
 NTHETH =     892 MTHETA =    1191 NPHIH =    1828 MPHIA  =    2451
 NHPARM =       0 NPARM  =       0 NNB   =   48189 NRES   =   10617
 NBONA  =     774 NTHETA =    1191 NPHIA =    2451 NUMBND =      61
 NUMANG =     127 NPTRA  =      75 NATYP =      34 NPHB   =       1
 IFBOX  =       2 NMXRS  =      33 IFCAP =       0 NEXTRA =       0
 NCOPY  =       0

| Coordinate Index Table dimensions:    12   12   12
| Direct force subcell size =     6.5333    6.5333    6.5333

     BOX TYPE: TRUNCATED OCTAHEDRON

--------------------------------------------------------------------------------
   2.  CONTROL  DATA  FOR  THE  RUN
--------------------------------------------------------------------------------

default_name                                                                    

General flags:
     imin    =       1, nmropt  =       0

Nature and format of input:
     ntx     =       1, irest   =       0, ntrx    =       1

Nature and format of output:
     ntxo    =       2, ntpr    =      50, ntrx    =       1, ntwr    =       1
     iwrap   =       0, ntwx    =       0, ntwv    =       0, ntwe    =       0
     ioutfm  =       1, ntwprt  =       0, idecomp =       0, rbornstat=      0

Potential function:
     ntf     =       1, ntb     =       1, igb     =       0, nsnb    =      25
     ipol    =       0, gbsa    =       0, iesp    =       0
     dielc   =   1.00000, cut     =  10.00000, intdiel =   1.00000

Frozen or restrained atoms:
     ibelly  =       0, ntr     =       1
     restraint_wt =   2.00000

Energy minimization:
     maxcyc  =   10000, ncyc    =    5000, ntmin   =       1
     dx0     =   0.01000, drms    =   0.00010

| Intermolecular bonds treatment:
|     no_intermolecular_bonds =       1

| Energy averages sample interval:
|     ene_avg_sampling =       1

Ewald parameters:
     verbose =       0, ew_type =       0, nbflag  =       1, use_pme =       1
     vdwmeth =       1, eedmeth =       1, netfrc  =       0
     Box X =   78.400   Box Y =   78.400   Box Z =   78.400
     Alpha =  109.471   Beta  =  109.471   Gamma =  109.471
     NFFT1 =   80       NFFT2 =   80       NFFT3 =   80
     Cutoff=   10.000   Tol   =0.100E-04
     Ewald Coefficient =  0.27511
     Interpolation order =    4

    LOADING THE CONSTRAINED ATOMS AS GROUPS


   5.  REFERENCE ATOM COORDINATES

  default_name                                                                    
     Mask :1-554@CA,N,C; matches     0 atoms

--------------------------------------------------------------------------------
   3.  ATOMIC COORDINATES AND VELOCITIES
--------------------------------------------------------------------------------

default_name                                                                    
 begin time read from input coords =     0.000 ps

 
 Number of triangulated 3-point waters found:    10551

     Sum of charges from parm topology file =   0.00000018
     Forcing neutrality...

| Dynamic Memory, Types Used:
| Reals              996543
| Integers           828985

| Nonbonded Pairs Initial Allocation:     9907266

| GPU memory information (estimate):
| KB of GPU memory in use:    167561
| KB of CPU memory in use:     56429

--------------------------------------------------------------------------------
   4.  RESULTS
--------------------------------------------------------------------------------

 ---------------------------------------------------
 APPROXIMATING switch and d/dx switch using CUBIC SPLINE INTERPOLATION
 using   5000.0 points per unit in tabled values
 TESTING RELATIVE ERROR over r ranging from 0.0 to cutoff
| CHECK switch(x): max rel err =   0.2738E-14   at   2.422500
| CHECK d/dx switch(x): max rel err =   0.8314E-11   at   2.736960
 ---------------------------------------------------
|---------------------------------------------------
| APPROXIMATING direct energy using CUBIC SPLINE INTERPOLATION
|  with   50.0 points per unit in tabled values
| Relative Error Limit not exceeded for r .gt.   2.33
| APPROXIMATING direct force using CUBIC SPLINE INTERPOLATION
|  with   50.0 points per unit in tabled values
| Relative Error Limit not exceeded for r .gt.   2.80
|---------------------------------------------------


   NSTEP       ENERGY          RMS            GMAX         NAME    NUMBER
      1      -1.4229E+05     3.2622E-01     1.4950E+01     Na+      1071

 BOND    =    10482.2017  ANGLE   =      199.3411  DIHED      =      954.2832
 VDWAALS =    26090.7300  EEL     =  -176335.9897  HBOND      =        0.0000
 1-4 VDW =      264.5072  1-4 EEL =    -3948.4595  RESTRAINT  =        0.0000


   NSTEP       ENERGY          RMS            GMAX         NAME    NUMBER
     50      -1.4244E+05     2.5828E-01     5.8961E+00     Na+      1071

 BOND    =    10500.7415  ANGLE   =      194.2760  DIHED      =      955.1871
 VDWAALS =    26171.5809  EEL     =  -176565.4966  HBOND      =        0.0000
 1-4 VDW =      261.4891  1-4 EEL =    -3955.2277  RESTRAINT  =        0.0000


   NSTEP       ENERGY          RMS            GMAX         NAME    NUMBER
    100      -1.4251E+05     5.7341E-01     2.0071E+01     P         126

 BOND    =    10515.8842  ANGLE   =      190.6941  DIHED      =      954.9130
 VDWAALS =    26220.1051  EEL     =  -176698.2675  HBOND      =        0.0000
 1-4 VDW =      261.1022  1-4 EEL =    -3954.4693  RESTRAINT  =        0.0000


   NSTEP       ENERGY          RMS            GMAX         NAME    NUMBER
    150      -1.4257E+05     3.2223E-01     3.6783E+01     P         126

 BOND    =    10515.4532  ANGLE   =      187.7249  DIHED      =      955.1095
 VDWAALS =    26261.9964  EEL     =  -176800.5342  HBOND      =        0.0000
 1-4 VDW =      260.7375  1-4 EEL =    -3953.0687  RESTRAINT  =        0.0000


   NSTEP       ENERGY          RMS            GMAX         NAME    NUMBER
    200      -1.4262E+05     1.3378E-01     1.1115E+01     P         126

 BOND    =    10522.2584  ANGLE   =      183.9010  DIHED      =      955.5305
 VDWAALS =    26298.9114  EEL     =  -176892.6490  HBOND      =        0.0000
 1-4 VDW =      260.3845  1-4 EEL =    -3951.3605  RESTRAINT  =        0.0000


   NSTEP       ENERGY          RMS            GMAX         NAME    NUMBER
    250      -1.4267E+05     2.6771E-01     2.8794E+01     P         126

 BOND    =    10528.6708  ANGLE   =      181.1496  DIHED      =      956.0092
 VDWAALS =    26331.8045  EEL     =  -176972.8703  HBOND      =        0.0000
 1-4 VDW =      260.0434  1-4 EEL =    -3949.8342  RESTRAINT  =        0.0000


   NSTEP       ENERGY          RMS            GMAX         NAME    NUMBER
    300      -1.4270E+05     3.8820E-01     4.3175E+01     P          94

 BOND    =    10535.2715  ANGLE   =      179.1646  DIHED      =      956.4628
 VDWAALS =    26361.2267  EEL     =  -177045.1984  HBOND      =        0.0000
 1-4 VDW =      259.7551  1-4 EEL =    -3948.5160  RESTRAINT  =        0.0000


   NSTEP       ENERGY          RMS            GMAX         NAME    NUMBER
    350      -1.4274E+05     2.3440E-01     2.4100E+01     P          94

 BOND    =    10538.5631  ANGLE   =      176.6578  DIHED      =      956.8647
 VDWAALS =    26386.8549  EEL     =  -177108.8287  HBOND      =        0.0000
 1-4 VDW =      259.5900  1-4 EEL =    -3947.6511  RESTRAINT  =        0.0000


   NSTEP       ENERGY          RMS            GMAX         NAME    NUMBER
    400      -1.4277E+05     3.2820E-01     3.1107E+01     P          94

 BOND    =    10543.3678  ANGLE   =      175.0154  DIHED      =      957.1507
 VDWAALS =    26409.5855  EEL     =  -177165.7222  HBOND      =        0.0000
 1-4 VDW =      259.3333  1-4 EEL =    -3946.6841  RESTRAINT  =        0.0000


   NSTEP       ENERGY          RMS            GMAX         NAME    NUMBER
    450      -1.4280E+05     1.9685E-01     1.7487E+01     C4        269

 BOND    =    10546.0360  ANGLE   =      173.9129  DIHED      =      957.3513
 VDWAALS =    26430.7131  EEL     =  -177219.3041  HBOND      =        0.0000
 1-4 VDW =      259.1040  1-4 EEL =    -3945.8325  RESTRAINT  =        0.0000


   NSTEP       ENERGY          RMS            GMAX         NAME    NUMBER
    500      -1.4283E+05     8.8185E-02     4.8526E+00     Na+      1079

 BOND    =    10549.0189  ANGLE   =      172.6084  DIHED      =      957.4374
 VDWAALS =    26449.7844  EEL     =  -177268.8772  HBOND      =        0.0000
 1-4 VDW =      258.8693  1-4 EEL =    -3945.0892  RESTRAINT  =        0.0000


   NSTEP       ENERGY          RMS            GMAX         NAME    NUMBER
    550      -1.4285E+05     1.5074E-01     1.4686E+01     C4        269

 BOND    =    10552.2697  ANGLE   =      171.9316  DIHED      =      957.4133
 VDWAALS =    26468.2115  EEL     =  -177317.4000  HBOND      =        0.0000
 1-4 VDW =      258.6563  1-4 EEL =    -3944.4510  RESTRAINT  =        0.0000


   NSTEP       ENERGY          RMS            GMAX         NAME    NUMBER
    600      -1.4288E+05     2.3815E-01     2.3806E+01     C4        269

 BOND    =    10555.8229  ANGLE   =      170.8092  DIHED      =      957.2848
 VDWAALS =    26487.3236  EEL     =  -177364.4523  HBOND      =        0.0000
 1-4 VDW =      258.6650  1-4 EEL =    -3943.7182  RESTRAINT  =        0.0000


   NSTEP       ENERGY          RMS            GMAX         NAME    NUMBER
    650      -1.4290E+05     1.1178E-01     8.3279E+00     C4        269

 BOND    =    10557.6527  ANGLE   =      169.9389  DIHED      =      957.1704
 VDWAALS =    26505.2761  EEL     =  -177407.6737  HBOND      =        0.0000
 1-4 VDW =      258.5497  1-4 EEL =    -3943.1384  RESTRAINT  =        0.0000


   NSTEP       ENERGY          RMS            GMAX         NAME    NUMBER
    700      -1.4292E+05     1.9776E-01     1.4527E+01     N4        270

 BOND    =    10560.7634  ANGLE   =      169.0922  DIHED      =      957.0620
 VDWAALS =    26522.8415  EEL     =  -177450.1858  HBOND      =        0.0000
 1-4 VDW =      258.4683  1-4 EEL =    -3942.4631  RESTRAINT  =        0.0000


   NSTEP       ENERGY          RMS            GMAX         NAME    NUMBER
    750      -1.4294E+05     2.8313E-01     2.2084E+01     N4        270

 BOND    =    10564.1338  ANGLE   =      168.1958  DIHED      =      957.0264
 VDWAALS =    26539.2366  EEL     =  -177490.0210  HBOND      =        0.0000
 1-4 VDW =      258.4194  1-4 EEL =    -3941.7422  RESTRAINT  =        0.0000


   NSTEP       ENERGY          RMS            GMAX         NAME    NUMBER
    800      -1.4297E+05     1.2529E-01     7.9895E+00     N4        270

 BOND    =    10565.9295  ANGLE   =      166.9483  DIHED      =      957.0321
 VDWAALS =    26554.4478  EEL     =  -177527.1589  HBOND      =        0.0000
 1-4 VDW =      258.6396  1-4 EEL =    -3941.3010  RESTRAINT  =        0.0000


   NSTEP       ENERGY          RMS            GMAX         NAME    NUMBER
    850      -1.4298E+05     2.9016E-01     1.9456E+01     C6         48

 BOND    =    10567.3980  ANGLE   =      167.7440  DIHED      =      957.1144
 VDWAALS =    26568.5455  EEL     =  -177560.4376  HBOND      =        0.0000
 1-4 VDW =      258.3743  1-4 EEL =    -3941.0086  RESTRAINT  =        0.0000


   NSTEP       ENERGY          RMS            GMAX         NAME    NUMBER
    900      -1.4300E+05     1.1583E-01     6.5502E+00     N4        270

 BOND    =    10570.6711  ANGLE   =      165.2656  DIHED      =      957.2702
 VDWAALS =    26581.6143  EEL     =  -177593.4310  HBOND      =        0.0000
 1-4 VDW =      258.6150  1-4 EEL =    -3940.1365  RESTRAINT  =        0.0000


   NSTEP       ENERGY          RMS            GMAX         NAME    NUMBER
    950      -1.4302E+05     6.9899E-02     2.4404E+00     N9        418

 BOND    =    10572.4282  ANGLE   =      164.7891  DIHED      =      957.4139
 VDWAALS =    26594.5935  EEL     =  -177624.9652  HBOND      =        0.0000
 1-4 VDW =      258.6132  1-4 EEL =    -3939.7297  RESTRAINT  =        0.0000


   NSTEP       ENERGY          RMS            GMAX         NAME    NUMBER
   1000      -1.4303E+05     7.1800E-02     2.8137E+00     N4        270

 BOND    =    10574.4139  ANGLE   =      164.1731  DIHED      =      957.5655
 VDWAALS =    26606.4845  EEL     =  -177654.0826  HBOND      =        0.0000
 1-4 VDW =      258.6155  1-4 EEL =    -3939.2833  RESTRAINT  =        0.0000


   NSTEP       ENERGY          RMS            GMAX         NAME    NUMBER
   1050      -1.4305E+05     2.1455E-01     1.1684E+01     N4        270

 BOND    =    10576.0337  ANGLE   =      164.3892  DIHED      =      957.6976
 VDWAALS =    26618.1582  EEL     =  -177682.4913  HBOND      =        0.0000
 1-4 VDW =      258.5062  1-4 EEL =    -3939.0150  RESTRAINT  =        0.0000


   NSTEP       ENERGY          RMS            GMAX         NAME    NUMBER
   1100      -1.4306E+05     6.6616E-02     2.1652E+00     N4        270

 BOND    =    10578.3157  ANGLE   =      162.7470  DIHED      =      957.8333
 VDWAALS =    26628.7073  EEL     =  -177709.3618  HBOND      =        0.0000
 1-4 VDW =      258.6288  1-4 EEL =    -3938.3314  RESTRAINT  =        0.0000


   NSTEP       ENERGY          RMS            GMAX         NAME    NUMBER
   1150      -1.4308E+05     1.5250E-01     1.0338E+01     N4        270

 BOND    =    10580.4975  ANGLE   =      162.0253  DIHED      =      957.9422
 VDWAALS =    26639.1907  EEL     =  -177735.8511  HBOND      =        0.0000
 1-4 VDW =      258.6312  1-4 EEL =    -3937.7966  RESTRAINT  =        0.0000


   NSTEP       ENERGY          RMS            GMAX         NAME    NUMBER
   1200      -1.4309E+05     2.6307E-01     1.4271E+01     C6        706

 BOND    =    10581.2147  ANGLE   =      162.7845  DIHED      =      958.0115
 VDWAALS =    26649.4601  EEL     =  -177761.2233  HBOND      =        0.0000
 1-4 VDW =      258.3823  1-4 EEL =    -3937.5431  RESTRAINT  =        0.0000


   NSTEP       ENERGY          RMS            GMAX         NAME    NUMBER
   1250      -1.4310E+05     1.0378E-01     5.7347E+00     N4        270

 BOND    =    10583.3643  ANGLE   =      160.9666  DIHED      =      958.0512
 VDWAALS =    26658.6889  EEL     =  -177786.2435  HBOND      =        0.0000
 1-4 VDW =      258.7080  1-4 EEL =    -3937.0216  RESTRAINT  =        0.0000


   NSTEP       ENERGY          RMS            GMAX         NAME    NUMBER
   1300      -1.4312E+05     1.8899E-01     1.2877E+01     N4        270

 BOND    =    10585.4516  ANGLE   =      160.3118  DIHED      =      958.0586
 VDWAALS =    26667.7672  EEL     =  -177810.9301  HBOND      =        0.0000
 1-4 VDW =      258.8081  1-4 EEL =    -3936.5812  RESTRAINT  =        0.0000


   NSTEP       ENERGY          RMS            GMAX         NAME    NUMBER
   1350      -1.4313E+05     6.7932E-02     2.6798E+00     H1      26729

 BOND    =    10586.6615  ANGLE   =      159.5407  DIHED      =      958.0464
 VDWAALS =    26676.1518  EEL     =  -177834.7110  HBOND      =        0.0000
 1-4 VDW =      258.8046  1-4 EEL =    -3936.0182  RESTRAINT  =        0.0000


   NSTEP       ENERGY          RMS            GMAX         NAME    NUMBER
   1400      -1.4315E+05     1.7049E-01     1.1237E+01     C2        490

 BOND    =    10588.2305  ANGLE   =      159.2870  DIHED      =      957.9962
 VDWAALS =    26684.3467  EEL     =  -177858.3964  HBOND      =        0.0000
 1-4 VDW =      258.7685  1-4 EEL =    -3935.5465  RESTRAINT  =        0.0000


   NSTEP       ENERGY          RMS            GMAX         NAME    NUMBER
   1450      -1.4316E+05     2.5218E-01     1.7304E+01     C2        490

 BOND    =    10591.1146  ANGLE   =      158.0584  DIHED      =      957.9333
 VDWAALS =    26691.8874  EEL     =  -177881.5493  HBOND      =        0.0000
 1-4 VDW =      259.0170  1-4 EEL =    -3934.9633  RESTRAINT  =        0.0000


   NSTEP       ENERGY          RMS            GMAX         NAME    NUMBER
   1500      -1.4317E+05     9.7708E-02     6.0337E+00     C2        490

 BOND    =    10591.2659  ANGLE   =      158.0128  DIHED      =      957.8431
 VDWAALS =    26699.4426  EEL     =  -177903.8632  HBOND      =        0.0000
 1-4 VDW =      258.9994  1-4 EEL =    -3934.7470  RESTRAINT  =        0.0000


   NSTEP       ENERGY          RMS            GMAX         NAME    NUMBER
   1550      -1.4319E+05     6.4431E-02     3.2072E+00     H2      18822

 BOND    =    10592.5296  ANGLE   =      157.7142  DIHED      =      957.7907
 VDWAALS =    26706.5981  EEL     =  -177925.8908  HBOND      =        0.0000
 1-4 VDW =      258.9768  1-4 EEL =    -3934.3326  RESTRAINT  =        0.0000


   NSTEP       ENERGY          RMS            GMAX         NAME    NUMBER
   1600      -1.4320E+05     1.0836E-01     7.4573E+00     C2        490

 BOND    =    10594.2442  ANGLE   =      157.3302  DIHED      =      957.7539
 VDWAALS =    26713.5258  EEL     =  -177947.9502  HBOND      =        0.0000
 1-4 VDW =      258.9909  1-4 EEL =    -3933.9480  RESTRAINT  =        0.0000


   NSTEP       ENERGY          RMS            GMAX         NAME    NUMBER
   1650      -1.4321E+05     1.7378E-01     1.3353E+01     C2        490

 BOND    =    10595.6156  ANGLE   =      157.4026  DIHED      =      957.7314
 VDWAALS =    26719.9579  EEL     =  -177968.5857  HBOND      =        0.0000
 1-4 VDW =      258.9065  1-4 EEL =    -3933.6876  RESTRAINT  =        0.0000


   NSTEP       ENERGY          RMS            GMAX         NAME    NUMBER
   1700      -1.4323E+05     6.2364E-02     2.2828E+00     C2        490

 BOND    =    10597.0145  ANGLE   =      156.8912  DIHED      =      957.7142
 VDWAALS =    26725.8291  EEL     =  -177988.5945  HBOND      =        0.0000
 1-4 VDW =      258.9632  1-4 EEL =    -3933.5091  RESTRAINT  =        0.0000


   NSTEP       ENERGY          RMS            GMAX         NAME    NUMBER
   1750      -1.4324E+05     1.6466E-01     1.0349E+01     C2        490

 BOND    =    10599.3609  ANGLE   =      156.3106  DIHED      =      957.7180
 VDWAALS =    26731.4283  EEL     =  -178008.7782  HBOND      =        0.0000
 1-4 VDW =      259.0429  1-4 EEL =    -3933.3014  RESTRAINT  =        0.0000


   NSTEP       ENERGY          RMS            GMAX         NAME    NUMBER
   1800      -1.4325E+05     2.4889E-01     1.3536E+01     C2        490

 BOND    =    10599.3824  ANGLE   =      157.6602  DIHED      =      957.7260
 VDWAALS =    26736.7674  EEL     =  -178027.0165  HBOND      =        0.0000
 1-4 VDW =      258.6696  1-4 EEL =    -3933.3579  RESTRAINT  =        0.0000


   NSTEP       ENERGY          RMS            GMAX         NAME    NUMBER
   1850      -1.4326E+05     9.6858E-02     6.8326E+00     C2        490

 BOND    =    10601.1435  ANGLE   =      156.4707  DIHED      =      957.7708
 VDWAALS =    26741.5609  EEL     =  -178046.0637  HBOND      =        0.0000
 1-4 VDW =      258.7600  1-4 EEL =    -3933.0081  RESTRAINT  =        0.0000


   NSTEP       ENERGY          RMS            GMAX         NAME    NUMBER
   1900      -1.4328E+05     5.9983E-02     2.2556E+00     O        1570

 BOND    =    10602.4596  ANGLE   =      156.2558  DIHED      =      957.8063
 VDWAALS =    26746.2755  EEL     =  -178064.2351  HBOND      =        0.0000
 1-4 VDW =      258.7406  1-4 EEL =    -3932.8965  RESTRAINT  =        0.0000


   NSTEP       ENERGY          RMS            GMAX         NAME    NUMBER
   1950      -1.4329E+05     6.3242E-02     2.9244E+00     C2        490

 BOND    =    10603.8007  ANGLE   =      156.1186  DIHED      =      957.8534
 VDWAALS =    26751.2825  EEL     =  -178082.8639  HBOND      =        0.0000
 1-4 VDW =      258.6926  1-4 EEL =    -3932.7501  RESTRAINT  =        0.0000


   NSTEP       ENERGY          RMS            GMAX         NAME    NUMBER
   2000      -1.4330E+05     1.7448E-01     1.4550E+01     C2        490

 BOND    =    10605.0210  ANGLE   =      156.5046  DIHED      =      957.8992
 VDWAALS =    26756.6105  EEL     =  -178101.2390  HBOND      =        0.0000
 1-4 VDW =      258.5693  1-4 EEL =    -3932.6965  RESTRAINT  =        0.0000


   NSTEP       ENERGY          RMS            GMAX         NAME    NUMBER
   2050      -1.4331E+05     2.3011E-01     2.0255E+01     C2        490

 BOND    =    10607.5117  ANGLE   =      155.8215  DIHED      =      957.9567
 VDWAALS =    26761.9892  EEL     =  -178119.8115  HBOND      =        0.0000
 1-4 VDW =      258.6935  1-4 EEL =    -3932.4620  RESTRAINT  =        0.0000


   NSTEP       ENERGY          RMS            GMAX         NAME    NUMBER
   2100      -1.4332E+05     1.4609E-01     1.1703E+01     C2        490

 BOND    =    10608.3225  ANGLE   =      155.6855  DIHED      =      958.0212
 VDWAALS =    26767.8577  EEL     =  -178138.3895  HBOND      =        0.0000
 1-4 VDW =      258.5842  1-4 EEL =    -3932.2230  RESTRAINT  =        0.0000


   NSTEP       ENERGY          RMS            GMAX         NAME    NUMBER
   2150      -1.4333E+05     2.0824E-01     1.6954E+01     C2        490

 BOND    =    10608.8583  ANGLE   =      156.6335  DIHED      =      958.0646
 VDWAALS =    26774.1335  EEL     =  -178156.6531  HBOND      =        0.0000
 1-4 VDW =      258.3069  1-4 EEL =    -3932.1886  RESTRAINT  =        0.0000


   NSTEP       ENERGY          RMS            GMAX         NAME    NUMBER
   2200      -1.4334E+05     8.7106E-02     7.1080E+00     C2        490

 BOND    =    10610.6210  ANGLE   =      155.8903  DIHED      =      958.0966
 VDWAALS =    26780.2803  EEL     =  -178175.5170  HBOND      =        0.0000
 1-4 VDW =      258.4256  1-4 EEL =    -3931.9970  RESTRAINT  =        0.0000


   NSTEP       ENERGY          RMS            GMAX         NAME    NUMBER
   2250      -1.4335E+05     1.6648E-01     1.5696E+01     C2        490

 BOND    =    10612.1214  ANGLE   =      156.1213  DIHED      =      958.1243
 VDWAALS =    26786.6543  EEL     =  -178194.0468  HBOND      =        0.0000
 1-4 VDW =      258.3424  1-4 EEL =    -3931.8867  RESTRAINT  =        0.0000


   NSTEP       ENERGY          RMS            GMAX         NAME    NUMBER
   2300      -1.4337E+05     5.9021E-02     2.9528E+00     C2        490

 BOND    =    10613.3489  ANGLE   =      155.8697  DIHED      =      958.1572
 VDWAALS =    26792.8941  EEL     =  -178212.1927  HBOND      =        0.0000
 1-4 VDW =      258.3032  1-4 EEL =    -3931.6556  RESTRAINT  =        0.0000


   NSTEP       ENERGY          RMS            GMAX         NAME    NUMBER
   2350      -1.4338E+05     1.5051E-01     1.4645E+01     C2        490

 BOND    =    10615.0941  ANGLE   =      155.9253  DIHED      =      958.1860
 VDWAALS =    26799.4741  EEL     =  -178231.0653  HBOND      =        0.0000
 1-4 VDW =      258.2455  1-4 EEL =    -3931.4601  RESTRAINT  =        0.0000


   NSTEP       ENERGY          RMS            GMAX         NAME    NUMBER
   2400      -1.4339E+05     2.2427E-01     1.9158E+01     C2        490

 BOND    =    10617.5811  ANGLE   =      155.4579  DIHED      =      958.2115
 VDWAALS =    26805.8280  EEL     =  -178249.9940  HBOND      =        0.0000
 1-4 VDW =      258.3476  1-4 EEL =    -3931.2005  RESTRAINT  =        0.0000


   NSTEP       ENERGY          RMS            GMAX         NAME    NUMBER
   2450      -1.4340E+05     9.9459E-02     9.0636E+00     C2        490

 BOND    =    10617.7982  ANGLE   =      156.0244  DIHED      =      958.2151
 VDWAALS =    26812.4707  EEL     =  -178268.3001  HBOND      =        0.0000
 1-4 VDW =      258.1924  1-4 EEL =    -3931.1862  RESTRAINT  =        0.0000


   NSTEP       ENERGY          RMS            GMAX         NAME    NUMBER
   2500      -1.4341E+05     5.6100E-02     2.4802E+00     C2        490

 BOND    =    10619.0829  ANGLE   =      155.9159  DIHED      =      958.2149
 VDWAALS =    26819.3699  EEL     =  -178287.1145  HBOND      =        0.0000
 1-4 VDW =      258.1954  1-4 EEL =    -3930.9630  RESTRAINT  =        0.0000


   NSTEP       ENERGY          RMS            GMAX         NAME    NUMBER
   2550      -1.4342E+05     7.5303E-02     5.1794E+00     C2        490

 BOND    =    10620.3835  ANGLE   =      155.8832  DIHED      =      958.1970
 VDWAALS =    26826.6082  EEL     =  -178306.1340  HBOND      =        0.0000
 1-4 VDW =      258.2034  1-4 EEL =    -3930.7645  RESTRAINT  =        0.0000


   NSTEP       ENERGY          RMS            GMAX         NAME    NUMBER
   2600      -1.4343E+05     1.5057E-01     1.5349E+01     C2        490

 BOND    =    10622.4199  ANGLE   =      155.4280  DIHED      =      958.1771
 VDWAALS =    26834.0068  EEL     =  -178325.5279  HBOND      =        0.0000
 1-4 VDW =      258.3314  1-4 EEL =    -3930.4893  RESTRAINT  =        0.0000


   NSTEP       ENERGY          RMS            GMAX         NAME    NUMBER
   2650      -1.4344E+05     5.6045E-02     2.3494E+00     C2        490

 BOND    =    10623.4963  ANGLE   =      155.3566  DIHED      =      958.1536
 VDWAALS =    26841.5676  EEL     =  -178344.8030  HBOND      =        0.0000
 1-4 VDW =      258.3705  1-4 EEL =    -3930.3315  RESTRAINT  =        0.0000


   NSTEP       ENERGY          RMS            GMAX         NAME    NUMBER
   2700      -1.4345E+05     1.0041E-01     8.5058E+00     C2        490

 BOND    =    10625.3582  ANGLE   =      155.0953  DIHED      =      958.1393
 VDWAALS =    26849.5472  EEL     =  -178365.3281  HBOND      =        0.0000
 1-4 VDW =      258.4858  1-4 EEL =    -3930.1074  RESTRAINT  =        0.0000


   NSTEP       ENERGY          RMS            GMAX         NAME    NUMBER
   2750      -1.4346E+05     5.9632E-02     3.0533E+00     H2      14904

 BOND    =    10626.6598  ANGLE   =      155.1740  DIHED      =      958.1369
 VDWAALS =    26857.7479  EEL     =  -178386.2479  HBOND      =        0.0000
 1-4 VDW =      258.5121  1-4 EEL =    -3929.9176  RESTRAINT  =        0.0000


   NSTEP       ENERGY          RMS            GMAX         NAME    NUMBER
   2800      -1.4347E+05     6.1009E-02     3.4610E+00     H2      14904

 BOND    =    10628.3865  ANGLE   =      155.1171  DIHED      =      958.1472
 VDWAALS =    26866.0933  EEL     =  -178407.9270  HBOND      =        0.0000
 1-4 VDW =      258.6018  1-4 EEL =    -3929.7187  RESTRAINT  =        0.0000


   NSTEP       ENERGY          RMS            GMAX         NAME    NUMBER
   2850      -1.4348E+05     1.8896E-01     1.5685E+01     C2        490

 BOND    =    10631.1158  ANGLE   =      154.6620  DIHED      =      958.1690
 VDWAALS =    26874.7664  EEL     =  -178430.7676  HBOND      =        0.0000
 1-4 VDW =      258.8073  1-4 EEL =    -3929.4399  RESTRAINT  =        0.0000


   NSTEP       ENERGY          RMS            GMAX         NAME    NUMBER
   2900      -1.4349E+05     5.8645E-02     2.7152E+00     C2        490

 BOND    =    10631.6533  ANGLE   =      155.0768  DIHED      =      958.1675
 VDWAALS =    26883.1470  EEL     =  -178451.8719  HBOND      =        0.0000
 1-4 VDW =      258.7316  1-4 EEL =    -3929.3818  RESTRAINT  =        0.0000


   NSTEP       ENERGY          RMS            GMAX         NAME    NUMBER
   2950      -1.4351E+05     1.3561E-01     1.3826E+01     C2        490

 BOND    =    10633.4307  ANGLE   =      155.0195  DIHED      =      958.1442
 VDWAALS =    26891.3622  EEL     =  -178473.0255  HBOND      =        0.0000
 1-4 VDW =      258.7670  1-4 EEL =    -3929.2365  RESTRAINT  =        0.0000


   NSTEP       ENERGY          RMS            GMAX         NAME    NUMBER
   3000      -1.4352E+05     2.0614E-01     2.0306E+01     C2        490

 BOND    =    10635.8367  ANGLE   =      154.4767  DIHED      =      958.0977
 VDWAALS =    26899.2003  EEL     =  -178493.1944  HBOND      =        0.0000
 1-4 VDW =      258.8952  1-4 EEL =    -3929.0255  RESTRAINT  =        0.0000


   NSTEP       ENERGY          RMS            GMAX         NAME    NUMBER
   3050      -1.4353E+05     9.3457E-02     8.8531E+00     C2        490

 BOND    =    10636.3997  ANGLE   =      154.5151  DIHED      =      958.0351
 VDWAALS =    26907.0582  EEL     =  -178512.4162  HBOND      =        0.0000
 1-4 VDW =      258.7997  1-4 EEL =    -3928.9251  RESTRAINT  =        0.0000


   NSTEP       ENERGY          RMS            GMAX         NAME    NUMBER
   3100      -1.4354E+05     5.4673E-02     2.5518E+00     C2        490

 BOND    =    10637.8434  ANGLE   =      154.3358  DIHED      =      957.9642
 VDWAALS =    26914.8906  EEL     =  -178531.7404  HBOND      =        0.0000
 1-4 VDW =      258.8019  1-4 EEL =    -3928.8047  RESTRAINT  =        0.0000


   NSTEP       ENERGY          RMS            GMAX         NAME    NUMBER
   3150      -1.4355E+05     5.3757E-02     2.4463E+00     C2        490

 BOND    =    10639.3042  ANGLE   =      154.1909  DIHED      =      957.8992
 VDWAALS =    26922.4008  EEL     =  -178550.2729  HBOND      =        0.0000
 1-4 VDW =      258.7971  1-4 EEL =    -3928.6934  RESTRAINT  =        0.0000


   NSTEP       ENERGY          RMS            GMAX         NAME    NUMBER
   3200      -1.4356E+05     1.4676E-01     1.4412E+01     C2        490

 BOND    =    10641.4346  ANGLE   =      153.8156  DIHED      =      957.8380
 VDWAALS =    26929.8714  EEL     =  -178568.9898  HBOND      =        0.0000
 1-4 VDW =      258.8698  1-4 EEL =    -3928.5431  RESTRAINT  =        0.0000


   NSTEP       ENERGY          RMS            GMAX         NAME    NUMBER
   3250      -1.4357E+05     5.2478E-02     2.0202E+00     C2        490

 BOND    =    10642.3616  ANGLE   =      153.8124  DIHED      =      957.7848
 VDWAALS =    26936.9728  EEL     =  -178586.5538  HBOND      =        0.0000
 1-4 VDW =      258.8100  1-4 EEL =    -3928.4763  RESTRAINT  =        0.0000


   NSTEP       ENERGY          RMS            GMAX         NAME    NUMBER
   3300      -1.4357E+05     1.3633E-01     1.2068E+01     C2        490

 BOND    =    10644.4381  ANGLE   =      153.3828  DIHED      =      957.7364
 VDWAALS =    26944.1451  EEL     =  -178604.9644  HBOND      =        0.0000
 1-4 VDW =      258.8854  1-4 EEL =    -3928.3313  RESTRAINT  =        0.0000


   NSTEP       ENERGY          RMS            GMAX         NAME    NUMBER
   3350      -1.4358E+05     2.1089E-01     1.2350E+01     C2        490

 BOND    =    10646.7655  ANGLE   =      152.8153  DIHED      =      957.6927
 VDWAALS =    26950.9117  EEL     =  -178622.7240  HBOND      =        0.0000
 1-4 VDW =      259.0087  1-4 EEL =    -3928.1694  RESTRAINT  =        0.0000


   NSTEP       ENERGY          RMS            GMAX         NAME    NUMBER
   3400      -1.4359E+05     7.8876E-02     6.7751E+00     C2        490

 BOND    =    10646.7014  ANGLE   =      153.4829  DIHED      =      957.6431
 VDWAALS =    26957.8225  EEL     =  -178639.6929  HBOND      =        0.0000
 1-4 VDW =      258.7742  1-4 EEL =    -3928.2375  RESTRAINT  =        0.0000


   NSTEP       ENERGY          RMS            GMAX         NAME    NUMBER
   3450      -1.4360E+05     1.6618E-01     1.2247E+01     C2        490

 BOND    =    10649.2182  ANGLE   =      152.7496  DIHED      =      957.6008
 VDWAALS =    26964.5648  EEL     =  -178657.6045  HBOND      =        0.0000
 1-4 VDW =      258.9304  1-4 EEL =    -3928.0655  RESTRAINT  =        0.0000


   NSTEP       ENERGY          RMS            GMAX         NAME    NUMBER
   3500      -1.4361E+05     5.0783E-02     1.8951E+00     C2        490

 BOND    =    10649.6666  ANGLE   =      153.0535  DIHED      =      957.5560
 VDWAALS =    26971.2119  EEL     =  -178674.1474  HBOND      =        0.0000
 1-4 VDW =      258.7925  1-4 EEL =    -3928.0841  RESTRAINT  =        0.0000


   NSTEP       ENERGY          RMS            GMAX         NAME    NUMBER
   3550      -1.4362E+05     1.3508E-01     1.2688E+01     C2        490

 BOND    =    10651.6928  ANGLE   =      152.6401  DIHED      =      957.5133
 VDWAALS =    26977.8671  EEL     =  -178691.5126  HBOND      =        0.0000
 1-4 VDW =      258.8650  1-4 EEL =    -3927.9784  RESTRAINT  =        0.0000


   NSTEP       ENERGY          RMS            GMAX         NAME    NUMBER
   3600      -1.4363E+05     2.0172E-01     1.9698E+01     C2        490

 BOND    =    10652.5171  ANGLE   =      153.2967  DIHED      =      957.4686
 VDWAALS =    26984.4016  EEL     =  -178707.7230  HBOND      =        0.0000
 1-4 VDW =      258.6856  1-4 EEL =    -3928.0335  RESTRAINT  =        0.0000


   NSTEP       ENERGY          RMS            GMAX         NAME    NUMBER
   3650      -1.4364E+05     7.7010E-02     6.8117E+00     C2        490

 BOND    =    10654.1232  ANGLE   =      152.6003  DIHED      =      957.4251
 VDWAALS =    26990.7805  EEL     =  -178724.5336  HBOND      =        0.0000
 1-4 VDW =      258.7997  1-4 EEL =    -3927.8977  RESTRAINT  =        0.0000


   NSTEP       ENERGY          RMS            GMAX         NAME    NUMBER
   3700      -1.4365E+05     5.0562E-02     2.1533E+00     C2        490

 BOND    =    10655.4491  ANGLE   =      152.5013  DIHED      =      957.3840
 VDWAALS =    26997.1676  EEL     =  -178740.9080  HBOND      =        0.0000
 1-4 VDW =      258.7864  1-4 EEL =    -3927.8468  RESTRAINT  =        0.0000


   NSTEP       ENERGY          RMS            GMAX         NAME    NUMBER
   3750      -1.4366E+05     8.7605E-02     8.3957E+00     C2        490

 BOND    =    10656.9454  ANGLE   =      152.4009  DIHED      =      957.3432
 VDWAALS =    27003.5615  EEL     =  -178757.3456  HBOND      =        0.0000
 1-4 VDW =      258.7821  1-4 EEL =    -3927.7848  RESTRAINT  =        0.0000


   NSTEP       ENERGY          RMS            GMAX         NAME    NUMBER
   3800      -1.4366E+05     1.3948E-01     1.3712E+01     C6        481

 BOND    =    10658.5010  ANGLE   =      152.2518  DIHED      =      957.3002
 VDWAALS =    27009.9318  EEL     =  -178773.7925  HBOND      =        0.0000
 1-4 VDW =      258.7982  1-4 EEL =    -3927.7101  RESTRAINT  =        0.0000


   NSTEP       ENERGY          RMS            GMAX         NAME    NUMBER
   3850      -1.4367E+05     4.8399E-02     1.8325E+00     H1      20357

 BOND    =    10659.6801  ANGLE   =      152.1638  DIHED      =      957.2641
 VDWAALS =    27015.9851  EEL     =  -178789.8560  HBOND      =        0.0000
 1-4 VDW =      258.7838  1-4 EEL =    -3927.6429  RESTRAINT  =        0.0000


   NSTEP       ENERGY          RMS            GMAX         NAME    NUMBER
   3900      -1.4368E+05     1.1833E-01     1.3505E+01     C2        490

 BOND    =    10661.1931  ANGLE   =      152.1002  DIHED      =      957.2240
 VDWAALS =    27022.0360  EEL     =  -178806.0116  HBOND      =        0.0000
 1-4 VDW =      258.7849  1-4 EEL =    -3927.5667  RESTRAINT  =        0.0000


   NSTEP       ENERGY          RMS            GMAX         NAME    NUMBER
   3950      -1.4369E+05     1.8097E-01     1.9564E+01     C6        481

 BOND    =    10662.5396  ANGLE   =      152.4107  DIHED      =      957.1961
 VDWAALS =    27027.7211  EEL     =  -178821.3557  HBOND      =        0.0000
 1-4 VDW =      258.7025  1-4 EEL =    -3927.5447  RESTRAINT  =        0.0000


   NSTEP       ENERGY          RMS            GMAX         NAME    NUMBER
   4000      -1.4370E+05     7.8176E-02     7.0477E+00     C2        490

 BOND    =    10663.8840  ANGLE   =      151.7318  DIHED      =      957.1579
 VDWAALS =    27033.3412  EEL     =  -178836.7124  HBOND      =        0.0000
 1-4 VDW =      258.8277  1-4 EEL =    -3927.4150  RESTRAINT  =        0.0000


   NSTEP       ENERGY          RMS            GMAX         NAME    NUMBER
   4050      -1.4371E+05     1.5218E-01     1.3013E+01     C2        490

 BOND    =    10665.8693  ANGLE   =      151.3179  DIHED      =      957.1256
 VDWAALS =    27038.8825  EEL     =  -178851.9688  HBOND      =        0.0000
 1-4 VDW =      258.9275  1-4 EEL =    -3927.2940  RESTRAINT  =        0.0000


   NSTEP       ENERGY          RMS            GMAX         NAME    NUMBER
   4100      -1.4372E+05     5.1832E-02     3.0413E+00     C2        490

 BOND    =    10666.4479  ANGLE   =      151.6073  DIHED      =      957.0897
 VDWAALS =    27044.3981  EEL     =  -178866.4119  HBOND      =        0.0000
 1-4 VDW =      258.8181  1-4 EEL =    -3927.2885  RESTRAINT  =        0.0000


   NSTEP       ENERGY          RMS            GMAX         NAME    NUMBER
   4150      -1.4372E+05     1.2638E-01     1.3058E+01     C2        490

 BOND    =    10667.8117  ANGLE   =      151.7329  DIHED      =      957.0519
 VDWAALS =    27050.0509  EEL     =  -178881.3894  HBOND      =        0.0000
 1-4 VDW =      258.7796  1-4 EEL =    -3927.2436  RESTRAINT  =        0.0000


   NSTEP       ENERGY          RMS            GMAX         NAME    NUMBER
   4200      -1.4373E+05     5.6870E-02     4.1589E+00     C2        490

 BOND    =    10669.1935  ANGLE   =      151.3659  DIHED      =      957.0165
 VDWAALS =    27055.4177  EEL     =  -178895.8281  HBOND      =        0.0000
 1-4 VDW =      258.8415  1-4 EEL =    -3927.1590  RESTRAINT  =        0.0000


   NSTEP       ENERGY          RMS            GMAX         NAME    NUMBER
   4250      -1.4374E+05     1.0972E-01     1.1515E+01     C2        490

 BOND    =    10670.6013  ANGLE   =      151.2889  DIHED      =      956.9771
 VDWAALS =    27060.8518  EEL     =  -178910.0554  HBOND      =        0.0000
 1-4 VDW =      258.8492  1-4 EEL =    -3927.1046  RESTRAINT  =        0.0000


   NSTEP       ENERGY          RMS            GMAX         NAME    NUMBER
   4300      -1.4375E+05     1.5893E-01     1.6785E+01     C2        490

 BOND    =    10671.6962  ANGLE   =      151.4968  DIHED      =      956.9333
 VDWAALS =    27066.1234  EEL     =  -178923.6036  HBOND      =        0.0000
 1-4 VDW =      258.7887  1-4 EEL =    -3927.0972  RESTRAINT  =        0.0000


   NSTEP       ENERGY          RMS            GMAX         NAME    NUMBER
   4350      -1.4375E+05     4.7153E-02     2.3370E+00     C2        490

 BOND    =    10672.8631  ANGLE   =      151.0925  DIHED      =      956.8889
 VDWAALS =    27070.9261  EEL     =  -178936.7021  HBOND      =        0.0000
 1-4 VDW =      258.8609  1-4 EEL =    -3926.9910  RESTRAINT  =        0.0000


   NSTEP       ENERGY          RMS            GMAX         NAME    NUMBER
   4400      -1.4376E+05     1.3969E-01     1.3670E+01     C2        490

 BOND    =    10674.5126  ANGLE   =      150.8163  DIHED      =      956.8417
 VDWAALS =    27075.4930  EEL     =  -178949.4398  HBOND      =        0.0000
 1-4 VDW =      258.9343  1-4 EEL =    -3926.8930  RESTRAINT  =        0.0000


   NSTEP       ENERGY          RMS            GMAX         NAME    NUMBER
   4450      -1.4377E+05     4.7318E-02     2.5447E+00     C2        490

 BOND    =    10674.9595  ANGLE   =      150.9858  DIHED      =      956.7930
 VDWAALS =    27079.7513  EEL     =  -178961.2426  HBOND      =        0.0000
 1-4 VDW =      258.8580  1-4 EEL =    -3926.9167  RESTRAINT  =        0.0000


   NSTEP       ENERGY          RMS            GMAX         NAME    NUMBER
   4500      -1.4377E+05     1.2286E-01     1.3290E+01     C2        490

 BOND    =    10676.4281  ANGLE   =      150.7684  DIHED      =      956.7409
 VDWAALS =    27084.0131  EEL     =  -178973.7088  HBOND      =        0.0000
 1-4 VDW =      258.9087  1-4 EEL =    -3926.8622  RESTRAINT  =        0.0000


   NSTEP       ENERGY          RMS            GMAX         NAME    NUMBER
   4550      -1.4378E+05     1.6909E-01     1.9304E+01     C2        490

 BOND    =    10677.6227  ANGLE   =      150.7817  DIHED      =      956.6876
 VDWAALS =    27088.1363  EEL     =  -178985.6769  HBOND      =        0.0000
 1-4 VDW =      258.9012  1-4 EEL =    -3926.8436  RESTRAINT  =        0.0000


   NSTEP       ENERGY          RMS            GMAX         NAME    NUMBER
   4600      -1.4379E+05     1.0111E-01     1.0297E+01     C2        490

 BOND    =    10678.1470  ANGLE   =      150.9425  DIHED      =      956.6285
 VDWAALS =    27092.3730  EEL     =  -178997.6707  HBOND      =        0.0000
 1-4 VDW =      258.8408  1-4 EEL =    -3926.8187  RESTRAINT  =        0.0000


   NSTEP       ENERGY          RMS            GMAX         NAME    NUMBER
   4650      -1.4379E+05     1.5179E-01     1.3933E+01     C2        490

 BOND    =    10680.0203  ANGLE   =      150.3786  DIHED      =      956.5718
 VDWAALS =    27096.5479  EEL     =  -179009.8462  HBOND      =        0.0000
 1-4 VDW =      258.9820  1-4 EEL =    -3926.6999  RESTRAINT  =        0.0000


   NSTEP       ENERGY          RMS            GMAX         NAME    NUMBER
   4700      -1.4380E+05     6.1200E-02     4.8480E+00     C2        490

 BOND    =    10680.2248  ANGLE   =      150.7192  DIHED      =      956.5141
 VDWAALS =    27100.8457  EEL     =  -179021.1427  HBOND      =        0.0000
 1-4 VDW =      258.8584  1-4 EEL =    -3926.7788  RESTRAINT  =        0.0000


   NSTEP       ENERGY          RMS            GMAX         NAME    NUMBER
   4750      -1.4381E+05     1.1914E-01     1.2728E+01     C2        490

 BOND    =    10681.3241  ANGLE   =      150.7320  DIHED      =      956.4551
 VDWAALS =    27105.1978  EEL     =  -179032.7283  HBOND      =        0.0000
 1-4 VDW =      258.8485  1-4 EEL =    -3926.7776  RESTRAINT  =        0.0000


   NSTEP       ENERGY          RMS            GMAX         NAME    NUMBER
   4800      -1.4381E+05     4.3492E-02     2.3502E+00     C2        490

 BOND    =    10682.2523  ANGLE   =      150.5428  DIHED      =      956.3963
 VDWAALS =    27109.4388  EEL     =  -179043.8665  HBOND      =        0.0000
 1-4 VDW =      258.8764  1-4 EEL =    -3926.7192  RESTRAINT  =        0.0000


   NSTEP       ENERGY          RMS            GMAX         NAME    NUMBER
   4850      -1.4382E+05     1.1572E-01     1.1204E+01     C2        490

 BOND    =    10683.6956  ANGLE   =      150.2701  DIHED      =      956.3365
 VDWAALS =    27113.8006  EEL     =  -179055.1518  HBOND      =        0.0000
 1-4 VDW =      258.9473  1-4 EEL =    -3926.6447  RESTRAINT  =        0.0000


   NSTEP       ENERGY          RMS            GMAX         NAME    NUMBER
   4900      -1.4382E+05     4.7902E-02     3.5377E+00     C2        490

 BOND    =    10684.2364  ANGLE   =      150.4164  DIHED      =      956.2764
 VDWAALS =    27118.2322  EEL     =  -179065.8996  HBOND      =        0.0000
 1-4 VDW =      258.8843  1-4 EEL =    -3926.6906  RESTRAINT  =        0.0000


   NSTEP       ENERGY          RMS            GMAX         NAME    NUMBER
   4950      -1.4383E+05     6.0572E-02     5.7033E+00     C2        490

 BOND    =    10685.2945  ANGLE   =      150.3161  DIHED      =      956.2155
 VDWAALS =    27122.6866  EEL     =  -179076.8464  HBOND      =        0.0000
 1-4 VDW =      258.8986  1-4 EEL =    -3926.6677  RESTRAINT  =        0.0000


   NSTEP       ENERGY          RMS            GMAX         NAME    NUMBER
   5000      -1.4384E+05     1.2901E-01     1.4792E+01     C2        490

 BOND    =    10686.4017  ANGLE   =      150.3501  DIHED      =      956.1534
 VDWAALS =    27127.2061  EEL     =  -179087.6383  HBOND      =        0.0000
 1-4 VDW =      258.8849  1-4 EEL =    -3926.6742  RESTRAINT  =        0.0000


   NSTEP       ENERGY          RMS            GMAX         NAME    NUMBER
   5050      -1.4392E+05     1.8828E-01     1.1657E+01     O       30313

 BOND    =    10704.5817  ANGLE   =      150.8434  DIHED      =      954.6856
 VDWAALS =    27226.7632  EEL     =  -179292.1985  HBOND      =        0.0000
 1-4 VDW =      258.6919  1-4 EEL =    -3926.2043  RESTRAINT  =        0.0000


   NSTEP       ENERGY          RMS            GMAX         NAME    NUMBER
   5100      -1.4394E+05     1.2085E-01     8.0859E+00     O       29806

 BOND    =    10707.1641  ANGLE   =      150.6448  DIHED      =      954.3691
 VDWAALS =    27237.5897  EEL     =  -179325.8318  HBOND      =        0.0000
 1-4 VDW =      258.8302  1-4 EEL =    -3925.8832  RESTRAINT  =        0.0000


   NSTEP       ENERGY          RMS            GMAX         NAME    NUMBER
   5150      -1.4396E+05     1.3891E-01     7.9221E+00     H2      30315

 BOND    =    10712.4785  ANGLE   =      150.6974  DIHED      =      954.0336
 VDWAALS =    27250.7547  EEL     =  -179361.9950  HBOND      =        0.0000
 1-4 VDW =      258.7165  1-4 EEL =    -3925.6515  RESTRAINT  =        0.0000


   NSTEP       ENERGY          RMS            GMAX         NAME    NUMBER
   5200      -1.4398E+05     1.4187E-01     8.3528E+00     H2'       590

 BOND    =    10716.2655  ANGLE   =      150.9111  DIHED      =      953.7664
 VDWAALS =    27262.2511  EEL     =  -179395.4972  HBOND      =        0.0000
 1-4 VDW =      258.6856  1-4 EEL =    -3925.5372  RESTRAINT  =        0.0000


   NSTEP       ENERGY          RMS            GMAX         NAME    NUMBER
   5250      -1.4400E+05     1.4393E-01     9.5624E+00     H2'       590

 BOND    =    10718.2331  ANGLE   =      151.2929  DIHED      =      953.4929
 VDWAALS =    27276.2879  EEL     =  -179431.1209  HBOND      =        0.0000
 1-4 VDW =      258.5095  1-4 EEL =    -3925.1914  RESTRAINT  =        0.0000


   NSTEP       ENERGY          RMS            GMAX         NAME    NUMBER
   5300      -1.4402E+05     1.6171E-01     9.5070E+00     H2      29808

 BOND    =    10715.3905  ANGLE   =      151.1597  DIHED      =      953.1629
 VDWAALS =    27291.4199  EEL     =  -179463.8339  HBOND      =        0.0000
 1-4 VDW =      258.2355  1-4 EEL =    -3924.4779  RESTRAINT  =        0.0000


   NSTEP       ENERGY          RMS            GMAX         NAME    NUMBER
   5350      -1.4404E+05     1.9717E-01     1.3562E+01     H2      29808

 BOND    =    10714.7764  ANGLE   =      151.6121  DIHED      =      952.6896
 VDWAALS =    27311.3974  EEL     =  -179506.1489  HBOND      =        0.0000
 1-4 VDW =      257.6852  1-4 EEL =    -3922.9985  RESTRAINT  =        0.0000


   NSTEP       ENERGY          RMS            GMAX         NAME    NUMBER
   5400      -1.4407E+05     1.0868E-01     7.7083E+00     H2'       590

 BOND    =    10728.2715  ANGLE   =      152.0698  DIHED      =      952.2594
 VDWAALS =    27325.4441  EEL     =  -179559.7657  HBOND      =        0.0000
 1-4 VDW =      258.0052  1-4 EEL =    -3924.0658  RESTRAINT  =        0.0000


   NSTEP       ENERGY          RMS            GMAX         NAME    NUMBER
   5450      -1.4409E+05     9.0346E-02     6.9876E+00     H2'       590

 BOND    =    10729.2710  ANGLE   =      151.1744  DIHED      =      951.3222
 VDWAALS =    27348.8328  EEL     =  -179605.8019  HBOND      =        0.0000
 1-4 VDW =      257.7470  1-4 EEL =    -3922.9143  RESTRAINT  =        0.0000


   NSTEP       ENERGY          RMS            GMAX         NAME    NUMBER
   5500      -1.4413E+05     9.5854E-02     7.3276E+00     C2'       589

 BOND    =    10737.0819  ANGLE   =      151.7720  DIHED      =      949.7322
 VDWAALS =    27384.4050  EEL     =  -179684.9364  HBOND      =        0.0000
 1-4 VDW =      257.6011  1-4 EEL =    -3922.2275  RESTRAINT  =        0.0000


   NSTEP       ENERGY          RMS            GMAX         NAME    NUMBER
   5550      -1.4415E+05     1.2463E-01     8.0863E+00     O3'       592

 BOND    =    10741.9554  ANGLE   =      152.2014  DIHED      =      948.8865
 VDWAALS =    27405.2253  EEL     =  -179734.6158  HBOND      =        0.0000
 1-4 VDW =      257.3286  1-4 EEL =    -3921.7574  RESTRAINT  =        0.0000


   NSTEP       ENERGY          RMS            GMAX         NAME    NUMBER
   5600      -1.4419E+05     9.9615E-02     5.5167E+00     C2'       589

 BOND    =    10748.2180  ANGLE   =      152.9340  DIHED      =      947.2379
 VDWAALS =    27438.6817  EEL     =  -179808.4297  HBOND      =        0.0000
 1-4 VDW =      257.5178  1-4 EEL =    -3922.1730  RESTRAINT  =        0.0000


   NSTEP       ENERGY          RMS            GMAX         NAME    NUMBER
   5650      -1.4422E+05     1.5019E-01     6.9558E+00     C6        481

 BOND    =    10753.8249  ANGLE   =      153.7494  DIHED      =      945.7953
 VDWAALS =    27459.6328  EEL     =  -179866.6473  HBOND      =        0.0000
 1-4 VDW =      257.6660  1-4 EEL =    -3921.7537  RESTRAINT  =        0.0000


   NSTEP       ENERGY          RMS            GMAX         NAME    NUMBER
   5700      -1.4424E+05     9.8988E-02     3.2276E+00     C4        114

 BOND    =    10755.1953  ANGLE   =      153.7464  DIHED      =      944.9030
 VDWAALS =    27477.2179  EEL     =  -179906.6715  HBOND      =        0.0000
 1-4 VDW =      257.4732  1-4 EEL =    -3921.4144  RESTRAINT  =        0.0000


   NSTEP       ENERGY          RMS            GMAX         NAME    NUMBER
   5750      -1.4426E+05     1.3418E-01     6.5314E+00     C5        483

 BOND    =    10758.8327  ANGLE   =      153.9302  DIHED      =      944.2460
 VDWAALS =    27495.7444  EEL     =  -179947.0804  HBOND      =        0.0000
 1-4 VDW =      257.4445  1-4 EEL =    -3921.2258  RESTRAINT  =        0.0000


   NSTEP       ENERGY          RMS            GMAX         NAME    NUMBER
   5800      -1.4427E+05     1.4812E-01     6.2536E+00     C5        483

 BOND    =    10762.4016  ANGLE   =      154.5568  DIHED      =      943.7672
 VDWAALS =    27512.7823  EEL     =  -179982.0665  HBOND      =        0.0000
 1-4 VDW =      257.3051  1-4 EEL =    -3921.0408  RESTRAINT  =        0.0000


   NSTEP       ENERGY          RMS            GMAX         NAME    NUMBER
   5850      -1.4429E+05     1.3606E-01     6.2576E+00     C4        114

 BOND    =    10761.9590  ANGLE   =      155.0518  DIHED      =      943.4142
 VDWAALS =    27526.4571  EEL     =  -180009.3365  HBOND      =        0.0000
 1-4 VDW =      256.9832  1-4 EEL =    -3920.5505  RESTRAINT  =        0.0000


   NSTEP       ENERGY          RMS            GMAX         NAME    NUMBER
   5900      -1.4430E+05     1.3260E-01     6.5963E+00     O       17017

 BOND    =    10766.7821  ANGLE   =      155.8576  DIHED      =      943.1731
 VDWAALS =    27540.0936  EEL     =  -180044.0970  HBOND      =        0.0000
 1-4 VDW =      256.9687  1-4 EEL =    -3920.3596  RESTRAINT  =        0.0000


   NSTEP       ENERGY          RMS            GMAX         NAME    NUMBER
   5950      -1.4432E+05     1.1385E-01     4.9886E+00     O3'        63

 BOND    =    10768.1153  ANGLE   =      155.8529  DIHED      =      942.8329
 VDWAALS =    27554.0394  EEL     =  -180074.2619  HBOND      =        0.0000
 1-4 VDW =      256.9666  1-4 EEL =    -3920.0527  RESTRAINT  =        0.0000


   NSTEP       ENERGY          RMS            GMAX         NAME    NUMBER
   6000      -1.4433E+05     1.2003E-01     4.6018E+00     C1'       478

 BOND    =    10771.3324  ANGLE   =      155.7773  DIHED      =      942.5064
 VDWAALS =    27567.2219  EEL     =  -180105.2036  HBOND      =        0.0000
 1-4 VDW =      256.9650  1-4 EEL =    -3919.9386  RESTRAINT  =        0.0000


   NSTEP       ENERGY          RMS            GMAX         NAME    NUMBER
   6050      -1.4435E+05     1.1618E-01     5.9576E+00     H2      32640

 BOND    =    10773.8216  ANGLE   =      155.7938  DIHED      =      942.1565
 VDWAALS =    27584.7543  EEL     =  -180141.9281  HBOND      =        0.0000
 1-4 VDW =      256.8887  1-4 EEL =    -3919.6705  RESTRAINT  =        0.0000


   NSTEP       ENERGY          RMS            GMAX         NAME    NUMBER
   6100      -1.4437E+05     7.7406E-02     3.3244E+00     O3'        63

 BOND    =    10776.6784  ANGLE   =      155.6047  DIHED      =      941.8205
 VDWAALS =    27602.3453  EEL     =  -180179.9469  HBOND      =        0.0000
 1-4 VDW =      256.9378  1-4 EEL =    -3919.3899  RESTRAINT  =        0.0000


   NSTEP       ENERGY          RMS            GMAX         NAME    NUMBER
   6150      -1.4438E+05     1.7251E-01     8.6097E+00     C6        451

 BOND    =    10780.0797  ANGLE   =      155.9093  DIHED      =      941.4779
 VDWAALS =    27620.9891  EEL     =  -180219.6544  HBOND      =        0.0000
 1-4 VDW =      256.8424  1-4 EEL =    -3919.0145  RESTRAINT  =        0.0000


   NSTEP       ENERGY          RMS            GMAX         NAME    NUMBER
   6200      -1.4439E+05     1.4714E-01     6.7411E+00     O3'        63

 BOND    =    10782.8795  ANGLE   =      156.0333  DIHED      =      941.3199
 VDWAALS =    27630.5102  EEL     =  -180243.1671  HBOND      =        0.0000
 1-4 VDW =      256.7829  1-4 EEL =    -3918.9307  RESTRAINT  =        0.0000


   NSTEP       ENERGY          RMS            GMAX         NAME    NUMBER
   6250      -1.4441E+05     4.1562E-01     2.3317E+01     C6        673

 BOND    =    10789.3418  ANGLE   =      157.3141  DIHED      =      940.7782
 VDWAALS =    27651.5273  EEL     =  -180287.4746  HBOND      =        0.0000
 1-4 VDW =      256.6770  1-4 EEL =    -3918.9489  RESTRAINT  =        0.0000


   NSTEP       ENERGY          RMS            GMAX         NAME    NUMBER
   6300      -1.4443E+05     2.1680E-01     1.1424E+01     O5'       563

 BOND    =    10795.3853  ANGLE   =      156.9476  DIHED      =      940.3038
 VDWAALS =    27670.2664  EEL     =  -180335.1962  HBOND      =        0.0000
 1-4 VDW =      257.0056  1-4 EEL =    -3919.1048  RESTRAINT  =        0.0000


   NSTEP       ENERGY          RMS            GMAX         NAME    NUMBER
   6350      -1.4445E+05     1.3719E-01     4.7170E+00     H2      29808

 BOND    =    10794.7459  ANGLE   =      156.1088  DIHED      =      940.1489
 VDWAALS =    27676.8309  EEL     =  -180358.0905  HBOND      =        0.0000
 1-4 VDW =      256.7837  1-4 EEL =    -3918.5374  RESTRAINT  =        0.0000


   NSTEP       ENERGY          RMS            GMAX         NAME    NUMBER
   6400      -1.4447E+05     1.4074E-01     6.6577E+00     C1'       478

 BOND    =    10799.1230  ANGLE   =      156.4440  DIHED      =      939.8059
 VDWAALS =    27687.4008  EEL     =  -180389.9254  HBOND      =        0.0000
 1-4 VDW =      256.8841  1-4 EEL =    -3918.4731  RESTRAINT  =        0.0000


   NSTEP       ENERGY          RMS            GMAX         NAME    NUMBER
   6450      -1.4448E+05     1.3069E-01     5.8267E+00     C6        481

 BOND    =    10796.3161  ANGLE   =      156.5207  DIHED      =      939.6127
 VDWAALS =    27692.3480  EEL     =  -180406.0752  HBOND      =        0.0000
 1-4 VDW =      256.8067  1-4 EEL =    -3917.9568  RESTRAINT  =        0.0000


   NSTEP       ENERGY          RMS            GMAX         NAME    NUMBER
   6500      -1.4449E+05     9.4256E-02     4.1395E+00     C4        114

 BOND    =    10800.4078  ANGLE   =      156.5755  DIHED      =      939.3884
 VDWAALS =    27701.7865  EEL     =  -180431.0471  HBOND      =        0.0000
 1-4 VDW =      256.7994  1-4 EEL =    -3917.8383  RESTRAINT  =        0.0000


   NSTEP       ENERGY          RMS            GMAX         NAME    NUMBER
   6550      -1.4451E+05     1.0338E-01     5.8062E+00     H2      14472

 BOND    =    10802.6951  ANGLE   =      156.4967  DIHED      =      939.0838
 VDWAALS =    27715.5556  EEL     =  -180459.4760  HBOND      =        0.0000
 1-4 VDW =      256.7694  1-4 EEL =    -3917.4063  RESTRAINT  =        0.0000


   NSTEP       ENERGY          RMS            GMAX         NAME    NUMBER
   6600      -1.4452E+05     8.7076E-02     4.5227E+00     C1'       478

 BOND    =    10805.5230  ANGLE   =      156.5158  DIHED      =      938.7362
 VDWAALS =    27727.9281  EEL     =  -180486.3449  HBOND      =        0.0000
 1-4 VDW =      256.8360  1-4 EEL =    -3917.2779  RESTRAINT  =        0.0000


   NSTEP       ENERGY          RMS            GMAX         NAME    NUMBER
   6650      -1.4453E+05     1.0361E-01     4.2800E+00     O4'       569

 BOND    =    10805.4962  ANGLE   =      156.9687  DIHED      =      938.4513
 VDWAALS =    27733.9375  EEL     =  -180500.2032  HBOND      =        0.0000
 1-4 VDW =      256.7277  1-4 EEL =    -3916.6545  RESTRAINT  =        0.0000


   NSTEP       ENERGY          RMS            GMAX         NAME    NUMBER
   6700      -1.4454E+05     2.1836E-01     1.3664E+01     C1'       478

 BOND    =    10802.1685  ANGLE   =      157.6576  DIHED      =      937.6954
 VDWAALS =    27747.1861  EEL     =  -180522.4850  HBOND      =        0.0000
 1-4 VDW =      256.7163  1-4 EEL =    -3915.6712  RESTRAINT  =        0.0000


   NSTEP       ENERGY          RMS            GMAX         NAME    NUMBER
   6750      -1.4455E+05     1.7873E-01     7.9530E+00     C2        460

 BOND    =    10814.8613  ANGLE   =      157.5704  DIHED      =      936.7768
 VDWAALS =    27757.3658  EEL     =  -180556.4381  HBOND      =        0.0000
 1-4 VDW =      256.8189  1-4 EEL =    -3915.5173  RESTRAINT  =        0.0000


   NSTEP       ENERGY          RMS            GMAX         NAME    NUMBER
   6800      -1.4456E+05     1.3754E-01     5.9749E+00     N3        116

 BOND    =    10816.1364  ANGLE   =      157.4093  DIHED      =      936.2398
 VDWAALS =    27765.8788  EEL     =  -180577.8961  HBOND      =        0.0000
 1-4 VDW =      256.7934  1-4 EEL =    -3915.3629  RESTRAINT  =        0.0000


   NSTEP       ENERGY          RMS            GMAX         NAME    NUMBER
   6850      -1.4457E+05     1.4184E-01     7.1386E+00     C4'       534

 BOND    =    10819.1568  ANGLE   =      157.4859  DIHED      =      935.5911
 VDWAALS =    27779.4023  EEL     =  -180606.3094  HBOND      =        0.0000
 1-4 VDW =      256.7537  1-4 EEL =    -3915.2010  RESTRAINT  =        0.0000


   NSTEP       ENERGY          RMS            GMAX         NAME    NUMBER
   6900      -1.4459E+05     1.5581E-01     6.1080E+00     C6        481

 BOND    =    10824.2850  ANGLE   =      157.5843  DIHED      =      934.9509
 VDWAALS =    27796.7918  EEL     =  -180642.2889  HBOND      =        0.0000
 1-4 VDW =      256.6925  1-4 EEL =    -3914.9208  RESTRAINT  =        0.0000


   NSTEP       ENERGY          RMS            GMAX         NAME    NUMBER
   6950      -1.4460E+05     1.3638E-01     8.4136E+00     C6        481

 BOND    =    10822.3398  ANGLE   =      157.6863  DIHED      =      934.4825
 VDWAALS =    27808.9257  EEL     =  -180663.0887  HBOND      =        0.0000
 1-4 VDW =      256.6521  1-4 EEL =    -3915.0994  RESTRAINT  =        0.0000


   NSTEP       ENERGY          RMS            GMAX         NAME    NUMBER
   7000      -1.4461E+05     1.2253E-01     4.6025E+00     Na+      1092

 BOND    =    10826.6187  ANGLE   =      157.8253  DIHED      =      933.9431
 VDWAALS =    27821.9484  EEL     =  -180691.7871  HBOND      =        0.0000
 1-4 VDW =      256.6361  1-4 EEL =    -3914.7763  RESTRAINT  =        0.0000


   NSTEP       ENERGY          RMS            GMAX         NAME    NUMBER
   7050      -1.4462E+05     7.2063E-02     3.3230E+00     P          64

 BOND    =    10824.1127  ANGLE   =      158.0091  DIHED      =      933.4862
 VDWAALS =    27828.1072  EEL     =  -180703.4577  HBOND      =        0.0000
 1-4 VDW =      256.7618  1-4 EEL =    -3915.3823  RESTRAINT  =        0.0000


   NSTEP       ENERGY          RMS            GMAX         NAME    NUMBER
   7100      -1.4463E+05     8.1761E-02     2.8328E+00     H2'       557

 BOND    =    10827.5548  ANGLE   =      158.1685  DIHED      =      933.0151
 VDWAALS =    27837.7955  EEL     =  -180724.5759  HBOND      =        0.0000
 1-4 VDW =      256.7879  1-4 EEL =    -3915.2848  RESTRAINT  =        0.0000


   NSTEP       ENERGY          RMS            GMAX         NAME    NUMBER
   7150      -1.4463E+05     7.1195E-02     2.8819E+00     H2'       557

 BOND    =    10828.3161  ANGLE   =      158.3156  DIHED      =      932.5770
 VDWAALS =    27848.6077  EEL     =  -180743.6607  HBOND      =        0.0000
 1-4 VDW =      256.7794  1-4 EEL =    -3915.1793  RESTRAINT  =        0.0000


   NSTEP       ENERGY          RMS            GMAX         NAME    NUMBER
   7200      -1.4464E+05     6.6005E-02     2.9606E+00     H2'       557

 BOND    =    10830.7044  ANGLE   =      158.3611  DIHED      =      932.1891
 VDWAALS =    27859.6262  EEL     =  -180763.5305  HBOND      =        0.0000
 1-4 VDW =      256.7501  1-4 EEL =    -3914.9845  RESTRAINT  =        0.0000


   NSTEP       ENERGY          RMS            GMAX         NAME    NUMBER
   7250      -1.4465E+05     6.7358E-02     2.5274E+00     H2'       557

 BOND    =    10832.9945  ANGLE   =      158.4063  DIHED      =      931.7829
 VDWAALS =    27871.7450  EEL     =  -180785.2648  HBOND      =        0.0000
 1-4 VDW =      256.7403  1-4 EEL =    -3914.7559  RESTRAINT  =        0.0000


   NSTEP       ENERGY          RMS            GMAX         NAME    NUMBER
   7300      -1.4466E+05     7.5458E-02     2.8624E+00     H2'       557

 BOND    =    10835.3869  ANGLE   =      158.7260  DIHED      =      931.2784
 VDWAALS =    27884.7682  EEL     =  -180809.2770  HBOND      =        0.0000
 1-4 VDW =      256.7246  1-4 EEL =    -3914.6357  RESTRAINT  =        0.0000


   NSTEP       ENERGY          RMS            GMAX         NAME    NUMBER
   7350      -1.4467E+05     1.2828E-01     3.9401E+00     H2      14034

 BOND    =    10839.7936  ANGLE   =      159.4226  DIHED      =      930.7811
 VDWAALS =    27895.9126  EEL     =  -180833.3429  HBOND      =        0.0000
 1-4 VDW =      256.6929  1-4 EEL =    -3914.7227  RESTRAINT  =        0.0000


   NSTEP       ENERGY          RMS            GMAX         NAME    NUMBER
   7400      -1.4467E+05     1.0786E-01     5.6040E+00     C4        114

 BOND    =    10840.3578  ANGLE   =      159.3325  DIHED      =      930.6103
 VDWAALS =    27903.8232  EEL     =  -180848.6537  HBOND      =        0.0000
 1-4 VDW =      256.6281  1-4 EEL =    -3914.5605  RESTRAINT  =        0.0000


   NSTEP       ENERGY          RMS            GMAX         NAME    NUMBER
   7450      -1.4468E+05     8.7280E-02     4.3057E+00     O3'        63

 BOND    =    10839.1741  ANGLE   =      159.4637  DIHED      =      930.2741
 VDWAALS =    27912.6325  EEL     =  -180862.5926  HBOND      =        0.0000
 1-4 VDW =      256.7046  1-4 EEL =    -3914.5943  RESTRAINT  =        0.0000


   NSTEP       ENERGY          RMS            GMAX         NAME    NUMBER
   7500      -1.4468E+05     1.3276E-01     4.5728E+00     C6        801

 BOND    =    10838.3976  ANGLE   =      159.6142  DIHED      =      929.9544
 VDWAALS =    27921.0656  EEL     =  -180875.9172  HBOND      =        0.0000
 1-4 VDW =      256.6902  1-4 EEL =    -3914.3449  RESTRAINT  =        0.0000


   NSTEP       ENERGY          RMS            GMAX         NAME    NUMBER
   7550      -1.4469E+05     7.8745E-02     3.4414E+00     H2''      591

 BOND    =    10841.6719  ANGLE   =      159.6999  DIHED      =      929.7207
 VDWAALS =    27929.5885  EEL     =  -180894.4072  HBOND      =        0.0000
 1-4 VDW =      256.6295  1-4 EEL =    -3914.1874  RESTRAINT  =        0.0000


   NSTEP       ENERGY          RMS            GMAX         NAME    NUMBER
   7600      -1.4470E+05     7.9950E-02     3.3763E+00     C5        483

 BOND    =    10844.6883  ANGLE   =      159.8656  DIHED      =      929.4738
 VDWAALS =    27937.9908  EEL     =  -180912.1675  HBOND      =        0.0000
 1-4 VDW =      256.6264  1-4 EEL =    -3914.2198  RESTRAINT  =        0.0000


   NSTEP       ENERGY          RMS            GMAX         NAME    NUMBER
   7650      -1.4470E+05     8.6857E-02     5.2195E+00     C2'       556

 BOND    =    10846.0053  ANGLE   =      160.1370  DIHED      =      929.2612
 VDWAALS =    27945.3095  EEL     =  -180927.1656  HBOND      =        0.0000
 1-4 VDW =      256.5630  1-4 EEL =    -3913.9721  RESTRAINT  =        0.0000


   NSTEP       ENERGY          RMS            GMAX         NAME    NUMBER
   7700      -1.4471E+05     1.8614E-01     7.4595E+00     C4        114

 BOND    =    10849.7000  ANGLE   =      161.5691  DIHED      =      929.0889
 VDWAALS =    27959.4915  EEL     =  -180956.6947  HBOND      =        0.0000
 1-4 VDW =      256.7548  1-4 EEL =    -3914.2657  RESTRAINT  =        0.0000


   NSTEP       ENERGY          RMS            GMAX         NAME    NUMBER
   7750      -1.4472E+05     1.0125E-01     4.2385E+00     O       12499

 BOND    =    10851.7343  ANGLE   =      160.7615  DIHED      =      928.7254
 VDWAALS =    27968.8720  EEL     =  -180974.5154  HBOND      =        0.0000
 1-4 VDW =      256.6466  1-4 EEL =    -3914.5134  RESTRAINT  =        0.0000


   NSTEP       ENERGY          RMS            GMAX         NAME    NUMBER
   7800      -1.4473E+05     5.5498E-02     2.9311E+00     H1       7151

 BOND    =    10851.6550  ANGLE   =      160.5115  DIHED      =      928.5701
 VDWAALS =    27973.3574  EEL     =  -180983.4284  HBOND      =        0.0000
 1-4 VDW =      256.5671  1-4 EEL =    -3914.2494  RESTRAINT  =        0.0000


   NSTEP       ENERGY          RMS            GMAX         NAME    NUMBER
   7850      -1.4474E+05     5.6028E-02     3.0758E+00     P          64

 BOND    =    10853.9179  ANGLE   =      160.7303  DIHED      =      928.3329
 VDWAALS =    27981.6207  EEL     =  -181002.1197  HBOND      =        0.0000
 1-4 VDW =      256.5544  1-4 EEL =    -3914.3992  RESTRAINT  =        0.0000


   NSTEP       ENERGY          RMS            GMAX         NAME    NUMBER
   7900      -1.4474E+05     5.9563E-02     2.9315E+00     P          64

 BOND    =    10855.2603  ANGLE   =      161.0524  DIHED      =      928.1248
 VDWAALS =    27988.2417  EEL     =  -181018.4695  HBOND      =        0.0000
 1-4 VDW =      256.5882  1-4 EEL =    -3914.5298  RESTRAINT  =        0.0000


   NSTEP       ENERGY          RMS            GMAX         NAME    NUMBER
   7950      -1.4475E+05     6.6672E-02     2.8418E+00     O3'        63

 BOND    =    10857.2017  ANGLE   =      161.2855  DIHED      =      927.8357
 VDWAALS =    27995.5700  EEL     =  -181038.1589  HBOND      =        0.0000
 1-4 VDW =      256.6211  1-4 EEL =    -3914.7193  RESTRAINT  =        0.0000


   NSTEP       ENERGY          RMS            GMAX         NAME    NUMBER
   8000      -1.4476E+05     6.8969E-02     2.7238E+00     C2'       556

 BOND    =    10858.5491  ANGLE   =      161.4593  DIHED      =      927.6061
 VDWAALS =    28002.2611  EEL     =  -181055.9325  HBOND      =        0.0000
 1-4 VDW =      256.6018  1-4 EEL =    -3915.0341  RESTRAINT  =        0.0000


   NSTEP       ENERGY          RMS            GMAX         NAME    NUMBER
   8050      -1.4477E+05     7.7359E-02     2.8909E+00     C2        118

 BOND    =    10859.9006  ANGLE   =      161.5876  DIHED      =      927.4914
 VDWAALS =    28008.1612  EEL     =  -181070.1884  HBOND      =        0.0000
 1-4 VDW =      256.5718  1-4 EEL =    -3915.2947  RESTRAINT  =        0.0000


   NSTEP       ENERGY          RMS            GMAX         NAME    NUMBER
   8100      -1.4478E+05     8.2072E-02     3.2824E+00     C2        118

 BOND    =    10860.1646  ANGLE   =      161.7317  DIHED      =      927.4189
 VDWAALS =    28013.9944  EEL     =  -181082.6889  HBOND      =        0.0000
 1-4 VDW =      256.5843  1-4 EEL =    -3915.6299  RESTRAINT  =        0.0000


   NSTEP       ENERGY          RMS            GMAX         NAME    NUMBER
   8150      -1.4479E+05     7.0010E-02     2.3498E+00     C6        706

 BOND    =    10862.7967  ANGLE   =      162.0532  DIHED      =      927.2897
 VDWAALS =    28021.7283  EEL     =  -181101.4134  HBOND      =        0.0000
 1-4 VDW =      256.5699  1-4 EEL =    -3916.0613  RESTRAINT  =        0.0000


   NSTEP       ENERGY          RMS            GMAX         NAME    NUMBER
   8200      -1.4479E+05     8.5931E-02     3.5311E+00     O3'        63

 BOND    =    10864.1145  ANGLE   =      162.1382  DIHED      =      927.2318
 VDWAALS =    28026.8254  EEL     =  -181114.6092  HBOND      =        0.0000
 1-4 VDW =      256.5434  1-4 EEL =    -3916.2604  RESTRAINT  =        0.0000


   NSTEP       ENERGY          RMS            GMAX         NAME    NUMBER
   8250      -1.4480E+05     6.4693E-02     2.9465E+00     O3'        63

 BOND    =    10865.5324  ANGLE   =      162.1657  DIHED      =      927.1698
 VDWAALS =    28032.4121  EEL     =  -181129.5148  HBOND      =        0.0000
 1-4 VDW =      256.5794  1-4 EEL =    -3916.5272  RESTRAINT  =        0.0000


   NSTEP       ENERGY          RMS            GMAX         NAME    NUMBER
   8300      -1.4481E+05     9.1561E-02     3.2654E+00     C2        118

 BOND    =    10868.0493  ANGLE   =      162.3382  DIHED      =      927.1192
 VDWAALS =    28039.9967  EEL     =  -181148.8326  HBOND      =        0.0000
 1-4 VDW =      256.5636  1-4 EEL =    -3916.8770  RESTRAINT  =        0.0000


   NSTEP       ENERGY          RMS            GMAX         NAME    NUMBER
   8350      -1.4482E+05     7.6277E-02     3.6449E+00     O3'        63

 BOND    =    10868.0668  ANGLE   =      162.6140  DIHED      =      927.0873
 VDWAALS =    28047.6892  EEL     =  -181163.9247  HBOND      =        0.0000
 1-4 VDW =      256.5696  1-4 EEL =    -3917.1957  RESTRAINT  =        0.0000


   NSTEP       ENERGY          RMS            GMAX         NAME    NUMBER
   8400      -1.4483E+05     9.7496E-02     5.0989E+00     O3'        63

 BOND    =    10871.1869  ANGLE   =      163.0197  DIHED      =      927.0991
 VDWAALS =    28055.3247  EEL     =  -181181.7456  HBOND      =        0.0000
 1-4 VDW =      256.5530  1-4 EEL =    -3917.6234  RESTRAINT  =        0.0000


   NSTEP       ENERGY          RMS            GMAX         NAME    NUMBER
   8450      -1.4483E+05     8.2392E-02     4.3971E+00     O5'       563

 BOND    =    10869.6210  ANGLE   =      163.0794  DIHED      =      927.1092
 VDWAALS =    28061.6170  EEL     =  -181193.2574  HBOND      =        0.0000
 1-4 VDW =      256.5715  1-4 EEL =    -3917.8327  RESTRAINT  =        0.0000


   NSTEP       ENERGY          RMS            GMAX         NAME    NUMBER
   8500      -1.4484E+05     1.2767E-01     5.9629E+00     C2        118

 BOND    =    10869.1821  ANGLE   =      163.4279  DIHED      =      927.0687
 VDWAALS =    28067.0716  EEL     =  -181205.3327  HBOND      =        0.0000
 1-4 VDW =      256.6275  1-4 EEL =    -3917.6595  RESTRAINT  =        0.0000


   NSTEP       ENERGY          RMS            GMAX         NAME    NUMBER
   8550      -1.4485E+05     9.7314E-02     4.3630E+00     P         560

 BOND    =    10869.1292  ANGLE   =      163.4997  DIHED      =      927.0390
 VDWAALS =    28072.4945  EEL     =  -181217.6636  HBOND      =        0.0000
 1-4 VDW =      256.5873  1-4 EEL =    -3917.7280  RESTRAINT  =        0.0000


   NSTEP       ENERGY          RMS            GMAX         NAME    NUMBER
   8600      -1.4485E+05     5.6212E-02     2.0810E+00     O5'       563

 BOND    =    10871.1860  ANGLE   =      163.4183  DIHED      =      926.8509
 VDWAALS =    28074.9923  EEL     =  -181226.3689  HBOND      =        0.0000
 1-4 VDW =      256.6907  1-4 EEL =    -3918.0059  RESTRAINT  =        0.0000


   NSTEP       ENERGY          RMS            GMAX         NAME    NUMBER
   8650      -1.4486E+05     5.2179E-02     2.3554E+00     O5'       563

 BOND    =    10873.7112  ANGLE   =      163.6779  DIHED      =      926.8178
 VDWAALS =    28081.1509  EEL     =  -181243.5866  HBOND      =        0.0000
 1-4 VDW =      256.6469  1-4 EEL =    -3918.0909  RESTRAINT  =        0.0000


   NSTEP       ENERGY          RMS            GMAX         NAME    NUMBER
   8700      -1.4488E+05     5.7063E-02     2.0888E+00     O3'        63

 BOND    =    10877.4962  ANGLE   =      163.5408  DIHED      =      926.9455
 VDWAALS =    28093.6510  EEL     =  -181276.9092  HBOND      =        0.0000
 1-4 VDW =      256.5839  1-4 EEL =    -3918.0408  RESTRAINT  =        0.0000


   NSTEP       ENERGY          RMS            GMAX         NAME    NUMBER
   8750      -1.4488E+05     6.7432E-02     2.5259E+00     C2        964

 BOND    =    10879.2382  ANGLE   =      163.6375  DIHED      =      926.9104
 VDWAALS =    28102.4208  EEL     =  -181294.9900  HBOND      =        0.0000
 1-4 VDW =      256.5496  1-4 EEL =    -3918.0953  RESTRAINT  =        0.0000


   NSTEP       ENERGY          RMS            GMAX         NAME    NUMBER
   8800      -1.4490E+05     4.1097E-02     1.7036E+00     O3'        63

 BOND    =    10881.4920  ANGLE   =      163.5964  DIHED      =      926.8241
 VDWAALS =    28116.8945  EEL     =  -181327.1493  HBOND      =        0.0000
 1-4 VDW =      256.5613  1-4 EEL =    -3918.2661  RESTRAINT  =        0.0000


   NSTEP       ENERGY          RMS            GMAX         NAME    NUMBER
   8850      -1.4491E+05     5.7912E-02     2.1090E+00     C6        706

 BOND    =    10882.8646  ANGLE   =      163.7522  DIHED      =      926.8921
 VDWAALS =    28127.5226  EEL     =  -181350.1719  HBOND      =        0.0000
 1-4 VDW =      256.5914  1-4 EEL =    -3918.3154  RESTRAINT  =        0.0000


   NSTEP       ENERGY          RMS            GMAX         NAME    NUMBER
   8900      -1.4492E+05     4.6791E-02     2.4204E+00     O3'        63

 BOND    =    10884.4396  ANGLE   =      163.7961  DIHED      =      926.8022
 VDWAALS =    28129.1542  EEL     =  -181360.5089  HBOND      =        0.0000
 1-4 VDW =      256.5903  1-4 EEL =    -3918.1963  RESTRAINT  =        0.0000


   NSTEP       ENERGY          RMS            GMAX         NAME    NUMBER
   8950      -1.4492E+05     5.1552E-02     1.9600E+00     O3'        63

 BOND    =    10884.7006  ANGLE   =      163.7583  DIHED      =      926.7893
 VDWAALS =    28133.2346  EEL     =  -181370.5103  HBOND      =        0.0000
 1-4 VDW =      256.6314  1-4 EEL =    -3918.1759  RESTRAINT  =        0.0000


   NSTEP       ENERGY          RMS            GMAX         NAME    NUMBER
   9000      -1.4493E+05     3.6613E-02     1.3901E+00     O       17851

 BOND    =    10885.5140  ANGLE   =      163.7158  DIHED      =      926.7626
 VDWAALS =    28138.0100  EEL     =  -181382.1128  HBOND      =        0.0000
 1-4 VDW =      256.6487  1-4 EEL =    -3918.1132  RESTRAINT  =        0.0000


   NSTEP       ENERGY          RMS            GMAX         NAME    NUMBER
   9050      -1.4494E+05     3.8093E-02     1.3435E+00     C4        114

 BOND    =    10887.0727  ANGLE   =      163.7490  DIHED      =      926.7371
 VDWAALS =    28143.4898  EEL     =  -181396.0678  HBOND      =        0.0000
 1-4 VDW =      256.6421  1-4 EEL =    -3918.0797  RESTRAINT  =        0.0000


   NSTEP       ENERGY          RMS            GMAX         NAME    NUMBER
   9100      -1.4495E+05     6.1938E-02     2.1365E+00     H1      20063

 BOND    =    10887.6660  ANGLE   =      163.8355  DIHED      =      926.7499
 VDWAALS =    28153.0247  EEL     =  -181421.4805  HBOND      =        0.0000
 1-4 VDW =      256.6523  1-4 EEL =    -3917.9455  RESTRAINT  =        0.0000


   NSTEP       ENERGY          RMS            GMAX         NAME    NUMBER
   9150      -1.4496E+05     6.5769E-02     2.3116E+00     O       19861

 BOND    =    10889.5245  ANGLE   =      163.7367  DIHED      =      926.7236
 VDWAALS =    28154.1631  EEL     =  -181431.4728  HBOND      =        0.0000
 1-4 VDW =      256.7065  1-4 EEL =    -3917.8261  RESTRAINT  =        0.0000


   NSTEP       ENERGY          RMS            GMAX         NAME    NUMBER
   9200      -1.4497E+05     5.0439E-02     2.6801E+00     C5        737

 BOND    =    10889.1680  ANGLE   =      163.6243  DIHED      =      926.5913
 VDWAALS =    28154.7135  EEL     =  -181439.4728  HBOND      =        0.0000
 1-4 VDW =      256.7438  1-4 EEL =    -3917.9148  RESTRAINT  =        0.0000


   NSTEP       ENERGY          RMS            GMAX         NAME    NUMBER
   9250      -1.4497E+05     3.4866E-02     1.7025E+00     C4        114

 BOND    =    10889.4985  ANGLE   =      163.5726  DIHED      =      926.5652
 VDWAALS =    28154.9971  EEL     =  -181446.1177  HBOND      =        0.0000
 1-4 VDW =      256.7169  1-4 EEL =    -3917.8337  RESTRAINT  =        0.0000


   NSTEP       ENERGY          RMS            GMAX         NAME    NUMBER
   9300      -1.4498E+05     4.8656E-02     1.9087E+00     H2      29670

 BOND    =    10889.7227  ANGLE   =      163.4082  DIHED      =      926.5041
 VDWAALS =    28155.1658  EEL     =  -181458.1195  HBOND      =        0.0000
 1-4 VDW =      256.6692  1-4 EEL =    -3917.6507  RESTRAINT  =        0.0000


   NSTEP       ENERGY          RMS            GMAX         NAME    NUMBER
   9350      -1.4499E+05     5.5505E-02     2.2293E+00     P         784

 BOND    =    10889.7317  ANGLE   =      163.3808  DIHED      =      926.4092
 VDWAALS =    28157.7883  EEL     =  -181467.8696  HBOND      =        0.0000
 1-4 VDW =      256.6580  1-4 EEL =    -3917.5658  RESTRAINT  =        0.0000


   NSTEP       ENERGY          RMS            GMAX         NAME    NUMBER
   9400      -1.4500E+05     1.4612E-01     6.8110E+00     H1       1253

 BOND    =    10891.6567  ANGLE   =      163.6490  DIHED      =      926.3414
 VDWAALS =    28163.8935  EEL     =  -181482.5705  HBOND      =        0.0000
 1-4 VDW =      256.6602  1-4 EEL =    -3917.2305  RESTRAINT  =        0.0000


   NSTEP       ENERGY          RMS            GMAX         NAME    NUMBER
   9450      -1.4500E+05     9.3535E-02     6.6769E+00     O3'        63

 BOND    =    10891.1615  ANGLE   =      163.5474  DIHED      =      926.3454
 VDWAALS =    28165.8929  EEL     =  -181490.2839  HBOND      =        0.0000
 1-4 VDW =      256.6094  1-4 EEL =    -3917.4039  RESTRAINT  =        0.0000


   NSTEP       ENERGY          RMS            GMAX         NAME    NUMBER
   9500      -1.4501E+05     9.1088E-02     4.1889E+00     H1      29672

 BOND    =    10891.8626  ANGLE   =      163.1533  DIHED      =      926.3607
 VDWAALS =    28167.8420  EEL     =  -181496.7388  HBOND      =        0.0000
 1-4 VDW =      256.4896  1-4 EEL =    -3917.1778  RESTRAINT  =        0.0000


   NSTEP       ENERGY          RMS            GMAX         NAME    NUMBER
   9550      -1.4501E+05     5.3356E-02     2.1494E+00     O3'        63

 BOND    =    10891.3965  ANGLE   =      163.5522  DIHED      =      926.3671
 VDWAALS =    28170.7049  EEL     =  -181504.4913  HBOND      =        0.0000
 1-4 VDW =      256.3168  1-4 EEL =    -3917.1579  RESTRAINT  =        0.0000


   NSTEP       ENERGY          RMS            GMAX         NAME    NUMBER
   9600      -1.4502E+05     5.6277E-02     2.0908E+00     O3'        63

 BOND    =    10891.0870  ANGLE   =      163.6908  DIHED      =      926.4067
 VDWAALS =    28173.3740  EEL     =  -181512.2730  HBOND      =        0.0000
 1-4 VDW =      256.1067  1-4 EEL =    -3917.1324  RESTRAINT  =        0.0000


   NSTEP       ENERGY          RMS            GMAX         NAME    NUMBER
   9650      -1.4502E+05     5.1330E-02     3.9248E+00     O3'        63

 BOND    =    10891.5373  ANGLE   =      163.6398  DIHED      =      926.4473
 VDWAALS =    28176.5445  EEL     =  -181520.1674  HBOND      =        0.0000
 1-4 VDW =      256.0956  1-4 EEL =    -3917.2090  RESTRAINT  =        0.0000


   NSTEP       ENERGY          RMS            GMAX         NAME    NUMBER
   9700      -1.4503E+05     7.4434E-02     5.3645E+00     C4        114

 BOND    =    10891.1316  ANGLE   =      163.7687  DIHED      =      926.4087
 VDWAALS =    28179.5321  EEL     =  -181526.3385  HBOND      =        0.0000
 1-4 VDW =      256.0957  1-4 EEL =    -3916.9954  RESTRAINT  =        0.0000


   NSTEP       ENERGY          RMS            GMAX         NAME    NUMBER
   9750      -1.4503E+05     1.2369E-01     5.7820E+00     C4        114

 BOND    =    10892.5490  ANGLE   =      164.0211  DIHED      =      926.2855
 VDWAALS =    28184.5604  EEL     =  -181537.2122  HBOND      =        0.0000
 1-4 VDW =      256.2783  1-4 EEL =    -3917.2454  RESTRAINT  =        0.0000


   NSTEP       ENERGY          RMS            GMAX         NAME    NUMBER
   9800      -1.4503E+05     2.7246E-02     1.0792E+00     C2        964

 BOND    =    10892.5149  ANGLE   =      163.3676  DIHED      =      926.3389
 VDWAALS =    28187.6660  EEL     =  -181543.9707  HBOND      =        0.0000
 1-4 VDW =      256.2475  1-4 EEL =    -3917.0194  RESTRAINT  =        0.0000


   NSTEP       ENERGY          RMS            GMAX         NAME    NUMBER
   9850      -1.4505E+05     4.8746E-02     1.5128E+00     H5''      382

 BOND    =    10894.4889  ANGLE   =      163.3860  DIHED      =      926.1320
 VDWAALS =    28202.5910  EEL     =  -181575.1066  HBOND      =        0.0000
 1-4 VDW =      256.4366  1-4 EEL =    -3916.9612  RESTRAINT  =        0.0000


   NSTEP       ENERGY          RMS            GMAX         NAME    NUMBER
   9900      -1.4506E+05     7.1053E-02     2.7897E+00     H5''      382

 BOND    =    10896.5558  ANGLE   =      163.5455  DIHED      =      926.0347
 VDWAALS =    28208.4845  EEL     =  -181591.2028  HBOND      =        0.0000
 1-4 VDW =      256.4580  1-4 EEL =    -3916.9793  RESTRAINT  =        0.0000


   NSTEP       ENERGY          RMS            GMAX         NAME    NUMBER
   9950      -1.4506E+05     7.2075E-02     4.8203E+00     H2      25800

 BOND    =    10897.1639  ANGLE   =      163.5197  DIHED      =      925.9948
 VDWAALS =    28211.5534  EEL     =  -181601.1792  HBOND      =        0.0000
 1-4 VDW =      256.4977  1-4 EEL =    -3916.8463  RESTRAINT  =        0.0000


   NSTEP       ENERGY          RMS            GMAX         NAME    NUMBER
  10000      -1.4507E+05     5.8065E-02     3.2725E+00     C6        706

 BOND    =    10897.7097  ANGLE   =      163.3770  DIHED      =      925.9225
 VDWAALS =    28213.3757  EEL     =  -181607.7857  HBOND      =        0.0000
 1-4 VDW =      256.5293  1-4 EEL =    -3916.8129  RESTRAINT  =        0.0000


  Maximum number of minimization cycles reached.


                    FINAL RESULTS



   NSTEP       ENERGY          RMS            GMAX         NAME    NUMBER
  10000      -1.4507E+05     5.8065E-02     3.2725E+00     C6        706

 BOND    =    10897.7097  ANGLE   =      163.3770  DIHED      =      925.9225
 VDWAALS =    28213.3757  EEL     =  -181607.7857  HBOND      =        0.0000
 1-4 VDW =      256.5293  1-4 EEL =    -3916.8129  RESTRAINT  =        0.0000
--------------------------------------------------------------------------------
   5.  TIMINGS
--------------------------------------------------------------------------------

|  NonSetup CPU Time in Major Routines:
|
|     Routine           Sec        %
|     ------------------------------
|     Nonbond          10.99   34.91
|     Bond              0.00    0.00
|     Angle             0.00    0.00
|     Dihedral          0.00    0.00
|     Shake             0.00    0.00
|     Other            20.49   65.09
|     ------------------------------
|     Total            31.48

|  PME Nonbond Pairlist CPU Time:
|
|     Routine              Sec        %
|     ---------------------------------
|     Set Up Cit           0.00    0.00
|     Build List           0.00    0.00
|     ---------------------------------
|     Total                0.00    0.00

|  PME Direct Force CPU Time:
|
|     Routine              Sec        %
|     ---------------------------------
|     NonBonded Calc       0.00    0.00
|     Exclude Masked       0.00    0.00
|     Other                0.02    0.08
|     ---------------------------------
|     Total                0.02    0.08

|  PME Reciprocal Force CPU Time:
|
|     Routine              Sec        %
|     ---------------------------------
|     1D bspline           0.00    0.00
|     Grid Charges         0.00    0.00
|     Scalar Sum           0.00    0.00
|     Gradient Sum         0.00    0.00
|     FFT                  0.00    0.00
|     ---------------------------------
|     Total                0.00    0.00

|  Setup CPU time:            1.16 seconds
|  NonSetup CPU time:        31.48 seconds
|  Total CPU time:           32.64 seconds     0.01 hours

|  Setup wall time:           2    seconds
|  NonSetup wall time:       32    seconds
|  Total wall time:          34    seconds     0.01 hours
