
          -------------------------------------------------------
          Amber 16 PMEMD                              2016
          -------------------------------------------------------

| PMEMD implementation of SANDER, Release 16

| Run on 06/04/2024 at 22:37:04

|   Executable path: pmemd.cuda
| Working directory: /home/students/keyq/fuben4/4/4LC
|          Hostname: master

  [-O]verwriting output

File Assignments:
|   MDIN: heat6.in                                                              
|  MDOUT: cmp_heat6.out                                                         
| INPCRD: cmp_heat5.rst                                                         
|   PARM: cmp.prmtop                                                            
| RESTRT: cmp_heat6.rst                                                         
|   REFC: cmp.inpcrd                                                            
|  MDVEL: mdvel                                                                 
|   MDEN: mden                                                                  
|  MDCRD: cmp_heat6.mdcrd                                                       
| MDINFO: mdinfo                                                                
|  MDFRC: mdfrc                                                                 


 Here is the input file:

Stage 2 equilibration 1 0-5ns                                                  
 &cntrl                                                                        
  imin=0, irest=1, ntx=5,                                                      
  nstlim=6000, dt=0.002,                                                       
  ntc=2, ntf=2,                                                                
  ntt=1, tautp=1.5,                                                            
  tempi=255.0, temp0=310.0,                                                    
  ntpr=50, ntwx=50,                                                            
  ntb=1,                                                                       
  cut=10,                                                                      
 /                                                                             


Note: ig = -1. Setting random seed to   374135 based on wallclock time in 
      microseconds.
 
|--------------------- INFORMATION ----------------------
| GPU (CUDA) Version of PMEMD in use: NVIDIA GPU IN USE.
|                    Version 16.0.0
| 
|                      02/25/2016
| 
| Implementation by:
|                    Ross C. Walker     (SDSC)
|                    Scott Le Grand     (nVIDIA)
| 
| Precision model in use:
|      [SPFP] - Single Precision Forces, 64-bit Fixed Point
|               Accumulation. (Default)
| 
|--------------------------------------------------------
 
|----------------- CITATION INFORMATION -----------------
|
|    When publishing work that utilized the CUDA version
|    of AMBER, please cite the following in addition to
|    the regular AMBER citations:
|
|  - Romelia Salomon-Ferrer; Andreas W. Goetz; Duncan
|    Poole; Scott Le Grand; Ross C. Walker "Routine
|    microsecond molecular dynamics simulations with
|    AMBER - Part II: Particle Mesh Ewald", J. Chem.
|    Theory Comput., 2013, 9 (9), pp3878-3888,
|    DOI: 10.1021/ct400314y.
|
|  - Andreas W. Goetz; Mark J. Williamson; Dong Xu;
|    Duncan Poole; Scott Le Grand; Ross C. Walker
|    "Routine microsecond molecular dynamics simulations
|    with AMBER - Part I: Generalized Born", J. Chem.
|    Theory Comput., 2012, 8 (5), pp1542-1555.
|
|  - Scott Le Grand; Andreas W. Goetz; Ross C. Walker
|    "SPFP: Speed without compromise - a mixed precision
|    model for GPU accelerated molecular dynamics
|    simulations.", Comp. Phys. Comm., 2013, 184
|    pp374-380, DOI: 10.1016/j.cpc.2012.09.022
|
|--------------------------------------------------------
 
|------------------- GPU DEVICE INFO --------------------
|
|            CUDA_VISIBLE_DEVICES: 0
|   CUDA Capable Devices Detected:      1
|           CUDA Device ID in use:      0
|                CUDA Device Name: Tesla V100-PCIE-32GB
|     CUDA Device Global Mem Size:  32510 MB
| CUDA Device Num Multiprocessors:     80
|           CUDA Device Core Freq:   1.38 GHz
|
|--------------------------------------------------------
 
 
| Conditional Compilation Defines Used:
| PUBFFT
| BINTRAJ
| CUDA
| EMIL

| Largest sphere to fit in unit cell has radius =    31.674

| New format PARM file being parsed.
| Version =    1.000 Date = 11/09/20 Time = 17:15:25

| Note: 1-4 EEL scale factors are being read from the topology file.

| Note: 1-4 VDW scale factors are being read from the topology file.
| Duplicated    0 dihedrals

| Duplicated    0 dihedrals

--------------------------------------------------------------------------------
   1.  RESOURCE   USE: 
--------------------------------------------------------------------------------

 getting box info from netcdf restart file
 NATOM  =   31539 NTYPES =      18 NBONH =   30816 MBONA  =     774
 NTHETH =     898 MTHETA =    1191 NPHIH =    1825 MPHIA  =    2463
 NHPARM =       0 NPARM  =       0 NNB   =   46574 NRES   =   10211
 NBONA  =     774 NTHETA =    1191 NPHIA =    2463 NUMBND =      61
 NUMANG =     127 NPTRA  =      75 NATYP =      34 NPHB   =       1
 IFBOX  =       2 NMXRS  =      33 IFCAP =       0 NEXTRA =       0
 NCOPY  =       0

| Coordinate Index Table dimensions:    12   12   12
| Direct force subcell size =     6.4654    6.4654    6.4654

     BOX TYPE: TRUNCATED OCTAHEDRON

--------------------------------------------------------------------------------
   2.  CONTROL  DATA  FOR  THE  RUN
--------------------------------------------------------------------------------

default_name                                                                    

General flags:
     imin    =       0, nmropt  =       0

Nature and format of input:
     ntx     =       5, irest   =       1, ntrx    =       1

Nature and format of output:
     ntxo    =       2, ntpr    =      50, ntrx    =       1, ntwr    =    6000
     iwrap   =       0, ntwx    =      50, ntwv    =       0, ntwe    =       0
     ioutfm  =       1, ntwprt  =       0, idecomp =       0, rbornstat=      0

Potential function:
     ntf     =       2, ntb     =       1, igb     =       0, nsnb    =      25
     ipol    =       0, gbsa    =       0, iesp    =       0
     dielc   =   1.00000, cut     =  10.00000, intdiel =   1.00000

Frozen or restrained atoms:
     ibelly  =       0, ntr     =       0

Molecular dynamics:
     nstlim  =      6000, nscm    =      1000, nrespa  =         1
     t       =   0.00000, dt      =   0.00200, vlimit  =  -1.00000

Berendsen (weak-coupling) temperature regulation:
     temp0   = 310.00000, tempi   = 255.00000, tautp   =   1.50000

SHAKE:
     ntc     =       2, jfastw  =       0
     tol     =   0.00001

| Intermolecular bonds treatment:
|     no_intermolecular_bonds =       1

| Energy averages sample interval:
|     ene_avg_sampling =      50

Ewald parameters:
     verbose =       0, ew_type =       0, nbflag  =       1, use_pme =       1
     vdwmeth =       1, eedmeth =       1, netfrc  =       1
     Box X =   77.585   Box Y =   77.585   Box Z =   77.585
     Alpha =  109.471   Beta  =  109.471   Gamma =  109.471
     NFFT1 =   80       NFFT2 =   80       NFFT3 =   80
     Cutoff=   10.000   Tol   =0.100E-04
     Ewald Coefficient =  0.27511
     Interpolation order =    4

--------------------------------------------------------------------------------
   3.  ATOMIC COORDINATES AND VELOCITIES
--------------------------------------------------------------------------------

default_name                                                                    
 begin time read from input coords =    28.000 ps

 
 Number of triangulated 3-point waters found:    10145

     Sum of charges from parm topology file =   0.00000020
     Forcing neutrality...

| Dynamic Memory, Types Used:
| Reals              933795
| Integers           771240

| Nonbonded Pairs Initial Allocation:     9539759

| GPU memory information (estimate):
| KB of GPU memory in use:    165845
| KB of CPU memory in use:     54713

--------------------------------------------------------------------------------
   4.  RESULTS
--------------------------------------------------------------------------------

 ---------------------------------------------------
 APPROXIMATING switch and d/dx switch using CUBIC SPLINE INTERPOLATION
 using   5000.0 points per unit in tabled values
 TESTING RELATIVE ERROR over r ranging from 0.0 to cutoff
| CHECK switch(x): max rel err =   0.2738E-14   at   2.422500
| CHECK d/dx switch(x): max rel err =   0.8314E-11   at   2.736960
 ---------------------------------------------------
|---------------------------------------------------
| APPROXIMATING direct energy using CUBIC SPLINE INTERPOLATION
|  with   50.0 points per unit in tabled values
| Relative Error Limit not exceeded for r .gt.   2.33
| APPROXIMATING direct force using CUBIC SPLINE INTERPOLATION
|  with   50.0 points per unit in tabled values
| Relative Error Limit not exceeded for r .gt.   2.80
|---------------------------------------------------

 NSTEP =       50   TIME(PS) =      28.100  TEMP(K) =   244.31  PRESS =     0.0
 Etot   =    -98083.6990  EKtot   =     15486.7412  EPtot      =   -113570.4402
 BOND   =       225.7993  ANGLE   =       483.5862  DIHED      =      1009.6345
 1-4 NB =       278.6379  1-4 EEL =     -4818.7996  VDWAALS    =     15824.6133
 EELEC  =   -126573.9118  EHBOND  =         0.0000  RESTRAINT  =         0.0000
 ------------------------------------------------------------------------------


 NSTEP =      100   TIME(PS) =      28.200  TEMP(K) =   246.28  PRESS =     0.0
 Etot   =    -97808.8915  EKtot   =     15611.2676  EPtot      =   -113420.1591
 BOND   =       238.7689  ANGLE   =       510.9964  DIHED      =      1018.1340
 1-4 NB =       268.3239  1-4 EEL =     -4828.8636  VDWAALS    =     15938.2284
 EELEC  =   -126565.7470  EHBOND  =         0.0000  RESTRAINT  =         0.0000
 ------------------------------------------------------------------------------


 NSTEP =      150   TIME(PS) =      28.300  TEMP(K) =   248.14  PRESS =     0.0
 Etot   =    -97544.8462  EKtot   =     15729.6123  EPtot      =   -113274.4585
 BOND   =       206.7602  ANGLE   =       506.2121  DIHED      =      1014.8480
 1-4 NB =       289.2403  1-4 EEL =     -4809.2687  VDWAALS    =     15969.7668
 EELEC  =   -126452.0173  EHBOND  =         0.0000  RESTRAINT  =         0.0000
 ------------------------------------------------------------------------------


 NSTEP =      200   TIME(PS) =      28.400  TEMP(K) =   247.42  PRESS =     0.0
 Etot   =    -97281.1502  EKtot   =     15684.0039  EPtot      =   -112965.1541
 BOND   =       223.2960  ANGLE   =       524.7916  DIHED      =      1021.5592
 1-4 NB =       286.8364  1-4 EEL =     -4821.9338  VDWAALS    =     15867.6307
 EELEC  =   -126067.3342  EHBOND  =         0.0000  RESTRAINT  =         0.0000
 ------------------------------------------------------------------------------


 NSTEP =      250   TIME(PS) =      28.500  TEMP(K) =   248.96  PRESS =     0.0
 Etot   =    -97026.1857  EKtot   =     15781.5898  EPtot      =   -112807.7756
 BOND   =       222.7126  ANGLE   =       509.9254  DIHED      =      1017.7920
 1-4 NB =       275.0000  1-4 EEL =     -4802.7450  VDWAALS    =     15941.5134
 EELEC  =   -125971.9740  EHBOND  =         0.0000  RESTRAINT  =         0.0000
 ------------------------------------------------------------------------------


 NSTEP =      300   TIME(PS) =      28.600  TEMP(K) =   252.47  PRESS =     0.0
 Etot   =    -96776.5845  EKtot   =     16004.1934  EPtot      =   -112780.7778
 BOND   =       244.9884  ANGLE   =       494.8166  DIHED      =      1037.0588
 1-4 NB =       276.8219  1-4 EEL =     -4850.7696  VDWAALS    =     15962.6220
 EELEC  =   -125946.3160  EHBOND  =         0.0000  RESTRAINT  =         0.0000
 ------------------------------------------------------------------------------


 NSTEP =      350   TIME(PS) =      28.700  TEMP(K) =   251.83  PRESS =     0.0
 Etot   =    -96531.8403  EKtot   =     15963.0820  EPtot      =   -112494.9223
 BOND   =       243.2232  ANGLE   =       476.5664  DIHED      =      1026.7801
 1-4 NB =       280.2135  1-4 EEL =     -4807.6191  VDWAALS    =     15697.0681
 EELEC  =   -125411.1545  EHBOND  =         0.0000  RESTRAINT  =         0.0000
 ------------------------------------------------------------------------------


 NSTEP =      400   TIME(PS) =      28.800  TEMP(K) =   254.71  PRESS =     0.0
 Etot   =    -96289.2718  EKtot   =     16145.9268  EPtot      =   -112435.1986
 BOND   =       253.1072  ANGLE   =       503.0039  DIHED      =      1035.1441
 1-4 NB =       278.8162  1-4 EEL =     -4802.3865  VDWAALS    =     15687.8864
 EELEC  =   -125390.7698  EHBOND  =         0.0000  RESTRAINT  =         0.0000
 ------------------------------------------------------------------------------


 NSTEP =      450   TIME(PS) =      28.900  TEMP(K) =   256.28  PRESS =     0.0
 Etot   =    -96060.8640  EKtot   =     16245.4902  EPtot      =   -112306.3543
 BOND   =       239.4235  ANGLE   =       514.4454  DIHED      =      1040.1488
 1-4 NB =       285.3099  1-4 EEL =     -4821.3248  VDWAALS    =     15824.8981
 EELEC  =   -125389.2552  EHBOND  =         0.0000  RESTRAINT  =         0.0000
 ------------------------------------------------------------------------------


 NSTEP =      500   TIME(PS) =      29.000  TEMP(K) =   256.93  PRESS =     0.0
 Etot   =    -95832.4016  EKtot   =     16286.5791  EPtot      =   -112118.9807
 BOND   =       245.3653  ANGLE   =       473.7265  DIHED      =      1031.5094
 1-4 NB =       289.4772  1-4 EEL =     -4821.0910  VDWAALS    =     15527.0257
 EELEC  =   -124864.9938  EHBOND  =         0.0000  RESTRAINT  =         0.0000
 ------------------------------------------------------------------------------


 NSTEP =      550   TIME(PS) =      29.100  TEMP(K) =   256.95  PRESS =     0.0
 Etot   =    -95606.4311  EKtot   =     16287.8438  EPtot      =   -111894.2748
 BOND   =       251.5198  ANGLE   =       520.9737  DIHED      =      1051.4849
 1-4 NB =       272.3832  1-4 EEL =     -4807.1636  VDWAALS    =     15298.0877
 EELEC  =   -124481.5605  EHBOND  =         0.0000  RESTRAINT  =         0.0000
 ------------------------------------------------------------------------------


 NSTEP =      600   TIME(PS) =      29.200  TEMP(K) =   257.89  PRESS =     0.0
 Etot   =    -95386.9777  EKtot   =     16347.3721  EPtot      =   -111734.3498
 BOND   =       271.7022  ANGLE   =       514.2509  DIHED      =      1020.6205
 1-4 NB =       274.0324  1-4 EEL =     -4807.5356  VDWAALS    =     15219.5383
 EELEC  =   -124226.9585  EHBOND  =         0.0000  RESTRAINT  =         0.0000
 ------------------------------------------------------------------------------


 NSTEP =      650   TIME(PS) =      29.300  TEMP(K) =   259.18  PRESS =     0.0
 Etot   =    -95169.1439  EKtot   =     16429.4590  EPtot      =   -111598.6029
 BOND   =       236.2853  ANGLE   =       521.9187  DIHED      =      1019.8543
 1-4 NB =       287.3239  1-4 EEL =     -4805.7320  VDWAALS    =     15198.5924
 EELEC  =   -124056.8454  EHBOND  =         0.0000  RESTRAINT  =         0.0000
 ------------------------------------------------------------------------------


 NSTEP =      700   TIME(PS) =      29.400  TEMP(K) =   261.03  PRESS =     0.0
 Etot   =    -94960.0022  EKtot   =     16546.8535  EPtot      =   -111506.8557
 BOND   =       226.9134  ANGLE   =       516.2029  DIHED      =      1035.3225
 1-4 NB =       287.6378  1-4 EEL =     -4809.4187  VDWAALS    =     15328.4828
 EELEC  =   -124091.9963  EHBOND  =         0.0000  RESTRAINT  =         0.0000
 ------------------------------------------------------------------------------


 NSTEP =      750   TIME(PS) =      29.500  TEMP(K) =   261.71  PRESS =     0.0
 Etot   =    -94754.3709  EKtot   =     16589.5859  EPtot      =   -111343.9568
 BOND   =       251.5626  ANGLE   =       533.5928  DIHED      =      1034.0453
 1-4 NB =       274.7369  1-4 EEL =     -4789.9528  VDWAALS    =     15208.0124
 EELEC  =   -123855.9541  EHBOND  =         0.0000  RESTRAINT  =         0.0000
 ------------------------------------------------------------------------------


 NSTEP =      800   TIME(PS) =      29.600  TEMP(K) =   263.60  PRESS =     0.0
 Etot   =    -94552.5691  EKtot   =     16709.2402  EPtot      =   -111261.8093
 BOND   =       238.8807  ANGLE   =       528.1426  DIHED      =      1040.8601
 1-4 NB =       283.9367  1-4 EEL =     -4821.9363  VDWAALS    =     15022.5558
 EELEC  =   -123554.2489  EHBOND  =         0.0000  RESTRAINT  =         0.0000
 ------------------------------------------------------------------------------


 NSTEP =      850   TIME(PS) =      29.700  TEMP(K) =   263.58  PRESS =     0.0
 Etot   =    -94351.2693  EKtot   =     16708.4375  EPtot      =   -111059.7068
 BOND   =       260.5265  ANGLE   =       528.4992  DIHED      =      1023.2544
 1-4 NB =       286.4709  1-4 EEL =     -4830.3580  VDWAALS    =     15215.5385
 EELEC  =   -123543.6382  EHBOND  =         0.0000  RESTRAINT  =         0.0000
 ------------------------------------------------------------------------------


 NSTEP =      900   TIME(PS) =      29.800  TEMP(K) =   263.77  PRESS =     0.0
 Etot   =    -94160.1948  EKtot   =     16720.4922  EPtot      =   -110880.6870
 BOND   =       239.7853  ANGLE   =       552.9833  DIHED      =      1032.3727
 1-4 NB =       284.0764  1-4 EEL =     -4814.4126  VDWAALS    =     15162.2790
 EELEC  =   -123337.7711  EHBOND  =         0.0000  RESTRAINT  =         0.0000
 ------------------------------------------------------------------------------


 NSTEP =      950   TIME(PS) =      29.900  TEMP(K) =   265.96  PRESS =     0.0
 Etot   =    -93970.8707  EKtot   =     16859.2500  EPtot      =   -110830.1207
 BOND   =       237.8063  ANGLE   =       518.8550  DIHED      =      1022.1278
 1-4 NB =       281.9325  1-4 EEL =     -4785.0719  VDWAALS    =     15204.0102
 EELEC  =   -123309.7806  EHBOND  =         0.0000  RESTRAINT  =         0.0000
 ------------------------------------------------------------------------------

check COM velocity, temp:        0.000005     0.00(Removed)

 NSTEP =     1000   TIME(PS) =      30.000  TEMP(K) =   265.79  PRESS =     0.0
 Etot   =    -93786.8120  EKtot   =     16848.1289  EPtot      =   -110634.9409
 BOND   =       258.4607  ANGLE   =       497.9260  DIHED      =      1029.2153
 1-4 NB =       270.0837  1-4 EEL =     -4782.6872  VDWAALS    =     14985.6118
 EELEC  =   -122893.5513  EHBOND  =         0.0000  RESTRAINT  =         0.0000
 ------------------------------------------------------------------------------


 NSTEP =     1050   TIME(PS) =      30.100  TEMP(K) =   266.37  PRESS =     0.0
 Etot   =    -93604.0127  EKtot   =     16885.1426  EPtot      =   -110489.1553
 BOND   =       255.5475  ANGLE   =       518.2644  DIHED      =      1036.5758
 1-4 NB =       282.0217  1-4 EEL =     -4802.7124  VDWAALS    =     14783.6472
 EELEC  =   -122562.4995  EHBOND  =         0.0000  RESTRAINT  =         0.0000
 ------------------------------------------------------------------------------


 NSTEP =     1100   TIME(PS) =      30.200  TEMP(K) =   267.06  PRESS =     0.0
 Etot   =    -93420.9620  EKtot   =     16928.6484  EPtot      =   -110349.6105
 BOND   =       252.4822  ANGLE   =       515.7718  DIHED      =      1029.2313
 1-4 NB =       285.6815  1-4 EEL =     -4812.1120  VDWAALS    =     14786.4915
 EELEC  =   -122407.1568  EHBOND  =         0.0000  RESTRAINT  =         0.0000
 ------------------------------------------------------------------------------


 NSTEP =     1150   TIME(PS) =      30.300  TEMP(K) =   268.54  PRESS =     0.0
 Etot   =    -93241.8448  EKtot   =     17022.5527  EPtot      =   -110264.3975
 BOND   =       248.8333  ANGLE   =       538.5610  DIHED      =      1042.1022
 1-4 NB =       293.2615  1-4 EEL =     -4804.4173  VDWAALS    =     14555.2626
 EELEC  =   -122138.0007  EHBOND  =         0.0000  RESTRAINT  =         0.0000
 ------------------------------------------------------------------------------


 NSTEP =     1200   TIME(PS) =      30.400  TEMP(K) =   266.88  PRESS =     0.0
 Etot   =    -93068.0666  EKtot   =     16917.5332  EPtot      =   -109985.5998
 BOND   =       269.7312  ANGLE   =       536.7670  DIHED      =      1029.1714
 1-4 NB =       281.4933  1-4 EEL =     -4818.8339  VDWAALS    =     14713.6022
 EELEC  =   -121997.5310  EHBOND  =         0.0000  RESTRAINT  =         0.0000
 ------------------------------------------------------------------------------


 NSTEP =     1250   TIME(PS) =      30.500  TEMP(K) =   270.61  PRESS =     0.0
 Etot   =    -92892.6323  EKtot   =     17154.0234  EPtot      =   -110046.6557
 BOND   =       248.6799  ANGLE   =       545.3010  DIHED      =      1039.7386
 1-4 NB =       281.5262  1-4 EEL =     -4786.2240  VDWAALS    =     14438.9647
 EELEC  =   -121814.6421  EHBOND  =         0.0000  RESTRAINT  =         0.0000
 ------------------------------------------------------------------------------


 NSTEP =     1300   TIME(PS) =      30.600  TEMP(K) =   270.39  PRESS =     0.0
 Etot   =    -92725.0777  EKtot   =     17139.6699  EPtot      =   -109864.7477
 BOND   =       248.5410  ANGLE   =       538.5044  DIHED      =      1016.0828
 1-4 NB =       283.1934  1-4 EEL =     -4772.9651  VDWAALS    =     14569.8933
 EELEC  =   -121747.9974  EHBOND  =         0.0000  RESTRAINT  =         0.0000
 ------------------------------------------------------------------------------


 NSTEP =     1350   TIME(PS) =      30.700  TEMP(K) =   270.46  PRESS =     0.0
 Etot   =    -92557.4484  EKtot   =     17144.4375  EPtot      =   -109701.8859
 BOND   =       247.4015  ANGLE   =       572.5781  DIHED      =      1021.2034
 1-4 NB =       275.4388  1-4 EEL =     -4811.5468  VDWAALS    =     14405.9876
 EELEC  =   -121412.9486  EHBOND  =         0.0000  RESTRAINT  =         0.0000
 ------------------------------------------------------------------------------


 NSTEP =     1400   TIME(PS) =      30.800  TEMP(K) =   271.79  PRESS =     0.0
 Etot   =    -92398.5493  EKtot   =     17228.4570  EPtot      =   -109627.0063
 BOND   =       268.8235  ANGLE   =       534.5059  DIHED      =      1032.1334
 1-4 NB =       279.4850  1-4 EEL =     -4810.9094  VDWAALS    =     14739.0684
 EELEC  =   -121670.1131  EHBOND  =         0.0000  RESTRAINT  =         0.0000
 ------------------------------------------------------------------------------


 NSTEP =     1450   TIME(PS) =      30.900  TEMP(K) =   272.82  PRESS =     0.0
 Etot   =    -92241.0826  EKtot   =     17293.8262  EPtot      =   -109534.9088
 BOND   =       257.4162  ANGLE   =       561.0206  DIHED      =      1016.4380
 1-4 NB =       285.0195  1-4 EEL =     -4811.2698  VDWAALS    =     14645.8726
 EELEC  =   -121489.4060  EHBOND  =         0.0000  RESTRAINT  =         0.0000
 ------------------------------------------------------------------------------


 NSTEP =     1500   TIME(PS) =      31.000  TEMP(K) =   273.13  PRESS =     0.0
 Etot   =    -92087.0290  EKtot   =     17313.7168  EPtot      =   -109400.7458
 BOND   =       272.3868  ANGLE   =       533.4213  DIHED      =      1030.9388
 1-4 NB =       279.6675  1-4 EEL =     -4819.3626  VDWAALS    =     14548.0504
 EELEC  =   -121245.8479  EHBOND  =         0.0000  RESTRAINT  =         0.0000
 ------------------------------------------------------------------------------


 NSTEP =     1550   TIME(PS) =      31.100  TEMP(K) =   275.77  PRESS =     0.0
 Etot   =    -91934.2464  EKtot   =     17480.7344  EPtot      =   -109414.9807
 BOND   =       255.0055  ANGLE   =       565.0227  DIHED      =      1031.4109
 1-4 NB =       285.5549  1-4 EEL =     -4776.9690  VDWAALS    =     14663.5124
 EELEC  =   -121438.5182  EHBOND  =         0.0000  RESTRAINT  =         0.0000
 ------------------------------------------------------------------------------


 NSTEP =     1600   TIME(PS) =      31.200  TEMP(K) =   276.08  PRESS =     0.0
 Etot   =    -91787.7459  EKtot   =     17500.5645  EPtot      =   -109288.3104
 BOND   =       278.1944  ANGLE   =       557.9188  DIHED      =      1036.9469
 1-4 NB =       282.2742  1-4 EEL =     -4818.4033  VDWAALS    =     14547.6559
 EELEC  =   -121172.8973  EHBOND  =         0.0000  RESTRAINT  =         0.0000
 ------------------------------------------------------------------------------


 NSTEP =     1650   TIME(PS) =      31.300  TEMP(K) =   274.70  PRESS =     0.0
 Etot   =    -91641.3358  EKtot   =     17413.1797  EPtot      =   -109054.5155
 BOND   =       269.6235  ANGLE   =       571.3043  DIHED      =      1031.8595
 1-4 NB =       288.5516  1-4 EEL =     -4790.5736  VDWAALS    =     14288.9105
 EELEC  =   -120714.1913  EHBOND  =         0.0000  RESTRAINT  =         0.0000
 ------------------------------------------------------------------------------


 NSTEP =     1700   TIME(PS) =      31.400  TEMP(K) =   276.47  PRESS =     0.0
 Etot   =    -91500.7832  EKtot   =     17525.4902  EPtot      =   -109026.2734
 BOND   =       284.0754  ANGLE   =       563.6126  DIHED      =      1031.2853
 1-4 NB =       282.0218  1-4 EEL =     -4835.5961  VDWAALS    =     14218.8027
 EELEC  =   -120570.4751  EHBOND  =         0.0000  RESTRAINT  =         0.0000
 ------------------------------------------------------------------------------


 NSTEP =     1750   TIME(PS) =      31.500  TEMP(K) =   276.78  PRESS =     0.0
 Etot   =    -91359.7408  EKtot   =     17544.7695  EPtot      =   -108904.5103
 BOND   =       275.9907  ANGLE   =       568.9566  DIHED      =      1028.3451
 1-4 NB =       286.0344  1-4 EEL =     -4808.2493  VDWAALS    =     14517.1139
 EELEC  =   -120772.7018  EHBOND  =         0.0000  RESTRAINT  =         0.0000
 ------------------------------------------------------------------------------


 NSTEP =     1800   TIME(PS) =      31.600  TEMP(K) =   276.82  PRESS =     0.0
 Etot   =    -91222.9614  EKtot   =     17547.5098  EPtot      =   -108770.4712
 BOND   =       266.4977  ANGLE   =       537.4098  DIHED      =      1031.9633
 1-4 NB =       288.3250  1-4 EEL =     -4797.1792  VDWAALS    =     14514.6567
 EELEC  =   -120612.1444  EHBOND  =         0.0000  RESTRAINT  =         0.0000
 ------------------------------------------------------------------------------


 NSTEP =     1850   TIME(PS) =      31.700  TEMP(K) =   277.69  PRESS =     0.0
 Etot   =    -91085.8867  EKtot   =     17602.7090  EPtot      =   -108688.5957
 BOND   =       265.2272  ANGLE   =       564.8208  DIHED      =      1013.6159
 1-4 NB =       286.7402  1-4 EEL =     -4822.7095  VDWAALS    =     14159.8556
 EELEC  =   -120156.1460  EHBOND  =         0.0000  RESTRAINT  =         0.0000
 ------------------------------------------------------------------------------


 NSTEP =     1900   TIME(PS) =      31.800  TEMP(K) =   278.69  PRESS =     0.0
 Etot   =    -90949.4450  EKtot   =     17666.2520  EPtot      =   -108615.6970
 BOND   =       265.2996  ANGLE   =       558.2745  DIHED      =      1038.1322
 1-4 NB =       293.7902  1-4 EEL =     -4813.4072  VDWAALS    =     14257.3377
 EELEC  =   -120215.1239  EHBOND  =         0.0000  RESTRAINT  =         0.0000
 ------------------------------------------------------------------------------


 NSTEP =     1950   TIME(PS) =      31.900  TEMP(K) =   278.86  PRESS =     0.0
 Etot   =    -90820.8905  EKtot   =     17676.7500  EPtot      =   -108497.6405
 BOND   =       279.9711  ANGLE   =       553.7245  DIHED      =      1027.3341
 1-4 NB =       267.0046  1-4 EEL =     -4768.1157  VDWAALS    =     14457.4283
 EELEC  =   -120314.9873  EHBOND  =         0.0000  RESTRAINT  =         0.0000
 ------------------------------------------------------------------------------

check COM velocity, temp:        0.000007     0.00(Removed)

 NSTEP =     2000   TIME(PS) =      32.000  TEMP(K) =   279.73  PRESS =     0.0
 Etot   =    -90698.3544  EKtot   =     17731.8438  EPtot      =   -108430.1981
 BOND   =       246.1399  ANGLE   =       560.8170  DIHED      =      1022.6845
 1-4 NB =       285.9586  1-4 EEL =     -4780.9422  VDWAALS    =     14346.9982
 EELEC  =   -120111.8541  EHBOND  =         0.0000  RESTRAINT  =         0.0000
 ------------------------------------------------------------------------------


 NSTEP =     2050   TIME(PS) =      32.100  TEMP(K) =   280.75  PRESS =     0.0
 Etot   =    -90572.1404  EKtot   =     17796.3965  EPtot      =   -108368.5369
 BOND   =       254.7389  ANGLE   =       568.8400  DIHED      =      1037.9954
 1-4 NB =       292.0236  1-4 EEL =     -4791.7179  VDWAALS    =     14077.0034
 EELEC  =   -119807.4203  EHBOND  =         0.0000  RESTRAINT  =         0.0000
 ------------------------------------------------------------------------------


 NSTEP =     2100   TIME(PS) =      32.200  TEMP(K) =   279.98  PRESS =     0.0
 Etot   =    -90453.8282  EKtot   =     17747.5527  EPtot      =   -108201.3810
 BOND   =       283.8431  ANGLE   =       550.6825  DIHED      =      1030.1102
 1-4 NB =       275.7951  1-4 EEL =     -4803.7552  VDWAALS    =     14140.3134
 EELEC  =   -119678.3701  EHBOND  =         0.0000  RESTRAINT  =         0.0000
 ------------------------------------------------------------------------------


 NSTEP =     2150   TIME(PS) =      32.300  TEMP(K) =   283.54  PRESS =     0.0
 Etot   =    -90337.7668  EKtot   =     17973.7539  EPtot      =   -108311.5207
 BOND   =       277.8618  ANGLE   =       548.9345  DIHED      =      1026.3560
 1-4 NB =       286.2243  1-4 EEL =     -4786.5211  VDWAALS    =     14155.8650
 EELEC  =   -119820.2412  EHBOND  =         0.0000  RESTRAINT  =         0.0000
 ------------------------------------------------------------------------------


 NSTEP =     2200   TIME(PS) =      32.400  TEMP(K) =   283.20  PRESS =     0.0
 Etot   =    -90222.3020  EKtot   =     17951.7227  EPtot      =   -108174.0246
 BOND   =       288.5747  ANGLE   =       559.1867  DIHED      =      1031.3619
 1-4 NB =       284.0922  1-4 EEL =     -4812.4075  VDWAALS    =     14392.9059
 EELEC  =   -119917.7385  EHBOND  =         0.0000  RESTRAINT  =         0.0000
 ------------------------------------------------------------------------------


 NSTEP =     2250   TIME(PS) =      32.500  TEMP(K) =   282.07  PRESS =     0.0
 Etot   =    -90109.8653  EKtot   =     17880.2324  EPtot      =   -107990.0978
 BOND   =       282.4862  ANGLE   =       554.1446  DIHED      =      1019.0032
 1-4 NB =       274.3983  1-4 EEL =     -4806.0644  VDWAALS    =     14309.4788
 EELEC  =   -119623.5445  EHBOND  =         0.0000  RESTRAINT  =         0.0000
 ------------------------------------------------------------------------------


 NSTEP =     2300   TIME(PS) =      32.600  TEMP(K) =   284.61  PRESS =     0.0
 Etot   =    -89997.7583  EKtot   =     18041.0234  EPtot      =   -108038.7818
 BOND   =       283.2699  ANGLE   =       549.9429  DIHED      =      1029.1751
 1-4 NB =       283.9065  1-4 EEL =     -4789.8242  VDWAALS    =     14085.1722
 EELEC  =   -119480.4241  EHBOND  =         0.0000  RESTRAINT  =         0.0000
 ------------------------------------------------------------------------------


 NSTEP =     2350   TIME(PS) =      32.700  TEMP(K) =   285.15  PRESS =     0.0
 Etot   =    -89890.9606  EKtot   =     18075.4375  EPtot      =   -107966.3981
 BOND   =       271.8310  ANGLE   =       584.0910  DIHED      =      1028.8834
 1-4 NB =       276.1248  1-4 EEL =     -4815.3414  VDWAALS    =     13910.1768
 EELEC  =   -119222.1638  EHBOND  =         0.0000  RESTRAINT  =         0.0000
 ------------------------------------------------------------------------------


 NSTEP =     2400   TIME(PS) =      32.800  TEMP(K) =   285.02  PRESS =     0.0
 Etot   =    -89782.8002  EKtot   =     18067.4453  EPtot      =   -107850.2455
 BOND   =       269.7191  ANGLE   =       563.9182  DIHED      =      1036.8506
 1-4 NB =       283.1057  1-4 EEL =     -4806.6499  VDWAALS    =     13980.4481
 EELEC  =   -119177.6374  EHBOND  =         0.0000  RESTRAINT  =         0.0000
 ------------------------------------------------------------------------------


 NSTEP =     2450   TIME(PS) =      32.900  TEMP(K) =   286.98  PRESS =     0.0
 Etot   =    -89680.1779  EKtot   =     18191.3555  EPtot      =   -107871.5334
 BOND   =       279.2133  ANGLE   =       561.6709  DIHED      =      1020.9295
 1-4 NB =       295.9183  1-4 EEL =     -4817.4630  VDWAALS    =     13803.8677
 EELEC  =   -119015.6701  EHBOND  =         0.0000  RESTRAINT  =         0.0000
 ------------------------------------------------------------------------------


 NSTEP =     2500   TIME(PS) =      33.000  TEMP(K) =   287.03  PRESS =     0.0
 Etot   =    -89582.3875  EKtot   =     18194.6094  EPtot      =   -107776.9969
 BOND   =       307.7215  ANGLE   =       579.7872  DIHED      =      1012.6602
 1-4 NB =       274.7612  1-4 EEL =     -4818.0661  VDWAALS    =     14073.6392
 EELEC  =   -119207.5002  EHBOND  =         0.0000  RESTRAINT  =         0.0000
 ------------------------------------------------------------------------------


 NSTEP =     2550   TIME(PS) =      33.100  TEMP(K) =   285.27  PRESS =     0.0
 Etot   =    -89483.9624  EKtot   =     18083.2168  EPtot      =   -107567.1792
 BOND   =       292.0482  ANGLE   =       599.0051  DIHED      =      1003.7339
 1-4 NB =       281.3300  1-4 EEL =     -4819.0985  VDWAALS    =     14002.4715
 EELEC  =   -118926.6695  EHBOND  =         0.0000  RESTRAINT  =         0.0000
 ------------------------------------------------------------------------------


 NSTEP =     2600   TIME(PS) =      33.200  TEMP(K) =   287.65  PRESS =     0.0
 Etot   =    -89384.5560  EKtot   =     18233.9824  EPtot      =   -107618.5384
 BOND   =       288.7659  ANGLE   =       581.4518  DIHED      =      1006.4543
 1-4 NB =       279.3311  1-4 EEL =     -4828.7101  VDWAALS    =     14065.7863
 EELEC  =   -119011.6178  EHBOND  =         0.0000  RESTRAINT  =         0.0000
 ------------------------------------------------------------------------------


 NSTEP =     2650   TIME(PS) =      33.300  TEMP(K) =   288.52  PRESS =     0.0
 Etot   =    -89291.0257  EKtot   =     18288.8398  EPtot      =   -107579.8656
 BOND   =       301.5753  ANGLE   =       547.6182  DIHED      =      1017.1560
 1-4 NB =       286.7914  1-4 EEL =     -4806.2745  VDWAALS    =     13826.6170
 EELEC  =   -118753.3490  EHBOND  =         0.0000  RESTRAINT  =         0.0000
 ------------------------------------------------------------------------------


 NSTEP =     2700   TIME(PS) =      33.400  TEMP(K) =   289.35  PRESS =     0.0
 Etot   =    -89195.8295  EKtot   =     18341.5488  EPtot      =   -107537.3783
 BOND   =       272.0559  ANGLE   =       562.1028  DIHED      =      1024.9461
 1-4 NB =       281.6479  1-4 EEL =     -4783.6177  VDWAALS    =     13724.4849
 EELEC  =   -118618.9984  EHBOND  =         0.0000  RESTRAINT  =         0.0000
 ------------------------------------------------------------------------------


 NSTEP =     2750   TIME(PS) =      33.500  TEMP(K) =   288.85  PRESS =     0.0
 Etot   =    -89107.3714  EKtot   =     18309.9883  EPtot      =   -107417.3597
 BOND   =       247.3192  ANGLE   =       601.1328  DIHED      =      1024.9182
 1-4 NB =       288.9464  1-4 EEL =     -4809.0284  VDWAALS    =     13979.5050
 EELEC  =   -118750.1530  EHBOND  =         0.0000  RESTRAINT  =         0.0000
 ------------------------------------------------------------------------------


 NSTEP =     2800   TIME(PS) =      33.600  TEMP(K) =   288.06  PRESS =     0.0
 Etot   =    -89015.8721  EKtot   =     18259.8105  EPtot      =   -107275.6826
 BOND   =       285.0900  ANGLE   =       583.3157  DIHED      =      1036.2480
 1-4 NB =       272.6529  1-4 EEL =     -4794.4039  VDWAALS    =     14027.3858
 EELEC  =   -118685.9712  EHBOND  =         0.0000  RESTRAINT  =         0.0000
 ------------------------------------------------------------------------------


 NSTEP =     2850   TIME(PS) =      33.700  TEMP(K) =   288.03  PRESS =     0.0
 Etot   =    -88925.8814  EKtot   =     18258.1582  EPtot      =   -107184.0396
 BOND   =       258.1267  ANGLE   =       556.5134  DIHED      =      1042.8786
 1-4 NB =       285.1285  1-4 EEL =     -4783.9648  VDWAALS    =     13710.5848
 EELEC  =   -118253.3067  EHBOND  =         0.0000  RESTRAINT  =         0.0000
 ------------------------------------------------------------------------------


 NSTEP =     2900   TIME(PS) =      33.800  TEMP(K) =   290.16  PRESS =     0.0
 Etot   =    -88838.0109  EKtot   =     18392.9746  EPtot      =   -107230.9855
 BOND   =       275.2950  ANGLE   =       566.9655  DIHED      =      1056.0615
 1-4 NB =       281.3483  1-4 EEL =     -4825.1712  VDWAALS    =     13813.2396
 EELEC  =   -118398.7241  EHBOND  =         0.0000  RESTRAINT  =         0.0000
 ------------------------------------------------------------------------------


 NSTEP =     2950   TIME(PS) =      33.900  TEMP(K) =   289.15  PRESS =     0.0
 Etot   =    -88753.4403  EKtot   =     18329.1816  EPtot      =   -107082.6220
 BOND   =       295.3990  ANGLE   =       582.3617  DIHED      =      1034.9088
 1-4 NB =       292.3726  1-4 EEL =     -4789.9396  VDWAALS    =     13484.1625
 EELEC  =   -117981.8870  EHBOND  =         0.0000  RESTRAINT  =         0.0000
 ------------------------------------------------------------------------------

check COM velocity, temp:        0.000004     0.00(Removed)

 NSTEP =     3000   TIME(PS) =      34.000  TEMP(K) =   290.04  PRESS =     0.0
 Etot   =    -88667.0177  EKtot   =     18385.5977  EPtot      =   -107052.6154
 BOND   =       291.2539  ANGLE   =       584.0624  DIHED      =      1016.4006
 1-4 NB =       272.8095  1-4 EEL =     -4809.5787  VDWAALS    =     13632.8918
 EELEC  =   -118040.4548  EHBOND  =         0.0000  RESTRAINT  =         0.0000
 ------------------------------------------------------------------------------


 NSTEP =     3050   TIME(PS) =      34.100  TEMP(K) =   290.30  PRESS =     0.0
 Etot   =    -88585.7920  EKtot   =     18401.9375  EPtot      =   -106987.7295
 BOND   =       299.3567  ANGLE   =       577.8676  DIHED      =      1023.6430
 1-4 NB =       280.8659  1-4 EEL =     -4810.9031  VDWAALS    =     13590.4286
 EELEC  =   -117948.9882  EHBOND  =         0.0000  RESTRAINT  =         0.0000
 ------------------------------------------------------------------------------


 NSTEP =     3100   TIME(PS) =      34.200  TEMP(K) =   290.56  PRESS =     0.0
 Etot   =    -88502.4607  EKtot   =     18418.4453  EPtot      =   -106920.9060
 BOND   =       308.2853  ANGLE   =       570.1651  DIHED      =      1012.8112
 1-4 NB =       280.0424  1-4 EEL =     -4815.3451  VDWAALS    =     13489.7736
 EELEC  =   -117766.6384  EHBOND  =         0.0000  RESTRAINT  =         0.0000
 ------------------------------------------------------------------------------


 NSTEP =     3150   TIME(PS) =      34.300  TEMP(K) =   292.08  PRESS =     0.0
 Etot   =    -88427.6059  EKtot   =     18514.6348  EPtot      =   -106942.2407
 BOND   =       290.7547  ANGLE   =       544.6178  DIHED      =      1018.5819
 1-4 NB =       285.0033  1-4 EEL =     -4800.9433  VDWAALS    =     13604.0619
 EELEC  =   -117884.3170  EHBOND  =         0.0000  RESTRAINT  =         0.0000
 ------------------------------------------------------------------------------


 NSTEP =     3200   TIME(PS) =      34.400  TEMP(K) =   291.41  PRESS =     0.0
 Etot   =    -88351.3538  EKtot   =     18472.4453  EPtot      =   -106823.7991
 BOND   =       312.1598  ANGLE   =       555.3697  DIHED      =      1017.1312
 1-4 NB =       283.0763  1-4 EEL =     -4806.7278  VDWAALS    =     13631.3007
 EELEC  =   -117816.1090  EHBOND  =         0.0000  RESTRAINT  =         0.0000
 ------------------------------------------------------------------------------


 NSTEP =     3250   TIME(PS) =      34.500  TEMP(K) =   289.57  PRESS =     0.0
 Etot   =    -88275.8422  EKtot   =     18355.7480  EPtot      =   -106631.5903
 BOND   =       309.6611  ANGLE   =       565.5752  DIHED      =      1036.2527
 1-4 NB =       288.1056  1-4 EEL =     -4830.2166  VDWAALS    =     13794.6335
 EELEC  =   -117795.6018  EHBOND  =         0.0000  RESTRAINT  =         0.0000
 ------------------------------------------------------------------------------


 NSTEP =     3300   TIME(PS) =      34.600  TEMP(K) =   291.19  PRESS =     0.0
 Etot   =    -88201.5605  EKtot   =     18458.1230  EPtot      =   -106659.6835
 BOND   =       279.4523  ANGLE   =       589.1555  DIHED      =      1033.9221
 1-4 NB =       290.8251  1-4 EEL =     -4790.9272  VDWAALS    =     13577.8269
 EELEC  =   -117639.9382  EHBOND  =         0.0000  RESTRAINT  =         0.0000
 ------------------------------------------------------------------------------


 NSTEP =     3350   TIME(PS) =      34.700  TEMP(K) =   293.82  PRESS =     0.0
 Etot   =    -88131.8817  EKtot   =     18625.3730  EPtot      =   -106757.2548
 BOND   =       289.5609  ANGLE   =       550.4142  DIHED      =      1026.3979
 1-4 NB =       288.3310  1-4 EEL =     -4778.9524  VDWAALS    =     13506.3376
 EELEC  =   -117639.3440  EHBOND  =         0.0000  RESTRAINT  =         0.0000
 ------------------------------------------------------------------------------


 NSTEP =     3400   TIME(PS) =      34.800  TEMP(K) =   295.14  PRESS =     0.0
 Etot   =    -88064.1849  EKtot   =     18708.4707  EPtot      =   -106772.6557
 BOND   =       275.7431  ANGLE   =       570.1744  DIHED      =      1051.2150
 1-4 NB =       284.2603  1-4 EEL =     -4795.6725  VDWAALS    =     13558.9178
 EELEC  =   -117717.2937  EHBOND  =         0.0000  RESTRAINT  =         0.0000
 ------------------------------------------------------------------------------


 NSTEP =     3450   TIME(PS) =      34.900  TEMP(K) =   294.10  PRESS =     0.0
 Etot   =    -88001.4237  EKtot   =     18643.0645  EPtot      =   -106644.4882
 BOND   =       281.9511  ANGLE   =       579.8215  DIHED      =      1035.6251
 1-4 NB =       280.5693  1-4 EEL =     -4811.2416  VDWAALS    =     13490.7218
 EELEC  =   -117501.9354  EHBOND  =         0.0000  RESTRAINT  =         0.0000
 ------------------------------------------------------------------------------


 NSTEP =     3500   TIME(PS) =      35.000  TEMP(K) =   295.32  PRESS =     0.0
 Etot   =    -87933.4122  EKtot   =     18719.9062  EPtot      =   -106653.3185
 BOND   =       305.2050  ANGLE   =       538.3314  DIHED      =      1025.0388
 1-4 NB =       292.6610  1-4 EEL =     -4819.4856  VDWAALS    =     13433.3498
 EELEC  =   -117428.4188  EHBOND  =         0.0000  RESTRAINT  =         0.0000
 ------------------------------------------------------------------------------


 NSTEP =     3550   TIME(PS) =      35.100  TEMP(K) =   297.53  PRESS =     0.0
 Etot   =    -87863.6073  EKtot   =     18859.9980  EPtot      =   -106723.6053
 BOND   =       299.7008  ANGLE   =       549.1975  DIHED      =      1032.4869
 1-4 NB =       286.0707  1-4 EEL =     -4773.9764  VDWAALS    =     13442.4032
 EELEC  =   -117559.4880  EHBOND  =         0.0000  RESTRAINT  =         0.0000
 ------------------------------------------------------------------------------


 NSTEP =     3600   TIME(PS) =      35.200  TEMP(K) =   297.16  PRESS =     0.0
 Etot   =    -87802.5411  EKtot   =     18836.6641  EPtot      =   -106639.2051
 BOND   =       282.5922  ANGLE   =       570.6918  DIHED      =      1021.3503
 1-4 NB =       288.2159  1-4 EEL =     -4809.3323  VDWAALS    =     13531.6529
 EELEC  =   -117524.3758  EHBOND  =         0.0000  RESTRAINT  =         0.0000
 ------------------------------------------------------------------------------


 NSTEP =     3650   TIME(PS) =      35.300  TEMP(K) =   296.78  PRESS =     0.0
 Etot   =    -87743.6476  EKtot   =     18812.4473  EPtot      =   -106556.0948
 BOND   =       287.6075  ANGLE   =       550.8285  DIHED      =      1039.7335
 1-4 NB =       287.3573  1-4 EEL =     -4792.1119  VDWAALS    =     13671.2292
 EELEC  =   -117600.7390  EHBOND  =         0.0000  RESTRAINT  =         0.0000
 ------------------------------------------------------------------------------


 NSTEP =     3700   TIME(PS) =      35.400  TEMP(K) =   294.84  PRESS =     0.0
 Etot   =    -87687.3214  EKtot   =     18689.7949  EPtot      =   -106377.1163
 BOND   =       268.8457  ANGLE   =       577.7358  DIHED      =      1033.7731
 1-4 NB =       295.0200  1-4 EEL =     -4804.8442  VDWAALS    =     13792.4458
 EELEC  =   -117540.0924  EHBOND  =         0.0000  RESTRAINT  =         0.0000
 ------------------------------------------------------------------------------


 NSTEP =     3750   TIME(PS) =      35.500  TEMP(K) =   294.31  PRESS =     0.0
 Etot   =    -87628.1366  EKtot   =     18656.2070  EPtot      =   -106284.3436
 BOND   =       279.5736  ANGLE   =       560.2485  DIHED      =      1040.7553
 1-4 NB =       296.4891  1-4 EEL =     -4803.5566  VDWAALS    =     13472.0466
 EELEC  =   -117129.9000  EHBOND  =         0.0000  RESTRAINT  =         0.0000
 ------------------------------------------------------------------------------


 NSTEP =     3800   TIME(PS) =      35.600  TEMP(K) =   299.19  PRESS =     0.0
 Etot   =    -87570.8084  EKtot   =     18965.3027  EPtot      =   -106536.1112
 BOND   =       284.0528  ANGLE   =       545.0943  DIHED      =      1027.8414
 1-4 NB =       272.8227  1-4 EEL =     -4797.9801  VDWAALS    =     13444.4473
 EELEC  =   -117312.3896  EHBOND  =         0.0000  RESTRAINT  =         0.0000
 ------------------------------------------------------------------------------


 NSTEP =     3850   TIME(PS) =      35.700  TEMP(K) =   296.39  PRESS =     0.0
 Etot   =    -87512.3326  EKtot   =     18787.9062  EPtot      =   -106300.2388
 BOND   =       276.7977  ANGLE   =       577.0247  DIHED      =      1028.8631
 1-4 NB =       280.4753  1-4 EEL =     -4775.9104  VDWAALS    =     13537.0169
 EELEC  =   -117224.5060  EHBOND  =         0.0000  RESTRAINT  =         0.0000
 ------------------------------------------------------------------------------


 NSTEP =     3900   TIME(PS) =      35.800  TEMP(K) =   294.62  PRESS =     0.0
 Etot   =    -87456.9471  EKtot   =     18675.7402  EPtot      =   -106132.6873
 BOND   =       294.8683  ANGLE   =       554.7882  DIHED      =      1042.9369
 1-4 NB =       284.4906  1-4 EEL =     -4813.4187  VDWAALS    =     13484.1384
 EELEC  =   -116980.4910  EHBOND  =         0.0000  RESTRAINT  =         0.0000
 ------------------------------------------------------------------------------


 NSTEP =     3950   TIME(PS) =      35.900  TEMP(K) =   297.77  PRESS =     0.0
 Etot   =    -87403.9307  EKtot   =     18875.1621  EPtot      =   -106279.0928
 BOND   =       283.0690  ANGLE   =       575.1869  DIHED      =      1045.8732
 1-4 NB =       291.1485  1-4 EEL =     -4791.3769  VDWAALS    =     13343.8255
 EELEC  =   -117026.8189  EHBOND  =         0.0000  RESTRAINT  =         0.0000
 ------------------------------------------------------------------------------

check COM velocity, temp:        0.000006     0.00(Removed)

 NSTEP =     4000   TIME(PS) =      36.000  TEMP(K) =   298.26  PRESS =     0.0
 Etot   =    -87352.6649  EKtot   =     18906.4746  EPtot      =   -106259.1395
 BOND   =       294.5799  ANGLE   =       570.5198  DIHED      =      1036.6325
 1-4 NB =       284.5047  1-4 EEL =     -4810.3452  VDWAALS    =     13511.3112
 EELEC  =   -117146.3424  EHBOND  =         0.0000  RESTRAINT  =         0.0000
 ------------------------------------------------------------------------------


 NSTEP =     4050   TIME(PS) =      36.100  TEMP(K) =   298.92  PRESS =     0.0
 Etot   =    -87307.6515  EKtot   =     18948.5020  EPtot      =   -106256.1534
 BOND   =       288.0718  ANGLE   =       583.9416  DIHED      =      1027.1338
 1-4 NB =       290.9124  1-4 EEL =     -4836.2296  VDWAALS    =     13516.5419
 EELEC  =   -117126.5253  EHBOND  =         0.0000  RESTRAINT  =         0.0000
 ------------------------------------------------------------------------------


 NSTEP =     4100   TIME(PS) =      36.200  TEMP(K) =   299.76  PRESS =     0.0
 Etot   =    -87260.8394  EKtot   =     19001.3262  EPtot      =   -106262.1655
 BOND   =       281.4765  ANGLE   =       555.9585  DIHED      =      1041.5150
 1-4 NB =       291.4427  1-4 EEL =     -4793.9055  VDWAALS    =     13505.0088
 EELEC  =   -117143.6614  EHBOND  =         0.0000  RESTRAINT  =         0.0000
 ------------------------------------------------------------------------------


 NSTEP =     4150   TIME(PS) =      36.300  TEMP(K) =   300.05  PRESS =     0.0
 Etot   =    -87213.2418  EKtot   =     19020.0977  EPtot      =   -106233.3394
 BOND   =       270.1361  ANGLE   =       564.7444  DIHED      =      1022.8338
 1-4 NB =       283.3992  1-4 EEL =     -4810.3829  VDWAALS    =     13585.1498
 EELEC  =   -117149.2198  EHBOND  =         0.0000  RESTRAINT  =         0.0000
 ------------------------------------------------------------------------------


 NSTEP =     4200   TIME(PS) =      36.400  TEMP(K) =   300.20  PRESS =     0.0
 Etot   =    -87166.9780  EKtot   =     19029.5859  EPtot      =   -106196.5640
 BOND   =       305.7001  ANGLE   =       551.7675  DIHED      =      1025.5353
 1-4 NB =       281.7950  1-4 EEL =     -4782.1668  VDWAALS    =     13272.8762
 EELEC  =   -116852.0713  EHBOND  =         0.0000  RESTRAINT  =         0.0000
 ------------------------------------------------------------------------------


 NSTEP =     4250   TIME(PS) =      36.500  TEMP(K) =   296.96  PRESS =     0.0
 Etot   =    -87117.7652  EKtot   =     18824.3633  EPtot      =   -105942.1285
 BOND   =       282.2417  ANGLE   =       597.4867  DIHED      =      1026.8944
 1-4 NB =       298.8756  1-4 EEL =     -4814.2960  VDWAALS    =     13312.2326
 EELEC  =   -116645.5635  EHBOND  =         0.0000  RESTRAINT  =         0.0000
 ------------------------------------------------------------------------------


 NSTEP =     4300   TIME(PS) =      36.600  TEMP(K) =   300.12  PRESS =     0.0
 Etot   =    -87071.0571  EKtot   =     19024.1855  EPtot      =   -106095.2427
 BOND   =       295.2607  ANGLE   =       579.4871  DIHED      =      1026.8810
 1-4 NB =       283.5521  1-4 EEL =     -4817.9541  VDWAALS    =     13519.7744
 EELEC  =   -116982.2439  EHBOND  =         0.0000  RESTRAINT  =         0.0000
 ------------------------------------------------------------------------------


 NSTEP =     4350   TIME(PS) =      36.700  TEMP(K) =   299.83  PRESS =     0.0
 Etot   =    -87027.6793  EKtot   =     19006.1895  EPtot      =   -106033.8688
 BOND   =       281.7360  ANGLE   =       557.5557  DIHED      =      1038.4014
 1-4 NB =       292.3803  1-4 EEL =     -4776.8886  VDWAALS    =     13228.9111
 EELEC  =   -116655.9647  EHBOND  =         0.0000  RESTRAINT  =         0.0000
 ------------------------------------------------------------------------------


 NSTEP =     4400   TIME(PS) =      36.800  TEMP(K) =   301.04  PRESS =     0.0
 Etot   =    -86983.7805  EKtot   =     19082.9336  EPtot      =   -106066.7140
 BOND   =       326.1542  ANGLE   =       581.0902  DIHED      =      1035.4010
 1-4 NB =       283.2823  1-4 EEL =     -4808.6512  VDWAALS    =     13739.9001
 EELEC  =   -117223.8908  EHBOND  =         0.0000  RESTRAINT  =         0.0000
 ------------------------------------------------------------------------------


 NSTEP =     4450   TIME(PS) =      36.900  TEMP(K) =   301.26  PRESS =     0.0
 Etot   =    -86944.0400  EKtot   =     19096.8555  EPtot      =   -106040.8955
 BOND   =       280.5707  ANGLE   =       580.8212  DIHED      =      1056.4888
 1-4 NB =       284.0940  1-4 EEL =     -4787.9574  VDWAALS    =     13406.8166
 EELEC  =   -116861.7294  EHBOND  =         0.0000  RESTRAINT  =         0.0000
 ------------------------------------------------------------------------------


 NSTEP =     4500   TIME(PS) =      37.000  TEMP(K) =   300.14  PRESS =     0.0
 Etot   =    -86910.0154  EKtot   =     19025.4492  EPtot      =   -105935.4646
 BOND   =       265.5942  ANGLE   =       583.0614  DIHED      =      1045.5645
 1-4 NB =       292.6871  1-4 EEL =     -4812.2894  VDWAALS    =     13323.8153
 EELEC  =   -116633.8977  EHBOND  =         0.0000  RESTRAINT  =         0.0000
 ------------------------------------------------------------------------------


 NSTEP =     4550   TIME(PS) =      37.100  TEMP(K) =   300.59  PRESS =     0.0
 Etot   =    -86868.3457  EKtot   =     19053.9648  EPtot      =   -105922.3106
 BOND   =       303.6087  ANGLE   =       561.7610  DIHED      =      1030.6855
 1-4 NB =       286.9924  1-4 EEL =     -4814.8973  VDWAALS    =     13273.4372
 EELEC  =   -116563.8981  EHBOND  =         0.0000  RESTRAINT  =         0.0000
 ------------------------------------------------------------------------------


 NSTEP =     4600   TIME(PS) =      37.200  TEMP(K) =   298.59  PRESS =     0.0
 Etot   =    -86825.6901  EKtot   =     18927.1836  EPtot      =   -105752.8737
 BOND   =       307.5812  ANGLE   =       589.6883  DIHED      =      1057.7723
 1-4 NB =       274.8695  1-4 EEL =     -4794.2926  VDWAALS    =     13191.4373
 EELEC  =   -116379.9297  EHBOND  =         0.0000  RESTRAINT  =         0.0000
 ------------------------------------------------------------------------------


 NSTEP =     4650   TIME(PS) =      37.300  TEMP(K) =   299.92  PRESS =     0.0
 Etot   =    -86782.2384  EKtot   =     19012.0488  EPtot      =   -105794.2872
 BOND   =       307.5494  ANGLE   =       594.8084  DIHED      =      1060.1771
 1-4 NB =       296.5994  1-4 EEL =     -4844.4734  VDWAALS    =     13272.3569
 EELEC  =   -116481.3049  EHBOND  =         0.0000  RESTRAINT  =         0.0000
 ------------------------------------------------------------------------------


 NSTEP =     4700   TIME(PS) =      37.400  TEMP(K) =   300.61  PRESS =     0.0
 Etot   =    -86745.0446  EKtot   =     19055.1855  EPtot      =   -105800.2301
 BOND   =       274.8266  ANGLE   =       555.2691  DIHED      =      1041.0737
 1-4 NB =       290.2184  1-4 EEL =     -4787.1696  VDWAALS    =     13405.3570
 EELEC  =   -116579.8052  EHBOND  =         0.0000  RESTRAINT  =         0.0000
 ------------------------------------------------------------------------------


 NSTEP =     4750   TIME(PS) =      37.500  TEMP(K) =   301.12  PRESS =     0.0
 Etot   =    -86701.4101  EKtot   =     19087.7500  EPtot      =   -105789.1601
 BOND   =       298.9958  ANGLE   =       609.4078  DIHED      =      1055.8007
 1-4 NB =       278.4817  1-4 EEL =     -4794.1590  VDWAALS    =     13171.3554
 EELEC  =   -116409.0425  EHBOND  =         0.0000  RESTRAINT  =         0.0000
 ------------------------------------------------------------------------------


 NSTEP =     4800   TIME(PS) =      37.600  TEMP(K) =   301.27  PRESS =     0.0
 Etot   =    -86662.8825  EKtot   =     19097.3027  EPtot      =   -105760.1853
 BOND   =       287.5952  ANGLE   =       574.6443  DIHED      =      1035.4371
 1-4 NB =       291.2259  1-4 EEL =     -4770.5816  VDWAALS    =     13200.6012
 EELEC  =   -116379.1073  EHBOND  =         0.0000  RESTRAINT  =         0.0000
 ------------------------------------------------------------------------------


 NSTEP =     4850   TIME(PS) =      37.700  TEMP(K) =   299.04  PRESS =     0.0
 Etot   =    -86616.7466  EKtot   =     18955.9590  EPtot      =   -105572.7056
 BOND   =       292.9311  ANGLE   =       573.6342  DIHED      =      1054.3326
 1-4 NB =       292.2837  1-4 EEL =     -4809.7476  VDWAALS    =     13325.0609
 EELEC  =   -116301.2005  EHBOND  =         0.0000  RESTRAINT  =         0.0000
 ------------------------------------------------------------------------------


 NSTEP =     4900   TIME(PS) =      37.800  TEMP(K) =   302.35  PRESS =     0.0
 Etot   =    -86583.4715  EKtot   =     19165.7539  EPtot      =   -105749.2254
 BOND   =       281.6128  ANGLE   =       581.5366  DIHED      =      1047.9598
 1-4 NB =       292.0801  1-4 EEL =     -4793.8020  VDWAALS    =     13402.8059
 EELEC  =   -116561.4187  EHBOND  =         0.0000  RESTRAINT  =         0.0000
 ------------------------------------------------------------------------------


 NSTEP =     4950   TIME(PS) =      37.900  TEMP(K) =   301.92  PRESS =     0.0
 Etot   =    -86550.5181  EKtot   =     19138.2441  EPtot      =   -105688.7622
 BOND   =       279.0637  ANGLE   =       591.4591  DIHED      =      1023.1545
 1-4 NB =       294.8226  1-4 EEL =     -4764.6131  VDWAALS    =     13290.5585
 EELEC  =   -116403.2076  EHBOND  =         0.0000  RESTRAINT  =         0.0000
 ------------------------------------------------------------------------------

check COM velocity, temp:        0.000001     0.00(Removed)

 NSTEP =     5000   TIME(PS) =      38.000  TEMP(K) =   301.28  PRESS =     0.0
 Etot   =    -86515.6720  EKtot   =     19097.7207  EPtot      =   -105613.3927
 BOND   =       274.0539  ANGLE   =       572.6918  DIHED      =      1040.3865
 1-4 NB =       284.4024  1-4 EEL =     -4765.6539  VDWAALS    =     13306.7079
 EELEC  =   -116325.9812  EHBOND  =         0.0000  RESTRAINT  =         0.0000
 ------------------------------------------------------------------------------


 NSTEP =     5050   TIME(PS) =      38.100  TEMP(K) =   304.07  PRESS =     0.0
 Etot   =    -86485.0049  EKtot   =     19275.0254  EPtot      =   -105760.0303
 BOND   =       305.3720  ANGLE   =       596.4480  DIHED      =      1061.7204
 1-4 NB =       276.6909  1-4 EEL =     -4823.4525  VDWAALS    =     13365.5641
 EELEC  =   -116542.3732  EHBOND  =         0.0000  RESTRAINT  =         0.0000
 ------------------------------------------------------------------------------


 NSTEP =     5100   TIME(PS) =      38.200  TEMP(K) =   303.64  PRESS =     0.0
 Etot   =    -86461.3952  EKtot   =     19247.4258  EPtot      =   -105708.8209
 BOND   =       271.8121  ANGLE   =       622.8976  DIHED      =      1054.9557
 1-4 NB =       281.4830  1-4 EEL =     -4815.1089  VDWAALS    =     13417.7055
 EELEC  =   -116542.5659  EHBOND  =         0.0000  RESTRAINT  =         0.0000
 ------------------------------------------------------------------------------


 NSTEP =     5150   TIME(PS) =      38.300  TEMP(K) =   305.32  PRESS =     0.0
 Etot   =    -86436.3997  EKtot   =     19353.9277  EPtot      =   -105790.3274
 BOND   =       276.8592  ANGLE   =       579.7870  DIHED      =      1042.5137
 1-4 NB =       302.2622  1-4 EEL =     -4782.9080  VDWAALS    =     12981.7155
 EELEC  =   -116190.5568  EHBOND  =         0.0000  RESTRAINT  =         0.0000
 ------------------------------------------------------------------------------


 NSTEP =     5200   TIME(PS) =      38.400  TEMP(K) =   302.24  PRESS =     0.0
 Etot   =    -86400.2770  EKtot   =     19158.7168  EPtot      =   -105558.9938
 BOND   =       274.5483  ANGLE   =       609.7636  DIHED      =      1043.2046
 1-4 NB =       282.3929  1-4 EEL =     -4769.4089  VDWAALS    =     13023.5084
 EELEC  =   -116023.0027  EHBOND  =         0.0000  RESTRAINT  =         0.0000
 ------------------------------------------------------------------------------


 NSTEP =     5250   TIME(PS) =      38.500  TEMP(K) =   302.20  PRESS =     0.0
 Etot   =    -86365.1497  EKtot   =     19156.0488  EPtot      =   -105521.1985
 BOND   =       295.9993  ANGLE   =       594.9862  DIHED      =      1049.4337
 1-4 NB =       281.6928  1-4 EEL =     -4802.3403  VDWAALS    =     13074.5742
 EELEC  =   -116015.5443  EHBOND  =         0.0000  RESTRAINT  =         0.0000
 ------------------------------------------------------------------------------


 NSTEP =     5300   TIME(PS) =      38.600  TEMP(K) =   303.21  PRESS =     0.0
 Etot   =    -86333.5829  EKtot   =     19220.0117  EPtot      =   -105553.5946
 BOND   =       318.2603  ANGLE   =       579.5059  DIHED      =      1043.4341
 1-4 NB =       293.5807  1-4 EEL =     -4820.7110  VDWAALS    =     12867.1957
 EELEC  =   -115834.8603  EHBOND  =         0.0000  RESTRAINT  =         0.0000
 ------------------------------------------------------------------------------


 NSTEP =     5350   TIME(PS) =      38.700  TEMP(K) =   305.58  PRESS =     0.0
 Etot   =    -86309.1237  EKtot   =     19370.6934  EPtot      =   -105679.8171
 BOND   =       293.8469  ANGLE   =       561.4108  DIHED      =      1055.5172
 1-4 NB =       285.8150  1-4 EEL =     -4773.0293  VDWAALS    =     13148.3784
 EELEC  =   -116251.7561  EHBOND  =         0.0000  RESTRAINT  =         0.0000
 ------------------------------------------------------------------------------


 NSTEP =     5400   TIME(PS) =      38.800  TEMP(K) =   304.87  PRESS =     0.0
 Etot   =    -86285.4717  EKtot   =     19325.3379  EPtot      =   -105610.8096
 BOND   =       300.4791  ANGLE   =       580.6051  DIHED      =      1055.8248
 1-4 NB =       287.0686  1-4 EEL =     -4780.3935  VDWAALS    =     13417.9411
 EELEC  =   -116472.3348  EHBOND  =         0.0000  RESTRAINT  =         0.0000
 ------------------------------------------------------------------------------


 NSTEP =     5450   TIME(PS) =      38.900  TEMP(K) =   304.70  PRESS =     0.0
 Etot   =    -86264.4293  EKtot   =     19315.0566  EPtot      =   -105579.4859
 BOND   =       270.3404  ANGLE   =       611.1081  DIHED      =      1058.7181
 1-4 NB =       296.3486  1-4 EEL =     -4782.3168  VDWAALS    =     13245.7444
 EELEC  =   -116279.4288  EHBOND  =         0.0000  RESTRAINT  =         0.0000
 ------------------------------------------------------------------------------


 NSTEP =     5500   TIME(PS) =      39.000  TEMP(K) =   305.10  PRESS =     0.0
 Etot   =    -86239.1115  EKtot   =     19339.8965  EPtot      =   -105579.0080
 BOND   =       309.7281  ANGLE   =       595.7393  DIHED      =      1051.8877
 1-4 NB =       293.3110  1-4 EEL =     -4799.4986  VDWAALS    =     12789.1465
 EELEC  =   -115819.3220  EHBOND  =         0.0000  RESTRAINT  =         0.0000
 ------------------------------------------------------------------------------


 NSTEP =     5550   TIME(PS) =      39.100  TEMP(K) =   304.77  PRESS =     0.0
 Etot   =    -86211.2433  EKtot   =     19318.9453  EPtot      =   -105530.1887
 BOND   =       310.4672  ANGLE   =       601.9120  DIHED      =      1043.7453
 1-4 NB =       284.4870  1-4 EEL =     -4818.6093  VDWAALS    =     13142.1020
 EELEC  =   -116094.2929  EHBOND  =         0.0000  RESTRAINT  =         0.0000
 ------------------------------------------------------------------------------


 NSTEP =     5600   TIME(PS) =      39.200  TEMP(K) =   306.11  PRESS =     0.0
 Etot   =    -86190.0419  EKtot   =     19404.3223  EPtot      =   -105594.3642
 BOND   =       302.4286  ANGLE   =       574.3415  DIHED      =      1036.9286
 1-4 NB =       293.1384  1-4 EEL =     -4785.3251  VDWAALS    =     13006.0933
 EELEC  =   -116021.9694  EHBOND  =         0.0000  RESTRAINT  =         0.0000
 ------------------------------------------------------------------------------


 NSTEP =     5650   TIME(PS) =      39.300  TEMP(K) =   307.14  PRESS =     0.0
 Etot   =    -86166.6627  EKtot   =     19469.3066  EPtot      =   -105635.9694
 BOND   =       297.2514  ANGLE   =       566.1864  DIHED      =      1053.9567
 1-4 NB =       287.4814  1-4 EEL =     -4793.5868  VDWAALS    =     13224.5496
 EELEC  =   -116271.8081  EHBOND  =         0.0000  RESTRAINT  =         0.0000
 ------------------------------------------------------------------------------


 NSTEP =     5700   TIME(PS) =      39.400  TEMP(K) =   304.56  PRESS =     0.0
 Etot   =    -86142.7666  EKtot   =     19306.1152  EPtot      =   -105448.8818
 BOND   =       307.6842  ANGLE   =       572.6381  DIHED      =      1051.3372
 1-4 NB =       294.3059  1-4 EEL =     -4796.4524  VDWAALS    =     13158.3384
 EELEC  =   -116036.7332  EHBOND  =         0.0000  RESTRAINT  =         0.0000
 ------------------------------------------------------------------------------


 NSTEP =     5750   TIME(PS) =      39.500  TEMP(K) =   304.23  PRESS =     0.0
 Etot   =    -86112.5094  EKtot   =     19284.6543  EPtot      =   -105397.1637
 BOND   =       304.7471  ANGLE   =       609.8453  DIHED      =      1044.5816
 1-4 NB =       281.3739  1-4 EEL =     -4812.9894  VDWAALS    =     13239.2368
 EELEC  =   -116063.9591  EHBOND  =         0.0000  RESTRAINT  =         0.0000
 ------------------------------------------------------------------------------


 NSTEP =     5800   TIME(PS) =      39.600  TEMP(K) =   306.64  PRESS =     0.0
 Etot   =    -86092.1835  EKtot   =     19437.4883  EPtot      =   -105529.6718
 BOND   =       299.2261  ANGLE   =       580.4934  DIHED      =      1045.5213
 1-4 NB =       291.5768  1-4 EEL =     -4795.2392  VDWAALS    =     13114.7134
 EELEC  =   -116065.9637  EHBOND  =         0.0000  RESTRAINT  =         0.0000
 ------------------------------------------------------------------------------


 NSTEP =     5850   TIME(PS) =      39.700  TEMP(K) =   305.43  PRESS =     0.0
 Etot   =    -86077.5132  EKtot   =     19360.7676  EPtot      =   -105438.2807
 BOND   =       302.9832  ANGLE   =       557.0686  DIHED      =      1038.5421
 1-4 NB =       286.9894  1-4 EEL =     -4796.1119  VDWAALS    =     13221.1485
 EELEC  =   -116048.9005  EHBOND  =         0.0000  RESTRAINT  =         0.0000
 ------------------------------------------------------------------------------


 NSTEP =     5900   TIME(PS) =      39.800  TEMP(K) =   309.95  PRESS =     0.0
 Etot   =    -86060.5099  EKtot   =     19647.4160  EPtot      =   -105707.9259
 BOND   =       288.7759  ANGLE   =       572.4757  DIHED      =      1058.7775
 1-4 NB =       289.5245  1-4 EEL =     -4780.8453  VDWAALS    =     12963.2131
 EELEC  =   -116099.8474  EHBOND  =         0.0000  RESTRAINT  =         0.0000
 ------------------------------------------------------------------------------


 NSTEP =     5950   TIME(PS) =      39.900  TEMP(K) =   306.05  PRESS =     0.0
 Etot   =    -86045.7236  EKtot   =     19400.1504  EPtot      =   -105445.8740
 BOND   =       310.0015  ANGLE   =       604.9017  DIHED      =      1048.1469
 1-4 NB =       274.6584  1-4 EEL =     -4794.7355  VDWAALS    =     13064.6830
 EELEC  =   -115953.5300  EHBOND  =         0.0000  RESTRAINT  =         0.0000
 ------------------------------------------------------------------------------

check COM velocity, temp:        0.000008     0.00(Removed)

 NSTEP =     6000   TIME(PS) =      40.000  TEMP(K) =   305.93  PRESS =     0.0
 Etot   =    -86033.0914  EKtot   =     19392.8867  EPtot      =   -105425.9781
 BOND   =       307.0553  ANGLE   =       588.2422  DIHED      =      1071.5646
 1-4 NB =       286.7882  1-4 EEL =     -4814.3661  VDWAALS    =     12940.1503
 EELEC  =   -115805.4126  EHBOND  =         0.0000  RESTRAINT  =         0.0000
 ------------------------------------------------------------------------------


      A V E R A G E S   O V E R     120 S T E P S


 NSTEP =     6000   TIME(PS) =      40.000  TEMP(K) =   285.97  PRESS =     0.0
 Etot   =    -89746.0845  EKtot   =     18127.7036  EPtot      =   -107873.7881
 BOND   =       276.7949  ANGLE   =       559.8973  DIHED      =      1034.3383
 1-4 NB =       284.7395  1-4 EEL =     -4802.9165  VDWAALS    =     14000.0279
 EELEC  =   -119226.6696  EHBOND  =         0.0000  RESTRAINT  =         0.0000
 ------------------------------------------------------------------------------


      R M S  F L U C T U A T I O N S


 NSTEP =     6000   TIME(PS) =      40.000  TEMP(K) =    17.12  PRESS =     0.0
 Etot   =      3386.4978  EKtot   =      1085.4305  EPtot      =      2306.6932
 BOND   =        23.7622  ANGLE   =        29.6491  DIHED      =        13.1971
 1-4 NB =         6.7860  1-4 EEL =        17.3246  VDWAALS    =       833.5307
 EELEC  =      3072.8623  EHBOND  =         0.0000  RESTRAINT  =         0.0000
 ------------------------------------------------------------------------------

--------------------------------------------------------------------------------
   5.  TIMINGS
--------------------------------------------------------------------------------

|  NonSetup CPU Time in Major Routines:
|
|     Routine           Sec        %
|     ------------------------------
|     Nonbond          12.84   20.99
|     Bond              0.00    0.00
|     Angle             0.00    0.00
|     Dihedral          0.00    0.00
|     Shake             0.04    0.06
|     RunMD            48.28   78.92
|     Other             0.02    0.03
|     ------------------------------
|     Total            61.18

|  PME Nonbond Pairlist CPU Time:
|
|     Routine              Sec        %
|     ---------------------------------
|     Set Up Cit           0.00    0.00
|     Build List           0.00    0.00
|     ---------------------------------
|     Total                0.00    0.00

|  PME Direct Force CPU Time:
|
|     Routine              Sec        %
|     ---------------------------------
|     NonBonded Calc       0.00    0.00
|     Exclude Masked       0.00    0.00
|     Other                0.01    0.02
|     ---------------------------------
|     Total                0.01    0.02

|  PME Reciprocal Force CPU Time:
|
|     Routine              Sec        %
|     ---------------------------------
|     1D bspline           0.00    0.00
|     Grid Charges         0.00    0.00
|     Scalar Sum           0.00    0.00
|     Gradient Sum         0.00    0.00
|     FFT                  0.00    0.00
|     ---------------------------------
|     Total                0.00    0.00

|  Final Performance Info:
|     -----------------------------------------------------
|     Average timings for last     300 steps:
|     Elapsed(s) =       3.48 Per Step(ms) =      11.59
|         ns/day =      14.91   seconds/ns =    5795.23
|
|     Average timings for all steps:
|     Elapsed(s) =      63.90 Per Step(ms) =      10.65
|         ns/day =      16.22   seconds/ns =    5325.24
|     -----------------------------------------------------

|  Setup CPU time:            1.52 seconds
|  NonSetup CPU time:        61.18 seconds
|  Total CPU time:           62.70 seconds     0.02 hours

|  Setup wall time:           2    seconds
|  NonSetup wall time:       64    seconds
|  Total wall time:          66    seconds     0.02 hours
