
          -------------------------------------------------------
          Amber 16 PMEMD                              2016
          -------------------------------------------------------

| PMEMD implementation of SANDER, Release 16

| Run on 06/04/2024 at 22:36:37

|   Executable path: pmemd.cuda
| Working directory: /home/students/keyq/fuben4/4/4LC
|          Hostname: master

  [-O]verwriting output

File Assignments:
|   MDIN: heat5.in                                                              
|  MDOUT: cmp_heat5.out                                                         
| INPCRD: cmp_heat4.rst                                                         
|   PARM: cmp.prmtop                                                            
| RESTRT: cmp_heat5.rst                                                         
|   REFC: cmp.inpcrd                                                            
|  MDVEL: mdvel                                                                 
|   MDEN: mden                                                                  
|  MDCRD: cmp_heat5.mdcrd                                                       
| MDINFO: mdinfo                                                                
|  MDFRC: mdfrc                                                                 


 Here is the input file:

Stage 2 equilibration 1 0-5ns                                                  
 &cntrl                                                                        
  imin=0, irest=1, ntx=5,                                                      
  nstlim=4000, dt=0.002,                                                       
  ntc=2, ntf=2,                                                                
  ntt=1, tautp=1.5,                                                            
  tempi=200.0, temp0=255.0,                                                    
  ntpr=50, ntwx=50,                                                            
  ntb=1,                                                                       
  cut=10,                                                                      
 /                                                                             


Note: ig = -1. Setting random seed to   811861 based on wallclock time in 
      microseconds.
 
|--------------------- INFORMATION ----------------------
| GPU (CUDA) Version of PMEMD in use: NVIDIA GPU IN USE.
|                    Version 16.0.0
| 
|                      02/25/2016
| 
| Implementation by:
|                    Ross C. Walker     (SDSC)
|                    Scott Le Grand     (nVIDIA)
| 
| Precision model in use:
|      [SPFP] - Single Precision Forces, 64-bit Fixed Point
|               Accumulation. (Default)
| 
|--------------------------------------------------------
 
|----------------- CITATION INFORMATION -----------------
|
|    When publishing work that utilized the CUDA version
|    of AMBER, please cite the following in addition to
|    the regular AMBER citations:
|
|  - Romelia Salomon-Ferrer; Andreas W. Goetz; Duncan
|    Poole; Scott Le Grand; Ross C. Walker "Routine
|    microsecond molecular dynamics simulations with
|    AMBER - Part II: Particle Mesh Ewald", J. Chem.
|    Theory Comput., 2013, 9 (9), pp3878-3888,
|    DOI: 10.1021/ct400314y.
|
|  - Andreas W. Goetz; Mark J. Williamson; Dong Xu;
|    Duncan Poole; Scott Le Grand; Ross C. Walker
|    "Routine microsecond molecular dynamics simulations
|    with AMBER - Part I: Generalized Born", J. Chem.
|    Theory Comput., 2012, 8 (5), pp1542-1555.
|
|  - Scott Le Grand; Andreas W. Goetz; Ross C. Walker
|    "SPFP: Speed without compromise - a mixed precision
|    model for GPU accelerated molecular dynamics
|    simulations.", Comp. Phys. Comm., 2013, 184
|    pp374-380, DOI: 10.1016/j.cpc.2012.09.022
|
|--------------------------------------------------------
 
|------------------- GPU DEVICE INFO --------------------
|
|            CUDA_VISIBLE_DEVICES: 0
|   CUDA Capable Devices Detected:      1
|           CUDA Device ID in use:      0
|                CUDA Device Name: Tesla V100-PCIE-32GB
|     CUDA Device Global Mem Size:  32510 MB
| CUDA Device Num Multiprocessors:     80
|           CUDA Device Core Freq:   1.38 GHz
|
|--------------------------------------------------------
 
 
| Conditional Compilation Defines Used:
| PUBFFT
| BINTRAJ
| CUDA
| EMIL

| Largest sphere to fit in unit cell has radius =    31.674

| New format PARM file being parsed.
| Version =    1.000 Date = 11/09/20 Time = 17:15:25

| Note: 1-4 EEL scale factors are being read from the topology file.

| Note: 1-4 VDW scale factors are being read from the topology file.
| Duplicated    0 dihedrals

| Duplicated    0 dihedrals

--------------------------------------------------------------------------------
   1.  RESOURCE   USE: 
--------------------------------------------------------------------------------

 getting box info from netcdf restart file
 NATOM  =   31539 NTYPES =      18 NBONH =   30816 MBONA  =     774
 NTHETH =     898 MTHETA =    1191 NPHIH =    1825 MPHIA  =    2463
 NHPARM =       0 NPARM  =       0 NNB   =   46574 NRES   =   10211
 NBONA  =     774 NTHETA =    1191 NPHIA =    2463 NUMBND =      61
 NUMANG =     127 NPTRA  =      75 NATYP =      34 NPHB   =       1
 IFBOX  =       2 NMXRS  =      33 IFCAP =       0 NEXTRA =       0
 NCOPY  =       0

| Coordinate Index Table dimensions:    12   12   12
| Direct force subcell size =     6.4654    6.4654    6.4654

     BOX TYPE: TRUNCATED OCTAHEDRON

--------------------------------------------------------------------------------
   2.  CONTROL  DATA  FOR  THE  RUN
--------------------------------------------------------------------------------

default_name                                                                    

General flags:
     imin    =       0, nmropt  =       0

Nature and format of input:
     ntx     =       5, irest   =       1, ntrx    =       1

Nature and format of output:
     ntxo    =       2, ntpr    =      50, ntrx    =       1, ntwr    =    4000
     iwrap   =       0, ntwx    =      50, ntwv    =       0, ntwe    =       0
     ioutfm  =       1, ntwprt  =       0, idecomp =       0, rbornstat=      0

Potential function:
     ntf     =       2, ntb     =       1, igb     =       0, nsnb    =      25
     ipol    =       0, gbsa    =       0, iesp    =       0
     dielc   =   1.00000, cut     =  10.00000, intdiel =   1.00000

Frozen or restrained atoms:
     ibelly  =       0, ntr     =       0

Molecular dynamics:
     nstlim  =      4000, nscm    =      1000, nrespa  =         1
     t       =   0.00000, dt      =   0.00200, vlimit  =  -1.00000

Berendsen (weak-coupling) temperature regulation:
     temp0   = 255.00000, tempi   = 200.00000, tautp   =   1.50000

SHAKE:
     ntc     =       2, jfastw  =       0
     tol     =   0.00001

| Intermolecular bonds treatment:
|     no_intermolecular_bonds =       1

| Energy averages sample interval:
|     ene_avg_sampling =      50

Ewald parameters:
     verbose =       0, ew_type =       0, nbflag  =       1, use_pme =       1
     vdwmeth =       1, eedmeth =       1, netfrc  =       1
     Box X =   77.585   Box Y =   77.585   Box Z =   77.585
     Alpha =  109.471   Beta  =  109.471   Gamma =  109.471
     NFFT1 =   80       NFFT2 =   80       NFFT3 =   80
     Cutoff=   10.000   Tol   =0.100E-04
     Ewald Coefficient =  0.27511
     Interpolation order =    4

--------------------------------------------------------------------------------
   3.  ATOMIC COORDINATES AND VELOCITIES
--------------------------------------------------------------------------------

default_name                                                                    
 begin time read from input coords =    20.000 ps

 
 Number of triangulated 3-point waters found:    10145

     Sum of charges from parm topology file =   0.00000020
     Forcing neutrality...

| Dynamic Memory, Types Used:
| Reals              933795
| Integers           771240

| Nonbonded Pairs Initial Allocation:     9539759

| GPU memory information (estimate):
| KB of GPU memory in use:    165845
| KB of CPU memory in use:     54713

--------------------------------------------------------------------------------
   4.  RESULTS
--------------------------------------------------------------------------------

 ---------------------------------------------------
 APPROXIMATING switch and d/dx switch using CUBIC SPLINE INTERPOLATION
 using   5000.0 points per unit in tabled values
 TESTING RELATIVE ERROR over r ranging from 0.0 to cutoff
| CHECK switch(x): max rel err =   0.2738E-14   at   2.422500
| CHECK d/dx switch(x): max rel err =   0.8314E-11   at   2.736960
 ---------------------------------------------------
|---------------------------------------------------
| APPROXIMATING direct energy using CUBIC SPLINE INTERPOLATION
|  with   50.0 points per unit in tabled values
| Relative Error Limit not exceeded for r .gt.   2.33
| APPROXIMATING direct force using CUBIC SPLINE INTERPOLATION
|  with   50.0 points per unit in tabled values
| Relative Error Limit not exceeded for r .gt.   2.80
|---------------------------------------------------

 NSTEP =       50   TIME(PS) =      20.100  TEMP(K) =   187.66  PRESS =     0.0
 Etot   =   -108610.9085  EKtot   =     11895.9307  EPtot      =   -120506.8391
 BOND   =       148.9146  ANGLE   =       381.9441  DIHED      =       996.1506
 1-4 NB =       268.1178  1-4 EEL =     -4801.4721  VDWAALS    =     18829.9834
 EELEC  =   -136330.4775  EHBOND  =         0.0000  RESTRAINT  =         0.0000
 ------------------------------------------------------------------------------


 NSTEP =      100   TIME(PS) =      20.200  TEMP(K) =   188.71  PRESS =     0.0
 Etot   =   -108335.0802  EKtot   =     11962.5273  EPtot      =   -120297.6075
 BOND   =       151.1404  ANGLE   =       371.5750  DIHED      =      1009.6735
 1-4 NB =       277.6793  1-4 EEL =     -4805.1148  VDWAALS    =     18723.1116
 EELEC  =   -136025.6726  EHBOND  =         0.0000  RESTRAINT  =         0.0000
 ------------------------------------------------------------------------------


 NSTEP =      150   TIME(PS) =      20.300  TEMP(K) =   191.39  PRESS =     0.0
 Etot   =   -108066.1109  EKtot   =     12132.1230  EPtot      =   -120198.2340
 BOND   =       155.5243  ANGLE   =       367.7061  DIHED      =      1006.2658
 1-4 NB =       278.5513  1-4 EEL =     -4808.6033  VDWAALS    =     18653.2899
 EELEC  =   -135850.9681  EHBOND  =         0.0000  RESTRAINT  =         0.0000
 ------------------------------------------------------------------------------


 NSTEP =      200   TIME(PS) =      20.400  TEMP(K) =   192.95  PRESS =     0.0
 Etot   =   -107798.1529  EKtot   =     12231.0791  EPtot      =   -120029.2320
 BOND   =       162.7245  ANGLE   =       371.4950  DIHED      =       999.1363
 1-4 NB =       268.7049  1-4 EEL =     -4825.9288  VDWAALS    =     18405.6807
 EELEC  =   -135411.0447  EHBOND  =         0.0000  RESTRAINT  =         0.0000
 ------------------------------------------------------------------------------


 NSTEP =      250   TIME(PS) =      20.500  TEMP(K) =   194.56  PRESS =     0.0
 Etot   =   -107540.8226  EKtot   =     12332.9219  EPtot      =   -119873.7445
 BOND   =       177.0022  ANGLE   =       390.9000  DIHED      =      1008.8805
 1-4 NB =       266.4542  1-4 EEL =     -4821.3689  VDWAALS    =     18389.7280
 EELEC  =   -135285.3405  EHBOND  =         0.0000  RESTRAINT  =         0.0000
 ------------------------------------------------------------------------------


 NSTEP =      300   TIME(PS) =      20.600  TEMP(K) =   197.20  PRESS =     0.0
 Etot   =   -107288.8364  EKtot   =     12500.1152  EPtot      =   -119788.9517
 BOND   =       161.9681  ANGLE   =       370.8572  DIHED      =      1014.6891
 1-4 NB =       272.9654  1-4 EEL =     -4827.3843  VDWAALS    =     18341.1701
 EELEC  =   -135123.2174  EHBOND  =         0.0000  RESTRAINT  =         0.0000
 ------------------------------------------------------------------------------


 NSTEP =      350   TIME(PS) =      20.700  TEMP(K) =   196.78  PRESS =     0.0
 Etot   =   -107043.1590  EKtot   =     12473.7070  EPtot      =   -119516.8661
 BOND   =       161.3168  ANGLE   =       380.9822  DIHED      =       991.9053
 1-4 NB =       279.1653  1-4 EEL =     -4809.0744  VDWAALS    =     18154.9677
 EELEC  =   -134676.1289  EHBOND  =         0.0000  RESTRAINT  =         0.0000
 ------------------------------------------------------------------------------


 NSTEP =      400   TIME(PS) =      20.800  TEMP(K) =   198.10  PRESS =     0.0
 Etot   =   -106799.3953  EKtot   =     12557.1924  EPtot      =   -119356.5877
 BOND   =       170.4446  ANGLE   =       376.8793  DIHED      =      1000.6763
 1-4 NB =       277.0235  1-4 EEL =     -4805.3575  VDWAALS    =     18291.4157
 EELEC  =   -134667.6696  EHBOND  =         0.0000  RESTRAINT  =         0.0000
 ------------------------------------------------------------------------------


 NSTEP =      450   TIME(PS) =      20.900  TEMP(K) =   201.62  PRESS =     0.0
 Etot   =   -106569.6847  EKtot   =     12780.6064  EPtot      =   -119350.2911
 BOND   =       158.3319  ANGLE   =       381.5732  DIHED      =      1013.1577
 1-4 NB =       283.5602  1-4 EEL =     -4795.6130  VDWAALS    =     18435.2565
 EELEC  =   -134826.5576  EHBOND  =         0.0000  RESTRAINT  =         0.0000
 ------------------------------------------------------------------------------


 NSTEP =      500   TIME(PS) =      21.000  TEMP(K) =   202.30  PRESS =     0.0
 Etot   =   -106346.1825  EKtot   =     12823.9639  EPtot      =   -119170.1464
 BOND   =       175.7680  ANGLE   =       372.4120  DIHED      =      1008.1934
 1-4 NB =       274.1363  1-4 EEL =     -4824.6127  VDWAALS    =     18128.4178
 EELEC  =   -134304.4612  EHBOND  =         0.0000  RESTRAINT  =         0.0000
 ------------------------------------------------------------------------------


 NSTEP =      550   TIME(PS) =      21.100  TEMP(K) =   204.18  PRESS =     0.0
 Etot   =   -106126.3248  EKtot   =     12943.0791  EPtot      =   -119069.4039
 BOND   =       175.3158  ANGLE   =       387.1521  DIHED      =       994.5811
 1-4 NB =       268.0368  1-4 EEL =     -4812.1248  VDWAALS    =     18480.5219
 EELEC  =   -134562.8868  EHBOND  =         0.0000  RESTRAINT  =         0.0000
 ------------------------------------------------------------------------------


 NSTEP =      600   TIME(PS) =      21.200  TEMP(K) =   204.14  PRESS =     0.0
 Etot   =   -105914.2133  EKtot   =     12940.3604  EPtot      =   -118854.5737
 BOND   =       155.3125  ANGLE   =       398.6198  DIHED      =      1011.8142
 1-4 NB =       272.9179  1-4 EEL =     -4784.0359  VDWAALS    =     18074.5752
 EELEC  =   -133983.7774  EHBOND  =         0.0000  RESTRAINT  =         0.0000
 ------------------------------------------------------------------------------


 NSTEP =      650   TIME(PS) =      21.300  TEMP(K) =   205.71  PRESS =     0.0
 Etot   =   -105705.6529  EKtot   =     13039.7559  EPtot      =   -118745.4087
 BOND   =       170.7609  ANGLE   =       398.5157  DIHED      =      1006.3876
 1-4 NB =       277.8649  1-4 EEL =     -4808.6922  VDWAALS    =     18213.2935
 EELEC  =   -134003.5392  EHBOND  =         0.0000  RESTRAINT  =         0.0000
 ------------------------------------------------------------------------------


 NSTEP =      700   TIME(PS) =      21.400  TEMP(K) =   207.64  PRESS =     0.0
 Etot   =   -105505.4436  EKtot   =     13162.4043  EPtot      =   -118667.8479
 BOND   =       182.5907  ANGLE   =       377.3101  DIHED      =      1024.9073
 1-4 NB =       279.2414  1-4 EEL =     -4812.5696  VDWAALS    =     18012.4240
 EELEC  =   -133731.7518  EHBOND  =         0.0000  RESTRAINT  =         0.0000
 ------------------------------------------------------------------------------


 NSTEP =      750   TIME(PS) =      21.500  TEMP(K) =   206.70  PRESS =     0.0
 Etot   =   -105302.8539  EKtot   =     13102.5781  EPtot      =   -118405.4321
 BOND   =       182.2841  ANGLE   =       385.0131  DIHED      =      1005.2835
 1-4 NB =       282.9615  1-4 EEL =     -4812.5478  VDWAALS    =     18100.9050
 EELEC  =   -133549.3315  EHBOND  =         0.0000  RESTRAINT  =         0.0000
 ------------------------------------------------------------------------------


 NSTEP =      800   TIME(PS) =      21.600  TEMP(K) =   211.22  PRESS =     0.0
 Etot   =   -105109.2009  EKtot   =     13389.3379  EPtot      =   -118498.5388
 BOND   =       166.7554  ANGLE   =       395.8525  DIHED      =      1005.6939
 1-4 NB =       271.2588  1-4 EEL =     -4813.6898  VDWAALS    =     18003.4998
 EELEC  =   -133527.9094  EHBOND  =         0.0000  RESTRAINT  =         0.0000
 ------------------------------------------------------------------------------


 NSTEP =      850   TIME(PS) =      21.700  TEMP(K) =   211.34  PRESS =     0.0
 Etot   =   -104923.6391  EKtot   =     13396.4678  EPtot      =   -118320.1068
 BOND   =       182.2262  ANGLE   =       405.5321  DIHED      =      1015.9961
 1-4 NB =       282.5418  1-4 EEL =     -4832.8931  VDWAALS    =     18043.2411
 EELEC  =   -133416.7509  EHBOND  =         0.0000  RESTRAINT  =         0.0000
 ------------------------------------------------------------------------------


 NSTEP =      900   TIME(PS) =      21.800  TEMP(K) =   211.44  PRESS =     0.0
 Etot   =   -104739.2111  EKtot   =     13403.2842  EPtot      =   -118142.4952
 BOND   =       167.4453  ANGLE   =       400.6957  DIHED      =      1010.1965
 1-4 NB =       272.3294  1-4 EEL =     -4783.6430  VDWAALS    =     17728.5737
 EELEC  =   -132938.0929  EHBOND  =         0.0000  RESTRAINT  =         0.0000
 ------------------------------------------------------------------------------


 NSTEP =      950   TIME(PS) =      21.900  TEMP(K) =   212.26  PRESS =     0.0
 Etot   =   -104553.0168  EKtot   =     13455.0547  EPtot      =   -118008.0715
 BOND   =       186.0382  ANGLE   =       418.3630  DIHED      =      1012.9351
 1-4 NB =       277.3636  1-4 EEL =     -4820.7572  VDWAALS    =     17908.3209
 EELEC  =   -132990.3351  EHBOND  =         0.0000  RESTRAINT  =         0.0000
 ------------------------------------------------------------------------------

check COM velocity, temp:        0.000007     0.00(Removed)

 NSTEP =     1000   TIME(PS) =      22.000  TEMP(K) =   214.40  PRESS =     0.0
 Etot   =   -104376.6237  EKtot   =     13590.5703  EPtot      =   -117967.1940
 BOND   =       198.9300  ANGLE   =       404.2049  DIHED      =      1002.4226
 1-4 NB =       283.3690  1-4 EEL =     -4804.3870  VDWAALS    =     18040.2371
 EELEC  =   -133091.9706  EHBOND  =         0.0000  RESTRAINT  =         0.0000
 ------------------------------------------------------------------------------


 NSTEP =     1050   TIME(PS) =      22.100  TEMP(K) =   213.18  PRESS =     0.0
 Etot   =   -104207.6461  EKtot   =     13513.1221  EPtot      =   -117720.7682
 BOND   =       203.2629  ANGLE   =       413.3341  DIHED      =      1006.7514
 1-4 NB =       280.7612  1-4 EEL =     -4823.5688  VDWAALS    =     17720.8145
 EELEC  =   -132522.1235  EHBOND  =         0.0000  RESTRAINT  =         0.0000
 ------------------------------------------------------------------------------


 NSTEP =     1100   TIME(PS) =      22.200  TEMP(K) =   214.40  PRESS =     0.0
 Etot   =   -104032.4907  EKtot   =     13590.4463  EPtot      =   -117622.9370
 BOND   =       187.7797  ANGLE   =       381.2038  DIHED      =      1016.1225
 1-4 NB =       279.9249  1-4 EEL =     -4794.0760  VDWAALS    =     17414.6752
 EELEC  =   -132108.5671  EHBOND  =         0.0000  RESTRAINT  =         0.0000
 ------------------------------------------------------------------------------


 NSTEP =     1150   TIME(PS) =      22.300  TEMP(K) =   216.74  PRESS =     0.0
 Etot   =   -103866.2762  EKtot   =     13739.1797  EPtot      =   -117605.4559
 BOND   =       204.4665  ANGLE   =       388.9966  DIHED      =      1021.5467
 1-4 NB =       273.6000  1-4 EEL =     -4815.2594  VDWAALS    =     17492.6425
 EELEC  =   -132171.4488  EHBOND  =         0.0000  RESTRAINT  =         0.0000
 ------------------------------------------------------------------------------


 NSTEP =     1200   TIME(PS) =      22.400  TEMP(K) =   215.67  PRESS =     0.0
 Etot   =   -103700.7418  EKtot   =     13671.4141  EPtot      =   -117372.1559
 BOND   =       190.4893  ANGLE   =       401.9976  DIHED      =      1012.8906
 1-4 NB =       274.5169  1-4 EEL =     -4809.8356  VDWAALS    =     17257.0977
 EELEC  =   -131699.3122  EHBOND  =         0.0000  RESTRAINT  =         0.0000
 ------------------------------------------------------------------------------


 NSTEP =     1250   TIME(PS) =      22.500  TEMP(K) =   217.57  PRESS =     0.0
 Etot   =   -103545.2774  EKtot   =     13791.7715  EPtot      =   -117337.0489
 BOND   =       199.7753  ANGLE   =       392.7941  DIHED      =       993.0987
 1-4 NB =       281.1006  1-4 EEL =     -4805.0283  VDWAALS    =     17397.5743
 EELEC  =   -131796.3637  EHBOND  =         0.0000  RESTRAINT  =         0.0000
 ------------------------------------------------------------------------------


 NSTEP =     1300   TIME(PS) =      22.600  TEMP(K) =   219.40  PRESS =     0.0
 Etot   =   -103393.3089  EKtot   =     13907.6055  EPtot      =   -117300.9144
 BOND   =       197.3714  ANGLE   =       410.4192  DIHED      =      1013.7388
 1-4 NB =       276.2639  1-4 EEL =     -4845.9168  VDWAALS    =     17373.6979
 EELEC  =   -131726.4888  EHBOND  =         0.0000  RESTRAINT  =         0.0000
 ------------------------------------------------------------------------------


 NSTEP =     1350   TIME(PS) =      22.700  TEMP(K) =   219.02  PRESS =     0.0
 Etot   =   -103239.7505  EKtot   =     13883.3555  EPtot      =   -117123.1059
 BOND   =       188.4289  ANGLE   =       392.4185  DIHED      =      1019.3248
 1-4 NB =       279.5500  1-4 EEL =     -4765.5888  VDWAALS    =     17376.2089
 EELEC  =   -131613.4482  EHBOND  =         0.0000  RESTRAINT  =         0.0000
 ------------------------------------------------------------------------------


 NSTEP =     1400   TIME(PS) =      22.800  TEMP(K) =   218.50  PRESS =     0.0
 Etot   =   -103091.4029  EKtot   =     13850.5469  EPtot      =   -116941.9498
 BOND   =       181.2691  ANGLE   =       410.2182  DIHED      =      1024.8088
 1-4 NB =       280.7559  1-4 EEL =     -4796.9048  VDWAALS    =     17307.4418
 EELEC  =   -131349.5387  EHBOND  =         0.0000  RESTRAINT  =         0.0000
 ------------------------------------------------------------------------------


 NSTEP =     1450   TIME(PS) =      22.900  TEMP(K) =   221.05  PRESS =     0.0
 Etot   =   -102943.0332  EKtot   =     14012.1279  EPtot      =   -116955.1611
 BOND   =       199.8476  ANGLE   =       413.6242  DIHED      =      1022.1359
 1-4 NB =       277.8423  1-4 EEL =     -4787.8486  VDWAALS    =     17116.0857
 EELEC  =   -131196.8483  EHBOND  =         0.0000  RESTRAINT  =         0.0000
 ------------------------------------------------------------------------------


 NSTEP =     1500   TIME(PS) =      23.000  TEMP(K) =   222.54  PRESS =     0.0
 Etot   =   -102802.4079  EKtot   =     14106.6611  EPtot      =   -116909.0690
 BOND   =       188.8312  ANGLE   =       440.5314  DIHED      =      1022.3229
 1-4 NB =       278.3823  1-4 EEL =     -4838.0376  VDWAALS    =     17565.9028
 EELEC  =   -131567.0021  EHBOND  =         0.0000  RESTRAINT  =         0.0000
 ------------------------------------------------------------------------------


 NSTEP =     1550   TIME(PS) =      23.100  TEMP(K) =   220.78  PRESS =     0.0
 Etot   =   -102664.1318  EKtot   =     13995.1533  EPtot      =   -116659.2851
 BOND   =       192.3395  ANGLE   =       428.5584  DIHED      =      1014.2692
 1-4 NB =       278.5191  1-4 EEL =     -4821.0213  VDWAALS    =     17196.1732
 EELEC  =   -130948.1233  EHBOND  =         0.0000  RESTRAINT  =         0.0000
 ------------------------------------------------------------------------------


 NSTEP =     1600   TIME(PS) =      23.200  TEMP(K) =   223.61  PRESS =     0.0
 Etot   =   -102528.8916  EKtot   =     14174.3438  EPtot      =   -116703.2354
 BOND   =       184.4826  ANGLE   =       409.4555  DIHED      =      1012.6615
 1-4 NB =       277.5615  1-4 EEL =     -4789.1899  VDWAALS    =     17106.8208
 EELEC  =   -130905.0274  EHBOND  =         0.0000  RESTRAINT  =         0.0000
 ------------------------------------------------------------------------------


 NSTEP =     1650   TIME(PS) =      23.300  TEMP(K) =   222.79  PRESS =     0.0
 Etot   =   -102394.6408  EKtot   =     14122.4385  EPtot      =   -116517.0793
 BOND   =       198.8729  ANGLE   =       423.8955  DIHED      =      1012.9956
 1-4 NB =       286.2998  1-4 EEL =     -4815.3018  VDWAALS    =     17258.2714
 EELEC  =   -130882.1125  EHBOND  =         0.0000  RESTRAINT  =         0.0000
 ------------------------------------------------------------------------------


 NSTEP =     1700   TIME(PS) =      23.400  TEMP(K) =   224.83  PRESS =     0.0
 Etot   =   -102272.8735  EKtot   =     14252.0996  EPtot      =   -116524.9731
 BOND   =       191.8145  ANGLE   =       437.8196  DIHED      =      1015.9929
 1-4 NB =       280.4252  1-4 EEL =     -4812.5581  VDWAALS    =     17011.2126
 EELEC  =   -130649.6798  EHBOND  =         0.0000  RESTRAINT  =         0.0000
 ------------------------------------------------------------------------------


 NSTEP =     1750   TIME(PS) =      23.500  TEMP(K) =   225.87  PRESS =     0.0
 Etot   =   -102142.8293  EKtot   =     14318.0176  EPtot      =   -116460.8469
 BOND   =       178.5405  ANGLE   =       417.9777  DIHED      =      1010.6001
 1-4 NB =       283.1532  1-4 EEL =     -4793.7861  VDWAALS    =     17160.9172
 EELEC  =   -130718.2496  EHBOND  =         0.0000  RESTRAINT  =         0.0000
 ------------------------------------------------------------------------------


 NSTEP =     1800   TIME(PS) =      23.600  TEMP(K) =   225.03  PRESS =     0.0
 Etot   =   -102017.3050  EKtot   =     14264.6650  EPtot      =   -116281.9700
 BOND   =       197.3444  ANGLE   =       435.2152  DIHED      =      1008.7021
 1-4 NB =       271.8255  1-4 EEL =     -4784.3216  VDWAALS    =     17104.2488
 EELEC  =   -130514.9844  EHBOND  =         0.0000  RESTRAINT  =         0.0000
 ------------------------------------------------------------------------------


 NSTEP =     1850   TIME(PS) =      23.700  TEMP(K) =   226.49  PRESS =     0.0
 Etot   =   -101892.3659  EKtot   =     14357.0312  EPtot      =   -116249.3972
 BOND   =       201.8271  ANGLE   =       437.8933  DIHED      =      1016.3145
 1-4 NB =       277.0871  1-4 EEL =     -4825.5308  VDWAALS    =     17164.2053
 EELEC  =   -130521.1938  EHBOND  =         0.0000  RESTRAINT  =         0.0000
 ------------------------------------------------------------------------------


 NSTEP =     1900   TIME(PS) =      23.800  TEMP(K) =   227.14  PRESS =     0.0
 Etot   =   -101776.6248  EKtot   =     14398.4873  EPtot      =   -116175.1121
 BOND   =       188.0388  ANGLE   =       445.1793  DIHED      =      1024.8554
 1-4 NB =       274.7636  1-4 EEL =     -4820.6319  VDWAALS    =     17196.3109
 EELEC  =   -130483.6281  EHBOND  =         0.0000  RESTRAINT  =         0.0000
 ------------------------------------------------------------------------------


 NSTEP =     1950   TIME(PS) =      23.900  TEMP(K) =   227.51  PRESS =     0.0
 Etot   =   -101660.0767  EKtot   =     14421.9795  EPtot      =   -116082.0562
 BOND   =       201.8193  ANGLE   =       425.7289  DIHED      =      1006.3187
 1-4 NB =       282.1986  1-4 EEL =     -4796.4196  VDWAALS    =     16964.7340
 EELEC  =   -130166.4362  EHBOND  =         0.0000  RESTRAINT  =         0.0000
 ------------------------------------------------------------------------------

check COM velocity, temp:        0.000011     0.00(Removed)

 NSTEP =     2000   TIME(PS) =      24.000  TEMP(K) =   226.74  PRESS =     0.0
 Etot   =   -101541.7066  EKtot   =     14372.9521  EPtot      =   -115914.6588
 BOND   =       206.3645  ANGLE   =       460.4168  DIHED      =      1007.2884
 1-4 NB =       283.9204  1-4 EEL =     -4814.4643  VDWAALS    =     17018.0317
 EELEC  =   -130076.2163  EHBOND  =         0.0000  RESTRAINT  =         0.0000
 ------------------------------------------------------------------------------


 NSTEP =     2050   TIME(PS) =      24.100  TEMP(K) =   228.42  PRESS =     0.0
 Etot   =   -101428.6628  EKtot   =     14479.6865  EPtot      =   -115908.3494
 BOND   =       204.7219  ANGLE   =       450.9369  DIHED      =      1008.6086
 1-4 NB =       280.4171  1-4 EEL =     -4812.2721  VDWAALS    =     16783.4649
 EELEC  =   -129824.2266  EHBOND  =         0.0000  RESTRAINT  =         0.0000
 ------------------------------------------------------------------------------


 NSTEP =     2100   TIME(PS) =      24.200  TEMP(K) =   229.75  PRESS =     0.0
 Etot   =   -101320.7730  EKtot   =     14563.4551  EPtot      =   -115884.2281
 BOND   =       199.0110  ANGLE   =       454.1026  DIHED      =      1007.8596
 1-4 NB =       284.5990  1-4 EEL =     -4803.7192  VDWAALS    =     17094.9736
 EELEC  =   -130121.0548  EHBOND  =         0.0000  RESTRAINT  =         0.0000
 ------------------------------------------------------------------------------


 NSTEP =     2150   TIME(PS) =      24.300  TEMP(K) =   231.48  PRESS =     0.0
 Etot   =   -101214.4223  EKtot   =     14673.5615  EPtot      =   -115887.9838
 BOND   =       201.0180  ANGLE   =       417.5011  DIHED      =      1014.3381
 1-4 NB =       278.1484  1-4 EEL =     -4804.5437  VDWAALS    =     16887.1595
 EELEC  =   -129881.6052  EHBOND  =         0.0000  RESTRAINT  =         0.0000
 ------------------------------------------------------------------------------


 NSTEP =     2200   TIME(PS) =      24.400  TEMP(K) =   230.42  PRESS =     0.0
 Etot   =   -101110.1528  EKtot   =     14605.9619  EPtot      =   -115716.1147
 BOND   =       191.1779  ANGLE   =       447.8426  DIHED      =      1011.6843
 1-4 NB =       278.7134  1-4 EEL =     -4794.6433  VDWAALS    =     16707.0865
 EELEC  =   -129557.9762  EHBOND  =         0.0000  RESTRAINT  =         0.0000
 ------------------------------------------------------------------------------


 NSTEP =     2250   TIME(PS) =      24.500  TEMP(K) =   230.10  PRESS =     0.0
 Etot   =   -101006.4606  EKtot   =     14585.8477  EPtot      =   -115592.3082
 BOND   =       235.4632  ANGLE   =       446.0485  DIHED      =      1014.2452
 1-4 NB =       282.8978  1-4 EEL =     -4839.5757  VDWAALS    =     16869.9745
 EELEC  =   -129601.3617  EHBOND  =         0.0000  RESTRAINT  =         0.0000
 ------------------------------------------------------------------------------


 NSTEP =     2300   TIME(PS) =      24.600  TEMP(K) =   230.32  PRESS =     0.0
 Etot   =   -100902.8334  EKtot   =     14599.6816  EPtot      =   -115502.5151
 BOND   =       199.4087  ANGLE   =       451.0420  DIHED      =      1014.4909
 1-4 NB =       273.8487  1-4 EEL =     -4818.0943  VDWAALS    =     16977.5508
 EELEC  =   -129600.7619  EHBOND  =         0.0000  RESTRAINT  =         0.0000
 ------------------------------------------------------------------------------


 NSTEP =     2350   TIME(PS) =      24.700  TEMP(K) =   231.16  PRESS =     0.0
 Etot   =   -100801.0941  EKtot   =     14653.3809  EPtot      =   -115454.4750
 BOND   =       202.3572  ANGLE   =       462.8076  DIHED      =      1008.4754
 1-4 NB =       277.1126  1-4 EEL =     -4798.8333  VDWAALS    =     16777.7337
 EELEC  =   -129384.1281  EHBOND  =         0.0000  RESTRAINT  =         0.0000
 ------------------------------------------------------------------------------


 NSTEP =     2400   TIME(PS) =      24.800  TEMP(K) =   231.06  PRESS =     0.0
 Etot   =   -100699.8167  EKtot   =     14646.9873  EPtot      =   -115346.8040
 BOND   =       199.3395  ANGLE   =       449.3931  DIHED      =      1010.0164
 1-4 NB =       279.1898  1-4 EEL =     -4789.0482  VDWAALS    =     16795.6759
 EELEC  =   -129291.3706  EHBOND  =         0.0000  RESTRAINT  =         0.0000
 ------------------------------------------------------------------------------


 NSTEP =     2450   TIME(PS) =      24.900  TEMP(K) =   231.66  PRESS =     0.0
 Etot   =   -100605.5672  EKtot   =     14684.5918  EPtot      =   -115290.1590
 BOND   =       205.4409  ANGLE   =       451.3067  DIHED      =      1023.2449
 1-4 NB =       284.1000  1-4 EEL =     -4760.3121  VDWAALS    =     16689.9725
 EELEC  =   -129183.9118  EHBOND  =         0.0000  RESTRAINT  =         0.0000
 ------------------------------------------------------------------------------


 NSTEP =     2500   TIME(PS) =      25.000  TEMP(K) =   232.96  PRESS =     0.0
 Etot   =   -100511.0370  EKtot   =     14767.2871  EPtot      =   -115278.3241
 BOND   =       220.5134  ANGLE   =       460.9750  DIHED      =      1028.0363
 1-4 NB =       277.3014  1-4 EEL =     -4804.5436  VDWAALS    =     16581.2349
 EELEC  =   -129041.8417  EHBOND  =         0.0000  RESTRAINT  =         0.0000
 ------------------------------------------------------------------------------


 NSTEP =     2550   TIME(PS) =      25.100  TEMP(K) =   233.57  PRESS =     0.0
 Etot   =   -100418.6369  EKtot   =     14805.8301  EPtot      =   -115224.4669
 BOND   =       204.2358  ANGLE   =       471.1957  DIHED      =      1019.1516
 1-4 NB =       283.6880  1-4 EEL =     -4818.5177  VDWAALS    =     16604.3272
 EELEC  =   -128988.5475  EHBOND  =         0.0000  RESTRAINT  =         0.0000
 ------------------------------------------------------------------------------


 NSTEP =     2600   TIME(PS) =      25.200  TEMP(K) =   234.26  PRESS =     0.0
 Etot   =   -100325.3456  EKtot   =     14849.3320  EPtot      =   -115174.6777
 BOND   =       204.6681  ANGLE   =       464.2326  DIHED      =      1013.8959
 1-4 NB =       273.0007  1-4 EEL =     -4809.0209  VDWAALS    =     16604.6969
 EELEC  =   -128926.1510  EHBOND  =         0.0000  RESTRAINT  =         0.0000
 ------------------------------------------------------------------------------


 NSTEP =     2650   TIME(PS) =      25.300  TEMP(K) =   233.48  PRESS =     0.0
 Etot   =   -100236.7892  EKtot   =     14800.1553  EPtot      =   -115036.9445
 BOND   =       209.9491  ANGLE   =       452.8890  DIHED      =      1000.8072
 1-4 NB =       280.0495  1-4 EEL =     -4812.0703  VDWAALS    =     16648.8589
 EELEC  =   -128817.4280  EHBOND  =         0.0000  RESTRAINT  =         0.0000
 ------------------------------------------------------------------------------


 NSTEP =     2700   TIME(PS) =      25.400  TEMP(K) =   233.33  PRESS =     0.0
 Etot   =   -100148.7935  EKtot   =     14790.5967  EPtot      =   -114939.3902
 BOND   =       212.2808  ANGLE   =       450.4904  DIHED      =      1026.9081
 1-4 NB =       274.7767  1-4 EEL =     -4816.1585  VDWAALS    =     16686.2563
 EELEC  =   -128773.9439  EHBOND  =         0.0000  RESTRAINT  =         0.0000
 ------------------------------------------------------------------------------


 NSTEP =     2750   TIME(PS) =      25.500  TEMP(K) =   234.25  PRESS =     0.0
 Etot   =   -100064.3100  EKtot   =     14848.7100  EPtot      =   -114913.0200
 BOND   =       216.2491  ANGLE   =       459.9137  DIHED      =      1016.3504
 1-4 NB =       276.9338  1-4 EEL =     -4800.2125  VDWAALS    =     16551.3363
 EELEC  =   -128633.5907  EHBOND  =         0.0000  RESTRAINT  =         0.0000
 ------------------------------------------------------------------------------


 NSTEP =     2800   TIME(PS) =      25.600  TEMP(K) =   234.93  PRESS =     0.0
 Etot   =    -99979.6289  EKtot   =     14891.8105  EPtot      =   -114871.4395
 BOND   =       209.2433  ANGLE   =       448.1090  DIHED      =      1025.9058
 1-4 NB =       281.0124  1-4 EEL =     -4788.8532  VDWAALS    =     16520.7385
 EELEC  =   -128567.5953  EHBOND  =         0.0000  RESTRAINT  =         0.0000
 ------------------------------------------------------------------------------


 NSTEP =     2850   TIME(PS) =      25.700  TEMP(K) =   235.00  PRESS =     0.0
 Etot   =    -99898.4542  EKtot   =     14896.5322  EPtot      =   -114794.9864
 BOND   =       206.0137  ANGLE   =       485.5565  DIHED      =      1014.5107
 1-4 NB =       282.2729  1-4 EEL =     -4799.2882  VDWAALS    =     16526.6599
 EELEC  =   -128510.7119  EHBOND  =         0.0000  RESTRAINT  =         0.0000
 ------------------------------------------------------------------------------


 NSTEP =     2900   TIME(PS) =      25.800  TEMP(K) =   235.64  PRESS =     0.0
 Etot   =    -99816.6662  EKtot   =     14937.3750  EPtot      =   -114754.0412
 BOND   =       214.8895  ANGLE   =       445.7033  DIHED      =      1000.1983
 1-4 NB =       283.3258  1-4 EEL =     -4787.3383  VDWAALS    =     16065.9913
 EELEC  =   -127976.8111  EHBOND  =         0.0000  RESTRAINT  =         0.0000
 ------------------------------------------------------------------------------


 NSTEP =     2950   TIME(PS) =      25.900  TEMP(K) =   237.06  PRESS =     0.0
 Etot   =    -99737.2141  EKtot   =     15026.8486  EPtot      =   -114764.0627
 BOND   =       209.8728  ANGLE   =       462.9562  DIHED      =      1023.6300
 1-4 NB =       272.3551  1-4 EEL =     -4795.7134  VDWAALS    =     16446.1837
 EELEC  =   -128383.3471  EHBOND  =         0.0000  RESTRAINT  =         0.0000
 ------------------------------------------------------------------------------

check COM velocity, temp:        0.000007     0.00(Removed)

 NSTEP =     3000   TIME(PS) =      26.000  TEMP(K) =   236.99  PRESS =     0.0
 Etot   =    -99658.0627  EKtot   =     15022.5293  EPtot      =   -114680.5920
 BOND   =       219.6437  ANGLE   =       446.2329  DIHED      =      1008.8231
 1-4 NB =       286.4784  1-4 EEL =     -4803.0943  VDWAALS    =     16521.6575
 EELEC  =   -128360.3333  EHBOND  =         0.0000  RESTRAINT  =         0.0000
 ------------------------------------------------------------------------------


 NSTEP =     3050   TIME(PS) =      26.100  TEMP(K) =   235.72  PRESS =     0.0
 Etot   =    -99577.7111  EKtot   =     14942.3926  EPtot      =   -114520.1037
 BOND   =       237.2265  ANGLE   =       469.6225  DIHED      =      1018.4302
 1-4 NB =       277.9969  1-4 EEL =     -4832.1250  VDWAALS    =     16450.6915
 EELEC  =   -128141.9463  EHBOND  =         0.0000  RESTRAINT  =         0.0000
 ------------------------------------------------------------------------------


 NSTEP =     3100   TIME(PS) =      26.200  TEMP(K) =   237.87  PRESS =     0.0
 Etot   =    -99504.8083  EKtot   =     15078.1543  EPtot      =   -114582.9626
 BOND   =       211.4299  ANGLE   =       483.2661  DIHED      =      1007.3894
 1-4 NB =       280.0719  1-4 EEL =     -4820.0846  VDWAALS    =     16426.9809
 EELEC  =   -128172.0162  EHBOND  =         0.0000  RESTRAINT  =         0.0000
 ------------------------------------------------------------------------------


 NSTEP =     3150   TIME(PS) =      26.300  TEMP(K) =   237.52  PRESS =     0.0
 Etot   =    -99429.1590  EKtot   =     15056.3701  EPtot      =   -114485.5291
 BOND   =       202.3492  ANGLE   =       464.7921  DIHED      =      1013.8009
 1-4 NB =       282.0225  1-4 EEL =     -4822.8969  VDWAALS    =     16296.6210
 EELEC  =   -127922.2178  EHBOND  =         0.0000  RESTRAINT  =         0.0000
 ------------------------------------------------------------------------------


 NSTEP =     3200   TIME(PS) =      26.400  TEMP(K) =   238.62  PRESS =     0.0
 Etot   =    -99356.1514  EKtot   =     15125.7324  EPtot      =   -114481.8839
 BOND   =       223.9093  ANGLE   =       448.7595  DIHED      =      1009.1286
 1-4 NB =       284.5915  1-4 EEL =     -4797.0289  VDWAALS    =     16317.6553
 EELEC  =   -127968.8992  EHBOND  =         0.0000  RESTRAINT  =         0.0000
 ------------------------------------------------------------------------------


 NSTEP =     3250   TIME(PS) =      26.500  TEMP(K) =   236.98  PRESS =     0.0
 Etot   =    -99280.9175  EKtot   =     15022.2500  EPtot      =   -114303.1675
 BOND   =       221.6105  ANGLE   =       478.4908  DIHED      =      1015.6283
 1-4 NB =       283.6414  1-4 EEL =     -4819.1294  VDWAALS    =     16340.9186
 EELEC  =   -127824.3278  EHBOND  =         0.0000  RESTRAINT  =         0.0000
 ------------------------------------------------------------------------------


 NSTEP =     3300   TIME(PS) =      26.600  TEMP(K) =   238.31  PRESS =     0.0
 Etot   =    -99214.1603  EKtot   =     15106.5889  EPtot      =   -114320.7492
 BOND   =       198.1179  ANGLE   =       479.1859  DIHED      =      1011.0409
 1-4 NB =       290.8434  1-4 EEL =     -4790.8392  VDWAALS    =     16314.2679
 EELEC  =   -127823.3659  EHBOND  =         0.0000  RESTRAINT  =         0.0000
 ------------------------------------------------------------------------------


 NSTEP =     3350   TIME(PS) =      26.700  TEMP(K) =   238.71  PRESS =     0.0
 Etot   =    -99143.1690  EKtot   =     15131.4531  EPtot      =   -114274.6222
 BOND   =       232.9992  ANGLE   =       460.2865  DIHED      =      1009.0210
 1-4 NB =       275.0206  1-4 EEL =     -4804.0803  VDWAALS    =     16384.2964
 EELEC  =   -127832.1654  EHBOND  =         0.0000  RESTRAINT  =         0.0000
 ------------------------------------------------------------------------------


 NSTEP =     3400   TIME(PS) =      26.800  TEMP(K) =   239.74  PRESS =     0.0
 Etot   =    -99078.3003  EKtot   =     15196.9668  EPtot      =   -114275.2671
 BOND   =       221.5762  ANGLE   =       451.8175  DIHED      =      1002.2635
 1-4 NB =       281.0686  1-4 EEL =     -4791.5688  VDWAALS    =     16121.4298
 EELEC  =   -127561.8539  EHBOND  =         0.0000  RESTRAINT  =         0.0000
 ------------------------------------------------------------------------------


 NSTEP =     3450   TIME(PS) =      26.900  TEMP(K) =   240.68  PRESS =     0.0
 Etot   =    -99014.3454  EKtot   =     15256.5244  EPtot      =   -114270.8698
 BOND   =       214.5672  ANGLE   =       475.5168  DIHED      =      1017.1236
 1-4 NB =       275.4529  1-4 EEL =     -4801.6331  VDWAALS    =     16269.2071
 EELEC  =   -127721.1043  EHBOND  =         0.0000  RESTRAINT  =         0.0000
 ------------------------------------------------------------------------------


 NSTEP =     3500   TIME(PS) =      27.000  TEMP(K) =   239.51  PRESS =     0.0
 Etot   =    -98948.7082  EKtot   =     15182.4092  EPtot      =   -114131.1174
 BOND   =       221.9802  ANGLE   =       485.5722  DIHED      =      1014.5257
 1-4 NB =       283.5357  1-4 EEL =     -4831.8029  VDWAALS    =     16207.6285
 EELEC  =   -127512.5568  EHBOND  =         0.0000  RESTRAINT  =         0.0000
 ------------------------------------------------------------------------------


 NSTEP =     3550   TIME(PS) =      27.100  TEMP(K) =   239.95  PRESS =     0.0
 Etot   =    -98878.8777  EKtot   =     15210.0625  EPtot      =   -114088.9402
 BOND   =       219.3036  ANGLE   =       470.2225  DIHED      =      1013.5322
 1-4 NB =       279.8895  1-4 EEL =     -4807.8588  VDWAALS    =     16104.3725
 EELEC  =   -127368.4019  EHBOND  =         0.0000  RESTRAINT  =         0.0000
 ------------------------------------------------------------------------------


 NSTEP =     3600   TIME(PS) =      27.200  TEMP(K) =   239.13  PRESS =     0.0
 Etot   =    -98817.2258  EKtot   =     15158.1895  EPtot      =   -113975.4153
 BOND   =       223.4967  ANGLE   =       473.7929  DIHED      =      1012.0042
 1-4 NB =       280.0273  1-4 EEL =     -4807.8530  VDWAALS    =     16233.0232
 EELEC  =   -127389.9067  EHBOND  =         0.0000  RESTRAINT  =         0.0000
 ------------------------------------------------------------------------------


 NSTEP =     3650   TIME(PS) =      27.300  TEMP(K) =   241.12  PRESS =     0.0
 Etot   =    -98755.3918  EKtot   =     15284.4648  EPtot      =   -114039.8567
 BOND   =       229.1541  ANGLE   =       466.2584  DIHED      =      1017.4282
 1-4 NB =       282.8260  1-4 EEL =     -4818.3891  VDWAALS    =     15981.1267
 EELEC  =   -127198.2610  EHBOND  =         0.0000  RESTRAINT  =         0.0000
 ------------------------------------------------------------------------------


 NSTEP =     3700   TIME(PS) =      27.400  TEMP(K) =   239.56  PRESS =     0.0
 Etot   =    -98689.3739  EKtot   =     15185.6758  EPtot      =   -113875.0497
 BOND   =       216.6665  ANGLE   =       465.0352  DIHED      =      1012.8798
 1-4 NB =       283.0703  1-4 EEL =     -4793.4063  VDWAALS    =     15859.0225
 EELEC  =   -126918.3178  EHBOND  =         0.0000  RESTRAINT  =         0.0000
 ------------------------------------------------------------------------------


 NSTEP =     3750   TIME(PS) =      27.500  TEMP(K) =   239.93  PRESS =     0.0
 Etot   =    -98627.8260  EKtot   =     15209.1152  EPtot      =   -113836.9412
 BOND   =       234.0166  ANGLE   =       475.6567  DIHED      =      1013.9529
 1-4 NB =       280.5956  1-4 EEL =     -4823.6591  VDWAALS    =     16087.2819
 EELEC  =   -127104.7858  EHBOND  =         0.0000  RESTRAINT  =         0.0000
 ------------------------------------------------------------------------------


 NSTEP =     3800   TIME(PS) =      27.600  TEMP(K) =   241.95  PRESS =     0.0
 Etot   =    -98571.6370  EKtot   =     15336.7568  EPtot      =   -113908.3938
 BOND   =       229.5013  ANGLE   =       487.0900  DIHED      =      1011.6420
 1-4 NB =       281.2183  1-4 EEL =     -4822.6484  VDWAALS    =     16204.7344
 EELEC  =   -127299.9312  EHBOND  =         0.0000  RESTRAINT  =         0.0000
 ------------------------------------------------------------------------------


 NSTEP =     3850   TIME(PS) =      27.700  TEMP(K) =   240.07  PRESS =     0.0
 Etot   =    -98513.7623  EKtot   =     15217.8291  EPtot      =   -113731.5914
 BOND   =       215.1226  ANGLE   =       480.4236  DIHED      =      1010.1676
 1-4 NB =       285.0003  1-4 EEL =     -4805.1840  VDWAALS    =     16021.2232
 EELEC  =   -126938.3448  EHBOND  =         0.0000  RESTRAINT  =         0.0000
 ------------------------------------------------------------------------------


 NSTEP =     3900   TIME(PS) =      27.800  TEMP(K) =   242.88  PRESS =     0.0
 Etot   =    -98460.3877  EKtot   =     15396.3193  EPtot      =   -113856.7070
 BOND   =       226.8508  ANGLE   =       460.3708  DIHED      =      1000.1441
 1-4 NB =       283.5676  1-4 EEL =     -4791.9446  VDWAALS    =     16140.6134
 EELEC  =   -127176.3090  EHBOND  =         0.0000  RESTRAINT  =         0.0000
 ------------------------------------------------------------------------------


 NSTEP =     3950   TIME(PS) =      27.900  TEMP(K) =   241.79  PRESS =     0.0
 Etot   =    -98406.0482  EKtot   =     15327.1611  EPtot      =   -113733.2094
 BOND   =       224.1422  ANGLE   =       490.5901  DIHED      =      1012.3353
 1-4 NB =       276.1092  1-4 EEL =     -4839.4988  VDWAALS    =     16136.1684
 EELEC  =   -127033.0557  EHBOND  =         0.0000  RESTRAINT  =         0.0000
 ------------------------------------------------------------------------------

check COM velocity, temp:        0.000004     0.00(Removed)

 NSTEP =     4000   TIME(PS) =      28.000  TEMP(K) =   244.01  PRESS =     0.0
 Etot   =    -98354.5899  EKtot   =     15467.3984  EPtot      =   -113821.9883
 BOND   =       223.6680  ANGLE   =       489.2924  DIHED      =      1008.0839
 1-4 NB =       285.1658  1-4 EEL =     -4802.7037  VDWAALS    =     15929.6348
 EELEC  =   -126955.1296  EHBOND  =         0.0000  RESTRAINT  =         0.0000
 ------------------------------------------------------------------------------


      A V E R A G E S   O V E R      80 S T E P S


 NSTEP =     4000   TIME(PS) =      28.000  TEMP(K) =   223.99  PRESS =     0.0
 Etot   =   -102135.9446  EKtot   =     14198.4804  EPtot      =   -116334.4250
 BOND   =       198.3368  ANGLE   =       433.0067  DIHED      =      1011.7924
 1-4 NB =       278.9329  1-4 EEL =     -4808.0668  VDWAALS    =     17091.6264
 EELEC  =   -130540.0534  EHBOND  =         0.0000  RESTRAINT  =         0.0000
 ------------------------------------------------------------------------------


      R M S  F L U C T U A T I O N S


 NSTEP =     4000   TIME(PS) =      28.000  TEMP(K) =    15.06  PRESS =     0.0
 Etot   =      2903.5622  EKtot   =       954.6230  EPtot      =      1953.9752
 BOND   =        21.6976  ANGLE   =        36.2978  DIHED      =         7.6513
 1-4 NB =         4.6881  1-4 EEL =        15.9662  VDWAALS    =       797.0438
 EELEC  =      2684.3278  EHBOND  =         0.0000  RESTRAINT  =         0.0000
 ------------------------------------------------------------------------------

--------------------------------------------------------------------------------
   5.  TIMINGS
--------------------------------------------------------------------------------

|  NonSetup CPU Time in Major Routines:
|
|     Routine           Sec        %
|     ------------------------------
|     Nonbond           4.06   17.21
|     Bond              0.00    0.00
|     Angle             0.00    0.00
|     Dihedral          0.00    0.00
|     Shake             0.03    0.13
|     RunMD            19.47   82.62
|     Other             0.01    0.04
|     ------------------------------
|     Total            23.57

|  PME Nonbond Pairlist CPU Time:
|
|     Routine              Sec        %
|     ---------------------------------
|     Set Up Cit           0.00    0.00
|     Build List           0.00    0.00
|     ---------------------------------
|     Total                0.00    0.00

|  PME Direct Force CPU Time:
|
|     Routine              Sec        %
|     ---------------------------------
|     NonBonded Calc       0.00    0.00
|     Exclude Masked       0.00    0.00
|     Other                0.01    0.03
|     ---------------------------------
|     Total                0.01    0.03

|  PME Reciprocal Force CPU Time:
|
|     Routine              Sec        %
|     ---------------------------------
|     1D bspline           0.00    0.00
|     Grid Charges         0.00    0.00
|     Scalar Sum           0.00    0.00
|     Gradient Sum         0.00    0.00
|     FFT                  0.00    0.00
|     ---------------------------------
|     Total                0.00    0.00

|  Final Performance Info:
|     -----------------------------------------------------
|     Average timings for last    3950 steps:
|     Elapsed(s) =      23.80 Per Step(ms) =       6.03
|         ns/day =      28.68   seconds/ns =    3012.83
|
|     Average timings for all steps:
|     Elapsed(s) =      24.21 Per Step(ms) =       6.05
|         ns/day =      28.55   seconds/ns =    3025.88
|     -----------------------------------------------------

|  Setup CPU time:            1.38 seconds
|  NonSetup CPU time:        23.57 seconds
|  Total CPU time:           24.95 seconds     0.01 hours

|  Setup wall time:           1    seconds
|  NonSetup wall time:       24    seconds
|  Total wall time:          25    seconds     0.01 hours
