
          -------------------------------------------------------
          Amber 16 PMEMD                              2016
          -------------------------------------------------------

| PMEMD implementation of SANDER, Release 16

| Run on 06/04/2024 at 22:36:08

|   Executable path: pmemd.cuda
| Working directory: /home/students/keyq/fuben4/4/4LC
|          Hostname: master

  [-O]verwriting output

File Assignments:
|   MDIN: heat2.in                                                              
|  MDOUT: cmp_heat2.out                                                         
| INPCRD: cmp_heat1.rst                                                         
|   PARM: cmp.prmtop                                                            
| RESTRT: cmp_heat2.rst                                                         
|   REFC: cmp.inpcrd                                                            
|  MDVEL: mdvel                                                                 
|   MDEN: mden                                                                  
|  MDCRD: cmp_heat2.mdcrd                                                       
| MDINFO: mdinfo                                                                
|  MDFRC: mdfrc                                                                 


 Here is the input file:

Stage 1 heating 1 5ps 0-100K                                                   
 &cntrl                                                                        
  imin=0, irest=1,ntx=5,                                                       
  nstlim=2500, dt=0.002,                                                       
  ntc=2, ntf=2,                                                                
  ntt=1, tautp=1.5,                                                            
  tempi=50.0, temp0=100.0,                                                     
  ntpr=50, ntwx=50,                                                            
  ntb=1,                                                                       
  cut=10,                                                                      
  /                                                                            


Note: ig = -1. Setting random seed to   971933 based on wallclock time in 
      microseconds.
 
|--------------------- INFORMATION ----------------------
| GPU (CUDA) Version of PMEMD in use: NVIDIA GPU IN USE.
|                    Version 16.0.0
| 
|                      02/25/2016
| 
| Implementation by:
|                    Ross C. Walker     (SDSC)
|                    Scott Le Grand     (nVIDIA)
| 
| Precision model in use:
|      [SPFP] - Single Precision Forces, 64-bit Fixed Point
|               Accumulation. (Default)
| 
|--------------------------------------------------------
 
|----------------- CITATION INFORMATION -----------------
|
|    When publishing work that utilized the CUDA version
|    of AMBER, please cite the following in addition to
|    the regular AMBER citations:
|
|  - Romelia Salomon-Ferrer; Andreas W. Goetz; Duncan
|    Poole; Scott Le Grand; Ross C. Walker "Routine
|    microsecond molecular dynamics simulations with
|    AMBER - Part II: Particle Mesh Ewald", J. Chem.
|    Theory Comput., 2013, 9 (9), pp3878-3888,
|    DOI: 10.1021/ct400314y.
|
|  - Andreas W. Goetz; Mark J. Williamson; Dong Xu;
|    Duncan Poole; Scott Le Grand; Ross C. Walker
|    "Routine microsecond molecular dynamics simulations
|    with AMBER - Part I: Generalized Born", J. Chem.
|    Theory Comput., 2012, 8 (5), pp1542-1555.
|
|  - Scott Le Grand; Andreas W. Goetz; Ross C. Walker
|    "SPFP: Speed without compromise - a mixed precision
|    model for GPU accelerated molecular dynamics
|    simulations.", Comp. Phys. Comm., 2013, 184
|    pp374-380, DOI: 10.1016/j.cpc.2012.09.022
|
|--------------------------------------------------------
 
|------------------- GPU DEVICE INFO --------------------
|
|            CUDA_VISIBLE_DEVICES: 0
|   CUDA Capable Devices Detected:      1
|           CUDA Device ID in use:      0
|                CUDA Device Name: Tesla V100-PCIE-32GB
|     CUDA Device Global Mem Size:  32510 MB
| CUDA Device Num Multiprocessors:     80
|           CUDA Device Core Freq:   1.38 GHz
|
|--------------------------------------------------------
 
 
| Conditional Compilation Defines Used:
| PUBFFT
| BINTRAJ
| CUDA
| EMIL

| Largest sphere to fit in unit cell has radius =    31.674

| New format PARM file being parsed.
| Version =    1.000 Date = 11/09/20 Time = 17:15:25

| Note: 1-4 EEL scale factors are being read from the topology file.

| Note: 1-4 VDW scale factors are being read from the topology file.
| Duplicated    0 dihedrals

| Duplicated    0 dihedrals

--------------------------------------------------------------------------------
   1.  RESOURCE   USE: 
--------------------------------------------------------------------------------

 getting box info from netcdf restart file
 NATOM  =   31539 NTYPES =      18 NBONH =   30816 MBONA  =     774
 NTHETH =     898 MTHETA =    1191 NPHIH =    1825 MPHIA  =    2463
 NHPARM =       0 NPARM  =       0 NNB   =   46574 NRES   =   10211
 NBONA  =     774 NTHETA =    1191 NPHIA =    2463 NUMBND =      61
 NUMANG =     127 NPTRA  =      75 NATYP =      34 NPHB   =       1
 IFBOX  =       2 NMXRS  =      33 IFCAP =       0 NEXTRA =       0
 NCOPY  =       0

| Coordinate Index Table dimensions:    12   12   12
| Direct force subcell size =     6.4654    6.4654    6.4654

     BOX TYPE: TRUNCATED OCTAHEDRON

--------------------------------------------------------------------------------
   2.  CONTROL  DATA  FOR  THE  RUN
--------------------------------------------------------------------------------

default_name                                                                    

General flags:
     imin    =       0, nmropt  =       0

Nature and format of input:
     ntx     =       5, irest   =       1, ntrx    =       1

Nature and format of output:
     ntxo    =       2, ntpr    =      50, ntrx    =       1, ntwr    =    2500
     iwrap   =       0, ntwx    =      50, ntwv    =       0, ntwe    =       0
     ioutfm  =       1, ntwprt  =       0, idecomp =       0, rbornstat=      0

Potential function:
     ntf     =       2, ntb     =       1, igb     =       0, nsnb    =      25
     ipol    =       0, gbsa    =       0, iesp    =       0
     dielc   =   1.00000, cut     =  10.00000, intdiel =   1.00000

Frozen or restrained atoms:
     ibelly  =       0, ntr     =       0

Molecular dynamics:
     nstlim  =      2500, nscm    =      1000, nrespa  =         1
     t       =   0.00000, dt      =   0.00200, vlimit  =  -1.00000

Berendsen (weak-coupling) temperature regulation:
     temp0   = 100.00000, tempi   =  50.00000, tautp   =   1.50000

SHAKE:
     ntc     =       2, jfastw  =       0
     tol     =   0.00001

| Intermolecular bonds treatment:
|     no_intermolecular_bonds =       1

| Energy averages sample interval:
|     ene_avg_sampling =      50

Ewald parameters:
     verbose =       0, ew_type =       0, nbflag  =       1, use_pme =       1
     vdwmeth =       1, eedmeth =       1, netfrc  =       1
     Box X =   77.585   Box Y =   77.585   Box Z =   77.585
     Alpha =  109.471   Beta  =  109.471   Gamma =  109.471
     NFFT1 =   80       NFFT2 =   80       NFFT3 =   80
     Cutoff=   10.000   Tol   =0.100E-04
     Ewald Coefficient =  0.27511
     Interpolation order =    4

--------------------------------------------------------------------------------
   3.  ATOMIC COORDINATES AND VELOCITIES
--------------------------------------------------------------------------------

default_name                                                                    
 begin time read from input coords =     5.000 ps

 
 Number of triangulated 3-point waters found:    10145

     Sum of charges from parm topology file =   0.00000020
     Forcing neutrality...

| Dynamic Memory, Types Used:
| Reals              933795
| Integers           771240

| Nonbonded Pairs Initial Allocation:     9539759

| GPU memory information (estimate):
| KB of GPU memory in use:    165845
| KB of CPU memory in use:     54713

--------------------------------------------------------------------------------
   4.  RESULTS
--------------------------------------------------------------------------------

 ---------------------------------------------------
 APPROXIMATING switch and d/dx switch using CUBIC SPLINE INTERPOLATION
 using   5000.0 points per unit in tabled values
 TESTING RELATIVE ERROR over r ranging from 0.0 to cutoff
| CHECK switch(x): max rel err =   0.2738E-14   at   2.422500
| CHECK d/dx switch(x): max rel err =   0.8314E-11   at   2.736960
 ---------------------------------------------------
|---------------------------------------------------
| APPROXIMATING direct energy using CUBIC SPLINE INTERPOLATION
|  with   50.0 points per unit in tabled values
| Relative Error Limit not exceeded for r .gt.   2.33
| APPROXIMATING direct force using CUBIC SPLINE INTERPOLATION
|  with   50.0 points per unit in tabled values
| Relative Error Limit not exceeded for r .gt.   2.80
|---------------------------------------------------

 NSTEP =       50   TIME(PS) =       5.100  TEMP(K) =    50.45  PRESS =     0.0
 Etot   =   -126214.1626  EKtot   =      3198.0532  EPtot      =   -129412.2158
 BOND   =        60.0754  ANGLE   =       198.5748  DIHED      =       958.0120
 1-4 NB =       260.7294  1-4 EEL =     -4792.6202  VDWAALS    =     21744.6669
 EELEC  =   -147841.6541  EHBOND  =         0.0000  RESTRAINT  =         0.0000
 ------------------------------------------------------------------------------


 NSTEP =      100   TIME(PS) =       5.200  TEMP(K) =    52.03  PRESS =     0.0
 Etot   =   -126008.1056  EKtot   =      3298.1885  EPtot      =   -129306.2941
 BOND   =        65.9726  ANGLE   =       204.0432  DIHED      =       954.8189
 1-4 NB =       258.2757  1-4 EEL =     -4801.5669  VDWAALS    =     21572.6377
 EELEC  =   -147560.4751  EHBOND  =         0.0000  RESTRAINT  =         0.0000
 ------------------------------------------------------------------------------


 NSTEP =      150   TIME(PS) =       5.300  TEMP(K) =    53.35  PRESS =     0.0
 Etot   =   -125809.8932  EKtot   =      3382.0076  EPtot      =   -129191.9007
 BOND   =        65.2983  ANGLE   =       192.8585  DIHED      =       955.5712
 1-4 NB =       259.8914  1-4 EEL =     -4799.5821  VDWAALS    =     21749.2824
 EELEC  =   -147615.2204  EHBOND  =         0.0000  RESTRAINT  =         0.0000
 ------------------------------------------------------------------------------


 NSTEP =      200   TIME(PS) =       5.400  TEMP(K) =    55.18  PRESS =     0.0
 Etot   =   -125617.7907  EKtot   =      3497.9246  EPtot      =   -129115.7153
 BOND   =        63.3409  ANGLE   =       194.8004  DIHED      =       969.5624
 1-4 NB =       265.5281  1-4 EEL =     -4807.7637  VDWAALS    =     21530.8192
 EELEC  =   -147332.0025  EHBOND  =         0.0000  RESTRAINT  =         0.0000
 ------------------------------------------------------------------------------


 NSTEP =      250   TIME(PS) =       5.500  TEMP(K) =    56.90  PRESS =     0.0
 Etot   =   -125432.1735  EKtot   =      3606.9019  EPtot      =   -129039.0753
 BOND   =        62.8029  ANGLE   =       194.7539  DIHED      =       966.7250
 1-4 NB =       260.3533  1-4 EEL =     -4792.2816  VDWAALS    =     21640.7908
 EELEC  =   -147372.2196  EHBOND  =         0.0000  RESTRAINT  =         0.0000
 ------------------------------------------------------------------------------


 NSTEP =      300   TIME(PS) =       5.600  TEMP(K) =    58.14  PRESS =     0.0
 Etot   =   -125254.4499  EKtot   =      3685.5298  EPtot      =   -128939.9797
 BOND   =        61.2803  ANGLE   =       199.8442  DIHED      =       960.2643
 1-4 NB =       264.4711  1-4 EEL =     -4791.3152  VDWAALS    =     21652.8004
 EELEC  =   -147287.3248  EHBOND  =         0.0000  RESTRAINT  =         0.0000
 ------------------------------------------------------------------------------


 NSTEP =      350   TIME(PS) =       5.700  TEMP(K) =    59.71  PRESS =     0.0
 Etot   =   -125080.5169  EKtot   =      3784.7314  EPtot      =   -128865.2484
 BOND   =        64.5257  ANGLE   =       203.3346  DIHED      =       954.6158
 1-4 NB =       261.7260  1-4 EEL =     -4794.6969  VDWAALS    =     21561.0386
 EELEC  =   -147115.7921  EHBOND  =         0.0000  RESTRAINT  =         0.0000
 ------------------------------------------------------------------------------


 NSTEP =      400   TIME(PS) =       5.800  TEMP(K) =    61.07  PRESS =     0.0
 Etot   =   -124914.3037  EKtot   =      3871.2632  EPtot      =   -128785.5669
 BOND   =        68.1890  ANGLE   =       209.1656  DIHED      =       954.5945
 1-4 NB =       263.2448  1-4 EEL =     -4812.2475  VDWAALS    =     21469.6224
 EELEC  =   -146938.1356  EHBOND  =         0.0000  RESTRAINT  =         0.0000
 ------------------------------------------------------------------------------


 NSTEP =      450   TIME(PS) =       5.900  TEMP(K) =    61.90  PRESS =     0.0
 Etot   =   -124751.5895  EKtot   =      3923.5156  EPtot      =   -128675.1051
 BOND   =        68.5435  ANGLE   =       206.1329  DIHED      =       964.5488
 1-4 NB =       260.2264  1-4 EEL =     -4808.2751  VDWAALS    =     21452.3316
 EELEC  =   -146818.6131  EHBOND  =         0.0000  RESTRAINT  =         0.0000
 ------------------------------------------------------------------------------


 NSTEP =      500   TIME(PS) =       6.000  TEMP(K) =    63.98  PRESS =     0.0
 Etot   =   -124595.1124  EKtot   =      4055.5120  EPtot      =   -128650.6244
 BOND   =        68.2232  ANGLE   =       216.0702  DIHED      =       962.0532
 1-4 NB =       262.6688  1-4 EEL =     -4797.0278  VDWAALS    =     21409.1590
 EELEC  =   -146771.7711  EHBOND  =         0.0000  RESTRAINT  =         0.0000
 ------------------------------------------------------------------------------


 NSTEP =      550   TIME(PS) =       6.100  TEMP(K) =    65.21  PRESS =     0.0
 Etot   =   -124446.0655  EKtot   =      4133.3408  EPtot      =   -128579.4063
 BOND   =        70.4748  ANGLE   =       212.4344  DIHED      =       962.7427
 1-4 NB =       261.5739  1-4 EEL =     -4804.2563  VDWAALS    =     21327.8817
 EELEC  =   -146610.2575  EHBOND  =         0.0000  RESTRAINT  =         0.0000
 ------------------------------------------------------------------------------


 NSTEP =      600   TIME(PS) =       6.200  TEMP(K) =    66.28  PRESS =     0.0
 Etot   =   -124299.4431  EKtot   =      4201.5063  EPtot      =   -128500.9494
 BOND   =        68.2874  ANGLE   =       218.7989  DIHED      =       955.4484
 1-4 NB =       260.3282  1-4 EEL =     -4811.8953  VDWAALS    =     21472.8598
 EELEC  =   -146664.7768  EHBOND  =         0.0000  RESTRAINT  =         0.0000
 ------------------------------------------------------------------------------


 NSTEP =      650   TIME(PS) =       6.300  TEMP(K) =    67.33  PRESS =     0.0
 Etot   =   -124160.1791  EKtot   =      4268.3232  EPtot      =   -128428.5024
 BOND   =        70.6819  ANGLE   =       218.9835  DIHED      =       950.9053
 1-4 NB =       260.9060  1-4 EEL =     -4803.1834  VDWAALS    =     21477.9017
 EELEC  =   -146604.6974  EHBOND  =         0.0000  RESTRAINT  =         0.0000
 ------------------------------------------------------------------------------


 NSTEP =      700   TIME(PS) =       6.400  TEMP(K) =    68.14  PRESS =     0.0
 Etot   =   -124025.0182  EKtot   =      4319.5117  EPtot      =   -128344.5299
 BOND   =        68.9904  ANGLE   =       212.3579  DIHED      =       958.3544
 1-4 NB =       261.0219  1-4 EEL =     -4803.6274  VDWAALS    =     21228.6550
 EELEC  =   -146270.2821  EHBOND  =         0.0000  RESTRAINT  =         0.0000
 ------------------------------------------------------------------------------


 NSTEP =      750   TIME(PS) =       6.500  TEMP(K) =    69.04  PRESS =     0.0
 Etot   =   -123893.6579  EKtot   =      4376.5112  EPtot      =   -128270.1691
 BOND   =        70.3290  ANGLE   =       208.2596  DIHED      =       959.5839
 1-4 NB =       260.3535  1-4 EEL =     -4811.7617  VDWAALS    =     21203.4309
 EELEC  =   -146160.3645  EHBOND  =         0.0000  RESTRAINT  =         0.0000
 ------------------------------------------------------------------------------


 NSTEP =      800   TIME(PS) =       6.600  TEMP(K) =    70.85  PRESS =     0.0
 Etot   =   -123767.8947  EKtot   =      4491.3633  EPtot      =   -128259.2580
 BOND   =        69.3271  ANGLE   =       206.4521  DIHED      =       958.5748
 1-4 NB =       261.1569  1-4 EEL =     -4810.3996  VDWAALS    =     21292.3186
 EELEC  =   -146236.6880  EHBOND  =         0.0000  RESTRAINT  =         0.0000
 ------------------------------------------------------------------------------


 NSTEP =      850   TIME(PS) =       6.700  TEMP(K) =    71.51  PRESS =     0.0
 Etot   =   -123647.3867  EKtot   =      4533.1421  EPtot      =   -128180.5288
 BOND   =        69.2533  ANGLE   =       219.0571  DIHED      =       957.8502
 1-4 NB =       255.9050  1-4 EEL =     -4807.5277  VDWAALS    =     21337.3961
 EELEC  =   -146212.4628  EHBOND  =         0.0000  RESTRAINT  =         0.0000
 ------------------------------------------------------------------------------


 NSTEP =      900   TIME(PS) =       6.800  TEMP(K) =    73.11  PRESS =     0.0
 Etot   =   -123531.1927  EKtot   =      4634.3208  EPtot      =   -128165.5135
 BOND   =        65.7506  ANGLE   =       213.3427  DIHED      =       964.6967
 1-4 NB =       261.7006  1-4 EEL =     -4794.5175  VDWAALS    =     21431.2341
 EELEC  =   -146307.7208  EHBOND  =         0.0000  RESTRAINT  =         0.0000
 ------------------------------------------------------------------------------


 NSTEP =      950   TIME(PS) =       6.900  TEMP(K) =    73.91  PRESS =     0.0
 Etot   =   -123418.7785  EKtot   =      4685.0132  EPtot      =   -128103.7917
 BOND   =        65.5734  ANGLE   =       214.4207  DIHED      =       956.7982
 1-4 NB =       262.2290  1-4 EEL =     -4806.3073  VDWAALS    =     21405.5014
 EELEC  =   -146202.0071  EHBOND  =         0.0000  RESTRAINT  =         0.0000
 ------------------------------------------------------------------------------

check COM velocity, temp:        0.000050     0.00(Removed)

 NSTEP =     1000   TIME(PS) =       7.000  TEMP(K) =    74.18  PRESS =     0.0
 Etot   =   -123309.1715  EKtot   =      4702.4097  EPtot      =   -128011.5812
 BOND   =        76.0994  ANGLE   =       215.4987  DIHED      =       957.7339
 1-4 NB =       258.9141  1-4 EEL =     -4813.6938  VDWAALS    =     21393.5868
 EELEC  =   -146099.7203  EHBOND  =         0.0000  RESTRAINT  =         0.0000
 ------------------------------------------------------------------------------


 NSTEP =     1050   TIME(PS) =       7.100  TEMP(K) =    75.84  PRESS =     0.0
 Etot   =   -123204.1984  EKtot   =      4807.2095  EPtot      =   -128011.4079
 BOND   =        71.5411  ANGLE   =       226.6134  DIHED      =       953.1433
 1-4 NB =       259.6405  1-4 EEL =     -4817.3855  VDWAALS    =     21295.0324
 EELEC  =   -145999.9931  EHBOND  =         0.0000  RESTRAINT  =         0.0000
 ------------------------------------------------------------------------------


 NSTEP =     1100   TIME(PS) =       7.200  TEMP(K) =    76.30  PRESS =     0.0
 Etot   =   -123105.0220  EKtot   =      4836.3506  EPtot      =   -127941.3725
 BOND   =        73.8929  ANGLE   =       214.9751  DIHED      =       960.8117
 1-4 NB =       266.4722  1-4 EEL =     -4799.9302  VDWAALS    =     21261.6883
 EELEC  =   -145919.2824  EHBOND  =         0.0000  RESTRAINT  =         0.0000
 ------------------------------------------------------------------------------


 NSTEP =     1150   TIME(PS) =       7.300  TEMP(K) =    77.52  PRESS =     0.0
 Etot   =   -123008.8870  EKtot   =      4914.0430  EPtot      =   -127922.9299
 BOND   =        69.8195  ANGLE   =       216.3137  DIHED      =       963.0351
 1-4 NB =       257.9916  1-4 EEL =     -4785.1901  VDWAALS    =     21135.7998
 EELEC  =   -145780.6996  EHBOND  =         0.0000  RESTRAINT  =         0.0000
 ------------------------------------------------------------------------------


 NSTEP =     1200   TIME(PS) =       7.400  TEMP(K) =    78.21  PRESS =     0.0
 Etot   =   -122914.9161  EKtot   =      4957.3931  EPtot      =   -127872.3092
 BOND   =        65.1374  ANGLE   =       211.3655  DIHED      =       972.1966
 1-4 NB =       264.8326  1-4 EEL =     -4789.1820  VDWAALS    =     21284.6400
 EELEC  =   -145881.2993  EHBOND  =         0.0000  RESTRAINT  =         0.0000
 ------------------------------------------------------------------------------


 NSTEP =     1250   TIME(PS) =       7.500  TEMP(K) =    78.67  PRESS =     0.0
 Etot   =   -122824.2874  EKtot   =      4986.9409  EPtot      =   -127811.2283
 BOND   =        69.7279  ANGLE   =       224.3953  DIHED      =       963.4223
 1-4 NB =       263.3010  1-4 EEL =     -4788.0424  VDWAALS    =     21216.8814
 EELEC  =   -145760.9138  EHBOND  =         0.0000  RESTRAINT  =         0.0000
 ------------------------------------------------------------------------------


 NSTEP =     1300   TIME(PS) =       7.600  TEMP(K) =    79.79  PRESS =     0.0
 Etot   =   -122734.6341  EKtot   =      5057.8027  EPtot      =   -127792.4369
 BOND   =        73.5920  ANGLE   =       228.2181  DIHED      =       963.6800
 1-4 NB =       264.6625  1-4 EEL =     -4817.6056  VDWAALS    =     21192.2184
 EELEC  =   -145697.2022  EHBOND  =         0.0000  RESTRAINT  =         0.0000
 ------------------------------------------------------------------------------


 NSTEP =     1350   TIME(PS) =       7.700  TEMP(K) =    81.24  PRESS =     0.0
 Etot   =   -122652.4878  EKtot   =      5149.6675  EPtot      =   -127802.1553
 BOND   =        75.5273  ANGLE   =       223.4770  DIHED      =       962.7268
 1-4 NB =       258.8490  1-4 EEL =     -4806.7302  VDWAALS    =     21290.4871
 EELEC  =   -145806.4923  EHBOND  =         0.0000  RESTRAINT  =         0.0000
 ------------------------------------------------------------------------------


 NSTEP =     1400   TIME(PS) =       7.800  TEMP(K) =    81.58  PRESS =     0.0
 Etot   =   -122573.7991  EKtot   =      5171.1733  EPtot      =   -127744.9725
 BOND   =        72.8473  ANGLE   =       226.9657  DIHED      =       958.8825
 1-4 NB =       259.9148  1-4 EEL =     -4803.7336  VDWAALS    =     21219.9457
 EELEC  =   -145679.7947  EHBOND  =         0.0000  RESTRAINT  =         0.0000
 ------------------------------------------------------------------------------


 NSTEP =     1450   TIME(PS) =       7.900  TEMP(K) =    82.59  PRESS =     0.0
 Etot   =   -122497.8467  EKtot   =      5235.2837  EPtot      =   -127733.1304
 BOND   =        74.9878  ANGLE   =       209.8422  DIHED      =       971.8334
 1-4 NB =       265.2854  1-4 EEL =     -4801.1167  VDWAALS    =     21139.8586
 EELEC  =   -145593.8211  EHBOND  =         0.0000  RESTRAINT  =         0.0000
 ------------------------------------------------------------------------------


 NSTEP =     1500   TIME(PS) =       8.000  TEMP(K) =    82.81  PRESS =     0.0
 Etot   =   -122423.6192  EKtot   =      5249.3379  EPtot      =   -127672.9571
 BOND   =        80.0974  ANGLE   =       219.9485  DIHED      =       965.9785
 1-4 NB =       263.5786  1-4 EEL =     -4813.2900  VDWAALS    =     21181.2578
 EELEC  =   -145570.5280  EHBOND  =         0.0000  RESTRAINT  =         0.0000
 ------------------------------------------------------------------------------


 NSTEP =     1550   TIME(PS) =       8.100  TEMP(K) =    84.25  PRESS =     0.0
 Etot   =   -122352.7524  EKtot   =      5340.5244  EPtot      =   -127693.2768
 BOND   =        70.4426  ANGLE   =       213.9294  DIHED      =       970.0581
 1-4 NB =       262.7706  1-4 EEL =     -4783.6720  VDWAALS    =     21173.3415
 EELEC  =   -145600.1470  EHBOND  =         0.0000  RESTRAINT  =         0.0000
 ------------------------------------------------------------------------------


 NSTEP =     1600   TIME(PS) =       8.200  TEMP(K) =    84.40  PRESS =     0.0
 Etot   =   -122286.2410  EKtot   =      5349.8560  EPtot      =   -127636.0969
 BOND   =        77.7318  ANGLE   =       218.4532  DIHED      =       963.8750
 1-4 NB =       262.2370  1-4 EEL =     -4800.7568  VDWAALS    =     21078.5067
 EELEC  =   -145436.1437  EHBOND  =         0.0000  RESTRAINT  =         0.0000
 ------------------------------------------------------------------------------


 NSTEP =     1650   TIME(PS) =       8.300  TEMP(K) =    84.87  PRESS =     0.0
 Etot   =   -122219.8490  EKtot   =      5380.1255  EPtot      =   -127599.9745
 BOND   =        79.6590  ANGLE   =       224.5107  DIHED      =       958.2736
 1-4 NB =       259.6944  1-4 EEL =     -4811.6375  VDWAALS    =     21220.3513
 EELEC  =   -145530.8260  EHBOND  =         0.0000  RESTRAINT  =         0.0000
 ------------------------------------------------------------------------------


 NSTEP =     1700   TIME(PS) =       8.400  TEMP(K) =    84.90  PRESS =     0.0
 Etot   =   -122155.7815  EKtot   =      5381.9790  EPtot      =   -127537.7605
 BOND   =        74.2925  ANGLE   =       221.0770  DIHED      =       966.2001
 1-4 NB =       267.7844  1-4 EEL =     -4800.3604  VDWAALS    =     21111.8067
 EELEC  =   -145378.5608  EHBOND  =         0.0000  RESTRAINT  =         0.0000
 ------------------------------------------------------------------------------


 NSTEP =     1750   TIME(PS) =       8.500  TEMP(K) =    86.05  PRESS =     0.0
 Etot   =   -122095.6063  EKtot   =      5454.8394  EPtot      =   -127550.4456
 BOND   =        76.6225  ANGLE   =       217.1873  DIHED      =       970.7638
 1-4 NB =       267.9628  1-4 EEL =     -4814.6836  VDWAALS    =     21151.3855
 EELEC  =   -145419.6839  EHBOND  =         0.0000  RESTRAINT  =         0.0000
 ------------------------------------------------------------------------------


 NSTEP =     1800   TIME(PS) =       8.600  TEMP(K) =    86.97  PRESS =     0.0
 Etot   =   -122038.9289  EKtot   =      5512.9751  EPtot      =   -127551.9040
 BOND   =        78.7907  ANGLE   =       223.1724  DIHED      =       965.5371
 1-4 NB =       260.1487  1-4 EEL =     -4799.0389  VDWAALS    =     21185.4713
 EELEC  =   -145465.9852  EHBOND  =         0.0000  RESTRAINT  =         0.0000
 ------------------------------------------------------------------------------


 NSTEP =     1850   TIME(PS) =       8.700  TEMP(K) =    87.43  PRESS =     0.0
 Etot   =   -121985.5516  EKtot   =      5542.4307  EPtot      =   -127527.9823
 BOND   =        76.8201  ANGLE   =       224.1761  DIHED      =       971.2282
 1-4 NB =       259.5268  1-4 EEL =     -4806.4646  VDWAALS    =     21139.3943
 EELEC  =   -145392.6632  EHBOND  =         0.0000  RESTRAINT  =         0.0000
 ------------------------------------------------------------------------------


 NSTEP =     1900   TIME(PS) =       8.800  TEMP(K) =    87.51  PRESS =     0.0
 Etot   =   -121930.4413  EKtot   =      5547.0098  EPtot      =   -127477.4510
 BOND   =        74.9374  ANGLE   =       219.3866  DIHED      =       957.4980
 1-4 NB =       269.3424  1-4 EEL =     -4794.3803  VDWAALS    =     21258.0273
 EELEC  =   -145462.2625  EHBOND  =         0.0000  RESTRAINT  =         0.0000
 ------------------------------------------------------------------------------


 NSTEP =     1950   TIME(PS) =       8.900  TEMP(K) =    88.22  PRESS =     0.0
 Etot   =   -121879.1657  EKtot   =      5592.5093  EPtot      =   -127471.6750
 BOND   =        81.5882  ANGLE   =       228.4432  DIHED      =       961.2286
 1-4 NB =       260.6433  1-4 EEL =     -4816.2692  VDWAALS    =     21175.8809
 EELEC  =   -145363.1899  EHBOND  =         0.0000  RESTRAINT  =         0.0000
 ------------------------------------------------------------------------------

check COM velocity, temp:        0.000015     0.00(Removed)

 NSTEP =     2000   TIME(PS) =       9.000  TEMP(K) =    88.45  PRESS =     0.0
 Etot   =   -121830.0258  EKtot   =      5606.8496  EPtot      =   -127436.8754
 BOND   =        82.6427  ANGLE   =       220.9695  DIHED      =       962.8913
 1-4 NB =       267.7767  1-4 EEL =     -4794.0128  VDWAALS    =     21084.4004
 EELEC  =   -145261.5434  EHBOND  =         0.0000  RESTRAINT  =         0.0000
 ------------------------------------------------------------------------------


 NSTEP =     2050   TIME(PS) =       9.100  TEMP(K) =    89.05  PRESS =     0.0
 Etot   =   -121782.2112  EKtot   =      5644.8125  EPtot      =   -127427.0237
 BOND   =        82.2754  ANGLE   =       229.2611  DIHED      =       968.4153
 1-4 NB =       260.3307  1-4 EEL =     -4818.5221  VDWAALS    =     21069.3971
 EELEC  =   -145218.1813  EHBOND  =         0.0000  RESTRAINT  =         0.0000
 ------------------------------------------------------------------------------


 NSTEP =     2100   TIME(PS) =       9.200  TEMP(K) =    88.84  PRESS =     0.0
 Etot   =   -121735.7615  EKtot   =      5631.7061  EPtot      =   -127367.4675
 BOND   =        82.2019  ANGLE   =       226.6217  DIHED      =       961.5694
 1-4 NB =       269.7483  1-4 EEL =     -4809.9685  VDWAALS    =     21001.6539
 EELEC  =   -145099.2942  EHBOND  =         0.0000  RESTRAINT  =         0.0000
 ------------------------------------------------------------------------------


 NSTEP =     2150   TIME(PS) =       9.300  TEMP(K) =    89.56  PRESS =     0.0
 Etot   =   -121693.0629  EKtot   =      5677.0635  EPtot      =   -127370.1264
 BOND   =        72.8724  ANGLE   =       228.6615  DIHED      =       961.0649
 1-4 NB =       266.7981  1-4 EEL =     -4807.0199  VDWAALS    =     21105.1888
 EELEC  =   -145197.6922  EHBOND  =         0.0000  RESTRAINT  =         0.0000
 ------------------------------------------------------------------------------


 NSTEP =     2200   TIME(PS) =       9.400  TEMP(K) =    90.00  PRESS =     0.0
 Etot   =   -121650.6834  EKtot   =      5705.1587  EPtot      =   -127355.8421
 BOND   =        76.9881  ANGLE   =       224.0340  DIHED      =       962.4314
 1-4 NB =       260.4563  1-4 EEL =     -4799.2178  VDWAALS    =     21223.7058
 EELEC  =   -145304.2399  EHBOND  =         0.0000  RESTRAINT  =         0.0000
 ------------------------------------------------------------------------------


 NSTEP =     2250   TIME(PS) =       9.500  TEMP(K) =    91.14  PRESS =     0.0
 Etot   =   -121610.2558  EKtot   =      5777.1006  EPtot      =   -127387.3564
 BOND   =        75.6410  ANGLE   =       230.3227  DIHED      =       959.4993
 1-4 NB =       261.5920  1-4 EEL =     -4805.4247  VDWAALS    =     21032.4231
 EELEC  =   -145141.4097  EHBOND  =         0.0000  RESTRAINT  =         0.0000
 ------------------------------------------------------------------------------


 NSTEP =     2300   TIME(PS) =       9.600  TEMP(K) =    90.54  PRESS =     0.0
 Etot   =   -121572.5328  EKtot   =      5739.5044  EPtot      =   -127312.0372
 BOND   =        77.7491  ANGLE   =       225.6807  DIHED      =       971.2469
 1-4 NB =       265.9115  1-4 EEL =     -4805.4096  VDWAALS    =     21089.8901
 EELEC  =   -145137.1058  EHBOND  =         0.0000  RESTRAINT  =         0.0000
 ------------------------------------------------------------------------------


 NSTEP =     2350   TIME(PS) =       9.700  TEMP(K) =    91.29  PRESS =     0.0
 Etot   =   -121536.2814  EKtot   =      5786.5166  EPtot      =   -127322.7980
 BOND   =        76.7933  ANGLE   =       227.7610  DIHED      =       965.0774
 1-4 NB =       261.7477  1-4 EEL =     -4794.0284  VDWAALS    =     21074.8919
 EELEC  =   -145135.0409  EHBOND  =         0.0000  RESTRAINT  =         0.0000
 ------------------------------------------------------------------------------


 NSTEP =     2400   TIME(PS) =       9.800  TEMP(K) =    92.16  PRESS =     0.0
 Etot   =   -121502.3943  EKtot   =      5841.8848  EPtot      =   -127344.2791
 BOND   =        75.9289  ANGLE   =       226.0866  DIHED      =       963.0279
 1-4 NB =       261.7761  1-4 EEL =     -4797.5053  VDWAALS    =     20888.7566
 EELEC  =   -144962.3500  EHBOND  =         0.0000  RESTRAINT  =         0.0000
 ------------------------------------------------------------------------------


 NSTEP =     2450   TIME(PS) =       9.900  TEMP(K) =    91.91  PRESS =     0.0
 Etot   =   -121467.8591  EKtot   =      5826.2988  EPtot      =   -127294.1579
 BOND   =        84.6276  ANGLE   =       229.6264  DIHED      =       962.8436
 1-4 NB =       270.4391  1-4 EEL =     -4802.9535  VDWAALS    =     21033.5891
 EELEC  =   -145072.3303  EHBOND  =         0.0000  RESTRAINT  =         0.0000
 ------------------------------------------------------------------------------


 NSTEP =     2500   TIME(PS) =      10.000  TEMP(K) =    93.12  PRESS =     0.0
 Etot   =   -121437.3217  EKtot   =      5902.6255  EPtot      =   -127339.9472
 BOND   =        82.7387  ANGLE   =       229.2131  DIHED      =       968.9827
 1-4 NB =       263.2917  1-4 EEL =     -4822.9349  VDWAALS    =     20999.9204
 EELEC  =   -145061.1588  EHBOND  =         0.0000  RESTRAINT  =         0.0000
 ------------------------------------------------------------------------------


      A V E R A G E S   O V E R      50 S T E P S


 NSTEP =     2500   TIME(PS) =      10.000  TEMP(K) =    76.75  PRESS =     0.0
 Etot   =   -123137.5858  EKtot   =      4865.1208  EPtot      =   -128002.7067
 BOND   =        72.6307  ANGLE   =       216.9974  DIHED      =       962.2175
 1-4 NB =       262.5142  1-4 EEL =     -4803.4203  VDWAALS    =     21273.3941
 EELEC  =   -145987.0404  EHBOND  =         0.0000  RESTRAINT  =         0.0000
 ------------------------------------------------------------------------------


      R M S  F L U C T U A T I O N S


 NSTEP =     2500   TIME(PS) =      10.000  TEMP(K) =    12.31  PRESS =     0.0
 Etot   =      1385.0142  EKtot   =       780.4568  EPtot      =       606.0895
 BOND   =         6.1085  ANGLE   =        10.0282  DIHED      =         5.2436
 1-4 NB =         3.2401  1-4 EEL =         9.0728  VDWAALS    =       199.3600
 EELEC  =       778.1871  EHBOND  =         0.0000  RESTRAINT  =         0.0000
 ------------------------------------------------------------------------------

--------------------------------------------------------------------------------
   5.  TIMINGS
--------------------------------------------------------------------------------

|  NonSetup CPU Time in Major Routines:
|
|     Routine           Sec        %
|     ------------------------------
|     Nonbond           0.63    9.24
|     Bond              0.00    0.00
|     Angle             0.00    0.00
|     Dihedral          0.00    0.00
|     Shake             0.02    0.24
|     RunMD             6.18   90.43
|     Other             0.01    0.09
|     ------------------------------
|     Total             6.83

|  PME Nonbond Pairlist CPU Time:
|
|     Routine              Sec        %
|     ---------------------------------
|     Set Up Cit           0.00    0.00
|     Build List           0.00    0.00
|     ---------------------------------
|     Total                0.00    0.00

|  PME Direct Force CPU Time:
|
|     Routine              Sec        %
|     ---------------------------------
|     NonBonded Calc       0.00    0.00
|     Exclude Masked       0.00    0.00
|     Other                0.00    0.06
|     ---------------------------------
|     Total                0.00    0.06

|  PME Reciprocal Force CPU Time:
|
|     Routine              Sec        %
|     ---------------------------------
|     1D bspline           0.00    0.00
|     Grid Charges         0.00    0.00
|     Scalar Sum           0.00    0.00
|     Gradient Sum         0.00    0.00
|     FFT                  0.00    0.00
|     ---------------------------------
|     Total                0.00    0.00

|  Final Performance Info:
|     -----------------------------------------------------
|     Average timings for last    2450 steps:
|     Elapsed(s) =       6.92 Per Step(ms) =       2.82
|         ns/day =      61.18   seconds/ns =    1412.33
|
|     Average timings for all steps:
|     Elapsed(s) =       7.38 Per Step(ms) =       2.95
|         ns/day =      58.57   seconds/ns =    1475.06
|     -----------------------------------------------------

|  Setup CPU time:            1.05 seconds
|  NonSetup CPU time:         6.83 seconds
|  Total CPU time:            7.88 seconds     0.00 hours

|  Setup wall time:           1    seconds
|  NonSetup wall time:        7    seconds
|  Total wall time:           8    seconds     0.00 hours
