#Res        AtomicFlx
   1.000       4.0393
   2.000       2.8598
   3.000       2.3097
   4.000       1.7812
   5.000       1.8846
   6.000       1.9885
   7.000       2.0200
   8.000       1.8674
   9.000       1.7717
  10.000       1.7225
  11.000       1.7075
  12.000       1.6432
  13.000       1.6559
  14.000       1.6584
  15.000       1.7659
  16.000       2.0576
  17.000       2.8379
  18.000       3.3386
  19.000       2.6886
  20.000       2.0884
  21.000       1.8941
  22.000       1.7026
  23.000       1.7492
  24.000       1.9496
  25.000       1.9040
  26.000       1.8615
  27.000       1.7953
  28.000       1.7134
  29.000       1.6393
  30.000       1.6490
  31.000       1.7883
  32.000       1.9787
  33.000       2.1018
  34.000       2.6754
  35.000      32.8660
  36.000      28.1892
  37.000      17.4985
  38.000      21.9439
  39.000      28.6700
  40.000      25.3883
  41.000      33.1488
  42.000      29.3040
  43.000      26.8157
  44.000      22.7925
  45.000      20.0948
  46.000      24.6268
  47.000      20.1691
  48.000      29.1882
  49.000      31.3708
  50.000      28.8333
  51.000      22.2171
  52.000      20.9482
  53.000      19.1924
  54.000      20.5759
  55.000      21.2387
  56.000      23.5328
  57.000      24.0699
  58.000      29.1605
  59.000      11.2505
  60.000      30.6346
  61.000      20.5951
  62.000      25.0398
  63.000      21.8304
  64.000       8.5116
  65.000      33.3674
  66.000      29.0936
