#Res        AtomicFlx
   1.000       3.7557
   2.000       2.4533
   3.000       2.1195
   4.000       1.9261
   5.000       1.9814
   6.000       2.0810
   7.000       1.9922
   8.000       1.9195
   9.000       1.8283
  10.000       1.7677
  11.000       1.6403
  12.000       1.5624
  13.000       1.5616
  14.000       1.6392
  15.000       1.7656
  16.000       2.1478
  17.000       2.9167
  18.000       2.9588
  19.000       2.4379
  20.000       2.0861
  21.000       2.0146
  22.000       1.8830
  23.000       1.8613
  24.000       1.9872
  25.000       1.9827
  26.000       1.8693
  27.000       1.8109
  28.000       1.6754
  29.000       1.6744
  30.000       1.4870
  31.000       1.5578
  32.000       1.7952
  33.000       2.2130
  34.000       2.9286
  35.000      18.2493
  36.000      17.7639
  37.000      29.5636
  38.000      26.6539
  39.000      25.5958
  40.000      29.1947
  41.000      27.7903
  42.000      23.5966
  43.000      24.1533
  44.000      24.6562
  45.000      28.5344
  46.000      29.9347
  47.000      26.2124
  48.000      21.6643
  49.000      25.7845
  50.000      23.1323
  51.000      31.4097
  52.000      26.6071
  53.000      29.8963
  54.000      22.4706
  55.000      25.4440
  56.000      29.1004
  57.000      26.2102
  58.000      16.7155
  59.000      33.7823
  60.000      29.7403
  61.000      20.1981
  62.000      24.8496
  63.000      21.8705
  64.000      24.2391
  65.000      18.8621
  66.000      28.4233
