
          -------------------------------------------------------
          Amber 16 PMEMD                              2016
          -------------------------------------------------------

| PMEMD implementation of SANDER, Release 16

| Run on 06/04/2024 at 22:40:20

|   Executable path: pmemd.cuda
| Working directory: /home/students/keyq/fuben4/7/7LT
|          Hostname: master

  [-O]verwriting output

File Assignments:
|   MDIN: heat6.in                                                              
|  MDOUT: cmp_heat6.out                                                         
| INPCRD: cmp_heat5.rst                                                         
|   PARM: cmp.prmtop                                                            
| RESTRT: cmp_heat6.rst                                                         
|   REFC: cmp.inpcrd                                                            
|  MDVEL: mdvel                                                                 
|   MDEN: mden                                                                  
|  MDCRD: cmp_heat6.mdcrd                                                       
| MDINFO: mdinfo                                                                
|  MDFRC: mdfrc                                                                 


 Here is the input file:

Stage 2 equilibration 1 0-5ns                                                  
 &cntrl                                                                        
  imin=0, irest=1, ntx=5,                                                      
  nstlim=6000, dt=0.002,                                                       
  ntc=2, ntf=2,                                                                
  ntt=1, tautp=1.5,                                                            
  tempi=255.0, temp0=310.0,                                                    
  ntpr=50, ntwx=50,                                                            
  ntb=1,                                                                       
  cut=10,                                                                      
 /                                                                             


Note: ig = -1. Setting random seed to   442051 based on wallclock time in 
      microseconds.
 
|--------------------- INFORMATION ----------------------
| GPU (CUDA) Version of PMEMD in use: NVIDIA GPU IN USE.
|                    Version 16.0.0
| 
|                      02/25/2016
| 
| Implementation by:
|                    Ross C. Walker     (SDSC)
|                    Scott Le Grand     (nVIDIA)
| 
| Precision model in use:
|      [SPFP] - Single Precision Forces, 64-bit Fixed Point
|               Accumulation. (Default)
| 
|--------------------------------------------------------
 
|----------------- CITATION INFORMATION -----------------
|
|    When publishing work that utilized the CUDA version
|    of AMBER, please cite the following in addition to
|    the regular AMBER citations:
|
|  - Romelia Salomon-Ferrer; Andreas W. Goetz; Duncan
|    Poole; Scott Le Grand; Ross C. Walker "Routine
|    microsecond molecular dynamics simulations with
|    AMBER - Part II: Particle Mesh Ewald", J. Chem.
|    Theory Comput., 2013, 9 (9), pp3878-3888,
|    DOI: 10.1021/ct400314y.
|
|  - Andreas W. Goetz; Mark J. Williamson; Dong Xu;
|    Duncan Poole; Scott Le Grand; Ross C. Walker
|    "Routine microsecond molecular dynamics simulations
|    with AMBER - Part I: Generalized Born", J. Chem.
|    Theory Comput., 2012, 8 (5), pp1542-1555.
|
|  - Scott Le Grand; Andreas W. Goetz; Ross C. Walker
|    "SPFP: Speed without compromise - a mixed precision
|    model for GPU accelerated molecular dynamics
|    simulations.", Comp. Phys. Comm., 2013, 184
|    pp374-380, DOI: 10.1016/j.cpc.2012.09.022
|
|--------------------------------------------------------
 
|------------------- GPU DEVICE INFO --------------------
|
|            CUDA_VISIBLE_DEVICES: 0
|   CUDA Capable Devices Detected:      1
|           CUDA Device ID in use:      0
|                CUDA Device Name: Tesla V100-PCIE-32GB
|     CUDA Device Global Mem Size:  32510 MB
| CUDA Device Num Multiprocessors:     80
|           CUDA Device Core Freq:   1.38 GHz
|
|--------------------------------------------------------
 
 
| Conditional Compilation Defines Used:
| PUBFFT
| BINTRAJ
| CUDA
| EMIL

| Largest sphere to fit in unit cell has radius =    32.620

| New format PARM file being parsed.
| Version =    1.000 Date = 08/18/20 Time = 20:03:03

| Note: 1-4 EEL scale factors are being read from the topology file.

| Note: 1-4 VDW scale factors are being read from the topology file.
| Duplicated    0 dihedrals

| Duplicated    0 dihedrals

--------------------------------------------------------------------------------
   1.  RESOURCE   USE: 
--------------------------------------------------------------------------------

 getting box info from netcdf restart file
 NATOM  =   34785 NTYPES =      18 NBONH =   34062 MBONA  =     774
 NTHETH =     907 MTHETA =    1191 NPHIH =    1834 MPHIA  =    2469
 NHPARM =       0 NPARM  =       0 NNB   =   50916 NRES   =   11292
 NBONA  =     774 NTHETA =    1191 NPHIA =    2469 NUMBND =      61
 NUMANG =     127 NPTRA  =      75 NATYP =      34 NPHB   =       1
 IFBOX  =       2 NMXRS  =      33 IFCAP =       0 NEXTRA =       0
 NCOPY  =       0

| Coordinate Index Table dimensions:    12   12   12
| Direct force subcell size =     6.6586    6.6586    6.6586

     BOX TYPE: TRUNCATED OCTAHEDRON

--------------------------------------------------------------------------------
   2.  CONTROL  DATA  FOR  THE  RUN
--------------------------------------------------------------------------------

default_name                                                                    

General flags:
     imin    =       0, nmropt  =       0

Nature and format of input:
     ntx     =       5, irest   =       1, ntrx    =       1

Nature and format of output:
     ntxo    =       2, ntpr    =      50, ntrx    =       1, ntwr    =    6000
     iwrap   =       0, ntwx    =      50, ntwv    =       0, ntwe    =       0
     ioutfm  =       1, ntwprt  =       0, idecomp =       0, rbornstat=      0

Potential function:
     ntf     =       2, ntb     =       1, igb     =       0, nsnb    =      25
     ipol    =       0, gbsa    =       0, iesp    =       0
     dielc   =   1.00000, cut     =  10.00000, intdiel =   1.00000

Frozen or restrained atoms:
     ibelly  =       0, ntr     =       0

Molecular dynamics:
     nstlim  =      6000, nscm    =      1000, nrespa  =         1
     t       =   0.00000, dt      =   0.00200, vlimit  =  -1.00000

Berendsen (weak-coupling) temperature regulation:
     temp0   = 310.00000, tempi   = 255.00000, tautp   =   1.50000

SHAKE:
     ntc     =       2, jfastw  =       0
     tol     =   0.00001

| Intermolecular bonds treatment:
|     no_intermolecular_bonds =       1

| Energy averages sample interval:
|     ene_avg_sampling =      50

Ewald parameters:
     verbose =       0, ew_type =       0, nbflag  =       1, use_pme =       1
     vdwmeth =       1, eedmeth =       1, netfrc  =       1
     Box X =   79.903   Box Y =   79.903   Box Z =   79.903
     Alpha =  109.471   Beta  =  109.471   Gamma =  109.471
     NFFT1 =   80       NFFT2 =   80       NFFT3 =   80
     Cutoff=   10.000   Tol   =0.100E-04
     Ewald Coefficient =  0.27511
     Interpolation order =    4

--------------------------------------------------------------------------------
   3.  ATOMIC COORDINATES AND VELOCITIES
--------------------------------------------------------------------------------

default_name                                                                    
 begin time read from input coords =    28.000 ps

 
 Number of triangulated 3-point waters found:    11226

     Sum of charges from parm topology file =   0.00000019
     Forcing neutrality...

| Dynamic Memory, Types Used:
| Reals             1014948
| Integers           840802

| Nonbonded Pairs Initial Allocation:    10521592

| GPU memory information (estimate):
| KB of GPU memory in use:    169134
| KB of CPU memory in use:     58002

--------------------------------------------------------------------------------
   4.  RESULTS
--------------------------------------------------------------------------------

 ---------------------------------------------------
 APPROXIMATING switch and d/dx switch using CUBIC SPLINE INTERPOLATION
 using   5000.0 points per unit in tabled values
 TESTING RELATIVE ERROR over r ranging from 0.0 to cutoff
| CHECK switch(x): max rel err =   0.2738E-14   at   2.422500
| CHECK d/dx switch(x): max rel err =   0.8314E-11   at   2.736960
 ---------------------------------------------------
|---------------------------------------------------
| APPROXIMATING direct energy using CUBIC SPLINE INTERPOLATION
|  with   50.0 points per unit in tabled values
| Relative Error Limit not exceeded for r .gt.   2.33
| APPROXIMATING direct force using CUBIC SPLINE INTERPOLATION
|  with   50.0 points per unit in tabled values
| Relative Error Limit not exceeded for r .gt.   2.80
|---------------------------------------------------

 NSTEP =       50   TIME(PS) =      28.100  TEMP(K) =   244.92  PRESS =     0.0
 Etot   =   -106984.1961  EKtot   =     17104.8848  EPtot      =   -124089.0809
 BOND   =       234.7763  ANGLE   =       466.7880  DIHED      =      1042.4941
 1-4 NB =       286.8497  1-4 EEL =     -3780.9271  VDWAALS    =     17709.4742
 EELEC  =   -140048.5361  EHBOND  =         0.0000  RESTRAINT  =         0.0000
 ------------------------------------------------------------------------------


 NSTEP =      100   TIME(PS) =      28.200  TEMP(K) =   247.32  PRESS =     0.0
 Etot   =   -106682.8051  EKtot   =     17272.4648  EPtot      =   -123955.2699
 BOND   =       232.6922  ANGLE   =       457.8664  DIHED      =      1048.9453
 1-4 NB =       279.4856  1-4 EEL =     -3779.1812  VDWAALS    =     17596.7153
 EELEC  =   -139791.7935  EHBOND  =         0.0000  RESTRAINT  =         0.0000
 ------------------------------------------------------------------------------


 NSTEP =      150   TIME(PS) =      28.300  TEMP(K) =   247.40  PRESS =     0.0
 Etot   =   -106392.0246  EKtot   =     17278.1328  EPtot      =   -123670.1574
 BOND   =       214.0073  ANGLE   =       486.7689  DIHED      =      1055.0273
 1-4 NB =       285.6642  1-4 EEL =     -3764.7549  VDWAALS    =     17340.3504
 EELEC  =   -139287.2206  EHBOND  =         0.0000  RESTRAINT  =         0.0000
 ------------------------------------------------------------------------------


 NSTEP =      200   TIME(PS) =      28.400  TEMP(K) =   249.50  PRESS =     0.0
 Etot   =   -106104.2025  EKtot   =     17424.9551  EPtot      =   -123529.1576
 BOND   =       212.4971  ANGLE   =       482.3767  DIHED      =      1043.1841
 1-4 NB =       289.2879  1-4 EEL =     -3751.7770  VDWAALS    =     17469.7486
 EELEC  =   -139274.4751  EHBOND  =         0.0000  RESTRAINT  =         0.0000
 ------------------------------------------------------------------------------


 NSTEP =      250   TIME(PS) =      28.500  TEMP(K) =   248.68  PRESS =     0.0
 Etot   =   -105827.0221  EKtot   =     17367.9004  EPtot      =   -123194.9225
 BOND   =       252.4795  ANGLE   =       487.8716  DIHED      =      1032.4872
 1-4 NB =       273.6317  1-4 EEL =     -3744.0922  VDWAALS    =     17419.7604
 EELEC  =   -138917.0608  EHBOND  =         0.0000  RESTRAINT  =         0.0000
 ------------------------------------------------------------------------------


 NSTEP =      300   TIME(PS) =      28.600  TEMP(K) =   252.15  PRESS =     0.0
 Etot   =   -105548.0592  EKtot   =     17609.9902  EPtot      =   -123158.0494
 BOND   =       243.2000  ANGLE   =       503.9361  DIHED      =      1038.2296
 1-4 NB =       282.6566  1-4 EEL =     -3753.7368  VDWAALS    =     17478.9625
 EELEC  =   -138951.2975  EHBOND  =         0.0000  RESTRAINT  =         0.0000
 ------------------------------------------------------------------------------


 NSTEP =      350   TIME(PS) =      28.700  TEMP(K) =   254.01  PRESS =     0.0
 Etot   =   -105285.1344  EKtot   =     17740.1855  EPtot      =   -123025.3199
 BOND   =       239.9342  ANGLE   =       483.1642  DIHED      =      1059.6051
 1-4 NB =       283.1279  1-4 EEL =     -3783.3631  VDWAALS    =     17300.0149
 EELEC  =   -138607.8031  EHBOND  =         0.0000  RESTRAINT  =         0.0000
 ------------------------------------------------------------------------------


 NSTEP =      400   TIME(PS) =      28.800  TEMP(K) =   252.88  PRESS =     0.0
 Etot   =   -105022.3231  EKtot   =     17661.1992  EPtot      =   -122683.5223
 BOND   =       236.5115  ANGLE   =       517.5208  DIHED      =      1037.8848
 1-4 NB =       283.5505  1-4 EEL =     -3787.2466  VDWAALS    =     17230.9640
 EELEC  =   -138202.7073  EHBOND  =         0.0000  RESTRAINT  =         0.0000
 ------------------------------------------------------------------------------


 NSTEP =      450   TIME(PS) =      28.900  TEMP(K) =   252.57  PRESS =     0.0
 Etot   =   -104760.2013  EKtot   =     17639.5039  EPtot      =   -122399.7052
 BOND   =       236.4491  ANGLE   =       489.8315  DIHED      =      1053.4540
 1-4 NB =       282.4613  1-4 EEL =     -3781.8317  VDWAALS    =     17160.5831
 EELEC  =   -137840.6525  EHBOND  =         0.0000  RESTRAINT  =         0.0000
 ------------------------------------------------------------------------------


 NSTEP =      500   TIME(PS) =      29.000  TEMP(K) =   256.11  PRESS =     0.0
 Etot   =   -104506.0692  EKtot   =     17886.4434  EPtot      =   -122392.5125
 BOND   =       251.6687  ANGLE   =       512.0416  DIHED      =      1048.0308
 1-4 NB =       270.6972  1-4 EEL =     -3761.8459  VDWAALS    =     17028.0013
 EELEC  =   -137741.1063  EHBOND  =         0.0000  RESTRAINT  =         0.0000
 ------------------------------------------------------------------------------


 NSTEP =      550   TIME(PS) =      29.100  TEMP(K) =   258.54  PRESS =     0.0
 Etot   =   -104259.9293  EKtot   =     18056.5332  EPtot      =   -122316.4625
 BOND   =       238.6705  ANGLE   =       479.9819  DIHED      =      1045.5696
 1-4 NB =       269.8312  1-4 EEL =     -3742.1313  VDWAALS    =     17125.4609
 EELEC  =   -137733.8453  EHBOND  =         0.0000  RESTRAINT  =         0.0000
 ------------------------------------------------------------------------------


 NSTEP =      600   TIME(PS) =      29.200  TEMP(K) =   258.91  PRESS =     0.0
 Etot   =   -104021.0363  EKtot   =     18082.1797  EPtot      =   -122103.2160
 BOND   =       227.1687  ANGLE   =       480.2270  DIHED      =      1033.4985
 1-4 NB =       285.5982  1-4 EEL =     -3736.0721  VDWAALS    =     17134.1653
 EELEC  =   -137527.8018  EHBOND  =         0.0000  RESTRAINT  =         0.0000
 ------------------------------------------------------------------------------


 NSTEP =      650   TIME(PS) =      29.300  TEMP(K) =   259.63  PRESS =     0.0
 Etot   =   -103785.6667  EKtot   =     18132.7480  EPtot      =   -121918.4147
 BOND   =       227.7874  ANGLE   =       481.9848  DIHED      =      1045.1309
 1-4 NB =       276.0064  1-4 EEL =     -3730.8885  VDWAALS    =     16661.9007
 EELEC  =   -136880.3364  EHBOND  =         0.0000  RESTRAINT  =         0.0000
 ------------------------------------------------------------------------------


 NSTEP =      700   TIME(PS) =      29.400  TEMP(K) =   260.75  PRESS =     0.0
 Etot   =   -103551.4464  EKtot   =     18210.5586  EPtot      =   -121762.0050
 BOND   =       224.1742  ANGLE   =       479.5536  DIHED      =      1043.3870
 1-4 NB =       286.8374  1-4 EEL =     -3747.5694  VDWAALS    =     16724.7528
 EELEC  =   -136773.1405  EHBOND  =         0.0000  RESTRAINT  =         0.0000
 ------------------------------------------------------------------------------


 NSTEP =      750   TIME(PS) =      29.500  TEMP(K) =   259.89  PRESS =     0.0
 Etot   =   -103320.9119  EKtot   =     18150.8750  EPtot      =   -121471.7869
 BOND   =       248.8844  ANGLE   =       514.2202  DIHED      =      1038.6394
 1-4 NB =       279.6506  1-4 EEL =     -3793.5274  VDWAALS    =     16751.8903
 EELEC  =   -136511.5444  EHBOND  =         0.0000  RESTRAINT  =         0.0000
 ------------------------------------------------------------------------------


 NSTEP =      800   TIME(PS) =      29.600  TEMP(K) =   261.22  PRESS =     0.0
 Etot   =   -103090.7580  EKtot   =     18243.5762  EPtot      =   -121334.3342
 BOND   =       249.1356  ANGLE   =       523.2523  DIHED      =      1059.3797
 1-4 NB =       283.0736  1-4 EEL =     -3775.1349  VDWAALS    =     16732.3470
 EELEC  =   -136406.3875  EHBOND  =         0.0000  RESTRAINT  =         0.0000
 ------------------------------------------------------------------------------


 NSTEP =      850   TIME(PS) =      29.700  TEMP(K) =   261.79  PRESS =     0.0
 Etot   =   -102871.6150  EKtot   =     18283.7090  EPtot      =   -121155.3240
 BOND   =       247.2072  ANGLE   =       478.4483  DIHED      =      1055.1823
 1-4 NB =       283.5351  1-4 EEL =     -3762.9309  VDWAALS    =     16888.5273
 EELEC  =   -136345.2934  EHBOND  =         0.0000  RESTRAINT  =         0.0000
 ------------------------------------------------------------------------------


 NSTEP =      900   TIME(PS) =      29.800  TEMP(K) =   262.70  PRESS =     0.0
 Etot   =   -102649.2372  EKtot   =     18346.5977  EPtot      =   -120995.8349
 BOND   =       221.1363  ANGLE   =       487.1858  DIHED      =      1062.0022
 1-4 NB =       284.6596  1-4 EEL =     -3735.6665  VDWAALS    =     16594.2001
 EELEC  =   -135909.3524  EHBOND  =         0.0000  RESTRAINT  =         0.0000
 ------------------------------------------------------------------------------


 NSTEP =      950   TIME(PS) =      29.900  TEMP(K) =   263.50  PRESS =     0.0
 Etot   =   -102433.6019  EKtot   =     18402.5840  EPtot      =   -120836.1859
 BOND   =       248.7247  ANGLE   =       529.5900  DIHED      =      1058.2362
 1-4 NB =       281.6204  1-4 EEL =     -3810.7144  VDWAALS    =     16681.8595
 EELEC  =   -135825.5024  EHBOND  =         0.0000  RESTRAINT  =         0.0000
 ------------------------------------------------------------------------------

check COM velocity, temp:        0.000008     0.00(Removed)

 NSTEP =     1000   TIME(PS) =      30.000  TEMP(K) =   265.01  PRESS =     0.0
 Etot   =   -102217.3733  EKtot   =     18508.4609  EPtot      =   -120725.8343
 BOND   =       268.1935  ANGLE   =       506.5649  DIHED      =      1046.9336
 1-4 NB =       274.5676  1-4 EEL =     -3764.2431  VDWAALS    =     16417.5023
 EELEC  =   -135475.3532  EHBOND  =         0.0000  RESTRAINT  =         0.0000
 ------------------------------------------------------------------------------


 NSTEP =     1050   TIME(PS) =      30.100  TEMP(K) =   265.12  PRESS =     0.0
 Etot   =   -102008.3192  EKtot   =     18515.7812  EPtot      =   -120524.1004
 BOND   =       254.2314  ANGLE   =       525.3859  DIHED      =      1054.1202
 1-4 NB =       274.9108  1-4 EEL =     -3785.3088  VDWAALS    =     16444.4307
 EELEC  =   -135291.8705  EHBOND  =         0.0000  RESTRAINT  =         0.0000
 ------------------------------------------------------------------------------


 NSTEP =     1100   TIME(PS) =      30.200  TEMP(K) =   267.03  PRESS =     0.0
 Etot   =   -101805.5057  EKtot   =     18649.1016  EPtot      =   -120454.6072
 BOND   =       267.8951  ANGLE   =       504.8549  DIHED      =      1050.6462
 1-4 NB =       286.9227  1-4 EEL =     -3781.7620  VDWAALS    =     16369.1412
 EELEC  =   -135152.3053  EHBOND  =         0.0000  RESTRAINT  =         0.0000
 ------------------------------------------------------------------------------


 NSTEP =     1150   TIME(PS) =      30.300  TEMP(K) =   267.56  PRESS =     0.0
 Etot   =   -101608.3447  EKtot   =     18686.1855  EPtot      =   -120294.5303
 BOND   =       251.9058  ANGLE   =       503.5620  DIHED      =      1055.6141
 1-4 NB =       281.4589  1-4 EEL =     -3756.3670  VDWAALS    =     16598.2193
 EELEC  =   -135228.9234  EHBOND  =         0.0000  RESTRAINT  =         0.0000
 ------------------------------------------------------------------------------


 NSTEP =     1200   TIME(PS) =      30.400  TEMP(K) =   267.53  PRESS =     0.0
 Etot   =   -101413.5101  EKtot   =     18684.0098  EPtot      =   -120097.5198
 BOND   =       261.4334  ANGLE   =       505.6621  DIHED      =      1039.8652
 1-4 NB =       284.9933  1-4 EEL =     -3762.3515  VDWAALS    =     16370.7563
 EELEC  =   -134797.8786  EHBOND  =         0.0000  RESTRAINT  =         0.0000
 ------------------------------------------------------------------------------


 NSTEP =     1250   TIME(PS) =      30.500  TEMP(K) =   268.27  PRESS =     0.0
 Etot   =   -101217.0290  EKtot   =     18735.7109  EPtot      =   -119952.7399
 BOND   =       257.8328  ANGLE   =       519.7091  DIHED      =      1055.1528
 1-4 NB =       286.2891  1-4 EEL =     -3756.1307  VDWAALS    =     16202.9890
 EELEC  =   -134518.5821  EHBOND  =         0.0000  RESTRAINT  =         0.0000
 ------------------------------------------------------------------------------


 NSTEP =     1300   TIME(PS) =      30.600  TEMP(K) =   270.79  PRESS =     0.0
 Etot   =   -101032.2374  EKtot   =     18911.7793  EPtot      =   -119944.0167
 BOND   =       229.4794  ANGLE   =       516.7654  DIHED      =      1054.6140
 1-4 NB =       280.9391  1-4 EEL =     -3769.0941  VDWAALS    =     16123.5496
 EELEC  =   -134380.2701  EHBOND  =         0.0000  RESTRAINT  =         0.0000
 ------------------------------------------------------------------------------


 NSTEP =     1350   TIME(PS) =      30.700  TEMP(K) =   269.94  PRESS =     0.0
 Etot   =   -100839.6039  EKtot   =     18852.8750  EPtot      =   -119692.4789
 BOND   =       262.9550  ANGLE   =       538.7920  DIHED      =      1042.9871
 1-4 NB =       282.7325  1-4 EEL =     -3752.2994  VDWAALS    =     16064.3293
 EELEC  =   -134131.9754  EHBOND  =         0.0000  RESTRAINT  =         0.0000
 ------------------------------------------------------------------------------


 NSTEP =     1400   TIME(PS) =      30.800  TEMP(K) =   272.20  PRESS =     0.0
 Etot   =   -100661.1862  EKtot   =     19010.1543  EPtot      =   -119671.3404
 BOND   =       265.7160  ANGLE   =       512.2482  DIHED      =      1053.6165
 1-4 NB =       284.5484  1-4 EEL =     -3758.3056  VDWAALS    =     16212.6524
 EELEC  =   -134241.8163  EHBOND  =         0.0000  RESTRAINT  =         0.0000
 ------------------------------------------------------------------------------


 NSTEP =     1450   TIME(PS) =      30.900  TEMP(K) =   272.37  PRESS =     0.0
 Etot   =   -100484.4529  EKtot   =     19022.2656  EPtot      =   -119506.7186
 BOND   =       262.0808  ANGLE   =       520.0802  DIHED      =      1045.0196
 1-4 NB =       284.1480  1-4 EEL =     -3758.8421  VDWAALS    =     16192.4362
 EELEC  =   -134051.6412  EHBOND  =         0.0000  RESTRAINT  =         0.0000
 ------------------------------------------------------------------------------


 NSTEP =     1500   TIME(PS) =      31.000  TEMP(K) =   272.69  PRESS =     0.0
 Etot   =   -100308.2938  EKtot   =     19044.5371  EPtot      =   -119352.8309
 BOND   =       281.9461  ANGLE   =       536.2827  DIHED      =      1045.0799
 1-4 NB =       280.1852  1-4 EEL =     -3749.1455  VDWAALS    =     15912.1616
 EELEC  =   -133659.3409  EHBOND  =         0.0000  RESTRAINT  =         0.0000
 ------------------------------------------------------------------------------


 NSTEP =     1550   TIME(PS) =      31.100  TEMP(K) =   272.76  PRESS =     0.0
 Etot   =   -100135.3298  EKtot   =     19049.3008  EPtot      =   -119184.6306
 BOND   =       234.0217  ANGLE   =       532.1389  DIHED      =      1040.5958
 1-4 NB =       290.7794  1-4 EEL =     -3721.8514  VDWAALS    =     15985.6897
 EELEC  =   -133546.0047  EHBOND  =         0.0000  RESTRAINT  =         0.0000
 ------------------------------------------------------------------------------


 NSTEP =     1600   TIME(PS) =      31.200  TEMP(K) =   273.53  PRESS =     0.0
 Etot   =    -99966.7534  EKtot   =     19103.2812  EPtot      =   -119070.0346
 BOND   =       246.2607  ANGLE   =       548.1101  DIHED      =      1042.2686
 1-4 NB =       274.3775  1-4 EEL =     -3765.8505  VDWAALS    =     16122.8727
 EELEC  =   -133538.0738  EHBOND  =         0.0000  RESTRAINT  =         0.0000
 ------------------------------------------------------------------------------


 NSTEP =     1650   TIME(PS) =      31.300  TEMP(K) =   277.04  PRESS =     0.0
 Etot   =    -99800.2482  EKtot   =     19348.5957  EPtot      =   -119148.8439
 BOND   =       271.1598  ANGLE   =       527.7431  DIHED      =      1067.6177
 1-4 NB =       281.8625  1-4 EEL =     -3767.3056  VDWAALS    =     15651.9044
 EELEC  =   -133181.8259  EHBOND  =         0.0000  RESTRAINT  =         0.0000
 ------------------------------------------------------------------------------


 NSTEP =     1700   TIME(PS) =      31.400  TEMP(K) =   274.87  PRESS =     0.0
 Etot   =    -99641.0056  EKtot   =     19196.5742  EPtot      =   -118837.5798
 BOND   =       250.1451  ANGLE   =       550.1487  DIHED      =      1059.4023
 1-4 NB =       285.8841  1-4 EEL =     -3800.3084  VDWAALS    =     15918.0594
 EELEC  =   -133100.9111  EHBOND  =         0.0000  RESTRAINT  =         0.0000
 ------------------------------------------------------------------------------


 NSTEP =     1750   TIME(PS) =      31.500  TEMP(K) =   276.54  PRESS =     0.0
 Etot   =    -99479.9100  EKtot   =     19313.5000  EPtot      =   -118793.4100
 BOND   =       270.1794  ANGLE   =       535.2036  DIHED      =      1062.7767
 1-4 NB =       283.8849  1-4 EEL =     -3763.1780  VDWAALS    =     15947.4881
 EELEC  =   -133129.7647  EHBOND  =         0.0000  RESTRAINT  =         0.0000
 ------------------------------------------------------------------------------


 NSTEP =     1800   TIME(PS) =      31.600  TEMP(K) =   277.24  PRESS =     0.0
 Etot   =    -99331.7177  EKtot   =     19362.0664  EPtot      =   -118693.7841
 BOND   =       268.6296  ANGLE   =       546.8612  DIHED      =      1053.7100
 1-4 NB =       283.9803  1-4 EEL =     -3767.8151  VDWAALS    =     15746.0456
 EELEC  =   -132825.1957  EHBOND  =         0.0000  RESTRAINT  =         0.0000
 ------------------------------------------------------------------------------


 NSTEP =     1850   TIME(PS) =      31.700  TEMP(K) =   275.99  PRESS =     0.0
 Etot   =    -99174.1035  EKtot   =     19275.4375  EPtot      =   -118449.5410
 BOND   =       269.5696  ANGLE   =       544.1228  DIHED      =      1065.6568
 1-4 NB =       282.4654  1-4 EEL =     -3761.7859  VDWAALS    =     15476.5786
 EELEC  =   -132326.1483  EHBOND  =         0.0000  RESTRAINT  =         0.0000
 ------------------------------------------------------------------------------


 NSTEP =     1900   TIME(PS) =      31.800  TEMP(K) =   279.09  PRESS =     0.0
 Etot   =    -99026.2324  EKtot   =     19491.3047  EPtot      =   -118517.5371
 BOND   =       252.9462  ANGLE   =       529.4246  DIHED      =      1068.0687
 1-4 NB =       274.7319  1-4 EEL =     -3761.7591  VDWAALS    =     15585.2370
 EELEC  =   -132466.1863  EHBOND  =         0.0000  RESTRAINT  =         0.0000
 ------------------------------------------------------------------------------


 NSTEP =     1950   TIME(PS) =      31.900  TEMP(K) =   278.58  PRESS =     0.0
 Etot   =    -98876.5798  EKtot   =     19456.2246  EPtot      =   -118332.8044
 BOND   =       261.3557  ANGLE   =       570.4226  DIHED      =      1063.0191
 1-4 NB =       292.5064  1-4 EEL =     -3766.4681  VDWAALS    =     15741.5118
 EELEC  =   -132495.1519  EHBOND  =         0.0000  RESTRAINT  =         0.0000
 ------------------------------------------------------------------------------

check COM velocity, temp:        0.000002     0.00(Removed)

 NSTEP =     2000   TIME(PS) =      32.000  TEMP(K) =   279.50  PRESS =     0.0
 Etot   =    -98732.1216  EKtot   =     19520.3398  EPtot      =   -118252.4614
 BOND   =       271.4140  ANGLE   =       546.7101  DIHED      =      1068.3106
 1-4 NB =       278.3491  1-4 EEL =     -3758.1072  VDWAALS    =     15588.3636
 EELEC  =   -132247.5016  EHBOND  =         0.0000  RESTRAINT  =         0.0000
 ------------------------------------------------------------------------------


 NSTEP =     2050   TIME(PS) =      32.100  TEMP(K) =   280.01  PRESS =     0.0
 Etot   =    -98591.5482  EKtot   =     19555.8418  EPtot      =   -118147.3900
 BOND   =       269.9708  ANGLE   =       539.2416  DIHED      =      1054.9977
 1-4 NB =       291.4568  1-4 EEL =     -3775.5620  VDWAALS    =     15874.9083
 EELEC  =   -132402.4032  EHBOND  =         0.0000  RESTRAINT  =         0.0000
 ------------------------------------------------------------------------------


 NSTEP =     2100   TIME(PS) =      32.200  TEMP(K) =   282.21  PRESS =     0.0
 Etot   =    -98457.9574  EKtot   =     19709.2109  EPtot      =   -118167.1683
 BOND   =       253.0005  ANGLE   =       601.8535  DIHED      =      1070.1657
 1-4 NB =       285.5396  1-4 EEL =     -3802.9359  VDWAALS    =     16051.5302
 EELEC  =   -132626.3219  EHBOND  =         0.0000  RESTRAINT  =         0.0000
 ------------------------------------------------------------------------------


 NSTEP =     2150   TIME(PS) =      32.300  TEMP(K) =   281.69  PRESS =     0.0
 Etot   =    -98329.7795  EKtot   =     19673.3184  EPtot      =   -118003.0979
 BOND   =       257.7430  ANGLE   =       576.2561  DIHED      =      1065.5407
 1-4 NB =       281.7068  1-4 EEL =     -3783.2052  VDWAALS    =     15856.5439
 EELEC  =   -132257.6832  EHBOND  =         0.0000  RESTRAINT  =         0.0000
 ------------------------------------------------------------------------------


 NSTEP =     2200   TIME(PS) =      32.400  TEMP(K) =   281.47  PRESS =     0.0
 Etot   =    -98199.9530  EKtot   =     19657.7383  EPtot      =   -117857.6913
 BOND   =       280.8404  ANGLE   =       560.4292  DIHED      =      1060.1718
 1-4 NB =       284.8083  1-4 EEL =     -3786.5725  VDWAALS    =     15604.0067
 EELEC  =   -131861.3752  EHBOND  =         0.0000  RESTRAINT  =         0.0000
 ------------------------------------------------------------------------------


 NSTEP =     2250   TIME(PS) =      32.500  TEMP(K) =   281.46  PRESS =     0.0
 Etot   =    -98068.1705  EKtot   =     19657.3887  EPtot      =   -117725.5592
 BOND   =       272.8141  ANGLE   =       555.4839  DIHED      =      1068.3875
 1-4 NB =       285.1581  1-4 EEL =     -3791.3970  VDWAALS    =     15470.5278
 EELEC  =   -131586.5335  EHBOND  =         0.0000  RESTRAINT  =         0.0000
 ------------------------------------------------------------------------------


 NSTEP =     2300   TIME(PS) =      32.600  TEMP(K) =   282.33  PRESS =     0.0
 Etot   =    -97938.6289  EKtot   =     19717.8105  EPtot      =   -117656.4394
 BOND   =       273.2130  ANGLE   =       574.9493  DIHED      =      1062.4007
 1-4 NB =       277.5776  1-4 EEL =     -3765.6545  VDWAALS    =     15579.7345
 EELEC  =   -131658.6601  EHBOND  =         0.0000  RESTRAINT  =         0.0000
 ------------------------------------------------------------------------------


 NSTEP =     2350   TIME(PS) =      32.700  TEMP(K) =   282.98  PRESS =     0.0
 Etot   =    -97812.5405  EKtot   =     19763.5508  EPtot      =   -117576.0913
 BOND   =       267.9146  ANGLE   =       586.5531  DIHED      =      1047.9384
 1-4 NB =       291.5286  1-4 EEL =     -3771.7954  VDWAALS    =     15579.9934
 EELEC  =   -131578.2240  EHBOND  =         0.0000  RESTRAINT  =         0.0000
 ------------------------------------------------------------------------------


 NSTEP =     2400   TIME(PS) =      32.800  TEMP(K) =   284.31  PRESS =     0.0
 Etot   =    -97688.7294  EKtot   =     19855.9492  EPtot      =   -117544.6786
 BOND   =       267.2137  ANGLE   =       542.4287  DIHED      =      1063.6035
 1-4 NB =       289.7060  1-4 EEL =     -3789.9192  VDWAALS    =     15321.5730
 EELEC  =   -131239.2843  EHBOND  =         0.0000  RESTRAINT  =         0.0000
 ------------------------------------------------------------------------------


 NSTEP =     2450   TIME(PS) =      32.900  TEMP(K) =   284.16  PRESS =     0.0
 Etot   =    -97569.7411  EKtot   =     19845.4883  EPtot      =   -117415.2294
 BOND   =       230.6463  ANGLE   =       578.3801  DIHED      =      1062.1521
 1-4 NB =       282.4747  1-4 EEL =     -3768.5117  VDWAALS    =     15491.7774
 EELEC  =   -131292.1483  EHBOND  =         0.0000  RESTRAINT  =         0.0000
 ------------------------------------------------------------------------------


 NSTEP =     2500   TIME(PS) =      33.000  TEMP(K) =   287.08  PRESS =     0.0
 Etot   =    -97451.3062  EKtot   =     20049.4688  EPtot      =   -117500.7749
 BOND   =       300.8949  ANGLE   =       550.5519  DIHED      =      1066.8472
 1-4 NB =       282.0633  1-4 EEL =     -3799.8617  VDWAALS    =     15232.2826
 EELEC  =   -131133.5532  EHBOND  =         0.0000  RESTRAINT  =         0.0000
 ------------------------------------------------------------------------------


 NSTEP =     2550   TIME(PS) =      33.100  TEMP(K) =   285.91  PRESS =     0.0
 Etot   =    -97332.4813  EKtot   =     19967.7969  EPtot      =   -117300.2781
 BOND   =       286.5155  ANGLE   =       544.9890  DIHED      =      1067.0387
 1-4 NB =       277.6988  1-4 EEL =     -3778.8416  VDWAALS    =     15159.5657
 EELEC  =   -130857.2443  EHBOND  =         0.0000  RESTRAINT  =         0.0000
 ------------------------------------------------------------------------------


 NSTEP =     2600   TIME(PS) =      33.200  TEMP(K) =   285.17  PRESS =     0.0
 Etot   =    -97219.6282  EKtot   =     19915.9219  EPtot      =   -117135.5501
 BOND   =       284.0632  ANGLE   =       566.9457  DIHED      =      1044.9674
 1-4 NB =       287.3846  1-4 EEL =     -3781.3490  VDWAALS    =     15032.1324
 EELEC  =   -130569.6943  EHBOND  =         0.0000  RESTRAINT  =         0.0000
 ------------------------------------------------------------------------------


 NSTEP =     2650   TIME(PS) =      33.300  TEMP(K) =   287.36  PRESS =     0.0
 Etot   =    -97107.1492  EKtot   =     20069.4551  EPtot      =   -117176.6043
 BOND   =       275.9794  ANGLE   =       542.1472  DIHED      =      1056.4080
 1-4 NB =       293.2526  1-4 EEL =     -3766.3168  VDWAALS    =     15192.7662
 EELEC  =   -130770.8408  EHBOND  =         0.0000  RESTRAINT  =         0.0000
 ------------------------------------------------------------------------------


 NSTEP =     2700   TIME(PS) =      33.400  TEMP(K) =   286.78  PRESS =     0.0
 Etot   =    -96996.9302  EKtot   =     20028.9961  EPtot      =   -117025.9263
 BOND   =       283.5579  ANGLE   =       542.1402  DIHED      =      1068.3505
 1-4 NB =       277.5831  1-4 EEL =     -3751.4205  VDWAALS    =     15245.9371
 EELEC  =   -130692.0746  EHBOND  =         0.0000  RESTRAINT  =         0.0000
 ------------------------------------------------------------------------------


 NSTEP =     2750   TIME(PS) =      33.500  TEMP(K) =   288.45  PRESS =     0.0
 Etot   =    -96896.3988  EKtot   =     20144.9844  EPtot      =   -117041.3832
 BOND   =       263.8007  ANGLE   =       590.7667  DIHED      =      1045.1133
 1-4 NB =       283.6751  1-4 EEL =     -3807.5603  VDWAALS    =     15413.9669
 EELEC  =   -130831.1456  EHBOND  =         0.0000  RESTRAINT  =         0.0000
 ------------------------------------------------------------------------------


 NSTEP =     2800   TIME(PS) =      33.600  TEMP(K) =   286.49  PRESS =     0.0
 Etot   =    -96789.4283  EKtot   =     20008.7305  EPtot      =   -116798.1588
 BOND   =       315.6521  ANGLE   =       545.7317  DIHED      =      1055.5885
 1-4 NB =       293.8446  1-4 EEL =     -3769.1191  VDWAALS    =     15006.6694
 EELEC  =   -130246.5260  EHBOND  =         0.0000  RESTRAINT  =         0.0000
 ------------------------------------------------------------------------------


 NSTEP =     2850   TIME(PS) =      33.700  TEMP(K) =   287.35  PRESS =     0.0
 Etot   =    -96691.9925  EKtot   =     20068.7441  EPtot      =   -116760.7367
 BOND   =       288.8702  ANGLE   =       532.9133  DIHED      =      1065.1921
 1-4 NB =       295.2845  1-4 EEL =     -3785.9314  VDWAALS    =     15100.4954
 EELEC  =   -130257.5608  EHBOND  =         0.0000  RESTRAINT  =         0.0000
 ------------------------------------------------------------------------------


 NSTEP =     2900   TIME(PS) =      33.800  TEMP(K) =   289.67  PRESS =     0.0
 Etot   =    -96594.3223  EKtot   =     20230.7871  EPtot      =   -116825.1094
 BOND   =       286.5609  ANGLE   =       541.6047  DIHED      =      1064.8183
 1-4 NB =       285.8229  1-4 EEL =     -3785.2115  VDWAALS    =     15060.5407
 EELEC  =   -130279.2453  EHBOND  =         0.0000  RESTRAINT  =         0.0000
 ------------------------------------------------------------------------------


 NSTEP =     2950   TIME(PS) =      33.900  TEMP(K) =   289.07  PRESS =     0.0
 Etot   =    -96497.1423  EKtot   =     20188.8379  EPtot      =   -116685.9802
 BOND   =       281.1484  ANGLE   =       585.3843  DIHED      =      1056.7153
 1-4 NB =       285.9714  1-4 EEL =     -3796.1082  VDWAALS    =     15075.1130
 EELEC  =   -130174.2044  EHBOND  =         0.0000  RESTRAINT  =         0.0000
 ------------------------------------------------------------------------------

check COM velocity, temp:        0.000007     0.00(Removed)

 NSTEP =     3000   TIME(PS) =      34.000  TEMP(K) =   289.25  PRESS =     0.0
 Etot   =    -96403.3921  EKtot   =     20201.3262  EPtot      =   -116604.7182
 BOND   =       279.8476  ANGLE   =       535.9073  DIHED      =      1088.6433
 1-4 NB =       291.0397  1-4 EEL =     -3754.2924  VDWAALS    =     15076.8434
 EELEC  =   -130122.7072  EHBOND  =         0.0000  RESTRAINT  =         0.0000
 ------------------------------------------------------------------------------


 NSTEP =     3050   TIME(PS) =      34.100  TEMP(K) =   290.89  PRESS =     0.0
 Etot   =    -96314.1059  EKtot   =     20315.8320  EPtot      =   -116629.9379
 BOND   =       268.5469  ANGLE   =       556.1564  DIHED      =      1069.6666
 1-4 NB =       293.1574  1-4 EEL =     -3765.0171  VDWAALS    =     15146.2920
 EELEC  =   -130198.7402  EHBOND  =         0.0000  RESTRAINT  =         0.0000
 ------------------------------------------------------------------------------


 NSTEP =     3100   TIME(PS) =      34.200  TEMP(K) =   288.87  PRESS =     0.0
 Etot   =    -96224.7628  EKtot   =     20174.8418  EPtot      =   -116399.6046
 BOND   =       289.3252  ANGLE   =       561.1284  DIHED      =      1076.5537
 1-4 NB =       286.5947  1-4 EEL =     -3771.7583  VDWAALS    =     14910.4845
 EELEC  =   -129751.9328  EHBOND  =         0.0000  RESTRAINT  =         0.0000
 ------------------------------------------------------------------------------


 NSTEP =     3150   TIME(PS) =      34.300  TEMP(K) =   292.03  PRESS =     0.0
 Etot   =    -96131.6919  EKtot   =     20395.1719  EPtot      =   -116526.8638
 BOND   =       286.6436  ANGLE   =       542.0226  DIHED      =      1055.3894
 1-4 NB =       273.0328  1-4 EEL =     -3797.1915  VDWAALS    =     14755.3431
 EELEC  =   -129642.1039  EHBOND  =         0.0000  RESTRAINT  =         0.0000
 ------------------------------------------------------------------------------


 NSTEP =     3200   TIME(PS) =      34.400  TEMP(K) =   293.57  PRESS =     0.0
 Etot   =    -96046.8966  EKtot   =     20502.8027  EPtot      =   -116549.6993
 BOND   =       299.4057  ANGLE   =       575.9945  DIHED      =      1069.4932
 1-4 NB =       291.9686  1-4 EEL =     -3792.2224  VDWAALS    =     14923.7532
 EELEC  =   -129918.0921  EHBOND  =         0.0000  RESTRAINT  =         0.0000
 ------------------------------------------------------------------------------


 NSTEP =     3250   TIME(PS) =      34.500  TEMP(K) =   292.28  PRESS =     0.0
 Etot   =    -95967.2294  EKtot   =     20412.5781  EPtot      =   -116379.8075
 BOND   =       273.7868  ANGLE   =       541.9284  DIHED      =      1058.6073
 1-4 NB =       282.8553  1-4 EEL =     -3763.0380  VDWAALS    =     15221.8780
 EELEC  =   -129995.8254  EHBOND  =         0.0000  RESTRAINT  =         0.0000
 ------------------------------------------------------------------------------


 NSTEP =     3300   TIME(PS) =      34.600  TEMP(K) =   291.50  PRESS =     0.0
 Etot   =    -95887.4896  EKtot   =     20358.3926  EPtot      =   -116245.8822
 BOND   =       296.8105  ANGLE   =       559.7212  DIHED      =      1062.3611
 1-4 NB =       289.4339  1-4 EEL =     -3784.0251  VDWAALS    =     15102.7784
 EELEC  =   -129772.9623  EHBOND  =         0.0000  RESTRAINT  =         0.0000
 ------------------------------------------------------------------------------


 NSTEP =     3350   TIME(PS) =      34.700  TEMP(K) =   291.33  PRESS =     0.0
 Etot   =    -95805.7609  EKtot   =     20346.5840  EPtot      =   -116152.3449
 BOND   =       286.9189  ANGLE   =       557.3819  DIHED      =      1058.5944
 1-4 NB =       286.8245  1-4 EEL =     -3779.8327  VDWAALS    =     14968.6927
 EELEC  =   -129530.9247  EHBOND  =         0.0000  RESTRAINT  =         0.0000
 ------------------------------------------------------------------------------


 NSTEP =     3400   TIME(PS) =      34.800  TEMP(K) =   295.32  PRESS =     0.0
 Etot   =    -95730.4096  EKtot   =     20624.8730  EPtot      =   -116355.2827
 BOND   =       270.4385  ANGLE   =       546.3916  DIHED      =      1073.0971
 1-4 NB =       290.5207  1-4 EEL =     -3773.7050  VDWAALS    =     15012.8774
 EELEC  =   -129774.9031  EHBOND  =         0.0000  RESTRAINT  =         0.0000
 ------------------------------------------------------------------------------


 NSTEP =     3450   TIME(PS) =      34.900  TEMP(K) =   295.68  PRESS =     0.0
 Etot   =    -95659.7326  EKtot   =     20650.5762  EPtot      =   -116310.3088
 BOND   =       279.4499  ANGLE   =       558.5577  DIHED      =      1074.4814
 1-4 NB =       285.2212  1-4 EEL =     -3765.6650  VDWAALS    =     15147.9346
 EELEC  =   -129890.2886  EHBOND  =         0.0000  RESTRAINT  =         0.0000
 ------------------------------------------------------------------------------


 NSTEP =     3500   TIME(PS) =      35.000  TEMP(K) =   295.95  PRESS =     0.0
 Etot   =    -95591.0432  EKtot   =     20669.1777  EPtot      =   -116260.2209
 BOND   =       278.5845  ANGLE   =       550.8336  DIHED      =      1070.5015
 1-4 NB =       291.3599  1-4 EEL =     -3767.8950  VDWAALS    =     15272.1098
 EELEC  =   -129955.7152  EHBOND  =         0.0000  RESTRAINT  =         0.0000
 ------------------------------------------------------------------------------


 NSTEP =     3550   TIME(PS) =      35.100  TEMP(K) =   293.39  PRESS =     0.0
 Etot   =    -95520.5744  EKtot   =     20490.4297  EPtot      =   -116011.0041
 BOND   =       277.7147  ANGLE   =       548.4631  DIHED      =      1071.8538
 1-4 NB =       297.2025  1-4 EEL =     -3739.4941  VDWAALS    =     15100.7581
 EELEC  =   -129567.5023  EHBOND  =         0.0000  RESTRAINT  =         0.0000
 ------------------------------------------------------------------------------


 NSTEP =     3600   TIME(PS) =      35.200  TEMP(K) =   294.36  PRESS =     0.0
 Etot   =    -95449.6221  EKtot   =     20557.9785  EPtot      =   -116007.6006
 BOND   =       276.7941  ANGLE   =       568.2592  DIHED      =      1063.2771
 1-4 NB =       277.0712  1-4 EEL =     -3793.0027  VDWAALS    =     14775.1567
 EELEC  =   -129175.1563  EHBOND  =         0.0000  RESTRAINT  =         0.0000
 ------------------------------------------------------------------------------


 NSTEP =     3650   TIME(PS) =      35.300  TEMP(K) =   295.06  PRESS =     0.0
 Etot   =    -95378.0264  EKtot   =     20607.2461  EPtot      =   -115985.2725
 BOND   =       269.7283  ANGLE   =       543.9783  DIHED      =      1041.8934
 1-4 NB =       289.8970  1-4 EEL =     -3774.7356  VDWAALS    =     14959.8862
 EELEC  =   -129315.9201  EHBOND  =         0.0000  RESTRAINT  =         0.0000
 ------------------------------------------------------------------------------


 NSTEP =     3700   TIME(PS) =      35.400  TEMP(K) =   295.60  PRESS =     0.0
 Etot   =    -95306.0715  EKtot   =     20644.6797  EPtot      =   -115950.7512
 BOND   =       285.6705  ANGLE   =       554.3503  DIHED      =      1060.4492
 1-4 NB =       287.6178  1-4 EEL =     -3791.8894  VDWAALS    =     15016.7376
 EELEC  =   -129363.6873  EHBOND  =         0.0000  RESTRAINT  =         0.0000
 ------------------------------------------------------------------------------


 NSTEP =     3750   TIME(PS) =      35.500  TEMP(K) =   295.17  PRESS =     0.0
 Etot   =    -95236.7714  EKtot   =     20614.8770  EPtot      =   -115851.6484
 BOND   =       277.7456  ANGLE   =       562.3645  DIHED      =      1053.6277
 1-4 NB =       285.6077  1-4 EEL =     -3764.3259  VDWAALS    =     15223.9371
 EELEC  =   -129490.6051  EHBOND  =         0.0000  RESTRAINT  =         0.0000
 ------------------------------------------------------------------------------


 NSTEP =     3800   TIME(PS) =      35.600  TEMP(K) =   295.63  PRESS =     0.0
 Etot   =    -95167.8048  EKtot   =     20646.9160  EPtot      =   -115814.7209
 BOND   =       291.7343  ANGLE   =       572.8934  DIHED      =      1079.6969
 1-4 NB =       277.0064  1-4 EEL =     -3785.5407  VDWAALS    =     14762.9132
 EELEC  =   -129013.4244  EHBOND  =         0.0000  RESTRAINT  =         0.0000
 ------------------------------------------------------------------------------


 NSTEP =     3850   TIME(PS) =      35.700  TEMP(K) =   297.22  PRESS =     0.0
 Etot   =    -95101.4645  EKtot   =     20757.5254  EPtot      =   -115858.9898
 BOND   =       272.0964  ANGLE   =       547.5125  DIHED      =      1065.0321
 1-4 NB =       283.1014  1-4 EEL =     -3767.3949  VDWAALS    =     14738.0652
 EELEC  =   -128997.4025  EHBOND  =         0.0000  RESTRAINT  =         0.0000
 ------------------------------------------------------------------------------


 NSTEP =     3900   TIME(PS) =      35.800  TEMP(K) =   298.47  PRESS =     0.0
 Etot   =    -95045.0672  EKtot   =     20845.1680  EPtot      =   -115890.2352
 BOND   =       248.5111  ANGLE   =       574.6927  DIHED      =      1070.7475
 1-4 NB =       283.1317  1-4 EEL =     -3771.5478  VDWAALS    =     15100.3289
 EELEC  =   -129396.0992  EHBOND  =         0.0000  RESTRAINT  =         0.0000
 ------------------------------------------------------------------------------


 NSTEP =     3950   TIME(PS) =      35.900  TEMP(K) =   295.39  PRESS =     0.0
 Etot   =    -94979.1731  EKtot   =     20630.2793  EPtot      =   -115609.4524
 BOND   =       301.1770  ANGLE   =       560.3517  DIHED      =      1075.6471
 1-4 NB =       283.3207  1-4 EEL =     -3768.5018  VDWAALS    =     15139.6544
 EELEC  =   -129201.1016  EHBOND  =         0.0000  RESTRAINT  =         0.0000
 ------------------------------------------------------------------------------

check COM velocity, temp:        0.000002     0.00(Removed)

 NSTEP =     4000   TIME(PS) =      36.000  TEMP(K) =   298.27  PRESS =     0.0
 Etot   =    -94916.6172  EKtot   =     20831.4492  EPtot      =   -115748.0664
 BOND   =       288.2315  ANGLE   =       547.6261  DIHED      =      1063.1601
 1-4 NB =       284.3390  1-4 EEL =     -3779.8160  VDWAALS    =     14947.9917
 EELEC  =   -129099.5988  EHBOND  =         0.0000  RESTRAINT  =         0.0000
 ------------------------------------------------------------------------------


 NSTEP =     4050   TIME(PS) =      36.100  TEMP(K) =   297.58  PRESS =     0.0
 Etot   =    -94855.0792  EKtot   =     20782.9570  EPtot      =   -115638.0362
 BOND   =       285.3415  ANGLE   =       589.7223  DIHED      =      1072.1230
 1-4 NB =       294.9713  1-4 EEL =     -3808.4790  VDWAALS    =     14788.1328
 EELEC  =   -128859.8481  EHBOND  =         0.0000  RESTRAINT  =         0.0000
 ------------------------------------------------------------------------------


 NSTEP =     4100   TIME(PS) =      36.200  TEMP(K) =   298.82  PRESS =     0.0
 Etot   =    -94802.2139  EKtot   =     20869.4297  EPtot      =   -115671.6436
 BOND   =       275.0139  ANGLE   =       567.0201  DIHED      =      1072.9155
 1-4 NB =       282.9677  1-4 EEL =     -3754.8833  VDWAALS    =     14527.5598
 EELEC  =   -128642.2372  EHBOND  =         0.0000  RESTRAINT  =         0.0000
 ------------------------------------------------------------------------------


 NSTEP =     4150   TIME(PS) =      36.300  TEMP(K) =   298.83  PRESS =     0.0
 Etot   =    -94745.5059  EKtot   =     20870.2734  EPtot      =   -115615.7794
 BOND   =       302.7772  ANGLE   =       572.7643  DIHED      =      1063.5956
 1-4 NB =       285.4774  1-4 EEL =     -3809.7878  VDWAALS    =     14727.8832
 EELEC  =   -128758.4894  EHBOND  =         0.0000  RESTRAINT  =         0.0000
 ------------------------------------------------------------------------------


 NSTEP =     4200   TIME(PS) =      36.400  TEMP(K) =   300.16  PRESS =     0.0
 Etot   =    -94699.0689  EKtot   =     20963.3359  EPtot      =   -115662.4048
 BOND   =       271.6221  ANGLE   =       577.6916  DIHED      =      1064.9783
 1-4 NB =       284.2144  1-4 EEL =     -3808.1398  VDWAALS    =     14954.4602
 EELEC  =   -129007.2316  EHBOND  =         0.0000  RESTRAINT  =         0.0000
 ------------------------------------------------------------------------------


 NSTEP =     4250   TIME(PS) =      36.500  TEMP(K) =   299.79  PRESS =     0.0
 Etot   =    -94646.6969  EKtot   =     20937.6211  EPtot      =   -115584.3180
 BOND   =       268.2094  ANGLE   =       567.9260  DIHED      =      1071.9969
 1-4 NB =       292.3017  1-4 EEL =     -3789.6428  VDWAALS    =     14551.1955
 EELEC  =   -128546.3047  EHBOND  =         0.0000  RESTRAINT  =         0.0000
 ------------------------------------------------------------------------------


 NSTEP =     4300   TIME(PS) =      36.600  TEMP(K) =   298.73  PRESS =     0.0
 Etot   =    -94590.8365  EKtot   =     20863.3633  EPtot      =   -115454.1998
 BOND   =       278.9369  ANGLE   =       588.9203  DIHED      =      1056.1039
 1-4 NB =       287.8446  1-4 EEL =     -3786.6455  VDWAALS    =     14878.1738
 EELEC  =   -128757.5337  EHBOND  =         0.0000  RESTRAINT  =         0.0000
 ------------------------------------------------------------------------------


 NSTEP =     4350   TIME(PS) =      36.700  TEMP(K) =   303.22  PRESS =     0.0
 Etot   =    -94546.9105  EKtot   =     21176.5566  EPtot      =   -115723.4671
 BOND   =       267.9166  ANGLE   =       579.9476  DIHED      =      1073.1619
 1-4 NB =       294.8241  1-4 EEL =     -3818.7208  VDWAALS    =     14770.5169
 EELEC  =   -128891.1134  EHBOND  =         0.0000  RESTRAINT  =         0.0000
 ------------------------------------------------------------------------------


 NSTEP =     4400   TIME(PS) =      36.800  TEMP(K) =   300.64  PRESS =     0.0
 Etot   =    -94503.9557  EKtot   =     20996.9375  EPtot      =   -115500.8932
 BOND   =       270.9815  ANGLE   =       593.0090  DIHED      =      1083.5968
 1-4 NB =       291.3736  1-4 EEL =     -3780.3486  VDWAALS    =     14969.3426
 EELEC  =   -128928.8482  EHBOND  =         0.0000  RESTRAINT  =         0.0000
 ------------------------------------------------------------------------------


 NSTEP =     4450   TIME(PS) =      36.900  TEMP(K) =   298.72  PRESS =     0.0
 Etot   =    -94460.8798  EKtot   =     20862.7793  EPtot      =   -115323.6591
 BOND   =       279.9867  ANGLE   =       568.5730  DIHED      =      1078.8704
 1-4 NB =       283.5151  1-4 EEL =     -3764.8930  VDWAALS    =     14822.7000
 EELEC  =   -128592.4113  EHBOND  =         0.0000  RESTRAINT  =         0.0000
 ------------------------------------------------------------------------------


 NSTEP =     4500   TIME(PS) =      37.000  TEMP(K) =   300.24  PRESS =     0.0
 Etot   =    -94416.5509  EKtot   =     20968.7832  EPtot      =   -115385.3341
 BOND   =       290.5292  ANGLE   =       572.6719  DIHED      =      1040.9562
 1-4 NB =       281.9316  1-4 EEL =     -3741.2952  VDWAALS    =     14790.2933
 EELEC  =   -128620.4212  EHBOND  =         0.0000  RESTRAINT  =         0.0000
 ------------------------------------------------------------------------------


 NSTEP =     4550   TIME(PS) =      37.100  TEMP(K) =   301.19  PRESS =     0.0
 Etot   =    -94375.6657  EKtot   =     21034.7852  EPtot      =   -115410.4509
 BOND   =       249.4241  ANGLE   =       561.2458  DIHED      =      1054.2572
 1-4 NB =       289.0118  1-4 EEL =     -3779.0814  VDWAALS    =     14758.1136
 EELEC  =   -128543.4220  EHBOND  =         0.0000  RESTRAINT  =         0.0000
 ------------------------------------------------------------------------------


 NSTEP =     4600   TIME(PS) =      37.200  TEMP(K) =   301.57  PRESS =     0.0
 Etot   =    -94332.7231  EKtot   =     21061.5859  EPtot      =   -115394.3090
 BOND   =       278.4755  ANGLE   =       587.6760  DIHED      =      1059.0591
 1-4 NB =       293.2059  1-4 EEL =     -3778.3271  VDWAALS    =     14698.8884
 EELEC  =   -128533.2869  EHBOND  =         0.0000  RESTRAINT  =         0.0000
 ------------------------------------------------------------------------------


 NSTEP =     4650   TIME(PS) =      37.300  TEMP(K) =   302.00  PRESS =     0.0
 Etot   =    -94292.7201  EKtot   =     21091.4961  EPtot      =   -115384.2162
 BOND   =       284.0695  ANGLE   =       586.2112  DIHED      =      1053.4083
 1-4 NB =       286.4944  1-4 EEL =     -3791.9683  VDWAALS    =     15056.9565
 EELEC  =   -128859.3878  EHBOND  =         0.0000  RESTRAINT  =         0.0000
 ------------------------------------------------------------------------------


 NSTEP =     4700   TIME(PS) =      37.400  TEMP(K) =   302.14  PRESS =     0.0
 Etot   =    -94256.0123  EKtot   =     21101.3906  EPtot      =   -115357.4029
 BOND   =       278.4768  ANGLE   =       586.6335  DIHED      =      1045.1900
 1-4 NB =       286.3026  1-4 EEL =     -3771.4473  VDWAALS    =     14982.1600
 EELEC  =   -128764.7185  EHBOND  =         0.0000  RESTRAINT  =         0.0000
 ------------------------------------------------------------------------------


 NSTEP =     4750   TIME(PS) =      37.500  TEMP(K) =   298.93  PRESS =     0.0
 Etot   =    -94215.8097  EKtot   =     20877.3594  EPtot      =   -115093.1691
 BOND   =       262.2994  ANGLE   =       584.7982  DIHED      =      1082.4118
 1-4 NB =       287.3998  1-4 EEL =     -3752.4064  VDWAALS    =     14766.1690
 EELEC  =   -128323.8410  EHBOND  =         0.0000  RESTRAINT  =         0.0000
 ------------------------------------------------------------------------------


 NSTEP =     4800   TIME(PS) =      37.600  TEMP(K) =   301.70  PRESS =     0.0
 Etot   =    -94178.6575  EKtot   =     21070.4980  EPtot      =   -115249.1555
 BOND   =       278.7462  ANGLE   =       545.4969  DIHED      =      1066.2978
 1-4 NB =       290.2945  1-4 EEL =     -3740.2573  VDWAALS    =     14669.7411
 EELEC  =   -128359.4748  EHBOND  =         0.0000  RESTRAINT  =         0.0000
 ------------------------------------------------------------------------------


 NSTEP =     4850   TIME(PS) =      37.700  TEMP(K) =   302.62  PRESS =     0.0
 Etot   =    -94140.8089  EKtot   =     21134.9297  EPtot      =   -115275.7386
 BOND   =       271.7566  ANGLE   =       604.7514  DIHED      =      1056.0400
 1-4 NB =       283.9746  1-4 EEL =     -3793.7337  VDWAALS    =     14548.2315
 EELEC  =   -128246.7590  EHBOND  =         0.0000  RESTRAINT  =         0.0000
 ------------------------------------------------------------------------------


 NSTEP =     4900   TIME(PS) =      37.800  TEMP(K) =   303.13  PRESS =     0.0
 Etot   =    -94109.1802  EKtot   =     21170.3984  EPtot      =   -115279.5787
 BOND   =       259.9307  ANGLE   =       600.4722  DIHED      =      1055.2637
 1-4 NB =       290.1727  1-4 EEL =     -3781.6408  VDWAALS    =     14737.7452
 EELEC  =   -128441.5224  EHBOND  =         0.0000  RESTRAINT  =         0.0000
 ------------------------------------------------------------------------------


 NSTEP =     4950   TIME(PS) =      37.900  TEMP(K) =   300.91  PRESS =     0.0
 Etot   =    -94076.8507  EKtot   =     21015.3926  EPtot      =   -115092.2433
 BOND   =       266.1762  ANGLE   =       598.1455  DIHED      =      1060.1235
 1-4 NB =       295.1242  1-4 EEL =     -3778.1177  VDWAALS    =     14788.1748
 EELEC  =   -128321.8699  EHBOND  =         0.0000  RESTRAINT  =         0.0000
 ------------------------------------------------------------------------------

check COM velocity, temp:        0.000012     0.00(Removed)

 NSTEP =     5000   TIME(PS) =      38.000  TEMP(K) =   303.03  PRESS =     0.0
 Etot   =    -94040.8857  EKtot   =     21163.5723  EPtot      =   -115204.4580
 BOND   =       303.0182  ANGLE   =       565.3787  DIHED      =      1077.7904
 1-4 NB =       294.8074  1-4 EEL =     -3762.8007  VDWAALS    =     14724.5117
 EELEC  =   -128407.1636  EHBOND  =         0.0000  RESTRAINT  =         0.0000
 ------------------------------------------------------------------------------


 NSTEP =     5050   TIME(PS) =      38.100  TEMP(K) =   303.67  PRESS =     0.0
 Etot   =    -94014.8713  EKtot   =     21208.4434  EPtot      =   -115223.3146
 BOND   =       295.8496  ANGLE   =       592.9874  DIHED      =      1047.7741
 1-4 NB =       284.7387  1-4 EEL =     -3811.4481  VDWAALS    =     14668.5388
 EELEC  =   -128301.7552  EHBOND  =         0.0000  RESTRAINT  =         0.0000
 ------------------------------------------------------------------------------


 NSTEP =     5100   TIME(PS) =      38.200  TEMP(K) =   305.59  PRESS =     0.0
 Etot   =    -93986.6444  EKtot   =     21342.1953  EPtot      =   -115328.8397
 BOND   =       283.1532  ANGLE   =       569.3599  DIHED      =      1060.8306
 1-4 NB =       298.3683  1-4 EEL =     -3771.5663  VDWAALS    =     14973.3566
 EELEC  =   -128742.3421  EHBOND  =         0.0000  RESTRAINT  =         0.0000
 ------------------------------------------------------------------------------


 NSTEP =     5150   TIME(PS) =      38.300  TEMP(K) =   301.92  PRESS =     0.0
 Etot   =    -93956.6311  EKtot   =     21086.1758  EPtot      =   -115042.8069
 BOND   =       295.0164  ANGLE   =       589.8731  DIHED      =      1055.1161
 1-4 NB =       291.3133  1-4 EEL =     -3782.5989  VDWAALS    =     14760.9558
 EELEC  =   -128252.4827  EHBOND  =         0.0000  RESTRAINT  =         0.0000
 ------------------------------------------------------------------------------


 NSTEP =     5200   TIME(PS) =      38.400  TEMP(K) =   305.39  PRESS =     0.0
 Etot   =    -93930.2360  EKtot   =     21328.4707  EPtot      =   -115258.7067
 BOND   =       278.8396  ANGLE   =       575.7670  DIHED      =      1060.4080
 1-4 NB =       287.4699  1-4 EEL =     -3774.0042  VDWAALS    =     14472.2732
 EELEC  =   -128159.4601  EHBOND  =         0.0000  RESTRAINT  =         0.0000
 ------------------------------------------------------------------------------


 NSTEP =     5250   TIME(PS) =      38.500  TEMP(K) =   304.21  PRESS =     0.0
 Etot   =    -93899.9398  EKtot   =     21246.3125  EPtot      =   -115146.2523
 BOND   =       270.2577  ANGLE   =       583.7564  DIHED      =      1047.5450
 1-4 NB =       277.8657  1-4 EEL =     -3791.6329  VDWAALS    =     14691.9618
 EELEC  =   -128226.0060  EHBOND  =         0.0000  RESTRAINT  =         0.0000
 ------------------------------------------------------------------------------


 NSTEP =     5300   TIME(PS) =      38.600  TEMP(K) =   306.19  PRESS =     0.0
 Etot   =    -93872.9959  EKtot   =     21384.0020  EPtot      =   -115256.9979
 BOND   =       297.0803  ANGLE   =       574.6404  DIHED      =      1052.5333
 1-4 NB =       283.4144  1-4 EEL =     -3730.8670  VDWAALS    =     14922.8263
 EELEC  =   -128656.6255  EHBOND  =         0.0000  RESTRAINT  =         0.0000
 ------------------------------------------------------------------------------


 NSTEP =     5350   TIME(PS) =      38.700  TEMP(K) =   302.27  PRESS =     0.0
 Etot   =    -93846.1882  EKtot   =     21110.7070  EPtot      =   -114956.8953
 BOND   =       254.1162  ANGLE   =       592.7608  DIHED      =      1075.7198
 1-4 NB =       287.9980  1-4 EEL =     -3774.0279  VDWAALS    =     14632.4593
 EELEC  =   -128025.9215  EHBOND  =         0.0000  RESTRAINT  =         0.0000
 ------------------------------------------------------------------------------


 NSTEP =     5400   TIME(PS) =      38.800  TEMP(K) =   303.97  PRESS =     0.0
 Etot   =    -93812.7361  EKtot   =     21229.0000  EPtot      =   -115041.7361
 BOND   =       298.0359  ANGLE   =       579.4258  DIHED      =      1093.0268
 1-4 NB =       288.2974  1-4 EEL =     -3795.7511  VDWAALS    =     14662.0473
 EELEC  =   -128166.8181  EHBOND  =         0.0000  RESTRAINT  =         0.0000
 ------------------------------------------------------------------------------


 NSTEP =     5450   TIME(PS) =      38.900  TEMP(K) =   304.58  PRESS =     0.0
 Etot   =    -93789.5613  EKtot   =     21271.6719  EPtot      =   -115061.2331
 BOND   =       278.7084  ANGLE   =       565.1353  DIHED      =      1072.8819
 1-4 NB =       283.5662  1-4 EEL =     -3785.8259  VDWAALS    =     14476.7109
 EELEC  =   -127952.4100  EHBOND  =         0.0000  RESTRAINT  =         0.0000
 ------------------------------------------------------------------------------


 NSTEP =     5500   TIME(PS) =      39.000  TEMP(K) =   304.85  PRESS =     0.0
 Etot   =    -93757.9589  EKtot   =     21290.6250  EPtot      =   -115048.5839
 BOND   =       276.1316  ANGLE   =       603.4045  DIHED      =      1068.5797
 1-4 NB =       280.6659  1-4 EEL =     -3792.6762  VDWAALS    =     14337.0698
 EELEC  =   -127821.7592  EHBOND  =         0.0000  RESTRAINT  =         0.0000
 ------------------------------------------------------------------------------


 NSTEP =     5550   TIME(PS) =      39.100  TEMP(K) =   305.32  PRESS =     0.0
 Etot   =    -93733.0706  EKtot   =     21323.6348  EPtot      =   -115056.7054
 BOND   =       299.5361  ANGLE   =       545.9718  DIHED      =      1084.3323
 1-4 NB =       277.4808  1-4 EEL =     -3755.4790  VDWAALS    =     14518.7600
 EELEC  =   -128027.3073  EHBOND  =         0.0000  RESTRAINT  =         0.0000
 ------------------------------------------------------------------------------


 NSTEP =     5600   TIME(PS) =      39.200  TEMP(K) =   304.63  PRESS =     0.0
 Etot   =    -93715.4449  EKtot   =     21275.2031  EPtot      =   -114990.6480
 BOND   =       279.8969  ANGLE   =       577.5015  DIHED      =      1065.5869
 1-4 NB =       292.3866  1-4 EEL =     -3756.7086  VDWAALS    =     14719.2036
 EELEC  =   -128168.5149  EHBOND  =         0.0000  RESTRAINT  =         0.0000
 ------------------------------------------------------------------------------


 NSTEP =     5650   TIME(PS) =      39.300  TEMP(K) =   306.59  PRESS =     0.0
 Etot   =    -93699.1973  EKtot   =     21412.3750  EPtot      =   -115111.5723
 BOND   =       271.5362  ANGLE   =       578.1690  DIHED      =      1063.6900
 1-4 NB =       293.7847  1-4 EEL =     -3721.9783  VDWAALS    =     14916.0173
 EELEC  =   -128512.7913  EHBOND  =         0.0000  RESTRAINT  =         0.0000
 ------------------------------------------------------------------------------


 NSTEP =     5700   TIME(PS) =      39.400  TEMP(K) =   305.91  PRESS =     0.0
 Etot   =    -93679.6287  EKtot   =     21364.5859  EPtot      =   -115044.2147
 BOND   =       289.3634  ANGLE   =       607.0168  DIHED      =      1074.4516
 1-4 NB =       275.6297  1-4 EEL =     -3770.3034  VDWAALS    =     14624.6483
 EELEC  =   -128145.0211  EHBOND  =         0.0000  RESTRAINT  =         0.0000
 ------------------------------------------------------------------------------


 NSTEP =     5750   TIME(PS) =      39.500  TEMP(K) =   304.31  PRESS =     0.0
 Etot   =    -93659.4890  EKtot   =     21252.8789  EPtot      =   -114912.3679
 BOND   =       293.9979  ANGLE   =       591.7615  DIHED      =      1046.6181
 1-4 NB =       284.4172  1-4 EEL =     -3767.9194  VDWAALS    =     14708.6878
 EELEC  =   -128069.9309  EHBOND  =         0.0000  RESTRAINT  =         0.0000
 ------------------------------------------------------------------------------


 NSTEP =     5800   TIME(PS) =      39.600  TEMP(K) =   308.26  PRESS =     0.0
 Etot   =    -93643.4935  EKtot   =     21529.0352  EPtot      =   -115172.5287
 BOND   =       290.9191  ANGLE   =       565.4839  DIHED      =      1053.7024
 1-4 NB =       295.5450  1-4 EEL =     -3771.5661  VDWAALS    =     14747.0278
 EELEC  =   -128353.6408  EHBOND  =         0.0000  RESTRAINT  =         0.0000
 ------------------------------------------------------------------------------


 NSTEP =     5850   TIME(PS) =      39.700  TEMP(K) =   305.23  PRESS =     0.0
 Etot   =    -93619.5158  EKtot   =     21317.3809  EPtot      =   -114936.8966
 BOND   =       275.8271  ANGLE   =       587.7610  DIHED      =      1070.5451
 1-4 NB =       283.7449  1-4 EEL =     -3770.1893  VDWAALS    =     14798.4456
 EELEC  =   -128183.0311  EHBOND  =         0.0000  RESTRAINT  =         0.0000
 ------------------------------------------------------------------------------


 NSTEP =     5900   TIME(PS) =      39.800  TEMP(K) =   305.07  PRESS =     0.0
 Etot   =    -93600.1934  EKtot   =     21305.8125  EPtot      =   -114906.0059
 BOND   =       272.8823  ANGLE   =       582.1651  DIHED      =      1062.2798
 1-4 NB =       278.1007  1-4 EEL =     -3774.2941  VDWAALS    =     14823.5004
 EELEC  =   -128150.6401  EHBOND  =         0.0000  RESTRAINT  =         0.0000
 ------------------------------------------------------------------------------


 NSTEP =     5950   TIME(PS) =      39.900  TEMP(K) =   303.34  PRESS =     0.0
 Etot   =    -93578.0537  EKtot   =     21184.9805  EPtot      =   -114763.0342
 BOND   =       261.1983  ANGLE   =       587.5428  DIHED      =      1057.9177
 1-4 NB =       289.8433  1-4 EEL =     -3786.9324  VDWAALS    =     14893.9723
 EELEC  =   -128066.5761  EHBOND  =         0.0000  RESTRAINT  =         0.0000
 ------------------------------------------------------------------------------

check COM velocity, temp:        0.000008     0.00(Removed)

 NSTEP =     6000   TIME(PS) =      40.000  TEMP(K) =   306.07  PRESS =     0.0
 Etot   =    -93557.5387  EKtot   =     21376.1953  EPtot      =   -114933.7340
 BOND   =       278.4041  ANGLE   =       608.4919  DIHED      =      1072.3733
 1-4 NB =       289.7786  1-4 EEL =     -3777.0730  VDWAALS    =     14695.6857
 EELEC  =   -128101.3948  EHBOND  =         0.0000  RESTRAINT  =         0.0000
 ------------------------------------------------------------------------------


      A V E R A G E S   O V E R     120 S T E P S


 NSTEP =     6000   TIME(PS) =      40.000  TEMP(K) =   285.64  PRESS =     0.0
 Etot   =    -97654.9503  EKtot   =     19948.9530  EPtot      =   -117603.9033
 BOND   =       268.7538  ANGLE   =       550.3892  DIHED      =      1059.6556
 1-4 NB =       285.1850  1-4 EEL =     -3772.6275  VDWAALS    =     15490.9265
 EELEC  =   -131486.1859  EHBOND  =         0.0000  RESTRAINT  =         0.0000
 ------------------------------------------------------------------------------


      R M S  F L U C T U A T I O N S


 NSTEP =     6000   TIME(PS) =      40.000  TEMP(K) =    17.29  PRESS =     0.0
 Etot   =      3808.4329  EKtot   =      1207.2501  EPtot      =      2608.7102
 BOND   =        20.7827  ANGLE   =        35.1433  DIHED      =        12.1465
 1-4 NB =         5.8744  1-4 EEL =        19.3058  VDWAALS    =       869.8301
 EELEC  =      3416.7593  EHBOND  =         0.0000  RESTRAINT  =         0.0000
 ------------------------------------------------------------------------------

--------------------------------------------------------------------------------
   5.  TIMINGS
--------------------------------------------------------------------------------

|  NonSetup CPU Time in Major Routines:
|
|     Routine           Sec        %
|     ------------------------------
|     Nonbond           8.33   18.62
|     Bond              0.00    0.00
|     Angle             0.00    0.00
|     Dihedral          0.00    0.00
|     Shake             0.04    0.09
|     RunMD            36.36   81.25
|     Other             0.01    0.03
|     ------------------------------
|     Total            44.75

|  PME Nonbond Pairlist CPU Time:
|
|     Routine              Sec        %
|     ---------------------------------
|     Set Up Cit           0.00    0.00
|     Build List           0.00    0.00
|     ---------------------------------
|     Total                0.00    0.00

|  PME Direct Force CPU Time:
|
|     Routine              Sec        %
|     ---------------------------------
|     NonBonded Calc       0.00    0.00
|     Exclude Masked       0.00    0.00
|     Other                0.01    0.02
|     ---------------------------------
|     Total                0.01    0.02

|  PME Reciprocal Force CPU Time:
|
|     Routine              Sec        %
|     ---------------------------------
|     1D bspline           0.00    0.00
|     Grid Charges         0.00    0.00
|     Scalar Sum           0.00    0.00
|     Gradient Sum         0.00    0.00
|     FFT                  0.00    0.00
|     ---------------------------------
|     Total                0.00    0.00

|  Final Performance Info:
|     -----------------------------------------------------
|     Average timings for last    5950 steps:
|     Elapsed(s) =      44.60 Per Step(ms) =       7.50
|         ns/day =      23.05   seconds/ns =    3747.67
|
|     Average timings for all steps:
|     Elapsed(s) =      45.93 Per Step(ms) =       7.66
|         ns/day =      22.57   seconds/ns =    3827.77
|     -----------------------------------------------------

|  Setup CPU time:            1.47 seconds
|  NonSetup CPU time:        44.75 seconds
|  Total CPU time:           46.22 seconds     0.01 hours

|  Setup wall time:           2    seconds
|  NonSetup wall time:       46    seconds
|  Total wall time:          48    seconds     0.01 hours
