
          -------------------------------------------------------
          Amber 16 PMEMD                              2016
          -------------------------------------------------------

| PMEMD implementation of SANDER, Release 16

| Run on 06/04/2024 at 22:36:50

|   Executable path: pmemd.cuda
| Working directory: /home/students/keyq/fuben4/7/7LT
|          Hostname: master

  [-O]verwriting output

File Assignments:
|   MDIN: min2.in                                                               
|  MDOUT: cmp_min2.out                                                          
| INPCRD: cmp_min1.rst                                                          
|   PARM: cmp.prmtop                                                            
| RESTRT: cmp_min2.rst                                                          
|   REFC: cmp.inpcrd                                                            
|  MDVEL: mdvel                                                                 
|   MDEN: mden                                                                  
|  MDCRD: mdcrd                                                                 
| MDINFO: mdinfo                                                                
|  MDFRC: mdfrc                                                                 


 Here is the input file:

Initial minimisation of our structures                                         
 &cntrl                                                                        
  imin=1, maxcyc=10000, ncyc=5000,                                             
  cut=10, ntb=1,ntr=1,                                                         
  restraint_wt=2.0                                                             
  restraintmask=':1-554@CA,N,C'                                                
                                                                               
/                                                                              


Note: ig = -1. Setting random seed to   222170 based on wallclock time in 
      microseconds.
 
|--------------------- INFORMATION ----------------------
| GPU (CUDA) Version of PMEMD in use: NVIDIA GPU IN USE.
|                    Version 16.0.0
| 
|                      02/25/2016
| 
| Implementation by:
|                    Ross C. Walker     (SDSC)
|                    Scott Le Grand     (nVIDIA)
| 
| Precision model in use:
|      [SPFP] - Single Precision Forces, 64-bit Fixed Point
|               Accumulation. (Default)
| 
|--------------------------------------------------------
 
|----------------- CITATION INFORMATION -----------------
|
|    When publishing work that utilized the CUDA version
|    of AMBER, please cite the following in addition to
|    the regular AMBER citations:
|
|  - Romelia Salomon-Ferrer; Andreas W. Goetz; Duncan
|    Poole; Scott Le Grand; Ross C. Walker "Routine
|    microsecond molecular dynamics simulations with
|    AMBER - Part II: Particle Mesh Ewald", J. Chem.
|    Theory Comput., 2013, 9 (9), pp3878-3888,
|    DOI: 10.1021/ct400314y.
|
|  - Andreas W. Goetz; Mark J. Williamson; Dong Xu;
|    Duncan Poole; Scott Le Grand; Ross C. Walker
|    "Routine microsecond molecular dynamics simulations
|    with AMBER - Part I: Generalized Born", J. Chem.
|    Theory Comput., 2012, 8 (5), pp1542-1555.
|
|  - Scott Le Grand; Andreas W. Goetz; Ross C. Walker
|    "SPFP: Speed without compromise - a mixed precision
|    model for GPU accelerated molecular dynamics
|    simulations.", Comp. Phys. Comm., 2013, 184
|    pp374-380, DOI: 10.1016/j.cpc.2012.09.022
|
|--------------------------------------------------------
 
|------------------- GPU DEVICE INFO --------------------
|
|            CUDA_VISIBLE_DEVICES: 0
|   CUDA Capable Devices Detected:      1
|           CUDA Device ID in use:      0
|                CUDA Device Name: Tesla V100-PCIE-32GB
|     CUDA Device Global Mem Size:  32510 MB
| CUDA Device Num Multiprocessors:     80
|           CUDA Device Core Freq:   1.38 GHz
|
|--------------------------------------------------------
 
 
| Conditional Compilation Defines Used:
| PUBFFT
| BINTRAJ
| CUDA
| EMIL

| Largest sphere to fit in unit cell has radius =    32.620

| New format PARM file being parsed.
| Version =    1.000 Date = 08/18/20 Time = 20:03:03

| Note: 1-4 EEL scale factors are being read from the topology file.

| Note: 1-4 VDW scale factors are being read from the topology file.
| Duplicated    0 dihedrals

| Duplicated    0 dihedrals

--------------------------------------------------------------------------------
   1.  RESOURCE   USE: 
--------------------------------------------------------------------------------

 getting box info from netcdf restart file
 NATOM  =   34785 NTYPES =      18 NBONH =   34062 MBONA  =     774
 NTHETH =     907 MTHETA =    1191 NPHIH =    1834 MPHIA  =    2469
 NHPARM =       0 NPARM  =       0 NNB   =   50916 NRES   =   11292
 NBONA  =     774 NTHETA =    1191 NPHIA =    2469 NUMBND =      61
 NUMANG =     127 NPTRA  =      75 NATYP =      34 NPHB   =       1
 IFBOX  =       2 NMXRS  =      33 IFCAP =       0 NEXTRA =       0
 NCOPY  =       0

| Coordinate Index Table dimensions:    12   12   12
| Direct force subcell size =     6.6586    6.6586    6.6586

     BOX TYPE: TRUNCATED OCTAHEDRON

--------------------------------------------------------------------------------
   2.  CONTROL  DATA  FOR  THE  RUN
--------------------------------------------------------------------------------

default_name                                                                    

General flags:
     imin    =       1, nmropt  =       0

Nature and format of input:
     ntx     =       1, irest   =       0, ntrx    =       1

Nature and format of output:
     ntxo    =       2, ntpr    =      50, ntrx    =       1, ntwr    =       1
     iwrap   =       0, ntwx    =       0, ntwv    =       0, ntwe    =       0
     ioutfm  =       1, ntwprt  =       0, idecomp =       0, rbornstat=      0

Potential function:
     ntf     =       1, ntb     =       1, igb     =       0, nsnb    =      25
     ipol    =       0, gbsa    =       0, iesp    =       0
     dielc   =   1.00000, cut     =  10.00000, intdiel =   1.00000

Frozen or restrained atoms:
     ibelly  =       0, ntr     =       1
     restraint_wt =   2.00000

Energy minimization:
     maxcyc  =   10000, ncyc    =    5000, ntmin   =       1
     dx0     =   0.01000, drms    =   0.00010

| Intermolecular bonds treatment:
|     no_intermolecular_bonds =       1

| Energy averages sample interval:
|     ene_avg_sampling =       1

Ewald parameters:
     verbose =       0, ew_type =       0, nbflag  =       1, use_pme =       1
     vdwmeth =       1, eedmeth =       1, netfrc  =       0
     Box X =   79.903   Box Y =   79.903   Box Z =   79.903
     Alpha =  109.471   Beta  =  109.471   Gamma =  109.471
     NFFT1 =   80       NFFT2 =   80       NFFT3 =   80
     Cutoff=   10.000   Tol   =0.100E-04
     Ewald Coefficient =  0.27511
     Interpolation order =    4

    LOADING THE CONSTRAINED ATOMS AS GROUPS


   5.  REFERENCE ATOM COORDINATES

  default_name                                                                    
     Mask :1-554@CA,N,C; matches     0 atoms

--------------------------------------------------------------------------------
   3.  ATOMIC COORDINATES AND VELOCITIES
--------------------------------------------------------------------------------

default_name                                                                    
 begin time read from input coords =     0.000 ps

 
 Number of triangulated 3-point waters found:    11226

     Sum of charges from parm topology file =   0.00000019
     Forcing neutrality...

| Dynamic Memory, Types Used:
| Reals             1049349
| Integers           874819

| Nonbonded Pairs Initial Allocation:    10521592

| GPU memory information (estimate):
| KB of GPU memory in use:    170185
| KB of CPU memory in use:     59053

--------------------------------------------------------------------------------
   4.  RESULTS
--------------------------------------------------------------------------------

 ---------------------------------------------------
 APPROXIMATING switch and d/dx switch using CUBIC SPLINE INTERPOLATION
 using   5000.0 points per unit in tabled values
 TESTING RELATIVE ERROR over r ranging from 0.0 to cutoff
| CHECK switch(x): max rel err =   0.2738E-14   at   2.422500
| CHECK d/dx switch(x): max rel err =   0.8314E-11   at   2.736960
 ---------------------------------------------------
|---------------------------------------------------
| APPROXIMATING direct energy using CUBIC SPLINE INTERPOLATION
|  with   50.0 points per unit in tabled values
| Relative Error Limit not exceeded for r .gt.   2.33
| APPROXIMATING direct force using CUBIC SPLINE INTERPOLATION
|  with   50.0 points per unit in tabled values
| Relative Error Limit not exceeded for r .gt.   2.80
|---------------------------------------------------


   NSTEP       ENERGY          RMS            GMAX         NAME    NUMBER
      1      -1.5059E+05     3.7553E-01     1.7882E+01     Na+      1083

 BOND    =    11087.9206  ANGLE   =      200.5032  DIHED      =      989.9776
 VDWAALS =    27499.2481  EEL     =  -186849.6263  HBOND      =        0.0000
 1-4 VDW =      257.8986  1-4 EEL =    -3772.4674  RESTRAINT  =        0.0000


   NSTEP       ENERGY          RMS            GMAX         NAME    NUMBER
     50      -1.5072E+05     3.8034E-01     7.9535E+00     H2       2046

 BOND    =    11106.4023  ANGLE   =      192.8921  DIHED      =      992.1424
 VDWAALS =    27602.2452  EEL     =  -187087.6658  HBOND      =        0.0000
 1-4 VDW =      257.2698  1-4 EEL =    -3779.1586  RESTRAINT  =        0.0000


   NSTEP       ENERGY          RMS            GMAX         NAME    NUMBER
    100      -1.5079E+05     1.7489E-01     7.0252E+00     P         853

 BOND    =    11101.5297  ANGLE   =      190.0419  DIHED      =      992.8798
 VDWAALS =    27655.0503  EEL     =  -187202.9984  HBOND      =        0.0000
 1-4 VDW =      257.5742  1-4 EEL =    -3780.5955  RESTRAINT  =        0.0000


   NSTEP       ENERGY          RMS            GMAX         NAME    NUMBER
    150      -1.5084E+05     3.1012E-01     2.8640E+01     P         853

 BOND    =    11109.7413  ANGLE   =      188.0282  DIHED      =      993.2338
 VDWAALS =    27696.9614  EEL     =  -187305.0008  HBOND      =        0.0000
 1-4 VDW =      257.4818  1-4 EEL =    -3781.0721  RESTRAINT  =        0.0000


   NSTEP       ENERGY          RMS            GMAX         NAME    NUMBER
    200      -1.5089E+05     1.3735E-01     9.5667E+00     P         252

 BOND    =    11119.8500  ANGLE   =      185.5308  DIHED      =      993.2908
 VDWAALS =    27732.8829  EEL     =  -187396.4910  HBOND      =        0.0000
 1-4 VDW =      257.1680  1-4 EEL =    -3781.1470  RESTRAINT  =        0.0000


   NSTEP       ENERGY          RMS            GMAX         NAME    NUMBER
    250      -1.5093E+05     2.5252E-01     3.4958E+01     P         724

 BOND    =    11126.2678  ANGLE   =      184.0345  DIHED      =      993.1591
 VDWAALS =    27765.4946  EEL     =  -187474.1218  HBOND      =        0.0000
 1-4 VDW =      256.9436  1-4 EEL =    -3781.1297  RESTRAINT  =        0.0000


   NSTEP       ENERGY          RMS            GMAX         NAME    NUMBER
    300      -1.5097E+05     1.1565E-01     1.0451E+01     P         724

 BOND    =    11130.4752  ANGLE   =      182.2453  DIHED      =      992.9655
 VDWAALS =    27793.7190  EEL     =  -187540.7294  HBOND      =        0.0000
 1-4 VDW =      256.8369  1-4 EEL =    -3781.0276  RESTRAINT  =        0.0000


   NSTEP       ENERGY          RMS            GMAX         NAME    NUMBER
    350      -1.5100E+05     1.3790E-01     1.2244E+01     P         724

 BOND    =    11134.7833  ANGLE   =      181.2358  DIHED      =      992.7453
 VDWAALS =    27818.7299  EEL     =  -187600.3636  HBOND      =        0.0000
 1-4 VDW =      256.6815  1-4 EEL =    -3780.9603  RESTRAINT  =        0.0000


   NSTEP       ENERGY          RMS            GMAX         NAME    NUMBER
    400      -1.5103E+05     3.1167E-01     2.9447E+01     P         724

 BOND    =    11140.2443  ANGLE   =      180.2897  DIHED      =      992.5305
 VDWAALS =    27841.0594  EEL     =  -187655.1977  HBOND      =        0.0000
 1-4 VDW =      256.6554  1-4 EEL =    -3780.8635  RESTRAINT  =        0.0000


   NSTEP       ENERGY          RMS            GMAX         NAME    NUMBER
    450      -1.5105E+05     1.1978E-01     7.9385E+00     C6        359

 BOND    =    11142.7238  ANGLE   =      179.5302  DIHED      =      992.3193
 VDWAALS =    27861.5967  EEL     =  -187706.5698  HBOND      =        0.0000
 1-4 VDW =      256.5130  1-4 EEL =    -3780.7158  RESTRAINT  =        0.0000


   NSTEP       ENERGY          RMS            GMAX         NAME    NUMBER
    500      -1.5108E+05     8.3239E-02     3.2259E+00     Na+      1090

 BOND    =    11146.2624  ANGLE   =      178.7121  DIHED      =      992.1298
 VDWAALS =    27879.2231  EEL     =  -187752.0940  HBOND      =        0.0000
 1-4 VDW =      256.5002  1-4 EEL =    -3780.6448  RESTRAINT  =        0.0000


   NSTEP       ENERGY          RMS            GMAX         NAME    NUMBER
    550      -1.5110E+05     1.4660E-01     9.4271E+00     C2        368

 BOND    =    11149.7933  ANGLE   =      178.2363  DIHED      =      991.9455
 VDWAALS =    27895.7809  EEL     =  -187795.7365  HBOND      =        0.0000
 1-4 VDW =      256.4359  1-4 EEL =    -3780.6306  RESTRAINT  =        0.0000


   NSTEP       ENERGY          RMS            GMAX         NAME    NUMBER
    600      -1.5113E+05     2.4359E-01     1.8007E+01     C2        368

 BOND    =    11153.9030  ANGLE   =      177.5613  DIHED      =      991.7698
 VDWAALS =    27910.9620  EEL     =  -187837.5610  HBOND      =        0.0000
 1-4 VDW =      256.4311  1-4 EEL =    -3780.5922  RESTRAINT  =        0.0000


   NSTEP       ENERGY          RMS            GMAX         NAME    NUMBER
    650      -1.5115E+05     7.8956E-02     3.4578E+00     Na+      1090

 BOND    =    11155.3628  ANGLE   =      177.2930  DIHED      =      991.6101
 VDWAALS =    27924.5452  EEL     =  -187875.8899  HBOND      =        0.0000
 1-4 VDW =      256.2979  1-4 EEL =    -3780.5168  RESTRAINT  =        0.0000


   NSTEP       ENERGY          RMS            GMAX         NAME    NUMBER
    700      -1.5117E+05     2.0400E-01     1.4378E+01     C5        361

 BOND    =    11158.7937  ANGLE   =      176.7609  DIHED      =      991.4488
 VDWAALS =    27937.4279  EEL     =  -187914.4325  HBOND      =        0.0000
 1-4 VDW =      256.2943  1-4 EEL =    -3780.3828  RESTRAINT  =        0.0000


   NSTEP       ENERGY          RMS            GMAX         NAME    NUMBER
    750      -1.5120E+05     3.2888E-01     2.2551E+01     C6        675

 BOND    =    11160.3251  ANGLE   =      178.1843  DIHED      =      991.2628
 VDWAALS =    27949.9806  EEL     =  -187951.2738  HBOND      =        0.0000
 1-4 VDW =      255.9169  1-4 EEL =    -3780.6122  RESTRAINT  =        0.0000


   NSTEP       ENERGY          RMS            GMAX         NAME    NUMBER
    800      -1.5122E+05     1.6890E-01     1.2285E+01     C2        368

 BOND    =    11163.6979  ANGLE   =      176.0932  DIHED      =      991.1036
 VDWAALS =    27962.2412  EEL     =  -187987.7835  HBOND      =        0.0000
 1-4 VDW =      256.2181  1-4 EEL =    -3780.5088  RESTRAINT  =        0.0000


   NSTEP       ENERGY          RMS            GMAX         NAME    NUMBER
    850      -1.5124E+05     2.5328E-01     1.6955E+01     C5        361

 BOND    =    11165.4157  ANGLE   =      176.7749  DIHED      =      990.9638
 VDWAALS =    27974.4394  EEL     =  -188020.8123  HBOND      =        0.0000
 1-4 VDW =      256.0272  1-4 EEL =    -3780.6743  RESTRAINT  =        0.0000


   NSTEP       ENERGY          RMS            GMAX         NAME    NUMBER
    900      -1.5126E+05     9.9779E-02     5.7363E+00     C2        368

 BOND    =    11166.7983  ANGLE   =      176.0379  DIHED      =      990.8771
 VDWAALS =    27985.8257  EEL     =  -188052.2914  HBOND      =        0.0000
 1-4 VDW =      256.0900  1-4 EEL =    -3780.4979  RESTRAINT  =        0.0000


   NSTEP       ENERGY          RMS            GMAX         NAME    NUMBER
    950      -1.5127E+05     2.4421E-01     1.5466E+01     C5        361

 BOND    =    11170.1845  ANGLE   =      175.2029  DIHED      =      990.8187
 VDWAALS =    27996.7829  EEL     =  -188082.9763  HBOND      =        0.0000
 1-4 VDW =      256.2649  1-4 EEL =    -3780.3293  RESTRAINT  =        0.0000


   NSTEP       ENERGY          RMS            GMAX         NAME    NUMBER
   1000      -1.5129E+05     6.7994E-02     2.8542E+00     Na+      1090

 BOND    =    11171.0538  ANGLE   =      175.3032  DIHED      =      990.7648
 VDWAALS =    28007.5823  EEL     =  -188112.1190  HBOND      =        0.0000
 1-4 VDW =      256.1564  1-4 EEL =    -3780.5432  RESTRAINT  =        0.0000


   NSTEP       ENERGY          RMS            GMAX         NAME    NUMBER
   1050      -1.5131E+05     1.8663E-01     1.4786E+01     C2        368

 BOND    =    11173.4743  ANGLE   =      175.2783  DIHED      =      990.7407
 VDWAALS =    28018.5029  EEL     =  -188141.1358  HBOND      =        0.0000
 1-4 VDW =      256.1484  1-4 EEL =    -3780.6754  RESTRAINT  =        0.0000


   NSTEP       ENERGY          RMS            GMAX         NAME    NUMBER
   1100      -1.5132E+05     8.0182E-02     4.6003E+00     C2        368

 BOND    =    11174.7655  ANGLE   =      174.9252  DIHED      =      990.7519
 VDWAALS =    28029.4097  EEL     =  -188169.4850  HBOND      =        0.0000
 1-4 VDW =      256.1538  1-4 EEL =    -3780.5689  RESTRAINT  =        0.0000


   NSTEP       ENERGY          RMS            GMAX         NAME    NUMBER
   1150      -1.5134E+05     1.5280E-01     1.1763E+01     C2        368

 BOND    =    11176.6252  ANGLE   =      174.9950  DIHED      =      990.7745
 VDWAALS =    28040.2536  EEL     =  -188197.2941  HBOND      =        0.0000
 1-4 VDW =      256.1145  1-4 EEL =    -3780.5953  RESTRAINT  =        0.0000


   NSTEP       ENERGY          RMS            GMAX         NAME    NUMBER
   1200      -1.5135E+05     2.2636E-01     1.7190E+01     C5        361

 BOND    =    11179.4434  ANGLE   =      174.4020  DIHED      =      990.8225
 VDWAALS =    28050.6342  EEL     =  -188224.3280  HBOND      =        0.0000
 1-4 VDW =      256.2575  1-4 EEL =    -3780.5104  RESTRAINT  =        0.0000


   NSTEP       ENERGY          RMS            GMAX         NAME    NUMBER
   1250      -1.5137E+05     9.7197E-02     6.5810E+00     C2        368

 BOND    =    11180.9963  ANGLE   =      174.3252  DIHED      =      990.8746
 VDWAALS =    28060.6346  EEL     =  -188250.4329  HBOND      =        0.0000
 1-4 VDW =      256.2285  1-4 EEL =    -3780.7439  RESTRAINT  =        0.0000


   NSTEP       ENERGY          RMS            GMAX         NAME    NUMBER
   1300      -1.5138E+05     1.8787E-01     1.5200E+01     C2        368

 BOND    =    11183.0838  ANGLE   =      174.7000  DIHED      =      990.9537
 VDWAALS =    28070.2962  EEL     =  -188275.8950  HBOND      =        0.0000
 1-4 VDW =      256.1903  1-4 EEL =    -3780.9068  RESTRAINT  =        0.0000


   NSTEP       ENERGY          RMS            GMAX         NAME    NUMBER
   1350      -1.5140E+05     6.4763E-02     2.8354E+00     Na+      1090

 BOND    =    11184.2874  ANGLE   =      174.5849  DIHED      =      991.0643
 VDWAALS =    28079.2886  EEL     =  -188300.4610  HBOND      =        0.0000
 1-4 VDW =      256.2573  1-4 EEL =    -3780.8203  RESTRAINT  =        0.0000


   NSTEP       ENERGY          RMS            GMAX         NAME    NUMBER
   1400      -1.5141E+05     1.7225E-01     1.3506E+01     C2        368

 BOND    =    11186.3861  ANGLE   =      174.8118  DIHED      =      991.2002
 VDWAALS =    28088.2619  EEL     =  -188325.4089  HBOND      =        0.0000
 1-4 VDW =      256.3303  1-4 EEL =    -3780.7832  RESTRAINT  =        0.0000


   NSTEP       ENERGY          RMS            GMAX         NAME    NUMBER
   1450      -1.5142E+05     7.1823E-02     3.9241E+00     C2        368

 BOND    =    11187.9156  ANGLE   =      175.1453  DIHED      =      991.3394
 VDWAALS =    28097.0980  EEL     =  -188349.9289  HBOND      =        0.0000
 1-4 VDW =      256.3361  1-4 EEL =    -3780.9690  RESTRAINT  =        0.0000


   NSTEP       ENERGY          RMS            GMAX         NAME    NUMBER
   1500      -1.5144E+05     1.0456E-01     7.3611E+00     C2        368

 BOND    =    11189.5841  ANGLE   =      175.4850  DIHED      =      991.4890
 VDWAALS =    28106.2207  EEL     =  -188374.1201  HBOND      =        0.0000
 1-4 VDW =      256.3300  1-4 EEL =    -3781.0498  RESTRAINT  =        0.0000


   NSTEP       ENERGY          RMS            GMAX         NAME    NUMBER
   1550      -1.5145E+05     2.0186E-01     1.5551E+01     C5        361

 BOND    =    11191.6081  ANGLE   =      175.8128  DIHED      =      991.6371
 VDWAALS =    28114.8725  EEL     =  -188397.4196  HBOND      =        0.0000
 1-4 VDW =      256.3070  1-4 EEL =    -3781.1752  RESTRAINT  =        0.0000


   NSTEP       ENERGY          RMS            GMAX         NAME    NUMBER
   1600      -1.5146E+05     1.1180E-01     8.5918E+00     C2        368

 BOND    =    11192.5926  ANGLE   =      175.6409  DIHED      =      991.8127
 VDWAALS =    28123.1077  EEL     =  -188420.2778  HBOND      =        0.0000
 1-4 VDW =      256.3454  1-4 EEL =    -3781.0096  RESTRAINT  =        0.0000


   NSTEP       ENERGY          RMS            GMAX         NAME    NUMBER
   1650      -1.5147E+05     1.6847E-01     1.3244E+01     C2        368

 BOND    =    11194.4767  ANGLE   =      175.7430  DIHED      =      991.9988
 VDWAALS =    28131.1562  EEL     =  -188443.2171  HBOND      =        0.0000
 1-4 VDW =      256.3622  1-4 EEL =    -3780.9986  RESTRAINT  =        0.0000


   NSTEP       ENERGY          RMS            GMAX         NAME    NUMBER
   1700      -1.5149E+05     5.8760E-02     2.4173E+00     Na+      1106

 BOND    =    11195.8923  ANGLE   =      175.9405  DIHED      =      992.1841
 VDWAALS =    28138.9459  EEL     =  -188465.6890  HBOND      =        0.0000
 1-4 VDW =      256.3152  1-4 EEL =    -3781.1576  RESTRAINT  =        0.0000


   NSTEP       ENERGY          RMS            GMAX         NAME    NUMBER
   1750      -1.5150E+05     1.5292E-01     1.2275E+01     C2        368

 BOND    =    11198.2180  ANGLE   =      175.9833  DIHED      =      992.3867
 VDWAALS =    28147.4935  EEL     =  -188489.7078  HBOND      =        0.0000
 1-4 VDW =      256.3251  1-4 EEL =    -3781.2134  RESTRAINT  =        0.0000


   NSTEP       ENERGY          RMS            GMAX         NAME    NUMBER
   1800      -1.5151E+05     6.6878E-02     3.6526E+00     C2        368

 BOND    =    11199.0253  ANGLE   =      175.9411  DIHED      =      992.5635
 VDWAALS =    28156.1900  EEL     =  -188512.0082  HBOND      =        0.0000
 1-4 VDW =      256.2863  1-4 EEL =    -3781.0957  RESTRAINT  =        0.0000


   NSTEP       ENERGY          RMS            GMAX         NAME    NUMBER
   1850      -1.5152E+05     1.2583E-01     9.8360E+00     C2        368

 BOND    =    11200.5462  ANGLE   =      175.7045  DIHED      =      992.7119
 VDWAALS =    28164.7534  EEL     =  -188533.5581  HBOND      =        0.0000
 1-4 VDW =      256.2680  1-4 EEL =    -3781.0391  RESTRAINT  =        0.0000


   NSTEP       ENERGY          RMS            GMAX         NAME    NUMBER
   1900      -1.5154E+05     1.8410E-01     1.4072E+01     C2        368

 BOND    =    11202.6799  ANGLE   =      174.9433  DIHED      =      992.8466
 VDWAALS =    28172.6551  EEL     =  -188553.8832  HBOND      =        0.0000
 1-4 VDW =      256.3690  1-4 EEL =    -3780.9326  RESTRAINT  =        0.0000


   NSTEP       ENERGY          RMS            GMAX         NAME    NUMBER
   1950      -1.5155E+05     5.7917E-02     2.3969E+00     C2        368

 BOND    =    11203.9271  ANGLE   =      174.5678  DIHED      =      992.9687
 VDWAALS =    28180.3275  EEL     =  -188573.5885  HBOND      =        0.0000
 1-4 VDW =      256.3177  1-4 EEL =    -3781.0873  RESTRAINT  =        0.0000


   NSTEP       ENERGY          RMS            GMAX         NAME    NUMBER
   2000      -1.5156E+05     1.6248E-01     9.7164E+00     C5        361

 BOND    =    11205.5999  ANGLE   =      174.4683  DIHED      =      993.0919
 VDWAALS =    28187.8865  EEL     =  -188593.0311  HBOND      =        0.0000
 1-4 VDW =      256.2611  1-4 EEL =    -3781.2092  RESTRAINT  =        0.0000


   NSTEP       ENERGY          RMS            GMAX         NAME    NUMBER
   2050      -1.5157E+05     5.3215E-02     1.6547E+00     C2        368

 BOND    =    11206.8970  ANGLE   =      173.6385  DIHED      =      993.2167
 VDWAALS =    28194.8288  EEL     =  -188611.3092  HBOND      =        0.0000
 1-4 VDW =      256.3707  1-4 EEL =    -3781.1062  RESTRAINT  =        0.0000


   NSTEP       ENERGY          RMS            GMAX         NAME    NUMBER
   2100      -1.5158E+05     1.3817E-01     1.1036E+01     C2        368

 BOND    =    11208.3540  ANGLE   =      173.3558  DIHED      =      993.3415
 VDWAALS =    28201.9994  EEL     =  -188630.0594  HBOND      =        0.0000
 1-4 VDW =      256.3870  1-4 EEL =    -3781.0941  RESTRAINT  =        0.0000


   NSTEP       ENERGY          RMS            GMAX         NAME    NUMBER
   2150      -1.5159E+05     1.8868E-01     1.5878E+01     C2        368

 BOND    =    11209.9138  ANGLE   =      173.0368  DIHED      =      993.4572
 VDWAALS =    28208.7161  EEL     =  -188647.8186  HBOND      =        0.0000
 1-4 VDW =      256.4135  1-4 EEL =    -3781.1054  RESTRAINT  =        0.0000


   NSTEP       ENERGY          RMS            GMAX         NAME    NUMBER
   2200      -1.5160E+05     8.9712E-02     6.4688E+00     C2        368

 BOND    =    11211.6846  ANGLE   =      172.3237  DIHED      =      993.5635
 VDWAALS =    28215.2514  EEL     =  -188665.7755  HBOND      =        0.0000
 1-4 VDW =      256.4763  1-4 EEL =    -3781.2680  RESTRAINT  =        0.0000


   NSTEP       ENERGY          RMS            GMAX         NAME    NUMBER
   2250      -1.5161E+05     5.1919E-02     1.7567E+00     C2        368

 BOND    =    11212.8448  ANGLE   =      171.9553  DIHED      =      993.6745
 VDWAALS =    28221.7532  EEL     =  -188683.1495  HBOND      =        0.0000
 1-4 VDW =      256.5169  1-4 EEL =    -3781.2577  RESTRAINT  =        0.0000


   NSTEP       ENERGY          RMS            GMAX         NAME    NUMBER
   2300      -1.5162E+05     5.3002E-02     1.9758E+00     C5        361

 BOND    =    11214.2474  ANGLE   =      171.5943  DIHED      =      993.7773
 VDWAALS =    28227.9620  EEL     =  -188700.0175  HBOND      =        0.0000
 1-4 VDW =      256.5573  1-4 EEL =    -3781.2998  RESTRAINT  =        0.0000


   NSTEP       ENERGY          RMS            GMAX         NAME    NUMBER
   2350      -1.5163E+05     1.4997E-01     1.2203E+01     C2        368

 BOND    =    11215.5380  ANGLE   =      171.4877  DIHED      =      993.8799
 VDWAALS =    28234.1931  EEL     =  -188716.7747  HBOND      =        0.0000
 1-4 VDW =      256.5701  1-4 EEL =    -3781.3015  RESTRAINT  =        0.0000


   NSTEP       ENERGY          RMS            GMAX         NAME    NUMBER
   2400      -1.5164E+05     6.2756E-02     3.5269E+00     C2        368

 BOND    =    11217.1407  ANGLE   =      170.9245  DIHED      =      993.9691
 VDWAALS =    28239.9919  EEL     =  -188733.3529  HBOND      =        0.0000
 1-4 VDW =      256.6335  1-4 EEL =    -3781.4325  RESTRAINT  =        0.0000


   NSTEP       ENERGY          RMS            GMAX         NAME    NUMBER
   2450      -1.5165E+05     1.1980E-01     9.1620E+00     C2        368

 BOND    =    11218.8309  ANGLE   =      170.5517  DIHED      =      994.0562
 VDWAALS =    28245.6344  EEL     =  -188749.4132  HBOND      =        0.0000
 1-4 VDW =      256.6936  1-4 EEL =    -3781.5073  RESTRAINT  =        0.0000


   NSTEP       ENERGY          RMS            GMAX         NAME    NUMBER
   2500      -1.5165E+05     1.7330E-01     1.3739E+01     C2        368

 BOND    =    11220.5281  ANGLE   =      170.2272  DIHED      =      994.1405
 VDWAALS =    28251.3026  EEL     =  -188765.5688  HBOND      =        0.0000
 1-4 VDW =      256.7524  1-4 EEL =    -3781.5815  RESTRAINT  =        0.0000


   NSTEP       ENERGY          RMS            GMAX         NAME    NUMBER
   2550      -1.5166E+05     7.2741E-02     4.0965E+00     C2        368

 BOND    =    11220.8738  ANGLE   =      170.0088  DIHED      =      994.2306
 VDWAALS =    28257.0260  EEL     =  -188781.3948  HBOND      =        0.0000
 1-4 VDW =      256.7828  1-4 EEL =    -3781.5138  RESTRAINT  =        0.0000


   NSTEP       ENERGY          RMS            GMAX         NAME    NUMBER
   2600      -1.5167E+05     1.6201E-01     9.7503E+00     C6        675

 BOND    =    11222.6466  ANGLE   =      169.4578  DIHED      =      994.3211
 VDWAALS =    28262.6504  EEL     =  -188797.8292  HBOND      =        0.0000
 1-4 VDW =      256.9128  1-4 EEL =    -3781.4600  RESTRAINT  =        0.0000


   NSTEP       ENERGY          RMS            GMAX         NAME    NUMBER
   2650      -1.5168E+05     5.0475E-02     2.9581E+00     Na+      1091

 BOND    =    11223.3600  ANGLE   =      169.5142  DIHED      =      994.4033
 VDWAALS =    28268.3939  EEL     =  -188814.0770  HBOND      =        0.0000
 1-4 VDW =      256.8490  1-4 EEL =    -3781.6294  RESTRAINT  =        0.0000


   NSTEP       ENERGY          RMS            GMAX         NAME    NUMBER
   2700      -1.5169E+05     1.3463E-01     1.0112E+01     C2        368

 BOND    =    11224.9101  ANGLE   =      169.3683  DIHED      =      994.4902
 VDWAALS =    28274.6799  EEL     =  -188831.0693  HBOND      =        0.0000
 1-4 VDW =      256.8630  1-4 EEL =    -3781.7265  RESTRAINT  =        0.0000


   NSTEP       ENERGY          RMS            GMAX         NAME    NUMBER
   2750      -1.5170E+05     5.5180E-02     2.5580E+00     C2        368

 BOND    =    11225.7047  ANGLE   =      168.9568  DIHED      =      994.5781
 VDWAALS =    28280.5846  EEL     =  -188846.7606  HBOND      =        0.0000
 1-4 VDW =      256.9385  1-4 EEL =    -3781.6077  RESTRAINT  =        0.0000


   NSTEP       ENERGY          RMS            GMAX         NAME    NUMBER
   2800      -1.5171E+05     1.0828E-01     8.2872E+00     C2        368

 BOND    =    11226.8171  ANGLE   =      168.8420  DIHED      =      994.6583
 VDWAALS =    28286.4466  EEL     =  -188862.5663  HBOND      =        0.0000
 1-4 VDW =      256.9546  1-4 EEL =    -3781.5676  RESTRAINT  =        0.0000


   NSTEP       ENERGY          RMS            GMAX         NAME    NUMBER
   2850      -1.5172E+05     4.9554E-02     1.6398E+00     C2        368

 BOND    =    11228.2241  ANGLE   =      168.4702  DIHED      =      994.7266
 VDWAALS =    28292.0938  EEL     =  -188878.0950  HBOND      =        0.0000
 1-4 VDW =      256.9972  1-4 EEL =    -3781.6060  RESTRAINT  =        0.0000


   NSTEP       ENERGY          RMS            GMAX         NAME    NUMBER
   2900      -1.5173E+05     8.2927E-02     5.6836E+00     C2        368

 BOND    =    11229.7362  ANGLE   =      168.1605  DIHED      =      994.7931
 VDWAALS =    28297.9677  EEL     =  -188894.0861  HBOND      =        0.0000
 1-4 VDW =      257.0424  1-4 EEL =    -3781.5911  RESTRAINT  =        0.0000


   NSTEP       ENERGY          RMS            GMAX         NAME    NUMBER
   2950      -1.5174E+05     1.3291E-01     1.0159E+01     C2        368

 BOND    =    11231.3498  ANGLE   =      167.8799  DIHED      =      994.8529
 VDWAALS =    28303.7831  EEL     =  -188909.7803  HBOND      =        0.0000
 1-4 VDW =      257.0881  1-4 EEL =    -3781.5743  RESTRAINT  =        0.0000


   NSTEP       ENERGY          RMS            GMAX         NAME    NUMBER
   3000      -1.5174E+05     2.0163E-01     1.4075E+01     C2        368

 BOND    =    11233.3020  ANGLE   =      167.4607  DIHED      =      994.9090
 VDWAALS =    28309.5925  EEL     =  -188925.5983  HBOND      =        0.0000
 1-4 VDW =      257.1803  1-4 EEL =    -3781.5181  RESTRAINT  =        0.0000


   NSTEP       ENERGY          RMS            GMAX         NAME    NUMBER
   3050      -1.5175E+05     7.0877E-02     4.4300E+00     C2        368

 BOND    =    11233.2077  ANGLE   =      167.5885  DIHED      =      994.9637
 VDWAALS =    28315.6867  EEL     =  -188941.1853  HBOND      =        0.0000
 1-4 VDW =      257.1185  1-4 EEL =    -3781.3963  RESTRAINT  =        0.0000


   NSTEP       ENERGY          RMS            GMAX         NAME    NUMBER
   3100      -1.5176E+05     4.7698E-02     1.1828E+00     C2        368

 BOND    =    11234.6034  ANGLE   =      167.3863  DIHED      =      995.0095
 VDWAALS =    28321.7253  EEL     =  -188957.3498  HBOND      =        0.0000
 1-4 VDW =      257.1322  1-4 EEL =    -3781.3893  RESTRAINT  =        0.0000


   NSTEP       ENERGY          RMS            GMAX         NAME    NUMBER
   3150      -1.5177E+05     6.8630E-02     3.6241E+00     C5        361

 BOND    =    11235.8726  ANGLE   =      167.2961  DIHED      =      995.0504
 VDWAALS =    28327.6236  EEL     =  -188973.2720  HBOND      =        0.0000
 1-4 VDW =      257.1280  1-4 EEL =    -3781.3676  RESTRAINT  =        0.0000


   NSTEP       ENERGY          RMS            GMAX         NAME    NUMBER
   3200      -1.5178E+05     1.5384E-01     9.6061E+00     C6        675

 BOND    =    11237.1286  ANGLE   =      167.4870  DIHED      =      995.0855
 VDWAALS =    28333.4589  EEL     =  -188988.9954  HBOND      =        0.0000
 1-4 VDW =      257.0703  1-4 EEL =    -3781.3918  RESTRAINT  =        0.0000


   NSTEP       ENERGY          RMS            GMAX         NAME    NUMBER
   3250      -1.5179E+05     4.8503E-02     1.4629E+00     H2      11352

 BOND    =    11238.2636  ANGLE   =      166.8713  DIHED      =      995.1243
 VDWAALS =    28339.0104  EEL     =  -189004.6705  HBOND      =        0.0000
 1-4 VDW =      257.1909  1-4 EEL =    -3781.1933  RESTRAINT  =        0.0000


   NSTEP       ENERGY          RMS            GMAX         NAME    NUMBER
   3300      -1.5180E+05     7.0916E-02     4.2777E+00     C5        361

 BOND    =    11239.4185  ANGLE   =      166.7511  DIHED      =      995.1562
 VDWAALS =    28344.6747  EEL     =  -189020.4797  HBOND      =        0.0000
 1-4 VDW =      257.2038  1-4 EEL =    -3781.1051  RESTRAINT  =        0.0000


   NSTEP       ENERGY          RMS            GMAX         NAME    NUMBER
   3350      -1.5181E+05     1.9535E-01     1.2997E+01     C6        675

 BOND    =    11240.2977  ANGLE   =      167.2622  DIHED      =      995.1842
 VDWAALS =    28350.3742  EEL     =  -189036.0060  HBOND      =        0.0000
 1-4 VDW =      257.0993  1-4 EEL =    -3781.0784  RESTRAINT  =        0.0000


   NSTEP       ENERGY          RMS            GMAX         NAME    NUMBER
   3400      -1.5182E+05     8.0070E-02     5.1287E+00     C2        368

 BOND    =    11242.1109  ANGLE   =      166.3723  DIHED      =      995.2052
 VDWAALS =    28355.6193  EEL     =  -189051.8145  HBOND      =        0.0000
 1-4 VDW =      257.2295  1-4 EEL =    -3781.0232  RESTRAINT  =        0.0000


   NSTEP       ENERGY          RMS            GMAX         NAME    NUMBER
   3450      -1.5183E+05     5.0127E-02     1.6150E+00     C5        361

 BOND    =    11242.9406  ANGLE   =      166.3145  DIHED      =      995.2298
 VDWAALS =    28360.9200  EEL     =  -189066.8538  HBOND      =        0.0000
 1-4 VDW =      257.2282  1-4 EEL =    -3780.9085  RESTRAINT  =        0.0000


   NSTEP       ENERGY          RMS            GMAX         NAME    NUMBER
   3500      -1.5183E+05     5.2545E-02     1.8911E+00     C5        361

 BOND    =    11244.0440  ANGLE   =      166.2234  DIHED      =      995.2522
 VDWAALS =    28366.2344  EEL     =  -189082.2326  HBOND      =        0.0000
 1-4 VDW =      257.2255  1-4 EEL =    -3780.8347  RESTRAINT  =        0.0000


   NSTEP       ENERGY          RMS            GMAX         NAME    NUMBER
   3550      -1.5184E+05     1.3501E-01     9.9317E+00     C5        361

 BOND    =    11245.2152  ANGLE   =      166.1926  DIHED      =      995.2782
 VDWAALS =    28371.6216  EEL     =  -189097.8010  HBOND      =        0.0000
 1-4 VDW =      257.2338  1-4 EEL =    -3780.6908  RESTRAINT  =        0.0000


   NSTEP       ENERGY          RMS            GMAX         NAME    NUMBER
   3600      -1.5185E+05     5.7342E-02     2.7030E+00     C2        368

 BOND    =    11246.5916  ANGLE   =      165.9004  DIHED      =      995.2968
 VDWAALS =    28376.7762  EEL     =  -189113.0728  HBOND      =        0.0000
 1-4 VDW =      257.2430  1-4 EEL =    -3780.6873  RESTRAINT  =        0.0000


   NSTEP       ENERGY          RMS            GMAX         NAME    NUMBER
   3650      -1.5186E+05     8.4771E-02     5.3159E+00     C2        368

 BOND    =    11248.0079  ANGLE   =      165.7283  DIHED      =      995.3212
 VDWAALS =    28382.1134  EEL     =  -189128.6843  HBOND      =        0.0000
 1-4 VDW =      257.2562  1-4 EEL =    -3780.6027  RESTRAINT  =        0.0000


   NSTEP       ENERGY          RMS            GMAX         NAME    NUMBER
   3700      -1.5187E+05     1.6525E-01     1.0778E+01     C5        361

 BOND    =    11249.2649  ANGLE   =      166.0416  DIHED      =      995.3440
 VDWAALS =    28387.3799  EEL     =  -189143.9291  HBOND      =        0.0000
 1-4 VDW =      257.1623  1-4 EEL =    -3780.6096  RESTRAINT  =        0.0000


   NSTEP       ENERGY          RMS            GMAX         NAME    NUMBER
   3750      -1.5188E+05     6.7295E-02     3.4131E+00     C5        361

 BOND    =    11250.1262  ANGLE   =      165.6051  DIHED      =      995.3766
 VDWAALS =    28392.3018  EEL     =  -189158.6472  HBOND      =        0.0000
 1-4 VDW =      257.2467  1-4 EEL =    -3780.3452  RESTRAINT  =        0.0000


   NSTEP       ENERGY          RMS            GMAX         NAME    NUMBER
   3800      -1.5189E+05     1.5156E-01     9.6571E+00     C2        368

 BOND    =    11251.0580  ANGLE   =      165.9997  DIHED      =      995.4020
 VDWAALS =    28397.3165  EEL     =  -189173.6831  HBOND      =        0.0000
 1-4 VDW =      257.1559  1-4 EEL =    -3780.2567  RESTRAINT  =        0.0000


   NSTEP       ENERGY          RMS            GMAX         NAME    NUMBER
   3850      -1.5190E+05     6.1203E-02     3.1346E+00     C2        368

 BOND    =    11252.6892  ANGLE   =      165.5274  DIHED      =      995.4195
 VDWAALS =    28401.9027  EEL     =  -189188.7180  HBOND      =        0.0000
 1-4 VDW =      257.2101  1-4 EEL =    -3780.1876  RESTRAINT  =        0.0000


   NSTEP       ENERGY          RMS            GMAX         NAME    NUMBER
   3900      -1.5190E+05     1.1606E-01     8.0152E+00     C5        361

 BOND    =    11254.1595  ANGLE   =      165.5288  DIHED      =      995.4336
 VDWAALS =    28406.6193  EEL     =  -189203.7200  HBOND      =        0.0000
 1-4 VDW =      257.1945  1-4 EEL =    -3780.1166  RESTRAINT  =        0.0000


   NSTEP       ENERGY          RMS            GMAX         NAME    NUMBER
   3950      -1.5191E+05     1.9169E-01     1.3715E+01     C6        675

 BOND    =    11256.3273  ANGLE   =      164.8958  DIHED      =      995.4486
 VDWAALS =    28411.2394  EEL     =  -189218.7133  HBOND      =        0.0000
 1-4 VDW =      257.3565  1-4 EEL =    -3779.8952  RESTRAINT  =        0.0000


   NSTEP       ENERGY          RMS            GMAX         NAME    NUMBER
   4000      -1.5192E+05     6.8129E-02     3.3614E+00     C5        361

 BOND    =    11256.3435  ANGLE   =      165.2139  DIHED      =      995.4601
 VDWAALS =    28416.3033  EEL     =  -189233.5483  HBOND      =        0.0000
 1-4 VDW =      257.2669  1-4 EEL =    -3779.7527  RESTRAINT  =        0.0000


   NSTEP       ENERGY          RMS            GMAX         NAME    NUMBER
   4050      -1.5193E+05     1.5454E-01     1.0352E+01     C6        675

 BOND    =    11257.1982  ANGLE   =      165.6879  DIHED      =      995.4674
 VDWAALS =    28421.1805  EEL     =  -189248.4161  HBOND      =        0.0000
 1-4 VDW =      257.1748  1-4 EEL =    -3779.6741  RESTRAINT  =        0.0000


   NSTEP       ENERGY          RMS            GMAX         NAME    NUMBER
   4100      -1.5194E+05     7.1717E-02     4.1771E+00     C2        368

 BOND    =    11259.0394  ANGLE   =      165.0023  DIHED      =      995.4723
 VDWAALS =    28425.5025  EEL     =  -189263.3612  HBOND      =        0.0000
 1-4 VDW =      257.2978  1-4 EEL =    -3779.5662  RESTRAINT  =        0.0000


   NSTEP       ENERGY          RMS            GMAX         NAME    NUMBER
   4150      -1.5195E+05     1.2734E-01     9.2007E+00     C2        368

 BOND    =    11260.5949  ANGLE   =      164.9384  DIHED      =      995.4756
 VDWAALS =    28429.9100  EEL     =  -189278.3710  HBOND      =        0.0000
 1-4 VDW =      257.3033  1-4 EEL =    -3779.4989  RESTRAINT  =        0.0000


   NSTEP       ENERGY          RMS            GMAX         NAME    NUMBER
   4200      -1.5196E+05     1.8796E-01     1.2006E+01     C5        361

 BOND    =    11261.8522  ANGLE   =      165.2368  DIHED      =      995.4751
 VDWAALS =    28434.7276  EEL     =  -189293.7813  HBOND      =        0.0000
 1-4 VDW =      257.2268  1-4 EEL =    -3779.4686  RESTRAINT  =        0.0000


   NSTEP       ENERGY          RMS            GMAX         NAME    NUMBER
   4250      -1.5197E+05     7.5278E-02     4.0036E+00     C2        368

 BOND    =    11262.5266  ANGLE   =      164.8884  DIHED      =      995.4832
 VDWAALS =    28439.4812  EEL     =  -189308.4230  HBOND      =        0.0000
 1-4 VDW =      257.2837  1-4 EEL =    -3779.2068  RESTRAINT  =        0.0000


   NSTEP       ENERGY          RMS            GMAX         NAME    NUMBER
   4300      -1.5198E+05     1.6261E-01     9.6732E+00     C5        361

 BOND    =    11264.3069  ANGLE   =      164.4403  DIHED      =      995.4890
 VDWAALS =    28444.1172  EEL     =  -189322.8355  HBOND      =        0.0000
 1-4 VDW =      257.3909  1-4 EEL =    -3778.9873  RESTRAINT  =        0.0000


   NSTEP       ENERGY          RMS            GMAX         NAME    NUMBER
   4350      -1.5198E+05     8.4551E-02     5.5557E+00     C2        368

 BOND    =    11265.3199  ANGLE   =      164.5530  DIHED      =      995.4853
 VDWAALS =    28448.9819  EEL     =  -189337.4861  HBOND      =        0.0000
 1-4 VDW =      257.2974  1-4 EEL =    -3779.0720  RESTRAINT  =        0.0000


   NSTEP       ENERGY          RMS            GMAX         NAME    NUMBER
   4400      -1.5199E+05     1.2935E-01     9.2260E+00     C2        368

 BOND    =    11266.7988  ANGLE   =      164.3695  DIHED      =      995.4909
 VDWAALS =    28453.5495  EEL     =  -189351.4970  HBOND      =        0.0000
 1-4 VDW =      257.3186  1-4 EEL =    -3778.9854  RESTRAINT  =        0.0000


   NSTEP       ENERGY          RMS            GMAX         NAME    NUMBER
   4450      -1.5200E+05     4.7882E-02     1.6411E+00     C5        361

 BOND    =    11267.2121  ANGLE   =      164.4415  DIHED      =      995.5019
 VDWAALS =    28458.0005  EEL     =  -189364.6405  HBOND      =        0.0000
 1-4 VDW =      257.2822  1-4 EEL =    -3778.8339  RESTRAINT  =        0.0000


   NSTEP       ENERGY          RMS            GMAX         NAME    NUMBER
   4500      -1.5201E+05     1.2390E-01     7.2147E+00     C5        361

 BOND    =    11268.5693  ANGLE   =      164.2126  DIHED      =      995.5160
 VDWAALS =    28462.5580  EEL     =  -189378.3636  HBOND      =        0.0000
 1-4 VDW =      257.3369  1-4 EEL =    -3778.6569  RESTRAINT  =        0.0000


   NSTEP       ENERGY          RMS            GMAX         NAME    NUMBER
   4550      -1.5202E+05     1.9076E-01     1.4790E+01     C6        675

 BOND    =    11268.9579  ANGLE   =      165.0859  DIHED      =      995.5223
 VDWAALS =    28467.1574  EEL     =  -189391.2197  HBOND      =        0.0000
 1-4 VDW =      257.1321  1-4 EEL =    -3778.7145  RESTRAINT  =        0.0000


   NSTEP       ENERGY          RMS            GMAX         NAME    NUMBER
   4600      -1.5202E+05     7.4654E-02     4.3390E+00     C5        361

 BOND    =    11270.4953  ANGLE   =      164.3779  DIHED      =      995.5325
 VDWAALS =    28471.4197  EEL     =  -189404.5260  HBOND      =        0.0000
 1-4 VDW =      257.2445  1-4 EEL =    -3778.6326  RESTRAINT  =        0.0000


   NSTEP       ENERGY          RMS            GMAX         NAME    NUMBER
   4650      -1.5203E+05     1.4324E-01     8.4824E+00     C6        675

 BOND    =    11272.2559  ANGLE   =      163.9624  DIHED      =      995.5444
 VDWAALS =    28475.6890  EEL     =  -189417.6452  HBOND      =        0.0000
 1-4 VDW =      257.3464  1-4 EEL =    -3778.5046  RESTRAINT  =        0.0000


   NSTEP       ENERGY          RMS            GMAX         NAME    NUMBER
   4700      -1.5204E+05     7.3467E-02     4.6724E+00     C5        361

 BOND    =    11272.4060  ANGLE   =      164.3257  DIHED      =      995.5544
 VDWAALS =    28480.2866  EEL     =  -189430.5495  HBOND      =        0.0000
 1-4 VDW =      257.2629  1-4 EEL =    -3778.3829  RESTRAINT  =        0.0000


   NSTEP       ENERGY          RMS            GMAX         NAME    NUMBER
   4750      -1.5205E+05     1.2553E-01     9.0175E+00     C5        361

 BOND    =    11273.5703  ANGLE   =      164.3122  DIHED      =      995.5618
 VDWAALS =    28484.7686  EEL     =  -189443.6357  HBOND      =        0.0000
 1-4 VDW =      257.2843  1-4 EEL =    -3778.2537  RESTRAINT  =        0.0000


   NSTEP       ENERGY          RMS            GMAX         NAME    NUMBER
   4800      -1.5205E+05     4.4999E-02     1.4075E+00     H2       1641

 BOND    =    11274.6793  ANGLE   =      164.2549  DIHED      =      995.5589
 VDWAALS =    28489.1131  EEL     =  -189456.4662  HBOND      =        0.0000
 1-4 VDW =      257.2748  1-4 EEL =    -3778.2632  RESTRAINT  =        0.0000


   NSTEP       ENERGY          RMS            GMAX         NAME    NUMBER
   4850      -1.5206E+05     1.0346E-01     6.9353E+00     C5        361

 BOND    =    11275.9515  ANGLE   =      164.3745  DIHED      =      995.5526
 VDWAALS =    28493.6098  EEL     =  -189469.5559  HBOND      =        0.0000
 1-4 VDW =      257.2521  1-4 EEL =    -3778.2452  RESTRAINT  =        0.0000


   NSTEP       ENERGY          RMS            GMAX         NAME    NUMBER
   4900      -1.5207E+05     1.4414E-01     1.0667E+01     C5        361

 BOND    =    11277.5747  ANGLE   =      164.1451  DIHED      =      995.5443
 VDWAALS =    28498.0852  EEL     =  -189482.7146  HBOND      =        0.0000
 1-4 VDW =      257.3103  1-4 EEL =    -3778.1380  RESTRAINT  =        0.0000


   NSTEP       ENERGY          RMS            GMAX         NAME    NUMBER
   4950      -1.5208E+05     6.0337E-02     2.9723E+00     C5        361

 BOND    =    11278.0013  ANGLE   =      164.2521  DIHED      =      995.5365
 VDWAALS =    28502.5943  EEL     =  -189495.2833  HBOND      =        0.0000
 1-4 VDW =      257.3095  1-4 EEL =    -3777.9544  RESTRAINT  =        0.0000


   NSTEP       ENERGY          RMS            GMAX         NAME    NUMBER
   5000      -1.5208E+05     1.3616E-01     8.6176E+00     C6        675

 BOND    =    11278.7767  ANGLE   =      164.7729  DIHED      =      995.5210
 VDWAALS =    28507.2435  EEL     =  -189507.8759  HBOND      =        0.0000
 1-4 VDW =      257.2102  1-4 EEL =    -3777.9069  RESTRAINT  =        0.0000


   NSTEP       ENERGY          RMS            GMAX         NAME    NUMBER
   5050      -1.5216E+05     1.8117E-01     1.2913E+01     P        1043

 BOND    =    11296.7134  ANGLE   =      164.6179  DIHED      =      995.2284
 VDWAALS =    28577.8598  EEL     =  -189677.4136  HBOND      =        0.0000
 1-4 VDW =      257.6188  1-4 EEL =    -3776.3823  RESTRAINT  =        0.0000


   NSTEP       ENERGY          RMS            GMAX         NAME    NUMBER
   5100      -1.5219E+05     1.1657E-01     1.0638E+01     P        1043

 BOND    =    11303.4038  ANGLE   =      164.2153  DIHED      =      994.7194
 VDWAALS =    28595.8843  EEL     =  -189731.9789  HBOND      =        0.0000
 1-4 VDW =      257.6462  1-4 EEL =    -3776.0753  RESTRAINT  =        0.0000


   NSTEP       ENERGY          RMS            GMAX         NAME    NUMBER
   5150      -1.5222E+05     1.0634E-01     7.4101E+00     C4'      1050

 BOND    =    11304.6939  ANGLE   =      163.9495  DIHED      =      994.4202
 VDWAALS =    28622.6140  EEL     =  -189787.6088  HBOND      =        0.0000
 1-4 VDW =      257.7498  1-4 EEL =    -3776.1260  RESTRAINT  =        0.0000


   NSTEP       ENERGY          RMS            GMAX         NAME    NUMBER
   5200      -1.5224E+05     1.0402E-01     6.5048E+00     H5''     1049

 BOND    =    11311.6510  ANGLE   =      163.8018  DIHED      =      994.2769
 VDWAALS =    28639.9570  EEL     =  -189830.9333  HBOND      =        0.0000
 1-4 VDW =      257.8364  1-4 EEL =    -3776.0215  RESTRAINT  =        0.0000


   NSTEP       ENERGY          RMS            GMAX         NAME    NUMBER
   5250      -1.5226E+05     1.0559E-01     4.9118E+00     H5''     1049

 BOND    =    11316.8153  ANGLE   =      163.8157  DIHED      =      994.0011
 VDWAALS =    28655.7258  EEL     =  -189871.3699  HBOND      =        0.0000
 1-4 VDW =      257.7780  1-4 EEL =    -3775.8956  RESTRAINT  =        0.0000


   NSTEP       ENERGY          RMS            GMAX         NAME    NUMBER
   5300      -1.5228E+05     1.1043E-01     7.9378E+00     OP2      1045

 BOND    =    11320.5822  ANGLE   =      164.2291  DIHED      =      993.6131
 VDWAALS =    28671.9826  EEL     =  -189910.1403  HBOND      =        0.0000
 1-4 VDW =      257.8027  1-4 EEL =    -3775.5333  RESTRAINT  =        0.0000


   NSTEP       ENERGY          RMS            GMAX         NAME    NUMBER
   5350      -1.5230E+05     1.7299E-01     9.0352E+00     C3'      1037

 BOND    =    11326.9085  ANGLE   =      164.5873  DIHED      =      993.1423
 VDWAALS =    28689.0321  EEL     =  -189953.2959  HBOND      =        0.0000
 1-4 VDW =      257.8120  1-4 EEL =    -3775.2959  RESTRAINT  =        0.0000


   NSTEP       ENERGY          RMS            GMAX         NAME    NUMBER
   5400      -1.5232E+05     1.4679E-01     8.7518E+00     C4'      1050

 BOND    =    11330.1777  ANGLE   =      164.7841  DIHED      =      992.6377
 VDWAALS =    28705.5840  EEL     =  -189993.6863  HBOND      =        0.0000
 1-4 VDW =      257.6821  1-4 EEL =    -3775.3519  RESTRAINT  =        0.0000


   NSTEP       ENERGY          RMS            GMAX         NAME    NUMBER
   5450      -1.5234E+05     1.3910E-01     6.7308E+00     OP2      1045

 BOND    =    11331.9284  ANGLE   =      164.5852  DIHED      =      992.0612
 VDWAALS =    28721.8416  EEL     =  -190030.8109  HBOND      =        0.0000
 1-4 VDW =      257.5664  1-4 EEL =    -3774.9408  RESTRAINT  =        0.0000


   NSTEP       ENERGY          RMS            GMAX         NAME    NUMBER
   5500      -1.5236E+05     1.3557E-01     6.6427E+00     C4'      1050

 BOND    =    11336.6929  ANGLE   =      164.6933  DIHED      =      991.4328
 VDWAALS =    28739.4418  EEL     =  -190073.2417  HBOND      =        0.0000
 1-4 VDW =      257.5222  1-4 EEL =    -3774.5560  RESTRAINT  =        0.0000


   NSTEP       ENERGY          RMS            GMAX         NAME    NUMBER
   5550      -1.5238E+05     1.6649E-01     1.0375E+01     P        1043

 BOND    =    11344.0376  ANGLE   =      164.9259  DIHED      =      990.7887
 VDWAALS =    28756.0729  EEL     =  -190115.9760  HBOND      =        0.0000
 1-4 VDW =      257.3882  1-4 EEL =    -3774.3910  RESTRAINT  =        0.0000


   NSTEP       ENERGY          RMS            GMAX         NAME    NUMBER
   5600      -1.5240E+05     1.6338E-01     8.3046E+00     C4'      1050

 BOND    =    11346.0489  ANGLE   =      165.0804  DIHED      =      990.1946
 VDWAALS =    28772.8603  EEL     =  -190153.8348  HBOND      =        0.0000
 1-4 VDW =      257.3985  1-4 EEL =    -3774.2169  RESTRAINT  =        0.0000


   NSTEP       ENERGY          RMS            GMAX         NAME    NUMBER
   5650      -1.5242E+05     1.7458E-01     8.1751E+00     O       17875

 BOND    =    11351.2737  ANGLE   =      165.2675  DIHED      =      989.6461
 VDWAALS =    28790.9102  EEL     =  -190197.4326  HBOND      =        0.0000
 1-4 VDW =      257.4103  1-4 EEL =    -3773.9263  RESTRAINT  =        0.0000


   NSTEP       ENERGY          RMS            GMAX         NAME    NUMBER
   5700      -1.5244E+05     1.5228E-01     1.0733E+01     C5'      1047

 BOND    =    11353.7669  ANGLE   =      165.0193  DIHED      =      989.1658
 VDWAALS =    28808.7626  EEL     =  -190237.6190  HBOND      =        0.0000
 1-4 VDW =      257.3192  1-4 EEL =    -3773.0092  RESTRAINT  =        0.0000


   NSTEP       ENERGY          RMS            GMAX         NAME    NUMBER
   5750      -1.5245E+05     1.4541E-01     9.0657E+00     O       17875

 BOND    =    11348.3278  ANGLE   =      164.5435  DIHED      =      988.7407
 VDWAALS =    28823.8531  EEL     =  -190264.4537  HBOND      =        0.0000
 1-4 VDW =      257.2280  1-4 EEL =    -3772.5812  RESTRAINT  =        0.0000


   NSTEP       ENERGY          RMS            GMAX         NAME    NUMBER
   5800      -1.5247E+05     1.3920E-01     9.6042E+00     O       17875

 BOND    =    11354.6877  ANGLE   =      164.3321  DIHED      =      988.3792
 VDWAALS =    28837.8975  EEL     =  -190301.1753  HBOND      =        0.0000
 1-4 VDW =      257.2595  1-4 EEL =    -3772.4092  RESTRAINT  =        0.0000


   NSTEP       ENERGY          RMS            GMAX         NAME    NUMBER
   5850      -1.5249E+05     1.6066E-01     1.0670E+01     OP2      1045

 BOND    =    11356.4459  ANGLE   =      164.5911  DIHED      =      988.0491
 VDWAALS =    28849.1134  EEL     =  -190331.4135  HBOND      =        0.0000
 1-4 VDW =      257.3317  1-4 EEL =    -3772.3386  RESTRAINT  =        0.0000


   NSTEP       ENERGY          RMS            GMAX         NAME    NUMBER
   5900      -1.5251E+05     1.4699E-01     1.5066E+01     O       17875

 BOND    =    11362.3953  ANGLE   =      163.7837  DIHED      =      987.8048
 VDWAALS =    28855.3024  EEL     =  -190359.6677  HBOND      =        0.0000
 1-4 VDW =      257.1312  1-4 EEL =    -3771.8787  RESTRAINT  =        0.0000


   NSTEP       ENERGY          RMS            GMAX         NAME    NUMBER
   5950      -1.5252E+05     9.1266E-02     6.1221E+00     O       17875

 BOND    =    11363.5103  ANGLE   =      163.5582  DIHED      =      987.5870
 VDWAALS =    28865.6570  EEL     =  -190386.3300  HBOND      =        0.0000
 1-4 VDW =      257.0840  1-4 EEL =    -3771.6876  RESTRAINT  =        0.0000


   NSTEP       ENERGY          RMS            GMAX         NAME    NUMBER
   6000      -1.5254E+05     1.1767E-01     7.6409E+00     OP2      1045

 BOND    =    11365.0407  ANGLE   =      163.3858  DIHED      =      987.4854
 VDWAALS =    28883.1546  EEL     =  -190427.4872  HBOND      =        0.0000
 1-4 VDW =      256.9918  1-4 EEL =    -3771.9068  RESTRAINT  =        0.0000


   NSTEP       ENERGY          RMS            GMAX         NAME    NUMBER
   6050      -1.5256E+05     9.8920E-02     6.1446E+00     O5'      1046

 BOND    =    11367.1429  ANGLE   =      163.4350  DIHED      =      987.3726
 VDWAALS =    28892.4420  EEL     =  -190451.7751  HBOND      =        0.0000
 1-4 VDW =      256.8462  1-4 EEL =    -3771.7228  RESTRAINT  =        0.0000


   NSTEP       ENERGY          RMS            GMAX         NAME    NUMBER
   6100      -1.5257E+05     1.0627E-01     6.1815E+00     O5'      1046

 BOND    =    11369.5975  ANGLE   =      163.2588  DIHED      =      987.1725
 VDWAALS =    28901.7691  EEL     =  -190475.2478  HBOND      =        0.0000
 1-4 VDW =      256.8534  1-4 EEL =    -3771.5724  RESTRAINT  =        0.0000


   NSTEP       ENERGY          RMS            GMAX         NAME    NUMBER
   6150      -1.5258E+05     1.1455E-01     6.6804E+00     O5'      1046

 BOND    =    11372.4875  ANGLE   =      163.1796  DIHED      =      986.9478
 VDWAALS =    28911.3643  EEL     =  -190500.1123  HBOND      =        0.0000
 1-4 VDW =      256.8825  1-4 EEL =    -3771.4869  RESTRAINT  =        0.0000


   NSTEP       ENERGY          RMS            GMAX         NAME    NUMBER
   6200      -1.5259E+05     1.1533E-01     5.9267E+00     O5'      1046

 BOND    =    11374.8798  ANGLE   =      163.0101  DIHED      =      986.5449
 VDWAALS =    28920.4498  EEL     =  -190524.9614  HBOND      =        0.0000
 1-4 VDW =      256.9048  1-4 EEL =    -3771.2989  RESTRAINT  =        0.0000


   NSTEP       ENERGY          RMS            GMAX         NAME    NUMBER
   6250      -1.5261E+05     8.9710E-02     5.0859E+00     O5'      1046

 BOND    =    11377.2341  ANGLE   =      162.7901  DIHED      =      986.1324
 VDWAALS =    28931.0199  EEL     =  -190550.6594  HBOND      =        0.0000
 1-4 VDW =      256.9535  1-4 EEL =    -3771.0984  RESTRAINT  =        0.0000


   NSTEP       ENERGY          RMS            GMAX         NAME    NUMBER
   6300      -1.5262E+05     1.0469E-01     5.2373E+00     C6        675

 BOND    =    11380.2757  ANGLE   =      162.4577  DIHED      =      985.7044
 VDWAALS =    28940.4762  EEL     =  -190575.1169  HBOND      =        0.0000
 1-4 VDW =      257.0072  1-4 EEL =    -3770.8665  RESTRAINT  =        0.0000


   NSTEP       ENERGY          RMS            GMAX         NAME    NUMBER
   6350      -1.5263E+05     9.9563E-02     4.4074E+00     O5'      1046

 BOND    =    11382.7981  ANGLE   =      162.7362  DIHED      =      985.2332
 VDWAALS =    28949.8631  EEL     =  -190599.6196  HBOND      =        0.0000
 1-4 VDW =      256.8991  1-4 EEL =    -3770.7200  RESTRAINT  =        0.0000


   NSTEP       ENERGY          RMS            GMAX         NAME    NUMBER
   6400      -1.5265E+05     8.3950E-02     5.1477E+00     N4       1031

 BOND    =    11384.3473  ANGLE   =      162.7291  DIHED      =      984.7423
 VDWAALS =    28958.8970  EEL     =  -190622.3547  HBOND      =        0.0000
 1-4 VDW =      256.8487  1-4 EEL =    -3770.5260  RESTRAINT  =        0.0000


   NSTEP       ENERGY          RMS            GMAX         NAME    NUMBER
   6450      -1.5266E+05     1.0190E-01     5.6904E+00     O5'      1046

 BOND    =    11386.4441  ANGLE   =      163.1743  DIHED      =      984.2827
 VDWAALS =    28968.2172  EEL     =  -190646.9929  HBOND      =        0.0000
 1-4 VDW =      256.7943  1-4 EEL =    -3770.4561  RESTRAINT  =        0.0000


   NSTEP       ENERGY          RMS            GMAX         NAME    NUMBER
   6500      -1.5267E+05     8.4831E-02     5.4017E+00     O5'      1046

 BOND    =    11388.8887  ANGLE   =      163.0872  DIHED      =      983.7743
 VDWAALS =    28976.3591  EEL     =  -190671.0817  HBOND      =        0.0000
 1-4 VDW =      256.7845  1-4 EEL =    -3770.2243  RESTRAINT  =        0.0000


   NSTEP       ENERGY          RMS            GMAX         NAME    NUMBER
   6550      -1.5269E+05     2.3351E-01     9.7596E+00     O5'      1046

 BOND    =    11392.5099  ANGLE   =      164.5273  DIHED      =      983.7627
 VDWAALS =    28988.0258  EEL     =  -190705.0278  HBOND      =        0.0000
 1-4 VDW =      256.7575  1-4 EEL =    -3770.2506  RESTRAINT  =        0.0000


   NSTEP       ENERGY          RMS            GMAX         NAME    NUMBER
   6600      -1.5270E+05     5.7589E-02     3.6197E+00     OP2      1045

 BOND    =    11392.7588  ANGLE   =      162.9886  DIHED      =      982.7606
 VDWAALS =    28992.8273  EEL     =  -190722.8659  HBOND      =        0.0000
 1-4 VDW =      256.6404  1-4 EEL =    -3769.6480  RESTRAINT  =        0.0000


   NSTEP       ENERGY          RMS            GMAX         NAME    NUMBER
   6650      -1.5273E+05     6.9235E-02     3.4433E+00     C2'      1039

 BOND    =    11397.1838  ANGLE   =      163.1228  DIHED      =      982.1801
 VDWAALS =    29010.6044  EEL     =  -190767.2579  HBOND      =        0.0000
 1-4 VDW =      256.5926  1-4 EEL =    -3769.3684  RESTRAINT  =        0.0000


   NSTEP       ENERGY          RMS            GMAX         NAME    NUMBER
   6700      -1.5275E+05     5.6938E-02     2.2309E+00     OP2      1045

 BOND    =    11400.6744  ANGLE   =      163.2507  DIHED      =      981.6580
 VDWAALS =    29025.2858  EEL     =  -190803.7921  HBOND      =        0.0000
 1-4 VDW =      256.5600  1-4 EEL =    -3769.1970  RESTRAINT  =        0.0000


   NSTEP       ENERGY          RMS            GMAX         NAME    NUMBER
   6750      -1.5276E+05     7.1883E-02     3.8293E+00     P        1043

 BOND    =    11403.2551  ANGLE   =      163.3796  DIHED      =      981.1727
 VDWAALS =    29035.2719  EEL     =  -190831.6297  HBOND      =        0.0000
 1-4 VDW =      256.5084  1-4 EEL =    -3768.9885  RESTRAINT  =        0.0000


   NSTEP       ENERGY          RMS            GMAX         NAME    NUMBER
   6800      -1.5278E+05     8.0895E-02     3.7955E+00     C4'      1020

 BOND    =    11406.9514  ANGLE   =      163.4122  DIHED      =      980.7736
 VDWAALS =    29042.1772  EEL     =  -190856.2851  HBOND      =        0.0000
 1-4 VDW =      256.4115  1-4 EEL =    -3768.7763  RESTRAINT  =        0.0000


   NSTEP       ENERGY          RMS            GMAX         NAME    NUMBER
   6850      -1.5279E+05     6.4280E-02     3.4142E+00     OP2      1045

 BOND    =    11409.0835  ANGLE   =      163.7963  DIHED      =      980.3730
 VDWAALS =    29051.6479  EEL     =  -190883.8140  HBOND      =        0.0000
 1-4 VDW =      256.3388  1-4 EEL =    -3768.6384  RESTRAINT  =        0.0000


   NSTEP       ENERGY          RMS            GMAX         NAME    NUMBER
   6900      -1.5281E+05     6.1079E-02     3.2505E+00     OP2      1045

 BOND    =    11411.4667  ANGLE   =      163.7880  DIHED      =      980.0699
 VDWAALS =    29058.7278  EEL     =  -190909.5439  HBOND      =        0.0000
 1-4 VDW =      256.2902  1-4 EEL =    -3768.4071  RESTRAINT  =        0.0000


   NSTEP       ENERGY          RMS            GMAX         NAME    NUMBER
   6950      -1.5282E+05     5.7246E-02     3.0171E+00     OP2      1045

 BOND    =    11414.4959  ANGLE   =      163.7546  DIHED      =      979.7693
 VDWAALS =    29068.5843  EEL     =  -190938.6747  HBOND      =        0.0000
 1-4 VDW =      256.3699  1-4 EEL =    -3768.1822  RESTRAINT  =        0.0000


   NSTEP       ENERGY          RMS            GMAX         NAME    NUMBER
   7000      -1.5284E+05     5.6683E-02     2.9674E+00     OP2      1045

 BOND    =    11416.7944  ANGLE   =      163.8702  DIHED      =      979.4619
 VDWAALS =    29078.0697  EEL     =  -190964.6086  HBOND      =        0.0000
 1-4 VDW =      256.3884  1-4 EEL =    -3768.0422  RESTRAINT  =        0.0000


   NSTEP       ENERGY          RMS            GMAX         NAME    NUMBER
   7050      -1.5285E+05     8.0025E-02     5.1658E+00     C3'      1069

 BOND    =    11419.9488  ANGLE   =      163.9847  DIHED      =      979.1757
 VDWAALS =    29088.0739  EEL     =  -190991.9342  HBOND      =        0.0000
 1-4 VDW =      256.3371  1-4 EEL =    -3767.8913  RESTRAINT  =        0.0000


   NSTEP       ENERGY          RMS            GMAX         NAME    NUMBER
   7100      -1.5286E+05     7.7031E-02     3.7868E+00     O5'      1046

 BOND    =    11421.6287  ANGLE   =      163.9713  DIHED      =      979.0115
 VDWAALS =    29095.1831  EEL     =  -191011.4083  HBOND      =        0.0000
 1-4 VDW =      256.2830  1-4 EEL =    -3767.8492  RESTRAINT  =        0.0000


   NSTEP       ENERGY          RMS            GMAX         NAME    NUMBER
   7150      -1.5288E+05     5.8506E-02     2.9195E+00     O       17875

 BOND    =    11424.3179  ANGLE   =      164.2649  DIHED      =      978.5623
 VDWAALS =    29107.9378  EEL     =  -191047.7500  HBOND      =        0.0000
 1-4 VDW =      256.2450  1-4 EEL =    -3767.6757  RESTRAINT  =        0.0000


   NSTEP       ENERGY          RMS            GMAX         NAME    NUMBER
   7200      -1.5290E+05     7.5126E-02     3.5748E+00     O        6493

 BOND    =    11425.5681  ANGLE   =      164.6367  DIHED      =      977.7400
 VDWAALS =    29108.7780  EEL     =  -191069.1330  HBOND      =        0.0000
 1-4 VDW =      256.1204  1-4 EEL =    -3767.3714  RESTRAINT  =        0.0000


   NSTEP       ENERGY          RMS            GMAX         NAME    NUMBER
   7250      -1.5292E+05     9.1678E-02     4.5304E+00     C6        481

 BOND    =    11425.9139  ANGLE   =      164.6827  DIHED      =      977.4530
 VDWAALS =    29111.7579  EEL     =  -191088.3165  HBOND      =        0.0000
 1-4 VDW =      256.1392  1-4 EEL =    -3767.3344  RESTRAINT  =        0.0000


   NSTEP       ENERGY          RMS            GMAX         NAME    NUMBER
   7300      -1.5293E+05     5.6272E-02     2.2999E+00     O       14488

 BOND    =    11429.6576  ANGLE   =      164.9225  DIHED      =      977.3832
 VDWAALS =    29115.7703  EEL     =  -191111.2931  HBOND      =        0.0000
 1-4 VDW =      256.0495  1-4 EEL =    -3767.4232  RESTRAINT  =        0.0000


   NSTEP       ENERGY          RMS            GMAX         NAME    NUMBER
   7350      -1.5295E+05     8.9398E-02     5.6049E+00     C4        586

 BOND    =    11432.1298  ANGLE   =      165.5801  DIHED      =      977.3293
 VDWAALS =    29122.0494  EEL     =  -191134.6170  HBOND      =        0.0000
 1-4 VDW =      256.0104  1-4 EEL =    -3767.7005  RESTRAINT  =        0.0000


   NSTEP       ENERGY          RMS            GMAX         NAME    NUMBER
   7400      -1.5296E+05     1.1452E-01     7.3596E+00     C6         12

 BOND    =    11431.1939  ANGLE   =      165.4247  DIHED      =      977.2234
 VDWAALS =    29128.5103  EEL     =  -191154.4464  HBOND      =        0.0000
 1-4 VDW =      255.9249  1-4 EEL =    -3767.5776  RESTRAINT  =        0.0000


   NSTEP       ENERGY          RMS            GMAX         NAME    NUMBER
   7450      -1.5298E+05     5.7590E-02     2.6619E+00     C4       1030

 BOND    =    11435.8181  ANGLE   =      165.5761  DIHED      =      977.0624
 VDWAALS =    29146.5968  EEL     =  -191197.1199  HBOND      =        0.0000
 1-4 VDW =      255.8650  1-4 EEL =    -3767.9017  RESTRAINT  =        0.0000


   NSTEP       ENERGY          RMS            GMAX         NAME    NUMBER
   7500      -1.5300E+05     6.4347E-02     2.8982E+00     C1'      1053

 BOND    =    11437.9827  ANGLE   =      165.8812  DIHED      =      976.9201
 VDWAALS =    29158.2114  EEL     =  -191221.9275  HBOND      =        0.0000
 1-4 VDW =      256.0142  1-4 EEL =    -3768.2726  RESTRAINT  =        0.0000


   NSTEP       ENERGY          RMS            GMAX         NAME    NUMBER
   7550      -1.5301E+05     6.6655E-02     2.9476E+00     C1'      1053

 BOND    =    11441.2914  ANGLE   =      166.0250  DIHED      =      976.7505
 VDWAALS =    29174.4545  EEL     =  -191257.8377  HBOND      =        0.0000
 1-4 VDW =      255.9687  1-4 EEL =    -3768.5170  RESTRAINT  =        0.0000


   NSTEP       ENERGY          RMS            GMAX         NAME    NUMBER
   7600      -1.5302E+05     6.9407E-02     2.3172E+00     C5'      1047

 BOND    =    11445.2920  ANGLE   =      166.0869  DIHED      =      976.6640
 VDWAALS =    29184.7529  EEL     =  -191282.4034  HBOND      =        0.0000
 1-4 VDW =      255.9527  1-4 EEL =    -3768.6068  RESTRAINT  =        0.0000


   NSTEP       ENERGY          RMS            GMAX         NAME    NUMBER
   7650      -1.5303E+05     7.2656E-02     2.8460E+00     C2       1065

 BOND    =    11448.2925  ANGLE   =      166.0622  DIHED      =      976.5642
 VDWAALS =    29192.8464  EEL     =  -191302.4503  HBOND      =        0.0000
 1-4 VDW =      255.9681  1-4 EEL =    -3768.6562  RESTRAINT  =        0.0000


   NSTEP       ENERGY          RMS            GMAX         NAME    NUMBER
   7700      -1.5305E+05     5.2798E-02     2.2990E+00     H1      26975

 BOND    =    11449.6908  ANGLE   =      166.0279  DIHED      =      976.3471
 VDWAALS =    29202.6058  EEL     =  -191328.1722  HBOND      =        0.0000
 1-4 VDW =      256.0216  1-4 EEL =    -3768.6532  RESTRAINT  =        0.0000


   NSTEP       ENERGY          RMS            GMAX         NAME    NUMBER
   7750      -1.5306E+05     7.7657E-02     8.1479E+00     H2      26976

 BOND    =    11451.0708  ANGLE   =      166.1131  DIHED      =      976.0057
 VDWAALS =    29213.6399  EEL     =  -191355.0185  HBOND      =        0.0000
 1-4 VDW =      256.0402  1-4 EEL =    -3768.6348  RESTRAINT  =        0.0000


   NSTEP       ENERGY          RMS            GMAX         NAME    NUMBER
   7800      -1.5307E+05     1.2681E-01     4.6951E+00     H2      26712

 BOND    =    11453.2226  ANGLE   =      166.3378  DIHED      =      975.6418
 VDWAALS =    29226.5000  EEL     =  -191382.9313  HBOND      =        0.0000
 1-4 VDW =      256.1812  1-4 EEL =    -3768.8929  RESTRAINT  =        0.0000


   NSTEP       ENERGY          RMS            GMAX         NAME    NUMBER
   7850      -1.5309E+05     1.3110E-01     5.6613E+00     C1'       356

 BOND    =    11455.1484  ANGLE   =      166.3556  DIHED      =      975.4754
 VDWAALS =    29232.2673  EEL     =  -191403.1557  HBOND      =        0.0000
 1-4 VDW =      256.1994  1-4 EEL =    -3768.6842  RESTRAINT  =        0.0000


   NSTEP       ENERGY          RMS            GMAX         NAME    NUMBER
   7900      -1.5310E+05     1.7274E-01     9.2467E+00     C5       1059

 BOND    =    11456.3754  ANGLE   =      166.5807  DIHED      =      975.2166
 VDWAALS =    29241.1648  EEL     =  -191423.6167  HBOND      =        0.0000
 1-4 VDW =      256.1279  1-4 EEL =    -3768.7569  RESTRAINT  =        0.0000


   NSTEP       ENERGY          RMS            GMAX         NAME    NUMBER
   7950      -1.5311E+05     1.3981E-01     6.8917E+00     C1'       356

 BOND    =    11458.9315  ANGLE   =      166.7688  DIHED      =      975.0441
 VDWAALS =    29251.3547  EEL     =  -191448.2323  HBOND      =        0.0000
 1-4 VDW =      256.0615  1-4 EEL =    -3768.7799  RESTRAINT  =        0.0000


   NSTEP       ENERGY          RMS            GMAX         NAME    NUMBER
   8000      -1.5312E+05     1.4660E-01     9.0773E+00     C2'      1071

 BOND    =    11461.9506  ANGLE   =      166.9849  DIHED      =      974.8921
 VDWAALS =    29260.4726  EEL     =  -191470.7854  HBOND      =        0.0000
 1-4 VDW =      255.9927  1-4 EEL =    -3768.6384  RESTRAINT  =        0.0000


   NSTEP       ENERGY          RMS            GMAX         NAME    NUMBER
   8050      -1.5313E+05     1.3372E-01     5.9988E+00     H5''     1019

 BOND    =    11463.9382  ANGLE   =      167.1922  DIHED      =      974.6606
 VDWAALS =    29270.7531  EEL     =  -191493.6394  HBOND      =        0.0000
 1-4 VDW =      256.0259  1-4 EEL =    -3768.7312  RESTRAINT  =        0.0000


   NSTEP       ENERGY          RMS            GMAX         NAME    NUMBER
   8100      -1.5314E+05     1.2322E-01     4.9314E+00     N3       1067

 BOND    =    11464.3632  ANGLE   =      167.1808  DIHED      =      974.4475
 VDWAALS =    29278.6677  EEL     =  -191512.1731  HBOND      =        0.0000
 1-4 VDW =      255.9956  1-4 EEL =    -3768.7112  RESTRAINT  =        0.0000


   NSTEP       ENERGY          RMS            GMAX         NAME    NUMBER
   8150      -1.5315E+05     1.0631E-01     7.5318E+00     C3'      1069

 BOND    =    11464.8611  ANGLE   =      166.8428  DIHED      =      974.2698
 VDWAALS =    29283.1206  EEL     =  -191526.2141  HBOND      =        0.0000
 1-4 VDW =      256.0189  1-4 EEL =    -3768.5439  RESTRAINT  =        0.0000


   NSTEP       ENERGY          RMS            GMAX         NAME    NUMBER
   8200      -1.5316E+05     1.0827E-01     5.2143E+00     C3'      1069

 BOND    =    11465.8253  ANGLE   =      166.9812  DIHED      =      974.0505
 VDWAALS =    29289.7413  EEL     =  -191542.1715  HBOND      =        0.0000
 1-4 VDW =      256.0174  1-4 EEL =    -3768.5813  RESTRAINT  =        0.0000


   NSTEP       ENERGY          RMS            GMAX         NAME    NUMBER
   8250      -1.5317E+05     1.0495E-01     4.0540E+00     C1'       356

 BOND    =    11466.8097  ANGLE   =      167.0392  DIHED      =      973.8629
 VDWAALS =    29296.4527  EEL     =  -191558.9689  HBOND      =        0.0000
 1-4 VDW =      255.9578  1-4 EEL =    -3768.4435  RESTRAINT  =        0.0000


   NSTEP       ENERGY          RMS            GMAX         NAME    NUMBER
   8300      -1.5317E+05     1.0600E-01     5.0037E+00     C1'      1053

 BOND    =    11469.0377  ANGLE   =      167.1958  DIHED      =      973.7674
 VDWAALS =    29303.1816  EEL     =  -191574.8814  HBOND      =        0.0000
 1-4 VDW =      255.9649  1-4 EEL =    -3768.5375  RESTRAINT  =        0.0000


   NSTEP       ENERGY          RMS            GMAX         NAME    NUMBER
   8350      -1.5318E+05     1.1407E-01     5.1301E+00     C2'      1071

 BOND    =    11470.2599  ANGLE   =      167.1179  DIHED      =      973.6085
 VDWAALS =    29310.9855  EEL     =  -191592.0907  HBOND      =        0.0000
 1-4 VDW =      255.9963  1-4 EEL =    -3768.5377  RESTRAINT  =        0.0000


   NSTEP       ENERGY          RMS            GMAX         NAME    NUMBER
   8400      -1.5320E+05     3.6977E-01     6.4117E+01     H1      11225

 BOND    =    11476.9063  ANGLE   =      167.0703  DIHED      =      973.4046
 VDWAALS =    29328.6181  EEL     =  -191629.4121  HBOND      =        0.0000
 1-4 VDW =      255.8756  1-4 EEL =    -3768.3181  RESTRAINT  =        0.0000


   NSTEP       ENERGY          RMS            GMAX         NAME    NUMBER
   8450      -1.5321E+05     1.3887E-01     7.8676E+00     O       26974

 BOND    =    11478.2941  ANGLE   =      166.7501  DIHED      =      973.1204
 VDWAALS =    29342.0017  EEL     =  -191656.8365  HBOND      =        0.0000
 1-4 VDW =      255.8915  1-4 EEL =    -3767.8055  RESTRAINT  =        0.0000


   NSTEP       ENERGY          RMS            GMAX         NAME    NUMBER
   8500      -1.5322E+05     8.3621E-02     6.8936E+00     O       11224

 BOND    =    11477.5314  ANGLE   =      166.6555  DIHED      =      972.9805
 VDWAALS =    29347.0117  EEL     =  -191667.8886  HBOND      =        0.0000
 1-4 VDW =      255.9611  1-4 EEL =    -3767.7367  RESTRAINT  =        0.0000


   NSTEP       ENERGY          RMS            GMAX         NAME    NUMBER
   8550      -1.5322E+05     1.0550E-01     7.2550E+00     O       11224

 BOND    =    11479.4368  ANGLE   =      166.5482  DIHED      =      972.8303
 VDWAALS =    29354.5743  EEL     =  -191683.2869  HBOND      =        0.0000
 1-4 VDW =      256.0418  1-4 EEL =    -3767.6521  RESTRAINT  =        0.0000


   NSTEP       ENERGY          RMS            GMAX         NAME    NUMBER
   8600      -1.5323E+05     1.0643E-01     6.0037E+00     C2'      1071

 BOND    =    11480.7800  ANGLE   =      166.6207  DIHED      =      972.6763
 VDWAALS =    29362.9673  EEL     =  -191699.3422  HBOND      =        0.0000
 1-4 VDW =      255.9958  1-4 EEL =    -3767.5385  RESTRAINT  =        0.0000


   NSTEP       ENERGY          RMS            GMAX         NAME    NUMBER
   8650      -1.5324E+05     2.0787E-01     2.6866E+01     H1      32699

 BOND    =    11490.5454  ANGLE   =      167.0818  DIHED      =      972.3183
 VDWAALS =    29379.3770  EEL     =  -191737.3101  HBOND      =        0.0000
 1-4 VDW =      255.9574  1-4 EEL =    -3767.2377  RESTRAINT  =        0.0000


   NSTEP       ENERGY          RMS            GMAX         NAME    NUMBER
   8700      -1.5325E+05     8.9550E-02     5.0857E+00     C5'      1047

 BOND    =    11485.8511  ANGLE   =      166.2209  DIHED      =      972.2314
 VDWAALS =    29386.7925  EEL     =  -191751.1030  HBOND      =        0.0000
 1-4 VDW =      255.9816  1-4 EEL =    -3767.2344  RESTRAINT  =        0.0000


   NSTEP       ENERGY          RMS            GMAX         NAME    NUMBER
   8750      -1.5326E+05     1.5361E-01     9.4293E+00     C2       1065

 BOND    =    11488.7014  ANGLE   =      166.4108  DIHED      =      971.9835
 VDWAALS =    29399.9311  EEL     =  -191775.4201  HBOND      =        0.0000
 1-4 VDW =      256.0322  1-4 EEL =    -3767.1346  RESTRAINT  =        0.0000


   NSTEP       ENERGY          RMS            GMAX         NAME    NUMBER
   8800      -1.5327E+05     1.0872E-01     5.9827E+00     H1      32699

 BOND    =    11490.1720  ANGLE   =      166.2138  DIHED      =      971.7716
 VDWAALS =    29406.7711  EEL     =  -191792.6948  HBOND      =        0.0000
 1-4 VDW =      256.1076  1-4 EEL =    -3766.8420  RESTRAINT  =        0.0000


   NSTEP       ENERGY          RMS            GMAX         NAME    NUMBER
   8850      -1.5328E+05     1.1099E-01     6.9533E+00     H1      32699

 BOND    =    11491.8797  ANGLE   =      166.2525  DIHED      =      971.5992
 VDWAALS =    29413.4139  EEL     =  -191809.8270  HBOND      =        0.0000
 1-4 VDW =      256.1064  1-4 EEL =    -3766.7235  RESTRAINT  =        0.0000


   NSTEP       ENERGY          RMS            GMAX         NAME    NUMBER
   8900      -1.5329E+05     1.7148E-01     1.2042E+01     H1      32699

 BOND    =    11494.6143  ANGLE   =      166.5586  DIHED      =      971.3800
 VDWAALS =    29423.2668  EEL     =  -191832.1801  HBOND      =        0.0000
 1-4 VDW =      256.1476  1-4 EEL =    -3766.7534  RESTRAINT  =        0.0000


   NSTEP       ENERGY          RMS            GMAX         NAME    NUMBER
   8950      -1.5330E+05     1.8842E-01     9.5772E+00     O       17728

 BOND    =    11494.2980  ANGLE   =      166.4914  DIHED      =      971.2499
 VDWAALS =    29434.5574  EEL     =  -191852.6677  HBOND      =        0.0000
 1-4 VDW =      256.0224  1-4 EEL =    -3766.7822  RESTRAINT  =        0.0000


   NSTEP       ENERGY          RMS            GMAX         NAME    NUMBER
   9000      -1.5331E+05     1.0881E-01     7.5016E+00     H2      21387

 BOND    =    11498.3952  ANGLE   =      165.9222  DIHED      =      971.2986
 VDWAALS =    29452.2557  EEL     =  -191888.6058  HBOND      =        0.0000
 1-4 VDW =      256.1531  1-4 EEL =    -3766.8830  RESTRAINT  =        0.0000


   NSTEP       ENERGY          RMS            GMAX         NAME    NUMBER
   9050      -1.5332E+05     6.3369E-02     3.0727E+00     O       32698

 BOND    =    11499.0049  ANGLE   =      165.6390  DIHED      =      971.2233
 VDWAALS =    29451.5935  EEL     =  -191893.7147  HBOND      =        0.0000
 1-4 VDW =      256.0204  1-4 EEL =    -3766.2025  RESTRAINT  =        0.0000


   NSTEP       ENERGY          RMS            GMAX         NAME    NUMBER
   9100      -1.5332E+05     6.8014E-02     3.7317E+00     H1      26084

 BOND    =    11500.9723  ANGLE   =      165.7826  DIHED      =      971.1074
 VDWAALS =    29459.0147  EEL     =  -191909.7758  HBOND      =        0.0000
 1-4 VDW =      256.0480  1-4 EEL =    -3766.3551  RESTRAINT  =        0.0000


   NSTEP       ENERGY          RMS            GMAX         NAME    NUMBER
   9150      -1.5333E+05     4.3493E-02     1.7434E+00     H1      26318

 BOND    =    11501.7935  ANGLE   =      165.7721  DIHED      =      971.0509
 VDWAALS =    29464.2334  EEL     =  -191921.6095  HBOND      =        0.0000
 1-4 VDW =      256.0082  1-4 EEL =    -3766.2954  RESTRAINT  =        0.0000


   NSTEP       ENERGY          RMS            GMAX         NAME    NUMBER
   9200      -1.5333E+05     7.7292E-02     4.1943E+00     C2'      1071

 BOND    =    11504.3716  ANGLE   =      165.9289  DIHED      =      970.9826
 VDWAALS =    29470.4648  EEL     =  -191935.6224  HBOND      =        0.0000
 1-4 VDW =      255.9657  1-4 EEL =    -3766.2185  RESTRAINT  =        0.0000


   NSTEP       ENERGY          RMS            GMAX         NAME    NUMBER
   9250      -1.5334E+05     9.0787E-02     4.3606E+00     C3'      1069

 BOND    =    11506.0268  ANGLE   =      166.1278  DIHED      =      970.9299
 VDWAALS =    29475.2364  EEL     =  -191946.8102  HBOND      =        0.0000
 1-4 VDW =      255.9001  1-4 EEL =    -3766.0526  RESTRAINT  =        0.0000


   NSTEP       ENERGY          RMS            GMAX         NAME    NUMBER
   9300      -1.5334E+05     8.5531E-02     5.6223E+00     C3'      1069

 BOND    =    11505.9003  ANGLE   =      166.2175  DIHED      =      970.8973
 VDWAALS =    29480.1984  EEL     =  -191957.5492  HBOND      =        0.0000
 1-4 VDW =      255.9012  1-4 EEL =    -3766.0035  RESTRAINT  =        0.0000


   NSTEP       ENERGY          RMS            GMAX         NAME    NUMBER
   9350      -1.5335E+05     7.5919E-02     3.3594E+00     C3'      1069

 BOND    =    11505.4127  ANGLE   =      166.3339  DIHED      =      970.9296
 VDWAALS =    29485.2650  EEL     =  -191969.2916  HBOND      =        0.0000
 1-4 VDW =      255.9047  1-4 EEL =    -3766.0917  RESTRAINT  =        0.0000


   NSTEP       ENERGY          RMS            GMAX         NAME    NUMBER
   9400      -1.5336E+05     9.2735E-02     5.0365E+00     C3'      1069

 BOND    =    11505.1840  ANGLE   =      166.3388  DIHED      =      970.9274
 VDWAALS =    29490.9850  EEL     =  -191981.9220  HBOND      =        0.0000
 1-4 VDW =      255.9271  1-4 EEL =    -3765.8640  RESTRAINT  =        0.0000


   NSTEP       ENERGY          RMS            GMAX         NAME    NUMBER
   9450      -1.5336E+05     1.1126E-01     4.7555E+00     C3'      1069

 BOND    =    11508.8892  ANGLE   =      166.1489  DIHED      =      970.9154
 VDWAALS =    29496.5252  EEL     =  -191997.5451  HBOND      =        0.0000
 1-4 VDW =      255.9465  1-4 EEL =    -3765.6860  RESTRAINT  =        0.0000


   NSTEP       ENERGY          RMS            GMAX         NAME    NUMBER
   9500      -1.5337E+05     1.2949E-01     5.2687E+00     C1'      1023

 BOND    =    11511.9919  ANGLE   =      166.1817  DIHED      =      970.8319
 VDWAALS =    29503.8405  EEL     =  -192016.5905  HBOND      =        0.0000
 1-4 VDW =      255.9056  1-4 EEL =    -3765.7742  RESTRAINT  =        0.0000


   NSTEP       ENERGY          RMS            GMAX         NAME    NUMBER
   9550      -1.5338E+05     1.6433E-01     9.0249E+00     C2'      1071

 BOND    =    11505.8729  ANGLE   =      166.4060  DIHED      =      970.7335
 VDWAALS =    29510.5187  EEL     =  -192024.0648  HBOND      =        0.0000
 1-4 VDW =      255.8480  1-4 EEL =    -3765.8184  RESTRAINT  =        0.0000


   NSTEP       ENERGY          RMS            GMAX         NAME    NUMBER
   9600      -1.5339E+05     1.9494E-01     1.5935E+01     C2'      1071

 BOND    =    11509.7332  ANGLE   =      166.7067  DIHED      =      970.5167
 VDWAALS =    29515.2074  EEL     =  -192040.1083  HBOND      =        0.0000
 1-4 VDW =      255.7598  1-4 EEL =    -3765.6703  RESTRAINT  =        0.0000


   NSTEP       ENERGY          RMS            GMAX         NAME    NUMBER
   9650      -1.5340E+05     1.2967E-01     7.9338E+00     H1      17864

 BOND    =    11510.8490  ANGLE   =      167.0840  DIHED      =      970.3058
 VDWAALS =    29520.7236  EEL     =  -192054.2768  HBOND      =        0.0000
 1-4 VDW =      255.5487  1-4 EEL =    -3765.9493  RESTRAINT  =        0.0000


   NSTEP       ENERGY          RMS            GMAX         NAME    NUMBER
   9700      -1.5341E+05     1.8201E-01     1.7222E+01     H2      26133

 BOND    =    11519.5341  ANGLE   =      167.0523  DIHED      =      970.1653
 VDWAALS =    29528.4215  EEL     =  -192080.5911  HBOND      =        0.0000
 1-4 VDW =      255.7569  1-4 EEL =    -3765.7674  RESTRAINT  =        0.0000


   NSTEP       ENERGY          RMS            GMAX         NAME    NUMBER
   9750      -1.5341E+05     1.0210E-01     8.4551E+00     C3'      1037

 BOND    =    11516.7823  ANGLE   =      167.2132  DIHED      =      970.1005
 VDWAALS =    29532.2582  EEL     =  -192088.3725  HBOND      =        0.0000
 1-4 VDW =      255.8323  1-4 EEL =    -3766.1088  RESTRAINT  =        0.0000


   NSTEP       ENERGY          RMS            GMAX         NAME    NUMBER
   9800      -1.5342E+05     4.8310E-02     1.9938E+00     O       17863

 BOND    =    11515.0771  ANGLE   =      166.6949  DIHED      =      970.2092
 VDWAALS =    29532.4506  EEL     =  -192090.7292  HBOND      =        0.0000
 1-4 VDW =      255.9937  1-4 EEL =    -3765.9118  RESTRAINT  =        0.0000


   NSTEP       ENERGY          RMS            GMAX         NAME    NUMBER
   9850      -1.5342E+05     5.7473E-02     2.9470E+00     OP1       315

 BOND    =    11516.1731  ANGLE   =      166.7418  DIHED      =      970.0778
 VDWAALS =    29533.3324  EEL     =  -192097.8556  HBOND      =        0.0000
 1-4 VDW =      255.9782  1-4 EEL =    -3765.8595  RESTRAINT  =        0.0000


   NSTEP       ENERGY          RMS            GMAX         NAME    NUMBER
   9900      -1.5342E+05     5.1158E-02     3.3101E+00     P         314

 BOND    =    11516.5889  ANGLE   =      166.6301  DIHED      =      970.0493
 VDWAALS =    29537.2304  EEL     =  -192105.3238  HBOND      =        0.0000
 1-4 VDW =      256.0191  1-4 EEL =    -3765.8139  RESTRAINT  =        0.0000


   NSTEP       ENERGY          RMS            GMAX         NAME    NUMBER
   9950      -1.5343E+05     5.9297E-02     2.7219E+00     H2      17865

 BOND    =    11518.3271  ANGLE   =      166.9209  DIHED      =      970.0169
 VDWAALS =    29544.3634  EEL     =  -192120.6758  HBOND      =        0.0000
 1-4 VDW =      256.0918  1-4 EEL =    -3766.2367  RESTRAINT  =        0.0000


   NSTEP       ENERGY          RMS            GMAX         NAME    NUMBER
  10000      -1.5344E+05     1.1530E-01     6.4708E+00     O        9367

 BOND    =    11520.7417  ANGLE   =      166.3355  DIHED      =      969.9349
 VDWAALS =    29560.6352  EEL     =  -192148.2946  HBOND      =        0.0000
 1-4 VDW =      256.3242  1-4 EEL =    -3765.3142  RESTRAINT  =        0.0000


  Maximum number of minimization cycles reached.


                    FINAL RESULTS



   NSTEP       ENERGY          RMS            GMAX         NAME    NUMBER
  10000      -1.5344E+05     1.1530E-01     6.4708E+00     O        9367

 BOND    =    11520.7417  ANGLE   =      166.3355  DIHED      =      969.9349
 VDWAALS =    29560.6352  EEL     =  -192148.2946  HBOND      =        0.0000
 1-4 VDW =      256.3242  1-4 EEL =    -3765.3142  RESTRAINT  =        0.0000
--------------------------------------------------------------------------------
   5.  TIMINGS
--------------------------------------------------------------------------------

|  NonSetup CPU Time in Major Routines:
|
|     Routine           Sec        %
|     ------------------------------
|     Nonbond          18.18   44.92
|     Bond              0.00    0.00
|     Angle             0.00    0.00
|     Dihedral          0.00    0.00
|     Shake             0.00    0.00
|     Other            22.29   55.08
|     ------------------------------
|     Total            40.48

|  PME Nonbond Pairlist CPU Time:
|
|     Routine              Sec        %
|     ---------------------------------
|     Set Up Cit           0.00    0.00
|     Build List           0.00    0.00
|     ---------------------------------
|     Total                0.00    0.00

|  PME Direct Force CPU Time:
|
|     Routine              Sec        %
|     ---------------------------------
|     NonBonded Calc       0.00    0.00
|     Exclude Masked       0.00    0.00
|     Other                0.03    0.06
|     ---------------------------------
|     Total                0.03    0.06

|  PME Reciprocal Force CPU Time:
|
|     Routine              Sec        %
|     ---------------------------------
|     1D bspline           0.00    0.00
|     Grid Charges         0.00    0.00
|     Scalar Sum           0.00    0.00
|     Gradient Sum         0.00    0.00
|     FFT                  0.00    0.00
|     ---------------------------------
|     Total                0.00    0.00

|  Setup CPU time:            1.45 seconds
|  NonSetup CPU time:        40.48 seconds
|  Total CPU time:           41.93 seconds     0.01 hours

|  Setup wall time:           2    seconds
|  NonSetup wall time:       40    seconds
|  Total wall time:          42    seconds     0.01 hours
