
          -------------------------------------------------------
          Amber 16 PMEMD                              2016
          -------------------------------------------------------

| PMEMD implementation of SANDER, Release 16

| Run on 06/04/2024 at 22:36:33

|   Executable path: pmemd.cuda
| Working directory: /home/students/keyq/fuben4/4/4LG
|          Hostname: master

  [-O]verwriting output

File Assignments:
|   MDIN: heat2.in                                                              
|  MDOUT: cmp_heat2.out                                                         
| INPCRD: cmp_heat1.rst                                                         
|   PARM: cmp.prmtop                                                            
| RESTRT: cmp_heat2.rst                                                         
|   REFC: cmp.inpcrd                                                            
|  MDVEL: mdvel                                                                 
|   MDEN: mden                                                                  
|  MDCRD: cmp_heat2.mdcrd                                                       
| MDINFO: mdinfo                                                                
|  MDFRC: mdfrc                                                                 


 Here is the input file:

Stage 1 heating 1 5ps 0-100K                                                   
 &cntrl                                                                        
  imin=0, irest=1,ntx=5,                                                       
  nstlim=2500, dt=0.002,                                                       
  ntc=2, ntf=2,                                                                
  ntt=1, tautp=1.5,                                                            
  tempi=50.0, temp0=100.0,                                                     
  ntpr=50, ntwx=50,                                                            
  ntb=1,                                                                       
  cut=10,                                                                      
  /                                                                            


Note: ig = -1. Setting random seed to   439908 based on wallclock time in 
      microseconds.
 
|--------------------- INFORMATION ----------------------
| GPU (CUDA) Version of PMEMD in use: NVIDIA GPU IN USE.
|                    Version 16.0.0
| 
|                      02/25/2016
| 
| Implementation by:
|                    Ross C. Walker     (SDSC)
|                    Scott Le Grand     (nVIDIA)
| 
| Precision model in use:
|      [SPFP] - Single Precision Forces, 64-bit Fixed Point
|               Accumulation. (Default)
| 
|--------------------------------------------------------
 
|----------------- CITATION INFORMATION -----------------
|
|    When publishing work that utilized the CUDA version
|    of AMBER, please cite the following in addition to
|    the regular AMBER citations:
|
|  - Romelia Salomon-Ferrer; Andreas W. Goetz; Duncan
|    Poole; Scott Le Grand; Ross C. Walker "Routine
|    microsecond molecular dynamics simulations with
|    AMBER - Part II: Particle Mesh Ewald", J. Chem.
|    Theory Comput., 2013, 9 (9), pp3878-3888,
|    DOI: 10.1021/ct400314y.
|
|  - Andreas W. Goetz; Mark J. Williamson; Dong Xu;
|    Duncan Poole; Scott Le Grand; Ross C. Walker
|    "Routine microsecond molecular dynamics simulations
|    with AMBER - Part I: Generalized Born", J. Chem.
|    Theory Comput., 2012, 8 (5), pp1542-1555.
|
|  - Scott Le Grand; Andreas W. Goetz; Ross C. Walker
|    "SPFP: Speed without compromise - a mixed precision
|    model for GPU accelerated molecular dynamics
|    simulations.", Comp. Phys. Comm., 2013, 184
|    pp374-380, DOI: 10.1016/j.cpc.2012.09.022
|
|--------------------------------------------------------
 
|------------------- GPU DEVICE INFO --------------------
|
|            CUDA_VISIBLE_DEVICES: 0
|   CUDA Capable Devices Detected:      1
|           CUDA Device ID in use:      0
|                CUDA Device Name: Tesla V100-PCIE-32GB
|     CUDA Device Global Mem Size:  32510 MB
| CUDA Device Num Multiprocessors:     80
|           CUDA Device Core Freq:   1.38 GHz
|
|--------------------------------------------------------
 
 
| Conditional Compilation Defines Used:
| PUBFFT
| BINTRAJ
| CUDA
| EMIL

| Largest sphere to fit in unit cell has radius =    32.968

| New format PARM file being parsed.
| Version =    1.000 Date = 12/10/20 Time = 21:38:06

| Note: 1-4 EEL scale factors are being read from the topology file.

| Note: 1-4 VDW scale factors are being read from the topology file.
| Duplicated    0 dihedrals

| Duplicated    0 dihedrals

--------------------------------------------------------------------------------
   1.  RESOURCE   USE: 
--------------------------------------------------------------------------------

 getting box info from netcdf restart file
 NATOM  =   35979 NTYPES =      18 NBONH =   35256 MBONA  =     774
 NTHETH =     898 MTHETA =    1191 NPHIH =    1825 MPHIA  =    2463
 NHPARM =       0 NPARM  =       0 NNB   =   52494 NRES   =   11691
 NBONA  =     774 NTHETA =    1191 NPHIA =    2463 NUMBND =      61
 NUMANG =     127 NPTRA  =      75 NATYP =      34 NPHB   =       1
 IFBOX  =       2 NMXRS  =      33 IFCAP =       0 NEXTRA =       0
 NCOPY  =       0

| Coordinate Index Table dimensions:    13   13   13
| Direct force subcell size =     6.2120    6.2120    6.2120

     BOX TYPE: TRUNCATED OCTAHEDRON

--------------------------------------------------------------------------------
   2.  CONTROL  DATA  FOR  THE  RUN
--------------------------------------------------------------------------------

default_name                                                                    

General flags:
     imin    =       0, nmropt  =       0

Nature and format of input:
     ntx     =       5, irest   =       1, ntrx    =       1

Nature and format of output:
     ntxo    =       2, ntpr    =      50, ntrx    =       1, ntwr    =    2500
     iwrap   =       0, ntwx    =      50, ntwv    =       0, ntwe    =       0
     ioutfm  =       1, ntwprt  =       0, idecomp =       0, rbornstat=      0

Potential function:
     ntf     =       2, ntb     =       1, igb     =       0, nsnb    =      25
     ipol    =       0, gbsa    =       0, iesp    =       0
     dielc   =   1.00000, cut     =  10.00000, intdiel =   1.00000

Frozen or restrained atoms:
     ibelly  =       0, ntr     =       0

Molecular dynamics:
     nstlim  =      2500, nscm    =      1000, nrespa  =         1
     t       =   0.00000, dt      =   0.00200, vlimit  =  -1.00000

Berendsen (weak-coupling) temperature regulation:
     temp0   = 100.00000, tempi   =  50.00000, tautp   =   1.50000

SHAKE:
     ntc     =       2, jfastw  =       0
     tol     =   0.00001

| Intermolecular bonds treatment:
|     no_intermolecular_bonds =       1

| Energy averages sample interval:
|     ene_avg_sampling =      50

Ewald parameters:
     verbose =       0, ew_type =       0, nbflag  =       1, use_pme =       1
     vdwmeth =       1, eedmeth =       1, netfrc  =       1
     Box X =   80.755   Box Y =   80.755   Box Z =   80.755
     Alpha =  109.471   Beta  =  109.471   Gamma =  109.471
     NFFT1 =   84       NFFT2 =   84       NFFT3 =   84
     Cutoff=   10.000   Tol   =0.100E-04
     Ewald Coefficient =  0.27511
     Interpolation order =    4

--------------------------------------------------------------------------------
   3.  ATOMIC COORDINATES AND VELOCITIES
--------------------------------------------------------------------------------

default_name                                                                    
 begin time read from input coords =     5.000 ps

 
 Number of triangulated 3-point waters found:    11625

     Sum of charges from parm topology file =   0.00000020
     Forcing neutrality...

| Dynamic Memory, Types Used:
| Reals             1044811
| Integers           865960

| Nonbonded Pairs Initial Allocation:    10882748

| GPU memory information (estimate):
| KB of GPU memory in use:    171147
| KB of CPU memory in use:     60015

--------------------------------------------------------------------------------
   4.  RESULTS
--------------------------------------------------------------------------------

 ---------------------------------------------------
 APPROXIMATING switch and d/dx switch using CUBIC SPLINE INTERPOLATION
 using   5000.0 points per unit in tabled values
 TESTING RELATIVE ERROR over r ranging from 0.0 to cutoff
| CHECK switch(x): max rel err =   0.2738E-14   at   2.422500
| CHECK d/dx switch(x): max rel err =   0.8314E-11   at   2.736960
 ---------------------------------------------------
|---------------------------------------------------
| APPROXIMATING direct energy using CUBIC SPLINE INTERPOLATION
|  with   50.0 points per unit in tabled values
| Relative Error Limit not exceeded for r .gt.   2.33
| APPROXIMATING direct force using CUBIC SPLINE INTERPOLATION
|  with   50.0 points per unit in tabled values
| Relative Error Limit not exceeded for r .gt.   2.80
|---------------------------------------------------

 NSTEP =       50   TIME(PS) =       5.100  TEMP(K) =    50.60  PRESS =     0.0
 Etot   =   -143489.7903  EKtot   =      3653.6230  EPtot      =   -147143.4134
 BOND   =        61.9492  ANGLE   =       188.3117  DIHED      =       968.0071
 1-4 NB =       261.8243  1-4 EEL =     -4796.5097  VDWAALS    =     24888.7354
 EELEC  =   -168715.7313  EHBOND  =         0.0000  RESTRAINT  =         0.0000
 ------------------------------------------------------------------------------


 NSTEP =      100   TIME(PS) =       5.200  TEMP(K) =    52.07  PRESS =     0.0
 Etot   =   -143254.9059  EKtot   =      3759.8567  EPtot      =   -147014.7626
 BOND   =        60.3330  ANGLE   =       187.8798  DIHED      =       965.8125
 1-4 NB =       261.8263  1-4 EEL =     -4792.1528  VDWAALS    =     24753.2667
 EELEC  =   -168451.7282  EHBOND  =         0.0000  RESTRAINT  =         0.0000
 ------------------------------------------------------------------------------


 NSTEP =      150   TIME(PS) =       5.300  TEMP(K) =    53.50  PRESS =     0.0
 Etot   =   -143028.7891  EKtot   =      3863.7161  EPtot      =   -146892.5052
 BOND   =        66.5095  ANGLE   =       196.4396  DIHED      =       961.6658
 1-4 NB =       262.2678  1-4 EEL =     -4804.4911  VDWAALS    =     24684.3660
 EELEC  =   -168259.2628  EHBOND  =         0.0000  RESTRAINT  =         0.0000
 ------------------------------------------------------------------------------


 NSTEP =      200   TIME(PS) =       5.400  TEMP(K) =    55.31  PRESS =     0.0
 Etot   =   -142808.9515  EKtot   =      3993.7612  EPtot      =   -146802.7127
 BOND   =        62.4583  ANGLE   =       192.1687  DIHED      =       964.7343
 1-4 NB =       264.6324  1-4 EEL =     -4806.6171  VDWAALS    =     24712.7285
 EELEC  =   -168192.8177  EHBOND  =         0.0000  RESTRAINT  =         0.0000
 ------------------------------------------------------------------------------


 NSTEP =      250   TIME(PS) =       5.500  TEMP(K) =    56.43  PRESS =     0.0
 Etot   =   -142598.6146  EKtot   =      4074.9985  EPtot      =   -146673.6132
 BOND   =        65.8251  ANGLE   =       197.7914  DIHED      =       968.5261
 1-4 NB =       258.1688  1-4 EEL =     -4811.6767  VDWAALS    =     24848.9988
 EELEC  =   -168201.2466  EHBOND  =         0.0000  RESTRAINT  =         0.0000
 ------------------------------------------------------------------------------


 NSTEP =      300   TIME(PS) =       5.600  TEMP(K) =    58.09  PRESS =     0.0
 Etot   =   -142394.2817  EKtot   =      4194.5898  EPtot      =   -146588.8715
 BOND   =        67.8424  ANGLE   =       199.5287  DIHED      =       964.7089
 1-4 NB =       262.0699  1-4 EEL =     -4813.0631  VDWAALS    =     24895.1127
 EELEC  =   -168165.0710  EHBOND  =         0.0000  RESTRAINT  =         0.0000
 ------------------------------------------------------------------------------


 NSTEP =      350   TIME(PS) =       5.700  TEMP(K) =    59.46  PRESS =     0.0
 Etot   =   -142196.8659  EKtot   =      4293.9448  EPtot      =   -146490.8107
 BOND   =        65.0363  ANGLE   =       197.1736  DIHED      =       973.2915
 1-4 NB =       266.1377  1-4 EEL =     -4811.8666  VDWAALS    =     24834.7291
 EELEC  =   -168015.3123  EHBOND  =         0.0000  RESTRAINT  =         0.0000
 ------------------------------------------------------------------------------


 NSTEP =      400   TIME(PS) =       5.800  TEMP(K) =    61.49  PRESS =     0.0
 Etot   =   -142007.3611  EKtot   =      4440.2144  EPtot      =   -146447.5754
 BOND   =        69.2073  ANGLE   =       191.3403  DIHED      =       970.8103
 1-4 NB =       262.2140  1-4 EEL =     -4810.4160  VDWAALS    =     24931.3174
 EELEC  =   -168062.0486  EHBOND  =         0.0000  RESTRAINT  =         0.0000
 ------------------------------------------------------------------------------


 NSTEP =      450   TIME(PS) =       5.900  TEMP(K) =    62.45  PRESS =     0.0
 Etot   =   -141826.3405  EKtot   =      4509.7324  EPtot      =   -146336.0729
 BOND   =        64.7231  ANGLE   =       197.4662  DIHED      =       967.6585
 1-4 NB =       265.6595  1-4 EEL =     -4805.9618  VDWAALS    =     24812.1346
 EELEC  =   -167837.7530  EHBOND  =         0.0000  RESTRAINT  =         0.0000
 ------------------------------------------------------------------------------


 NSTEP =      500   TIME(PS) =       6.000  TEMP(K) =    63.41  PRESS =     0.0
 Etot   =   -141647.5614  EKtot   =      4578.7856  EPtot      =   -146226.3470
 BOND   =        66.0023  ANGLE   =       197.7153  DIHED      =       969.1091
 1-4 NB =       264.1359  1-4 EEL =     -4804.2821  VDWAALS    =     24571.8324
 EELEC  =   -167490.8601  EHBOND  =         0.0000  RESTRAINT  =         0.0000
 ------------------------------------------------------------------------------


 NSTEP =      550   TIME(PS) =       6.100  TEMP(K) =    64.74  PRESS =     0.0
 Etot   =   -141474.9039  EKtot   =      4675.1118  EPtot      =   -146150.0157
 BOND   =        66.3719  ANGLE   =       206.3577  DIHED      =       969.1251
 1-4 NB =       262.6222  1-4 EEL =     -4799.6788  VDWAALS    =     24495.1561
 EELEC  =   -167349.9700  EHBOND  =         0.0000  RESTRAINT  =         0.0000
 ------------------------------------------------------------------------------


 NSTEP =      600   TIME(PS) =       6.200  TEMP(K) =    65.48  PRESS =     0.0
 Etot   =   -141309.0579  EKtot   =      4728.2847  EPtot      =   -146037.3425
 BOND   =        69.8196  ANGLE   =       209.5185  DIHED      =       966.1536
 1-4 NB =       259.3068  1-4 EEL =     -4810.8552  VDWAALS    =     24542.4020
 EELEC  =   -167273.6879  EHBOND  =         0.0000  RESTRAINT  =         0.0000
 ------------------------------------------------------------------------------


 NSTEP =      650   TIME(PS) =       6.300  TEMP(K) =    67.55  PRESS =     0.0
 Etot   =   -141149.4213  EKtot   =      4878.2256  EPtot      =   -146027.6469
 BOND   =        64.0801  ANGLE   =       200.9069  DIHED      =       965.6038
 1-4 NB =       264.7053  1-4 EEL =     -4803.8521  VDWAALS    =     24524.5398
 EELEC  =   -167243.6307  EHBOND  =         0.0000  RESTRAINT  =         0.0000
 ------------------------------------------------------------------------------


 NSTEP =      700   TIME(PS) =       6.400  TEMP(K) =    68.28  PRESS =     0.0
 Etot   =   -140996.1966  EKtot   =      4930.5552  EPtot      =   -145926.7517
 BOND   =        64.2945  ANGLE   =       194.1978  DIHED      =       967.5027
 1-4 NB =       266.6276  1-4 EEL =     -4797.0930  VDWAALS    =     24448.2588
 EELEC  =   -167070.5400  EHBOND  =         0.0000  RESTRAINT  =         0.0000
 ------------------------------------------------------------------------------


 NSTEP =      750   TIME(PS) =       6.500  TEMP(K) =    69.52  PRESS =     0.0
 Etot   =   -140846.0739  EKtot   =      5020.4272  EPtot      =   -145866.5011
 BOND   =        70.2509  ANGLE   =       201.9397  DIHED      =       975.2543
 1-4 NB =       261.1996  1-4 EEL =     -4813.2922  VDWAALS    =     24474.4279
 EELEC  =   -167036.2812  EHBOND  =         0.0000  RESTRAINT  =         0.0000
 ------------------------------------------------------------------------------


 NSTEP =      800   TIME(PS) =       6.600  TEMP(K) =    71.49  PRESS =     0.0
 Etot   =   -140705.8149  EKtot   =      5162.2256  EPtot      =   -145868.0405
 BOND   =        69.7963  ANGLE   =       197.8305  DIHED      =       972.1320
 1-4 NB =       259.4931  1-4 EEL =     -4797.6135  VDWAALS    =     24598.7296
 EELEC  =   -167168.4085  EHBOND  =         0.0000  RESTRAINT  =         0.0000
 ------------------------------------------------------------------------------


 NSTEP =      850   TIME(PS) =       6.700  TEMP(K) =    71.89  PRESS =     0.0
 Etot   =   -140568.5183  EKtot   =      5191.2334  EPtot      =   -145759.7517
 BOND   =        67.1145  ANGLE   =       207.7075  DIHED      =       970.0567
 1-4 NB =       263.7585  1-4 EEL =     -4797.5791  VDWAALS    =     24487.0433
 EELEC  =   -166957.8530  EHBOND  =         0.0000  RESTRAINT  =         0.0000
 ------------------------------------------------------------------------------


 NSTEP =      900   TIME(PS) =       6.800  TEMP(K) =    73.08  PRESS =     0.0
 Etot   =   -140435.9598  EKtot   =      5277.1387  EPtot      =   -145713.0985
 BOND   =        69.0259  ANGLE   =       199.0175  DIHED      =       974.3891
 1-4 NB =       265.2614  1-4 EEL =     -4798.4320  VDWAALS    =     24573.7200
 EELEC  =   -166996.0805  EHBOND  =         0.0000  RESTRAINT  =         0.0000
 ------------------------------------------------------------------------------


 NSTEP =      950   TIME(PS) =       6.900  TEMP(K) =    73.83  PRESS =     0.0
 Etot   =   -140309.4589  EKtot   =      5331.7573  EPtot      =   -145641.2162
 BOND   =        68.2046  ANGLE   =       203.8023  DIHED      =       967.4380
 1-4 NB =       259.3047  1-4 EEL =     -4793.4190  VDWAALS    =     24553.2667
 EELEC  =   -166899.8134  EHBOND  =         0.0000  RESTRAINT  =         0.0000
 ------------------------------------------------------------------------------

check COM velocity, temp:        0.000011     0.00(Removed)

 NSTEP =     1000   TIME(PS) =       7.000  TEMP(K) =    74.24  PRESS =     0.0
 Etot   =   -140184.0996  EKtot   =      5360.8403  EPtot      =   -145544.9400
 BOND   =        70.4868  ANGLE   =       209.8511  DIHED      =       969.4381
 1-4 NB =       266.1482  1-4 EEL =     -4806.0442  VDWAALS    =     24509.8053
 EELEC  =   -166764.6252  EHBOND  =         0.0000  RESTRAINT  =         0.0000
 ------------------------------------------------------------------------------


 NSTEP =     1050   TIME(PS) =       7.100  TEMP(K) =    75.29  PRESS =     0.0
 Etot   =   -140065.8812  EKtot   =      5436.6533  EPtot      =   -145502.5345
 BOND   =        71.3981  ANGLE   =       207.5160  DIHED      =       969.9018
 1-4 NB =       263.5603  1-4 EEL =     -4803.5246  VDWAALS    =     24533.2242
 EELEC  =   -166744.6103  EHBOND  =         0.0000  RESTRAINT  =         0.0000
 ------------------------------------------------------------------------------


 NSTEP =     1100   TIME(PS) =       7.200  TEMP(K) =    76.69  PRESS =     0.0
 Etot   =   -139950.1370  EKtot   =      5538.2397  EPtot      =   -145488.3767
 BOND   =        70.4721  ANGLE   =       199.6021  DIHED      =       973.4597
 1-4 NB =       262.3794  1-4 EEL =     -4805.7109  VDWAALS    =     24492.5786
 EELEC  =   -166681.1578  EHBOND  =         0.0000  RESTRAINT  =         0.0000
 ------------------------------------------------------------------------------


 NSTEP =     1150   TIME(PS) =       7.300  TEMP(K) =    77.71  PRESS =     0.0
 Etot   =   -139840.0528  EKtot   =      5611.6875  EPtot      =   -145451.7403
 BOND   =        73.5351  ANGLE   =       207.4311  DIHED      =       973.3873
 1-4 NB =       260.3649  1-4 EEL =     -4805.8488  VDWAALS    =     24314.6514
 EELEC  =   -166475.2613  EHBOND  =         0.0000  RESTRAINT  =         0.0000
 ------------------------------------------------------------------------------


 NSTEP =     1200   TIME(PS) =       7.400  TEMP(K) =    78.18  PRESS =     0.0
 Etot   =   -139731.4584  EKtot   =      5645.5894  EPtot      =   -145377.0477
 BOND   =        71.7811  ANGLE   =       211.2962  DIHED      =       967.1475
 1-4 NB =       263.3685  1-4 EEL =     -4804.5223  VDWAALS    =     24405.8573
 EELEC  =   -166491.9759  EHBOND  =         0.0000  RESTRAINT  =         0.0000
 ------------------------------------------------------------------------------


 NSTEP =     1250   TIME(PS) =       7.500  TEMP(K) =    79.05  PRESS =     0.0
 Etot   =   -139629.8672  EKtot   =      5708.4517  EPtot      =   -145338.3189
 BOND   =        69.8058  ANGLE   =       210.5204  DIHED      =       978.6883
 1-4 NB =       263.0757  1-4 EEL =     -4808.3412  VDWAALS    =     24286.9699
 EELEC  =   -166339.0378  EHBOND  =         0.0000  RESTRAINT  =         0.0000
 ------------------------------------------------------------------------------


 NSTEP =     1300   TIME(PS) =       7.600  TEMP(K) =    79.59  PRESS =     0.0
 Etot   =   -139529.8574  EKtot   =      5747.5576  EPtot      =   -145277.4150
 BOND   =        72.9226  ANGLE   =       207.0920  DIHED      =       969.7399
 1-4 NB =       263.9389  1-4 EEL =     -4790.2869  VDWAALS    =     24409.1605
 EELEC  =   -166409.9820  EHBOND  =         0.0000  RESTRAINT  =         0.0000
 ------------------------------------------------------------------------------


 NSTEP =     1350   TIME(PS) =       7.700  TEMP(K) =    80.72  PRESS =     0.0
 Etot   =   -139434.6028  EKtot   =      5828.8506  EPtot      =   -145263.4534
 BOND   =        74.0255  ANGLE   =       212.7458  DIHED      =       971.4696
 1-4 NB =       265.7839  1-4 EEL =     -4803.8223  VDWAALS    =     24260.9292
 EELEC  =   -166244.5852  EHBOND  =         0.0000  RESTRAINT  =         0.0000
 ------------------------------------------------------------------------------


 NSTEP =     1400   TIME(PS) =       7.800  TEMP(K) =    81.09  PRESS =     0.0
 Etot   =   -139342.8498  EKtot   =      5855.4922  EPtot      =   -145198.3420
 BOND   =        79.9316  ANGLE   =       215.4851  DIHED      =       972.2038
 1-4 NB =       263.2901  1-4 EEL =     -4817.0300  VDWAALS    =     24406.9126
 EELEC  =   -166319.1352  EHBOND  =         0.0000  RESTRAINT  =         0.0000
 ------------------------------------------------------------------------------


 NSTEP =     1450   TIME(PS) =       7.900  TEMP(K) =    82.42  PRESS =     0.0
 Etot   =   -139255.7022  EKtot   =      5952.0654  EPtot      =   -145207.7676
 BOND   =        75.1645  ANGLE   =       217.8522  DIHED      =       967.8306
 1-4 NB =       267.7600  1-4 EEL =     -4814.3725  VDWAALS    =     24453.5452
 EELEC  =   -166375.5476  EHBOND  =         0.0000  RESTRAINT  =         0.0000
 ------------------------------------------------------------------------------


 NSTEP =     1500   TIME(PS) =       8.000  TEMP(K) =    82.60  PRESS =     0.0
 Etot   =   -139169.9543  EKtot   =      5964.9805  EPtot      =   -145134.9348
 BOND   =        69.3441  ANGLE   =       215.7447  DIHED      =       966.4472
 1-4 NB =       267.0160  1-4 EEL =     -4797.7677  VDWAALS    =     24500.8596
 EELEC  =   -166356.5787  EHBOND  =         0.0000  RESTRAINT  =         0.0000
 ------------------------------------------------------------------------------


 NSTEP =     1550   TIME(PS) =       8.100  TEMP(K) =    84.10  PRESS =     0.0
 Etot   =   -139090.2628  EKtot   =      6073.4258  EPtot      =   -145163.6886
 BOND   =        77.4500  ANGLE   =       209.0491  DIHED      =       970.8032
 1-4 NB =       265.6660  1-4 EEL =     -4800.7942  VDWAALS    =     24380.8363
 EELEC  =   -166266.6990  EHBOND  =         0.0000  RESTRAINT  =         0.0000
 ------------------------------------------------------------------------------


 NSTEP =     1600   TIME(PS) =       8.200  TEMP(K) =    83.88  PRESS =     0.0
 Etot   =   -139013.8652  EKtot   =      6057.0532  EPtot      =   -145070.9184
 BOND   =        68.4270  ANGLE   =       203.9003  DIHED      =       980.3436
 1-4 NB =       267.4926  1-4 EEL =     -4789.7717  VDWAALS    =     24570.2172
 EELEC  =   -166371.5274  EHBOND  =         0.0000  RESTRAINT  =         0.0000
 ------------------------------------------------------------------------------


 NSTEP =     1650   TIME(PS) =       8.300  TEMP(K) =    84.55  PRESS =     0.0
 Etot   =   -138936.9131  EKtot   =      6105.6494  EPtot      =   -145042.5625
 BOND   =        73.9688  ANGLE   =       209.7344  DIHED      =       983.0375
 1-4 NB =       262.7256  1-4 EEL =     -4788.6675  VDWAALS    =     24320.5091
 EELEC  =   -166103.8704  EHBOND  =         0.0000  RESTRAINT  =         0.0000
 ------------------------------------------------------------------------------


 NSTEP =     1700   TIME(PS) =       8.400  TEMP(K) =    84.75  PRESS =     0.0
 Etot   =   -138864.6540  EKtot   =      6119.7192  EPtot      =   -144984.3732
 BOND   =        76.8088  ANGLE   =       219.4527  DIHED      =       981.1439
 1-4 NB =       262.7252  1-4 EEL =     -4807.3642  VDWAALS    =     24372.4172
 EELEC  =   -166089.5567  EHBOND  =         0.0000  RESTRAINT  =         0.0000
 ------------------------------------------------------------------------------


 NSTEP =     1750   TIME(PS) =       8.500  TEMP(K) =    86.32  PRESS =     0.0
 Etot   =   -138794.3290  EKtot   =      6233.5835  EPtot      =   -145027.9125
 BOND   =        77.9506  ANGLE   =       223.5765  DIHED      =       973.9273
 1-4 NB =       264.5484  1-4 EEL =     -4814.4935  VDWAALS    =     24322.0601
 EELEC  =   -166075.4818  EHBOND  =         0.0000  RESTRAINT  =         0.0000
 ------------------------------------------------------------------------------


 NSTEP =     1800   TIME(PS) =       8.600  TEMP(K) =    86.65  PRESS =     0.0
 Etot   =   -138729.2862  EKtot   =      6257.2485  EPtot      =   -144986.5347
 BOND   =        79.5793  ANGLE   =       218.1505  DIHED      =       975.6088
 1-4 NB =       270.1715  1-4 EEL =     -4815.3922  VDWAALS    =     24369.2422
 EELEC  =   -166083.8948  EHBOND  =         0.0000  RESTRAINT  =         0.0000
 ------------------------------------------------------------------------------


 NSTEP =     1850   TIME(PS) =       8.700  TEMP(K) =    87.16  PRESS =     0.0
 Etot   =   -138666.5394  EKtot   =      6294.0225  EPtot      =   -144960.5619
 BOND   =        73.6704  ANGLE   =       212.7718  DIHED      =       971.3367
 1-4 NB =       265.5385  1-4 EEL =     -4787.2732  VDWAALS    =     24387.2028
 EELEC  =   -166083.8088  EHBOND  =         0.0000  RESTRAINT  =         0.0000
 ------------------------------------------------------------------------------


 NSTEP =     1900   TIME(PS) =       8.800  TEMP(K) =    88.13  PRESS =     0.0
 Etot   =   -138607.3370  EKtot   =      6363.8599  EPtot      =   -144971.1969
 BOND   =        76.6730  ANGLE   =       217.7389  DIHED      =       972.2497
 1-4 NB =       263.4444  1-4 EEL =     -4809.1116  VDWAALS    =     24375.8821
 EELEC  =   -166068.0733  EHBOND  =         0.0000  RESTRAINT  =         0.0000
 ------------------------------------------------------------------------------


 NSTEP =     1950   TIME(PS) =       8.900  TEMP(K) =    87.73  PRESS =     0.0
 Etot   =   -138549.7751  EKtot   =      6335.3008  EPtot      =   -144885.0759
 BOND   =        76.0459  ANGLE   =       212.8195  DIHED      =       972.0275
 1-4 NB =       265.4414  1-4 EEL =     -4800.9323  VDWAALS    =     24365.4745
 EELEC  =   -165975.9524  EHBOND  =         0.0000  RESTRAINT  =         0.0000
 ------------------------------------------------------------------------------

check COM velocity, temp:        0.000007     0.00(Removed)

 NSTEP =     2000   TIME(PS) =       9.000  TEMP(K) =    88.58  PRESS =     0.0
 Etot   =   -138494.2003  EKtot   =      6396.8247  EPtot      =   -144891.0251
 BOND   =        81.6563  ANGLE   =       222.0366  DIHED      =       971.5275
 1-4 NB =       268.0657  1-4 EEL =     -4800.2978  VDWAALS    =     24460.7320
 EELEC  =   -166094.7453  EHBOND  =         0.0000  RESTRAINT  =         0.0000
 ------------------------------------------------------------------------------


 NSTEP =     2050   TIME(PS) =       9.100  TEMP(K) =    89.48  PRESS =     0.0
 Etot   =   -138441.4042  EKtot   =      6461.9067  EPtot      =   -144903.3110
 BOND   =        75.2037  ANGLE   =       216.7225  DIHED      =       976.1727
 1-4 NB =       265.0741  1-4 EEL =     -4794.4599  VDWAALS    =     24508.1372
 EELEC  =   -166150.1612  EHBOND  =         0.0000  RESTRAINT  =         0.0000
 ------------------------------------------------------------------------------


 NSTEP =     2100   TIME(PS) =       9.200  TEMP(K) =    89.65  PRESS =     0.0
 Etot   =   -138389.7684  EKtot   =      6473.6895  EPtot      =   -144863.4578
 BOND   =        71.9863  ANGLE   =       217.4075  DIHED      =       978.7005
 1-4 NB =       263.9238  1-4 EEL =     -4800.1155  VDWAALS    =     24577.9985
 EELEC  =   -166173.3588  EHBOND  =         0.0000  RESTRAINT  =         0.0000
 ------------------------------------------------------------------------------


 NSTEP =     2150   TIME(PS) =       9.300  TEMP(K) =    89.84  PRESS =     0.0
 Etot   =   -138342.0524  EKtot   =      6487.3794  EPtot      =   -144829.4318
 BOND   =        77.5535  ANGLE   =       224.0756  DIHED      =       969.5622
 1-4 NB =       266.1220  1-4 EEL =     -4801.3144  VDWAALS    =     24291.9795
 EELEC  =   -165857.4101  EHBOND  =         0.0000  RESTRAINT  =         0.0000
 ------------------------------------------------------------------------------


 NSTEP =     2200   TIME(PS) =       9.400  TEMP(K) =    90.04  PRESS =     0.0
 Etot   =   -138294.5557  EKtot   =      6502.3618  EPtot      =   -144796.9175
 BOND   =        82.7774  ANGLE   =       225.6420  DIHED      =       979.5414
 1-4 NB =       265.8028  1-4 EEL =     -4799.1631  VDWAALS    =     24302.2823
 EELEC  =   -165853.8002  EHBOND  =         0.0000  RESTRAINT  =         0.0000
 ------------------------------------------------------------------------------


 NSTEP =     2250   TIME(PS) =       9.500  TEMP(K) =    91.06  PRESS =     0.0
 Etot   =   -138252.0347  EKtot   =      6575.3213  EPtot      =   -144827.3559
 BOND   =        78.8685  ANGLE   =       233.0581  DIHED      =       971.7246
 1-4 NB =       265.1314  1-4 EEL =     -4809.7006  VDWAALS    =     24497.2063
 EELEC  =   -166063.6443  EHBOND  =         0.0000  RESTRAINT  =         0.0000
 ------------------------------------------------------------------------------


 NSTEP =     2300   TIME(PS) =       9.600  TEMP(K) =    91.22  PRESS =     0.0
 Etot   =   -138207.7998  EKtot   =      6587.0596  EPtot      =   -144794.8594
 BOND   =        79.2023  ANGLE   =       224.9382  DIHED      =       973.5924
 1-4 NB =       263.9574  1-4 EEL =     -4803.3255  VDWAALS    =     24453.8992
 EELEC  =   -165987.1234  EHBOND  =         0.0000  RESTRAINT  =         0.0000
 ------------------------------------------------------------------------------


 NSTEP =     2350   TIME(PS) =       9.700  TEMP(K) =    92.39  PRESS =     0.0
 Etot   =   -138168.4059  EKtot   =      6671.7666  EPtot      =   -144840.1725
 BOND   =        82.8519  ANGLE   =       223.1038  DIHED      =       972.6406
 1-4 NB =       265.6279  1-4 EEL =     -4824.4610  VDWAALS    =     24387.9315
 EELEC  =   -165947.8673  EHBOND  =         0.0000  RESTRAINT  =         0.0000
 ------------------------------------------------------------------------------


 NSTEP =     2400   TIME(PS) =       9.800  TEMP(K) =    92.43  PRESS =     0.0
 Etot   =   -138129.9962  EKtot   =      6674.2998  EPtot      =   -144804.2960
 BOND   =        81.8016  ANGLE   =       219.7957  DIHED      =       979.4612
 1-4 NB =       269.1684  1-4 EEL =     -4802.7506  VDWAALS    =     24401.6138
 EELEC  =   -165953.3861  EHBOND  =         0.0000  RESTRAINT  =         0.0000
 ------------------------------------------------------------------------------


 NSTEP =     2450   TIME(PS) =       9.900  TEMP(K) =    91.57  PRESS =     0.0
 Etot   =   -138090.6390  EKtot   =      6612.3159  EPtot      =   -144702.9549
 BOND   =        83.5873  ANGLE   =       216.6899  DIHED      =       978.2143
 1-4 NB =       264.6166  1-4 EEL =     -4805.1058  VDWAALS    =     24587.5472
 EELEC  =   -166028.5042  EHBOND  =         0.0000  RESTRAINT  =         0.0000
 ------------------------------------------------------------------------------


 NSTEP =     2500   TIME(PS) =      10.000  TEMP(K) =    92.86  PRESS =     0.0
 Etot   =   -138054.4773  EKtot   =      6705.9658  EPtot      =   -144760.4431
 BOND   =        83.5349  ANGLE   =       225.9834  DIHED      =       976.2859
 1-4 NB =       261.6884  1-4 EEL =     -4808.8092  VDWAALS    =     24657.0243
 EELEC  =   -166156.1509  EHBOND  =         0.0000  RESTRAINT  =         0.0000
 ------------------------------------------------------------------------------


      A V E R A G E S   O V E R      50 S T E P S


 NSTEP =     2500   TIME(PS) =      10.000  TEMP(K) =    76.77  PRESS =     0.0
 Etot   =   -139986.0325  EKtot   =      5543.9469  EPtot      =   -145529.9794
 BOND   =        72.3462  ANGLE   =       209.1775  DIHED      =       971.7919
 1-4 NB =       264.0967  1-4 EEL =     -4803.7885  VDWAALS    =     24515.9091
 EELEC  =   -166759.5122  EHBOND  =         0.0000  RESTRAINT  =         0.0000
 ------------------------------------------------------------------------------


      R M S  F L U C T U A T I O N S


 NSTEP =     2500   TIME(PS) =      10.000  TEMP(K) =    12.35  PRESS =     0.0
 Etot   =      1576.9567  EKtot   =       891.8075  EPtot      =       687.4004
 BOND   =         6.1607  ANGLE   =        10.9162  DIHED      =         4.7399
 1-4 NB =         2.5133  1-4 EEL =         7.8109  VDWAALS    =       170.8693
 EELEC  =       804.6446  EHBOND  =         0.0000  RESTRAINT  =         0.0000
 ------------------------------------------------------------------------------

--------------------------------------------------------------------------------
   5.  TIMINGS
--------------------------------------------------------------------------------

|  NonSetup CPU Time in Major Routines:
|
|     Routine           Sec        %
|     ------------------------------
|     Nonbond           1.00    8.15
|     Bond              0.00    0.00
|     Angle             0.00    0.00
|     Dihedral          0.00    0.00
|     Shake             0.02    0.13
|     RunMD            11.20   91.67
|     Other             0.01    0.05
|     ------------------------------
|     Total            12.22

|  PME Nonbond Pairlist CPU Time:
|
|     Routine              Sec        %
|     ---------------------------------
|     Set Up Cit           0.00    0.00
|     Build List           0.00    0.00
|     ---------------------------------
|     Total                0.00    0.00

|  PME Direct Force CPU Time:
|
|     Routine              Sec        %
|     ---------------------------------
|     NonBonded Calc       0.00    0.00
|     Exclude Masked       0.00    0.00
|     Other                0.00    0.03
|     ---------------------------------
|     Total                0.00    0.03

|  PME Reciprocal Force CPU Time:
|
|     Routine              Sec        %
|     ---------------------------------
|     1D bspline           0.00    0.00
|     Grid Charges         0.00    0.00
|     Scalar Sum           0.00    0.00
|     Gradient Sum         0.00    0.00
|     FFT                  0.00    0.00
|     ---------------------------------
|     Total                0.00    0.00

|  Final Performance Info:
|     -----------------------------------------------------
|     Average timings for last    2450 steps:
|     Elapsed(s) =      12.47 Per Step(ms) =       5.09
|         ns/day =      33.96   seconds/ns =    2544.22
|
|     Average timings for all steps:
|     Elapsed(s) =      13.06 Per Step(ms) =       5.23
|         ns/day =      33.07   seconds/ns =    2612.95
|     -----------------------------------------------------

|  Setup CPU time:            1.18 seconds
|  NonSetup CPU time:        12.22 seconds
|  Total CPU time:           13.40 seconds     0.00 hours

|  Setup wall time:           2    seconds
|  NonSetup wall time:       13    seconds
|  Total wall time:          15    seconds     0.00 hours
