
          -------------------------------------------------------
          Amber 16 PMEMD                              2016
          -------------------------------------------------------

| PMEMD implementation of SANDER, Release 16

| Run on 06/04/2024 at 22:36:48

|   Executable path: pmemd.cuda
| Working directory: /home/students/keyq/fuben4/4/4LG
|          Hostname: master

  [-O]verwriting output

File Assignments:
|   MDIN: heat3.in                                                              
|  MDOUT: cmp_heat3.out                                                         
| INPCRD: cmp_heat2.rst                                                         
|   PARM: cmp.prmtop                                                            
| RESTRT: cmp_heat3.rst                                                         
|   REFC: cmp.inpcrd                                                            
|  MDVEL: mdvel                                                                 
|   MDEN: mden                                                                  
|  MDCRD: cmp_heat3.mdcrd                                                       
| MDINFO: mdinfo                                                                
|  MDFRC: mdfrc                                                                 


 Here is the input file:

Stage 2 equilibration 1 0-5ns                                                  
 &cntrl                                                                        
  imin=0, irest=1, ntx=5,                                                      
  nstlim=2500, dt=0.002,                                                       
  ntc=2, ntf=2,                                                                
  ntt=1, tautp=1.5,                                                            
  tempi=100.0, temp0=150.0,                                                    
  ntpr=50, ntwx=50,                                                            
  ntb=1,                                                                       
  cut=10,                                                                      
 /                                                                             


Note: ig = -1. Setting random seed to   573864 based on wallclock time in 
      microseconds.
 
|--------------------- INFORMATION ----------------------
| GPU (CUDA) Version of PMEMD in use: NVIDIA GPU IN USE.
|                    Version 16.0.0
| 
|                      02/25/2016
| 
| Implementation by:
|                    Ross C. Walker     (SDSC)
|                    Scott Le Grand     (nVIDIA)
| 
| Precision model in use:
|      [SPFP] - Single Precision Forces, 64-bit Fixed Point
|               Accumulation. (Default)
| 
|--------------------------------------------------------
 
|----------------- CITATION INFORMATION -----------------
|
|    When publishing work that utilized the CUDA version
|    of AMBER, please cite the following in addition to
|    the regular AMBER citations:
|
|  - Romelia Salomon-Ferrer; Andreas W. Goetz; Duncan
|    Poole; Scott Le Grand; Ross C. Walker "Routine
|    microsecond molecular dynamics simulations with
|    AMBER - Part II: Particle Mesh Ewald", J. Chem.
|    Theory Comput., 2013, 9 (9), pp3878-3888,
|    DOI: 10.1021/ct400314y.
|
|  - Andreas W. Goetz; Mark J. Williamson; Dong Xu;
|    Duncan Poole; Scott Le Grand; Ross C. Walker
|    "Routine microsecond molecular dynamics simulations
|    with AMBER - Part I: Generalized Born", J. Chem.
|    Theory Comput., 2012, 8 (5), pp1542-1555.
|
|  - Scott Le Grand; Andreas W. Goetz; Ross C. Walker
|    "SPFP: Speed without compromise - a mixed precision
|    model for GPU accelerated molecular dynamics
|    simulations.", Comp. Phys. Comm., 2013, 184
|    pp374-380, DOI: 10.1016/j.cpc.2012.09.022
|
|--------------------------------------------------------
 
|------------------- GPU DEVICE INFO --------------------
|
|            CUDA_VISIBLE_DEVICES: 0
|   CUDA Capable Devices Detected:      1
|           CUDA Device ID in use:      0
|                CUDA Device Name: Tesla V100-PCIE-32GB
|     CUDA Device Global Mem Size:  32510 MB
| CUDA Device Num Multiprocessors:     80
|           CUDA Device Core Freq:   1.38 GHz
|
|--------------------------------------------------------
 
 
| Conditional Compilation Defines Used:
| PUBFFT
| BINTRAJ
| CUDA
| EMIL

| Largest sphere to fit in unit cell has radius =    32.968

| New format PARM file being parsed.
| Version =    1.000 Date = 12/10/20 Time = 21:38:06

| Note: 1-4 EEL scale factors are being read from the topology file.

| Note: 1-4 VDW scale factors are being read from the topology file.
| Duplicated    0 dihedrals

| Duplicated    0 dihedrals

--------------------------------------------------------------------------------
   1.  RESOURCE   USE: 
--------------------------------------------------------------------------------

 getting box info from netcdf restart file
 NATOM  =   35979 NTYPES =      18 NBONH =   35256 MBONA  =     774
 NTHETH =     898 MTHETA =    1191 NPHIH =    1825 MPHIA  =    2463
 NHPARM =       0 NPARM  =       0 NNB   =   52494 NRES   =   11691
 NBONA  =     774 NTHETA =    1191 NPHIA =    2463 NUMBND =      61
 NUMANG =     127 NPTRA  =      75 NATYP =      34 NPHB   =       1
 IFBOX  =       2 NMXRS  =      33 IFCAP =       0 NEXTRA =       0
 NCOPY  =       0

| Coordinate Index Table dimensions:    13   13   13
| Direct force subcell size =     6.2120    6.2120    6.2120

     BOX TYPE: TRUNCATED OCTAHEDRON

--------------------------------------------------------------------------------
   2.  CONTROL  DATA  FOR  THE  RUN
--------------------------------------------------------------------------------

default_name                                                                    

General flags:
     imin    =       0, nmropt  =       0

Nature and format of input:
     ntx     =       5, irest   =       1, ntrx    =       1

Nature and format of output:
     ntxo    =       2, ntpr    =      50, ntrx    =       1, ntwr    =    2500
     iwrap   =       0, ntwx    =      50, ntwv    =       0, ntwe    =       0
     ioutfm  =       1, ntwprt  =       0, idecomp =       0, rbornstat=      0

Potential function:
     ntf     =       2, ntb     =       1, igb     =       0, nsnb    =      25
     ipol    =       0, gbsa    =       0, iesp    =       0
     dielc   =   1.00000, cut     =  10.00000, intdiel =   1.00000

Frozen or restrained atoms:
     ibelly  =       0, ntr     =       0

Molecular dynamics:
     nstlim  =      2500, nscm    =      1000, nrespa  =         1
     t       =   0.00000, dt      =   0.00200, vlimit  =  -1.00000

Berendsen (weak-coupling) temperature regulation:
     temp0   = 150.00000, tempi   = 100.00000, tautp   =   1.50000

SHAKE:
     ntc     =       2, jfastw  =       0
     tol     =   0.00001

| Intermolecular bonds treatment:
|     no_intermolecular_bonds =       1

| Energy averages sample interval:
|     ene_avg_sampling =      50

Ewald parameters:
     verbose =       0, ew_type =       0, nbflag  =       1, use_pme =       1
     vdwmeth =       1, eedmeth =       1, netfrc  =       1
     Box X =   80.755   Box Y =   80.755   Box Z =   80.755
     Alpha =  109.471   Beta  =  109.471   Gamma =  109.471
     NFFT1 =   84       NFFT2 =   84       NFFT3 =   84
     Cutoff=   10.000   Tol   =0.100E-04
     Ewald Coefficient =  0.27511
     Interpolation order =    4

--------------------------------------------------------------------------------
   3.  ATOMIC COORDINATES AND VELOCITIES
--------------------------------------------------------------------------------

default_name                                                                    
 begin time read from input coords =    10.000 ps

 
 Number of triangulated 3-point waters found:    11625

     Sum of charges from parm topology file =   0.00000020
     Forcing neutrality...

| Dynamic Memory, Types Used:
| Reals             1044811
| Integers           865960

| Nonbonded Pairs Initial Allocation:    10882748

| GPU memory information (estimate):
| KB of GPU memory in use:    171147
| KB of CPU memory in use:     60015

--------------------------------------------------------------------------------
   4.  RESULTS
--------------------------------------------------------------------------------

 ---------------------------------------------------
 APPROXIMATING switch and d/dx switch using CUBIC SPLINE INTERPOLATION
 using   5000.0 points per unit in tabled values
 TESTING RELATIVE ERROR over r ranging from 0.0 to cutoff
| CHECK switch(x): max rel err =   0.2738E-14   at   2.422500
| CHECK d/dx switch(x): max rel err =   0.8314E-11   at   2.736960
 ---------------------------------------------------
|---------------------------------------------------
| APPROXIMATING direct energy using CUBIC SPLINE INTERPOLATION
|  with   50.0 points per unit in tabled values
| Relative Error Limit not exceeded for r .gt.   2.33
| APPROXIMATING direct force using CUBIC SPLINE INTERPOLATION
|  with   50.0 points per unit in tabled values
| Relative Error Limit not exceeded for r .gt.   2.80
|---------------------------------------------------

 NSTEP =       50   TIME(PS) =      10.100  TEMP(K) =    94.68  PRESS =     0.0
 Etot   =   -137789.6227  EKtot   =      6837.1724  EPtot      =   -144626.7950
 BOND   =        80.8277  ANGLE   =       224.8458  DIHED      =       985.3577
 1-4 NB =       271.1828  1-4 EEL =     -4808.7750  VDWAALS    =     24542.6195
 EELEC  =   -165922.8535  EHBOND  =         0.0000  RESTRAINT  =         0.0000
 ------------------------------------------------------------------------------


 NSTEP =      100   TIME(PS) =      10.200  TEMP(K) =    96.35  PRESS =     0.0
 Etot   =   -137527.5932  EKtot   =      6957.3213  EPtot      =   -144484.9145
 BOND   =        79.6180  ANGLE   =       231.5955  DIHED      =       976.3147
 1-4 NB =       263.5708  1-4 EEL =     -4812.2251  VDWAALS    =     24254.8641
 EELEC  =   -165478.6525  EHBOND  =         0.0000  RESTRAINT  =         0.0000
 ------------------------------------------------------------------------------


 NSTEP =      150   TIME(PS) =      10.300  TEMP(K) =    97.79  PRESS =     0.0
 Etot   =   -137273.2824  EKtot   =      7062.0054  EPtot      =   -144335.2878
 BOND   =        82.7983  ANGLE   =       220.3217  DIHED      =       985.9580
 1-4 NB =       265.9343  1-4 EEL =     -4786.9662  VDWAALS    =     24389.8163
 EELEC  =   -165493.1503  EHBOND  =         0.0000  RESTRAINT  =         0.0000
 ------------------------------------------------------------------------------


 NSTEP =      200   TIME(PS) =      10.400  TEMP(K) =    99.74  PRESS =     0.0
 Etot   =   -137029.0344  EKtot   =      7202.6733  EPtot      =   -144231.7077
 BOND   =        85.5185  ANGLE   =       236.7397  DIHED      =       980.4926
 1-4 NB =       266.9266  1-4 EEL =     -4815.1974  VDWAALS    =     24331.7875
 EELEC  =   -165317.9753  EHBOND  =         0.0000  RESTRAINT  =         0.0000
 ------------------------------------------------------------------------------


 NSTEP =      250   TIME(PS) =      10.500  TEMP(K) =   100.44  PRESS =     0.0
 Etot   =   -136789.7949  EKtot   =      7252.9473  EPtot      =   -144042.7422
 BOND   =        81.7705  ANGLE   =       239.3456  DIHED      =       978.6069
 1-4 NB =       265.0053  1-4 EEL =     -4791.9635  VDWAALS    =     24101.2130
 EELEC  =   -164916.7200  EHBOND  =         0.0000  RESTRAINT  =         0.0000
 ------------------------------------------------------------------------------


 NSTEP =      300   TIME(PS) =      10.600  TEMP(K) =   102.38  PRESS =     0.0
 Etot   =   -136558.4314  EKtot   =      7393.4727  EPtot      =   -143951.9041
 BOND   =        79.1920  ANGLE   =       235.6627  DIHED      =       979.7891
 1-4 NB =       269.3257  1-4 EEL =     -4783.3758  VDWAALS    =     24201.1731
 EELEC  =   -164933.6709  EHBOND  =         0.0000  RESTRAINT  =         0.0000
 ------------------------------------------------------------------------------


 NSTEP =      350   TIME(PS) =      10.700  TEMP(K) =   104.44  PRESS =     0.0
 Etot   =   -136334.9094  EKtot   =      7541.6772  EPtot      =   -143876.5867
 BOND   =        88.6844  ANGLE   =       245.8413  DIHED      =       980.8327
 1-4 NB =       265.1710  1-4 EEL =     -4796.0080  VDWAALS    =     24223.7495
 EELEC  =   -164884.8574  EHBOND  =         0.0000  RESTRAINT  =         0.0000
 ------------------------------------------------------------------------------


 NSTEP =      400   TIME(PS) =      10.800  TEMP(K) =   106.13  PRESS =     0.0
 Etot   =   -136120.9095  EKtot   =      7664.1646  EPtot      =   -143785.0741
 BOND   =        84.7225  ANGLE   =       242.5383  DIHED      =       983.2190
 1-4 NB =       265.8281  1-4 EEL =     -4803.3488  VDWAALS    =     24304.8807
 EELEC  =   -164862.9140  EHBOND  =         0.0000  RESTRAINT  =         0.0000
 ------------------------------------------------------------------------------


 NSTEP =      450   TIME(PS) =      10.900  TEMP(K) =   107.60  PRESS =     0.0
 Etot   =   -135913.3026  EKtot   =      7769.9395  EPtot      =   -143683.2420
 BOND   =        87.5670  ANGLE   =       254.5902  DIHED      =       985.5153
 1-4 NB =       264.5135  1-4 EEL =     -4813.5359  VDWAALS    =     24230.6635
 EELEC  =   -164692.5557  EHBOND  =         0.0000  RESTRAINT  =         0.0000
 ------------------------------------------------------------------------------


 NSTEP =      500   TIME(PS) =      11.000  TEMP(K) =   108.68  PRESS =     0.0
 Etot   =   -135711.3298  EKtot   =      7847.9502  EPtot      =   -143559.2800
 BOND   =        92.4283  ANGLE   =       249.9844  DIHED      =       981.9547
 1-4 NB =       266.5639  1-4 EEL =     -4795.6415  VDWAALS    =     23925.7164
 EELEC  =   -164280.2863  EHBOND  =         0.0000  RESTRAINT  =         0.0000
 ------------------------------------------------------------------------------


 NSTEP =      550   TIME(PS) =      11.100  TEMP(K) =   110.22  PRESS =     0.0
 Etot   =   -135516.4757  EKtot   =      7959.4507  EPtot      =   -143475.9264
 BOND   =        90.8353  ANGLE   =       245.6882  DIHED      =       986.6325
 1-4 NB =       270.6696  1-4 EEL =     -4823.8105  VDWAALS    =     23935.3183
 EELEC  =   -164181.2598  EHBOND  =         0.0000  RESTRAINT  =         0.0000
 ------------------------------------------------------------------------------


 NSTEP =      600   TIME(PS) =      11.200  TEMP(K) =   110.15  PRESS =     0.0
 Etot   =   -135324.9421  EKtot   =      7954.0078  EPtot      =   -143278.9499
 BOND   =        95.8544  ANGLE   =       244.1840  DIHED      =       978.3274
 1-4 NB =       266.8729  1-4 EEL =     -4803.4982  VDWAALS    =     24053.6356
 EELEC  =   -164114.3260  EHBOND  =         0.0000  RESTRAINT  =         0.0000
 ------------------------------------------------------------------------------


 NSTEP =      650   TIME(PS) =      11.300  TEMP(K) =   112.51  PRESS =     0.0
 Etot   =   -135141.4997  EKtot   =      8124.9253  EPtot      =   -143266.4250
 BOND   =        89.7004  ANGLE   =       243.3247  DIHED      =       984.6715
 1-4 NB =       263.2371  1-4 EEL =     -4814.9006  VDWAALS    =     24005.8291
 EELEC  =   -164038.2871  EHBOND  =         0.0000  RESTRAINT  =         0.0000
 ------------------------------------------------------------------------------


 NSTEP =      700   TIME(PS) =      11.400  TEMP(K) =   113.58  PRESS =     0.0
 Etot   =   -134966.2870  EKtot   =      8201.7617  EPtot      =   -143168.0487
 BOND   =        82.3721  ANGLE   =       243.7294  DIHED      =       983.0607
 1-4 NB =       264.4680  1-4 EEL =     -4788.7402  VDWAALS    =     23979.7499
 EELEC  =   -163932.6885  EHBOND  =         0.0000  RESTRAINT  =         0.0000
 ------------------------------------------------------------------------------


 NSTEP =      750   TIME(PS) =      11.500  TEMP(K) =   114.47  PRESS =     0.0
 Etot   =   -134794.4901  EKtot   =      8266.1865  EPtot      =   -143060.6767
 BOND   =        85.9580  ANGLE   =       252.3416  DIHED      =       987.3177
 1-4 NB =       261.0788  1-4 EEL =     -4800.3399  VDWAALS    =     23785.1066
 EELEC  =   -163632.1394  EHBOND  =         0.0000  RESTRAINT  =         0.0000
 ------------------------------------------------------------------------------


 NSTEP =      800   TIME(PS) =      11.600  TEMP(K) =   115.24  PRESS =     0.0
 Etot   =   -134628.1768  EKtot   =      8322.0889  EPtot      =   -142950.2657
 BOND   =        85.6220  ANGLE   =       244.2424  DIHED      =       986.5074
 1-4 NB =       267.8486  1-4 EEL =     -4804.0544  VDWAALS    =     23889.2181
 EELEC  =   -163619.6499  EHBOND  =         0.0000  RESTRAINT  =         0.0000
 ------------------------------------------------------------------------------


 NSTEP =      850   TIME(PS) =      11.700  TEMP(K) =   116.22  PRESS =     0.0
 Etot   =   -134466.4000  EKtot   =      8392.7227  EPtot      =   -142859.1227
 BOND   =        97.4308  ANGLE   =       240.0336  DIHED      =       982.7278
 1-4 NB =       270.0026  1-4 EEL =     -4814.2369  VDWAALS    =     23846.8176
 EELEC  =   -163481.8981  EHBOND  =         0.0000  RESTRAINT  =         0.0000
 ------------------------------------------------------------------------------


 NSTEP =      900   TIME(PS) =      11.800  TEMP(K) =   119.08  PRESS =     0.0
 Etot   =   -134311.5856  EKtot   =      8599.1924  EPtot      =   -142910.7780
 BOND   =        86.0883  ANGLE   =       246.4255  DIHED      =       975.3464
 1-4 NB =       267.5815  1-4 EEL =     -4795.1816  VDWAALS    =     23880.2176
 EELEC  =   -163571.2556  EHBOND  =         0.0000  RESTRAINT  =         0.0000
 ------------------------------------------------------------------------------


 NSTEP =      950   TIME(PS) =      11.900  TEMP(K) =   119.15  PRESS =     0.0
 Etot   =   -134161.7363  EKtot   =      8604.1309  EPtot      =   -142765.8672
 BOND   =        96.7510  ANGLE   =       257.1099  DIHED      =       976.9812
 1-4 NB =       269.5730  1-4 EEL =     -4813.3040  VDWAALS    =     23700.7223
 EELEC  =   -163253.7006  EHBOND  =         0.0000  RESTRAINT  =         0.0000
 ------------------------------------------------------------------------------

check COM velocity, temp:        0.000019     0.00(Removed)

 NSTEP =     1000   TIME(PS) =      12.000  TEMP(K) =   120.92  PRESS =     0.0
 Etot   =   -134016.3354  EKtot   =      8731.6875  EPtot      =   -142748.0229
 BOND   =        88.3515  ANGLE   =       253.8978  DIHED      =       981.9538
 1-4 NB =       275.4520  1-4 EEL =     -4799.4204  VDWAALS    =     23800.4970
 EELEC  =   -163348.7547  EHBOND  =         0.0000  RESTRAINT  =         0.0000
 ------------------------------------------------------------------------------


 NSTEP =     1050   TIME(PS) =      12.100  TEMP(K) =   120.95  PRESS =     0.0
 Etot   =   -133878.3049  EKtot   =      8733.8799  EPtot      =   -142612.1848
 BOND   =        90.7168  ANGLE   =       256.3317  DIHED      =       977.8896
 1-4 NB =       270.0971  1-4 EEL =     -4805.4716  VDWAALS    =     23919.7142
 EELEC  =   -163321.4625  EHBOND  =         0.0000  RESTRAINT  =         0.0000
 ------------------------------------------------------------------------------


 NSTEP =     1100   TIME(PS) =      12.200  TEMP(K) =   123.40  PRESS =     0.0
 Etot   =   -133742.9611  EKtot   =      8910.7070  EPtot      =   -142653.6681
 BOND   =        95.0466  ANGLE   =       268.1305  DIHED      =       977.1055
 1-4 NB =       269.4570  1-4 EEL =     -4820.1870  VDWAALS    =     23979.1588
 EELEC  =   -163422.3795  EHBOND  =         0.0000  RESTRAINT  =         0.0000
 ------------------------------------------------------------------------------


 NSTEP =     1150   TIME(PS) =      12.300  TEMP(K) =   123.32  PRESS =     0.0
 Etot   =   -133611.1742  EKtot   =      8905.2402  EPtot      =   -142516.4144
 BOND   =       106.8122  ANGLE   =       256.4618  DIHED      =       985.6457
 1-4 NB =       268.8613  1-4 EEL =     -4805.7884  VDWAALS    =     23991.2521
 EELEC  =   -163319.6591  EHBOND  =         0.0000  RESTRAINT  =         0.0000
 ------------------------------------------------------------------------------


 NSTEP =     1200   TIME(PS) =      12.400  TEMP(K) =   122.83  PRESS =     0.0
 Etot   =   -133484.0039  EKtot   =      8869.5146  EPtot      =   -142353.5185
 BOND   =       101.2418  ANGLE   =       259.1619  DIHED      =       994.7834
 1-4 NB =       266.7345  1-4 EEL =     -4825.3109  VDWAALS    =     23526.0609
 EELEC  =   -162676.1900  EHBOND  =         0.0000  RESTRAINT  =         0.0000
 ------------------------------------------------------------------------------


 NSTEP =     1250   TIME(PS) =      12.500  TEMP(K) =   124.20  PRESS =     0.0
 Etot   =   -133357.7359  EKtot   =      8969.1475  EPtot      =   -142326.8834
 BOND   =        95.0723  ANGLE   =       240.8209  DIHED      =       991.0699
 1-4 NB =       273.3123  1-4 EEL =     -4803.6553  VDWAALS    =     23747.3441
 EELEC  =   -162870.8475  EHBOND  =         0.0000  RESTRAINT  =         0.0000
 ------------------------------------------------------------------------------


 NSTEP =     1300   TIME(PS) =      12.600  TEMP(K) =   126.69  PRESS =     0.0
 Etot   =   -133240.5804  EKtot   =      9148.3672  EPtot      =   -142388.9476
 BOND   =       107.3953  ANGLE   =       254.7426  DIHED      =       978.9498
 1-4 NB =       267.2390  1-4 EEL =     -4813.9313  VDWAALS    =     23761.9286
 EELEC  =   -162945.2715  EHBOND  =         0.0000  RESTRAINT  =         0.0000
 ------------------------------------------------------------------------------


 NSTEP =     1350   TIME(PS) =      12.700  TEMP(K) =   126.58  PRESS =     0.0
 Etot   =   -133127.1058  EKtot   =      9140.7637  EPtot      =   -142267.8695
 BOND   =        98.1835  ANGLE   =       252.4141  DIHED      =       990.3087
 1-4 NB =       270.4404  1-4 EEL =     -4801.1042  VDWAALS    =     23722.6636
 EELEC  =   -162800.7756  EHBOND  =         0.0000  RESTRAINT  =         0.0000
 ------------------------------------------------------------------------------


 NSTEP =     1400   TIME(PS) =      12.800  TEMP(K) =   127.75  PRESS =     0.0
 Etot   =   -133013.6727  EKtot   =      9225.3223  EPtot      =   -142238.9950
 BOND   =       100.8080  ANGLE   =       261.0659  DIHED      =       993.2657
 1-4 NB =       271.3970  1-4 EEL =     -4825.4995  VDWAALS    =     23555.9644
 EELEC  =   -162595.9965  EHBOND  =         0.0000  RESTRAINT  =         0.0000
 ------------------------------------------------------------------------------


 NSTEP =     1450   TIME(PS) =      12.900  TEMP(K) =   128.53  PRESS =     0.0
 Etot   =   -132907.4258  EKtot   =      9281.3135  EPtot      =   -142188.7393
 BOND   =        98.4307  ANGLE   =       267.9241  DIHED      =       993.0465
 1-4 NB =       268.3545  1-4 EEL =     -4822.7364  VDWAALS    =     23683.2219
 EELEC  =   -162676.9807  EHBOND  =         0.0000  RESTRAINT  =         0.0000
 ------------------------------------------------------------------------------


 NSTEP =     1500   TIME(PS) =      13.000  TEMP(K) =   128.65  PRESS =     0.0
 Etot   =   -132802.9536  EKtot   =      9290.3789  EPtot      =   -142093.3325
 BOND   =       108.6160  ANGLE   =       255.2900  DIHED      =       986.8062
 1-4 NB =       271.8892  1-4 EEL =     -4799.2085  VDWAALS    =     23629.5082
 EELEC  =   -162546.2335  EHBOND  =         0.0000  RESTRAINT  =         0.0000
 ------------------------------------------------------------------------------


 NSTEP =     1550   TIME(PS) =      13.100  TEMP(K) =   129.27  PRESS =     0.0
 Etot   =   -132702.2146  EKtot   =      9334.5752  EPtot      =   -142036.7898
 BOND   =       107.6479  ANGLE   =       261.4708  DIHED      =       990.6010
 1-4 NB =       270.1088  1-4 EEL =     -4813.9071  VDWAALS    =     23694.3659
 EELEC  =   -162547.0770  EHBOND  =         0.0000  RESTRAINT  =         0.0000
 ------------------------------------------------------------------------------


 NSTEP =     1600   TIME(PS) =      13.200  TEMP(K) =   130.03  PRESS =     0.0
 Etot   =   -132603.5209  EKtot   =      9389.9668  EPtot      =   -141993.4877
 BOND   =        99.6305  ANGLE   =       270.1478  DIHED      =       985.0891
 1-4 NB =       265.0345  1-4 EEL =     -4809.4626  VDWAALS    =     23579.2593
 EELEC  =   -162383.1862  EHBOND  =         0.0000  RESTRAINT  =         0.0000
 ------------------------------------------------------------------------------


 NSTEP =     1650   TIME(PS) =      13.300  TEMP(K) =   130.89  PRESS =     0.0
 Etot   =   -132509.1123  EKtot   =      9451.6484  EPtot      =   -141960.7608
 BOND   =        98.4649  ANGLE   =       263.3102  DIHED      =       978.3781
 1-4 NB =       271.3405  1-4 EEL =     -4811.4548  VDWAALS    =     23574.5514
 EELEC  =   -162335.3511  EHBOND  =         0.0000  RESTRAINT  =         0.0000
 ------------------------------------------------------------------------------


 NSTEP =     1700   TIME(PS) =      13.400  TEMP(K) =   131.90  PRESS =     0.0
 Etot   =   -132419.2538  EKtot   =      9525.0059  EPtot      =   -141944.2596
 BOND   =       101.8256  ANGLE   =       264.5070  DIHED      =       983.7107
 1-4 NB =       263.4436  1-4 EEL =     -4806.8793  VDWAALS    =     23603.1294
 EELEC  =   -162353.9967  EHBOND  =         0.0000  RESTRAINT  =         0.0000
 ------------------------------------------------------------------------------


 NSTEP =     1750   TIME(PS) =      13.500  TEMP(K) =   132.79  PRESS =     0.0
 Etot   =   -132331.9266  EKtot   =      9589.1152  EPtot      =   -141921.0418
 BOND   =        99.5723  ANGLE   =       261.5083  DIHED      =       990.8149
 1-4 NB =       270.2126  1-4 EEL =     -4799.4341  VDWAALS    =     23683.2429
 EELEC  =   -162426.9586  EHBOND  =         0.0000  RESTRAINT  =         0.0000
 ------------------------------------------------------------------------------


 NSTEP =     1800   TIME(PS) =      13.600  TEMP(K) =   133.58  PRESS =     0.0
 Etot   =   -132249.6382  EKtot   =      9645.8936  EPtot      =   -141895.5318
 BOND   =       111.7412  ANGLE   =       284.2429  DIHED      =       981.7748
 1-4 NB =       274.3461  1-4 EEL =     -4824.3669  VDWAALS    =     23622.9443
 EELEC  =   -162346.2142  EHBOND  =         0.0000  RESTRAINT  =         0.0000
 ------------------------------------------------------------------------------


 NSTEP =     1850   TIME(PS) =      13.700  TEMP(K) =   132.66  PRESS =     0.0
 Etot   =   -132168.0017  EKtot   =      9579.6973  EPtot      =   -141747.6989
 BOND   =       109.8017  ANGLE   =       260.1803  DIHED      =       989.1681
 1-4 NB =       271.7306  1-4 EEL =     -4811.0489  VDWAALS    =     23478.0093
 EELEC  =   -162045.5400  EHBOND  =         0.0000  RESTRAINT  =         0.0000
 ------------------------------------------------------------------------------


 NSTEP =     1900   TIME(PS) =      13.800  TEMP(K) =   134.21  PRESS =     0.0
 Etot   =   -132089.4354  EKtot   =      9691.6602  EPtot      =   -141781.0955
 BOND   =        97.7525  ANGLE   =       265.0411  DIHED      =       993.0005
 1-4 NB =       267.7592  1-4 EEL =     -4790.1945  VDWAALS    =     23494.8320
 EELEC  =   -162109.2862  EHBOND  =         0.0000  RESTRAINT  =         0.0000
 ------------------------------------------------------------------------------


 NSTEP =     1950   TIME(PS) =      13.900  TEMP(K) =   133.77  PRESS =     0.0
 Etot   =   -132012.2491  EKtot   =      9660.2334  EPtot      =   -141672.4825
 BOND   =       109.8843  ANGLE   =       272.5062  DIHED      =       996.5682
 1-4 NB =       267.0320  1-4 EEL =     -4812.9187  VDWAALS    =     23637.2435
 EELEC  =   -162142.7979  EHBOND  =         0.0000  RESTRAINT  =         0.0000
 ------------------------------------------------------------------------------

check COM velocity, temp:        0.000009     0.00(Removed)

 NSTEP =     2000   TIME(PS) =      14.000  TEMP(K) =   135.93  PRESS =     0.0
 Etot   =   -131939.6208  EKtot   =      9815.7783  EPtot      =   -141755.3991
 BOND   =       101.1975  ANGLE   =       264.0030  DIHED      =       992.2621
 1-4 NB =       273.7877  1-4 EEL =     -4807.9725  VDWAALS    =     23603.6950
 EELEC  =   -162182.3719  EHBOND  =         0.0000  RESTRAINT  =         0.0000
 ------------------------------------------------------------------------------


 NSTEP =     2050   TIME(PS) =      14.100  TEMP(K) =   135.42  PRESS =     0.0
 Etot   =   -131870.5030  EKtot   =      9779.0166  EPtot      =   -141649.5196
 BOND   =        97.6715  ANGLE   =       271.0622  DIHED      =       990.9394
 1-4 NB =       266.0305  1-4 EEL =     -4786.4907  VDWAALS    =     23618.5030
 EELEC  =   -162107.2356  EHBOND  =         0.0000  RESTRAINT  =         0.0000
 ------------------------------------------------------------------------------


 NSTEP =     2100   TIME(PS) =      14.200  TEMP(K) =   135.19  PRESS =     0.0
 Etot   =   -131802.4531  EKtot   =      9762.1152  EPtot      =   -141564.5683
 BOND   =       113.9109  ANGLE   =       280.3704  DIHED      =       992.7230
 1-4 NB =       262.1132  1-4 EEL =     -4806.1091  VDWAALS    =     23517.6429
 EELEC  =   -161925.2196  EHBOND  =         0.0000  RESTRAINT  =         0.0000
 ------------------------------------------------------------------------------


 NSTEP =     2150   TIME(PS) =      14.300  TEMP(K) =   137.32  PRESS =     0.0
 Etot   =   -131735.2703  EKtot   =      9915.9277  EPtot      =   -141651.1980
 BOND   =        97.7403  ANGLE   =       281.6059  DIHED      =       991.2040
 1-4 NB =       277.6336  1-4 EEL =     -4811.4016  VDWAALS    =     23519.1680
 EELEC  =   -162007.1482  EHBOND  =         0.0000  RESTRAINT  =         0.0000
 ------------------------------------------------------------------------------


 NSTEP =     2200   TIME(PS) =      14.400  TEMP(K) =   137.26  PRESS =     0.0
 Etot   =   -131673.0516  EKtot   =      9911.9404  EPtot      =   -141584.9920
 BOND   =       111.2085  ANGLE   =       279.7896  DIHED      =       992.4418
 1-4 NB =       268.2620  1-4 EEL =     -4809.3283  VDWAALS    =     23499.0464
 EELEC  =   -161926.4119  EHBOND  =         0.0000  RESTRAINT  =         0.0000
 ------------------------------------------------------------------------------


 NSTEP =     2250   TIME(PS) =      14.500  TEMP(K) =   136.79  PRESS =     0.0
 Etot   =   -131607.6761  EKtot   =      9877.9863  EPtot      =   -141485.6624
 BOND   =       106.7704  ANGLE   =       271.2187  DIHED      =       990.3992
 1-4 NB =       265.7485  1-4 EEL =     -4809.0600  VDWAALS    =     23442.3019
 EELEC  =   -161753.0413  EHBOND  =         0.0000  RESTRAINT  =         0.0000
 ------------------------------------------------------------------------------


 NSTEP =     2300   TIME(PS) =      14.600  TEMP(K) =   138.16  PRESS =     0.0
 Etot   =   -131547.0732  EKtot   =      9976.8086  EPtot      =   -141523.8818
 BOND   =       104.0832  ANGLE   =       285.0631  DIHED      =       991.6126
 1-4 NB =       267.2559  1-4 EEL =     -4813.8439  VDWAALS    =     23184.8859
 EELEC  =   -161542.9387  EHBOND  =         0.0000  RESTRAINT  =         0.0000
 ------------------------------------------------------------------------------


 NSTEP =     2350   TIME(PS) =      14.700  TEMP(K) =   137.59  PRESS =     0.0
 Etot   =   -131487.7490  EKtot   =      9935.5488  EPtot      =   -141423.2978
 BOND   =       111.4486  ANGLE   =       281.5539  DIHED      =       987.7295
 1-4 NB =       269.7705  1-4 EEL =     -4816.7363  VDWAALS    =     23494.9426
 EELEC  =   -161752.0065  EHBOND  =         0.0000  RESTRAINT  =         0.0000
 ------------------------------------------------------------------------------


 NSTEP =     2400   TIME(PS) =      14.800  TEMP(K) =   138.47  PRESS =     0.0
 Etot   =   -131431.9504  EKtot   =      9999.2812  EPtot      =   -141431.2316
 BOND   =       109.6921  ANGLE   =       264.2394  DIHED      =       997.5375
 1-4 NB =       266.4005  1-4 EEL =     -4790.4993  VDWAALS    =     23389.8542
 EELEC  =   -161668.4561  EHBOND  =         0.0000  RESTRAINT  =         0.0000
 ------------------------------------------------------------------------------


 NSTEP =     2450   TIME(PS) =      14.900  TEMP(K) =   139.27  PRESS =     0.0
 Etot   =   -131377.4407  EKtot   =     10057.3555  EPtot      =   -141434.7961
 BOND   =       104.1605  ANGLE   =       280.7467  DIHED      =       997.3275
 1-4 NB =       263.8667  1-4 EEL =     -4805.1768  VDWAALS    =     23275.5324
 EELEC  =   -161551.2532  EHBOND  =         0.0000  RESTRAINT  =         0.0000
 ------------------------------------------------------------------------------


 NSTEP =     2500   TIME(PS) =      15.000  TEMP(K) =   139.03  PRESS =     0.0
 Etot   =   -131326.3135  EKtot   =     10039.6748  EPtot      =   -141365.9883
 BOND   =       110.7075  ANGLE   =       272.3935  DIHED      =       996.6316
 1-4 NB =       276.7935  1-4 EEL =     -4813.8665  VDWAALS    =     23164.3555
 EELEC  =   -161373.0034  EHBOND  =         0.0000  RESTRAINT  =         0.0000
 ------------------------------------------------------------------------------


      A V E R A G E S   O V E R      50 S T E P S


 NSTEP =     2500   TIME(PS) =      15.000  TEMP(K) =   122.44  PRESS =     0.0
 Etot   =   -133728.5302  EKtot   =      8841.9868  EPtot      =   -142570.5171
 BOND   =        96.9865  ANGLE   =       257.1949  DIHED      =       986.4070
 1-4 NB =       268.3452  1-4 EEL =     -4806.7514  VDWAALS    =     23779.5584
 EELEC  =   -163152.2577  EHBOND  =         0.0000  RESTRAINT  =         0.0000
 ------------------------------------------------------------------------------


      R M S  F L U C T U A T I O N S


 NSTEP =     2500   TIME(PS) =      15.000  TEMP(K) =    13.10  PRESS =     0.0
 Etot   =      1872.8098  EKtot   =       946.0464  EPtot      =       928.6105
 BOND   =         9.9111  ANGLE   =        15.5719  DIHED      =         6.1256
 1-4 NB =         3.6519  1-4 EEL =        10.5439  VDWAALS    =       312.8952
 EELEC  =      1202.8655  EHBOND  =         0.0000  RESTRAINT  =         0.0000
 ------------------------------------------------------------------------------

--------------------------------------------------------------------------------
   5.  TIMINGS
--------------------------------------------------------------------------------

|  NonSetup CPU Time in Major Routines:
|
|     Routine           Sec        %
|     ------------------------------
|     Nonbond           1.52    9.32
|     Bond              0.00    0.00
|     Angle             0.00    0.00
|     Dihedral          0.00    0.00
|     Shake             0.02    0.10
|     RunMD            14.72   90.54
|     Other             0.01    0.04
|     ------------------------------
|     Total            16.26

|  PME Nonbond Pairlist CPU Time:
|
|     Routine              Sec        %
|     ---------------------------------
|     Set Up Cit           0.00    0.00
|     Build List           0.00    0.00
|     ---------------------------------
|     Total                0.00    0.00

|  PME Direct Force CPU Time:
|
|     Routine              Sec        %
|     ---------------------------------
|     NonBonded Calc       0.00    0.00
|     Exclude Masked       0.00    0.00
|     Other                0.00    0.03
|     ---------------------------------
|     Total                0.00    0.03

|  PME Reciprocal Force CPU Time:
|
|     Routine              Sec        %
|     ---------------------------------
|     1D bspline           0.00    0.00
|     Grid Charges         0.00    0.00
|     Scalar Sum           0.00    0.00
|     Gradient Sum         0.00    0.00
|     FFT                  0.00    0.00
|     ---------------------------------
|     Total                0.00    0.00

|  Final Performance Info:
|     -----------------------------------------------------
|     Average timings for last    2450 steps:
|     Elapsed(s) =      17.03 Per Step(ms) =       6.95
|         ns/day =      24.87   seconds/ns =    3474.60
|
|     Average timings for all steps:
|     Elapsed(s) =      17.28 Per Step(ms) =       6.91
|         ns/day =      24.99   seconds/ns =    3456.73
|     -----------------------------------------------------

|  Setup CPU time:            1.38 seconds
|  NonSetup CPU time:        16.26 seconds
|  Total CPU time:           17.64 seconds     0.00 hours

|  Setup wall time:           1    seconds
|  NonSetup wall time:       17    seconds
|  Total wall time:          18    seconds     0.01 hours
