
          -------------------------------------------------------
          Amber 16 PMEMD                              2016
          -------------------------------------------------------

| PMEMD implementation of SANDER, Release 16

| Run on 06/04/2024 at 22:35:48

|   Executable path: pmemd.cuda
| Working directory: /home/students/keyq/fuben4/4/4LG
|          Hostname: master

  [-O]verwriting output

File Assignments:
|   MDIN: min3.in                                                               
|  MDOUT: cmp_min3.out                                                          
| INPCRD: cmp_min2.rst                                                          
|   PARM: cmp.prmtop                                                            
| RESTRT: cmp_heat0.rst                                                         
|   REFC: cmp.inpcrd                                                            
|  MDVEL: mdvel                                                                 
|   MDEN: mden                                                                  
|  MDCRD: mdcrd                                                                 
| MDINFO: mdinfo                                                                
|  MDFRC: mdfrc                                                                 


 Here is the input file:

Initial minimisation of our structures                                         
 &cntrl                                                                        
  imin=1, maxcyc=10000, ncyc=5000,                                             
  cut=10, ntb=1,                                                               
/                                                                              


Note: ig = -1. Setting random seed to    80137 based on wallclock time in 
      microseconds.
 
|--------------------- INFORMATION ----------------------
| GPU (CUDA) Version of PMEMD in use: NVIDIA GPU IN USE.
|                    Version 16.0.0
| 
|                      02/25/2016
| 
| Implementation by:
|                    Ross C. Walker     (SDSC)
|                    Scott Le Grand     (nVIDIA)
| 
| Precision model in use:
|      [SPFP] - Single Precision Forces, 64-bit Fixed Point
|               Accumulation. (Default)
| 
|--------------------------------------------------------
 
|----------------- CITATION INFORMATION -----------------
|
|    When publishing work that utilized the CUDA version
|    of AMBER, please cite the following in addition to
|    the regular AMBER citations:
|
|  - Romelia Salomon-Ferrer; Andreas W. Goetz; Duncan
|    Poole; Scott Le Grand; Ross C. Walker "Routine
|    microsecond molecular dynamics simulations with
|    AMBER - Part II: Particle Mesh Ewald", J. Chem.
|    Theory Comput., 2013, 9 (9), pp3878-3888,
|    DOI: 10.1021/ct400314y.
|
|  - Andreas W. Goetz; Mark J. Williamson; Dong Xu;
|    Duncan Poole; Scott Le Grand; Ross C. Walker
|    "Routine microsecond molecular dynamics simulations
|    with AMBER - Part I: Generalized Born", J. Chem.
|    Theory Comput., 2012, 8 (5), pp1542-1555.
|
|  - Scott Le Grand; Andreas W. Goetz; Ross C. Walker
|    "SPFP: Speed without compromise - a mixed precision
|    model for GPU accelerated molecular dynamics
|    simulations.", Comp. Phys. Comm., 2013, 184
|    pp374-380, DOI: 10.1016/j.cpc.2012.09.022
|
|--------------------------------------------------------
 
|------------------- GPU DEVICE INFO --------------------
|
|            CUDA_VISIBLE_DEVICES: 0
|   CUDA Capable Devices Detected:      1
|           CUDA Device ID in use:      0
|                CUDA Device Name: Tesla V100-PCIE-32GB
|     CUDA Device Global Mem Size:  32510 MB
| CUDA Device Num Multiprocessors:     80
|           CUDA Device Core Freq:   1.38 GHz
|
|--------------------------------------------------------
 
 
| Conditional Compilation Defines Used:
| PUBFFT
| BINTRAJ
| CUDA
| EMIL

| Largest sphere to fit in unit cell has radius =    32.968

| New format PARM file being parsed.
| Version =    1.000 Date = 12/10/20 Time = 21:38:06

| Note: 1-4 EEL scale factors are being read from the topology file.

| Note: 1-4 VDW scale factors are being read from the topology file.
| Duplicated    0 dihedrals

| Duplicated    0 dihedrals

--------------------------------------------------------------------------------
   1.  RESOURCE   USE: 
--------------------------------------------------------------------------------

 getting box info from netcdf restart file
 NATOM  =   35979 NTYPES =      18 NBONH =   35256 MBONA  =     774
 NTHETH =     898 MTHETA =    1191 NPHIH =    1825 MPHIA  =    2463
 NHPARM =       0 NPARM  =       0 NNB   =   52494 NRES   =   11691
 NBONA  =     774 NTHETA =    1191 NPHIA =    2463 NUMBND =      61
 NUMANG =     127 NPTRA  =      75 NATYP =      34 NPHB   =       1
 IFBOX  =       2 NMXRS  =      33 IFCAP =       0 NEXTRA =       0
 NCOPY  =       0

| Coordinate Index Table dimensions:    13   13   13
| Direct force subcell size =     6.2120    6.2120    6.2120

     BOX TYPE: TRUNCATED OCTAHEDRON

--------------------------------------------------------------------------------
   2.  CONTROL  DATA  FOR  THE  RUN
--------------------------------------------------------------------------------

default_name                                                                    

General flags:
     imin    =       1, nmropt  =       0

Nature and format of input:
     ntx     =       1, irest   =       0, ntrx    =       1

Nature and format of output:
     ntxo    =       2, ntpr    =      50, ntrx    =       1, ntwr    =       1
     iwrap   =       0, ntwx    =       0, ntwv    =       0, ntwe    =       0
     ioutfm  =       1, ntwprt  =       0, idecomp =       0, rbornstat=      0

Potential function:
     ntf     =       1, ntb     =       1, igb     =       0, nsnb    =      25
     ipol    =       0, gbsa    =       0, iesp    =       0
     dielc   =   1.00000, cut     =  10.00000, intdiel =   1.00000

Frozen or restrained atoms:
     ibelly  =       0, ntr     =       0

Energy minimization:
     maxcyc  =   10000, ncyc    =    5000, ntmin   =       1
     dx0     =   0.01000, drms    =   0.00010

| Intermolecular bonds treatment:
|     no_intermolecular_bonds =       1

| Energy averages sample interval:
|     ene_avg_sampling =       1

Ewald parameters:
     verbose =       0, ew_type =       0, nbflag  =       1, use_pme =       1
     vdwmeth =       1, eedmeth =       1, netfrc  =       0
     Box X =   80.755   Box Y =   80.755   Box Z =   80.755
     Alpha =  109.471   Beta  =  109.471   Gamma =  109.471
     NFFT1 =   84       NFFT2 =   84       NFFT3 =   84
     Cutoff=   10.000   Tol   =0.100E-04
     Ewald Coefficient =  0.27511
     Interpolation order =    4

--------------------------------------------------------------------------------
   3.  ATOMIC COORDINATES AND VELOCITIES
--------------------------------------------------------------------------------

default_name                                                                    
 begin time read from input coords =     0.000 ps

 
 Number of triangulated 3-point waters found:    11625

     Sum of charges from parm topology file =   0.00000020
     Forcing neutrality...

| Dynamic Memory, Types Used:
| Reals              936493
| Integers           865198

| Nonbonded Pairs Initial Allocation:    10882748

| GPU memory information (estimate):
| KB of GPU memory in use:    172235
| KB of CPU memory in use:     61103

--------------------------------------------------------------------------------
   4.  RESULTS
--------------------------------------------------------------------------------

 ---------------------------------------------------
 APPROXIMATING switch and d/dx switch using CUBIC SPLINE INTERPOLATION
 using   5000.0 points per unit in tabled values
 TESTING RELATIVE ERROR over r ranging from 0.0 to cutoff
| CHECK switch(x): max rel err =   0.2738E-14   at   2.422500
| CHECK d/dx switch(x): max rel err =   0.8314E-11   at   2.736960
 ---------------------------------------------------
|---------------------------------------------------
| APPROXIMATING direct energy using CUBIC SPLINE INTERPOLATION
|  with   50.0 points per unit in tabled values
| Relative Error Limit not exceeded for r .gt.   2.33
| APPROXIMATING direct force using CUBIC SPLINE INTERPOLATION
|  with   50.0 points per unit in tabled values
| Relative Error Limit not exceeded for r .gt.   2.80
|---------------------------------------------------


   NSTEP       ENERGY          RMS            GMAX         NAME    NUMBER
      1      -1.5916E+05     3.9641E-02     2.5669E+00     P         188

 BOND    =    11986.4869  ANGLE   =      157.5949  DIHED      =      963.6818
 VDWAALS =    31042.7828  EEL     =  -198753.3726  HBOND      =        0.0000
 1-4 VDW =      255.3712  1-4 EEL =    -4807.6818  RESTRAINT  =        0.0000


   NSTEP       ENERGY          RMS            GMAX         NAME    NUMBER
     50      -1.5916E+05     1.5201E-02     7.6711E-01     N6       1058

 BOND    =    11987.3403  ANGLE   =      157.5364  DIHED      =      963.6771
 VDWAALS =    31043.1091  EEL     =  -198755.4485  HBOND      =        0.0000
 1-4 VDW =      255.3728  1-4 EEL =    -4807.6274  RESTRAINT  =        0.0000


   NSTEP       ENERGY          RMS            GMAX         NAME    NUMBER
    100      -1.5916E+05     1.3340E-02     5.4148E-01     H2      18504

 BOND    =    11987.3850  ANGLE   =      157.5392  DIHED      =      963.6707
 VDWAALS =    31043.4750  EEL     =  -198756.5022  HBOND      =        0.0000
 1-4 VDW =      255.3801  1-4 EEL =    -4807.6266  RESTRAINT  =        0.0000


   NSTEP       ENERGY          RMS            GMAX         NAME    NUMBER
    150      -1.5916E+05     1.3715E-02     5.1951E-01     H2      12633

 BOND    =    11987.4668  ANGLE   =      157.5322  DIHED      =      963.6664
 VDWAALS =    31043.8555  EEL     =  -198757.5944  HBOND      =        0.0000
 1-4 VDW =      255.3820  1-4 EEL =    -4807.6201  RESTRAINT  =        0.0000


   NSTEP       ENERGY          RMS            GMAX         NAME    NUMBER
    200      -1.5916E+05     3.5190E-02     2.6346E+00     C5       1056

 BOND    =    11987.5774  ANGLE   =      157.4462  DIHED      =      963.6610
 VDWAALS =    31044.3198  EEL     =  -198758.8128  HBOND      =        0.0000
 1-4 VDW =      255.3961  1-4 EEL =    -4807.6042  RESTRAINT  =        0.0000


   NSTEP       ENERGY          RMS            GMAX         NAME    NUMBER
    250      -1.5916E+05     5.0089E-02     5.1141E+00     P         188

 BOND    =    11987.5581  ANGLE   =      157.5162  DIHED      =      963.6599
 VDWAALS =    31044.8331  EEL     =  -198760.0699  HBOND      =        0.0000
 1-4 VDW =      255.3826  1-4 EEL =    -4807.5887  RESTRAINT  =        0.0000


   NSTEP       ENERGY          RMS            GMAX         NAME    NUMBER
    300      -1.5916E+05     1.6470E-02     9.5981E-01     P         692

 BOND    =    11987.6952  ANGLE   =      157.5257  DIHED      =      963.6521
 VDWAALS =    31045.3724  EEL     =  -198761.4991  HBOND      =        0.0000
 1-4 VDW =      255.3899  1-4 EEL =    -4807.6033  RESTRAINT  =        0.0000


   NSTEP       ENERGY          RMS            GMAX         NAME    NUMBER
    350      -1.5916E+05     1.3642E-02     5.6642E-01     H2       9843

 BOND    =    11987.7731  ANGLE   =      157.5164  DIHED      =      963.6477
 VDWAALS =    31045.8671  EEL     =  -198762.7449  HBOND      =        0.0000
 1-4 VDW =      255.3966  1-4 EEL =    -4807.5917  RESTRAINT  =        0.0000


   NSTEP       ENERGY          RMS            GMAX         NAME    NUMBER
    400      -1.5916E+05     1.3717E-02     6.0771E-01     H2       9843

 BOND    =    11987.8531  ANGLE   =      157.5136  DIHED      =      963.6428
 VDWAALS =    31046.3762  EEL     =  -198763.9634  HBOND      =        0.0000
 1-4 VDW =      255.4002  1-4 EEL =    -4807.5848  RESTRAINT  =        0.0000


   NSTEP       ENERGY          RMS            GMAX         NAME    NUMBER
    450      -1.5916E+05     3.4689E-02     1.7810E+00     P         629

 BOND    =    11987.9013  ANGLE   =      157.5290  DIHED      =      963.6362
 VDWAALS =    31046.9496  EEL     =  -198765.2979  HBOND      =        0.0000
 1-4 VDW =      255.4049  1-4 EEL =    -4807.5855  RESTRAINT  =        0.0000


   NSTEP       ENERGY          RMS            GMAX         NAME    NUMBER
    500      -1.5916E+05     1.3603E-02     6.9278E-01     H2       9843

 BOND    =    11988.0519  ANGLE   =      157.5105  DIHED      =      963.6313
 VDWAALS =    31047.5420  EEL     =  -198766.8174  HBOND      =        0.0000
 1-4 VDW =      255.4053  1-4 EEL =    -4807.5676  RESTRAINT  =        0.0000


   NSTEP       ENERGY          RMS            GMAX         NAME    NUMBER
    550      -1.5916E+05     1.4238E-02     7.2103E-01     H2       9843

 BOND    =    11988.1651  ANGLE   =      157.5091  DIHED      =      963.6245
 VDWAALS =    31048.1837  EEL     =  -198768.3799  HBOND      =        0.0000
 1-4 VDW =      255.4092  1-4 EEL =    -4807.5585  RESTRAINT  =        0.0000


   NSTEP       ENERGY          RMS            GMAX         NAME    NUMBER
    600      -1.5916E+05     1.3653E-02     7.3280E-01     H2       9843

 BOND    =    11988.2889  ANGLE   =      157.5097  DIHED      =      963.6164
 VDWAALS =    31048.8543  EEL     =  -198769.9299  HBOND      =        0.0000
 1-4 VDW =      255.4133  1-4 EEL =    -4807.5527  RESTRAINT  =        0.0000


   NSTEP       ENERGY          RMS            GMAX         NAME    NUMBER
    650      -1.5916E+05     6.0934E-02     7.4640E+00     P         692

 BOND    =    11988.4910  ANGLE   =      157.4966  DIHED      =      963.6089
 VDWAALS =    31049.5365  EEL     =  -198771.5528  HBOND      =        0.0000
 1-4 VDW =      255.4250  1-4 EEL =    -4807.5258  RESTRAINT  =        0.0000


   NSTEP       ENERGY          RMS            GMAX         NAME    NUMBER
    700      -1.5917E+05     3.4810E-02     4.0535E+00     P         692

 BOND    =    11988.5739  ANGLE   =      157.5121  DIHED      =      963.5998
 VDWAALS =    31050.2550  EEL     =  -198773.2171  HBOND      =        0.0000
 1-4 VDW =      255.4181  1-4 EEL =    -4807.5409  RESTRAINT  =        0.0000


   NSTEP       ENERGY          RMS            GMAX         NAME    NUMBER
    750      -1.5917E+05     1.5125E-02     7.0430E-01     P         692

 BOND    =    11988.6875  ANGLE   =      157.5126  DIHED      =      963.5914
 VDWAALS =    31050.9626  EEL     =  -198774.8790  HBOND      =        0.0000
 1-4 VDW =      255.4228  1-4 EEL =    -4807.5239  RESTRAINT  =        0.0000


   NSTEP       ENERGY          RMS            GMAX         NAME    NUMBER
    800      -1.5917E+05     1.5281E-02     7.4205E-01     H1      34532

 BOND    =    11988.8357  ANGLE   =      157.5162  DIHED      =      963.5823
 VDWAALS =    31051.7205  EEL     =  -198776.6663  HBOND      =        0.0000
 1-4 VDW =      255.4254  1-4 EEL =    -4807.5158  RESTRAINT  =        0.0000


   NSTEP       ENERGY          RMS            GMAX         NAME    NUMBER
    850      -1.5917E+05     4.5375E-02     2.7505E+00     C4        867

 BOND    =    11988.9812  ANGLE   =      157.5558  DIHED      =      963.5721
 VDWAALS =    31052.5472  EEL     =  -198778.5791  HBOND      =        0.0000
 1-4 VDW =      255.4281  1-4 EEL =    -4807.5022  RESTRAINT  =        0.0000


   NSTEP       ENERGY          RMS            GMAX         NAME    NUMBER
    900      -1.5917E+05     1.6168E-02     9.3966E-01     H1      34532

 BOND    =    11989.1889  ANGLE   =      157.5102  DIHED      =      963.5634
 VDWAALS =    31053.2835  EEL     =  -198780.4181  HBOND      =        0.0000
 1-4 VDW =      255.4319  1-4 EEL =    -4807.4995  RESTRAINT  =        0.0000


   NSTEP       ENERGY          RMS            GMAX         NAME    NUMBER
    950      -1.5917E+05     3.7095E-02     2.2813E+00     C6        863

 BOND    =    11989.3412  ANGLE   =      157.5748  DIHED      =      963.5535
 VDWAALS =    31054.0657  EEL     =  -198782.2912  HBOND      =        0.0000
 1-4 VDW =      255.4145  1-4 EEL =    -4807.5051  RESTRAINT  =        0.0000


   NSTEP       ENERGY          RMS            GMAX         NAME    NUMBER
   1000      -1.5917E+05     1.6044E-02     1.1764E+00     H1      34532

 BOND    =    11989.5168  ANGLE   =      157.5373  DIHED      =      963.5446
 VDWAALS =    31054.7144  EEL     =  -198784.0411  HBOND      =        0.0000
 1-4 VDW =      255.4331  1-4 EEL =    -4807.4841  RESTRAINT  =        0.0000


   NSTEP       ENERGY          RMS            GMAX         NAME    NUMBER
   1050      -1.5917E+05     3.5972E-02     2.8749E+00     C6        580

 BOND    =    11989.6000  ANGLE   =      157.6509  DIHED      =      963.5352
 VDWAALS =    31055.3811  EEL     =  -198785.8105  HBOND      =        0.0000
 1-4 VDW =      255.4079  1-4 EEL =    -4807.4954  RESTRAINT  =        0.0000


   NSTEP       ENERGY          RMS            GMAX         NAME    NUMBER
   1100      -1.5917E+05     5.2739E-02     4.4566E+00     C6        580

 BOND    =    11989.7393  ANGLE   =      157.7216  DIHED      =      963.5261
 VDWAALS =    31055.9873  EEL     =  -198787.6163  HBOND      =        0.0000
 1-4 VDW =      255.3947  1-4 EEL =    -4807.4984  RESTRAINT  =        0.0000


   NSTEP       ENERGY          RMS            GMAX         NAME    NUMBER
   1150      -1.5917E+05     2.3932E-02     1.5041E+00     H1      34532

 BOND    =    11990.1519  ANGLE   =      157.4876  DIHED      =      963.5182
 VDWAALS =    31056.4959  EEL     =  -198789.5372  HBOND      =        0.0000
 1-4 VDW =      255.4549  1-4 EEL =    -4807.4511  RESTRAINT  =        0.0000


   NSTEP       ENERGY          RMS            GMAX         NAME    NUMBER
   1200      -1.5918E+05     3.3658E-02     2.4141E+00     H2       9150

 BOND    =    11990.2492  ANGLE   =      157.5348  DIHED      =      963.5083
 VDWAALS =    31057.1182  EEL     =  -198791.4850  HBOND      =        0.0000
 1-4 VDW =      255.4458  1-4 EEL =    -4807.4496  RESTRAINT  =        0.0000


   NSTEP       ENERGY          RMS            GMAX         NAME    NUMBER
   1250      -1.5918E+05     5.6573E-02     3.9155E+00     H2       9150

 BOND    =    11990.1220  ANGLE   =      157.5387  DIHED      =      963.4980
 VDWAALS =    31057.7663  EEL     =  -198793.3217  HBOND      =        0.0000
 1-4 VDW =      255.4481  1-4 EEL =    -4807.4434  RESTRAINT  =        0.0000


   NSTEP       ENERGY          RMS            GMAX         NAME    NUMBER
   1300      -1.5918E+05     3.0100E-02     2.6286E+00     P         725

 BOND    =    11991.0066  ANGLE   =      157.5472  DIHED      =      963.4891
 VDWAALS =    31058.3926  EEL     =  -198796.1247  HBOND      =        0.0000
 1-4 VDW =      255.4552  1-4 EEL =    -4807.4214  RESTRAINT  =        0.0000


   NSTEP       ENERGY          RMS            GMAX         NAME    NUMBER
   1350      -1.5918E+05     4.9685E-02     4.4739E+00     P         725

 BOND    =    11991.0129  ANGLE   =      157.5604  DIHED      =      963.4795
 VDWAALS =    31059.0495  EEL     =  -198798.0005  HBOND      =        0.0000
 1-4 VDW =      255.4672  1-4 EEL =    -4807.3820  RESTRAINT  =        0.0000


   NSTEP       ENERGY          RMS            GMAX         NAME    NUMBER
   1400      -1.5918E+05     1.8907E-02     1.3185E+00     H1      34532

 BOND    =    11991.1297  ANGLE   =      157.5487  DIHED      =      963.4677
 VDWAALS =    31059.7213  EEL     =  -198799.9487  HBOND      =        0.0000
 1-4 VDW =      255.4572  1-4 EEL =    -4807.4257  RESTRAINT  =        0.0000


   NSTEP       ENERGY          RMS            GMAX         NAME    NUMBER
   1450      -1.5918E+05     1.7207E-02     1.1336E+00     H1      34532

 BOND    =    11991.2973  ANGLE   =      157.5553  DIHED      =      963.4577
 VDWAALS =    31060.4010  EEL     =  -198801.9302  HBOND      =        0.0000
 1-4 VDW =      255.4605  1-4 EEL =    -4807.4145  RESTRAINT  =        0.0000


   NSTEP       ENERGY          RMS            GMAX         NAME    NUMBER
   1500      -1.5918E+05     1.5861E-02     9.6218E-01     H2       8832

 BOND    =    11991.4572  ANGLE   =      157.5578  DIHED      =      963.4477
 VDWAALS =    31061.1216  EEL     =  -198803.9256  HBOND      =        0.0000
 1-4 VDW =      255.4621  1-4 EEL =    -4807.3914  RESTRAINT  =        0.0000


   NSTEP       ENERGY          RMS            GMAX         NAME    NUMBER
   1550      -1.5918E+05     2.0672E-02     1.1057E+00     C4        395

 BOND    =    11991.6143  ANGLE   =      157.5584  DIHED      =      963.4382
 VDWAALS =    31061.8620  EEL     =  -198805.8685  HBOND      =        0.0000
 1-4 VDW =      255.4641  1-4 EEL =    -4807.3677  RESTRAINT  =        0.0000


   NSTEP       ENERGY          RMS            GMAX         NAME    NUMBER
   1600      -1.5918E+05     1.6616E-02     9.0537E-01     H2       8832

 BOND    =    11991.7678  ANGLE   =      157.5566  DIHED      =      963.4292
 VDWAALS =    31062.6313  EEL     =  -198807.6919  HBOND      =        0.0000
 1-4 VDW =      255.4717  1-4 EEL =    -4807.3858  RESTRAINT  =        0.0000


   NSTEP       ENERGY          RMS            GMAX         NAME    NUMBER
   1650      -1.5919E+05     3.5815E-02     3.9672E+00     C6        676

 BOND    =    11991.8128  ANGLE   =      157.6665  DIHED      =      963.4186
 VDWAALS =    31063.4876  EEL     =  -198809.5833  HBOND      =        0.0000
 1-4 VDW =      255.4451  1-4 EEL =    -4807.3924  RESTRAINT  =        0.0000


   NSTEP       ENERGY          RMS            GMAX         NAME    NUMBER
   1700      -1.5919E+05     1.5423E-02     9.0421E-01     H2       8832

 BOND    =    11992.0288  ANGLE   =      157.5900  DIHED      =      963.4113
 VDWAALS =    31064.2869  EEL     =  -198811.3815  HBOND      =        0.0000
 1-4 VDW =      255.4677  1-4 EEL =    -4807.3676  RESTRAINT  =        0.0000


   NSTEP       ENERGY          RMS            GMAX         NAME    NUMBER
   1750      -1.5919E+05     1.5525E-02     9.1993E-01     H2       8832

 BOND    =    11992.1706  ANGLE   =      157.5951  DIHED      =      963.4032
 VDWAALS =    31065.1134  EEL     =  -198813.1455  HBOND      =        0.0000
 1-4 VDW =      255.4698  1-4 EEL =    -4807.3604  RESTRAINT  =        0.0000


   NSTEP       ENERGY          RMS            GMAX         NAME    NUMBER
   1800      -1.5919E+05     4.2180E-02     4.1779E+00     C6        676

 BOND    =    11992.2752  ANGLE   =      157.6757  DIHED      =      963.3940
 VDWAALS =    31065.9797  EEL     =  -198814.9115  HBOND      =        0.0000
 1-4 VDW =      255.4510  1-4 EEL =    -4807.3699  RESTRAINT  =        0.0000


   NSTEP       ENERGY          RMS            GMAX         NAME    NUMBER
   1850      -1.5919E+05     1.4645E-02     1.0181E+00     H2       8832

 BOND    =    11992.4562  ANGLE   =      157.5855  DIHED      =      963.3867
 VDWAALS =    31066.8800  EEL     =  -198816.8052  HBOND      =        0.0000
 1-4 VDW =      255.4792  1-4 EEL =    -4807.3408  RESTRAINT  =        0.0000


   NSTEP       ENERGY          RMS            GMAX         NAME    NUMBER
   1900      -1.5919E+05     1.9981E-02     1.0355E+00     H2       8832

 BOND    =    11992.5716  ANGLE   =      157.5881  DIHED      =      963.3776
 VDWAALS =    31067.8654  EEL     =  -198818.7672  HBOND      =        0.0000
 1-4 VDW =      255.4828  1-4 EEL =    -4807.3309  RESTRAINT  =        0.0000


   NSTEP       ENERGY          RMS            GMAX         NAME    NUMBER
   1950      -1.5919E+05     1.4548E-02     1.1545E+00     H2       8832

 BOND    =    11992.7840  ANGLE   =      157.5932  DIHED      =      963.3681
 VDWAALS =    31068.8621  EEL     =  -198820.8524  HBOND      =        0.0000
 1-4 VDW =      255.4833  1-4 EEL =    -4807.3264  RESTRAINT  =        0.0000


   NSTEP       ENERGY          RMS            GMAX         NAME    NUMBER
   2000      -1.5919E+05     3.0770E-02     4.2033E+00     C6        332

 BOND    =    11992.8302  ANGLE   =      157.6904  DIHED      =      963.3600
 VDWAALS =    31069.7629  EEL     =  -198822.6615  HBOND      =        0.0000
 1-4 VDW =      255.4693  1-4 EEL =    -4807.3310  RESTRAINT  =        0.0000


   NSTEP       ENERGY          RMS            GMAX         NAME    NUMBER
   2050      -1.5919E+05     4.1682E-02     3.3812E+00     P         441

 BOND    =    11993.1127  ANGLE   =      157.6129  DIHED      =      963.3488
 VDWAALS =    31070.6254  EEL     =  -198824.5312  HBOND      =        0.0000
 1-4 VDW =      255.4735  1-4 EEL =    -4807.3101  RESTRAINT  =        0.0000


   NSTEP       ENERGY          RMS            GMAX         NAME    NUMBER
   2100      -1.5919E+05     1.6207E-02     1.4325E+00     H2       8832

 BOND    =    11993.2207  ANGLE   =      157.5968  DIHED      =      963.3437
 VDWAALS =    31071.5425  EEL     =  -198826.5128  HBOND      =        0.0000
 1-4 VDW =      255.4971  1-4 EEL =    -4807.2976  RESTRAINT  =        0.0000


   NSTEP       ENERGY          RMS            GMAX         NAME    NUMBER
   2150      -1.5919E+05     2.1325E-02     1.5169E+00     H2       8832

 BOND    =    11993.3457  ANGLE   =      157.6337  DIHED      =      963.3352
 VDWAALS =    31072.4945  EEL     =  -198828.5961  HBOND      =        0.0000
 1-4 VDW =      255.4964  1-4 EEL =    -4807.2917  RESTRAINT  =        0.0000


   NSTEP       ENERGY          RMS            GMAX         NAME    NUMBER
   2200      -1.5919E+05     4.9849E-02     4.5718E+00     C2        336

 BOND    =    11993.5608  ANGLE   =      157.6479  DIHED      =      963.3277
 VDWAALS =    31073.4968  EEL     =  -198830.9686  HBOND      =        0.0000
 1-4 VDW =      255.5187  1-4 EEL =    -4807.2649  RESTRAINT  =        0.0000


   NSTEP       ENERGY          RMS            GMAX         NAME    NUMBER
   2250      -1.5920E+05     1.9461E-02     1.5481E+00     H2       8832

 BOND    =    11993.7024  ANGLE   =      157.6163  DIHED      =      963.3172
 VDWAALS =    31074.5268  EEL     =  -198833.1807  HBOND      =        0.0000
 1-4 VDW =      255.4946  1-4 EEL =    -4807.2825  RESTRAINT  =        0.0000


   NSTEP       ENERGY          RMS            GMAX         NAME    NUMBER
   2300      -1.5920E+05     4.2172E-02     4.1015E+00     C2        336

 BOND    =    11993.8945  ANGLE   =      157.6254  DIHED      =      963.3086
 VDWAALS =    31075.6460  EEL     =  -198835.5688  HBOND      =        0.0000
 1-4 VDW =      255.4833  1-4 EEL =    -4807.2934  RESTRAINT  =        0.0000


   NSTEP       ENERGY          RMS            GMAX         NAME    NUMBER
   2350      -1.5920E+05     6.3209E-02     6.5726E+00     C2        336

 BOND    =    11994.3072  ANGLE   =      157.4613  DIHED      =      963.3014
 VDWAALS =    31076.7180  EEL     =  -198837.9088  HBOND      =        0.0000
 1-4 VDW =      255.5280  1-4 EEL =    -4807.2638  RESTRAINT  =        0.0000


   NSTEP       ENERGY          RMS            GMAX         NAME    NUMBER
   2400      -1.5920E+05     4.2474E-02     2.9583E+00     C6        676

 BOND    =    11994.1090  ANGLE   =      157.8102  DIHED      =      963.2908
 VDWAALS =    31077.7888  EEL     =  -198839.9984  HBOND      =        0.0000
 1-4 VDW =      255.4653  1-4 EEL =    -4807.2795  RESTRAINT  =        0.0000


   NSTEP       ENERGY          RMS            GMAX         NAME    NUMBER
   2450      -1.5920E+05     5.9919E-02     4.3876E+00     C6        676

 BOND    =    11994.1901  ANGLE   =      157.9051  DIHED      =      963.2833
 VDWAALS =    31078.6701  EEL     =  -198841.7174  HBOND      =        0.0000
 1-4 VDW =      255.4459  1-4 EEL =    -4807.2930  RESTRAINT  =        0.0000


   NSTEP       ENERGY          RMS            GMAX         NAME    NUMBER
   2500      -1.5920E+05     2.5390E-02     1.4256E+00     H2       7131

 BOND    =    11994.5754  ANGLE   =      157.6348  DIHED      =      963.2771
 VDWAALS =    31079.4335  EEL     =  -198843.4446  HBOND      =        0.0000
 1-4 VDW =      255.5119  1-4 EEL =    -4807.2382  RESTRAINT  =        0.0000


   NSTEP       ENERGY          RMS            GMAX         NAME    NUMBER
   2550      -1.5920E+05     1.3198E-02     9.5802E-01     H2      24999

 BOND    =    11994.7259  ANGLE   =      157.6313  DIHED      =      963.2693
 VDWAALS =    31080.1999  EEL     =  -198845.0652  HBOND      =        0.0000
 1-4 VDW =      255.5187  1-4 EEL =    -4807.2269  RESTRAINT  =        0.0000


   NSTEP       ENERGY          RMS            GMAX         NAME    NUMBER
   2600      -1.5920E+05     1.8874E-02     1.6339E+00     C2        336

 BOND    =    11994.8579  ANGLE   =      157.6435  DIHED      =      963.2605
 VDWAALS =    31080.9117  EEL     =  -198846.6321  HBOND      =        0.0000
 1-4 VDW =      255.5266  1-4 EEL =    -4807.2122  RESTRAINT  =        0.0000


   NSTEP       ENERGY          RMS            GMAX         NAME    NUMBER
   2650      -1.5920E+05     1.2905E-02     7.2068E-01     H2      24999

 BOND    =    11994.9436  ANGLE   =      157.6485  DIHED      =      963.2526
 VDWAALS =    31081.5251  EEL     =  -198847.9557  HBOND      =        0.0000
 1-4 VDW =      255.5220  1-4 EEL =    -4807.2135  RESTRAINT  =        0.0000


   NSTEP       ENERGY          RMS            GMAX         NAME    NUMBER
   2700      -1.5920E+05     2.3298E-02     1.4766E+00     C6        514

 BOND    =    11994.9958  ANGLE   =      157.6721  DIHED      =      963.2439
 VDWAALS =    31082.0349  EEL     =  -198849.0756  HBOND      =        0.0000
 1-4 VDW =      255.5198  1-4 EEL =    -4807.2108  RESTRAINT  =        0.0000


   NSTEP       ENERGY          RMS            GMAX         NAME    NUMBER
   2750      -1.5920E+05     3.7931E-02     4.4642E+00     C6        514

 BOND    =    11995.1069  ANGLE   =      157.6352  DIHED      =      963.2355
 VDWAALS =    31082.4883  EEL     =  -198850.1332  HBOND      =        0.0000
 1-4 VDW =      255.5307  1-4 EEL =    -4807.1966  RESTRAINT  =        0.0000


   NSTEP       ENERGY          RMS            GMAX         NAME    NUMBER
   2800      -1.5920E+05     1.1779E-02     6.3726E-01     H2      15528

 BOND    =    11995.2129  ANGLE   =      157.6432  DIHED      =      963.2310
 VDWAALS =    31082.8816  EEL     =  -198851.2110  HBOND      =        0.0000
 1-4 VDW =      255.5315  1-4 EEL =    -4807.1898  RESTRAINT  =        0.0000


   NSTEP       ENERGY          RMS            GMAX         NAME    NUMBER
   2850      -1.5920E+05     3.0574E-02     9.2851E-01     H1       5687

 BOND    =    11995.3427  ANGLE   =      157.6446  DIHED      =      963.2232
 VDWAALS =    31083.2554  EEL     =  -198852.2485  HBOND      =        0.0000
 1-4 VDW =      255.5343  1-4 EEL =    -4807.1815  RESTRAINT  =        0.0000


   NSTEP       ENERGY          RMS            GMAX         NAME    NUMBER
   2900      -1.5921E+05     1.2390E-02     7.5830E-01     H2      15528

 BOND    =    11995.3260  ANGLE   =      157.6477  DIHED      =      963.2149
 VDWAALS =    31083.6053  EEL     =  -198853.1697  HBOND      =        0.0000
 1-4 VDW =      255.5370  1-4 EEL =    -4807.1732  RESTRAINT  =        0.0000


   NSTEP       ENERGY          RMS            GMAX         NAME    NUMBER
   2950      -1.5921E+05     1.5671E-02     8.1606E-01     H2      15528

 BOND    =    11995.5035  ANGLE   =      157.6512  DIHED      =      963.2070
 VDWAALS =    31083.8901  EEL     =  -198854.1621  HBOND      =        0.0000
 1-4 VDW =      255.5409  1-4 EEL =    -4807.1658  RESTRAINT  =        0.0000


   NSTEP       ENERGY          RMS            GMAX         NAME    NUMBER
   3000      -1.5921E+05     3.6275E-02     4.4350E+00     P         787

 BOND    =    11995.4390  ANGLE   =      157.6335  DIHED      =      963.1968
 VDWAALS =    31084.1975  EEL     =  -198854.9554  HBOND      =        0.0000
 1-4 VDW =      255.5290  1-4 EEL =    -4807.1468  RESTRAINT  =        0.0000


   NSTEP       ENERGY          RMS            GMAX         NAME    NUMBER
   3050      -1.5921E+05     1.4760E-02     1.0260E+00     P         787

 BOND    =    11995.5360  ANGLE   =      157.6630  DIHED      =      963.1902
 VDWAALS =    31084.3951  EEL     =  -198855.9345  HBOND      =        0.0000
 1-4 VDW =      255.5496  1-4 EEL =    -4807.1521  RESTRAINT  =        0.0000


   NSTEP       ENERGY          RMS            GMAX         NAME    NUMBER
   3100      -1.5921E+05     3.0298E-02     2.5482E+00     C4        518

 BOND    =    11995.5314  ANGLE   =      157.7252  DIHED      =      963.1821
 VDWAALS =    31084.6125  EEL     =  -198856.8180  HBOND      =        0.0000
 1-4 VDW =      255.5491  1-4 EEL =    -4807.1610  RESTRAINT  =        0.0000


   NSTEP       ENERGY          RMS            GMAX         NAME    NUMBER
   3150      -1.5921E+05     3.9503E-02     3.9468E+00     C4        518

 BOND    =    11995.5659  ANGLE   =      157.7472  DIHED      =      963.1740
 VDWAALS =    31084.7950  EEL     =  -198857.6483  HBOND      =        0.0000
 1-4 VDW =      255.5504  1-4 EEL =    -4807.1610  RESTRAINT  =        0.0000


   NSTEP       ENERGY          RMS            GMAX         NAME    NUMBER
   3200      -1.5921E+05     3.0005E-02     2.9811E+00     C6        804

 BOND    =    11995.5646  ANGLE   =      157.7843  DIHED      =      963.1634
 VDWAALS =    31084.9679  EEL     =  -198858.4344  HBOND      =        0.0000
 1-4 VDW =      255.5227  1-4 EEL =    -4807.1414  RESTRAINT  =        0.0000


   NSTEP       ENERGY          RMS            GMAX         NAME    NUMBER
   3250      -1.5921E+05     4.2740E-02     4.6249E+00     C6        804

 BOND    =    11995.9645  ANGLE   =      157.4803  DIHED      =      963.1580
 VDWAALS =    31085.0473  EEL     =  -198859.2409  HBOND      =        0.0000
 1-4 VDW =      255.6016  1-4 EEL =    -4807.0864  RESTRAINT  =        0.0000


   NSTEP       ENERGY          RMS            GMAX         NAME    NUMBER
   3300      -1.5921E+05     1.1910E-02     6.3904E-01     H2      15528

 BOND    =    11995.7569  ANGLE   =      157.6783  DIHED      =      963.1496
 VDWAALS =    31085.2202  EEL     =  -198859.8761  HBOND      =        0.0000
 1-4 VDW =      255.5564  1-4 EEL =    -4807.1128  RESTRAINT  =        0.0000


   NSTEP       ENERGY          RMS            GMAX         NAME    NUMBER
   3350      -1.5921E+05     3.3555E-02     1.9746E+00     H2       1947

 BOND    =    11995.8396  ANGLE   =      157.6679  DIHED      =      963.1410
 VDWAALS =    31085.3662  EEL     =  -198860.7161  HBOND      =        0.0000
 1-4 VDW =      255.5645  1-4 EEL =    -4807.1010  RESTRAINT  =        0.0000


   NSTEP       ENERGY          RMS            GMAX         NAME    NUMBER
   3400      -1.5921E+05     4.8128E-02     2.3428E+00     H1      17885

 BOND    =    11995.8802  ANGLE   =      157.6744  DIHED      =      963.1327
 VDWAALS =    31085.5332  EEL     =  -198861.4916  HBOND      =        0.0000
 1-4 VDW =      255.5598  1-4 EEL =    -4807.0949  RESTRAINT  =        0.0000


   NSTEP       ENERGY          RMS            GMAX         NAME    NUMBER
   3450      -1.5921E+05     2.2870E-02     9.7236E-01     C8        800

 BOND    =    11995.9086  ANGLE   =      157.6762  DIHED      =      963.1245
 VDWAALS =    31085.6834  EEL     =  -198862.2995  HBOND      =        0.0000
 1-4 VDW =      255.5599  1-4 EEL =    -4807.0866  RESTRAINT  =        0.0000


   NSTEP       ENERGY          RMS            GMAX         NAME    NUMBER
   3500      -1.5921E+05     1.1718E-02     4.2943E-01     H2      28749

 BOND    =    11995.9514  ANGLE   =      157.6779  DIHED      =      963.1166
 VDWAALS =    31085.8413  EEL     =  -198863.1324  HBOND      =        0.0000
 1-4 VDW =      255.5698  1-4 EEL =    -4807.0791  RESTRAINT  =        0.0000


   NSTEP       ENERGY          RMS            GMAX         NAME    NUMBER
   3550      -1.5921E+05     1.1624E-02     4.5445E-01     H2      28749

 BOND    =    11995.9874  ANGLE   =      157.6800  DIHED      =      963.1097
 VDWAALS =    31085.9624  EEL     =  -198863.7672  HBOND      =        0.0000
 1-4 VDW =      255.5723  1-4 EEL =    -4807.0719  RESTRAINT  =        0.0000


   NSTEP       ENERGY          RMS            GMAX         NAME    NUMBER
   3600      -1.5921E+05     1.1748E-02     4.8242E-01     H2      28749

 BOND    =    11996.0269  ANGLE   =      157.6821  DIHED      =      963.1019
 VDWAALS =    31086.0970  EEL     =  -198864.4384  HBOND      =        0.0000
 1-4 VDW =      255.5752  1-4 EEL =    -4807.0636  RESTRAINT  =        0.0000


   NSTEP       ENERGY          RMS            GMAX         NAME    NUMBER
   3650      -1.5921E+05     1.2856E-02     5.1157E-01     H2      28749

 BOND    =    11996.0537  ANGLE   =      157.6836  DIHED      =      963.0937
 VDWAALS =    31086.2464  EEL     =  -198865.1901  HBOND      =        0.0000
 1-4 VDW =      255.5783  1-4 EEL =    -4807.0555  RESTRAINT  =        0.0000


   NSTEP       ENERGY          RMS            GMAX         NAME    NUMBER
   3700      -1.5921E+05     2.0084E-02     2.2981E+00     P         850

 BOND    =    11996.0379  ANGLE   =      157.6817  DIHED      =      963.0855
 VDWAALS =    31086.3939  EEL     =  -198865.9352  HBOND      =        0.0000
 1-4 VDW =      255.5814  1-4 EEL =    -4807.0485  RESTRAINT  =        0.0000


   NSTEP       ENERGY          RMS            GMAX         NAME    NUMBER
   3750      -1.5921E+05     4.0666E-02     8.9156E+00     P         850

 BOND    =    11996.1650  ANGLE   =      157.6723  DIHED      =      963.0767
 VDWAALS =    31086.5407  EEL     =  -198866.8427  HBOND      =        0.0000
 1-4 VDW =      255.5842  1-4 EEL =    -4807.0463  RESTRAINT  =        0.0000


   NSTEP       ENERGY          RMS            GMAX         NAME    NUMBER
   3800      -1.5922E+05     1.3047E-02     8.2768E-01     P         850

 BOND    =    11996.2229  ANGLE   =      157.6910  DIHED      =      963.0688
 VDWAALS =    31086.6735  EEL     =  -198867.7186  HBOND      =        0.0000
 1-4 VDW =      255.5885  1-4 EEL =    -4807.0267  RESTRAINT  =        0.0000


   NSTEP       ENERGY          RMS            GMAX         NAME    NUMBER
   3850      -1.5922E+05     1.2418E-02     6.3979E-01     H2      28749

 BOND    =    11996.2709  ANGLE   =      157.6914  DIHED      =      963.0602
 VDWAALS =    31086.8020  EEL     =  -198868.5041  HBOND      =        0.0000
 1-4 VDW =      255.5920  1-4 EEL =    -4807.0216  RESTRAINT  =        0.0000


   NSTEP       ENERGY          RMS            GMAX         NAME    NUMBER
   3900      -1.5922E+05     1.4228E-02     6.6733E-01     H2      28749

 BOND    =    11996.3290  ANGLE   =      157.6850  DIHED      =      963.0526
 VDWAALS =    31086.9211  EEL     =  -198869.3121  HBOND      =        0.0000
 1-4 VDW =      255.5974  1-4 EEL =    -4807.0130  RESTRAINT  =        0.0000


   NSTEP       ENERGY          RMS            GMAX         NAME    NUMBER
   3950      -1.5922E+05     1.3029E-02     6.8685E-01     H2      28749

 BOND    =    11996.3530  ANGLE   =      157.7124  DIHED      =      963.0451
 VDWAALS =    31087.0396  EEL     =  -198870.0762  HBOND      =        0.0000
 1-4 VDW =      255.5937  1-4 EEL =    -4807.0097  RESTRAINT  =        0.0000


   NSTEP       ENERGY          RMS            GMAX         NAME    NUMBER
   4000      -1.5922E+05     4.6622E-02     2.4209E+00     H2      29877

 BOND    =    11996.4703  ANGLE   =      157.7057  DIHED      =      963.0392
 VDWAALS =    31087.1247  EEL     =  -198870.7464  HBOND      =        0.0000
 1-4 VDW =      255.5973  1-4 EEL =    -4807.0027  RESTRAINT  =        0.0000


   NSTEP       ENERGY          RMS            GMAX         NAME    NUMBER
   4050      -1.5922E+05     2.5956E-02     1.1812E+00     H2       6495

 BOND    =    11996.4899  ANGLE   =      157.7106  DIHED      =      963.0309
 VDWAALS =    31087.2561  EEL     =  -198871.6125  HBOND      =        0.0000
 1-4 VDW =      255.6001  1-4 EEL =    -4806.9956  RESTRAINT  =        0.0000


   NSTEP       ENERGY          RMS            GMAX         NAME    NUMBER
   4100      -1.5922E+05     4.3626E-02     2.1631E+00     H2       6495

 BOND    =    11996.5765  ANGLE   =      157.7155  DIHED      =      963.0223
 VDWAALS =    31087.3979  EEL     =  -198872.5111  HBOND      =        0.0000
 1-4 VDW =      255.6025  1-4 EEL =    -4806.9882  RESTRAINT  =        0.0000


   NSTEP       ENERGY          RMS            GMAX         NAME    NUMBER
   4150      -1.5922E+05     5.6307E-02     2.5963E+00     H2       6495

 BOND    =    11996.6367  ANGLE   =      157.7204  DIHED      =      963.0135
 VDWAALS =    31087.5470  EEL     =  -198873.4036  HBOND      =        0.0000
 1-4 VDW =      255.6045  1-4 EEL =    -4806.9808  RESTRAINT  =        0.0000


   NSTEP       ENERGY          RMS            GMAX         NAME    NUMBER
   4200      -1.5922E+05     3.2704E-02     1.3093E+00     H2      31125

 BOND    =    11996.7096  ANGLE   =      157.7341  DIHED      =      963.0044
 VDWAALS =    31087.7230  EEL     =  -198874.4396  HBOND      =        0.0000
 1-4 VDW =      255.6088  1-4 EEL =    -4806.9768  RESTRAINT  =        0.0000


   NSTEP       ENERGY          RMS            GMAX         NAME    NUMBER
   4250      -1.5922E+05     1.3772E-02     1.0613E+00     H2       8403

 BOND    =    11996.7331  ANGLE   =      157.7291  DIHED      =      962.9945
 VDWAALS =    31087.9172  EEL     =  -198875.4595  HBOND      =        0.0000
 1-4 VDW =      255.6080  1-4 EEL =    -4806.9640  RESTRAINT  =        0.0000


   NSTEP       ENERGY          RMS            GMAX         NAME    NUMBER
   4300      -1.5922E+05     1.4823E-02     1.1750E+00     H2       8403

 BOND    =    11996.8364  ANGLE   =      157.7269  DIHED      =      962.9845
 VDWAALS =    31088.1237  EEL     =  -198876.4979  HBOND      =        0.0000
 1-4 VDW =      255.6085  1-4 EEL =    -4806.9502  RESTRAINT  =        0.0000


   NSTEP       ENERGY          RMS            GMAX         NAME    NUMBER
   4350      -1.5922E+05     4.2583E-02     3.4232E+00     C4        458

 BOND    =    11997.0369  ANGLE   =      157.6500  DIHED      =      962.9741
 VDWAALS =    31088.3462  EEL     =  -198877.6381  HBOND      =        0.0000
 1-4 VDW =      255.5956  1-4 EEL =    -4806.8950  RESTRAINT  =        0.0000


   NSTEP       ENERGY          RMS            GMAX         NAME    NUMBER
   4400      -1.5922E+05     1.3591E-02     1.3839E+00     H2       8403

 BOND    =    11996.9842  ANGLE   =      157.7709  DIHED      =      962.9644
 VDWAALS =    31088.5924  EEL     =  -198878.6523  HBOND      =        0.0000
 1-4 VDW =      255.6178  1-4 EEL =    -4806.9539  RESTRAINT  =        0.0000


   NSTEP       ENERGY          RMS            GMAX         NAME    NUMBER
   4450      -1.5922E+05     3.8549E-02     3.1701E+00     C6        580

 BOND    =    11997.0963  ANGLE   =      157.7885  DIHED      =      962.9548
 VDWAALS =    31088.8168  EEL     =  -198879.6182  HBOND      =        0.0000
 1-4 VDW =      255.6093  1-4 EEL =    -4806.9497  RESTRAINT  =        0.0000


   NSTEP       ENERGY          RMS            GMAX         NAME    NUMBER
   4500      -1.5922E+05     1.3952E-02     1.4243E+00     H2       8403

 BOND    =    11997.1596  ANGLE   =      157.7767  DIHED      =      962.9460
 VDWAALS =    31089.0418  EEL     =  -198880.5599  HBOND      =        0.0000
 1-4 VDW =      255.6185  1-4 EEL =    -4806.9389  RESTRAINT  =        0.0000


   NSTEP       ENERGY          RMS            GMAX         NAME    NUMBER
   4550      -1.5923E+05     3.1555E-02     1.9527E+00     P         629

 BOND    =    11997.4424  ANGLE   =      157.7906  DIHED      =      962.9341
 VDWAALS =    31089.3462  EEL     =  -198881.8620  HBOND      =        0.0000
 1-4 VDW =      255.6227  1-4 EEL =    -4806.9330  RESTRAINT  =        0.0000


   NSTEP       ENERGY          RMS            GMAX         NAME    NUMBER
   4600      -1.5923E+05     4.1847E-02     6.7347E+00     P         629

 BOND    =    11997.6413  ANGLE   =      157.8289  DIHED      =      962.9212
 VDWAALS =    31089.6864  EEL     =  -198883.1311  HBOND      =        0.0000
 1-4 VDW =      255.6318  1-4 EEL =    -4806.9280  RESTRAINT  =        0.0000


   NSTEP       ENERGY          RMS            GMAX         NAME    NUMBER
   4650      -1.5923E+05     1.7353E-02     2.0004E+00     P         629

 BOND    =    11997.4410  ANGLE   =      157.8025  DIHED      =      962.9142
 VDWAALS =    31090.0452  EEL     =  -198883.9206  HBOND      =        0.0000
 1-4 VDW =      255.6129  1-4 EEL =    -4806.9253  RESTRAINT  =        0.0000


   NSTEP       ENERGY          RMS            GMAX         NAME    NUMBER
   4700      -1.5923E+05     3.6869E-02     3.8182E+00     C4        589

 BOND    =    11997.5681  ANGLE   =      157.8008  DIHED      =      962.9010
 VDWAALS =    31090.4717  EEL     =  -198885.1133  HBOND      =        0.0000
 1-4 VDW =      255.6199  1-4 EEL =    -4806.9285  RESTRAINT  =        0.0000


   NSTEP       ENERGY          RMS            GMAX         NAME    NUMBER
   4750      -1.5923E+05     2.1987E-02     1.7442E+00     C6        580

 BOND    =    11997.6478  ANGLE   =      157.8580  DIHED      =      962.8903
 VDWAALS =    31090.8794  EEL     =  -198886.2239  HBOND      =        0.0000
 1-4 VDW =      255.6134  1-4 EEL =    -4806.9174  RESTRAINT  =        0.0000


   NSTEP       ENERGY          RMS            GMAX         NAME    NUMBER
   4800      -1.5923E+05     3.4486E-02     2.9400E+00     C6        580

 BOND    =    11997.7534  ANGLE   =      157.8839  DIHED      =      962.8795
 VDWAALS =    31091.2461  EEL     =  -198887.2506  HBOND      =        0.0000
 1-4 VDW =      255.6071  1-4 EEL =    -4806.9187  RESTRAINT  =        0.0000


   NSTEP       ENERGY          RMS            GMAX         NAME    NUMBER
   4850      -1.5923E+05     1.4709E-02     9.0104E-01     H1      29966

 BOND    =    11997.7814  ANGLE   =      157.8628  DIHED      =      962.8682
 VDWAALS =    31091.5858  EEL     =  -198888.1073  HBOND      =        0.0000
 1-4 VDW =      255.6171  1-4 EEL =    -4806.9064  RESTRAINT  =        0.0000


   NSTEP       ENERGY          RMS            GMAX         NAME    NUMBER
   4900      -1.5923E+05     2.8530E-02     2.7193E+00     H1      29966

 BOND    =    11997.7756  ANGLE   =      157.8807  DIHED      =      962.8560
 VDWAALS =    31091.9364  EEL     =  -198888.9323  HBOND      =        0.0000
 1-4 VDW =      255.6149  1-4 EEL =    -4806.9037  RESTRAINT  =        0.0000


   NSTEP       ENERGY          RMS            GMAX         NAME    NUMBER
   4950      -1.5923E+05     3.9961E-02     1.9958E+00     P         912

 BOND    =    11997.5575  ANGLE   =      157.8970  DIHED      =      962.8427
 VDWAALS =    31092.2735  EEL     =  -198889.6125  HBOND      =        0.0000
 1-4 VDW =      255.6125  1-4 EEL =    -4806.9024  RESTRAINT  =        0.0000


   NSTEP       ENERGY          RMS            GMAX         NAME    NUMBER
   5000      -1.5923E+05     5.4752E-02     5.3070E+00     P         850

 BOND    =    11998.0417  ANGLE   =      157.9343  DIHED      =      962.8264
 VDWAALS =    31092.6214  EEL     =  -198891.0322  HBOND      =        0.0000
 1-4 VDW =      255.5967  1-4 EEL =    -4806.9131  RESTRAINT  =        0.0000


   NSTEP       ENERGY          RMS            GMAX         NAME    NUMBER
   5050      -1.5925E+05     7.5283E-02     5.5588E+00     O       25996

 BOND    =    12001.3525  ANGLE   =      158.6022  DIHED      =      962.2869
 VDWAALS =    31108.3787  EEL     =  -198930.0927  HBOND      =        0.0000
 1-4 VDW =      255.4202  1-4 EEL =    -4806.9643  RESTRAINT  =        0.0000


   NSTEP       ENERGY          RMS            GMAX         NAME    NUMBER
   5100      -1.5926E+05     6.3529E-02     3.1784E+00     H1       8192

 BOND    =    12001.8269  ANGLE   =      159.3314  DIHED      =      962.2250
 VDWAALS =    31112.1161  EEL     =  -198940.4048  HBOND      =        0.0000
 1-4 VDW =      255.5807  1-4 EEL =    -4806.7453  RESTRAINT  =        0.0000


   NSTEP       ENERGY          RMS            GMAX         NAME    NUMBER
   5150      -1.5926E+05     5.3245E-02     2.3414E+00     O       25360

 BOND    =    12003.2629  ANGLE   =      159.3660  DIHED      =      962.2012
 VDWAALS =    31116.2074  EEL     =  -198950.2902  HBOND      =        0.0000
 1-4 VDW =      255.5819  1-4 EEL =    -4806.6995  RESTRAINT  =        0.0000


   NSTEP       ENERGY          RMS            GMAX         NAME    NUMBER
   5200      -1.5926E+05     5.2566E-02     2.4283E+00     N3       1064

 BOND    =    12003.8947  ANGLE   =      159.4483  DIHED      =      962.1493
 VDWAALS =    31119.6225  EEL     =  -198958.5236  HBOND      =        0.0000
 1-4 VDW =      255.5907  1-4 EEL =    -4806.6938  RESTRAINT  =        0.0000


   NSTEP       ENERGY          RMS            GMAX         NAME    NUMBER
   5250      -1.5927E+05     4.2077E-02     2.0221E+00     H1      16433

 BOND    =    12004.9025  ANGLE   =      159.3097  DIHED      =      962.1154
 VDWAALS =    31122.7402  EEL     =  -198966.3296  HBOND      =        0.0000
 1-4 VDW =      255.5746  1-4 EEL =    -4806.8026  RESTRAINT  =        0.0000


   NSTEP       ENERGY          RMS            GMAX         NAME    NUMBER
   5300      -1.5927E+05     6.3242E-02     3.4568E+00     C6        613

 BOND    =    12006.0257  ANGLE   =      159.5125  DIHED      =      962.0743
 VDWAALS =    31127.9119  EEL     =  -198976.1424  HBOND      =        0.0000
 1-4 VDW =      255.5408  1-4 EEL =    -4806.9392  RESTRAINT  =        0.0000


   NSTEP       ENERGY          RMS            GMAX         NAME    NUMBER
   5350      -1.5927E+05     4.3628E-02     2.0180E+00     N3       1064

 BOND    =    12005.1086  ANGLE   =      159.2104  DIHED      =      962.0684
 VDWAALS =    31128.0965  EEL     =  -198977.4467  HBOND      =        0.0000
 1-4 VDW =      255.5302  1-4 EEL =    -4806.5774  RESTRAINT  =        0.0000


   NSTEP       ENERGY          RMS            GMAX         NAME    NUMBER
   5400      -1.5928E+05     3.1734E-02     1.5147E+00     H1      16433

 BOND    =    12008.0139  ANGLE   =      158.9253  DIHED      =      961.9930
 VDWAALS =    31137.7636  EEL     =  -198997.6700  HBOND      =        0.0000
 1-4 VDW =      255.4688  1-4 EEL =    -4806.6535  RESTRAINT  =        0.0000


   NSTEP       ENERGY          RMS            GMAX         NAME    NUMBER
   5450      -1.5929E+05     7.8237E-02     2.9152E+00     C6        580

 BOND    =    12008.5989  ANGLE   =      158.7587  DIHED      =      961.9671
 VDWAALS =    31141.8629  EEL     =  -199011.5026  HBOND      =        0.0000
 1-4 VDW =      255.4758  1-4 EEL =    -4806.3337  RESTRAINT  =        0.0000


   NSTEP       ENERGY          RMS            GMAX         NAME    NUMBER
   5500      -1.5929E+05     3.4243E-02     1.8225E+00     C1'      1050

 BOND    =    12008.5022  ANGLE   =      159.0936  DIHED      =      961.9674
 VDWAALS =    31143.6678  EEL     =  -199016.3024  HBOND      =        0.0000
 1-4 VDW =      255.5242  1-4 EEL =    -4806.9422  RESTRAINT  =        0.0000


   NSTEP       ENERGY          RMS            GMAX         NAME    NUMBER
   5550      -1.5930E+05     5.1474E-02     2.7007E+00     C6        580

 BOND    =    12009.7327  ANGLE   =      158.8086  DIHED      =      961.9226
 VDWAALS =    31150.3402  EEL     =  -199032.9126  HBOND      =        0.0000
 1-4 VDW =      255.6027  1-4 EEL =    -4806.8467  RESTRAINT  =        0.0000


   NSTEP       ENERGY          RMS            GMAX         NAME    NUMBER
   5600      -1.5931E+05     3.5345E-02     1.1070E+00     C5        579

 BOND    =    12011.2424  ANGLE   =      158.8729  DIHED      =      961.9066
 VDWAALS =    31154.8714  EEL     =  -199042.6360  HBOND      =        0.0000
 1-4 VDW =      255.6086  1-4 EEL =    -4806.8932  RESTRAINT  =        0.0000


   NSTEP       ENERGY          RMS            GMAX         NAME    NUMBER
   5650      -1.5931E+05     3.4342E-02     1.3541E+00     C2        584

 BOND    =    12011.5143  ANGLE   =      158.8621  DIHED      =      961.8553
 VDWAALS =    31157.8353  EEL     =  -199048.4501  HBOND      =        0.0000
 1-4 VDW =      255.5195  1-4 EEL =    -4806.6850  RESTRAINT  =        0.0000


   NSTEP       ENERGY          RMS            GMAX         NAME    NUMBER
   5700      -1.5932E+05     2.9070E-02     1.4765E+00     O       28102

 BOND    =    12013.2229  ANGLE   =      158.9124  DIHED      =      961.8073
 VDWAALS =    31169.5507  EEL     =  -199070.7783  HBOND      =        0.0000
 1-4 VDW =      255.5417  1-4 EEL =    -4806.9171  RESTRAINT  =        0.0000


   NSTEP       ENERGY          RMS            GMAX         NAME    NUMBER
   5750      -1.5933E+05     1.1053E-01     4.7083E+00     H1       5783

 BOND    =    12015.1131  ANGLE   =      158.8873  DIHED      =      961.6248
 VDWAALS =    31190.5266  EEL     =  -199100.9029  HBOND      =        0.0000
 1-4 VDW =      255.3265  1-4 EEL =    -4806.3903  RESTRAINT  =        0.0000


   NSTEP       ENERGY          RMS            GMAX         NAME    NUMBER
   5800      -1.5933E+05     5.7312E-02     2.2557E+00     O       28102

 BOND    =    12016.7099  ANGLE   =      158.8313  DIHED      =      961.6319
 VDWAALS =    31186.7324  EEL     =  -199104.5574  HBOND      =        0.0000
 1-4 VDW =      255.3429  1-4 EEL =    -4806.5219  RESTRAINT  =        0.0000

     .... RESTARTED DUE TO LINMIN FAILURE ...


   NSTEP       ENERGY          RMS            GMAX         NAME    NUMBER
   5850      -1.5933E+05     2.7557E-02     1.2163E+00     H3'      1035

 BOND    =    12016.5657  ANGLE   =      158.9870  DIHED      =      961.6933
 VDWAALS =    31187.3852  EEL     =  -199106.5222  HBOND      =        0.0000
 1-4 VDW =      255.4702  1-4 EEL =    -4807.2286  RESTRAINT  =        0.0000


   NSTEP       ENERGY          RMS            GMAX         NAME    NUMBER
   5900      -1.5934E+05     6.1276E-02     3.0629E+00     H1       2006

 BOND    =    12018.2248  ANGLE   =      158.9028  DIHED      =      961.6970
 VDWAALS =    31195.4096  EEL     =  -199126.5688  HBOND      =        0.0000
 1-4 VDW =      255.5312  1-4 EEL =    -4807.0947  RESTRAINT  =        0.0000


   NSTEP       ENERGY          RMS            GMAX         NAME    NUMBER
   5950      -1.5935E+05     4.6418E-02     2.4812E+00     O       28102

 BOND    =    12019.9083  ANGLE   =      158.6900  DIHED      =      961.6947
 VDWAALS =    31199.0112  EEL     =  -199134.7452  HBOND      =        0.0000
 1-4 VDW =      255.4657  1-4 EEL =    -4806.8669  RESTRAINT  =        0.0000


   NSTEP       ENERGY          RMS            GMAX         NAME    NUMBER
   6000      -1.5935E+05     3.8145E-02     2.5999E+00     H1      20285

 BOND    =    12021.1287  ANGLE   =      158.7518  DIHED      =      961.7311
 VDWAALS =    31206.3769  EEL     =  -199149.3304  HBOND      =        0.0000
 1-4 VDW =      255.5218  1-4 EEL =    -4806.9593  RESTRAINT  =        0.0000


   NSTEP       ENERGY          RMS            GMAX         NAME    NUMBER
   6050      -1.5936E+05     3.5049E-02     1.7134E+00     H1      23021

 BOND    =    12022.3283  ANGLE   =      158.7602  DIHED      =      961.7884
 VDWAALS =    31210.7472  EEL     =  -199161.1969  HBOND      =        0.0000
 1-4 VDW =      255.5681  1-4 EEL =    -4806.9029  RESTRAINT  =        0.0000


   NSTEP       ENERGY          RMS            GMAX         NAME    NUMBER
   6100      -1.5937E+05     7.1205E-02     3.0912E+00     C6        514

 BOND    =    12023.8983  ANGLE   =      158.9056  DIHED      =      961.8459
 VDWAALS =    31211.6806  EEL     =  -199170.4545  HBOND      =        0.0000
 1-4 VDW =      255.6219  1-4 EEL =    -4807.0501  RESTRAINT  =        0.0000


   NSTEP       ENERGY          RMS            GMAX         NAME    NUMBER
   6150      -1.5937E+05     7.1945E-02     4.9480E+00     H2       6762

 BOND    =    12021.7242  ANGLE   =      158.4924  DIHED      =      961.7974
 VDWAALS =    31218.4985  EEL     =  -199180.4820  HBOND      =        0.0000
 1-4 VDW =      255.4796  1-4 EEL =    -4806.3950  RESTRAINT  =        0.0000

     .... RESTARTED DUE TO LINMIN FAILURE ...


   NSTEP       ENERGY          RMS            GMAX         NAME    NUMBER
   6200      -1.5937E+05     5.6940E-02     2.6327E+00     C5'       319

 BOND    =    12020.0306  ANGLE   =      158.7417  DIHED      =      961.8640
 VDWAALS =    31216.3518  EEL     =  -199179.8236  HBOND      =        0.0000
 1-4 VDW =      255.6056  1-4 EEL =    -4806.7484  RESTRAINT  =        0.0000


   NSTEP       ENERGY          RMS            GMAX         NAME    NUMBER
   6250      -1.5938E+05     7.1015E-02     5.6388E+00     H2      29451

 BOND    =    12025.6161  ANGLE   =      158.7988  DIHED      =      961.8854
 VDWAALS =    31216.4210  EEL     =  -199196.3084  HBOND      =        0.0000
 1-4 VDW =      255.6267  1-4 EEL =    -4806.7496  RESTRAINT  =        0.0000


   NSTEP       ENERGY          RMS            GMAX         NAME    NUMBER
   6300      -1.5939E+05     4.8359E-02     2.6524E+00     N3       1064

 BOND    =    12026.1543  ANGLE   =      158.6976  DIHED      =      961.9256
 VDWAALS =    31219.5340  EEL     =  -199204.1764  HBOND      =        0.0000
 1-4 VDW =      255.6356  1-4 EEL =    -4806.6914  RESTRAINT  =        0.0000


   NSTEP       ENERGY          RMS            GMAX         NAME    NUMBER
   6350      -1.5939E+05     3.4001E-02     1.4567E+00     C6        580

 BOND    =    12024.9790  ANGLE   =      158.6268  DIHED      =      961.9259
 VDWAALS =    31220.6290  EEL     =  -199207.3849  HBOND      =        0.0000
 1-4 VDW =      255.6146  1-4 EEL =    -4806.5739  RESTRAINT  =        0.0000


   NSTEP       ENERGY          RMS            GMAX         NAME    NUMBER
   6400      -1.5940E+05     3.5973E-02     1.4761E+00     H2      29451

 BOND    =    12026.5082  ANGLE   =      158.7399  DIHED      =      961.9548
 VDWAALS =    31222.9126  EEL     =  -199217.7072  HBOND      =        0.0000
 1-4 VDW =      255.6444  1-4 EEL =    -4806.6613  RESTRAINT  =        0.0000


   NSTEP       ENERGY          RMS            GMAX         NAME    NUMBER
   6450      -1.5941E+05     3.6226E-02     1.5799E+00     O       31648

 BOND    =    12028.5742  ANGLE   =      158.7296  DIHED      =      961.9631
 VDWAALS =    31231.0617  EEL     =  -199235.5072  HBOND      =        0.0000
 1-4 VDW =      255.6813  1-4 EEL =    -4806.7023  RESTRAINT  =        0.0000


   NSTEP       ENERGY          RMS            GMAX         NAME    NUMBER
   6500      -1.5941E+05     3.4117E-02     1.3701E+00     O       29449

 BOND    =    12030.6105  ANGLE   =      158.8383  DIHED      =      961.9779
 VDWAALS =    31238.7565  EEL     =  -199250.3405  HBOND      =        0.0000
 1-4 VDW =      255.6735  1-4 EEL =    -4806.8048  RESTRAINT  =        0.0000


   NSTEP       ENERGY          RMS            GMAX         NAME    NUMBER
   6550      -1.5941E+05     4.8824E-02     1.9133E+00     H2      31650

 BOND    =    12030.5856  ANGLE   =      158.8631  DIHED      =      961.9952
 VDWAALS =    31242.3007  EEL     =  -199257.1911  HBOND      =        0.0000
 1-4 VDW =      255.7086  1-4 EEL =    -4806.8919  RESTRAINT  =        0.0000


   NSTEP       ENERGY          RMS            GMAX         NAME    NUMBER
   6600      -1.5942E+05     5.5778E-02     3.2799E+00     O3'      1071

 BOND    =    12033.4276  ANGLE   =      158.8240  DIHED      =      961.9610
 VDWAALS =    31252.4322  EEL     =  -199277.2038  HBOND      =        0.0000
 1-4 VDW =      255.6601  1-4 EEL =    -4806.6772  RESTRAINT  =        0.0000


   NSTEP       ENERGY          RMS            GMAX         NAME    NUMBER
   6650      -1.5943E+05     9.3615E-02     6.8813E+00     H2      31635

 BOND    =    12035.4347  ANGLE   =      159.3316  DIHED      =      962.0193
 VDWAALS =    31255.6931  EEL     =  -199288.2189  HBOND      =        0.0000
 1-4 VDW =      255.6843  1-4 EEL =    -4807.1169  RESTRAINT  =        0.0000


   NSTEP       ENERGY          RMS            GMAX         NAME    NUMBER
   6700      -1.5943E+05     9.0761E-02     4.3606E+00     N4        519

 BOND    =    12036.8888  ANGLE   =      159.0149  DIHED      =      962.0112
 VDWAALS =    31259.1033  EEL     =  -199299.3054  HBOND      =        0.0000
 1-4 VDW =      255.6218  1-4 EEL =    -4806.7684  RESTRAINT  =        0.0000


   NSTEP       ENERGY          RMS            GMAX         NAME    NUMBER
   6750      -1.5944E+05     5.6536E-02     2.1112E+00     C5'      1044

 BOND    =    12037.3106  ANGLE   =      159.1634  DIHED      =      961.9723
 VDWAALS =    31261.9762  EEL     =  -199306.2107  HBOND      =        0.0000
 1-4 VDW =      255.6468  1-4 EEL =    -4806.9997  RESTRAINT  =        0.0000


   NSTEP       ENERGY          RMS            GMAX         NAME    NUMBER
   6800      -1.5944E+05     1.2823E-01     7.3402E+00     H1      24584

 BOND    =    12037.6523  ANGLE   =      159.0154  DIHED      =      961.8874
 VDWAALS =    31266.6002  EEL     =  -199316.7558  HBOND      =        0.0000
 1-4 VDW =      255.5686  1-4 EEL =    -4805.8284  RESTRAINT  =        0.0000


   NSTEP       ENERGY          RMS            GMAX         NAME    NUMBER
   6850      -1.5944E+05     4.4465E-02     3.0257E+00     H2      24585

 BOND    =    12037.8664  ANGLE   =      158.9503  DIHED      =      961.9678
 VDWAALS =    31267.7779  EEL     =  -199319.6075  HBOND      =        0.0000
 1-4 VDW =      255.6554  1-4 EEL =    -4806.5973  RESTRAINT  =        0.0000


   NSTEP       ENERGY          RMS            GMAX         NAME    NUMBER
   6900      -1.5945E+05     4.9419E-02     2.9068E+00     C3'      1066

 BOND    =    12038.2875  ANGLE   =      158.9718  DIHED      =      961.9028
 VDWAALS =    31275.9874  EEL     =  -199336.0113  HBOND      =        0.0000
 1-4 VDW =      255.6432  1-4 EEL =    -4806.3944  RESTRAINT  =        0.0000


   NSTEP       ENERGY          RMS            GMAX         NAME    NUMBER
   6950      -1.5945E+05     2.3414E-02     1.1103E+00     O       23929

 BOND    =    12039.0684  ANGLE   =      158.9447  DIHED      =      961.8962
 VDWAALS =    31275.2583  EEL     =  -199336.5139  HBOND      =        0.0000
 1-4 VDW =      255.6185  1-4 EEL =    -4806.5339  RESTRAINT  =        0.0000


   NSTEP       ENERGY          RMS            GMAX         NAME    NUMBER
   7000      -1.5946E+05     6.3247E-02     3.6993E+00     C6        804

 BOND    =    12039.5446  ANGLE   =      158.9909  DIHED      =      961.9063
 VDWAALS =    31277.9679  EEL     =  -199345.7273  HBOND      =        0.0000
 1-4 VDW =      255.6054  1-4 EEL =    -4806.5152  RESTRAINT  =        0.0000


   NSTEP       ENERGY          RMS            GMAX         NAME    NUMBER
   7050      -1.5946E+05     4.2228E-02     2.2989E+00     P          94

 BOND    =    12039.6834  ANGLE   =      159.1527  DIHED      =      961.8710
 VDWAALS =    31279.3795  EEL     =  -199349.5057  HBOND      =        0.0000
 1-4 VDW =      255.5808  1-4 EEL =    -4806.4865  RESTRAINT  =        0.0000


   NSTEP       ENERGY          RMS            GMAX         NAME    NUMBER
   7100      -1.5947E+05     1.2631E-01     5.6091E+00     C6        804

 BOND    =    12041.5291  ANGLE   =      159.3759  DIHED      =      961.8676
 VDWAALS =    31284.1111  EEL     =  -199360.9420  HBOND      =        0.0000
 1-4 VDW =      255.6622  1-4 EEL =    -4806.6677  RESTRAINT  =        0.0000


   NSTEP       ENERGY          RMS            GMAX         NAME    NUMBER
   7150      -1.5947E+05     8.1261E-02     4.5155E+00     C1'      1020

 BOND    =    12042.6901  ANGLE   =      159.2068  DIHED      =      961.8918
 VDWAALS =    31283.1149  EEL     =  -199366.1606  HBOND      =        0.0000
 1-4 VDW =      255.5762  1-4 EEL =    -4806.6746  RESTRAINT  =        0.0000


   NSTEP       ENERGY          RMS            GMAX         NAME    NUMBER
   7200      -1.5947E+05     7.4124E-02     4.1589E+00     C3'      1034

 BOND    =    12043.0480  ANGLE   =      159.4740  DIHED      =      961.9102
 VDWAALS =    31285.2574  EEL     =  -199372.4432  HBOND      =        0.0000
 1-4 VDW =      255.5746  1-4 EEL =    -4806.9331  RESTRAINT  =        0.0000


   NSTEP       ENERGY          RMS            GMAX         NAME    NUMBER
   7250      -1.5948E+05     6.5678E-02     2.9143E+00     H2      13338

 BOND    =    12043.4794  ANGLE   =      159.4063  DIHED      =      961.9429
 VDWAALS =    31287.8078  EEL     =  -199379.4685  HBOND      =        0.0000
 1-4 VDW =      255.5735  1-4 EEL =    -4806.9088  RESTRAINT  =        0.0000


   NSTEP       ENERGY          RMS            GMAX         NAME    NUMBER
   7300      -1.5948E+05     3.4898E-02     1.7613E+00     H1      13337

 BOND    =    12044.4505  ANGLE   =      159.1100  DIHED      =      961.9218
 VDWAALS =    31287.6211  EEL     =  -199382.6153  HBOND      =        0.0000
 1-4 VDW =      255.5348  1-4 EEL =    -4806.4431  RESTRAINT  =        0.0000


   NSTEP       ENERGY          RMS            GMAX         NAME    NUMBER
   7350      -1.5949E+05     5.4116E-02     3.8776E+00     C3'      1034

 BOND    =    12043.7227  ANGLE   =      159.3995  DIHED      =      961.9517
 VDWAALS =    31291.1048  EEL     =  -199395.2489  HBOND      =        0.0000
 1-4 VDW =      255.4900  1-4 EEL =    -4806.3516  RESTRAINT  =        0.0000


   NSTEP       ENERGY          RMS            GMAX         NAME    NUMBER
   7400      -1.5949E+05     3.9870E-02     1.6947E+00     H3'      1035

 BOND    =    12046.0631  ANGLE   =      159.2837  DIHED      =      961.9852
 VDWAALS =    31291.8413  EEL     =  -199401.9232  HBOND      =        0.0000
 1-4 VDW =      255.5072  1-4 EEL =    -4806.2843  RESTRAINT  =        0.0000


   NSTEP       ENERGY          RMS            GMAX         NAME    NUMBER
   7450      -1.5950E+05     1.4847E-01     5.4962E+00     N6       1058

 BOND    =    12053.2404  ANGLE   =      159.4021  DIHED      =      961.9749
 VDWAALS =    31293.9868  EEL     =  -199414.1842  HBOND      =        0.0000
 1-4 VDW =      255.4385  1-4 EEL =    -4806.1537  RESTRAINT  =        0.0000


   NSTEP       ENERGY          RMS            GMAX         NAME    NUMBER
   7500      -1.5950E+05     1.9582E-02     7.0058E-01     C3'      1034

 BOND    =    12045.9526  ANGLE   =      159.2507  DIHED      =      962.0211
 VDWAALS =    31293.9204  EEL     =  -199407.9637  HBOND      =        0.0000
 1-4 VDW =      255.5659  1-4 EEL =    -4806.3544  RESTRAINT  =        0.0000


   NSTEP       ENERGY          RMS            GMAX         NAME    NUMBER
   7550      -1.5951E+05     5.4066E-02     3.1848E+00     O       12469

 BOND    =    12046.7180  ANGLE   =      159.4278  DIHED      =      962.1010
 VDWAALS =    31302.9266  EEL     =  -199425.9094  HBOND      =        0.0000
 1-4 VDW =      255.6304  1-4 EEL =    -4806.4487  RESTRAINT  =        0.0000


   NSTEP       ENERGY          RMS            GMAX         NAME    NUMBER
   7600      -1.5951E+05     2.1435E-02     1.0247E+00     H1      14159

 BOND    =    12046.5665  ANGLE   =      159.3774  DIHED      =      962.1096
 VDWAALS =    31303.1548  EEL     =  -199427.5049  HBOND      =        0.0000
 1-4 VDW =      255.6756  1-4 EEL =    -4806.5778  RESTRAINT  =        0.0000


   NSTEP       ENERGY          RMS            GMAX         NAME    NUMBER
   7650      -1.5951E+05     3.2705E-02     1.7715E+00     H1      14159

 BOND    =    12048.2380  ANGLE   =      159.3996  DIHED      =      962.1504
 VDWAALS =    31308.8871  EEL     =  -199440.8997  HBOND      =        0.0000
 1-4 VDW =      255.6875  1-4 EEL =    -4806.6742  RESTRAINT  =        0.0000


   NSTEP       ENERGY          RMS            GMAX         NAME    NUMBER
   7700      -1.5952E+05     9.4586E-02     9.0800E+00     H2      14160

 BOND    =    12050.2479  ANGLE   =      159.6830  DIHED      =      962.1102
 VDWAALS =    31317.0978  EEL     =  -199454.8306  HBOND      =        0.0000
 1-4 VDW =      255.6804  1-4 EEL =    -4806.5375  RESTRAINT  =        0.0000


   NSTEP       ENERGY          RMS            GMAX         NAME    NUMBER
   7750      -1.5952E+05     5.0285E-02     3.5225E+00     O       12469

 BOND    =    12050.2677  ANGLE   =      159.4032  DIHED      =      962.1536
 VDWAALS =    31317.7154  EEL     =  -199460.1113  HBOND      =        0.0000
 1-4 VDW =      255.6319  1-4 EEL =    -4806.2722  RESTRAINT  =        0.0000


   NSTEP       ENERGY          RMS            GMAX         NAME    NUMBER
   7800      -1.5952E+05     6.6647E-02     4.8650E+00     O       12469

 BOND    =    12050.7952  ANGLE   =      159.4029  DIHED      =      962.1787
 VDWAALS =    31320.1552  EEL     =  -199465.9240  HBOND      =        0.0000
 1-4 VDW =      255.6281  1-4 EEL =    -4806.1548  RESTRAINT  =        0.0000


   NSTEP       ENERGY          RMS            GMAX         NAME    NUMBER
   7850      -1.5953E+05     6.3859E-02     3.6529E+00     C6        613

 BOND    =    12051.2769  ANGLE   =      159.4675  DIHED      =      962.2069
 VDWAALS =    31323.0300  EEL     =  -199472.3977  HBOND      =        0.0000
 1-4 VDW =      255.7337  1-4 EEL =    -4806.3160  RESTRAINT  =        0.0000


   NSTEP       ENERGY          RMS            GMAX         NAME    NUMBER
   7900      -1.5953E+05     3.5901E-02     1.2827E+00     H2      13338

 BOND    =    12052.1321  ANGLE   =      159.3640  DIHED      =      962.2234
 VDWAALS =    31328.3514  EEL     =  -199482.0936  HBOND      =        0.0000
 1-4 VDW =      255.7273  1-4 EEL =    -4806.1296  RESTRAINT  =        0.0000


   NSTEP       ENERGY          RMS            GMAX         NAME    NUMBER
   7950      -1.5953E+05     5.7265E-02     3.0816E+00     H2      13338

 BOND    =    12053.5242  ANGLE   =      159.4645  DIHED      =      962.2429
 VDWAALS =    31338.4711  EEL     =  -199496.9185  HBOND      =        0.0000
 1-4 VDW =      255.7232  1-4 EEL =    -4805.9783  RESTRAINT  =        0.0000


   NSTEP       ENERGY          RMS            GMAX         NAME    NUMBER
   8000      -1.5954E+05     1.5099E-01     1.0219E+01     H2      22821

 BOND    =    12054.1554  ANGLE   =      159.6763  DIHED      =      962.2615
 VDWAALS =    31347.5455  EEL     =  -199511.3320  HBOND      =        0.0000
 1-4 VDW =      255.6520  1-4 EEL =    -4805.3283  RESTRAINT  =        0.0000


   NSTEP       ENERGY          RMS            GMAX         NAME    NUMBER
   8050      -1.5954E+05     1.5426E-01     1.0277E+01     H2      28245

 BOND    =    12056.8856  ANGLE   =      159.3462  DIHED      =      962.4413
 VDWAALS =    31358.8482  EEL     =  -199530.4569  HBOND      =        0.0000
 1-4 VDW =      255.6536  1-4 EEL =    -4805.7354  RESTRAINT  =        0.0000


   NSTEP       ENERGY          RMS            GMAX         NAME    NUMBER
   8100      -1.5955E+05     2.7896E-01     1.4975E+01     O       28243

 BOND    =    12057.2284  ANGLE   =      159.4816  DIHED      =      962.4165
 VDWAALS =    31362.8804  EEL     =  -199537.6627  HBOND      =        0.0000
 1-4 VDW =      255.8040  1-4 EEL =    -4806.3707  RESTRAINT  =        0.0000


   NSTEP       ENERGY          RMS            GMAX         NAME    NUMBER
   8150      -1.5955E+05     1.1405E-01     5.3135E+00     C6        296

 BOND    =    12058.5173  ANGLE   =      159.7326  DIHED      =      962.3557
 VDWAALS =    31367.3953  EEL     =  -199549.0062  HBOND      =        0.0000
 1-4 VDW =      255.7544  1-4 EEL =    -4806.1644  RESTRAINT  =        0.0000


   NSTEP       ENERGY          RMS            GMAX         NAME    NUMBER
   8200      -1.5956E+05     5.4265E-02     2.6432E+00     H3'      1035

 BOND    =    12059.1617  ANGLE   =      159.5242  DIHED      =      962.3475
 VDWAALS =    31369.2010  EEL     =  -199554.9270  HBOND      =        0.0000
 1-4 VDW =      255.7442  1-4 EEL =    -4806.1494  RESTRAINT  =        0.0000


   NSTEP       ENERGY          RMS            GMAX         NAME    NUMBER
   8250      -1.5956E+05     6.4771E-02     2.8855E+00     C2'      1036

 BOND    =    12059.3355  ANGLE   =      159.5310  DIHED      =      962.3840
 VDWAALS =    31373.8153  EEL     =  -199563.1073  HBOND      =        0.0000
 1-4 VDW =      255.7943  1-4 EEL =    -4806.2244  RESTRAINT  =        0.0000


   NSTEP       ENERGY          RMS            GMAX         NAME    NUMBER
   8300      -1.5956E+05     8.1256E-02     3.9806E+00     O       14110

 BOND    =    12060.3221  ANGLE   =      159.4433  DIHED      =      962.3644
 VDWAALS =    31381.6445  EEL     =  -199576.0008  HBOND      =        0.0000
 1-4 VDW =      255.7881  1-4 EEL =    -4805.9200  RESTRAINT  =        0.0000


   NSTEP       ENERGY          RMS            GMAX         NAME    NUMBER
   8350      -1.5956E+05     4.5951E-02     2.3554E+00     C4        780

 BOND    =    12061.7171  ANGLE   =      159.5316  DIHED      =      962.3336
 VDWAALS =    31383.4124  EEL     =  -199581.5354  HBOND      =        0.0000
 1-4 VDW =      255.7474  1-4 EEL =    -4806.1013  RESTRAINT  =        0.0000


   NSTEP       ENERGY          RMS            GMAX         NAME    NUMBER
   8400      -1.5957E+05     8.0266E-02     3.1782E+00     H2       4308

 BOND    =    12064.3391  ANGLE   =      159.4210  DIHED      =      962.2944
 VDWAALS =    31392.2637  EEL     =  -199597.4056  HBOND      =        0.0000
 1-4 VDW =      255.6514  1-4 EEL =    -4805.7028  RESTRAINT  =        0.0000


   NSTEP       ENERGY          RMS            GMAX         NAME    NUMBER
   8450      -1.5957E+05     5.7688E-02     2.6362E+00     H2      24351

 BOND    =    12066.0249  ANGLE   =      159.5167  DIHED      =      962.2415
 VDWAALS =    31401.1749  EEL     =  -199612.8884  HBOND      =        0.0000
 1-4 VDW =      255.7405  1-4 EEL =    -4806.2185  RESTRAINT  =        0.0000


   NSTEP       ENERGY          RMS            GMAX         NAME    NUMBER
   8500      -1.5958E+05     2.3468E-02     1.1793E+00     H2      13089

 BOND    =    12065.2299  ANGLE   =      159.5699  DIHED      =      962.2118
 VDWAALS =    31399.9124  EEL     =  -199613.2444  HBOND      =        0.0000
 1-4 VDW =      255.7722  1-4 EEL =    -4806.2903  RESTRAINT  =        0.0000


   NSTEP       ENERGY          RMS            GMAX         NAME    NUMBER
   8550      -1.5958E+05     6.9828E-02     7.0707E+00     H1      13088

 BOND    =    12067.1251  ANGLE   =      159.6706  DIHED      =      962.1589
 VDWAALS =    31408.7937  EEL     =  -199631.5116  HBOND      =        0.0000
 1-4 VDW =      255.6821  1-4 EEL =    -4805.9665  RESTRAINT  =        0.0000


   NSTEP       ENERGY          RMS            GMAX         NAME    NUMBER
   8600      -1.5959E+05     3.0142E-02     1.5456E+00     C3'      1034

 BOND    =    12067.6965  ANGLE   =      159.5686  DIHED      =      962.1745
 VDWAALS =    31413.0650  EEL     =  -199638.6473  HBOND      =        0.0000
 1-4 VDW =      255.7328  1-4 EEL =    -4806.0094  RESTRAINT  =        0.0000


   NSTEP       ENERGY          RMS            GMAX         NAME    NUMBER
   8650      -1.5959E+05     3.0487E-02     1.4096E+00     C4        780

 BOND    =    12068.0923  ANGLE   =      159.5795  DIHED      =      962.1593
 VDWAALS =    31416.1148  EEL     =  -199644.7436  HBOND      =        0.0000
 1-4 VDW =      255.7169  1-4 EEL =    -4806.0481  RESTRAINT  =        0.0000


   NSTEP       ENERGY          RMS            GMAX         NAME    NUMBER
   8700      -1.5959E+05     2.3892E-02     1.0652E+00     H1       8837

 BOND    =    12068.9483  ANGLE   =      159.6169  DIHED      =      962.1683
 VDWAALS =    31421.4984  EEL     =  -199656.0138  HBOND      =        0.0000
 1-4 VDW =      255.7316  1-4 EEL =    -4805.9624  RESTRAINT  =        0.0000


   NSTEP       ENERGY          RMS            GMAX         NAME    NUMBER
   8750      -1.5960E+05     6.2361E-02     2.6664E+00     C6        676

 BOND    =    12069.4167  ANGLE   =      159.5908  DIHED      =      962.1371
 VDWAALS =    31421.0008  EEL     =  -199658.7643  HBOND      =        0.0000
 1-4 VDW =      255.7256  1-4 EEL =    -4805.7010  RESTRAINT  =        0.0000


   NSTEP       ENERGY          RMS            GMAX         NAME    NUMBER
   8800      -1.5960E+05     3.5270E-02     2.2266E+00     H3'      1035

 BOND    =    12069.6520  ANGLE   =      159.4608  DIHED      =      962.0864
 VDWAALS =    31422.5023  EEL     =  -199663.2517  HBOND      =        0.0000
 1-4 VDW =      255.7232  1-4 EEL =    -4805.6062  RESTRAINT  =        0.0000


   NSTEP       ENERGY          RMS            GMAX         NAME    NUMBER
   8850      -1.5960E+05     1.5673E-02     7.2179E-01     H3'      1035

 BOND    =    12069.7754  ANGLE   =      159.5514  DIHED      =      962.0388
 VDWAALS =    31426.4701  EEL     =  -199670.1120  HBOND      =        0.0000
 1-4 VDW =      255.7035  1-4 EEL =    -4805.9641  RESTRAINT  =        0.0000


   NSTEP       ENERGY          RMS            GMAX         NAME    NUMBER
   8900      -1.5960E+05     1.4537E-02     5.4792E-01     O       23290

 BOND    =    12069.9531  ANGLE   =      159.5925  DIHED      =      962.0427
 VDWAALS =    31427.1052  EEL     =  -199671.3439  HBOND      =        0.0000
 1-4 VDW =      255.7059  1-4 EEL =    -4805.9510  RESTRAINT  =        0.0000


   NSTEP       ENERGY          RMS            GMAX         NAME    NUMBER
   8950      -1.5961E+05     5.2767E-02     2.2136E+00     C5        771

 BOND    =    12073.0621  ANGLE   =      159.6237  DIHED      =      962.0074
 VDWAALS =    31439.8976  EEL     =  -199696.3235  HBOND      =        0.0000
 1-4 VDW =      255.6340  1-4 EEL =    -4805.9031  RESTRAINT  =        0.0000


   NSTEP       ENERGY          RMS            GMAX         NAME    NUMBER
   9000      -1.5961E+05     3.1165E-02     1.3329E+00     C4        303

 BOND    =    12072.6942  ANGLE   =      159.6577  DIHED      =      962.0373
 VDWAALS =    31441.0882  EEL     =  -199699.2308  HBOND      =        0.0000
 1-4 VDW =      255.7520  1-4 EEL =    -4806.3825  RESTRAINT  =        0.0000


   NSTEP       ENERGY          RMS            GMAX         NAME    NUMBER
   9050      -1.5962E+05     3.5826E-02     1.4512E+00     C5        771

 BOND    =    12073.4666  ANGLE   =      159.6496  DIHED      =      962.0304
 VDWAALS =    31442.7014  EEL     =  -199705.3946  HBOND      =        0.0000
 1-4 VDW =      255.7974  1-4 EEL =    -4806.4441  RESTRAINT  =        0.0000


   NSTEP       ENERGY          RMS            GMAX         NAME    NUMBER
   9100      -1.5962E+05     4.0534E-02     2.6362E+00     C6        613

 BOND    =    12073.7256  ANGLE   =      159.5386  DIHED      =      962.0307
 VDWAALS =    31445.5144  EEL     =  -199713.8651  HBOND      =        0.0000
 1-4 VDW =      255.8134  1-4 EEL =    -4806.2991  RESTRAINT  =        0.0000


   NSTEP       ENERGY          RMS            GMAX         NAME    NUMBER
   9150      -1.5963E+05     3.3127E-02     1.2964E+00     H3'      1035

 BOND    =    12075.1329  ANGLE   =      159.6247  DIHED      =      962.0277
 VDWAALS =    31454.2336  EEL     =  -199732.2253  HBOND      =        0.0000
 1-4 VDW =      255.8221  1-4 EEL =    -4806.3655  RESTRAINT  =        0.0000


   NSTEP       ENERGY          RMS            GMAX         NAME    NUMBER
   9200      -1.5963E+05     9.3708E-02     4.7921E+00     C5'      1014

 BOND    =    12075.5920  ANGLE   =      159.6039  DIHED      =      962.0765
 VDWAALS =    31457.4514  EEL     =  -199739.2514  HBOND      =        0.0000
 1-4 VDW =      255.8604  1-4 EEL =    -4806.1158  RESTRAINT  =        0.0000


   NSTEP       ENERGY          RMS            GMAX         NAME    NUMBER
   9250      -1.5964E+05     9.6977E-02     4.7651E+00     C3'      1034

 BOND    =    12075.6272  ANGLE   =      159.3783  DIHED      =      961.9090
 VDWAALS =    31459.3099  EEL     =  -199742.9525  HBOND      =        0.0000
 1-4 VDW =      255.6749  1-4 EEL =    -4806.0694  RESTRAINT  =        0.0000

     .... RESTARTED DUE TO LINMIN FAILURE ...


   NSTEP       ENERGY          RMS            GMAX         NAME    NUMBER
   9300      -1.5964E+05     1.6190E-02     7.6432E-01     H2      31800

 BOND    =    12075.8876  ANGLE   =      159.5129  DIHED      =      961.9824
 VDWAALS =    31460.8964  EEL     =  -199747.1459  HBOND      =        0.0000
 1-4 VDW =      255.7823  1-4 EEL =    -4806.2164  RESTRAINT  =        0.0000


   NSTEP       ENERGY          RMS            GMAX         NAME    NUMBER
   9350      -1.5965E+05     4.8883E-02     2.5576E+00     P         692

 BOND    =    12077.8436  ANGLE   =      159.4975  DIHED      =      961.9644
 VDWAALS =    31472.3135  EEL     =  -199770.6632  HBOND      =        0.0000
 1-4 VDW =      255.8492  1-4 EEL =    -4806.3514  RESTRAINT  =        0.0000


   NSTEP       ENERGY          RMS            GMAX         NAME    NUMBER
   9400      -1.5965E+05     8.0933E-02     3.2442E+00     H1       8591

 BOND    =    12078.5714  ANGLE   =      159.5894  DIHED      =      961.9249
 VDWAALS =    31478.4495  EEL     =  -199782.0554  HBOND      =        0.0000
 1-4 VDW =      255.7473  1-4 EEL =    -4806.1374  RESTRAINT  =        0.0000


   NSTEP       ENERGY          RMS            GMAX         NAME    NUMBER
   9450      -1.5966E+05     2.9201E-02     1.7342E+00     C4        303

 BOND    =    12079.0885  ANGLE   =      159.5367  DIHED      =      961.9296
 VDWAALS =    31478.6791  EEL     =  -199784.8850  HBOND      =        0.0000
 1-4 VDW =      255.8249  1-4 EEL =    -4806.2923  RESTRAINT  =        0.0000


   NSTEP       ENERGY          RMS            GMAX         NAME    NUMBER
   9500      -1.5966E+05     4.6553E-02     2.1834E+00     H1      30878

 BOND    =    12078.6539  ANGLE   =      159.5677  DIHED      =      961.9104
 VDWAALS =    31481.4839  EEL     =  -199791.7845  HBOND      =        0.0000
 1-4 VDW =      255.8100  1-4 EEL =    -4806.1687  RESTRAINT  =        0.0000


   NSTEP       ENERGY          RMS            GMAX         NAME    NUMBER
   9550      -1.5967E+05     2.7966E-02     1.0544E+00     C5        771

 BOND    =    12079.9204  ANGLE   =      159.4931  DIHED      =      961.9066
 VDWAALS =    31485.9677  EEL     =  -199802.6810  HBOND      =        0.0000
 1-4 VDW =      255.8507  1-4 EEL =    -4806.2673  RESTRAINT  =        0.0000


   NSTEP       ENERGY          RMS            GMAX         NAME    NUMBER
   9600      -1.5967E+05     3.4678E-02     1.4902E+00     C2       1032

 BOND    =    12080.7050  ANGLE   =      159.4890  DIHED      =      961.8754
 VDWAALS =    31487.4573  EEL     =  -199809.1783  HBOND      =        0.0000
 1-4 VDW =      255.8222  1-4 EEL =    -4806.1784  RESTRAINT  =        0.0000


   NSTEP       ENERGY          RMS            GMAX         NAME    NUMBER
   9650      -1.5967E+05     8.5251E-02     3.6110E+00     C3'      1034

 BOND    =    12082.6315  ANGLE   =      159.3121  DIHED      =      961.8528
 VDWAALS =    31490.4040  EEL     =  -199816.9338  HBOND      =        0.0000
 1-4 VDW =      255.7761  1-4 EEL =    -4805.6865  RESTRAINT  =        0.0000


   NSTEP       ENERGY          RMS            GMAX         NAME    NUMBER
   9700      -1.5968E+05     8.6417E-02     2.9299E+00     P         188

 BOND    =    12082.6085  ANGLE   =      159.4777  DIHED      =      961.8742
 VDWAALS =    31492.2603  EEL     =  -199821.3043  HBOND      =        0.0000
 1-4 VDW =      255.8684  1-4 EEL =    -4806.0969  RESTRAINT  =        0.0000


   NSTEP       ENERGY          RMS            GMAX         NAME    NUMBER
   9750      -1.5968E+05     1.1710E-01     6.8455E+00     H2       6102

 BOND    =    12083.1379  ANGLE   =      159.2997  DIHED      =      961.8526
 VDWAALS =    31493.9867  EEL     =  -199828.4084  HBOND      =        0.0000
 1-4 VDW =      255.8851  1-4 EEL =    -4806.0316  RESTRAINT  =        0.0000

     .... RESTARTED DUE TO LINMIN FAILURE ...


   NSTEP       ENERGY          RMS            GMAX         NAME    NUMBER
   9800      -1.5968E+05     2.6697E-02     1.4723E+00     O        6100

 BOND    =    12082.2489  ANGLE   =      159.4442  DIHED      =      961.8155
 VDWAALS =    31495.4754  EEL     =  -199831.5198  HBOND      =        0.0000
 1-4 VDW =      255.8221  1-4 EEL =    -4806.2627  RESTRAINT  =        0.0000


   NSTEP       ENERGY          RMS            GMAX         NAME    NUMBER
   9850      -1.5969E+05     3.5799E-02     2.0459E+00     H1      25181

 BOND    =    12083.2741  ANGLE   =      159.3105  DIHED      =      961.8182
 VDWAALS =    31499.4688  EEL     =  -199843.9628  HBOND      =        0.0000
 1-4 VDW =      255.8351  1-4 EEL =    -4806.2340  RESTRAINT  =        0.0000


   NSTEP       ENERGY          RMS            GMAX         NAME    NUMBER
   9900      -1.5969E+05     3.2419E-02     1.4996E+00     H1      25181

 BOND    =    12083.5484  ANGLE   =      159.2747  DIHED      =      961.8165
 VDWAALS =    31499.7490  EEL     =  -199847.1297  HBOND      =        0.0000
 1-4 VDW =      255.8153  1-4 EEL =    -4806.2730  RESTRAINT  =        0.0000


   NSTEP       ENERGY          RMS            GMAX         NAME    NUMBER
   9950      -1.5970E+05     3.7527E-02     2.1387E+00     C5'      1014

 BOND    =    12083.7710  ANGLE   =      159.2482  DIHED      =      961.8543
 VDWAALS =    31499.8635  EEL     =  -199850.5210  HBOND      =        0.0000
 1-4 VDW =      255.8232  1-4 EEL =    -4806.2761  RESTRAINT  =        0.0000


   NSTEP       ENERGY          RMS            GMAX         NAME    NUMBER
  10000      -1.5970E+05     6.5388E-02     2.4205E+00     C6       1023

 BOND    =    12084.3542  ANGLE   =      159.3555  DIHED      =      961.8920
 VDWAALS =    31500.9592  EEL     =  -199856.5155  HBOND      =        0.0000
 1-4 VDW =      255.7751  1-4 EEL =    -4806.2617  RESTRAINT  =        0.0000


  Maximum number of minimization cycles reached.


                    FINAL RESULTS



   NSTEP       ENERGY          RMS            GMAX         NAME    NUMBER
  10000      -1.5970E+05     6.5388E-02     2.4205E+00     C6       1023

 BOND    =    12084.3542  ANGLE   =      159.3555  DIHED      =      961.8920
 VDWAALS =    31500.9592  EEL     =  -199856.5155  HBOND      =        0.0000
 1-4 VDW =      255.7751  1-4 EEL =    -4806.2617  RESTRAINT  =        0.0000
--------------------------------------------------------------------------------
   5.  TIMINGS
--------------------------------------------------------------------------------

|  NonSetup CPU Time in Major Routines:
|
|     Routine           Sec        %
|     ------------------------------
|     Nonbond          10.10   32.16
|     Bond              0.00    0.00
|     Angle             0.00    0.00
|     Dihedral          0.00    0.00
|     Shake             0.00    0.00
|     Other            21.32   67.84
|     ------------------------------
|     Total            31.42

|  PME Nonbond Pairlist CPU Time:
|
|     Routine              Sec        %
|     ---------------------------------
|     Set Up Cit           0.00    0.00
|     Build List           0.00    0.00
|     ---------------------------------
|     Total                0.00    0.00

|  PME Direct Force CPU Time:
|
|     Routine              Sec        %
|     ---------------------------------
|     NonBonded Calc       0.00    0.00
|     Exclude Masked       0.00    0.00
|     Other                0.02    0.07
|     ---------------------------------
|     Total                0.02    0.07

|  PME Reciprocal Force CPU Time:
|
|     Routine              Sec        %
|     ---------------------------------
|     1D bspline           0.00    0.00
|     Grid Charges         0.00    0.00
|     Scalar Sum           0.00    0.00
|     Gradient Sum         0.00    0.00
|     FFT                  0.00    0.00
|     ---------------------------------
|     Total                0.00    0.00

|  Setup CPU time:            0.94 seconds
|  NonSetup CPU time:        31.42 seconds
|  Total CPU time:           32.36 seconds     0.01 hours

|  Setup wall time:           1    seconds
|  NonSetup wall time:       32    seconds
|  Total wall time:          33    seconds     0.01 hours
