
          -------------------------------------------------------
          Amber 16 PMEMD                              2016
          -------------------------------------------------------

| PMEMD implementation of SANDER, Release 16

| Run on 06/04/2024 at 22:39:47

|   Executable path: pmemd.cuda
| Working directory: /home/students/keyq/fuben4/10/10LT
|          Hostname: master

  [-O]verwriting output

File Assignments:
|   MDIN: heat3.in                                                              
|  MDOUT: cmp_heat3.out                                                         
| INPCRD: cmp_heat2.rst                                                         
|   PARM: cmp.prmtop                                                            
| RESTRT: cmp_heat3.rst                                                         
|   REFC: cmp.inpcrd                                                            
|  MDVEL: mdvel                                                                 
|   MDEN: mden                                                                  
|  MDCRD: cmp_heat3.mdcrd                                                       
| MDINFO: mdinfo                                                                
|  MDFRC: mdfrc                                                                 


 Here is the input file:

Stage 2 equilibration 1 0-5ns                                                  
 &cntrl                                                                        
  imin=0, irest=1, ntx=5,                                                      
  nstlim=2500, dt=0.002,                                                       
  ntc=2, ntf=2,                                                                
  ntt=1, tautp=1.5,                                                            
  tempi=100.0, temp0=150.0,                                                    
  ntpr=50, ntwx=50,                                                            
  ntb=1,                                                                       
  cut=10,                                                                      
 /                                                                             


Note: ig = -1. Setting random seed to   953440 based on wallclock time in 
      microseconds.
 
|--------------------- INFORMATION ----------------------
| GPU (CUDA) Version of PMEMD in use: NVIDIA GPU IN USE.
|                    Version 16.0.0
| 
|                      02/25/2016
| 
| Implementation by:
|                    Ross C. Walker     (SDSC)
|                    Scott Le Grand     (nVIDIA)
| 
| Precision model in use:
|      [SPFP] - Single Precision Forces, 64-bit Fixed Point
|               Accumulation. (Default)
| 
|--------------------------------------------------------
 
|----------------- CITATION INFORMATION -----------------
|
|    When publishing work that utilized the CUDA version
|    of AMBER, please cite the following in addition to
|    the regular AMBER citations:
|
|  - Romelia Salomon-Ferrer; Andreas W. Goetz; Duncan
|    Poole; Scott Le Grand; Ross C. Walker "Routine
|    microsecond molecular dynamics simulations with
|    AMBER - Part II: Particle Mesh Ewald", J. Chem.
|    Theory Comput., 2013, 9 (9), pp3878-3888,
|    DOI: 10.1021/ct400314y.
|
|  - Andreas W. Goetz; Mark J. Williamson; Dong Xu;
|    Duncan Poole; Scott Le Grand; Ross C. Walker
|    "Routine microsecond molecular dynamics simulations
|    with AMBER - Part I: Generalized Born", J. Chem.
|    Theory Comput., 2012, 8 (5), pp1542-1555.
|
|  - Scott Le Grand; Andreas W. Goetz; Ross C. Walker
|    "SPFP: Speed without compromise - a mixed precision
|    model for GPU accelerated molecular dynamics
|    simulations.", Comp. Phys. Comm., 2013, 184
|    pp374-380, DOI: 10.1016/j.cpc.2012.09.022
|
|--------------------------------------------------------
 
|------------------- GPU DEVICE INFO --------------------
|
|            CUDA_VISIBLE_DEVICES: 0
|   CUDA Capable Devices Detected:      1
|           CUDA Device ID in use:      0
|                CUDA Device Name: Tesla V100-PCIE-32GB
|     CUDA Device Global Mem Size:  32510 MB
| CUDA Device Num Multiprocessors:     80
|           CUDA Device Core Freq:   1.38 GHz
|
|--------------------------------------------------------
 
 
| Conditional Compilation Defines Used:
| PUBFFT
| BINTRAJ
| CUDA
| EMIL

| Largest sphere to fit in unit cell has radius =    31.653

| New format PARM file being parsed.
| Version =    1.000 Date = 08/18/20 Time = 20:09:43

| Note: 1-4 EEL scale factors are being read from the topology file.

| Note: 1-4 VDW scale factors are being read from the topology file.
| Duplicated    0 dihedrals

| Duplicated    0 dihedrals

--------------------------------------------------------------------------------
   1.  RESOURCE   USE: 
--------------------------------------------------------------------------------

 getting box info from netcdf restart file
 NATOM  =   31449 NTYPES =      18 NBONH =   30726 MBONA  =     774
 NTHETH =     907 MTHETA =    1191 NPHIH =    1834 MPHIA  =    2469
 NHPARM =       0 NPARM  =       0 NNB   =   46468 NRES   =   10180
 NBONA  =     774 NTHETA =    1191 NPHIA =    2469 NUMBND =      61
 NUMANG =     127 NPTRA  =      75 NATYP =      34 NPHB   =       1
 IFBOX  =       2 NMXRS  =      33 IFCAP =       0 NEXTRA =       0
 NCOPY  =       0

| Coordinate Index Table dimensions:    12   12   12
| Direct force subcell size =     6.4611    6.4611    6.4611

     BOX TYPE: TRUNCATED OCTAHEDRON

--------------------------------------------------------------------------------
   2.  CONTROL  DATA  FOR  THE  RUN
--------------------------------------------------------------------------------

default_name                                                                    

General flags:
     imin    =       0, nmropt  =       0

Nature and format of input:
     ntx     =       5, irest   =       1, ntrx    =       1

Nature and format of output:
     ntxo    =       2, ntpr    =      50, ntrx    =       1, ntwr    =    2500
     iwrap   =       0, ntwx    =      50, ntwv    =       0, ntwe    =       0
     ioutfm  =       1, ntwprt  =       0, idecomp =       0, rbornstat=      0

Potential function:
     ntf     =       2, ntb     =       1, igb     =       0, nsnb    =      25
     ipol    =       0, gbsa    =       0, iesp    =       0
     dielc   =   1.00000, cut     =  10.00000, intdiel =   1.00000

Frozen or restrained atoms:
     ibelly  =       0, ntr     =       0

Molecular dynamics:
     nstlim  =      2500, nscm    =      1000, nrespa  =         1
     t       =   0.00000, dt      =   0.00200, vlimit  =  -1.00000

Berendsen (weak-coupling) temperature regulation:
     temp0   = 150.00000, tempi   = 100.00000, tautp   =   1.50000

SHAKE:
     ntc     =       2, jfastw  =       0
     tol     =   0.00001

| Intermolecular bonds treatment:
|     no_intermolecular_bonds =       1

| Energy averages sample interval:
|     ene_avg_sampling =      50

Ewald parameters:
     verbose =       0, ew_type =       0, nbflag  =       1, use_pme =       1
     vdwmeth =       1, eedmeth =       1, netfrc  =       1
     Box X =   77.534   Box Y =   77.534   Box Z =   77.534
     Alpha =  109.471   Beta  =  109.471   Gamma =  109.471
     NFFT1 =   80       NFFT2 =   80       NFFT3 =   80
     Cutoff=   10.000   Tol   =0.100E-04
     Ewald Coefficient =  0.27511
     Interpolation order =    4

--------------------------------------------------------------------------------
   3.  ATOMIC COORDINATES AND VELOCITIES
--------------------------------------------------------------------------------

default_name                                                                    
 begin time read from input coords =    10.000 ps

 
 Number of triangulated 3-point waters found:    10114

     Sum of charges from parm topology file =   0.00000019
     Forcing neutrality...

| Dynamic Memory, Types Used:
| Reals              931548
| Integers           769634

| Nonbonded Pairs Initial Allocation:     9512536

| GPU memory information (estimate):
| KB of GPU memory in use:    165799
| KB of CPU memory in use:     54667

--------------------------------------------------------------------------------
   4.  RESULTS
--------------------------------------------------------------------------------

 ---------------------------------------------------
 APPROXIMATING switch and d/dx switch using CUBIC SPLINE INTERPOLATION
 using   5000.0 points per unit in tabled values
 TESTING RELATIVE ERROR over r ranging from 0.0 to cutoff
| CHECK switch(x): max rel err =   0.2738E-14   at   2.422500
| CHECK d/dx switch(x): max rel err =   0.8314E-11   at   2.736960
 ---------------------------------------------------
|---------------------------------------------------
| APPROXIMATING direct energy using CUBIC SPLINE INTERPOLATION
|  with   50.0 points per unit in tabled values
| Relative Error Limit not exceeded for r .gt.   2.33
| APPROXIMATING direct force using CUBIC SPLINE INTERPOLATION
|  with   50.0 points per unit in tabled values
| Relative Error Limit not exceeded for r .gt.   2.80
|---------------------------------------------------

 NSTEP =       50   TIME(PS) =      10.100  TEMP(K) =    94.61  PRESS =     0.0
 Etot   =   -120377.1192  EKtot   =      5980.2236  EPtot      =   -126357.3429
 BOND   =        72.1861  ANGLE   =       225.4269  DIHED      =       974.7513
 1-4 NB =       265.7576  1-4 EEL =     -3751.2678  VDWAALS    =     20910.4238
 EELEC  =   -145054.6207  EHBOND  =         0.0000  RESTRAINT  =         0.0000
 ------------------------------------------------------------------------------


 NSTEP =      100   TIME(PS) =      10.200  TEMP(K) =    95.75  PRESS =     0.0
 Etot   =   -120148.7047  EKtot   =      6052.4434  EPtot      =   -126201.1480
 BOND   =        77.4639  ANGLE   =       232.9947  DIHED      =       963.5580
 1-4 NB =       265.8895  1-4 EEL =     -3762.0512  VDWAALS    =     21005.2212
 EELEC  =   -144984.2242  EHBOND  =         0.0000  RESTRAINT  =         0.0000
 ------------------------------------------------------------------------------


 NSTEP =      150   TIME(PS) =      10.300  TEMP(K) =    98.24  PRESS =     0.0
 Etot   =   -119924.1216  EKtot   =      6209.6997  EPtot      =   -126133.8213
 BOND   =        82.5106  ANGLE   =       236.2976  DIHED      =       968.1853
 1-4 NB =       261.2753  1-4 EEL =     -3757.0312  VDWAALS    =     21067.5717
 EELEC  =   -144992.6306  EHBOND  =         0.0000  RESTRAINT  =         0.0000
 ------------------------------------------------------------------------------


 NSTEP =      200   TIME(PS) =      10.400  TEMP(K) =   100.26  PRESS =     0.0
 Etot   =   -119712.0787  EKtot   =      6337.7720  EPtot      =   -126049.8507
 BOND   =        81.5249  ANGLE   =       230.7046  DIHED      =       974.4569
 1-4 NB =       267.3109  1-4 EEL =     -3754.0500  VDWAALS    =     20892.7189
 EELEC  =   -144742.5169  EHBOND  =         0.0000  RESTRAINT  =         0.0000
 ------------------------------------------------------------------------------


 NSTEP =      250   TIME(PS) =      10.500  TEMP(K) =   100.53  PRESS =     0.0
 Etot   =   -119502.9393  EKtot   =      6354.3525  EPtot      =   -125857.2918
 BOND   =        77.2396  ANGLE   =       229.7764  DIHED      =       978.2919
 1-4 NB =       262.5758  1-4 EEL =     -3752.8767  VDWAALS    =     20823.1200
 EELEC  =   -144475.4187  EHBOND  =         0.0000  RESTRAINT  =         0.0000
 ------------------------------------------------------------------------------


 NSTEP =      300   TIME(PS) =      10.600  TEMP(K) =   102.60  PRESS =     0.0
 Etot   =   -119301.2862  EKtot   =      6485.1250  EPtot      =   -125786.4112
 BOND   =        80.4635  ANGLE   =       227.6873  DIHED      =       979.6266
 1-4 NB =       259.3727  1-4 EEL =     -3744.1296  VDWAALS    =     20749.8934
 EELEC  =   -144339.3250  EHBOND  =         0.0000  RESTRAINT  =         0.0000
 ------------------------------------------------------------------------------


 NSTEP =      350   TIME(PS) =      10.700  TEMP(K) =   104.02  PRESS =     0.0
 Etot   =   -119105.2990  EKtot   =      6574.9697  EPtot      =   -125680.2688
 BOND   =        81.0815  ANGLE   =       234.1484  DIHED      =       975.6834
 1-4 NB =       269.9076  1-4 EEL =     -3768.7235  VDWAALS    =     20757.0795
 EELEC  =   -144229.4456  EHBOND  =         0.0000  RESTRAINT  =         0.0000
 ------------------------------------------------------------------------------


 NSTEP =      400   TIME(PS) =      10.800  TEMP(K) =   105.67  PRESS =     0.0
 Etot   =   -118915.5399  EKtot   =      6679.4097  EPtot      =   -125594.9495
 BOND   =        84.2557  ANGLE   =       246.1306  DIHED      =       973.7767
 1-4 NB =       263.2988  1-4 EEL =     -3767.2041  VDWAALS    =     20677.2948
 EELEC  =   -144072.5020  EHBOND  =         0.0000  RESTRAINT  =         0.0000
 ------------------------------------------------------------------------------


 NSTEP =      450   TIME(PS) =      10.900  TEMP(K) =   107.33  PRESS =     0.0
 Etot   =   -118733.2209  EKtot   =      6784.7007  EPtot      =   -125517.9216
 BOND   =        77.9495  ANGLE   =       246.2261  DIHED      =       977.9318
 1-4 NB =       263.9976  1-4 EEL =     -3753.8305  VDWAALS    =     20706.6653
 EELEC  =   -144036.8614  EHBOND  =         0.0000  RESTRAINT  =         0.0000
 ------------------------------------------------------------------------------


 NSTEP =      500   TIME(PS) =      11.000  TEMP(K) =   108.70  PRESS =     0.0
 Etot   =   -118557.6958  EKtot   =      6870.7471  EPtot      =   -125428.4429
 BOND   =        82.7042  ANGLE   =       242.4292  DIHED      =       970.8134
 1-4 NB =       267.3504  1-4 EEL =     -3757.8722  VDWAALS    =     20641.7687
 EELEC  =   -143875.6366  EHBOND  =         0.0000  RESTRAINT  =         0.0000
 ------------------------------------------------------------------------------


 NSTEP =      550   TIME(PS) =      11.100  TEMP(K) =   111.00  PRESS =     0.0
 Etot   =   -118388.0605  EKtot   =      7016.2168  EPtot      =   -125404.2773
 BOND   =        84.6192  ANGLE   =       243.1337  DIHED      =       973.1789
 1-4 NB =       264.9657  1-4 EEL =     -3762.9185  VDWAALS    =     20618.7901
 EELEC  =   -143826.0463  EHBOND  =         0.0000  RESTRAINT  =         0.0000
 ------------------------------------------------------------------------------


 NSTEP =      600   TIME(PS) =      11.200  TEMP(K) =   111.63  PRESS =     0.0
 Etot   =   -118223.8913  EKtot   =      7055.9897  EPtot      =   -125279.8810
 BOND   =        86.0776  ANGLE   =       241.3274  DIHED      =       979.8578
 1-4 NB =       262.9303  1-4 EEL =     -3754.4712  VDWAALS    =     20809.6661
 EELEC  =   -143905.2691  EHBOND  =         0.0000  RESTRAINT  =         0.0000
 ------------------------------------------------------------------------------


 NSTEP =      650   TIME(PS) =      11.300  TEMP(K) =   112.63  PRESS =     0.0
 Etot   =   -118063.4251  EKtot   =      7119.3677  EPtot      =   -125182.7928
 BOND   =        83.3161  ANGLE   =       232.2521  DIHED      =       982.4623
 1-4 NB =       269.3296  1-4 EEL =     -3738.0446  VDWAALS    =     20657.6175
 EELEC  =   -143669.7258  EHBOND  =         0.0000  RESTRAINT  =         0.0000
 ------------------------------------------------------------------------------


 NSTEP =      700   TIME(PS) =      11.400  TEMP(K) =   114.05  PRESS =     0.0
 Etot   =   -117910.5723  EKtot   =      7209.1558  EPtot      =   -125119.7281
 BOND   =        84.1588  ANGLE   =       232.5142  DIHED      =       984.3833
 1-4 NB =       268.2092  1-4 EEL =     -3743.5693  VDWAALS    =     20695.4311
 EELEC  =   -143640.8554  EHBOND  =         0.0000  RESTRAINT  =         0.0000
 ------------------------------------------------------------------------------


 NSTEP =      750   TIME(PS) =      11.500  TEMP(K) =   115.39  PRESS =     0.0
 Etot   =   -117760.3653  EKtot   =      7293.7583  EPtot      =   -125054.1236
 BOND   =        85.9396  ANGLE   =       240.9288  DIHED      =       986.4482
 1-4 NB =       263.9870  1-4 EEL =     -3756.3431  VDWAALS    =     20508.3596
 EELEC  =   -143383.4435  EHBOND  =         0.0000  RESTRAINT  =         0.0000
 ------------------------------------------------------------------------------


 NSTEP =      800   TIME(PS) =      11.600  TEMP(K) =   116.43  PRESS =     0.0
 Etot   =   -117614.1829  EKtot   =      7359.8262  EPtot      =   -124974.0090
 BOND   =        92.4817  ANGLE   =       236.0023  DIHED      =       981.4401
 1-4 NB =       265.1235  1-4 EEL =     -3758.5874  VDWAALS    =     20592.7538
 EELEC  =   -143383.2229  EHBOND  =         0.0000  RESTRAINT  =         0.0000
 ------------------------------------------------------------------------------


 NSTEP =      850   TIME(PS) =      11.700  TEMP(K) =   117.74  PRESS =     0.0
 Etot   =   -117473.6029  EKtot   =      7442.6895  EPtot      =   -124916.2924
 BOND   =        84.2984  ANGLE   =       243.2515  DIHED      =       984.7439
 1-4 NB =       269.4440  1-4 EEL =     -3759.7673  VDWAALS    =     20733.3408
 EELEC  =   -143471.6037  EHBOND  =         0.0000  RESTRAINT  =         0.0000
 ------------------------------------------------------------------------------


 NSTEP =      900   TIME(PS) =      11.800  TEMP(K) =   118.50  PRESS =     0.0
 Etot   =   -117338.8076  EKtot   =      7490.4927  EPtot      =   -124829.3002
 BOND   =        91.8850  ANGLE   =       251.4476  DIHED      =       988.1038
 1-4 NB =       267.4865  1-4 EEL =     -3759.6672  VDWAALS    =     20546.4921
 EELEC  =   -143215.0480  EHBOND  =         0.0000  RESTRAINT  =         0.0000
 ------------------------------------------------------------------------------


 NSTEP =      950   TIME(PS) =      11.900  TEMP(K) =   119.89  PRESS =     0.0
 Etot   =   -117206.4247  EKtot   =      7578.5830  EPtot      =   -124785.0078
 BOND   =        86.7852  ANGLE   =       245.5028  DIHED      =       986.4321
 1-4 NB =       268.1666  1-4 EEL =     -3746.4251  VDWAALS    =     20512.7378
 EELEC  =   -143138.2072  EHBOND  =         0.0000  RESTRAINT  =         0.0000
 ------------------------------------------------------------------------------

check COM velocity, temp:        0.000027     0.00(Removed)

 NSTEP =     1000   TIME(PS) =      12.000  TEMP(K) =   120.30  PRESS =     0.0
 Etot   =   -117079.8754  EKtot   =      7604.0010  EPtot      =   -124683.8764
 BOND   =        89.7702  ANGLE   =       256.7417  DIHED      =       987.4063
 1-4 NB =       264.4960  1-4 EEL =     -3766.7766  VDWAALS    =     20526.1626
 EELEC  =   -143041.6766  EHBOND  =         0.0000  RESTRAINT  =         0.0000
 ------------------------------------------------------------------------------


 NSTEP =     1050   TIME(PS) =      12.100  TEMP(K) =   121.59  PRESS =     0.0
 Etot   =   -116957.3443  EKtot   =      7685.4932  EPtot      =   -124642.8374
 BOND   =        96.0687  ANGLE   =       266.6523  DIHED      =       983.7996
 1-4 NB =       265.3153  1-4 EEL =     -3769.0658  VDWAALS    =     20396.4682
 EELEC  =   -142882.0756  EHBOND  =         0.0000  RESTRAINT  =         0.0000
 ------------------------------------------------------------------------------


 NSTEP =     1100   TIME(PS) =      12.200  TEMP(K) =   121.70  PRESS =     0.0
 Etot   =   -116837.0294  EKtot   =      7692.5039  EPtot      =   -124529.5333
 BOND   =        89.7128  ANGLE   =       256.5824  DIHED      =       975.8044
 1-4 NB =       268.1610  1-4 EEL =     -3758.4311  VDWAALS    =     20496.9865
 EELEC  =   -142858.3493  EHBOND  =         0.0000  RESTRAINT  =         0.0000
 ------------------------------------------------------------------------------


 NSTEP =     1150   TIME(PS) =      12.300  TEMP(K) =   124.49  PRESS =     0.0
 Etot   =   -116725.2320  EKtot   =      7869.3857  EPtot      =   -124594.6178
 BOND   =        86.3897  ANGLE   =       255.4140  DIHED      =       976.9641
 1-4 NB =       265.9683  1-4 EEL =     -3747.1650  VDWAALS    =     20557.7518
 EELEC  =   -142989.9407  EHBOND  =         0.0000  RESTRAINT  =         0.0000
 ------------------------------------------------------------------------------


 NSTEP =     1200   TIME(PS) =      12.400  TEMP(K) =   123.91  PRESS =     0.0
 Etot   =   -116616.5460  EKtot   =      7832.2578  EPtot      =   -124448.8038
 BOND   =        90.3467  ANGLE   =       250.2950  DIHED      =       982.8811
 1-4 NB =       270.9905  1-4 EEL =     -3755.3764  VDWAALS    =     20441.8779
 EELEC  =   -142729.8186  EHBOND  =         0.0000  RESTRAINT  =         0.0000
 ------------------------------------------------------------------------------


 NSTEP =     1250   TIME(PS) =      12.500  TEMP(K) =   124.49  PRESS =     0.0
 Etot   =   -116506.6164  EKtot   =      7869.3086  EPtot      =   -124375.9250
 BOND   =        85.1859  ANGLE   =       246.7157  DIHED      =       986.2991
 1-4 NB =       268.7761  1-4 EEL =     -3748.1608  VDWAALS    =     20409.9511
 EELEC  =   -142624.6921  EHBOND  =         0.0000  RESTRAINT  =         0.0000
 ------------------------------------------------------------------------------


 NSTEP =     1300   TIME(PS) =      12.600  TEMP(K) =   125.43  PRESS =     0.0
 Etot   =   -116401.5107  EKtot   =      7928.6323  EPtot      =   -124330.1430
 BOND   =       102.1811  ANGLE   =       257.5943  DIHED      =       988.5277
 1-4 NB =       263.8472  1-4 EEL =     -3773.9552  VDWAALS    =     20333.1687
 EELEC  =   -142501.5068  EHBOND  =         0.0000  RESTRAINT  =         0.0000
 ------------------------------------------------------------------------------


 NSTEP =     1350   TIME(PS) =      12.700  TEMP(K) =   126.70  PRESS =     0.0
 Etot   =   -116302.8735  EKtot   =      8008.5430  EPtot      =   -124311.4165
 BOND   =        89.4594  ANGLE   =       262.7028  DIHED      =       988.2908
 1-4 NB =       268.5449  1-4 EEL =     -3767.7738  VDWAALS    =     20414.6134
 EELEC  =   -142567.2541  EHBOND  =         0.0000  RESTRAINT  =         0.0000
 ------------------------------------------------------------------------------


 NSTEP =     1400   TIME(PS) =      12.800  TEMP(K) =   127.59  PRESS =     0.0
 Etot   =   -116206.7973  EKtot   =      8065.0308  EPtot      =   -124271.8280
 BOND   =        91.7886  ANGLE   =       243.4931  DIHED      =       985.7582
 1-4 NB =       266.0068  1-4 EEL =     -3737.6081  VDWAALS    =     20332.8665
 EELEC  =   -142454.1330  EHBOND  =         0.0000  RESTRAINT  =         0.0000
 ------------------------------------------------------------------------------


 NSTEP =     1450   TIME(PS) =      12.900  TEMP(K) =   128.23  PRESS =     0.0
 Etot   =   -116113.2427  EKtot   =      8105.3174  EPtot      =   -124218.5601
 BOND   =        92.9149  ANGLE   =       259.9210  DIHED      =       990.5953
 1-4 NB =       270.6361  1-4 EEL =     -3756.0770  VDWAALS    =     20357.6862
 EELEC  =   -142434.2364  EHBOND  =         0.0000  RESTRAINT  =         0.0000
 ------------------------------------------------------------------------------


 NSTEP =     1500   TIME(PS) =      13.000  TEMP(K) =   128.27  PRESS =     0.0
 Etot   =   -116022.8212  EKtot   =      8107.8662  EPtot      =   -124130.6874
 BOND   =        87.8171  ANGLE   =       272.8129  DIHED      =       983.4385
 1-4 NB =       270.6225  1-4 EEL =     -3748.8627  VDWAALS    =     20448.7482
 EELEC  =   -142445.2638  EHBOND  =         0.0000  RESTRAINT  =         0.0000
 ------------------------------------------------------------------------------


 NSTEP =     1550   TIME(PS) =      13.100  TEMP(K) =   130.13  PRESS =     0.0
 Etot   =   -115934.6234  EKtot   =      8225.6504  EPtot      =   -124160.2738
 BOND   =        94.4599  ANGLE   =       263.3548  DIHED      =       999.4103
 1-4 NB =       266.9347  1-4 EEL =     -3742.9339  VDWAALS    =     20221.7370
 EELEC  =   -142263.2366  EHBOND  =         0.0000  RESTRAINT  =         0.0000
 ------------------------------------------------------------------------------


 NSTEP =     1600   TIME(PS) =      13.200  TEMP(K) =   130.62  PRESS =     0.0
 Etot   =   -115850.3481  EKtot   =      8256.4893  EPtot      =   -124106.8374
 BOND   =        92.0376  ANGLE   =       277.0141  DIHED      =       993.9797
 1-4 NB =       266.6112  1-4 EEL =     -3763.3393  VDWAALS    =     20140.0956
 EELEC  =   -142113.2363  EHBOND  =         0.0000  RESTRAINT  =         0.0000
 ------------------------------------------------------------------------------


 NSTEP =     1650   TIME(PS) =      13.300  TEMP(K) =   130.29  PRESS =     0.0
 Etot   =   -115767.1945  EKtot   =      8235.6768  EPtot      =   -124002.8713
 BOND   =        91.6842  ANGLE   =       264.4637  DIHED      =      1000.1524
 1-4 NB =       266.6259  1-4 EEL =     -3765.6047  VDWAALS    =     20203.5184
 EELEC  =   -142063.7111  EHBOND  =         0.0000  RESTRAINT  =         0.0000
 ------------------------------------------------------------------------------


 NSTEP =     1700   TIME(PS) =      13.400  TEMP(K) =   131.86  PRESS =     0.0
 Etot   =   -115688.9530  EKtot   =      8335.0195  EPtot      =   -124023.9725
 BOND   =        90.3122  ANGLE   =       267.1390  DIHED      =       995.8182
 1-4 NB =       268.3400  1-4 EEL =     -3752.2902  VDWAALS    =     20176.9596
 EELEC  =   -142070.2514  EHBOND  =         0.0000  RESTRAINT  =         0.0000
 ------------------------------------------------------------------------------


 NSTEP =     1750   TIME(PS) =      13.500  TEMP(K) =   131.72  PRESS =     0.0
 Etot   =   -115611.4841  EKtot   =      8326.3984  EPtot      =   -123937.8826
 BOND   =        88.9494  ANGLE   =       267.1258  DIHED      =       995.7563
 1-4 NB =       266.3919  1-4 EEL =     -3756.1080  VDWAALS    =     20028.2717
 EELEC  =   -141828.2697  EHBOND  =         0.0000  RESTRAINT  =         0.0000
 ------------------------------------------------------------------------------


 NSTEP =     1800   TIME(PS) =      13.600  TEMP(K) =   133.20  PRESS =     0.0
 Etot   =   -115535.3630  EKtot   =      8419.7031  EPtot      =   -123955.0662
 BOND   =       102.8058  ANGLE   =       261.1318  DIHED      =       989.7655
 1-4 NB =       268.6682  1-4 EEL =     -3766.9607  VDWAALS    =     20166.0560
 EELEC  =   -141976.5327  EHBOND  =         0.0000  RESTRAINT  =         0.0000
 ------------------------------------------------------------------------------


 NSTEP =     1850   TIME(PS) =      13.700  TEMP(K) =   132.97  PRESS =     0.0
 Etot   =   -115465.3228  EKtot   =      8405.2539  EPtot      =   -123870.5767
 BOND   =        94.1924  ANGLE   =       273.0545  DIHED      =       984.2715
 1-4 NB =       277.0091  1-4 EEL =     -3772.7426  VDWAALS    =     20249.3520
 EELEC  =   -141975.7136  EHBOND  =         0.0000  RESTRAINT  =         0.0000
 ------------------------------------------------------------------------------


 NSTEP =     1900   TIME(PS) =      13.800  TEMP(K) =   133.04  PRESS =     0.0
 Etot   =   -115398.1991  EKtot   =      8409.8184  EPtot      =   -123808.0175
 BOND   =        97.4122  ANGLE   =       280.4851  DIHED      =       992.2534
 1-4 NB =       270.5523  1-4 EEL =     -3766.1658  VDWAALS    =     20152.1137
 EELEC  =   -141834.6685  EHBOND  =         0.0000  RESTRAINT  =         0.0000
 ------------------------------------------------------------------------------


 NSTEP =     1950   TIME(PS) =      13.900  TEMP(K) =   134.50  PRESS =     0.0
 Etot   =   -115332.2741  EKtot   =      8501.8779  EPtot      =   -123834.1520
 BOND   =        97.8768  ANGLE   =       276.5413  DIHED      =       984.3526
 1-4 NB =       269.5914  1-4 EEL =     -3758.5784  VDWAALS    =     20184.8858
 EELEC  =   -141888.8215  EHBOND  =         0.0000  RESTRAINT  =         0.0000
 ------------------------------------------------------------------------------

check COM velocity, temp:        0.000007     0.00(Removed)

 NSTEP =     2000   TIME(PS) =      14.000  TEMP(K) =   135.51  PRESS =     0.0
 Etot   =   -115265.8608  EKtot   =      8565.9189  EPtot      =   -123831.7797
 BOND   =        96.4668  ANGLE   =       283.2018  DIHED      =       983.4172
 1-4 NB =       265.4575  1-4 EEL =     -3751.8583  VDWAALS    =     20148.7083
 EELEC  =   -141857.1731  EHBOND  =         0.0000  RESTRAINT  =         0.0000
 ------------------------------------------------------------------------------


 NSTEP =     2050   TIME(PS) =      14.100  TEMP(K) =   135.01  PRESS =     0.0
 Etot   =   -115203.6501  EKtot   =      8533.7725  EPtot      =   -123737.4226
 BOND   =       102.5337  ANGLE   =       295.0009  DIHED      =       984.8544
 1-4 NB =       270.2119  1-4 EEL =     -3777.3846  VDWAALS    =     20065.5627
 EELEC  =   -141678.2016  EHBOND  =         0.0000  RESTRAINT  =         0.0000
 ------------------------------------------------------------------------------


 NSTEP =     2100   TIME(PS) =      14.200  TEMP(K) =   136.36  PRESS =     0.0
 Etot   =   -115142.4190  EKtot   =      8619.1895  EPtot      =   -123761.6084
 BOND   =       103.9348  ANGLE   =       285.8841  DIHED      =       979.9593
 1-4 NB =       279.9070  1-4 EEL =     -3754.1723  VDWAALS    =     20052.0486
 EELEC  =   -141709.1699  EHBOND  =         0.0000  RESTRAINT  =         0.0000
 ------------------------------------------------------------------------------


 NSTEP =     2150   TIME(PS) =      14.300  TEMP(K) =   136.22  PRESS =     0.0
 Etot   =   -115085.7486  EKtot   =      8610.5186  EPtot      =   -123696.2671
 BOND   =       104.8603  ANGLE   =       287.1533  DIHED      =       980.8528
 1-4 NB =       267.4141  1-4 EEL =     -3754.5494  VDWAALS    =     20153.7234
 EELEC  =   -141735.7215  EHBOND  =         0.0000  RESTRAINT  =         0.0000
 ------------------------------------------------------------------------------


 NSTEP =     2200   TIME(PS) =      14.400  TEMP(K) =   136.48  PRESS =     0.0
 Etot   =   -115027.3255  EKtot   =      8627.0830  EPtot      =   -123654.4085
 BOND   =       106.2985  ANGLE   =       269.4849  DIHED      =       989.7902
 1-4 NB =       277.0555  1-4 EEL =     -3750.9673  VDWAALS    =     19975.8944
 EELEC  =   -141521.9646  EHBOND  =         0.0000  RESTRAINT  =         0.0000
 ------------------------------------------------------------------------------


 NSTEP =     2250   TIME(PS) =      14.500  TEMP(K) =   136.73  PRESS =     0.0
 Etot   =   -114971.7533  EKtot   =      8642.7012  EPtot      =   -123614.4545
 BOND   =       101.2773  ANGLE   =       281.8106  DIHED      =       986.9349
 1-4 NB =       269.4668  1-4 EEL =     -3757.5276  VDWAALS    =     20064.4837
 EELEC  =   -141560.9001  EHBOND  =         0.0000  RESTRAINT  =         0.0000
 ------------------------------------------------------------------------------


 NSTEP =     2300   TIME(PS) =      14.600  TEMP(K) =   137.72  PRESS =     0.0
 Etot   =   -114919.1263  EKtot   =      8705.6182  EPtot      =   -123624.7445
 BOND   =       106.9789  ANGLE   =       284.4510  DIHED      =       985.1592
 1-4 NB =       269.3434  1-4 EEL =     -3774.4755  VDWAALS    =     19988.1853
 EELEC  =   -141484.3868  EHBOND  =         0.0000  RESTRAINT  =         0.0000
 ------------------------------------------------------------------------------


 NSTEP =     2350   TIME(PS) =      14.700  TEMP(K) =   137.97  PRESS =     0.0
 Etot   =   -114867.7136  EKtot   =      8721.4746  EPtot      =   -123589.1882
 BOND   =       104.8437  ANGLE   =       289.8032  DIHED      =       990.5979
 1-4 NB =       266.6494  1-4 EEL =     -3759.3439  VDWAALS    =     19963.4202
 EELEC  =   -141445.1587  EHBOND  =         0.0000  RESTRAINT  =         0.0000
 ------------------------------------------------------------------------------


 NSTEP =     2400   TIME(PS) =      14.800  TEMP(K) =   139.66  PRESS =     0.0
 Etot   =   -114816.7823  EKtot   =      8827.8057  EPtot      =   -123644.5879
 BOND   =       106.8678  ANGLE   =       279.5751  DIHED      =       983.4152
 1-4 NB =       264.2093  1-4 EEL =     -3758.4140  VDWAALS    =     20050.1267
 EELEC  =   -141570.3681  EHBOND  =         0.0000  RESTRAINT  =         0.0000
 ------------------------------------------------------------------------------


 NSTEP =     2450   TIME(PS) =      14.900  TEMP(K) =   137.18  PRESS =     0.0
 Etot   =   -114767.4857  EKtot   =      8670.9688  EPtot      =   -123438.4544
 BOND   =       101.7795  ANGLE   =       292.8236  DIHED      =       978.2180
 1-4 NB =       274.6870  1-4 EEL =     -3762.1936  VDWAALS    =     19852.6007
 EELEC  =   -141176.3696  EHBOND  =         0.0000  RESTRAINT  =         0.0000
 ------------------------------------------------------------------------------


 NSTEP =     2500   TIME(PS) =      15.000  TEMP(K) =   138.70  PRESS =     0.0
 Etot   =   -114718.1018  EKtot   =      8767.4307  EPtot      =   -123485.5325
 BOND   =       108.3015  ANGLE   =       290.5826  DIHED      =       987.5797
 1-4 NB =       264.7282  1-4 EEL =     -3769.7820  VDWAALS    =     19762.1643
 EELEC  =   -141129.1067  EHBOND  =         0.0000  RESTRAINT  =         0.0000
 ------------------------------------------------------------------------------


      A V E R A G E S   O V E R      50 S T E P S


 NSTEP =     2500   TIME(PS) =      15.000  TEMP(K) =   122.47  PRESS =     0.0
 Etot   =   -116827.9391  EKtot   =      7741.4446  EPtot      =   -124569.3838
 BOND   =        91.4490  ANGLE   =       258.3438  DIHED      =       983.6086
 1-4 NB =       267.5920  1-4 EEL =     -3757.8695  VDWAALS    =     20404.4627
 EELEC  =   -142816.9703  EHBOND  =         0.0000  RESTRAINT  =         0.0000
 ------------------------------------------------------------------------------


      R M S  F L U C T U A T I O N S


 NSTEP =     2500   TIME(PS) =      15.000  TEMP(K) =    12.94  PRESS =     0.0
 Etot   =      1636.6673  EKtot   =       817.9318  EPtot      =       820.0424
 BOND   =         9.0476  ANGLE   =        19.9498  DIHED      =         7.4895
 1-4 NB =         3.8321  1-4 EEL =         9.1726  VDWAALS    =       314.6682
 EELEC  =      1093.7012  EHBOND  =         0.0000  RESTRAINT  =         0.0000
 ------------------------------------------------------------------------------

--------------------------------------------------------------------------------
   5.  TIMINGS
--------------------------------------------------------------------------------

|  NonSetup CPU Time in Major Routines:
|
|     Routine           Sec        %
|     ------------------------------
|     Nonbond           2.26   12.97
|     Bond              0.00    0.00
|     Angle             0.00    0.00
|     Dihedral          0.00    0.00
|     Shake             0.02    0.09
|     RunMD            15.15   86.91
|     Other             0.01    0.04
|     ------------------------------
|     Total            17.43

|  PME Nonbond Pairlist CPU Time:
|
|     Routine              Sec        %
|     ---------------------------------
|     Set Up Cit           0.00    0.00
|     Build List           0.00    0.00
|     ---------------------------------
|     Total                0.00    0.00

|  PME Direct Force CPU Time:
|
|     Routine              Sec        %
|     ---------------------------------
|     NonBonded Calc       0.00    0.00
|     Exclude Masked       0.00    0.00
|     Other                0.00    0.02
|     ---------------------------------
|     Total                0.00    0.02

|  PME Reciprocal Force CPU Time:
|
|     Routine              Sec        %
|     ---------------------------------
|     1D bspline           0.00    0.00
|     Grid Charges         0.00    0.00
|     Scalar Sum           0.00    0.00
|     Gradient Sum         0.00    0.00
|     FFT                  0.00    0.00
|     ---------------------------------
|     Total                0.00    0.00

|  Final Performance Info:
|     -----------------------------------------------------
|     Average timings for last    2450 steps:
|     Elapsed(s) =      17.60 Per Step(ms) =       7.18
|         ns/day =      24.06   seconds/ns =    3591.56
|
|     Average timings for all steps:
|     Elapsed(s) =      18.31 Per Step(ms) =       7.32
|         ns/day =      23.60   seconds/ns =    3661.58
|     -----------------------------------------------------

|  Setup CPU time:            1.45 seconds
|  NonSetup CPU time:        17.43 seconds
|  Total CPU time:           18.88 seconds     0.01 hours

|  Setup wall time:           3    seconds
|  NonSetup wall time:       18    seconds
|  Total wall time:          21    seconds     0.01 hours
