
          -------------------------------------------------------
          Amber 16 PMEMD                              2016
          -------------------------------------------------------

| PMEMD implementation of SANDER, Release 16

| Run on 06/04/2024 at 22:40:08

|   Executable path: pmemd.cuda
| Working directory: /home/students/keyq/fuben4/10/10LT
|          Hostname: master

  [-O]verwriting output

File Assignments:
|   MDIN: heat4.in                                                              
|  MDOUT: cmp_heat4.out                                                         
| INPCRD: cmp_heat3.rst                                                         
|   PARM: cmp.prmtop                                                            
| RESTRT: cmp_heat4.rst                                                         
|   REFC: cmp.inpcrd                                                            
|  MDVEL: mdvel                                                                 
|   MDEN: mden                                                                  
|  MDCRD: cmp_heat4.mdcrd                                                       
| MDINFO: mdinfo                                                                
|  MDFRC: mdfrc                                                                 


 Here is the input file:

Stage 2 equilibration 1 0-5ns                                                  
 &cntrl                                                                        
  imin=0, irest=1, ntx=5,                                                      
  nstlim=2500, dt=0.002,                                                       
  ntc=2, ntf=2,                                                                
  ntt=1, tautp=1.5,                                                            
  tempi=150.0, temp0=200.0,                                                    
  ntpr=50, ntwx=50,                                                            
  ntb=1,                                                                       
  cut=10,                                                                      
 /                                                                             


Note: ig = -1. Setting random seed to   681159 based on wallclock time in 
      microseconds.
 
|--------------------- INFORMATION ----------------------
| GPU (CUDA) Version of PMEMD in use: NVIDIA GPU IN USE.
|                    Version 16.0.0
| 
|                      02/25/2016
| 
| Implementation by:
|                    Ross C. Walker     (SDSC)
|                    Scott Le Grand     (nVIDIA)
| 
| Precision model in use:
|      [SPFP] - Single Precision Forces, 64-bit Fixed Point
|               Accumulation. (Default)
| 
|--------------------------------------------------------
 
|----------------- CITATION INFORMATION -----------------
|
|    When publishing work that utilized the CUDA version
|    of AMBER, please cite the following in addition to
|    the regular AMBER citations:
|
|  - Romelia Salomon-Ferrer; Andreas W. Goetz; Duncan
|    Poole; Scott Le Grand; Ross C. Walker "Routine
|    microsecond molecular dynamics simulations with
|    AMBER - Part II: Particle Mesh Ewald", J. Chem.
|    Theory Comput., 2013, 9 (9), pp3878-3888,
|    DOI: 10.1021/ct400314y.
|
|  - Andreas W. Goetz; Mark J. Williamson; Dong Xu;
|    Duncan Poole; Scott Le Grand; Ross C. Walker
|    "Routine microsecond molecular dynamics simulations
|    with AMBER - Part I: Generalized Born", J. Chem.
|    Theory Comput., 2012, 8 (5), pp1542-1555.
|
|  - Scott Le Grand; Andreas W. Goetz; Ross C. Walker
|    "SPFP: Speed without compromise - a mixed precision
|    model for GPU accelerated molecular dynamics
|    simulations.", Comp. Phys. Comm., 2013, 184
|    pp374-380, DOI: 10.1016/j.cpc.2012.09.022
|
|--------------------------------------------------------
 
|------------------- GPU DEVICE INFO --------------------
|
|            CUDA_VISIBLE_DEVICES: 0
|   CUDA Capable Devices Detected:      1
|           CUDA Device ID in use:      0
|                CUDA Device Name: Tesla V100-PCIE-32GB
|     CUDA Device Global Mem Size:  32510 MB
| CUDA Device Num Multiprocessors:     80
|           CUDA Device Core Freq:   1.38 GHz
|
|--------------------------------------------------------
 
 
| Conditional Compilation Defines Used:
| PUBFFT
| BINTRAJ
| CUDA
| EMIL

| Largest sphere to fit in unit cell has radius =    31.653

| New format PARM file being parsed.
| Version =    1.000 Date = 08/18/20 Time = 20:09:43

| Note: 1-4 EEL scale factors are being read from the topology file.

| Note: 1-4 VDW scale factors are being read from the topology file.
| Duplicated    0 dihedrals

| Duplicated    0 dihedrals

--------------------------------------------------------------------------------
   1.  RESOURCE   USE: 
--------------------------------------------------------------------------------

 getting box info from netcdf restart file
 NATOM  =   31449 NTYPES =      18 NBONH =   30726 MBONA  =     774
 NTHETH =     907 MTHETA =    1191 NPHIH =    1834 MPHIA  =    2469
 NHPARM =       0 NPARM  =       0 NNB   =   46468 NRES   =   10180
 NBONA  =     774 NTHETA =    1191 NPHIA =    2469 NUMBND =      61
 NUMANG =     127 NPTRA  =      75 NATYP =      34 NPHB   =       1
 IFBOX  =       2 NMXRS  =      33 IFCAP =       0 NEXTRA =       0
 NCOPY  =       0

| Coordinate Index Table dimensions:    12   12   12
| Direct force subcell size =     6.4611    6.4611    6.4611

     BOX TYPE: TRUNCATED OCTAHEDRON

--------------------------------------------------------------------------------
   2.  CONTROL  DATA  FOR  THE  RUN
--------------------------------------------------------------------------------

default_name                                                                    

General flags:
     imin    =       0, nmropt  =       0

Nature and format of input:
     ntx     =       5, irest   =       1, ntrx    =       1

Nature and format of output:
     ntxo    =       2, ntpr    =      50, ntrx    =       1, ntwr    =    2500
     iwrap   =       0, ntwx    =      50, ntwv    =       0, ntwe    =       0
     ioutfm  =       1, ntwprt  =       0, idecomp =       0, rbornstat=      0

Potential function:
     ntf     =       2, ntb     =       1, igb     =       0, nsnb    =      25
     ipol    =       0, gbsa    =       0, iesp    =       0
     dielc   =   1.00000, cut     =  10.00000, intdiel =   1.00000

Frozen or restrained atoms:
     ibelly  =       0, ntr     =       0

Molecular dynamics:
     nstlim  =      2500, nscm    =      1000, nrespa  =         1
     t       =   0.00000, dt      =   0.00200, vlimit  =  -1.00000

Berendsen (weak-coupling) temperature regulation:
     temp0   = 200.00000, tempi   = 150.00000, tautp   =   1.50000

SHAKE:
     ntc     =       2, jfastw  =       0
     tol     =   0.00001

| Intermolecular bonds treatment:
|     no_intermolecular_bonds =       1

| Energy averages sample interval:
|     ene_avg_sampling =      50

Ewald parameters:
     verbose =       0, ew_type =       0, nbflag  =       1, use_pme =       1
     vdwmeth =       1, eedmeth =       1, netfrc  =       1
     Box X =   77.534   Box Y =   77.534   Box Z =   77.534
     Alpha =  109.471   Beta  =  109.471   Gamma =  109.471
     NFFT1 =   80       NFFT2 =   80       NFFT3 =   80
     Cutoff=   10.000   Tol   =0.100E-04
     Ewald Coefficient =  0.27511
     Interpolation order =    4

--------------------------------------------------------------------------------
   3.  ATOMIC COORDINATES AND VELOCITIES
--------------------------------------------------------------------------------

default_name                                                                    
 begin time read from input coords =    15.000 ps

 
 Number of triangulated 3-point waters found:    10114

     Sum of charges from parm topology file =   0.00000019
     Forcing neutrality...

| Dynamic Memory, Types Used:
| Reals              931548
| Integers           769634

| Nonbonded Pairs Initial Allocation:     9512536

| GPU memory information (estimate):
| KB of GPU memory in use:    165799
| KB of CPU memory in use:     54667

--------------------------------------------------------------------------------
   4.  RESULTS
--------------------------------------------------------------------------------

 ---------------------------------------------------
 APPROXIMATING switch and d/dx switch using CUBIC SPLINE INTERPOLATION
 using   5000.0 points per unit in tabled values
 TESTING RELATIVE ERROR over r ranging from 0.0 to cutoff
| CHECK switch(x): max rel err =   0.2738E-14   at   2.422500
| CHECK d/dx switch(x): max rel err =   0.8314E-11   at   2.736960
 ---------------------------------------------------
|---------------------------------------------------
| APPROXIMATING direct energy using CUBIC SPLINE INTERPOLATION
|  with   50.0 points per unit in tabled values
| Relative Error Limit not exceeded for r .gt.   2.33
| APPROXIMATING direct force using CUBIC SPLINE INTERPOLATION
|  with   50.0 points per unit in tabled values
| Relative Error Limit not exceeded for r .gt.   2.80
|---------------------------------------------------

 NSTEP =       50   TIME(PS) =      15.100  TEMP(K) =   140.42  PRESS =     0.0
 Etot   =   -114468.7144  EKtot   =      8876.0596  EPtot      =   -123344.7740
 BOND   =       111.0009  ANGLE   =       268.3242  DIHED      =       984.1118
 1-4 NB =       261.4715  1-4 EEL =     -3730.8690  VDWAALS    =     19946.2733
 EELEC  =   -141185.0867  EHBOND  =         0.0000  RESTRAINT  =         0.0000
 ------------------------------------------------------------------------------


 NSTEP =      100   TIME(PS) =      15.200  TEMP(K) =   142.67  PRESS =     0.0
 Etot   =   -114225.0410  EKtot   =      9018.4541  EPtot      =   -123243.4951
 BOND   =       110.8452  ANGLE   =       289.7504  DIHED      =       988.8563
 1-4 NB =       269.5377  1-4 EEL =     -3763.1897  VDWAALS    =     19885.9195
 EELEC  =   -141025.2144  EHBOND  =         0.0000  RESTRAINT  =         0.0000
 ------------------------------------------------------------------------------


 NSTEP =      150   TIME(PS) =      15.300  TEMP(K) =   144.69  PRESS =     0.0
 Etot   =   -113984.9998  EKtot   =      9145.8867  EPtot      =   -123130.8865
 BOND   =       109.8113  ANGLE   =       285.0739  DIHED      =       990.4170
 1-4 NB =       270.9010  1-4 EEL =     -3750.7163  VDWAALS    =     19880.6109
 EELEC  =   -140916.9843  EHBOND  =         0.0000  RESTRAINT  =         0.0000
 ------------------------------------------------------------------------------


 NSTEP =      200   TIME(PS) =      15.400  TEMP(K) =   144.87  PRESS =     0.0
 Etot   =   -113755.5862  EKtot   =      9157.0449  EPtot      =   -122912.6311
 BOND   =       107.2172  ANGLE   =       281.5934  DIHED      =       981.6325
 1-4 NB =       268.0900  1-4 EEL =     -3751.5419  VDWAALS    =     19942.9489
 EELEC  =   -140742.5713  EHBOND  =         0.0000  RESTRAINT  =         0.0000
 ------------------------------------------------------------------------------


 NSTEP =      250   TIME(PS) =      15.500  TEMP(K) =   147.43  PRESS =     0.0
 Etot   =   -113530.2910  EKtot   =      9318.8984  EPtot      =   -122849.1894
 BOND   =       108.5354  ANGLE   =       284.7406  DIHED      =       990.5543
 1-4 NB =       270.8110  1-4 EEL =     -3746.9604  VDWAALS    =     19682.7054
 EELEC  =   -140439.5758  EHBOND  =         0.0000  RESTRAINT  =         0.0000
 ------------------------------------------------------------------------------


 NSTEP =      300   TIME(PS) =      15.600  TEMP(K) =   149.32  PRESS =     0.0
 Etot   =   -113314.0380  EKtot   =      9438.6279  EPtot      =   -122752.6659
 BOND   =       107.5338  ANGLE   =       287.9960  DIHED      =       992.7666
 1-4 NB =       276.7325  1-4 EEL =     -3742.0181  VDWAALS    =     19646.3709
 EELEC  =   -140322.0477  EHBOND  =         0.0000  RESTRAINT  =         0.0000
 ------------------------------------------------------------------------------


 NSTEP =      350   TIME(PS) =      15.700  TEMP(K) =   151.30  PRESS =     0.0
 Etot   =   -113102.6690  EKtot   =      9563.8477  EPtot      =   -122666.5166
 BOND   =       115.5070  ANGLE   =       299.6408  DIHED      =      1002.9450
 1-4 NB =       265.8058  1-4 EEL =     -3773.1864  VDWAALS    =     19659.4627
 EELEC  =   -140236.6915  EHBOND  =         0.0000  RESTRAINT  =         0.0000
 ------------------------------------------------------------------------------


 NSTEP =      400   TIME(PS) =      15.800  TEMP(K) =   152.75  PRESS =     0.0
 Etot   =   -112898.8468  EKtot   =      9655.3223  EPtot      =   -122554.1690
 BOND   =       112.4291  ANGLE   =       294.2886  DIHED      =       991.6340
 1-4 NB =       278.5022  1-4 EEL =     -3787.7611  VDWAALS    =     19832.4170
 EELEC  =   -140275.6789  EHBOND  =         0.0000  RESTRAINT  =         0.0000
 ------------------------------------------------------------------------------


 NSTEP =      450   TIME(PS) =      15.900  TEMP(K) =   153.04  PRESS =     0.0
 Etot   =   -112699.1514  EKtot   =      9673.5088  EPtot      =   -122372.6602
 BOND   =       109.2743  ANGLE   =       301.9837  DIHED      =       989.6529
 1-4 NB =       270.5816  1-4 EEL =     -3758.2922  VDWAALS    =     19547.8193
 EELEC  =   -139833.6799  EHBOND  =         0.0000  RESTRAINT  =         0.0000
 ------------------------------------------------------------------------------


 NSTEP =      500   TIME(PS) =      16.000  TEMP(K) =   153.86  PRESS =     0.0
 Etot   =   -112505.1162  EKtot   =      9725.7422  EPtot      =   -122230.8583
 BOND   =       126.6021  ANGLE   =       317.7176  DIHED      =       990.6291
 1-4 NB =       266.6280  1-4 EEL =     -3785.0551  VDWAALS    =     19668.6489
 EELEC  =   -139816.0290  EHBOND  =         0.0000  RESTRAINT  =         0.0000
 ------------------------------------------------------------------------------


 NSTEP =      550   TIME(PS) =      16.100  TEMP(K) =   156.09  PRESS =     0.0
 Etot   =   -112319.4176  EKtot   =      9866.4482  EPtot      =   -122185.8658
 BOND   =       107.8443  ANGLE   =       288.1651  DIHED      =       996.4287
 1-4 NB =       276.6430  1-4 EEL =     -3732.8045  VDWAALS    =     19691.8006
 EELEC  =   -139813.9429  EHBOND  =         0.0000  RESTRAINT  =         0.0000
 ------------------------------------------------------------------------------


 NSTEP =      600   TIME(PS) =      16.200  TEMP(K) =   157.40  PRESS =     0.0
 Etot   =   -112137.0192  EKtot   =      9949.0488  EPtot      =   -122086.0680
 BOND   =       111.7256  ANGLE   =       307.4159  DIHED      =       997.9476
 1-4 NB =       265.3054  1-4 EEL =     -3751.0978  VDWAALS    =     19564.8327
 EELEC  =   -139582.1974  EHBOND  =         0.0000  RESTRAINT  =         0.0000
 ------------------------------------------------------------------------------


 NSTEP =      650   TIME(PS) =      16.300  TEMP(K) =   159.61  PRESS =     0.0
 Etot   =   -111965.3092  EKtot   =     10088.7568  EPtot      =   -122054.0660
 BOND   =       105.7490  ANGLE   =       299.2483  DIHED      =       984.1234
 1-4 NB =       278.2182  1-4 EEL =     -3736.5250  VDWAALS    =     19553.5447
 EELEC  =   -139538.4246  EHBOND  =         0.0000  RESTRAINT  =         0.0000
 ------------------------------------------------------------------------------


 NSTEP =      700   TIME(PS) =      16.400  TEMP(K) =   159.94  PRESS =     0.0
 Etot   =   -111793.6159  EKtot   =     10110.0898  EPtot      =   -121903.7057
 BOND   =       126.0042  ANGLE   =       309.7455  DIHED      =       994.4997
 1-4 NB =       261.9845  1-4 EEL =     -3745.6777  VDWAALS    =     19640.1378
 EELEC  =   -139490.3998  EHBOND  =         0.0000  RESTRAINT  =         0.0000
 ------------------------------------------------------------------------------


 NSTEP =      750   TIME(PS) =      16.500  TEMP(K) =   161.72  PRESS =     0.0
 Etot   =   -111630.3468  EKtot   =     10222.3164  EPtot      =   -121852.6632
 BOND   =       116.7269  ANGLE   =       304.9145  DIHED      =       995.3345
 1-4 NB =       275.5236  1-4 EEL =     -3759.4865  VDWAALS    =     19544.9908
 EELEC  =   -139330.6670  EHBOND  =         0.0000  RESTRAINT  =         0.0000
 ------------------------------------------------------------------------------


 NSTEP =      800   TIME(PS) =      16.600  TEMP(K) =   162.70  PRESS =     0.0
 Etot   =   -111471.0358  EKtot   =     10284.2705  EPtot      =   -121755.3063
 BOND   =       117.4523  ANGLE   =       314.8916  DIHED      =      1004.5454
 1-4 NB =       272.7065  1-4 EEL =     -3758.7518  VDWAALS    =     19488.7582
 EELEC  =   -139194.9084  EHBOND  =         0.0000  RESTRAINT  =         0.0000
 ------------------------------------------------------------------------------


 NSTEP =      850   TIME(PS) =      16.700  TEMP(K) =   163.71  PRESS =     0.0
 Etot   =   -111314.6352  EKtot   =     10348.2510  EPtot      =   -121662.8862
 BOND   =       130.5544  ANGLE   =       329.1350  DIHED      =      1009.8143
 1-4 NB =       262.0376  1-4 EEL =     -3781.4747  VDWAALS    =     19403.7670
 EELEC  =   -139016.7197  EHBOND  =         0.0000  RESTRAINT  =         0.0000
 ------------------------------------------------------------------------------


 NSTEP =      900   TIME(PS) =      16.800  TEMP(K) =   164.71  PRESS =     0.0
 Etot   =   -111161.2197  EKtot   =     10411.2031  EPtot      =   -121572.4228
 BOND   =       124.6252  ANGLE   =       305.6084  DIHED      =      1002.3260
 1-4 NB =       276.8535  1-4 EEL =     -3757.1417  VDWAALS    =     19594.8435
 EELEC  =   -139119.5377  EHBOND  =         0.0000  RESTRAINT  =         0.0000
 ------------------------------------------------------------------------------


 NSTEP =      950   TIME(PS) =      16.900  TEMP(K) =   166.96  PRESS =     0.0
 Etot   =   -111015.5007  EKtot   =     10553.5322  EPtot      =   -121569.0330
 BOND   =       126.5119  ANGLE   =       314.5016  DIHED      =       994.7306
 1-4 NB =       273.3011  1-4 EEL =     -3768.3897  VDWAALS    =     19478.9733
 EELEC  =   -138988.6617  EHBOND  =         0.0000  RESTRAINT  =         0.0000
 ------------------------------------------------------------------------------

check COM velocity, temp:        0.000010     0.00(Removed)

 NSTEP =     1000   TIME(PS) =      17.000  TEMP(K) =   166.34  PRESS =     0.0
 Etot   =   -110872.9147  EKtot   =     10514.6455  EPtot      =   -121387.5602
 BOND   =       113.2005  ANGLE   =       316.6333  DIHED      =      1008.4884
 1-4 NB =       269.6298  1-4 EEL =     -3765.7831  VDWAALS    =     19224.9122
 EELEC  =   -138554.6413  EHBOND  =         0.0000  RESTRAINT  =         0.0000
 ------------------------------------------------------------------------------


 NSTEP =     1050   TIME(PS) =      17.100  TEMP(K) =   168.17  PRESS =     0.0
 Etot   =   -110735.7916  EKtot   =     10629.9150  EPtot      =   -121365.7066
 BOND   =       123.9719  ANGLE   =       328.6962  DIHED      =       998.3546
 1-4 NB =       272.9715  1-4 EEL =     -3753.4570  VDWAALS    =     19242.8247
 EELEC  =   -138579.0686  EHBOND  =         0.0000  RESTRAINT  =         0.0000
 ------------------------------------------------------------------------------


 NSTEP =     1100   TIME(PS) =      17.200  TEMP(K) =   167.79  PRESS =     0.0
 Etot   =   -110600.5056  EKtot   =     10605.9580  EPtot      =   -121206.4636
 BOND   =       124.4042  ANGLE   =       313.8093  DIHED      =       989.8911
 1-4 NB =       277.4035  1-4 EEL =     -3753.3169  VDWAALS    =     19288.3737
 EELEC  =   -138447.0286  EHBOND  =         0.0000  RESTRAINT  =         0.0000
 ------------------------------------------------------------------------------


 NSTEP =     1150   TIME(PS) =      17.300  TEMP(K) =   168.90  PRESS =     0.0
 Etot   =   -110469.4928  EKtot   =     10676.4375  EPtot      =   -121145.9303
 BOND   =       124.9231  ANGLE   =       317.4531  DIHED      =      1006.0284
 1-4 NB =       273.9606  1-4 EEL =     -3751.0781  VDWAALS    =     19276.8515
 EELEC  =   -138394.0689  EHBOND  =         0.0000  RESTRAINT  =         0.0000
 ------------------------------------------------------------------------------


 NSTEP =     1200   TIME(PS) =      17.400  TEMP(K) =   168.79  PRESS =     0.0
 Etot   =   -110340.4281  EKtot   =     10669.0898  EPtot      =   -121009.5180
 BOND   =       123.1272  ANGLE   =       305.5190  DIHED      =      1004.0052
 1-4 NB =       276.3950  1-4 EEL =     -3727.3032  VDWAALS    =     19185.6431
 EELEC  =   -138176.9043  EHBOND  =         0.0000  RESTRAINT  =         0.0000
 ------------------------------------------------------------------------------


 NSTEP =     1250   TIME(PS) =      17.500  TEMP(K) =   171.19  PRESS =     0.0
 Etot   =   -110214.5287  EKtot   =     10821.1416  EPtot      =   -121035.6703
 BOND   =       136.9113  ANGLE   =       320.3639  DIHED      =      1004.5165
 1-4 NB =       270.9632  1-4 EEL =     -3753.1338  VDWAALS    =     19254.0704
 EELEC  =   -138269.3619  EHBOND  =         0.0000  RESTRAINT  =         0.0000
 ------------------------------------------------------------------------------


 NSTEP =     1300   TIME(PS) =      17.600  TEMP(K) =   171.08  PRESS =     0.0
 Etot   =   -110094.6510  EKtot   =     10813.8027  EPtot      =   -120908.4538
 BOND   =       129.9847  ANGLE   =       328.2121  DIHED      =       993.0143
 1-4 NB =       271.6359  1-4 EEL =     -3755.3660  VDWAALS    =     19173.5622
 EELEC  =   -138049.4971  EHBOND  =         0.0000  RESTRAINT  =         0.0000
 ------------------------------------------------------------------------------


 NSTEP =     1350   TIME(PS) =      17.700  TEMP(K) =   172.74  PRESS =     0.0
 Etot   =   -109980.0205  EKtot   =     10919.0947  EPtot      =   -120899.1152
 BOND   =       130.7194  ANGLE   =       330.6140  DIHED      =       987.6606
 1-4 NB =       276.4823  1-4 EEL =     -3767.6167  VDWAALS    =     19119.7903
 EELEC  =   -137976.7651  EHBOND  =         0.0000  RESTRAINT  =         0.0000
 ------------------------------------------------------------------------------


 NSTEP =     1400   TIME(PS) =      17.800  TEMP(K) =   174.27  PRESS =     0.0
 Etot   =   -109866.2346  EKtot   =     11015.9775  EPtot      =   -120882.2121
 BOND   =       134.8542  ANGLE   =       326.8760  DIHED      =       998.4333
 1-4 NB =       274.4156  1-4 EEL =     -3765.5355  VDWAALS    =     19320.6695
 EELEC  =   -138171.9251  EHBOND  =         0.0000  RESTRAINT  =         0.0000
 ------------------------------------------------------------------------------


 NSTEP =     1450   TIME(PS) =      17.900  TEMP(K) =   174.44  PRESS =     0.0
 Etot   =   -109759.1448  EKtot   =     11026.1982  EPtot      =   -120785.3431
 BOND   =       140.7944  ANGLE   =       318.2259  DIHED      =      1006.4081
 1-4 NB =       273.9159  1-4 EEL =     -3770.0221  VDWAALS    =     19055.4284
 EELEC  =   -137810.0937  EHBOND  =         0.0000  RESTRAINT  =         0.0000
 ------------------------------------------------------------------------------


 NSTEP =     1500   TIME(PS) =      18.000  TEMP(K) =   175.67  PRESS =     0.0
 Etot   =   -109654.6886  EKtot   =     11104.1836  EPtot      =   -120758.8722
 BOND   =       148.7898  ANGLE   =       337.1561  DIHED      =       989.2460
 1-4 NB =       275.1153  1-4 EEL =     -3789.5609  VDWAALS    =     19176.7463
 EELEC  =   -137896.3648  EHBOND  =         0.0000  RESTRAINT  =         0.0000
 ------------------------------------------------------------------------------


 NSTEP =     1550   TIME(PS) =      18.100  TEMP(K) =   175.21  PRESS =     0.0
 Etot   =   -109548.7623  EKtot   =     11075.1982  EPtot      =   -120623.9605
 BOND   =       130.1965  ANGLE   =       343.6054  DIHED      =       995.0992
 1-4 NB =       273.3747  1-4 EEL =     -3751.6518  VDWAALS    =     19192.8662
 EELEC  =   -137807.4506  EHBOND  =         0.0000  RESTRAINT  =         0.0000
 ------------------------------------------------------------------------------


 NSTEP =     1600   TIME(PS) =      18.200  TEMP(K) =   176.21  PRESS =     0.0
 Etot   =   -109448.2238  EKtot   =     11138.4268  EPtot      =   -120586.6506
 BOND   =       134.2644  ANGLE   =       315.4914  DIHED      =      1009.2736
 1-4 NB =       268.9459  1-4 EEL =     -3736.4388  VDWAALS    =     18975.6762
 EELEC  =   -137553.8633  EHBOND  =         0.0000  RESTRAINT  =         0.0000
 ------------------------------------------------------------------------------


 NSTEP =     1650   TIME(PS) =      18.300  TEMP(K) =   176.40  PRESS =     0.0
 Etot   =   -109351.2204  EKtot   =     11150.0957  EPtot      =   -120501.3161
 BOND   =       129.5676  ANGLE   =       329.1365  DIHED      =       998.6600
 1-4 NB =       267.9451  1-4 EEL =     -3752.3356  VDWAALS    =     19041.6345
 EELEC  =   -137515.9243  EHBOND  =         0.0000  RESTRAINT  =         0.0000
 ------------------------------------------------------------------------------


 NSTEP =     1700   TIME(PS) =      18.400  TEMP(K) =   179.45  PRESS =     0.0
 Etot   =   -109258.1235  EKtot   =     11343.1943  EPtot      =   -120601.3179
 BOND   =       133.8049  ANGLE   =       328.2254  DIHED      =      1001.2363
 1-4 NB =       279.2093  1-4 EEL =     -3770.5999  VDWAALS    =     19072.3813
 EELEC  =   -137645.5750  EHBOND  =         0.0000  RESTRAINT  =         0.0000
 ------------------------------------------------------------------------------


 NSTEP =     1750   TIME(PS) =      18.500  TEMP(K) =   179.12  PRESS =     0.0
 Etot   =   -109168.7597  EKtot   =     11322.5566  EPtot      =   -120491.3164
 BOND   =       140.8453  ANGLE   =       350.2048  DIHED      =      1000.8080
 1-4 NB =       276.1802  1-4 EEL =     -3767.5649  VDWAALS    =     18927.5176
 EELEC  =   -137419.3074  EHBOND  =         0.0000  RESTRAINT  =         0.0000
 ------------------------------------------------------------------------------


 NSTEP =     1800   TIME(PS) =      18.600  TEMP(K) =   178.82  PRESS =     0.0
 Etot   =   -109076.5794  EKtot   =     11303.2500  EPtot      =   -120379.8294
 BOND   =       138.9715  ANGLE   =       345.3784  DIHED      =       999.1154
 1-4 NB =       265.6499  1-4 EEL =     -3760.8791  VDWAALS    =     18898.3091
 EELEC  =   -137266.3745  EHBOND  =         0.0000  RESTRAINT  =         0.0000
 ------------------------------------------------------------------------------


 NSTEP =     1850   TIME(PS) =      18.700  TEMP(K) =   179.65  PRESS =     0.0
 Etot   =   -108990.7229  EKtot   =     11355.4941  EPtot      =   -120346.2170
 BOND   =       133.3992  ANGLE   =       323.0879  DIHED      =      1001.5256
 1-4 NB =       273.6199  1-4 EEL =     -3749.7264  VDWAALS    =     19041.6611
 EELEC  =   -137369.7842  EHBOND  =         0.0000  RESTRAINT  =         0.0000
 ------------------------------------------------------------------------------


 NSTEP =     1900   TIME(PS) =      18.800  TEMP(K) =   179.46  PRESS =     0.0
 Etot   =   -108907.1578  EKtot   =     11343.7461  EPtot      =   -120250.9039
 BOND   =       140.8923  ANGLE   =       345.7342  DIHED      =       997.3389
 1-4 NB =       276.2418  1-4 EEL =     -3771.6735  VDWAALS    =     19057.8655
 EELEC  =   -137297.3030  EHBOND  =         0.0000  RESTRAINT  =         0.0000
 ------------------------------------------------------------------------------


 NSTEP =     1950   TIME(PS) =      18.900  TEMP(K) =   181.86  PRESS =     0.0
 Etot   =   -108828.1156  EKtot   =     11495.5762  EPtot      =   -120323.6918
 BOND   =       144.2227  ANGLE   =       332.8274  DIHED      =       995.7953
 1-4 NB =       271.0047  1-4 EEL =     -3760.9071  VDWAALS    =     18859.3985
 EELEC  =   -137166.0334  EHBOND  =         0.0000  RESTRAINT  =         0.0000
 ------------------------------------------------------------------------------

check COM velocity, temp:        0.000007     0.00(Removed)

 NSTEP =     2000   TIME(PS) =      19.000  TEMP(K) =   180.48  PRESS =     0.0
 Etot   =   -108747.3223  EKtot   =     11408.0801  EPtot      =   -120155.4024
 BOND   =       146.6321  ANGLE   =       336.2020  DIHED      =       987.2739
 1-4 NB =       267.4437  1-4 EEL =     -3751.8489  VDWAALS    =     19026.9492
 EELEC  =   -137168.0543  EHBOND  =         0.0000  RESTRAINT  =         0.0000
 ------------------------------------------------------------------------------


 NSTEP =     2050   TIME(PS) =      19.100  TEMP(K) =   182.18  PRESS =     0.0
 Etot   =   -108671.0050  EKtot   =     11515.6055  EPtot      =   -120186.6104
 BOND   =       139.3407  ANGLE   =       333.3239  DIHED      =      1015.6651
 1-4 NB =       272.1805  1-4 EEL =     -3743.8925  VDWAALS    =     18971.6769
 EELEC  =   -137174.9050  EHBOND  =         0.0000  RESTRAINT  =         0.0000
 ------------------------------------------------------------------------------


 NSTEP =     2100   TIME(PS) =      19.200  TEMP(K) =   181.20  PRESS =     0.0
 Etot   =   -108596.2692  EKtot   =     11453.5625  EPtot      =   -120049.8317
 BOND   =       151.3467  ANGLE   =       352.4501  DIHED      =      1005.7093
 1-4 NB =       282.2741  1-4 EEL =     -3764.2399  VDWAALS    =     18922.0118
 EELEC  =   -136999.3838  EHBOND  =         0.0000  RESTRAINT  =         0.0000
 ------------------------------------------------------------------------------


 NSTEP =     2150   TIME(PS) =      19.300  TEMP(K) =   182.66  PRESS =     0.0
 Etot   =   -108524.2551  EKtot   =     11546.1318  EPtot      =   -120070.3870
 BOND   =       147.4614  ANGLE   =       346.0392  DIHED      =      1012.8793
 1-4 NB =       282.6655  1-4 EEL =     -3787.9441  VDWAALS    =     18797.4042
 EELEC  =   -136868.8925  EHBOND  =         0.0000  RESTRAINT  =         0.0000
 ------------------------------------------------------------------------------


 NSTEP =     2200   TIME(PS) =      19.400  TEMP(K) =   184.42  PRESS =     0.0
 Etot   =   -108451.4466  EKtot   =     11657.5166  EPtot      =   -120108.9632
 BOND   =       146.0798  ANGLE   =       358.4125  DIHED      =      1004.8343
 1-4 NB =       278.5604  1-4 EEL =     -3780.4012  VDWAALS    =     18862.5378
 EELEC  =   -136978.9869  EHBOND  =         0.0000  RESTRAINT  =         0.0000
 ------------------------------------------------------------------------------


 NSTEP =     2250   TIME(PS) =      19.500  TEMP(K) =   184.57  PRESS =     0.0
 Etot   =   -108382.3609  EKtot   =     11666.5566  EPtot      =   -120048.9175
 BOND   =       135.9543  ANGLE   =       350.1968  DIHED      =       999.8479
 1-4 NB =       271.0029  1-4 EEL =     -3783.5652  VDWAALS    =     18753.6619
 EELEC  =   -136776.0161  EHBOND  =         0.0000  RESTRAINT  =         0.0000
 ------------------------------------------------------------------------------


 NSTEP =     2300   TIME(PS) =      19.600  TEMP(K) =   183.93  PRESS =     0.0
 Etot   =   -108313.1374  EKtot   =     11626.4922  EPtot      =   -119939.6296
 BOND   =       156.2315  ANGLE   =       341.5768  DIHED      =      1017.9588
 1-4 NB =       269.3324  1-4 EEL =     -3761.8950  VDWAALS    =     18670.1490
 EELEC  =   -136632.9832  EHBOND  =         0.0000  RESTRAINT  =         0.0000
 ------------------------------------------------------------------------------


 NSTEP =     2350   TIME(PS) =      19.700  TEMP(K) =   183.02  PRESS =     0.0
 Etot   =   -108243.4101  EKtot   =     11568.7275  EPtot      =   -119812.1376
 BOND   =       145.6876  ANGLE   =       355.6773  DIHED      =       996.7542
 1-4 NB =       277.9518  1-4 EEL =     -3752.1608  VDWAALS    =     18556.8586
 EELEC  =   -136392.9062  EHBOND  =         0.0000  RESTRAINT  =         0.0000
 ------------------------------------------------------------------------------


 NSTEP =     2400   TIME(PS) =      19.800  TEMP(K) =   184.57  PRESS =     0.0
 Etot   =   -108179.0535  EKtot   =     11666.6035  EPtot      =   -119845.6570
 BOND   =       140.2725  ANGLE   =       350.1164  DIHED      =      1003.3953
 1-4 NB =       275.0954  1-4 EEL =     -3741.7700  VDWAALS    =     18810.0589
 EELEC  =   -136682.8254  EHBOND  =         0.0000  RESTRAINT  =         0.0000
 ------------------------------------------------------------------------------


 NSTEP =     2450   TIME(PS) =      19.900  TEMP(K) =   184.34  PRESS =     0.0
 Etot   =   -108116.4400  EKtot   =     11651.9688  EPtot      =   -119768.4088
 BOND   =       148.6566  ANGLE   =       363.4414  DIHED      =      1005.9739
 1-4 NB =       271.2620  1-4 EEL =     -3776.3134  VDWAALS    =     18821.4720
 EELEC  =   -136602.9015  EHBOND  =         0.0000  RESTRAINT  =         0.0000
 ------------------------------------------------------------------------------


 NSTEP =     2500   TIME(PS) =      20.000  TEMP(K) =   185.74  PRESS =     0.0
 Etot   =   -108054.0281  EKtot   =     11741.0361  EPtot      =   -119795.0642
 BOND   =       144.0417  ANGLE   =       335.1337  DIHED      =      1012.5012
 1-4 NB =       279.4876  1-4 EEL =     -3767.0174  VDWAALS    =     18766.1806
 EELEC  =   -136565.3917  EHBOND  =         0.0000  RESTRAINT  =         0.0000
 ------------------------------------------------------------------------------


      A V E R A G E S   O V E R      50 S T E P S


 NSTEP =     2500   TIME(PS) =      20.000  TEMP(K) =   168.72  PRESS =     0.0
 Etot   =   -110534.7470  EKtot   =     10664.6715  EPtot      =   -121199.4184
 BOND   =       128.9100  ANGLE   =       321.2911  DIHED      =       998.6128
 1-4 NB =       272.6790  1-4 EEL =     -3759.3188  VDWAALS    =     19259.9994
 EELEC  =   -138421.5920  EHBOND  =         0.0000  RESTRAINT  =         0.0000
 ------------------------------------------------------------------------------


      R M S  F L U C T U A T I O N S


 NSTEP =     2500   TIME(PS) =      20.000  TEMP(K) =    13.03  PRESS =     0.0
 Etot   =      1857.0952  EKtot   =       823.3217  EPtot      =      1036.3309
 BOND   =        14.0396  ANGLE   =        22.5654  DIHED      =         8.3827
 1-4 NB =         4.9795  1-4 EEL =        15.1560  VDWAALS    =       366.3615
 EELEC  =      1357.2034  EHBOND  =         0.0000  RESTRAINT  =         0.0000
 ------------------------------------------------------------------------------

--------------------------------------------------------------------------------
   5.  TIMINGS
--------------------------------------------------------------------------------

|  NonSetup CPU Time in Major Routines:
|
|     Routine           Sec        %
|     ------------------------------
|     Nonbond           2.69   15.19
|     Bond              0.00    0.00
|     Angle             0.00    0.00
|     Dihedral          0.00    0.00
|     Shake             0.02    0.09
|     RunMD            15.02   84.68
|     Other             0.01    0.03
|     ------------------------------
|     Total            17.74

|  PME Nonbond Pairlist CPU Time:
|
|     Routine              Sec        %
|     ---------------------------------
|     Set Up Cit           0.00    0.00
|     Build List           0.00    0.00
|     ---------------------------------
|     Total                0.00    0.00

|  PME Direct Force CPU Time:
|
|     Routine              Sec        %
|     ---------------------------------
|     NonBonded Calc       0.00    0.00
|     Exclude Masked       0.00    0.00
|     Other                0.00    0.02
|     ---------------------------------
|     Total                0.00    0.02

|  PME Reciprocal Force CPU Time:
|
|     Routine              Sec        %
|     ---------------------------------
|     1D bspline           0.00    0.00
|     Grid Charges         0.00    0.00
|     Scalar Sum           0.00    0.00
|     Gradient Sum         0.00    0.00
|     FFT                  0.00    0.00
|     ---------------------------------
|     Total                0.00    0.00

|  Final Performance Info:
|     -----------------------------------------------------
|     Average timings for last    2450 steps:
|     Elapsed(s) =      17.65 Per Step(ms) =       7.20
|         ns/day =      23.99   seconds/ns =    3601.28
|
|     Average timings for all steps:
|     Elapsed(s) =      18.15 Per Step(ms) =       7.26
|         ns/day =      23.80   seconds/ns =    3630.28
|     -----------------------------------------------------

|  Setup CPU time:            1.40 seconds
|  NonSetup CPU time:        17.74 seconds
|  Total CPU time:           19.14 seconds     0.01 hours

|  Setup wall time:           1    seconds
|  NonSetup wall time:       18    seconds
|  Total wall time:          19    seconds     0.01 hours
