
          -------------------------------------------------------
          Amber 16 PMEMD                              2016
          -------------------------------------------------------

| PMEMD implementation of SANDER, Release 16

| Run on 06/04/2024 at 22:41:04

|   Executable path: pmemd.cuda
| Working directory: /home/students/keyq/fuben4/10/10LT
|          Hostname: master

  [-O]verwriting output

File Assignments:
|   MDIN: heat6.in                                                              
|  MDOUT: cmp_heat6.out                                                         
| INPCRD: cmp_heat5.rst                                                         
|   PARM: cmp.prmtop                                                            
| RESTRT: cmp_heat6.rst                                                         
|   REFC: cmp.inpcrd                                                            
|  MDVEL: mdvel                                                                 
|   MDEN: mden                                                                  
|  MDCRD: cmp_heat6.mdcrd                                                       
| MDINFO: mdinfo                                                                
|  MDFRC: mdfrc                                                                 


 Here is the input file:

Stage 2 equilibration 1 0-5ns                                                  
 &cntrl                                                                        
  imin=0, irest=1, ntx=5,                                                      
  nstlim=6000, dt=0.002,                                                       
  ntc=2, ntf=2,                                                                
  ntt=1, tautp=1.5,                                                            
  tempi=255.0, temp0=310.0,                                                    
  ntpr=50, ntwx=50,                                                            
  ntb=1,                                                                       
  cut=10,                                                                      
 /                                                                             


Note: ig = -1. Setting random seed to   306197 based on wallclock time in 
      microseconds.
 
|--------------------- INFORMATION ----------------------
| GPU (CUDA) Version of PMEMD in use: NVIDIA GPU IN USE.
|                    Version 16.0.0
| 
|                      02/25/2016
| 
| Implementation by:
|                    Ross C. Walker     (SDSC)
|                    Scott Le Grand     (nVIDIA)
| 
| Precision model in use:
|      [SPFP] - Single Precision Forces, 64-bit Fixed Point
|               Accumulation. (Default)
| 
|--------------------------------------------------------
 
|----------------- CITATION INFORMATION -----------------
|
|    When publishing work that utilized the CUDA version
|    of AMBER, please cite the following in addition to
|    the regular AMBER citations:
|
|  - Romelia Salomon-Ferrer; Andreas W. Goetz; Duncan
|    Poole; Scott Le Grand; Ross C. Walker "Routine
|    microsecond molecular dynamics simulations with
|    AMBER - Part II: Particle Mesh Ewald", J. Chem.
|    Theory Comput., 2013, 9 (9), pp3878-3888,
|    DOI: 10.1021/ct400314y.
|
|  - Andreas W. Goetz; Mark J. Williamson; Dong Xu;
|    Duncan Poole; Scott Le Grand; Ross C. Walker
|    "Routine microsecond molecular dynamics simulations
|    with AMBER - Part I: Generalized Born", J. Chem.
|    Theory Comput., 2012, 8 (5), pp1542-1555.
|
|  - Scott Le Grand; Andreas W. Goetz; Ross C. Walker
|    "SPFP: Speed without compromise - a mixed precision
|    model for GPU accelerated molecular dynamics
|    simulations.", Comp. Phys. Comm., 2013, 184
|    pp374-380, DOI: 10.1016/j.cpc.2012.09.022
|
|--------------------------------------------------------
 
|------------------- GPU DEVICE INFO --------------------
|
|            CUDA_VISIBLE_DEVICES: 0
|   CUDA Capable Devices Detected:      1
|           CUDA Device ID in use:      0
|                CUDA Device Name: Tesla V100-PCIE-32GB
|     CUDA Device Global Mem Size:  32510 MB
| CUDA Device Num Multiprocessors:     80
|           CUDA Device Core Freq:   1.38 GHz
|
|--------------------------------------------------------
 
 
| Conditional Compilation Defines Used:
| PUBFFT
| BINTRAJ
| CUDA
| EMIL

| Largest sphere to fit in unit cell has radius =    31.653

| New format PARM file being parsed.
| Version =    1.000 Date = 08/18/20 Time = 20:09:43

| Note: 1-4 EEL scale factors are being read from the topology file.

| Note: 1-4 VDW scale factors are being read from the topology file.
| Duplicated    0 dihedrals

| Duplicated    0 dihedrals

--------------------------------------------------------------------------------
   1.  RESOURCE   USE: 
--------------------------------------------------------------------------------

 getting box info from netcdf restart file
 NATOM  =   31449 NTYPES =      18 NBONH =   30726 MBONA  =     774
 NTHETH =     907 MTHETA =    1191 NPHIH =    1834 MPHIA  =    2469
 NHPARM =       0 NPARM  =       0 NNB   =   46468 NRES   =   10180
 NBONA  =     774 NTHETA =    1191 NPHIA =    2469 NUMBND =      61
 NUMANG =     127 NPTRA  =      75 NATYP =      34 NPHB   =       1
 IFBOX  =       2 NMXRS  =      33 IFCAP =       0 NEXTRA =       0
 NCOPY  =       0

| Coordinate Index Table dimensions:    12   12   12
| Direct force subcell size =     6.4611    6.4611    6.4611

     BOX TYPE: TRUNCATED OCTAHEDRON

--------------------------------------------------------------------------------
   2.  CONTROL  DATA  FOR  THE  RUN
--------------------------------------------------------------------------------

default_name                                                                    

General flags:
     imin    =       0, nmropt  =       0

Nature and format of input:
     ntx     =       5, irest   =       1, ntrx    =       1

Nature and format of output:
     ntxo    =       2, ntpr    =      50, ntrx    =       1, ntwr    =    6000
     iwrap   =       0, ntwx    =      50, ntwv    =       0, ntwe    =       0
     ioutfm  =       1, ntwprt  =       0, idecomp =       0, rbornstat=      0

Potential function:
     ntf     =       2, ntb     =       1, igb     =       0, nsnb    =      25
     ipol    =       0, gbsa    =       0, iesp    =       0
     dielc   =   1.00000, cut     =  10.00000, intdiel =   1.00000

Frozen or restrained atoms:
     ibelly  =       0, ntr     =       0

Molecular dynamics:
     nstlim  =      6000, nscm    =      1000, nrespa  =         1
     t       =   0.00000, dt      =   0.00200, vlimit  =  -1.00000

Berendsen (weak-coupling) temperature regulation:
     temp0   = 310.00000, tempi   = 255.00000, tautp   =   1.50000

SHAKE:
     ntc     =       2, jfastw  =       0
     tol     =   0.00001

| Intermolecular bonds treatment:
|     no_intermolecular_bonds =       1

| Energy averages sample interval:
|     ene_avg_sampling =      50

Ewald parameters:
     verbose =       0, ew_type =       0, nbflag  =       1, use_pme =       1
     vdwmeth =       1, eedmeth =       1, netfrc  =       1
     Box X =   77.534   Box Y =   77.534   Box Z =   77.534
     Alpha =  109.471   Beta  =  109.471   Gamma =  109.471
     NFFT1 =   80       NFFT2 =   80       NFFT3 =   80
     Cutoff=   10.000   Tol   =0.100E-04
     Ewald Coefficient =  0.27511
     Interpolation order =    4

--------------------------------------------------------------------------------
   3.  ATOMIC COORDINATES AND VELOCITIES
--------------------------------------------------------------------------------

default_name                                                                    
 begin time read from input coords =    28.000 ps

 
 Number of triangulated 3-point waters found:    10114

     Sum of charges from parm topology file =   0.00000019
     Forcing neutrality...

| Dynamic Memory, Types Used:
| Reals              931548
| Integers           769634

| Nonbonded Pairs Initial Allocation:     9512536

| GPU memory information (estimate):
| KB of GPU memory in use:    165799
| KB of CPU memory in use:     54667

--------------------------------------------------------------------------------
   4.  RESULTS
--------------------------------------------------------------------------------

 ---------------------------------------------------
 APPROXIMATING switch and d/dx switch using CUBIC SPLINE INTERPOLATION
 using   5000.0 points per unit in tabled values
 TESTING RELATIVE ERROR over r ranging from 0.0 to cutoff
| CHECK switch(x): max rel err =   0.2738E-14   at   2.422500
| CHECK d/dx switch(x): max rel err =   0.8314E-11   at   2.736960
 ---------------------------------------------------
|---------------------------------------------------
| APPROXIMATING direct energy using CUBIC SPLINE INTERPOLATION
|  with   50.0 points per unit in tabled values
| Relative Error Limit not exceeded for r .gt.   2.33
| APPROXIMATING direct force using CUBIC SPLINE INTERPOLATION
|  with   50.0 points per unit in tabled values
| Relative Error Limit not exceeded for r .gt.   2.80
|---------------------------------------------------

 NSTEP =       50   TIME(PS) =      28.100  TEMP(K) =   245.11  PRESS =     0.0
 Etot   =    -97163.4693  EKtot   =     15493.4590  EPtot      =   -112656.9283
 BOND   =       205.2275  ANGLE   =       466.1213  DIHED      =      1032.2008
 1-4 NB =       298.1157  1-4 EEL =     -3796.5265  VDWAALS    =     15891.4685
 EELEC  =   -126753.5355  EHBOND  =         0.0000  RESTRAINT  =         0.0000
 ------------------------------------------------------------------------------


 NSTEP =      100   TIME(PS) =      28.200  TEMP(K) =   245.36  PRESS =     0.0
 Etot   =    -96887.2798  EKtot   =     15509.1299  EPtot      =   -112396.4096
 BOND   =       222.4934  ANGLE   =       469.2759  DIHED      =      1023.9852
 1-4 NB =       279.5371  1-4 EEL =     -3785.5770  VDWAALS    =     15804.4188
 EELEC  =   -126410.5431  EHBOND  =         0.0000  RESTRAINT  =         0.0000
 ------------------------------------------------------------------------------


 NSTEP =      150   TIME(PS) =      28.300  TEMP(K) =   248.46  PRESS =     0.0
 Etot   =    -96620.0840  EKtot   =     15705.2568  EPtot      =   -112325.3408
 BOND   =       217.9032  ANGLE   =       474.8379  DIHED      =      1025.9112
 1-4 NB =       274.5313  1-4 EEL =     -3775.5708  VDWAALS    =     15568.0245
 EELEC  =   -126110.9782  EHBOND  =         0.0000  RESTRAINT  =         0.0000
 ------------------------------------------------------------------------------


 NSTEP =      200   TIME(PS) =      28.400  TEMP(K) =   249.18  PRESS =     0.0
 Etot   =    -96358.1111  EKtot   =     15750.8682  EPtot      =   -112108.9792
 BOND   =       228.5440  ANGLE   =       459.7408  DIHED      =      1025.9559
 1-4 NB =       280.5905  1-4 EEL =     -3787.0423  VDWAALS    =     15782.3287
 EELEC  =   -126099.0969  EHBOND  =         0.0000  RESTRAINT  =         0.0000
 ------------------------------------------------------------------------------


 NSTEP =      250   TIME(PS) =      28.500  TEMP(K) =   250.79  PRESS =     0.0
 Etot   =    -96103.2322  EKtot   =     15852.3193  EPtot      =   -111955.5515
 BOND   =       212.5651  ANGLE   =       478.8971  DIHED      =      1032.3304
 1-4 NB =       284.0437  1-4 EEL =     -3766.4608  VDWAALS    =     15639.9814
 EELEC  =   -125836.9084  EHBOND  =         0.0000  RESTRAINT  =         0.0000
 ------------------------------------------------------------------------------


 NSTEP =      300   TIME(PS) =      28.600  TEMP(K) =   253.01  PRESS =     0.0
 Etot   =    -95859.0106  EKtot   =     15992.8799  EPtot      =   -111851.8905
 BOND   =       211.3829  ANGLE   =       477.7449  DIHED      =      1012.6111
 1-4 NB =       282.0194  1-4 EEL =     -3749.3168  VDWAALS    =     15607.0742
 EELEC  =   -125693.4063  EHBOND  =         0.0000  RESTRAINT  =         0.0000
 ------------------------------------------------------------------------------


 NSTEP =      350   TIME(PS) =      28.700  TEMP(K) =   253.58  PRESS =     0.0
 Etot   =    -95617.1278  EKtot   =     16028.6680  EPtot      =   -111645.7957
 BOND   =       227.2037  ANGLE   =       487.8191  DIHED      =      1030.9855
 1-4 NB =       281.2122  1-4 EEL =     -3780.9093  VDWAALS    =     15546.9222
 EELEC  =   -125439.0292  EHBOND  =         0.0000  RESTRAINT  =         0.0000
 ------------------------------------------------------------------------------


 NSTEP =      400   TIME(PS) =      28.800  TEMP(K) =   253.80  PRESS =     0.0
 Etot   =    -95379.7123  EKtot   =     16042.8975  EPtot      =   -111422.6098
 BOND   =       220.4479  ANGLE   =       462.4332  DIHED      =      1011.7613
 1-4 NB =       279.4298  1-4 EEL =     -3752.9348  VDWAALS    =     15744.6382
 EELEC  =   -125388.3853  EHBOND  =         0.0000  RESTRAINT  =         0.0000
 ------------------------------------------------------------------------------


 NSTEP =      450   TIME(PS) =      28.900  TEMP(K) =   253.83  PRESS =     0.0
 Etot   =    -95141.5366  EKtot   =     16044.8711  EPtot      =   -111186.4077
 BOND   =       232.3968  ANGLE   =       504.8055  DIHED      =      1019.2169
 1-4 NB =       280.6422  1-4 EEL =     -3803.4348  VDWAALS    =     15327.7081
 EELEC  =   -124747.7424  EHBOND  =         0.0000  RESTRAINT  =         0.0000
 ------------------------------------------------------------------------------


 NSTEP =      500   TIME(PS) =      29.000  TEMP(K) =   257.46  PRESS =     0.0
 Etot   =    -94910.0567  EKtot   =     16274.4805  EPtot      =   -111184.5371
 BOND   =       227.0901  ANGLE   =       456.2915  DIHED      =      1035.7043
 1-4 NB =       280.4624  1-4 EEL =     -3745.6435  VDWAALS    =     15661.3108
 EELEC  =   -125099.7527  EHBOND  =         0.0000  RESTRAINT  =         0.0000
 ------------------------------------------------------------------------------


 NSTEP =      550   TIME(PS) =      29.100  TEMP(K) =   255.00  PRESS =     0.0
 Etot   =    -94683.0171  EKtot   =     16118.6973  EPtot      =   -110801.7143
 BOND   =       243.1874  ANGLE   =       509.8417  DIHED      =      1014.1702
 1-4 NB =       286.3214  1-4 EEL =     -3763.6032  VDWAALS    =     15354.5862
 EELEC  =   -124446.2181  EHBOND  =         0.0000  RESTRAINT  =         0.0000
 ------------------------------------------------------------------------------


 NSTEP =      600   TIME(PS) =      29.200  TEMP(K) =   258.96  PRESS =     0.0
 Etot   =    -94464.9151  EKtot   =     16369.0967  EPtot      =   -110834.0118
 BOND   =       219.8094  ANGLE   =       537.1846  DIHED      =      1011.8809
 1-4 NB =       281.5144  1-4 EEL =     -3776.6890  VDWAALS    =     15202.4759
 EELEC  =   -124310.1880  EHBOND  =         0.0000  RESTRAINT  =         0.0000
 ------------------------------------------------------------------------------


 NSTEP =      650   TIME(PS) =      29.300  TEMP(K) =   259.10  PRESS =     0.0
 Etot   =    -94251.3886  EKtot   =     16378.0283  EPtot      =   -110629.4169
 BOND   =       215.2687  ANGLE   =       529.9826  DIHED      =      1023.8492
 1-4 NB =       288.2032  1-4 EEL =     -3788.3084  VDWAALS    =     15247.8626
 EELEC  =   -124146.2748  EHBOND  =         0.0000  RESTRAINT  =         0.0000
 ------------------------------------------------------------------------------


 NSTEP =      700   TIME(PS) =      29.400  TEMP(K) =   259.36  PRESS =     0.0
 Etot   =    -94040.7842  EKtot   =     16394.1875  EPtot      =   -110434.9717
 BOND   =       242.1293  ANGLE   =       506.4723  DIHED      =      1020.0554
 1-4 NB =       282.3030  1-4 EEL =     -3782.3996  VDWAALS    =     15214.6276
 EELEC  =   -123918.1597  EHBOND  =         0.0000  RESTRAINT  =         0.0000
 ------------------------------------------------------------------------------


 NSTEP =      750   TIME(PS) =      29.500  TEMP(K) =   260.63  PRESS =     0.0
 Etot   =    -93831.8587  EKtot   =     16474.7051  EPtot      =   -110306.5638
 BOND   =       218.4502  ANGLE   =       503.6228  DIHED      =      1020.2006
 1-4 NB =       281.5091  1-4 EEL =     -3742.1536  VDWAALS    =     15038.5904
 EELEC  =   -123626.7833  EHBOND  =         0.0000  RESTRAINT  =         0.0000
 ------------------------------------------------------------------------------


 NSTEP =      800   TIME(PS) =      29.600  TEMP(K) =   259.93  PRESS =     0.0
 Etot   =    -93625.3163  EKtot   =     16430.5117  EPtot      =   -110055.8280
 BOND   =       233.7754  ANGLE   =       507.8140  DIHED      =      1030.3989
 1-4 NB =       278.1472  1-4 EEL =     -3756.6017  VDWAALS    =     14982.9352
 EELEC  =   -123332.2971  EHBOND  =         0.0000  RESTRAINT  =         0.0000
 ------------------------------------------------------------------------------


 NSTEP =      850   TIME(PS) =      29.700  TEMP(K) =   261.84  PRESS =     0.0
 Etot   =    -93425.7443  EKtot   =     16551.0430  EPtot      =   -109976.7873
 BOND   =       232.0523  ANGLE   =       520.5809  DIHED      =      1013.1687
 1-4 NB =       284.1963  1-4 EEL =     -3750.0772  VDWAALS    =     15169.6231
 EELEC  =   -123446.3314  EHBOND  =         0.0000  RESTRAINT  =         0.0000
 ------------------------------------------------------------------------------


 NSTEP =      900   TIME(PS) =      29.800  TEMP(K) =   262.70  PRESS =     0.0
 Etot   =    -93230.4444  EKtot   =     16605.5508  EPtot      =   -109835.9952
 BOND   =       235.6404  ANGLE   =       509.2829  DIHED      =      1031.9908
 1-4 NB =       290.3715  1-4 EEL =     -3759.0695  VDWAALS    =     14751.7173
 EELEC  =   -122895.9287  EHBOND  =         0.0000  RESTRAINT  =         0.0000
 ------------------------------------------------------------------------------


 NSTEP =      950   TIME(PS) =      29.900  TEMP(K) =   262.45  PRESS =     0.0
 Etot   =    -93037.1586  EKtot   =     16589.4336  EPtot      =   -109626.5922
 BOND   =       236.2393  ANGLE   =       520.5948  DIHED      =      1015.0893
 1-4 NB =       280.3969  1-4 EEL =     -3787.6540  VDWAALS    =     15002.0370
 EELEC  =   -122893.2955  EHBOND  =         0.0000  RESTRAINT  =         0.0000
 ------------------------------------------------------------------------------

check COM velocity, temp:        0.000008     0.00(Removed)

 NSTEP =     1000   TIME(PS) =      30.000  TEMP(K) =   263.89  PRESS =     0.0
 Etot   =    -92849.1753  EKtot   =     16680.6562  EPtot      =   -109529.8315
 BOND   =       245.5408  ANGLE   =       508.3280  DIHED      =      1017.2723
 1-4 NB =       283.5719  1-4 EEL =     -3804.4464  VDWAALS    =     14961.6837
 EELEC  =   -122741.7818  EHBOND  =         0.0000  RESTRAINT  =         0.0000
 ------------------------------------------------------------------------------


 NSTEP =     1050   TIME(PS) =      30.100  TEMP(K) =   266.03  PRESS =     0.0
 Etot   =    -92662.3824  EKtot   =     16816.0020  EPtot      =   -109478.3843
 BOND   =       233.6443  ANGLE   =       508.9563  DIHED      =      1016.2398
 1-4 NB =       294.6902  1-4 EEL =     -3777.1021  VDWAALS    =     14686.4090
 EELEC  =   -122441.2218  EHBOND  =         0.0000  RESTRAINT  =         0.0000
 ------------------------------------------------------------------------------


 NSTEP =     1100   TIME(PS) =      30.200  TEMP(K) =   265.96  PRESS =     0.0
 Etot   =    -92479.6298  EKtot   =     16811.3613  EPtot      =   -109290.9911
 BOND   =       265.2380  ANGLE   =       541.6446  DIHED      =      1018.7607
 1-4 NB =       282.1293  1-4 EEL =     -3764.4287  VDWAALS    =     14631.0393
 EELEC  =   -122265.3743  EHBOND  =         0.0000  RESTRAINT  =         0.0000
 ------------------------------------------------------------------------------


 NSTEP =     1150   TIME(PS) =      30.300  TEMP(K) =   268.33  PRESS =     0.0
 Etot   =    -92298.9562  EKtot   =     16961.1191  EPtot      =   -109260.0754
 BOND   =       255.0982  ANGLE   =       534.5696  DIHED      =      1019.5182
 1-4 NB =       285.0000  1-4 EEL =     -3754.2583  VDWAALS    =     14742.5140
 EELEC  =   -122342.5170  EHBOND  =         0.0000  RESTRAINT  =         0.0000
 ------------------------------------------------------------------------------


 NSTEP =     1200   TIME(PS) =      30.400  TEMP(K) =   272.36  PRESS =     0.0
 Etot   =    -92133.4393  EKtot   =     17216.0410  EPtot      =   -109349.4803
 BOND   =       262.2670  ANGLE   =       523.3301  DIHED      =      1021.4583
 1-4 NB =       286.5473  1-4 EEL =     -3766.6905  VDWAALS    =     14693.0859
 EELEC  =   -122369.4784  EHBOND  =         0.0000  RESTRAINT  =         0.0000
 ------------------------------------------------------------------------------


 NSTEP =     1250   TIME(PS) =      30.500  TEMP(K) =   271.23  PRESS =     0.0
 Etot   =    -91967.1493  EKtot   =     17144.4355  EPtot      =   -109111.5849
 BOND   =       273.9376  ANGLE   =       550.9435  DIHED      =      1026.8004
 1-4 NB =       284.7392  1-4 EEL =     -3791.5006  VDWAALS    =     14806.3085
 EELEC  =   -122262.8135  EHBOND  =         0.0000  RESTRAINT  =         0.0000
 ------------------------------------------------------------------------------


 NSTEP =     1300   TIME(PS) =      30.600  TEMP(K) =   270.28  PRESS =     0.0
 Etot   =    -91800.5306  EKtot   =     17084.3887  EPtot      =   -108884.9192
 BOND   =       260.6922  ANGLE   =       542.6101  DIHED      =      1036.0173
 1-4 NB =       288.3774  1-4 EEL =     -3786.3560  VDWAALS    =     14536.6069
 EELEC  =   -121762.8670  EHBOND  =         0.0000  RESTRAINT  =         0.0000
 ------------------------------------------------------------------------------


 NSTEP =     1350   TIME(PS) =      30.700  TEMP(K) =   270.80  PRESS =     0.0
 Etot   =    -91637.9980  EKtot   =     17117.3867  EPtot      =   -108755.3847
 BOND   =       264.9194  ANGLE   =       523.8860  DIHED      =      1031.2602
 1-4 NB =       288.8799  1-4 EEL =     -3746.8475  VDWAALS    =     14650.4753
 EELEC  =   -121767.9580  EHBOND  =         0.0000  RESTRAINT  =         0.0000
 ------------------------------------------------------------------------------


 NSTEP =     1400   TIME(PS) =      30.800  TEMP(K) =   271.78  PRESS =     0.0
 Etot   =    -91478.3902  EKtot   =     17179.2129  EPtot      =   -108657.6031
 BOND   =       241.9681  ANGLE   =       517.6881  DIHED      =      1044.7485
 1-4 NB =       275.5027  1-4 EEL =     -3726.9604  VDWAALS    =     14595.7917
 EELEC  =   -121606.3418  EHBOND  =         0.0000  RESTRAINT  =         0.0000
 ------------------------------------------------------------------------------


 NSTEP =     1450   TIME(PS) =      30.900  TEMP(K) =   274.31  PRESS =     0.0
 Etot   =    -91320.4694  EKtot   =     17338.9824  EPtot      =   -108659.4519
 BOND   =       262.8369  ANGLE   =       553.7864  DIHED      =      1034.6518
 1-4 NB =       275.1168  1-4 EEL =     -3781.7188  VDWAALS    =     14517.6080
 EELEC  =   -121521.7330  EHBOND  =         0.0000  RESTRAINT  =         0.0000
 ------------------------------------------------------------------------------


 NSTEP =     1500   TIME(PS) =      31.000  TEMP(K) =   273.94  PRESS =     0.0
 Etot   =    -91169.4292  EKtot   =     17315.7031  EPtot      =   -108485.1323
 BOND   =       237.7061  ANGLE   =       523.9193  DIHED      =      1040.8373
 1-4 NB =       292.7746  1-4 EEL =     -3767.8980  VDWAALS    =     14714.9519
 EELEC  =   -121527.4236  EHBOND  =         0.0000  RESTRAINT  =         0.0000
 ------------------------------------------------------------------------------


 NSTEP =     1550   TIME(PS) =      31.100  TEMP(K) =   274.32  PRESS =     0.0
 Etot   =    -91021.8002  EKtot   =     17340.2207  EPtot      =   -108362.0209
 BOND   =       244.1455  ANGLE   =       562.8356  DIHED      =      1042.2371
 1-4 NB =       291.8818  1-4 EEL =     -3740.4763  VDWAALS    =     14354.3158
 EELEC  =   -121116.9603  EHBOND  =         0.0000  RESTRAINT  =         0.0000
 ------------------------------------------------------------------------------


 NSTEP =     1600   TIME(PS) =      31.200  TEMP(K) =   273.57  PRESS =     0.0
 Etot   =    -90871.7581  EKtot   =     17292.3809  EPtot      =   -108164.1389
 BOND   =       263.9017  ANGLE   =       549.7011  DIHED      =      1025.7443
 1-4 NB =       268.6237  1-4 EEL =     -3735.0332  VDWAALS    =     14263.9156
 EELEC  =   -120800.9921  EHBOND  =         0.0000  RESTRAINT  =         0.0000
 ------------------------------------------------------------------------------


 NSTEP =     1650   TIME(PS) =      31.300  TEMP(K) =   276.12  PRESS =     0.0
 Etot   =    -90728.4171  EKtot   =     17453.5371  EPtot      =   -108181.9542
 BOND   =       258.9346  ANGLE   =       525.8393  DIHED      =      1029.8380
 1-4 NB =       287.8363  1-4 EEL =     -3758.3280  VDWAALS    =     14261.0606
 EELEC  =   -120787.1349  EHBOND  =         0.0000  RESTRAINT  =         0.0000
 ------------------------------------------------------------------------------


 NSTEP =     1700   TIME(PS) =      31.400  TEMP(K) =   276.25  PRESS =     0.0
 Etot   =    -90587.6906  EKtot   =     17461.9375  EPtot      =   -108049.6281
 BOND   =       292.2205  ANGLE   =       525.1277  DIHED      =      1036.3596
 1-4 NB =       280.3621  1-4 EEL =     -3778.6176  VDWAALS    =     14475.0117
 EELEC  =   -120880.0919  EHBOND  =         0.0000  RESTRAINT  =         0.0000
 ------------------------------------------------------------------------------


 NSTEP =     1750   TIME(PS) =      31.500  TEMP(K) =   273.41  PRESS =     0.0
 Etot   =    -90443.3569  EKtot   =     17282.1211  EPtot      =   -107725.4780
 BOND   =       246.4774  ANGLE   =       557.0938  DIHED      =      1033.2240
 1-4 NB =       289.9849  1-4 EEL =     -3763.3699  VDWAALS    =     14358.5107
 EELEC  =   -120447.3990  EHBOND  =         0.0000  RESTRAINT  =         0.0000
 ------------------------------------------------------------------------------


 NSTEP =     1800   TIME(PS) =      31.600  TEMP(K) =   277.85  PRESS =     0.0
 Etot   =    -90303.4972  EKtot   =     17562.7500  EPtot      =   -107866.2472
 BOND   =       270.9681  ANGLE   =       535.5599  DIHED      =      1029.6949
 1-4 NB =       289.9541  1-4 EEL =     -3798.0756  VDWAALS    =     14423.2504
 EELEC  =   -120617.5991  EHBOND  =         0.0000  RESTRAINT  =         0.0000
 ------------------------------------------------------------------------------


 NSTEP =     1850   TIME(PS) =      31.700  TEMP(K) =   279.08  PRESS =     0.0
 Etot   =    -90173.4944  EKtot   =     17640.9004  EPtot      =   -107814.3948
 BOND   =       273.6431  ANGLE   =       525.8725  DIHED      =      1025.8929
 1-4 NB =       276.1936  1-4 EEL =     -3741.6063  VDWAALS    =     14452.8260
 EELEC  =   -120627.2166  EHBOND  =         0.0000  RESTRAINT  =         0.0000
 ------------------------------------------------------------------------------


 NSTEP =     1900   TIME(PS) =      31.800  TEMP(K) =   277.37  PRESS =     0.0
 Etot   =    -90039.2378  EKtot   =     17532.8359  EPtot      =   -107572.0737
 BOND   =       262.7376  ANGLE   =       515.8751  DIHED      =      1028.0778
 1-4 NB =       291.6147  1-4 EEL =     -3751.5117  VDWAALS    =     14268.1849
 EELEC  =   -120187.0522  EHBOND  =         0.0000  RESTRAINT  =         0.0000
 ------------------------------------------------------------------------------


 NSTEP =     1950   TIME(PS) =      31.900  TEMP(K) =   280.91  PRESS =     0.0
 Etot   =    -89910.0477  EKtot   =     17756.3281  EPtot      =   -107666.3758
 BOND   =       243.2666  ANGLE   =       542.4411  DIHED      =      1026.2744
 1-4 NB =       288.8631  1-4 EEL =     -3724.5085  VDWAALS    =     14037.8378
 EELEC  =   -120080.5502  EHBOND  =         0.0000  RESTRAINT  =         0.0000
 ------------------------------------------------------------------------------

check COM velocity, temp:        0.000006     0.00(Removed)

 NSTEP =     2000   TIME(PS) =      32.000  TEMP(K) =   278.81  PRESS =     0.0
 Etot   =    -89781.4382  EKtot   =     17623.8750  EPtot      =   -107405.3132
 BOND   =       265.6658  ANGLE   =       546.3336  DIHED      =      1038.5087
 1-4 NB =       277.3455  1-4 EEL =     -3747.6326  VDWAALS    =     14158.3541
 EELEC  =   -119943.8884  EHBOND  =         0.0000  RESTRAINT  =         0.0000
 ------------------------------------------------------------------------------


 NSTEP =     2050   TIME(PS) =      32.100  TEMP(K) =   280.58  PRESS =     0.0
 Etot   =    -89658.8450  EKtot   =     17735.8438  EPtot      =   -107394.6888
 BOND   =       255.7807  ANGLE   =       543.3769  DIHED      =      1022.7200
 1-4 NB =       288.3184  1-4 EEL =     -3789.7032  VDWAALS    =     13770.2934
 EELEC  =   -119485.4749  EHBOND  =         0.0000  RESTRAINT  =         0.0000
 ------------------------------------------------------------------------------


 NSTEP =     2100   TIME(PS) =      32.200  TEMP(K) =   280.11  PRESS =     0.0
 Etot   =    -89532.6950  EKtot   =     17705.8691  EPtot      =   -107238.5642
 BOND   =       270.1488  ANGLE   =       529.1924  DIHED      =      1044.0508
 1-4 NB =       280.4859  1-4 EEL =     -3758.5227  VDWAALS    =     13767.0972
 EELEC  =   -119371.0166  EHBOND  =         0.0000  RESTRAINT  =         0.0000
 ------------------------------------------------------------------------------


 NSTEP =     2150   TIME(PS) =      32.300  TEMP(K) =   279.51  PRESS =     0.0
 Etot   =    -89408.9609  EKtot   =     17668.0215  EPtot      =   -107076.9824
 BOND   =       273.8867  ANGLE   =       516.9548  DIHED      =      1043.2387
 1-4 NB =       289.2519  1-4 EEL =     -3739.9110  VDWAALS    =     13963.7651
 EELEC  =   -119424.1686  EHBOND  =         0.0000  RESTRAINT  =         0.0000
 ------------------------------------------------------------------------------


 NSTEP =     2200   TIME(PS) =      32.400  TEMP(K) =   280.44  PRESS =     0.0
 Etot   =    -89289.8566  EKtot   =     17726.8262  EPtot      =   -107016.6828
 BOND   =       236.4077  ANGLE   =       546.4113  DIHED      =      1056.5404
 1-4 NB =       298.3419  1-4 EEL =     -3764.1946  VDWAALS    =     13705.7200
 EELEC  =   -119095.9095  EHBOND  =         0.0000  RESTRAINT  =         0.0000
 ------------------------------------------------------------------------------


 NSTEP =     2250   TIME(PS) =      32.500  TEMP(K) =   282.57  PRESS =     0.0
 Etot   =    -89171.6109  EKtot   =     17861.6055  EPtot      =   -107033.2163
 BOND   =       251.3063  ANGLE   =       552.1727  DIHED      =      1054.6913
 1-4 NB =       276.2364  1-4 EEL =     -3771.9216  VDWAALS    =     13603.3376
 EELEC  =   -118999.0391  EHBOND  =         0.0000  RESTRAINT  =         0.0000
 ------------------------------------------------------------------------------


 NSTEP =     2300   TIME(PS) =      32.600  TEMP(K) =   281.74  PRESS =     0.0
 Etot   =    -89056.8173  EKtot   =     17808.8750  EPtot      =   -106865.6923
 BOND   =       270.5484  ANGLE   =       535.0551  DIHED      =      1041.6742
 1-4 NB =       274.9350  1-4 EEL =     -3762.5851  VDWAALS    =     13577.8249
 EELEC  =   -118803.1448  EHBOND  =         0.0000  RESTRAINT  =         0.0000
 ------------------------------------------------------------------------------


 NSTEP =     2350   TIME(PS) =      32.700  TEMP(K) =   283.73  PRESS =     0.0
 Etot   =    -88946.8164  EKtot   =     17934.8203  EPtot      =   -106881.6367
 BOND   =       256.4187  ANGLE   =       552.0246  DIHED      =      1054.1247
 1-4 NB =       289.5916  1-4 EEL =     -3734.1827  VDWAALS    =     14033.8186
 EELEC  =   -119333.4322  EHBOND  =         0.0000  RESTRAINT  =         0.0000
 ------------------------------------------------------------------------------


 NSTEP =     2400   TIME(PS) =      32.800  TEMP(K) =   288.22  PRESS =     0.0
 Etot   =    -88846.2914  EKtot   =     18218.8496  EPtot      =   -107065.1410
 BOND   =       264.6121  ANGLE   =       547.9179  DIHED      =      1039.6003
 1-4 NB =       276.4220  1-4 EEL =     -3754.1158  VDWAALS    =     13953.8353
 EELEC  =   -119393.4127  EHBOND  =         0.0000  RESTRAINT  =         0.0000
 ------------------------------------------------------------------------------


 NSTEP =     2450   TIME(PS) =      32.900  TEMP(K) =   287.48  PRESS =     0.0
 Etot   =    -88745.6683  EKtot   =     18171.5898  EPtot      =   -106917.2581
 BOND   =       290.5946  ANGLE   =       539.8685  DIHED      =      1041.3939
 1-4 NB =       285.7058  1-4 EEL =     -3761.4349  VDWAALS    =     13899.2081
 EELEC  =   -119212.5942  EHBOND  =         0.0000  RESTRAINT  =         0.0000
 ------------------------------------------------------------------------------


 NSTEP =     2500   TIME(PS) =      33.000  TEMP(K) =   286.28  PRESS =     0.0
 Etot   =    -88647.7195  EKtot   =     18096.2402  EPtot      =   -106743.9598
 BOND   =       264.8964  ANGLE   =       574.0391  DIHED      =      1054.9656
 1-4 NB =       283.7170  1-4 EEL =     -3737.0089  VDWAALS    =     13652.6932
 EELEC  =   -118837.2621  EHBOND  =         0.0000  RESTRAINT  =         0.0000
 ------------------------------------------------------------------------------


 NSTEP =     2550   TIME(PS) =      33.100  TEMP(K) =   287.04  PRESS =     0.0
 Etot   =    -88545.7223  EKtot   =     18144.2305  EPtot      =   -106689.9528
 BOND   =       286.5825  ANGLE   =       575.9807  DIHED      =      1031.5340
 1-4 NB =       274.7763  1-4 EEL =     -3759.2277  VDWAALS    =     13812.5058
 EELEC  =   -118912.1043  EHBOND  =         0.0000  RESTRAINT  =         0.0000
 ------------------------------------------------------------------------------


 NSTEP =     2600   TIME(PS) =      33.200  TEMP(K) =   287.15  PRESS =     0.0
 Etot   =    -88451.4927  EKtot   =     18150.7734  EPtot      =   -106602.2661
 BOND   =       275.7884  ANGLE   =       552.1995  DIHED      =      1051.6751
 1-4 NB =       298.3658  1-4 EEL =     -3770.5162  VDWAALS    =     13909.2664
 EELEC  =   -118919.0451  EHBOND  =         0.0000  RESTRAINT  =         0.0000
 ------------------------------------------------------------------------------


 NSTEP =     2650   TIME(PS) =      33.300  TEMP(K) =   285.35  PRESS =     0.0
 Etot   =    -88355.5689  EKtot   =     18036.8730  EPtot      =   -106392.4419
 BOND   =       261.9164  ANGLE   =       567.7527  DIHED      =      1048.7164
 1-4 NB =       286.5244  1-4 EEL =     -3756.0184  VDWAALS    =     13823.2153
 EELEC  =   -118624.5488  EHBOND  =         0.0000  RESTRAINT  =         0.0000
 ------------------------------------------------------------------------------


 NSTEP =     2700   TIME(PS) =      33.400  TEMP(K) =   287.19  PRESS =     0.0
 Etot   =    -88258.6326  EKtot   =     18153.4551  EPtot      =   -106412.0877
 BOND   =       275.8192  ANGLE   =       569.3127  DIHED      =      1038.8809
 1-4 NB =       287.9598  1-4 EEL =     -3759.0417  VDWAALS    =     13777.9479
 EELEC  =   -118602.9665  EHBOND  =         0.0000  RESTRAINT  =         0.0000
 ------------------------------------------------------------------------------


 NSTEP =     2750   TIME(PS) =      33.500  TEMP(K) =   287.06  PRESS =     0.0
 Etot   =    -88163.2700  EKtot   =     18145.3613  EPtot      =   -106308.6313
 BOND   =       278.8762  ANGLE   =       580.4965  DIHED      =      1040.2134
 1-4 NB =       298.0443  1-4 EEL =     -3813.1009  VDWAALS    =     13675.5486
 EELEC  =   -118368.7096  EHBOND  =         0.0000  RESTRAINT  =         0.0000
 ------------------------------------------------------------------------------


 NSTEP =     2800   TIME(PS) =      33.600  TEMP(K) =   287.45  PRESS =     0.0
 Etot   =    -88073.4718  EKtot   =     18169.8477  EPtot      =   -106243.3195
 BOND   =       274.3558  ANGLE   =       602.4932  DIHED      =      1054.0740
 1-4 NB =       279.7117  1-4 EEL =     -3767.8458  VDWAALS    =     13638.9802
 EELEC  =   -118325.0886  EHBOND  =         0.0000  RESTRAINT  =         0.0000
 ------------------------------------------------------------------------------


 NSTEP =     2850   TIME(PS) =      33.700  TEMP(K) =   289.75  PRESS =     0.0
 Etot   =    -87985.8856  EKtot   =     18315.3359  EPtot      =   -106301.2216
 BOND   =       258.0202  ANGLE   =       603.5750  DIHED      =      1029.4842
 1-4 NB =       292.0002  1-4 EEL =     -3753.3822  VDWAALS    =     13591.1492
 EELEC  =   -118322.0681  EHBOND  =         0.0000  RESTRAINT  =         0.0000
 ------------------------------------------------------------------------------


 NSTEP =     2900   TIME(PS) =      33.800  TEMP(K) =   288.73  PRESS =     0.0
 Etot   =    -87897.9695  EKtot   =     18251.0449  EPtot      =   -106149.0144
 BOND   =       280.3052  ANGLE   =       600.2157  DIHED      =      1034.2945
 1-4 NB =       286.2792  1-4 EEL =     -3732.9715  VDWAALS    =     13707.4693
 EELEC  =   -118324.6069  EHBOND  =         0.0000  RESTRAINT  =         0.0000
 ------------------------------------------------------------------------------


 NSTEP =     2950   TIME(PS) =      33.900  TEMP(K) =   288.85  PRESS =     0.0
 Etot   =    -87812.8586  EKtot   =     18258.3262  EPtot      =   -106071.1848
 BOND   =       272.6663  ANGLE   =       613.6393  DIHED      =      1026.3140
 1-4 NB =       286.3192  1-4 EEL =     -3768.4880  VDWAALS    =     13578.9583
 EELEC  =   -118080.5939  EHBOND  =         0.0000  RESTRAINT  =         0.0000
 ------------------------------------------------------------------------------

check COM velocity, temp:        0.000008     0.00(Removed)

 NSTEP =     3000   TIME(PS) =      34.000  TEMP(K) =   291.76  PRESS =     0.0
 Etot   =    -87731.4711  EKtot   =     18442.4004  EPtot      =   -106173.8715
 BOND   =       292.4382  ANGLE   =       595.7434  DIHED      =      1038.3041
 1-4 NB =       289.6922  1-4 EEL =     -3763.0541  VDWAALS    =     13448.5372
 EELEC  =   -118075.5325  EHBOND  =         0.0000  RESTRAINT  =         0.0000
 ------------------------------------------------------------------------------


 NSTEP =     3050   TIME(PS) =      34.100  TEMP(K) =   292.07  PRESS =     0.0
 Etot   =    -87654.2069  EKtot   =     18461.5996  EPtot      =   -106115.8065
 BOND   =       286.5493  ANGLE   =       548.4508  DIHED      =      1028.4864
 1-4 NB =       294.8479  1-4 EEL =     -3752.0362  VDWAALS    =     13774.3937
 EELEC  =   -118296.4984  EHBOND  =         0.0000  RESTRAINT  =         0.0000
 ------------------------------------------------------------------------------


 NSTEP =     3100   TIME(PS) =      34.200  TEMP(K) =   291.18  PRESS =     0.0
 Etot   =    -87574.9435  EKtot   =     18405.4883  EPtot      =   -105980.4318
 BOND   =       276.0145  ANGLE   =       595.8124  DIHED      =      1047.1815
 1-4 NB =       291.8564  1-4 EEL =     -3790.6529  VDWAALS    =     13791.2256
 EELEC  =   -118191.8692  EHBOND  =         0.0000  RESTRAINT  =         0.0000
 ------------------------------------------------------------------------------


 NSTEP =     3150   TIME(PS) =      34.300  TEMP(K) =   291.99  PRESS =     0.0
 Etot   =    -87500.2913  EKtot   =     18457.1016  EPtot      =   -105957.3928
 BOND   =       258.2827  ANGLE   =       567.7096  DIHED      =      1056.9626
 1-4 NB =       293.0270  1-4 EEL =     -3769.6501  VDWAALS    =     13668.8818
 EELEC  =   -118032.6064  EHBOND  =         0.0000  RESTRAINT  =         0.0000
 ------------------------------------------------------------------------------


 NSTEP =     3200   TIME(PS) =      34.400  TEMP(K) =   292.19  PRESS =     0.0
 Etot   =    -87422.6783  EKtot   =     18469.5234  EPtot      =   -105892.2018
 BOND   =       279.3059  ANGLE   =       568.5305  DIHED      =      1033.9236
 1-4 NB =       298.5281  1-4 EEL =     -3752.1625  VDWAALS    =     13610.3438
 EELEC  =   -117930.6712  EHBOND  =         0.0000  RESTRAINT  =         0.0000
 ------------------------------------------------------------------------------


 NSTEP =     3250   TIME(PS) =      34.500  TEMP(K) =   293.25  PRESS =     0.0
 Etot   =    -87350.6475  EKtot   =     18536.3672  EPtot      =   -105887.0146
 BOND   =       268.5082  ANGLE   =       551.1144  DIHED      =      1045.6446
 1-4 NB =       286.7501  1-4 EEL =     -3747.4687  VDWAALS    =     13629.7149
 EELEC  =   -117921.2782  EHBOND  =         0.0000  RESTRAINT  =         0.0000
 ------------------------------------------------------------------------------


 NSTEP =     3300   TIME(PS) =      34.600  TEMP(K) =   293.00  PRESS =     0.0
 Etot   =    -87279.8574  EKtot   =     18521.0000  EPtot      =   -105800.8574
 BOND   =       260.6209  ANGLE   =       603.9696  DIHED      =      1048.8736
 1-4 NB =       290.6827  1-4 EEL =     -3769.8580  VDWAALS    =     13627.6222
 EELEC  =   -117862.7685  EHBOND  =         0.0000  RESTRAINT  =         0.0000
 ------------------------------------------------------------------------------


 NSTEP =     3350   TIME(PS) =      34.700  TEMP(K) =   295.58  PRESS =     0.0
 Etot   =    -87209.7044  EKtot   =     18683.6992  EPtot      =   -105893.4036
 BOND   =       295.0884  ANGLE   =       576.0983  DIHED      =      1042.6371
 1-4 NB =       280.4040  1-4 EEL =     -3778.1470  VDWAALS    =     13500.2526
 EELEC  =   -117809.7368  EHBOND  =         0.0000  RESTRAINT  =         0.0000
 ------------------------------------------------------------------------------


 NSTEP =     3400   TIME(PS) =      34.800  TEMP(K) =   295.53  PRESS =     0.0
 Etot   =    -87143.3262  EKtot   =     18680.8867  EPtot      =   -105824.2129
 BOND   =       275.8770  ANGLE   =       588.0903  DIHED      =      1026.9585
 1-4 NB =       284.6256  1-4 EEL =     -3738.9805  VDWAALS    =     13696.5624
 EELEC  =   -117957.3462  EHBOND  =         0.0000  RESTRAINT  =         0.0000
 ------------------------------------------------------------------------------


 NSTEP =     3450   TIME(PS) =      34.900  TEMP(K) =   295.68  PRESS =     0.0
 Etot   =    -87080.1061  EKtot   =     18690.3633  EPtot      =   -105770.4694
 BOND   =       260.4219  ANGLE   =       621.2380  DIHED      =      1053.0423
 1-4 NB =       293.2787  1-4 EEL =     -3775.2420  VDWAALS    =     13714.7077
 EELEC  =   -117937.9160  EHBOND  =         0.0000  RESTRAINT  =         0.0000
 ------------------------------------------------------------------------------


 NSTEP =     3500   TIME(PS) =      35.000  TEMP(K) =   296.96  PRESS =     0.0
 Etot   =    -87023.9878  EKtot   =     18771.1289  EPtot      =   -105795.1167
 BOND   =       282.5930  ANGLE   =       571.9844  DIHED      =      1024.3857
 1-4 NB =       300.1705  1-4 EEL =     -3783.0708  VDWAALS    =     13716.6890
 EELEC  =   -117907.8685  EHBOND  =         0.0000  RESTRAINT  =         0.0000
 ------------------------------------------------------------------------------


 NSTEP =     3550   TIME(PS) =      35.100  TEMP(K) =   295.86  PRESS =     0.0
 Etot   =    -86962.5684  EKtot   =     18701.7031  EPtot      =   -105664.2716
 BOND   =       274.0266  ANGLE   =       569.5618  DIHED      =      1042.3370
 1-4 NB =       273.7251  1-4 EEL =     -3751.4330  VDWAALS    =     13361.4416
 EELEC  =   -117433.9307  EHBOND  =         0.0000  RESTRAINT  =         0.0000
 ------------------------------------------------------------------------------


 NSTEP =     3600   TIME(PS) =      35.200  TEMP(K) =   298.04  PRESS =     0.0
 Etot   =    -86906.2770  EKtot   =     18839.1230  EPtot      =   -105745.4000
 BOND   =       282.6641  ANGLE   =       547.0240  DIHED      =      1046.0579
 1-4 NB =       289.1210  1-4 EEL =     -3779.8073  VDWAALS    =     13249.0491
 EELEC  =   -117379.5089  EHBOND  =         0.0000  RESTRAINT  =         0.0000
 ------------------------------------------------------------------------------


 NSTEP =     3650   TIME(PS) =      35.300  TEMP(K) =   295.46  PRESS =     0.0
 Etot   =    -86845.8669  EKtot   =     18676.4453  EPtot      =   -105522.3122
 BOND   =       275.3678  ANGLE   =       563.6734  DIHED      =      1059.0227
 1-4 NB =       289.7082  1-4 EEL =     -3761.2191  VDWAALS    =     13558.9165
 EELEC  =   -117507.7816  EHBOND  =         0.0000  RESTRAINT  =         0.0000
 ------------------------------------------------------------------------------


 NSTEP =     3700   TIME(PS) =      35.400  TEMP(K) =   296.75  PRESS =     0.0
 Etot   =    -86791.2131  EKtot   =     18757.6328  EPtot      =   -105548.8459
 BOND   =       285.2621  ANGLE   =       600.2613  DIHED      =      1063.6819
 1-4 NB =       287.0259  1-4 EEL =     -3771.3182  VDWAALS    =     13366.6902
 EELEC  =   -117380.4491  EHBOND  =         0.0000  RESTRAINT  =         0.0000
 ------------------------------------------------------------------------------


 NSTEP =     3750   TIME(PS) =      35.500  TEMP(K) =   295.21  PRESS =     0.0
 Etot   =    -86730.6178  EKtot   =     18660.6328  EPtot      =   -105391.2506
 BOND   =       304.4307  ANGLE   =       595.8224  DIHED      =      1046.4328
 1-4 NB =       280.7282  1-4 EEL =     -3800.7169  VDWAALS    =     13324.5128
 EELEC  =   -117142.4606  EHBOND  =         0.0000  RESTRAINT  =         0.0000
 ------------------------------------------------------------------------------


 NSTEP =     3800   TIME(PS) =      35.600  TEMP(K) =   297.71  PRESS =     0.0
 Etot   =    -86675.2426  EKtot   =     18818.6523  EPtot      =   -105493.8950
 BOND   =       279.6283  ANGLE   =       594.7443  DIHED      =      1057.5949
 1-4 NB =       293.0121  1-4 EEL =     -3779.1171  VDWAALS    =     13309.9444
 EELEC  =   -117249.7018  EHBOND  =         0.0000  RESTRAINT  =         0.0000
 ------------------------------------------------------------------------------


 NSTEP =     3850   TIME(PS) =      35.700  TEMP(K) =   298.03  PRESS =     0.0
 Etot   =    -86619.5380  EKtot   =     18838.5762  EPtot      =   -105458.1141
 BOND   =       264.5759  ANGLE   =       597.3663  DIHED      =      1040.7063
 1-4 NB =       289.6587  1-4 EEL =     -3741.2949  VDWAALS    =     13441.2809
 EELEC  =   -117350.4073  EHBOND  =         0.0000  RESTRAINT  =         0.0000
 ------------------------------------------------------------------------------


 NSTEP =     3900   TIME(PS) =      35.800  TEMP(K) =   297.59  PRESS =     0.0
 Etot   =    -86562.0158  EKtot   =     18811.0000  EPtot      =   -105373.0158
 BOND   =       302.1070  ANGLE   =       578.0861  DIHED      =      1057.9553
 1-4 NB =       295.8649  1-4 EEL =     -3774.6288  VDWAALS    =     13198.4893
 EELEC  =   -117030.8896  EHBOND  =         0.0000  RESTRAINT  =         0.0000
 ------------------------------------------------------------------------------


 NSTEP =     3950   TIME(PS) =      35.900  TEMP(K) =   294.56  PRESS =     0.0
 Etot   =    -86503.7222  EKtot   =     18619.1445  EPtot      =   -105122.8667
 BOND   =       270.2965  ANGLE   =       613.4699  DIHED      =      1043.1394
 1-4 NB =       289.3252  1-4 EEL =     -3761.7441  VDWAALS    =     12967.6904
 EELEC  =   -116545.0441  EHBOND  =         0.0000  RESTRAINT  =         0.0000
 ------------------------------------------------------------------------------

check COM velocity, temp:        0.000005     0.00(Removed)

 NSTEP =     4000   TIME(PS) =      36.000  TEMP(K) =   296.61  PRESS =     0.0
 Etot   =    -86449.1289  EKtot   =     18749.1289  EPtot      =   -105198.2578
 BOND   =       268.9757  ANGLE   =       584.8629  DIHED      =      1059.7372
 1-4 NB =       290.3407  1-4 EEL =     -3766.6087  VDWAALS    =     13440.8678
 EELEC  =   -117076.4334  EHBOND  =         0.0000  RESTRAINT  =         0.0000
 ------------------------------------------------------------------------------


 NSTEP =     4050   TIME(PS) =      36.100  TEMP(K) =   296.19  PRESS =     0.0
 Etot   =    -86401.9698  EKtot   =     18722.5723  EPtot      =   -105124.5420
 BOND   =       272.3289  ANGLE   =       565.9918  DIHED      =      1046.8878
 1-4 NB =       292.4468  1-4 EEL =     -3753.7335  VDWAALS    =     13373.2922
 EELEC  =   -116921.7561  EHBOND  =         0.0000  RESTRAINT  =         0.0000
 ------------------------------------------------------------------------------


 NSTEP =     4100   TIME(PS) =      36.200  TEMP(K) =   298.39  PRESS =     0.0
 Etot   =    -86354.1362  EKtot   =     18861.3496  EPtot      =   -105215.4858
 BOND   =       278.6277  ANGLE   =       560.9614  DIHED      =      1028.4034
 1-4 NB =       296.9467  1-4 EEL =     -3739.2467  VDWAALS    =     13378.5858
 EELEC  =   -117019.7642  EHBOND  =         0.0000  RESTRAINT  =         0.0000
 ------------------------------------------------------------------------------


 NSTEP =     4150   TIME(PS) =      36.300  TEMP(K) =   297.00  PRESS =     0.0
 Etot   =    -86302.7071  EKtot   =     18773.3574  EPtot      =   -105076.0645
 BOND   =       291.9400  ANGLE   =       564.9029  DIHED      =      1051.3949
 1-4 NB =       289.5387  1-4 EEL =     -3776.6630  VDWAALS    =     13291.3363
 EELEC  =   -116788.5144  EHBOND  =         0.0000  RESTRAINT  =         0.0000
 ------------------------------------------------------------------------------


 NSTEP =     4200   TIME(PS) =      36.400  TEMP(K) =   298.11  PRESS =     0.0
 Etot   =    -86253.2544  EKtot   =     18843.8359  EPtot      =   -105097.0903
 BOND   =       271.4010  ANGLE   =       601.7580  DIHED      =      1037.9377
 1-4 NB =       281.3116  1-4 EEL =     -3771.4665  VDWAALS    =     13214.8729
 EELEC  =   -116732.9050  EHBOND  =         0.0000  RESTRAINT  =         0.0000
 ------------------------------------------------------------------------------


 NSTEP =     4250   TIME(PS) =      36.500  TEMP(K) =   299.76  PRESS =     0.0
 Etot   =    -86203.2655  EKtot   =     18947.8789  EPtot      =   -105151.1444
 BOND   =       292.9891  ANGLE   =       564.3594  DIHED      =      1054.5988
 1-4 NB =       297.1205  1-4 EEL =     -3739.2421  VDWAALS    =     13261.4553
 EELEC  =   -116882.4255  EHBOND  =         0.0000  RESTRAINT  =         0.0000
 ------------------------------------------------------------------------------


 NSTEP =     4300   TIME(PS) =      36.600  TEMP(K) =   299.27  PRESS =     0.0
 Etot   =    -86155.4630  EKtot   =     18917.2910  EPtot      =   -105072.7540
 BOND   =       295.7591  ANGLE   =       546.7411  DIHED      =      1047.4663
 1-4 NB =       285.0809  1-4 EEL =     -3748.8495  VDWAALS    =     13320.4278
 EELEC  =   -116819.3797  EHBOND  =         0.0000  RESTRAINT  =         0.0000
 ------------------------------------------------------------------------------


 NSTEP =     4350   TIME(PS) =      36.700  TEMP(K) =   300.76  PRESS =     0.0
 Etot   =    -86114.3851  EKtot   =     19011.0703  EPtot      =   -105125.4554
 BOND   =       265.9546  ANGLE   =       584.8574  DIHED      =      1035.4297
 1-4 NB =       286.1661  1-4 EEL =     -3727.5707  VDWAALS    =     13242.5168
 EELEC  =   -116812.8093  EHBOND  =         0.0000  RESTRAINT  =         0.0000
 ------------------------------------------------------------------------------


 NSTEP =     4400   TIME(PS) =      36.800  TEMP(K) =   300.27  PRESS =     0.0
 Etot   =    -86072.7187  EKtot   =     18980.1875  EPtot      =   -105052.9062
 BOND   =       304.3287  ANGLE   =       565.0212  DIHED      =      1064.8068
 1-4 NB =       292.5595  1-4 EEL =     -3765.0421  VDWAALS    =     13257.8172
 EELEC  =   -116772.3975  EHBOND  =         0.0000  RESTRAINT  =         0.0000
 ------------------------------------------------------------------------------


 NSTEP =     4450   TIME(PS) =      36.900  TEMP(K) =   300.17  PRESS =     0.0
 Etot   =    -86040.2753  EKtot   =     18973.7578  EPtot      =   -105014.0331
 BOND   =       297.9599  ANGLE   =       586.4486  DIHED      =      1029.0729
 1-4 NB =       292.8014  1-4 EEL =     -3749.1154  VDWAALS    =     13404.7423
 EELEC  =   -116875.9427  EHBOND  =         0.0000  RESTRAINT  =         0.0000
 ------------------------------------------------------------------------------


 NSTEP =     4500   TIME(PS) =      37.000  TEMP(K) =   299.95  PRESS =     0.0
 Etot   =    -86002.9729  EKtot   =     18959.8203  EPtot      =   -104962.7932
 BOND   =       294.8812  ANGLE   =       568.4154  DIHED      =      1044.6651
 1-4 NB =       288.2791  1-4 EEL =     -3728.0564  VDWAALS    =     13295.0161
 EELEC  =   -116725.9939  EHBOND  =         0.0000  RESTRAINT  =         0.0000
 ------------------------------------------------------------------------------


 NSTEP =     4550   TIME(PS) =      37.100  TEMP(K) =   302.07  PRESS =     0.0
 Etot   =    -85967.5562  EKtot   =     19094.2812  EPtot      =   -105061.8374
 BOND   =       283.3993  ANGLE   =       605.1706  DIHED      =      1055.9392
 1-4 NB =       292.5142  1-4 EEL =     -3735.5998  VDWAALS    =     13063.3518
 EELEC  =   -116626.6128  EHBOND  =         0.0000  RESTRAINT  =         0.0000
 ------------------------------------------------------------------------------


 NSTEP =     4600   TIME(PS) =      37.200  TEMP(K) =   300.77  PRESS =     0.0
 Etot   =    -85928.0453  EKtot   =     19011.6582  EPtot      =   -104939.7035
 BOND   =       285.1345  ANGLE   =       594.0418  DIHED      =      1043.1700
 1-4 NB =       291.6843  1-4 EEL =     -3754.9977  VDWAALS    =     13278.6892
 EELEC  =   -116677.4256  EHBOND  =         0.0000  RESTRAINT  =         0.0000
 ------------------------------------------------------------------------------


 NSTEP =     4650   TIME(PS) =      37.300  TEMP(K) =   300.17  PRESS =     0.0
 Etot   =    -85887.2764  EKtot   =     18973.6758  EPtot      =   -104860.9522
 BOND   =       264.4157  ANGLE   =       566.8214  DIHED      =      1052.5533
 1-4 NB =       291.9813  1-4 EEL =     -3747.3070  VDWAALS    =     13081.8230
 EELEC  =   -116371.2398  EHBOND  =         0.0000  RESTRAINT  =         0.0000
 ------------------------------------------------------------------------------


 NSTEP =     4700   TIME(PS) =      37.400  TEMP(K) =   300.30  PRESS =     0.0
 Etot   =    -85843.0545  EKtot   =     18981.8633  EPtot      =   -104824.9178
 BOND   =       270.0765  ANGLE   =       622.3285  DIHED      =      1059.6822
 1-4 NB =       289.0713  1-4 EEL =     -3749.9296  VDWAALS    =     13249.2713
 EELEC  =   -116565.4178  EHBOND  =         0.0000  RESTRAINT  =         0.0000
 ------------------------------------------------------------------------------


 NSTEP =     4750   TIME(PS) =      37.500  TEMP(K) =   299.96  PRESS =     0.0
 Etot   =    -85805.8799  EKtot   =     18960.9082  EPtot      =   -104766.7881
 BOND   =       286.3163  ANGLE   =       561.4137  DIHED      =      1049.6263
 1-4 NB =       291.0730  1-4 EEL =     -3722.1175  VDWAALS    =     12967.1144
 EELEC  =   -116200.2143  EHBOND  =         0.0000  RESTRAINT  =         0.0000
 ------------------------------------------------------------------------------


 NSTEP =     4800   TIME(PS) =      37.600  TEMP(K) =   301.38  PRESS =     0.0
 Etot   =    -85770.2358  EKtot   =     19050.1113  EPtot      =   -104820.3472
 BOND   =       259.5331  ANGLE   =       555.4903  DIHED      =      1054.3578
 1-4 NB =       297.4993  1-4 EEL =     -3760.2899  VDWAALS    =     13058.4519
 EELEC  =   -116285.3896  EHBOND  =         0.0000  RESTRAINT  =         0.0000
 ------------------------------------------------------------------------------


 NSTEP =     4850   TIME(PS) =      37.700  TEMP(K) =   299.57  PRESS =     0.0
 Etot   =    -85731.0776  EKtot   =     18936.1777  EPtot      =   -104667.2553
 BOND   =       281.0710  ANGLE   =       592.8815  DIHED      =      1040.4279
 1-4 NB =       284.3488  1-4 EEL =     -3733.7531  VDWAALS    =     13227.5183
 EELEC  =   -116359.7497  EHBOND  =         0.0000  RESTRAINT  =         0.0000
 ------------------------------------------------------------------------------


 NSTEP =     4900   TIME(PS) =      37.800  TEMP(K) =   304.21  PRESS =     0.0
 Etot   =    -85700.2724  EKtot   =     19229.5137  EPtot      =   -104929.7860
 BOND   =       295.1914  ANGLE   =       547.1327  DIHED      =      1035.4276
 1-4 NB =       293.6128  1-4 EEL =     -3743.9973  VDWAALS    =     13076.0356
 EELEC  =   -116433.1889  EHBOND  =         0.0000  RESTRAINT  =         0.0000
 ------------------------------------------------------------------------------


 NSTEP =     4950   TIME(PS) =      37.900  TEMP(K) =   304.06  PRESS =     0.0
 Etot   =    -85671.2262  EKtot   =     19219.9570  EPtot      =   -104891.1832
 BOND   =       304.6813  ANGLE   =       574.9715  DIHED      =      1033.1846
 1-4 NB =       288.7908  1-4 EEL =     -3743.6884  VDWAALS    =     13120.4554
 EELEC  =   -116469.5784  EHBOND  =         0.0000  RESTRAINT  =         0.0000
 ------------------------------------------------------------------------------

check COM velocity, temp:        0.000006     0.00(Removed)

 NSTEP =     5000   TIME(PS) =      38.000  TEMP(K) =   300.24  PRESS =     0.0
 Etot   =    -85635.6153  EKtot   =     18978.5078  EPtot      =   -104614.1231
 BOND   =       273.8633  ANGLE   =       608.7038  DIHED      =      1039.3958
 1-4 NB =       292.7305  1-4 EEL =     -3727.4851  VDWAALS    =     13039.7947
 EELEC  =   -116141.1261  EHBOND  =         0.0000  RESTRAINT  =         0.0000
 ------------------------------------------------------------------------------


 NSTEP =     5050   TIME(PS) =      38.100  TEMP(K) =   302.52  PRESS =     0.0
 Etot   =    -85602.2993  EKtot   =     19122.6621  EPtot      =   -104724.9614
 BOND   =       291.5159  ANGLE   =       595.2874  DIHED      =      1027.0685
 1-4 NB =       281.1451  1-4 EEL =     -3753.2574  VDWAALS    =     13032.4645
 EELEC  =   -116199.1854  EHBOND  =         0.0000  RESTRAINT  =         0.0000
 ------------------------------------------------------------------------------


 NSTEP =     5100   TIME(PS) =      38.200  TEMP(K) =   302.67  PRESS =     0.0
 Etot   =    -85571.1061  EKtot   =     19132.1816  EPtot      =   -104703.2878
 BOND   =       291.4774  ANGLE   =       600.4280  DIHED      =      1027.6498
 1-4 NB =       285.4779  1-4 EEL =     -3766.3343  VDWAALS    =     13032.1199
 EELEC  =   -116174.1065  EHBOND  =         0.0000  RESTRAINT  =         0.0000
 ------------------------------------------------------------------------------


 NSTEP =     5150   TIME(PS) =      38.300  TEMP(K) =   303.73  PRESS =     0.0
 Etot   =    -85544.5263  EKtot   =     19198.9492  EPtot      =   -104743.4755
 BOND   =       289.9679  ANGLE   =       572.9872  DIHED      =      1051.2557
 1-4 NB =       287.7745  1-4 EEL =     -3763.6373  VDWAALS    =     13207.2946
 EELEC  =   -116389.1182  EHBOND  =         0.0000  RESTRAINT  =         0.0000
 ------------------------------------------------------------------------------


 NSTEP =     5200   TIME(PS) =      38.400  TEMP(K) =   304.16  PRESS =     0.0
 Etot   =    -85519.3993  EKtot   =     19226.0586  EPtot      =   -104745.4579
 BOND   =       280.7313  ANGLE   =       601.7507  DIHED      =      1055.1629
 1-4 NB =       289.9674  1-4 EEL =     -3719.9821  VDWAALS    =     13075.4301
 EELEC  =   -116328.5182  EHBOND  =         0.0000  RESTRAINT  =         0.0000
 ------------------------------------------------------------------------------


 NSTEP =     5250   TIME(PS) =      38.500  TEMP(K) =   302.66  PRESS =     0.0
 Etot   =    -85489.2990  EKtot   =     19131.4004  EPtot      =   -104620.6994
 BOND   =       269.5290  ANGLE   =       580.6499  DIHED      =      1048.7451
 1-4 NB =       279.0437  1-4 EEL =     -3737.7574  VDWAALS    =     12890.2913
 EELEC  =   -115951.2010  EHBOND  =         0.0000  RESTRAINT  =         0.0000
 ------------------------------------------------------------------------------


 NSTEP =     5300   TIME(PS) =      38.600  TEMP(K) =   300.60  PRESS =     0.0
 Etot   =    -85454.7657  EKtot   =     19001.1504  EPtot      =   -104455.9161
 BOND   =       286.6153  ANGLE   =       577.2972  DIHED      =      1042.3219
 1-4 NB =       293.3567  1-4 EEL =     -3762.6424  VDWAALS    =     13170.7768
 EELEC  =   -116063.6416  EHBOND  =         0.0000  RESTRAINT  =         0.0000
 ------------------------------------------------------------------------------


 NSTEP =     5350   TIME(PS) =      38.700  TEMP(K) =   304.25  PRESS =     0.0
 Etot   =    -85429.6008  EKtot   =     19231.9707  EPtot      =   -104661.5716
 BOND   =       273.7598  ANGLE   =       586.4604  DIHED      =      1051.1455
 1-4 NB =       278.0033  1-4 EEL =     -3761.8597  VDWAALS    =     13023.5644
 EELEC  =   -116112.6452  EHBOND  =         0.0000  RESTRAINT  =         0.0000
 ------------------------------------------------------------------------------


 NSTEP =     5400   TIME(PS) =      38.800  TEMP(K) =   302.46  PRESS =     0.0
 Etot   =    -85399.3649  EKtot   =     19118.7793  EPtot      =   -104518.1442
 BOND   =       273.7964  ANGLE   =       600.5272  DIHED      =      1038.4777
 1-4 NB =       295.6277  1-4 EEL =     -3765.5918  VDWAALS    =     13016.0931
 EELEC  =   -115977.0744  EHBOND  =         0.0000  RESTRAINT  =         0.0000
 ------------------------------------------------------------------------------


 NSTEP =     5450   TIME(PS) =      38.900  TEMP(K) =   302.42  PRESS =     0.0
 Etot   =    -85367.1505  EKtot   =     19116.3242  EPtot      =   -104483.4747
 BOND   =       295.5725  ANGLE   =       586.4633  DIHED      =      1032.0971
 1-4 NB =       281.3786  1-4 EEL =     -3776.9962  VDWAALS    =     12982.8437
 EELEC  =   -115884.8335  EHBOND  =         0.0000  RESTRAINT  =         0.0000
 ------------------------------------------------------------------------------


 NSTEP =     5500   TIME(PS) =      39.000  TEMP(K) =   305.38  PRESS =     0.0
 Etot   =    -85340.6290  EKtot   =     19303.3730  EPtot      =   -104644.0021
 BOND   =       301.4840  ANGLE   =       573.1874  DIHED      =      1025.6138
 1-4 NB =       287.0364  1-4 EEL =     -3719.8932  VDWAALS    =     13055.1765
 EELEC  =   -116166.6070  EHBOND  =         0.0000  RESTRAINT  =         0.0000
 ------------------------------------------------------------------------------


 NSTEP =     5550   TIME(PS) =      39.100  TEMP(K) =   302.68  PRESS =     0.0
 Etot   =    -85315.1823  EKtot   =     19132.4590  EPtot      =   -104447.6413
 BOND   =       287.2095  ANGLE   =       584.5669  DIHED      =      1038.0763
 1-4 NB =       285.7230  1-4 EEL =     -3760.8191  VDWAALS    =     13252.6507
 EELEC  =   -116135.0487  EHBOND  =         0.0000  RESTRAINT  =         0.0000
 ------------------------------------------------------------------------------


 NSTEP =     5600   TIME(PS) =      39.200  TEMP(K) =   305.10  PRESS =     0.0
 Etot   =    -85292.5694  EKtot   =     19285.2910  EPtot      =   -104577.8604
 BOND   =       269.9440  ANGLE   =       608.4349  DIHED      =      1032.1611
 1-4 NB =       295.5115  1-4 EEL =     -3751.9555  VDWAALS    =     13309.9578
 EELEC  =   -116341.9143  EHBOND  =         0.0000  RESTRAINT  =         0.0000
 ------------------------------------------------------------------------------


 NSTEP =     5650   TIME(PS) =      39.300  TEMP(K) =   306.87  PRESS =     0.0
 Etot   =    -85272.4116  EKtot   =     19397.6367  EPtot      =   -104670.0483
 BOND   =       288.9183  ANGLE   =       569.6536  DIHED      =      1035.4264
 1-4 NB =       292.7971  1-4 EEL =     -3768.1454  VDWAALS    =     13024.7078
 EELEC  =   -116113.4061  EHBOND  =         0.0000  RESTRAINT  =         0.0000
 ------------------------------------------------------------------------------


 NSTEP =     5700   TIME(PS) =      39.400  TEMP(K) =   304.91  PRESS =     0.0
 Etot   =    -85250.9343  EKtot   =     19273.4355  EPtot      =   -104524.3699
 BOND   =       294.4074  ANGLE   =       564.6313  DIHED      =      1033.4842
 1-4 NB =       272.5554  1-4 EEL =     -3755.4587  VDWAALS    =     13261.7427
 EELEC  =   -116195.7321  EHBOND  =         0.0000  RESTRAINT  =         0.0000
 ------------------------------------------------------------------------------


 NSTEP =     5750   TIME(PS) =      39.500  TEMP(K) =   306.30  PRESS =     0.0
 Etot   =    -85226.8940  EKtot   =     19361.1055  EPtot      =   -104587.9995
 BOND   =       280.8849  ANGLE   =       543.5623  DIHED      =      1034.2325
 1-4 NB =       293.3752  1-4 EEL =     -3749.5911  VDWAALS    =     13042.8627
 EELEC  =   -116033.3260  EHBOND  =         0.0000  RESTRAINT  =         0.0000
 ------------------------------------------------------------------------------


 NSTEP =     5800   TIME(PS) =      39.600  TEMP(K) =   303.67  PRESS =     0.0
 Etot   =    -85203.8000  EKtot   =     19195.1699  EPtot      =   -104398.9699
 BOND   =       298.6370  ANGLE   =       550.0979  DIHED      =      1031.1434
 1-4 NB =       289.0475  1-4 EEL =     -3763.3617  VDWAALS    =     13041.4988
 EELEC  =   -115846.0329  EHBOND  =         0.0000  RESTRAINT  =         0.0000
 ------------------------------------------------------------------------------


 NSTEP =     5850   TIME(PS) =      39.700  TEMP(K) =   303.58  PRESS =     0.0
 Etot   =    -85177.3623  EKtot   =     19189.2539  EPtot      =   -104366.6162
 BOND   =       293.1075  ANGLE   =       566.0169  DIHED      =      1035.6613
 1-4 NB =       289.7561  1-4 EEL =     -3738.9502  VDWAALS    =     13080.4176
 EELEC  =   -115892.6254  EHBOND  =         0.0000  RESTRAINT  =         0.0000
 ------------------------------------------------------------------------------


 NSTEP =     5900   TIME(PS) =      39.800  TEMP(K) =   305.59  PRESS =     0.0
 Etot   =    -85150.3468  EKtot   =     19316.2500  EPtot      =   -104466.5968
 BOND   =       280.3484  ANGLE   =       581.3479  DIHED      =      1044.1203
 1-4 NB =       289.7114  1-4 EEL =     -3787.7217  VDWAALS    =     12983.1797
 EELEC  =   -115857.5828  EHBOND  =         0.0000  RESTRAINT  =         0.0000
 ------------------------------------------------------------------------------


 NSTEP =     5950   TIME(PS) =      39.900  TEMP(K) =   305.74  PRESS =     0.0
 Etot   =    -85125.4499  EKtot   =     19326.1055  EPtot      =   -104451.5553
 BOND   =       304.4686  ANGLE   =       560.9896  DIHED      =      1032.9974
 1-4 NB =       292.5779  1-4 EEL =     -3749.1571  VDWAALS    =     13132.3197
 EELEC  =   -116025.7514  EHBOND  =         0.0000  RESTRAINT  =         0.0000
 ------------------------------------------------------------------------------

check COM velocity, temp:        0.000004     0.00(Removed)

 NSTEP =     6000   TIME(PS) =      40.000  TEMP(K) =   303.86  PRESS =     0.0
 Etot   =    -85104.8391  EKtot   =     19207.1914  EPtot      =   -104312.0305
 BOND   =       290.3792  ANGLE   =       578.5624  DIHED      =      1026.4678
 1-4 NB =       293.1894  1-4 EEL =     -3738.6581  VDWAALS    =     12729.2841
 EELEC  =   -115491.2552  EHBOND  =         0.0000  RESTRAINT  =         0.0000
 ------------------------------------------------------------------------------


      A V E R A G E S   O V E R     120 S T E P S


 NSTEP =     6000   TIME(PS) =      40.000  TEMP(K) =   285.69  PRESS =     0.0
 Etot   =    -88831.9618  EKtot   =     18058.8181  EPtot      =   -106890.7799
 BOND   =       267.1849  ANGLE   =       555.4775  DIHED      =      1037.2823
 1-4 NB =       286.9793  1-4 EEL =     -3760.2470  VDWAALS    =     13895.9647
 EELEC  =   -119173.4214  EHBOND  =         0.0000  RESTRAINT  =         0.0000
 ------------------------------------------------------------------------------


      R M S  F L U C T U A T I O N S


 NSTEP =     6000   TIME(PS) =      40.000  TEMP(K) =    17.06  PRESS =     0.0
 Etot   =      3377.2612  EKtot   =      1078.4791  EPtot      =      2304.9822
 BOND   =        23.9379  ANGLE   =        37.8487  DIHED      =        12.6166
 1-4 NB =         6.6178  1-4 EEL =        19.6051  VDWAALS    =       828.4819
 EELEC  =      3056.4352  EHBOND  =         0.0000  RESTRAINT  =         0.0000
 ------------------------------------------------------------------------------

--------------------------------------------------------------------------------
   5.  TIMINGS
--------------------------------------------------------------------------------

|  NonSetup CPU Time in Major Routines:
|
|     Routine           Sec        %
|     ------------------------------
|     Nonbond          10.18   21.25
|     Bond              0.00    0.00
|     Angle             0.00    0.00
|     Dihedral          0.00    0.00
|     Shake             0.04    0.08
|     RunMD            37.66   78.64
|     Other             0.01    0.03
|     ------------------------------
|     Total            47.89

|  PME Nonbond Pairlist CPU Time:
|
|     Routine              Sec        %
|     ---------------------------------
|     Set Up Cit           0.00    0.00
|     Build List           0.00    0.00
|     ---------------------------------
|     Total                0.00    0.00

|  PME Direct Force CPU Time:
|
|     Routine              Sec        %
|     ---------------------------------
|     NonBonded Calc       0.00    0.00
|     Exclude Masked       0.00    0.00
|     Other                0.01    0.02
|     ---------------------------------
|     Total                0.01    0.02

|  PME Reciprocal Force CPU Time:
|
|     Routine              Sec        %
|     ---------------------------------
|     1D bspline           0.00    0.00
|     Grid Charges         0.00    0.00
|     Scalar Sum           0.00    0.00
|     Gradient Sum         0.00    0.00
|     FFT                  0.00    0.00
|     ---------------------------------
|     Total                0.00    0.00

|  Final Performance Info:
|     -----------------------------------------------------
|     Average timings for last    5950 steps:
|     Elapsed(s) =      47.80 Per Step(ms) =       8.03
|         ns/day =      21.51   seconds/ns =    4017.17
|
|     Average timings for all steps:
|     Elapsed(s) =      48.39 Per Step(ms) =       8.07
|         ns/day =      21.42   seconds/ns =    4032.79
|     -----------------------------------------------------

|  Setup CPU time:            1.48 seconds
|  NonSetup CPU time:        47.89 seconds
|  Total CPU time:           49.37 seconds     0.01 hours

|  Setup wall time:           2    seconds
|  NonSetup wall time:       48    seconds
|  Total wall time:          50    seconds     0.01 hours
