
          -------------------------------------------------------
          Amber 16 PMEMD                              2016
          -------------------------------------------------------

| PMEMD implementation of SANDER, Release 16

| Run on 06/04/2024 at 22:37:46

|   Executable path: pmemd.cuda
| Working directory: /home/students/keyq/fuben4/7/7LC
|          Hostname: master

  [-O]verwriting output

File Assignments:
|   MDIN: heat3.in                                                              
|  MDOUT: cmp_heat3.out                                                         
| INPCRD: cmp_heat2.rst                                                         
|   PARM: cmp.prmtop                                                            
| RESTRT: cmp_heat3.rst                                                         
|   REFC: cmp.inpcrd                                                            
|  MDVEL: mdvel                                                                 
|   MDEN: mden                                                                  
|  MDCRD: cmp_heat3.mdcrd                                                       
| MDINFO: mdinfo                                                                
|  MDFRC: mdfrc                                                                 


 Here is the input file:

Stage 2 equilibration 1 0-5ns                                                  
 &cntrl                                                                        
  imin=0, irest=1, ntx=5,                                                      
  nstlim=2500, dt=0.002,                                                       
  ntc=2, ntf=2,                                                                
  ntt=1, tautp=1.5,                                                            
  tempi=100.0, temp0=150.0,                                                    
  ntpr=50, ntwx=50,                                                            
  ntb=1,                                                                       
  cut=10,                                                                      
 /                                                                             


Note: ig = -1. Setting random seed to   989203 based on wallclock time in 
      microseconds.
 
|--------------------- INFORMATION ----------------------
| GPU (CUDA) Version of PMEMD in use: NVIDIA GPU IN USE.
|                    Version 16.0.0
| 
|                      02/25/2016
| 
| Implementation by:
|                    Ross C. Walker     (SDSC)
|                    Scott Le Grand     (nVIDIA)
| 
| Precision model in use:
|      [SPFP] - Single Precision Forces, 64-bit Fixed Point
|               Accumulation. (Default)
| 
|--------------------------------------------------------
 
|----------------- CITATION INFORMATION -----------------
|
|    When publishing work that utilized the CUDA version
|    of AMBER, please cite the following in addition to
|    the regular AMBER citations:
|
|  - Romelia Salomon-Ferrer; Andreas W. Goetz; Duncan
|    Poole; Scott Le Grand; Ross C. Walker "Routine
|    microsecond molecular dynamics simulations with
|    AMBER - Part II: Particle Mesh Ewald", J. Chem.
|    Theory Comput., 2013, 9 (9), pp3878-3888,
|    DOI: 10.1021/ct400314y.
|
|  - Andreas W. Goetz; Mark J. Williamson; Dong Xu;
|    Duncan Poole; Scott Le Grand; Ross C. Walker
|    "Routine microsecond molecular dynamics simulations
|    with AMBER - Part I: Generalized Born", J. Chem.
|    Theory Comput., 2012, 8 (5), pp1542-1555.
|
|  - Scott Le Grand; Andreas W. Goetz; Ross C. Walker
|    "SPFP: Speed without compromise - a mixed precision
|    model for GPU accelerated molecular dynamics
|    simulations.", Comp. Phys. Comm., 2013, 184
|    pp374-380, DOI: 10.1016/j.cpc.2012.09.022
|
|--------------------------------------------------------
 
|------------------- GPU DEVICE INFO --------------------
|
|            CUDA_VISIBLE_DEVICES: 0
|   CUDA Capable Devices Detected:      1
|           CUDA Device ID in use:      0
|                CUDA Device Name: Tesla V100-PCIE-32GB
|     CUDA Device Global Mem Size:  32510 MB
| CUDA Device Num Multiprocessors:     80
|           CUDA Device Core Freq:   1.38 GHz
|
|--------------------------------------------------------
 
 
| Conditional Compilation Defines Used:
| PUBFFT
| BINTRAJ
| CUDA
| EMIL

| Largest sphere to fit in unit cell has radius =    31.887

| New format PARM file being parsed.
| Version =    1.000 Date = 11/01/20 Time = 19:53:19

| Note: 1-4 EEL scale factors are being read from the topology file.

| Note: 1-4 VDW scale factors are being read from the topology file.
| Duplicated    0 dihedrals

| Duplicated    0 dihedrals

--------------------------------------------------------------------------------
   1.  RESOURCE   USE: 
--------------------------------------------------------------------------------

 getting box info from netcdf restart file
 NATOM  =   32397 NTYPES =      18 NBONH =   31674 MBONA  =     774
 NTHETH =     898 MTHETA =    1191 NPHIH =    1825 MPHIA  =    2463
 NHPARM =       0 NPARM  =       0 NNB   =   47718 NRES   =   10497
 NBONA  =     774 NTHETA =    1191 NPHIA =    2463 NUMBND =      61
 NUMANG =     127 NPTRA  =      75 NATYP =      34 NPHB   =       1
 IFBOX  =       2 NMXRS  =      33 IFCAP =       0 NEXTRA =       0
 NCOPY  =       0

| Coordinate Index Table dimensions:    12   12   12
| Direct force subcell size =     6.5088    6.5088    6.5088

     BOX TYPE: TRUNCATED OCTAHEDRON

--------------------------------------------------------------------------------
   2.  CONTROL  DATA  FOR  THE  RUN
--------------------------------------------------------------------------------

default_name                                                                    

General flags:
     imin    =       0, nmropt  =       0

Nature and format of input:
     ntx     =       5, irest   =       1, ntrx    =       1

Nature and format of output:
     ntxo    =       2, ntpr    =      50, ntrx    =       1, ntwr    =    2500
     iwrap   =       0, ntwx    =      50, ntwv    =       0, ntwe    =       0
     ioutfm  =       1, ntwprt  =       0, idecomp =       0, rbornstat=      0

Potential function:
     ntf     =       2, ntb     =       1, igb     =       0, nsnb    =      25
     ipol    =       0, gbsa    =       0, iesp    =       0
     dielc   =   1.00000, cut     =  10.00000, intdiel =   1.00000

Frozen or restrained atoms:
     ibelly  =       0, ntr     =       0

Molecular dynamics:
     nstlim  =      2500, nscm    =      1000, nrespa  =         1
     t       =   0.00000, dt      =   0.00200, vlimit  =  -1.00000

Berendsen (weak-coupling) temperature regulation:
     temp0   = 150.00000, tempi   = 100.00000, tautp   =   1.50000

SHAKE:
     ntc     =       2, jfastw  =       0
     tol     =   0.00001

| Intermolecular bonds treatment:
|     no_intermolecular_bonds =       1

| Energy averages sample interval:
|     ene_avg_sampling =      50

Ewald parameters:
     verbose =       0, ew_type =       0, nbflag  =       1, use_pme =       1
     vdwmeth =       1, eedmeth =       1, netfrc  =       1
     Box X =   78.106   Box Y =   78.106   Box Z =   78.106
     Alpha =  109.471   Beta  =  109.471   Gamma =  109.471
     NFFT1 =   80       NFFT2 =   80       NFFT3 =   80
     Cutoff=   10.000   Tol   =0.100E-04
     Ewald Coefficient =  0.27511
     Interpolation order =    4

--------------------------------------------------------------------------------
   3.  ATOMIC COORDINATES AND VELOCITIES
--------------------------------------------------------------------------------

default_name                                                                    
 begin time read from input coords =    10.000 ps

 
 Number of triangulated 3-point waters found:    10431

     Sum of charges from parm topology file =   0.00000020
     Forcing neutrality...

| Dynamic Memory, Types Used:
| Reals              955245
| Integers           789544

| Nonbonded Pairs Initial Allocation:     9799282

| GPU memory information (estimate):
| KB of GPU memory in use:    166377
| KB of CPU memory in use:     55245

--------------------------------------------------------------------------------
   4.  RESULTS
--------------------------------------------------------------------------------

 ---------------------------------------------------
 APPROXIMATING switch and d/dx switch using CUBIC SPLINE INTERPOLATION
 using   5000.0 points per unit in tabled values
 TESTING RELATIVE ERROR over r ranging from 0.0 to cutoff
| CHECK switch(x): max rel err =   0.2738E-14   at   2.422500
| CHECK d/dx switch(x): max rel err =   0.8314E-11   at   2.736960
 ---------------------------------------------------
|---------------------------------------------------
| APPROXIMATING direct energy using CUBIC SPLINE INTERPOLATION
|  with   50.0 points per unit in tabled values
| Relative Error Limit not exceeded for r .gt.   2.33
| APPROXIMATING direct force using CUBIC SPLINE INTERPOLATION
|  with   50.0 points per unit in tabled values
| Relative Error Limit not exceeded for r .gt.   2.80
|---------------------------------------------------

 NSTEP =       50   TIME(PS) =      10.100  TEMP(K) =    93.93  PRESS =     0.0
 Etot   =   -124315.4245  EKtot   =      6114.5366  EPtot      =   -130429.9611
 BOND   =        81.9045  ANGLE   =       225.4759  DIHED      =       971.1655
 1-4 NB =       263.8820  1-4 EEL =     -4809.9528  VDWAALS    =     21528.4672
 EELEC  =   -148690.9034  EHBOND  =         0.0000  RESTRAINT  =         0.0000
 ------------------------------------------------------------------------------


 NSTEP =      100   TIME(PS) =      10.200  TEMP(K) =    96.65  PRESS =     0.0
 Etot   =   -124080.5275  EKtot   =      6291.3721  EPtot      =   -130371.8996
 BOND   =        78.1377  ANGLE   =       231.4626  DIHED      =       962.5381
 1-4 NB =       269.9850  1-4 EEL =     -4810.4087  VDWAALS    =     21439.4777
 EELEC  =   -148543.0921  EHBOND  =         0.0000  RESTRAINT  =         0.0000
 ------------------------------------------------------------------------------


 NSTEP =      150   TIME(PS) =      10.300  TEMP(K) =    98.02  PRESS =     0.0
 Etot   =   -123852.3904  EKtot   =      6380.4868  EPtot      =   -130232.8772
 BOND   =        85.2627  ANGLE   =       219.7949  DIHED      =       972.2354
 1-4 NB =       262.9015  1-4 EEL =     -4795.8795  VDWAALS    =     21349.6352
 EELEC  =   -148326.8274  EHBOND  =         0.0000  RESTRAINT  =         0.0000
 ------------------------------------------------------------------------------


 NSTEP =      200   TIME(PS) =      10.400  TEMP(K) =    99.59  PRESS =     0.0
 Etot   =   -123629.4679  EKtot   =      6482.5708  EPtot      =   -130112.0387
 BOND   =        83.0992  ANGLE   =       238.2931  DIHED      =       977.0529
 1-4 NB =       264.8367  1-4 EEL =     -4803.2708  VDWAALS    =     21220.2998
 EELEC  =   -148092.3497  EHBOND  =         0.0000  RESTRAINT  =         0.0000
 ------------------------------------------------------------------------------


 NSTEP =      250   TIME(PS) =      10.500  TEMP(K) =   100.88  PRESS =     0.0
 Etot   =   -123413.8839  EKtot   =      6566.7104  EPtot      =   -129980.5943
 BOND   =        83.9070  ANGLE   =       234.4737  DIHED      =       964.8074
 1-4 NB =       257.2576  1-4 EEL =     -4798.7526  VDWAALS    =     21231.9134
 EELEC  =   -147954.2007  EHBOND  =         0.0000  RESTRAINT  =         0.0000
 ------------------------------------------------------------------------------


 NSTEP =      300   TIME(PS) =      10.600  TEMP(K) =   103.13  PRESS =     0.0
 Etot   =   -123205.5105  EKtot   =      6713.0605  EPtot      =   -129918.5710
 BOND   =        79.0360  ANGLE   =       229.5731  DIHED      =       963.2583
 1-4 NB =       272.2957  1-4 EEL =     -4793.5445  VDWAALS    =     21311.4307
 EELEC  =   -147980.6203  EHBOND  =         0.0000  RESTRAINT  =         0.0000
 ------------------------------------------------------------------------------


 NSTEP =      350   TIME(PS) =      10.700  TEMP(K) =   104.19  PRESS =     0.0
 Etot   =   -123004.4002  EKtot   =      6782.0913  EPtot      =   -129786.4915
 BOND   =        79.2318  ANGLE   =       238.6046  DIHED      =       971.6081
 1-4 NB =       262.2551  1-4 EEL =     -4793.6606  VDWAALS    =     21172.7549
 EELEC  =   -147717.2852  EHBOND  =         0.0000  RESTRAINT  =         0.0000
 ------------------------------------------------------------------------------


 NSTEP =      400   TIME(PS) =      10.800  TEMP(K) =   106.47  PRESS =     0.0
 Etot   =   -122809.8930  EKtot   =      6930.8159  EPtot      =   -129740.7089
 BOND   =        88.5264  ANGLE   =       236.9217  DIHED      =       971.5508
 1-4 NB =       267.4146  1-4 EEL =     -4793.4580  VDWAALS    =     21279.7287
 EELEC  =   -147791.3931  EHBOND  =         0.0000  RESTRAINT  =         0.0000
 ------------------------------------------------------------------------------


 NSTEP =      450   TIME(PS) =      10.900  TEMP(K) =   106.88  PRESS =     0.0
 Etot   =   -122620.8376  EKtot   =      6957.0801  EPtot      =   -129577.9176
 BOND   =        82.4573  ANGLE   =       245.6378  DIHED      =       972.5817
 1-4 NB =       268.0031  1-4 EEL =     -4799.6363  VDWAALS    =     21080.0277
 EELEC  =   -147426.9891  EHBOND  =         0.0000  RESTRAINT  =         0.0000
 ------------------------------------------------------------------------------


 NSTEP =      500   TIME(PS) =      11.000  TEMP(K) =   107.75  PRESS =     0.0
 Etot   =   -122434.2952  EKtot   =      7014.0635  EPtot      =   -129448.3587
 BOND   =        92.5103  ANGLE   =       238.7168  DIHED      =       977.0105
 1-4 NB =       262.4690  1-4 EEL =     -4807.6396  VDWAALS    =     21145.9568
 EELEC  =   -147357.3825  EHBOND  =         0.0000  RESTRAINT  =         0.0000
 ------------------------------------------------------------------------------


 NSTEP =      550   TIME(PS) =      11.100  TEMP(K) =   109.68  PRESS =     0.0
 Etot   =   -122255.7078  EKtot   =      7139.2456  EPtot      =   -129394.9534
 BOND   =        86.2800  ANGLE   =       230.1795  DIHED      =       981.9507
 1-4 NB =       266.3125  1-4 EEL =     -4801.9792  VDWAALS    =     21100.3343
 EELEC  =   -147258.0312  EHBOND  =         0.0000  RESTRAINT  =         0.0000
 ------------------------------------------------------------------------------


 NSTEP =      600   TIME(PS) =      11.200  TEMP(K) =   111.53  PRESS =     0.0
 Etot   =   -122085.0154  EKtot   =      7260.0215  EPtot      =   -129345.0369
 BOND   =        90.0564  ANGLE   =       244.4000  DIHED      =       974.6968
 1-4 NB =       262.5689  1-4 EEL =     -4806.7228  VDWAALS    =     21123.0578
 EELEC  =   -147233.0939  EHBOND  =         0.0000  RESTRAINT  =         0.0000
 ------------------------------------------------------------------------------


 NSTEP =      650   TIME(PS) =      11.300  TEMP(K) =   111.72  PRESS =     0.0
 Etot   =   -121916.9427  EKtot   =      7272.1392  EPtot      =   -129189.0819
 BOND   =        94.2702  ANGLE   =       239.8554  DIHED      =       978.9836
 1-4 NB =       267.2644  1-4 EEL =     -4816.3816  VDWAALS    =     21327.9025
 EELEC  =   -147280.9763  EHBOND  =         0.0000  RESTRAINT  =         0.0000
 ------------------------------------------------------------------------------


 NSTEP =      700   TIME(PS) =      11.400  TEMP(K) =   113.52  PRESS =     0.0
 Etot   =   -121756.1284  EKtot   =      7389.6738  EPtot      =   -129145.8023
 BOND   =        94.9430  ANGLE   =       240.5017  DIHED      =       975.3740
 1-4 NB =       262.2861  1-4 EEL =     -4802.7812  VDWAALS    =     21057.3708
 EELEC  =   -146973.4968  EHBOND  =         0.0000  RESTRAINT  =         0.0000
 ------------------------------------------------------------------------------


 NSTEP =      750   TIME(PS) =      11.500  TEMP(K) =   115.33  PRESS =     0.0
 Etot   =   -121602.8477  EKtot   =      7507.3799  EPtot      =   -129110.2276
 BOND   =        84.9865  ANGLE   =       239.3303  DIHED      =       973.9979
 1-4 NB =       273.6490  1-4 EEL =     -4789.1574  VDWAALS    =     21180.4491
 EELEC  =   -147073.4830  EHBOND  =         0.0000  RESTRAINT  =         0.0000
 ------------------------------------------------------------------------------


 NSTEP =      800   TIME(PS) =      11.600  TEMP(K) =   115.95  PRESS =     0.0
 Etot   =   -121454.3207  EKtot   =      7547.9746  EPtot      =   -129002.2953
 BOND   =        96.2750  ANGLE   =       249.9249  DIHED      =       976.2352
 1-4 NB =       268.1879  1-4 EEL =     -4807.3652  VDWAALS    =     21028.0985
 EELEC  =   -146813.6516  EHBOND  =         0.0000  RESTRAINT  =         0.0000
 ------------------------------------------------------------------------------


 NSTEP =      850   TIME(PS) =      11.700  TEMP(K) =   116.26  PRESS =     0.0
 Etot   =   -121305.9610  EKtot   =      7567.6758  EPtot      =   -128873.6367
 BOND   =        92.9306  ANGLE   =       254.1953  DIHED      =       983.3847
 1-4 NB =       259.3725  1-4 EEL =     -4811.9362  VDWAALS    =     21062.7048
 EELEC  =   -146714.2885  EHBOND  =         0.0000  RESTRAINT  =         0.0000
 ------------------------------------------------------------------------------


 NSTEP =      900   TIME(PS) =      11.800  TEMP(K) =   117.81  PRESS =     0.0
 Etot   =   -121164.6690  EKtot   =      7668.6611  EPtot      =   -128833.3302
 BOND   =        94.2952  ANGLE   =       242.9690  DIHED      =       981.5960
 1-4 NB =       267.9741  1-4 EEL =     -4818.6904  VDWAALS    =     21004.7956
 EELEC  =   -146606.2698  EHBOND  =         0.0000  RESTRAINT  =         0.0000
 ------------------------------------------------------------------------------


 NSTEP =      950   TIME(PS) =      11.900  TEMP(K) =   119.23  PRESS =     0.0
 Etot   =   -121027.4510  EKtot   =      7761.4653  EPtot      =   -128788.9164
 BOND   =        95.8673  ANGLE   =       250.3478  DIHED      =       974.4793
 1-4 NB =       264.5803  1-4 EEL =     -4796.2671  VDWAALS    =     20946.2681
 EELEC  =   -146524.1921  EHBOND  =         0.0000  RESTRAINT  =         0.0000
 ------------------------------------------------------------------------------

check COM velocity, temp:        0.000012     0.00(Removed)

 NSTEP =     1000   TIME(PS) =      12.000  TEMP(K) =   120.36  PRESS =     0.0
 Etot   =   -120895.0674  EKtot   =      7834.6348  EPtot      =   -128729.7021
 BOND   =        93.6776  ANGLE   =       257.2210  DIHED      =       979.5080
 1-4 NB =       261.6365  1-4 EEL =     -4796.4853  VDWAALS    =     20820.4224
 EELEC  =   -146345.6824  EHBOND  =         0.0000  RESTRAINT  =         0.0000
 ------------------------------------------------------------------------------


 NSTEP =     1050   TIME(PS) =      12.100  TEMP(K) =   120.98  PRESS =     0.0
 Etot   =   -120767.5443  EKtot   =      7875.1250  EPtot      =   -128642.6693
 BOND   =        91.0567  ANGLE   =       253.8032  DIHED      =       981.3525
 1-4 NB =       266.2937  1-4 EEL =     -4798.6533  VDWAALS    =     20899.2640
 EELEC  =   -146335.7861  EHBOND  =         0.0000  RESTRAINT  =         0.0000
 ------------------------------------------------------------------------------


 NSTEP =     1100   TIME(PS) =      12.200  TEMP(K) =   122.78  PRESS =     0.0
 Etot   =   -120643.2639  EKtot   =      7992.0059  EPtot      =   -128635.2698
 BOND   =        93.6603  ANGLE   =       257.2749  DIHED      =       976.7926
 1-4 NB =       260.5101  1-4 EEL =     -4806.4874  VDWAALS    =     21029.0524
 EELEC  =   -146446.0726  EHBOND  =         0.0000  RESTRAINT  =         0.0000
 ------------------------------------------------------------------------------


 NSTEP =     1150   TIME(PS) =      12.300  TEMP(K) =   122.50  PRESS =     0.0
 Etot   =   -120523.8850  EKtot   =      7974.3643  EPtot      =   -128498.2492
 BOND   =        91.4852  ANGLE   =       260.6072  DIHED      =       976.3082
 1-4 NB =       268.8891  1-4 EEL =     -4800.1111  VDWAALS    =     20841.8228
 EELEC  =   -146137.2506  EHBOND  =         0.0000  RESTRAINT  =         0.0000
 ------------------------------------------------------------------------------


 NSTEP =     1200   TIME(PS) =      12.400  TEMP(K) =   123.86  PRESS =     0.0
 Etot   =   -120407.3189  EKtot   =      8062.2837  EPtot      =   -128469.6026
 BOND   =        89.6596  ANGLE   =       254.6806  DIHED      =       971.6451
 1-4 NB =       270.7558  1-4 EEL =     -4789.7089  VDWAALS    =     20828.2741
 EELEC  =   -146094.9089  EHBOND  =         0.0000  RESTRAINT  =         0.0000
 ------------------------------------------------------------------------------


 NSTEP =     1250   TIME(PS) =      12.500  TEMP(K) =   124.87  PRESS =     0.0
 Etot   =   -120296.0989  EKtot   =      8128.5288  EPtot      =   -128424.6277
 BOND   =        98.0921  ANGLE   =       268.9066  DIHED      =       971.1523
 1-4 NB =       261.4403  1-4 EEL =     -4814.0105  VDWAALS    =     20648.6511
 EELEC  =   -145858.8597  EHBOND  =         0.0000  RESTRAINT  =         0.0000
 ------------------------------------------------------------------------------


 NSTEP =     1300   TIME(PS) =      12.600  TEMP(K) =   124.71  PRESS =     0.0
 Etot   =   -120184.3904  EKtot   =      8117.7905  EPtot      =   -128302.1810
 BOND   =        96.9562  ANGLE   =       267.4256  DIHED      =       981.5580
 1-4 NB =       265.6321  1-4 EEL =     -4813.0391  VDWAALS    =     20765.1238
 EELEC  =   -145865.8375  EHBOND  =         0.0000  RESTRAINT  =         0.0000
 ------------------------------------------------------------------------------


 NSTEP =     1350   TIME(PS) =      12.700  TEMP(K) =   125.42  PRESS =     0.0
 Etot   =   -120079.6913  EKtot   =      8164.1851  EPtot      =   -128243.8764
 BOND   =       101.6928  ANGLE   =       260.2417  DIHED      =       980.2482
 1-4 NB =       266.5695  1-4 EEL =     -4806.2830  VDWAALS    =     20805.3601
 EELEC  =   -145851.7056  EHBOND  =         0.0000  RESTRAINT  =         0.0000
 ------------------------------------------------------------------------------


 NSTEP =     1400   TIME(PS) =      12.800  TEMP(K) =   126.56  PRESS =     0.0
 Etot   =   -119976.4024  EKtot   =      8238.2910  EPtot      =   -128214.6934
 BOND   =        98.0314  ANGLE   =       270.8713  DIHED      =       975.7966
 1-4 NB =       266.3341  1-4 EEL =     -4796.2030  VDWAALS    =     20769.7107
 EELEC  =   -145799.2345  EHBOND  =         0.0000  RESTRAINT  =         0.0000
 ------------------------------------------------------------------------------


 NSTEP =     1450   TIME(PS) =      12.900  TEMP(K) =   128.63  PRESS =     0.0
 Etot   =   -119878.5740  EKtot   =      8373.0615  EPtot      =   -128251.6355
 BOND   =       102.2153  ANGLE   =       259.1863  DIHED      =       982.9567
 1-4 NB =       259.6470  1-4 EEL =     -4805.2441  VDWAALS    =     20870.7606
 EELEC  =   -145921.1574  EHBOND  =         0.0000  RESTRAINT  =         0.0000
 ------------------------------------------------------------------------------


 NSTEP =     1500   TIME(PS) =      13.000  TEMP(K) =   128.24  PRESS =     0.0
 Etot   =   -119785.2163  EKtot   =      8347.5566  EPtot      =   -128132.7730
 BOND   =        99.5104  ANGLE   =       263.3696  DIHED      =       976.8658
 1-4 NB =       264.3625  1-4 EEL =     -4818.8600  VDWAALS    =     20727.6222
 EELEC  =   -145645.6434  EHBOND  =         0.0000  RESTRAINT  =         0.0000
 ------------------------------------------------------------------------------


 NSTEP =     1550   TIME(PS) =      13.100  TEMP(K) =   128.82  PRESS =     0.0
 Etot   =   -119691.4357  EKtot   =      8385.5078  EPtot      =   -128076.9435
 BOND   =        85.1051  ANGLE   =       257.0418  DIHED      =       974.6923
 1-4 NB =       266.0141  1-4 EEL =     -4788.3092  VDWAALS    =     20772.6169
 EELEC  =   -145644.1045  EHBOND  =         0.0000  RESTRAINT  =         0.0000
 ------------------------------------------------------------------------------


 NSTEP =     1600   TIME(PS) =      13.200  TEMP(K) =   130.50  PRESS =     0.0
 Etot   =   -119603.1563  EKtot   =      8495.0381  EPtot      =   -128098.1944
 BOND   =       101.0891  ANGLE   =       257.2604  DIHED      =       972.3523
 1-4 NB =       262.2035  1-4 EEL =     -4789.6804  VDWAALS    =     20665.8080
 EELEC  =   -145567.2272  EHBOND  =         0.0000  RESTRAINT  =         0.0000
 ------------------------------------------------------------------------------


 NSTEP =     1650   TIME(PS) =      13.300  TEMP(K) =   130.72  PRESS =     0.0
 Etot   =   -119517.8058  EKtot   =      8508.9639  EPtot      =   -128026.7696
 BOND   =        93.9399  ANGLE   =       259.3854  DIHED      =       971.6539
 1-4 NB =       264.9422  1-4 EEL =     -4801.6154  VDWAALS    =     20619.6018
 EELEC  =   -145434.6774  EHBOND  =         0.0000  RESTRAINT  =         0.0000
 ------------------------------------------------------------------------------


 NSTEP =     1700   TIME(PS) =      13.400  TEMP(K) =   129.61  PRESS =     0.0
 Etot   =   -119434.6822  EKtot   =      8437.0469  EPtot      =   -127871.7290
 BOND   =        98.5560  ANGLE   =       262.1734  DIHED      =       987.4884
 1-4 NB =       262.5392  1-4 EEL =     -4809.3131  VDWAALS    =     20797.6407
 EELEC  =   -145470.8137  EHBOND  =         0.0000  RESTRAINT  =         0.0000
 ------------------------------------------------------------------------------


 NSTEP =     1750   TIME(PS) =      13.500  TEMP(K) =   130.91  PRESS =     0.0
 Etot   =   -119350.2501  EKtot   =      8521.5215  EPtot      =   -127871.7715
 BOND   =       104.9985  ANGLE   =       266.7303  DIHED      =       981.3783
 1-4 NB =       265.2684  1-4 EEL =     -4808.7430  VDWAALS    =     20588.6838
 EELEC  =   -145270.0879  EHBOND  =         0.0000  RESTRAINT  =         0.0000
 ------------------------------------------------------------------------------


 NSTEP =     1800   TIME(PS) =      13.600  TEMP(K) =   132.14  PRESS =     0.0
 Etot   =   -119271.8913  EKtot   =      8601.8496  EPtot      =   -127873.7409
 BOND   =       103.2202  ANGLE   =       269.9128  DIHED      =       978.2554
 1-4 NB =       268.4293  1-4 EEL =     -4805.4746  VDWAALS    =     20750.4635
 EELEC  =   -145438.5476  EHBOND  =         0.0000  RESTRAINT  =         0.0000
 ------------------------------------------------------------------------------


 NSTEP =     1850   TIME(PS) =      13.700  TEMP(K) =   133.57  PRESS =     0.0
 Etot   =   -119198.5788  EKtot   =      8694.4814  EPtot      =   -127893.0602
 BOND   =       104.1649  ANGLE   =       272.3794  DIHED      =       980.1963
 1-4 NB =       272.5148  1-4 EEL =     -4814.8329  VDWAALS    =     20731.4751
 EELEC  =   -145438.9579  EHBOND  =         0.0000  RESTRAINT  =         0.0000
 ------------------------------------------------------------------------------


 NSTEP =     1900   TIME(PS) =      13.800  TEMP(K) =   133.76  PRESS =     0.0
 Etot   =   -119127.9344  EKtot   =      8706.9092  EPtot      =   -127834.8436
 BOND   =       104.5790  ANGLE   =       265.4994  DIHED      =       993.9235
 1-4 NB =       265.4132  1-4 EEL =     -4805.3134  VDWAALS    =     20731.4085
 EELEC  =   -145390.3538  EHBOND  =         0.0000  RESTRAINT  =         0.0000
 ------------------------------------------------------------------------------


 NSTEP =     1950   TIME(PS) =      13.900  TEMP(K) =   133.03  PRESS =     0.0
 Etot   =   -119056.8187  EKtot   =      8659.8301  EPtot      =   -127716.6488
 BOND   =        96.1998  ANGLE   =       257.9358  DIHED      =       983.5407
 1-4 NB =       270.8435  1-4 EEL =     -4784.7918  VDWAALS    =     20738.0156
 EELEC  =   -145278.3924  EHBOND  =         0.0000  RESTRAINT  =         0.0000
 ------------------------------------------------------------------------------

check COM velocity, temp:        0.000003     0.00(Removed)

 NSTEP =     2000   TIME(PS) =      14.000  TEMP(K) =   135.25  PRESS =     0.0
 Etot   =   -118988.8517  EKtot   =      8804.2490  EPtot      =   -127793.1007
 BOND   =       106.5847  ANGLE   =       264.6104  DIHED      =       982.8895
 1-4 NB =       267.4129  1-4 EEL =     -4791.6464  VDWAALS    =     20622.8665
 EELEC  =   -145245.8182  EHBOND  =         0.0000  RESTRAINT  =         0.0000
 ------------------------------------------------------------------------------


 NSTEP =     2050   TIME(PS) =      14.100  TEMP(K) =   135.17  PRESS =     0.0
 Etot   =   -118921.2327  EKtot   =      8798.5830  EPtot      =   -127719.8157
 BOND   =       109.5632  ANGLE   =       280.6887  DIHED      =       979.8384
 1-4 NB =       271.9481  1-4 EEL =     -4820.1710  VDWAALS    =     20505.4703
 EELEC  =   -145047.1534  EHBOND  =         0.0000  RESTRAINT  =         0.0000
 ------------------------------------------------------------------------------


 NSTEP =     2100   TIME(PS) =      14.200  TEMP(K) =   134.85  PRESS =     0.0
 Etot   =   -118857.0986  EKtot   =      8777.9824  EPtot      =   -127635.0810
 BOND   =        99.2722  ANGLE   =       264.2179  DIHED      =       979.7666
 1-4 NB =       269.2941  1-4 EEL =     -4815.4860  VDWAALS    =     20577.8096
 EELEC  =   -145009.9553  EHBOND  =         0.0000  RESTRAINT  =         0.0000
 ------------------------------------------------------------------------------


 NSTEP =     2150   TIME(PS) =      14.300  TEMP(K) =   137.03  PRESS =     0.0
 Etot   =   -118795.2386  EKtot   =      8919.9277  EPtot      =   -127715.1663
 BOND   =       104.6023  ANGLE   =       263.9066  DIHED      =       975.6180
 1-4 NB =       267.3940  1-4 EEL =     -4798.9762  VDWAALS    =     20680.4066
 EELEC  =   -145208.1177  EHBOND  =         0.0000  RESTRAINT  =         0.0000
 ------------------------------------------------------------------------------


 NSTEP =     2200   TIME(PS) =      14.400  TEMP(K) =   136.95  PRESS =     0.0
 Etot   =   -118740.1970  EKtot   =      8914.4482  EPtot      =   -127654.6452
 BOND   =       104.7010  ANGLE   =       274.1115  DIHED      =       986.5800
 1-4 NB =       265.9260  1-4 EEL =     -4811.0083  VDWAALS    =     20620.0199
 EELEC  =   -145094.9752  EHBOND  =         0.0000  RESTRAINT  =         0.0000
 ------------------------------------------------------------------------------


 NSTEP =     2250   TIME(PS) =      14.500  TEMP(K) =   137.32  PRESS =     0.0
 Etot   =   -118683.3625  EKtot   =      8939.0322  EPtot      =   -127622.3947
 BOND   =       101.2850  ANGLE   =       276.4746  DIHED      =       982.9582
 1-4 NB =       268.7875  1-4 EEL =     -4793.8197  VDWAALS    =     20783.2034
 EELEC  =   -145241.2838  EHBOND  =         0.0000  RESTRAINT  =         0.0000
 ------------------------------------------------------------------------------


 NSTEP =     2300   TIME(PS) =      14.600  TEMP(K) =   138.01  PRESS =     0.0
 Etot   =   -118630.0063  EKtot   =      8983.5332  EPtot      =   -127613.5396
 BOND   =       104.5099  ANGLE   =       279.4224  DIHED      =       984.1683
 1-4 NB =       262.2777  1-4 EEL =     -4800.7148  VDWAALS    =     20623.5765
 EELEC  =   -145066.7795  EHBOND  =         0.0000  RESTRAINT  =         0.0000
 ------------------------------------------------------------------------------


 NSTEP =     2350   TIME(PS) =      14.700  TEMP(K) =   138.46  PRESS =     0.0
 Etot   =   -118577.4876  EKtot   =      9013.2734  EPtot      =   -127590.7610
 BOND   =       105.1534  ANGLE   =       273.4296  DIHED      =       973.7296
 1-4 NB =       269.5282  1-4 EEL =     -4807.0660  VDWAALS    =     20773.7943
 EELEC  =   -145179.3301  EHBOND  =         0.0000  RESTRAINT  =         0.0000
 ------------------------------------------------------------------------------


 NSTEP =     2400   TIME(PS) =      14.800  TEMP(K) =   138.56  PRESS =     0.0
 Etot   =   -118527.8349  EKtot   =      9019.2148  EPtot      =   -127547.0497
 BOND   =       116.6429  ANGLE   =       285.6884  DIHED      =       974.7584
 1-4 NB =       271.4896  1-4 EEL =     -4816.9046  VDWAALS    =     20739.4269
 EELEC  =   -145118.1514  EHBOND  =         0.0000  RESTRAINT  =         0.0000
 ------------------------------------------------------------------------------


 NSTEP =     2450   TIME(PS) =      14.900  TEMP(K) =   138.44  PRESS =     0.0
 Etot   =   -118481.2643  EKtot   =      9011.4951  EPtot      =   -127492.7594
 BOND   =       115.8214  ANGLE   =       269.2086  DIHED      =       977.3555
 1-4 NB =       271.6499  1-4 EEL =     -4824.0697  VDWAALS    =     20534.9163
 EELEC  =   -144837.6416  EHBOND  =         0.0000  RESTRAINT  =         0.0000
 ------------------------------------------------------------------------------


 NSTEP =     2500   TIME(PS) =      15.000  TEMP(K) =   139.34  PRESS =     0.0
 Etot   =   -118434.1092  EKtot   =      9070.4941  EPtot      =   -127504.6034
 BOND   =       110.7942  ANGLE   =       270.4836  DIHED      =       985.6270
 1-4 NB =       272.8608  1-4 EEL =     -4808.0895  VDWAALS    =     20493.6137
 EELEC  =   -144829.8932  EHBOND  =         0.0000  RESTRAINT  =         0.0000
 ------------------------------------------------------------------------------


      A V E R A G E S   O V E R      50 S T E P S


 NSTEP =     2500   TIME(PS) =      15.000  TEMP(K) =   122.20  PRESS =     0.0
 Etot   =   -120625.2473  EKtot   =      7954.3647  EPtot      =   -128579.6120
 BOND   =        95.8160  ANGLE   =       255.4961  DIHED      =       977.3092
 1-4 NB =       266.2461  1-4 EEL =     -4803.9719  VDWAALS    =     20898.9511
 EELEC  =   -146269.4585  EHBOND  =         0.0000  RESTRAINT  =         0.0000
 ------------------------------------------------------------------------------


      R M S  F L U C T U A T I O N S


 NSTEP =     2500   TIME(PS) =      15.000  TEMP(K) =    12.97  PRESS =     0.0
 Etot   =      1708.5509  EKtot   =       844.4731  EPtot      =       865.7222
 BOND   =         9.3037  ANGLE   =        15.6433  DIHED      =         5.9915
 1-4 NB =         3.8871  1-4 EEL =         9.3548  VDWAALS    =       262.2608
 EELEC  =      1090.7624  EHBOND  =         0.0000  RESTRAINT  =         0.0000
 ------------------------------------------------------------------------------

--------------------------------------------------------------------------------
   5.  TIMINGS
--------------------------------------------------------------------------------

|  NonSetup CPU Time in Major Routines:
|
|     Routine           Sec        %
|     ------------------------------
|     Nonbond           2.95   11.81
|     Bond              0.00    0.00
|     Angle             0.00    0.00
|     Dihedral          0.00    0.00
|     Shake             0.02    0.07
|     RunMD            22.02   88.09
|     Other             0.01    0.02
|     ------------------------------
|     Total            25.00

|  PME Nonbond Pairlist CPU Time:
|
|     Routine              Sec        %
|     ---------------------------------
|     Set Up Cit           0.00    0.00
|     Build List           0.00    0.00
|     ---------------------------------
|     Total                0.00    0.00

|  PME Direct Force CPU Time:
|
|     Routine              Sec        %
|     ---------------------------------
|     NonBonded Calc       0.00    0.00
|     Exclude Masked       0.00    0.00
|     Other                0.00    0.02
|     ---------------------------------
|     Total                0.00    0.02

|  PME Reciprocal Force CPU Time:
|
|     Routine              Sec        %
|     ---------------------------------
|     1D bspline           0.00    0.00
|     Grid Charges         0.00    0.00
|     Scalar Sum           0.00    0.00
|     Gradient Sum         0.00    0.00
|     FFT                  0.00    0.00
|     ---------------------------------
|     Total                0.00    0.00

|  Final Performance Info:
|     -----------------------------------------------------
|     Average timings for last    2450 steps:
|     Elapsed(s) =      26.51 Per Step(ms) =      10.82
|         ns/day =      15.97   seconds/ns =    5409.47
|
|     Average timings for all steps:
|     Elapsed(s) =      27.15 Per Step(ms) =      10.86
|         ns/day =      15.91   seconds/ns =    5430.61
|     -----------------------------------------------------

|  Setup CPU time:            1.83 seconds
|  NonSetup CPU time:        25.00 seconds
|  Total CPU time:           26.83 seconds     0.01 hours

|  Setup wall time:           2    seconds
|  NonSetup wall time:       27    seconds
|  Total wall time:          29    seconds     0.01 hours
