
          -------------------------------------------------------
          Amber 16 PMEMD                              2016
          -------------------------------------------------------

| PMEMD implementation of SANDER, Release 16

| Run on 01/17/2024 at 23:04:17

|   Executable path: pmemd.cuda
| Working directory: /home/students/keyq/fuben/input/7/nLC7right
|          Hostname: master

  [-O]verwriting output

File Assignments:
|   MDIN: min1.in                                                               
|  MDOUT: cmp_min1.out                                                          
| INPCRD: cmp.inpcrd                                                            
|   PARM: cmp.prmtop                                                            
| RESTRT: cmp_min1.rst                                                          
|   REFC: cmp.inpcrd                                                            
|  MDVEL: mdvel                                                                 
|   MDEN: mden                                                                  
|  MDCRD: mdcrd                                                                 
| MDINFO: mdinfo                                                                
|  MDFRC: mdfrc                                                                 


 Here is the input file:

Initial minimisation of our structures                                         
 &cntrl                                                                        
  imin=1, maxcyc=4000, ncyc=2000,                                              
  cut=10, ntb=1,ntr=1,                                                         
  restraint_wt=2.0                                                             
  restraintmask=':1-554'                                                       
/                                                                              


Note: ig = -1. Setting random seed to   969988 based on wallclock time in 
      microseconds.
 
|--------------------- INFORMATION ----------------------
| GPU (CUDA) Version of PMEMD in use: NVIDIA GPU IN USE.
|                    Version 16.0.0
| 
|                      02/25/2016
| 
| Implementation by:
|                    Ross C. Walker     (SDSC)
|                    Scott Le Grand     (nVIDIA)
| 
| Precision model in use:
|      [SPFP] - Single Precision Forces, 64-bit Fixed Point
|               Accumulation. (Default)
| 
|--------------------------------------------------------
 
|----------------- CITATION INFORMATION -----------------
|
|    When publishing work that utilized the CUDA version
|    of AMBER, please cite the following in addition to
|    the regular AMBER citations:
|
|  - Romelia Salomon-Ferrer; Andreas W. Goetz; Duncan
|    Poole; Scott Le Grand; Ross C. Walker "Routine
|    microsecond molecular dynamics simulations with
|    AMBER - Part II: Particle Mesh Ewald", J. Chem.
|    Theory Comput., 2013, 9 (9), pp3878-3888,
|    DOI: 10.1021/ct400314y.
|
|  - Andreas W. Goetz; Mark J. Williamson; Dong Xu;
|    Duncan Poole; Scott Le Grand; Ross C. Walker
|    "Routine microsecond molecular dynamics simulations
|    with AMBER - Part I: Generalized Born", J. Chem.
|    Theory Comput., 2012, 8 (5), pp1542-1555.
|
|  - Scott Le Grand; Andreas W. Goetz; Ross C. Walker
|    "SPFP: Speed without compromise - a mixed precision
|    model for GPU accelerated molecular dynamics
|    simulations.", Comp. Phys. Comm., 2013, 184
|    pp374-380, DOI: 10.1016/j.cpc.2012.09.022
|
|--------------------------------------------------------
 
|------------------- GPU DEVICE INFO --------------------
|
|            CUDA_VISIBLE_DEVICES: 0
|   CUDA Capable Devices Detected:      1
|           CUDA Device ID in use:      0
|                CUDA Device Name: Tesla V100-PCIE-32GB
|     CUDA Device Global Mem Size:  32510 MB
| CUDA Device Num Multiprocessors:     80
|           CUDA Device Core Freq:   1.38 GHz
|
|--------------------------------------------------------
 
 
| Conditional Compilation Defines Used:
| PUBFFT
| BINTRAJ
| CUDA
| EMIL

| Largest sphere to fit in unit cell has radius =    34.461

| New format PARM file being parsed.
| Version =    1.000 Date = 01/29/21 Time = 15:02:16

| Note: 1-4 EEL scale factors are being read from the topology file.

| Note: 1-4 VDW scale factors are being read from the topology file.
| Duplicated    0 dihedrals

| Duplicated    0 dihedrals

--------------------------------------------------------------------------------
   1.  RESOURCE   USE: 
--------------------------------------------------------------------------------

 getting new box info from bottom of inpcrd
 NATOM  =   41380 NTYPES =      18 NBONH =   40641 MBONA  =     790
 NTHETH =     882 MTHETA =    1223 NPHIH =    1873 MPHIA  =    2454
 NHPARM =       0 NPARM  =       0 NNB   =   59770 NRES   =   13486
 NBONA  =     790 NTHETA =    1223 NPHIA =    2454 NUMBND =      73
 NUMANG =     152 NPTRA  =      87 NATYP =      37 NPHB   =       1
 IFBOX  =       2 NMXRS  =      34 IFCAP =       0 NEXTRA =       0
 NCOPY  =       0

| Coordinate Index Table dimensions:    13   13   13
| Direct force subcell size =     6.4933    6.4933    6.4933

     BOX TYPE: TRUNCATED OCTAHEDRON

--------------------------------------------------------------------------------
   2.  CONTROL  DATA  FOR  THE  RUN
--------------------------------------------------------------------------------

default_name                                                                    

General flags:
     imin    =       1, nmropt  =       0

Nature and format of input:
     ntx     =       1, irest   =       0, ntrx    =       1

Nature and format of output:
     ntxo    =       2, ntpr    =      50, ntrx    =       1, ntwr    =       1
     iwrap   =       0, ntwx    =       0, ntwv    =       0, ntwe    =       0
     ioutfm  =       1, ntwprt  =       0, idecomp =       0, rbornstat=      0

Potential function:
     ntf     =       1, ntb     =       1, igb     =       0, nsnb    =      25
     ipol    =       0, gbsa    =       0, iesp    =       0
     dielc   =   1.00000, cut     =  10.00000, intdiel =   1.00000

Frozen or restrained atoms:
     ibelly  =       0, ntr     =       1
     restraint_wt =   2.00000

Energy minimization:
     maxcyc  =    4000, ncyc    =    2000, ntmin   =       1
     dx0     =   0.01000, drms    =   0.00010

| Intermolecular bonds treatment:
|     no_intermolecular_bonds =       1

| Energy averages sample interval:
|     ene_avg_sampling =       1

Ewald parameters:
     verbose =       0, ew_type =       0, nbflag  =       1, use_pme =       1
     vdwmeth =       1, eedmeth =       1, netfrc  =       0
     Box X =   84.413   Box Y =   84.413   Box Z =   84.413
     Alpha =  109.471   Beta  =  109.471   Gamma =  109.471
     NFFT1 =   96       NFFT2 =   96       NFFT3 =   96
     Cutoff=   10.000   Tol   =0.100E-04
     Ewald Coefficient =  0.27511
     Interpolation order =    4

    LOADING THE CONSTRAINED ATOMS AS GROUPS


   5.  REFERENCE ATOM COORDINATES

  default_name                                                                    
     Mask :1-554; matches  2584 atoms

--------------------------------------------------------------------------------
   3.  ATOMIC COORDINATES AND VELOCITIES
--------------------------------------------------------------------------------

default_name                                                                    
 begin time read from input coords =     0.000 ps

 
 Number of triangulated 3-point waters found:    13420

     Sum of charges from parm topology file =   0.00000012
     Forcing neutrality...

| Dynamic Memory, Types Used:
| Reals             1221053
| Integers          1023019

| Nonbonded Pairs Initial Allocation:    12516415

| GPU memory information (estimate):
| KB of GPU memory in use:    220083
| KB of CPU memory in use:     74931

--------------------------------------------------------------------------------
   4.  RESULTS
--------------------------------------------------------------------------------

 ---------------------------------------------------
 APPROXIMATING switch and d/dx switch using CUBIC SPLINE INTERPOLATION
 using   5000.0 points per unit in tabled values
 TESTING RELATIVE ERROR over r ranging from 0.0 to cutoff
| CHECK switch(x): max rel err =   0.2738E-14   at   2.422500
| CHECK d/dx switch(x): max rel err =   0.8314E-11   at   2.736960
 ---------------------------------------------------
|---------------------------------------------------
| APPROXIMATING direct energy using CUBIC SPLINE INTERPOLATION
|  with   50.0 points per unit in tabled values
| Relative Error Limit not exceeded for r .gt.   2.33
| APPROXIMATING direct force using CUBIC SPLINE INTERPOLATION
|  with   50.0 points per unit in tabled values
| Relative Error Limit not exceeded for r .gt.   2.80
|---------------------------------------------------


   NSTEP       ENERGY          RMS            GMAX         NAME    NUMBER
      1      -1.2200E+05     1.6652E+01     9.7980E+02     O2'       552

 BOND    =      287.6466  ANGLE   =     1545.9095  DIHED      =      951.2380
 VDWAALS =    14722.5048  EEL     =  -135591.4247  HBOND      =        0.0000
 1-4 VDW =      503.6867  1-4 EEL =    -4422.7528  RESTRAINT  =        0.0000


   NSTEP       ENERGY          RMS            GMAX         NAME    NUMBER
     50      -1.4781E+05     4.6704E+00     5.9710E+01     H2       9991

 BOND    =     9892.7014  ANGLE   =      300.9947  DIHED      =      865.7785
 VDWAALS =    12817.0402  EEL     =  -167519.5857  HBOND      =        0.0000
 1-4 VDW =      258.5359  1-4 EEL =    -4522.1144  RESTRAINT  =       94.4461
 EAMBER  =  -147906.6492


   NSTEP       ENERGY          RMS            GMAX         NAME    NUMBER
    100      -1.5406E+05     3.1594E+00     4.3229E+01     P         372

 BOND    =     7757.0158  ANGLE   =      264.8779  DIHED      =      852.0705
 VDWAALS =    14079.2675  EEL     =  -172937.2590  HBOND      =        0.0000
 1-4 VDW =      250.4013  1-4 EEL =    -4523.9840  RESTRAINT  =      193.5806
 EAMBER  =  -154257.6099


   NSTEP       ENERGY          RMS            GMAX         NAME    NUMBER
    150      -1.5722E+05     9.8048E-01     2.2416E+01     P         372

 BOND    =     9257.5266  ANGLE   =      255.4987  DIHED      =      846.8161
 VDWAALS =    15290.9579  EEL     =  -178865.0605  HBOND      =        0.0000
 1-4 VDW =      249.5371  1-4 EEL =    -4522.5796  RESTRAINT  =      264.0713
 EAMBER  =  -157487.3036


   NSTEP       ENERGY          RMS            GMAX         NAME    NUMBER
    200      -1.5921E+05     2.3596E+00     1.5815E+02     P         372

 BOND    =     9830.3644  ANGLE   =      267.3952  DIHED      =      843.2963
 VDWAALS =    16439.0843  EEL     =  -182633.2204  HBOND      =        0.0000
 1-4 VDW =      250.1223  1-4 EEL =    -4522.7959  RESTRAINT  =      319.3712
 EAMBER  =  -159525.7538


   NSTEP       ENERGY          RMS            GMAX         NAME    NUMBER
    250      -1.6087E+05     1.3742E+00     7.2617E+01     P          94

 BOND    =     9641.6080  ANGLE   =      248.4638  DIHED      =      840.0617
 VDWAALS =    17494.6218  EEL     =  -185191.6127  HBOND      =        0.0000
 1-4 VDW =      246.4621  1-4 EEL =    -4515.2117  RESTRAINT  =      362.8521
 EAMBER  =  -161235.6070


   NSTEP       ENERGY          RMS            GMAX         NAME    NUMBER
    300      -1.6210E+05     1.9857E+00     9.7322E+01     P         792

 BOND    =     9910.0709  ANGLE   =      249.8644  DIHED      =      838.3022
 VDWAALS =    18438.5603  EEL     =  -187671.1549  HBOND      =        0.0000
 1-4 VDW =      245.2334  1-4 EEL =    -4512.5064  RESTRAINT  =      399.5515
 EAMBER  =  -162501.6300


   NSTEP       ENERGY          RMS            GMAX         NAME    NUMBER
    350      -1.6319E+05     1.1242E+00     5.7984E+01     C4        389

 BOND    =    10059.8984  ANGLE   =      249.6263  DIHED      =      836.9124
 VDWAALS =    19268.0208  EEL     =  -189772.6811  HBOND      =        0.0000
 1-4 VDW =      247.6125  1-4 EEL =    -4516.0229  RESTRAINT  =      431.7829
 EAMBER  =  -163626.6335


   NSTEP       ENERGY          RMS            GMAX         NAME    NUMBER
    400      -1.6402E+05     1.6652E+00     1.1702E+02     C4        389

 BOND    =    10252.1779  ANGLE   =      255.6939  DIHED      =      836.1243
 VDWAALS =    19982.8110  EEL     =  -191533.7230  HBOND      =        0.0000
 1-4 VDW =      247.7042  1-4 EEL =    -4515.9490  RESTRAINT  =      457.7568
 EAMBER  =  -164475.1607


   NSTEP       ENERGY          RMS            GMAX         NAME    NUMBER
    450      -1.6482E+05     9.8896E-01     5.7993E+01     C2        678

 BOND    =    10375.8323  ANGLE   =      242.3670  DIHED      =      835.6711
 VDWAALS =    20640.0229  EEL     =  -193128.6340  HBOND      =        0.0000
 1-4 VDW =      245.2065  1-4 EEL =    -4511.2643  RESTRAINT  =      478.6438
 EAMBER  =  -165300.7985


   NSTEP       ENERGY          RMS            GMAX         NAME    NUMBER
    500      -1.6550E+05     4.4079E-01     1.6584E+01     C4        389

 BOND    =    10496.4218  ANGLE   =      242.1712  DIHED      =      835.2556
 VDWAALS =    21209.5822  EEL     =  -194513.5151  HBOND      =        0.0000
 1-4 VDW =      245.4125  1-4 EEL =    -4512.6732  RESTRAINT  =      496.5235
 EAMBER  =  -165997.3449


   NSTEP       ENERGY          RMS            GMAX         NAME    NUMBER
    550      -1.6609E+05     8.5698E-01     4.8557E+01     C2        678

 BOND    =    10627.0812  ANGLE   =      246.0203  DIHED      =      834.9175
 VDWAALS =    21725.6416  EEL     =  -195767.7253  HBOND      =        0.0000
 1-4 VDW =      245.4340  1-4 EEL =    -4513.2096  RESTRAINT  =      511.8874
 EAMBER  =  -166601.8402


   NSTEP       ENERGY          RMS            GMAX         NAME    NUMBER
    600      -1.6666E+05     3.7381E-01     1.1112E+01     C2        678

 BOND    =    10732.1184  ANGLE   =      241.8499  DIHED      =      834.5832
 VDWAALS =    22207.1587  EEL     =  -196937.0480  HBOND      =        0.0000
 1-4 VDW =      244.7138  1-4 EEL =    -4511.4082  RESTRAINT  =      525.7152
 EAMBER  =  -167188.0322


   NSTEP       ENERGY          RMS            GMAX         NAME    NUMBER
    650      -1.6718E+05     4.2016E-01     1.7804E+01     C2        394

 BOND    =    10840.2408  ANGLE   =      242.3217  DIHED      =      834.1050
 VDWAALS =    22662.0489  EEL     =  -198033.4697  HBOND      =        0.0000
 1-4 VDW =      244.5760  1-4 EEL =    -4511.0071  RESTRAINT  =      537.9383
 EAMBER  =  -167721.1845


   NSTEP       ENERGY          RMS            GMAX         NAME    NUMBER
    700      -1.6766E+05     1.0467E+00     7.3193E+01     C2        394

 BOND    =    10957.2916  ANGLE   =      246.5350  DIHED      =      833.4851
 VDWAALS =    23097.8434  EEL     =  -199076.5983  HBOND      =        0.0000
 1-4 VDW =      244.2116  1-4 EEL =    -4509.7051  RESTRAINT  =      548.6622
 EAMBER  =  -168206.9368


   NSTEP       ENERGY          RMS            GMAX         NAME    NUMBER
    750      -1.6812E+05     3.1379E-01     9.7666E+00     C2        394

 BOND    =    11034.2738  ANGLE   =      242.7176  DIHED      =      833.1086
 VDWAALS =    23487.4798  EEL     =  -200006.8510  HBOND      =        0.0000
 1-4 VDW =      244.7847  1-4 EEL =    -4510.5932  RESTRAINT  =      557.8341
 EAMBER  =  -168675.0797


   NSTEP       ENERGY          RMS            GMAX         NAME    NUMBER
    800      -1.6852E+05     8.9284E-01     7.1009E+01     C2        394

 BOND    =    11134.5155  ANGLE   =      247.1930  DIHED      =      832.9831
 VDWAALS =    23865.8421  EEL     =  -200900.3350  HBOND      =        0.0000
 1-4 VDW =      244.9568  1-4 EEL =    -4511.1627  RESTRAINT  =      566.6147
 EAMBER  =  -169086.0072


   NSTEP       ENERGY          RMS            GMAX         NAME    NUMBER
    850      -1.6891E+05     2.8721E-01     1.0366E+01     C2        394

 BOND    =    11201.2533  ANGLE   =      244.0158  DIHED      =      832.9107
 VDWAALS =    24209.6767  EEL     =  -201703.3971  HBOND      =        0.0000
 1-4 VDW =      244.9472  1-4 EEL =    -4509.3625  RESTRAINT  =      574.7363
 EAMBER  =  -169479.9561


   NSTEP       ENERGY          RMS            GMAX         NAME    NUMBER
    900      -1.6925E+05     7.5655E-01     6.8927E+01     C2        394

 BOND    =    11285.1009  ANGLE   =      245.2919  DIHED      =      832.8861
 VDWAALS =    24543.7233  EEL     =  -202474.2516  HBOND      =        0.0000
 1-4 VDW =      245.2399  1-4 EEL =    -4507.9585  RESTRAINT  =      580.3382
 EAMBER  =  -169829.9680


   NSTEP       ENERGY          RMS            GMAX         NAME    NUMBER
    950      -1.6958E+05     3.7863E-01     3.1160E+01     C2        394

 BOND    =    11349.3712  ANGLE   =      243.5956  DIHED      =      832.9336
 VDWAALS =    24844.7361  EEL     =  -203170.3278  HBOND      =        0.0000
 1-4 VDW =      245.3714  1-4 EEL =    -4509.0961  RESTRAINT  =      584.4922
 EAMBER  =  -170163.4159


   NSTEP       ENERGY          RMS            GMAX         NAME    NUMBER
   1000      -1.6987E+05     7.0649E-01     6.6316E+01     C2        394

 BOND    =    11421.3110  ANGLE   =      243.1920  DIHED      =      832.9533
 VDWAALS =    25126.4082  EEL     =  -203821.0578  HBOND      =        0.0000
 1-4 VDW =      246.0264  1-4 EEL =    -4508.9182  RESTRAINT  =      588.3520
 EAMBER  =  -170460.0850


   NSTEP       ENERGY          RMS            GMAX         NAME    NUMBER
   1050      -1.7016E+05     3.0253E-01     2.3831E+01     C2        394

 BOND    =    11472.2829  ANGLE   =      243.2927  DIHED      =      832.9556
 VDWAALS =    25391.0692  EEL     =  -204429.4789  HBOND      =        0.0000
 1-4 VDW =      245.4627  1-4 EEL =    -4508.0530  RESTRAINT  =      591.8333
 EAMBER  =  -170752.4688


   NSTEP       ENERGY          RMS            GMAX         NAME    NUMBER
   1100      -1.7043E+05     5.6235E-01     6.5181E+01     C2        394

 BOND    =    11533.0110  ANGLE   =      244.2317  DIHED      =      832.9677
 VDWAALS =    25643.5082  EEL     =  -205013.2815  HBOND      =        0.0000
 1-4 VDW =      245.5686  1-4 EEL =    -4507.5054  RESTRAINT  =      595.1642
 EAMBER  =  -171021.4997


   NSTEP       ENERGY          RMS            GMAX         NAME    NUMBER
   1150      -1.7068E+05     2.4663E-01     1.6006E+01     C2        394

 BOND    =    11583.3383  ANGLE   =      242.9222  DIHED      =      833.0152
 VDWAALS =    25872.4477  EEL     =  -205548.0345  HBOND      =        0.0000
 1-4 VDW =      245.6228  1-4 EEL =    -4508.4615  RESTRAINT  =      598.1594
 EAMBER  =  -171279.1499


   NSTEP       ENERGY          RMS            GMAX         NAME    NUMBER
   1200      -1.7092E+05     3.6175E-01     3.8663E+01     C2        394

 BOND    =    11634.2407  ANGLE   =      243.3129  DIHED      =      833.0417
 VDWAALS =    26085.0762  EEL     =  -206049.3913  HBOND      =        0.0000
 1-4 VDW =      245.6342  1-4 EEL =    -4508.7973  RESTRAINT  =      601.0463
 EAMBER  =  -171516.8829


   NSTEP       ENERGY          RMS            GMAX         NAME    NUMBER
   1250      -1.7114E+05     2.2830E-01     1.2733E+01     C2        394

 BOND    =    11677.6437  ANGLE   =      243.5674  DIHED      =      833.0334
 VDWAALS =    26283.3718  EEL     =  -206520.9186  HBOND      =        0.0000
 1-4 VDW =      245.6839  1-4 EEL =    -4508.3538  RESTRAINT  =      604.0761
 EAMBER  =  -171745.9722


   NSTEP       ENERGY          RMS            GMAX         NAME    NUMBER
   1300      -1.7135E+05     2.3563E-01     1.6112E+01     C2        394

 BOND    =    11721.0050  ANGLE   =      243.8176  DIHED      =      833.0401
 VDWAALS =    26470.5768  EEL     =  -206967.0194  HBOND      =        0.0000
 1-4 VDW =      245.7554  1-4 EEL =    -4508.3679  RESTRAINT  =      607.0179
 EAMBER  =  -171961.1923


   NSTEP       ENERGY          RMS            GMAX         NAME    NUMBER
   1350      -1.7155E+05     6.7079E-01     7.3519E+01     C2        394

 BOND    =    11768.4590  ANGLE   =      245.2013  DIHED      =      833.0226
 VDWAALS =    26650.5049  EEL     =  -207396.7572  HBOND      =        0.0000
 1-4 VDW =      246.1115  1-4 EEL =    -4507.5497  RESTRAINT  =      609.4086
 EAMBER  =  -172161.0076


   NSTEP       ENERGY          RMS            GMAX         NAME    NUMBER
   1400      -1.7176E+05     2.0908E-01     1.0625E+01     C2        394

 BOND    =    11803.6621  ANGLE   =      244.3919  DIHED      =      833.0806
 VDWAALS =    26821.2324  EEL     =  -207807.3319  HBOND      =        0.0000
 1-4 VDW =      245.8260  1-4 EEL =    -4508.6352  RESTRAINT  =      611.6833
 EAMBER  =  -172367.7740


   NSTEP       ENERGY          RMS            GMAX         NAME    NUMBER
   1450      -1.7194E+05     5.5881E-01     6.2155E+01     C2        394

 BOND    =    11847.3992  ANGLE   =      246.5888  DIHED      =      833.1300
 VDWAALS =    26986.0554  EEL     =  -208203.8326  HBOND      =        0.0000
 1-4 VDW =      245.5989  1-4 EEL =    -4509.3070  RESTRAINT  =      614.2020
 EAMBER  =  -172554.3674


   NSTEP       ENERGY          RMS            GMAX         NAME    NUMBER
   1500      -1.7211E+05     8.0659E-01     9.4588E+01     C2        394

 BOND    =    11891.9364  ANGLE   =      244.8624  DIHED      =      833.1428
 VDWAALS =    27138.5429  EEL     =  -208571.9389  HBOND      =        0.0000
 1-4 VDW =      246.6726  1-4 EEL =    -4508.7794  RESTRAINT  =      617.0393
 EAMBER  =  -172725.5611


   NSTEP       ENERGY          RMS            GMAX         NAME    NUMBER
   1550      -1.7229E+05     4.3691E-01     5.6334E+01     C2        394

 BOND    =    11914.8708  ANGLE   =      246.9098  DIHED      =      833.1383
 VDWAALS =    27288.1003  EEL     =  -208927.2824  HBOND      =        0.0000
 1-4 VDW =      246.1039  1-4 EEL =    -4507.6928  RESTRAINT  =      620.0889
 EAMBER  =  -172905.8522


   NSTEP       ENERGY          RMS            GMAX         NAME    NUMBER
   1600      -1.7245E+05     1.9156E-01     1.0619E+01     C2        394

 BOND    =    11947.3486  ANGLE   =      246.1843  DIHED      =      833.1744
 VDWAALS =    27431.8371  EEL     =  -209267.6053  HBOND      =        0.0000
 1-4 VDW =      246.1823  1-4 EEL =    -4508.2669  RESTRAINT  =      622.4693
 EAMBER  =  -173071.1455


   NSTEP       ENERGY          RMS            GMAX         NAME    NUMBER
   1650      -1.7260E+05     2.6572E-01     2.5009E+01     C2        394

 BOND    =    11980.9257  ANGLE   =      246.4213  DIHED      =      833.1796
 VDWAALS =    27574.1856  EEL     =  -209599.9419  HBOND      =        0.0000
 1-4 VDW =      246.2747  1-4 EEL =    -4508.3410  RESTRAINT  =      624.0199
 EAMBER  =  -173227.2960


   NSTEP       ENERGY          RMS            GMAX         NAME    NUMBER
   1700      -1.7274E+05     5.2293E-01     6.5056E+01     C2        394

 BOND    =    12017.0768  ANGLE   =      245.4963  DIHED      =      833.1699
 VDWAALS =    27707.5682  EEL     =  -209909.8644  HBOND      =        0.0000
 1-4 VDW =      246.8378  1-4 EEL =    -4508.4163  RESTRAINT  =      625.1065
 EAMBER  =  -173368.1317


   NSTEP       ENERGY          RMS            GMAX         NAME    NUMBER
   1750      -1.7288E+05     1.7866E-01     1.0183E+01     C2        394

 BOND    =    12039.1237  ANGLE   =      245.9380  DIHED      =      833.1291
 VDWAALS =    27835.2745  EEL     =  -210201.5320  HBOND      =        0.0000
 1-4 VDW =      246.8166  1-4 EEL =    -4507.7343  RESTRAINT  =      625.8475
 EAMBER  =  -173508.9843


   NSTEP       ENERGY          RMS            GMAX         NAME    NUMBER
   1800      -1.7301E+05     5.0336E-01     6.2361E+01     C2        394

 BOND    =    12070.3920  ANGLE   =      246.6275  DIHED      =      833.0707
 VDWAALS =    27962.7365  EEL     =  -210491.3806  HBOND      =        0.0000
 1-4 VDW =      247.2377  1-4 EEL =    -4507.0253  RESTRAINT  =      626.3974
 EAMBER  =  -173638.3415


   NSTEP       ENERGY          RMS            GMAX         NAME    NUMBER
   1850      -1.7314E+05     1.6902E-01     9.0742E+00     C2        394

 BOND    =    12094.8795  ANGLE   =      245.3519  DIHED      =      833.0548
 VDWAALS =    28080.0611  EEL     =  -210758.4645  HBOND      =        0.0000
 1-4 VDW =      247.2444  1-4 EEL =    -4507.7993  RESTRAINT  =      626.7911
 EAMBER  =  -173765.6720


   NSTEP       ENERGY          RMS            GMAX         NAME    NUMBER
   1900      -1.7326E+05     4.2943E-01     4.7798E+01     C2        394

 BOND    =    12124.0627  ANGLE   =      246.4760  DIHED      =      833.0244
 VDWAALS =    28197.4513  EEL     =  -211023.9081  HBOND      =        0.0000
 1-4 VDW =      247.1097  1-4 EEL =    -4508.3882  RESTRAINT  =      627.1287
 EAMBER  =  -173884.1722


   NSTEP       ENERGY          RMS            GMAX         NAME    NUMBER
   1950      -1.7337E+05     6.0205E-01     7.4314E+01     C2        394

 BOND    =    12153.8583  ANGLE   =      244.5717  DIHED      =      832.9570
 VDWAALS =    28306.9471  EEL     =  -211272.1916  HBOND      =        0.0000
 1-4 VDW =      247.9369  1-4 EEL =    -4508.1169  RESTRAINT  =      627.4129
 EAMBER  =  -173994.0375


   NSTEP       ENERGY          RMS            GMAX         NAME    NUMBER
   2000      -1.7348E+05     2.5010E-01     2.6707E+01     C2        394

 BOND    =    12168.5202  ANGLE   =      246.2449  DIHED      =      832.8834
 VDWAALS =    28415.4869  EEL     =  -211514.2523  HBOND      =        0.0000
 1-4 VDW =      247.4917  1-4 EEL =    -4507.4522  RESTRAINT  =      627.6231
 EAMBER  =  -174111.0774


   NSTEP       ENERGY          RMS            GMAX         NAME    NUMBER
   2050      -1.7451E+05     5.1734E-01     3.1236E+01     C2        394

 BOND    =    12438.9127  ANGLE   =      247.6606  DIHED      =      831.8003
 VDWAALS =    29721.1653  EEL     =  -214121.9107  HBOND      =        0.0000
 1-4 VDW =      248.8320  1-4 EEL =    -4506.3757  RESTRAINT  =      627.4268
 EAMBER  =  -175139.9155


   NSTEP       ENERGY          RMS            GMAX         NAME    NUMBER
   2100      -1.7475E+05     4.7693E-01     3.5638E+01     P         623

 BOND    =    12464.9025  ANGLE   =      244.3462  DIHED      =      832.4057
 VDWAALS =    29850.4724  EEL     =  -214514.3515  HBOND      =        0.0000
 1-4 VDW =      249.3661  1-4 EEL =    -4505.3454  RESTRAINT  =      626.4577
 EAMBER  =  -175378.2041


   NSTEP       ENERGY          RMS            GMAX         NAME    NUMBER
   2150      -1.7499E+05     3.4227E-01     2.5437E+01     C5        387

 BOND    =    12503.1167  ANGLE   =      245.4798  DIHED      =      832.7358
 VDWAALS =    29981.1451  EEL     =  -214926.4090  HBOND      =        0.0000
 1-4 VDW =      248.8276  1-4 EEL =    -4505.9896  RESTRAINT  =      627.8056
 EAMBER  =  -175621.0934


   NSTEP       ENERGY          RMS            GMAX         NAME    NUMBER
   2200      -1.7522E+05     4.2570E-01     3.0408E+01     C5        387

 BOND    =    12539.1992  ANGLE   =      249.8276  DIHED      =      833.7936
 VDWAALS =    30157.5358  EEL     =  -215375.9288  HBOND      =        0.0000
 1-4 VDW =      249.1443  1-4 EEL =    -4506.3632  RESTRAINT  =      630.8539
 EAMBER  =  -175852.7914


   NSTEP       ENERGY          RMS            GMAX         NAME    NUMBER
   2250      -1.7539E+05     3.9827E-01     2.7161E+01     C5        387

 BOND    =    12567.6639  ANGLE   =      250.1419  DIHED      =      833.6590
 VDWAALS =    30272.4340  EEL     =  -215688.0889  HBOND      =        0.0000
 1-4 VDW =      249.0225  1-4 EEL =    -4506.3301  RESTRAINT  =      630.5089
 EAMBER  =  -176021.4978


   NSTEP       ENERGY          RMS            GMAX         NAME    NUMBER
   2300      -1.7557E+05     5.1271E-01     4.0597E+01     C4        389

 BOND    =    12594.8528  ANGLE   =      253.2803  DIHED      =      833.9466
 VDWAALS =    30433.3772  EEL     =  -216058.1392  HBOND      =        0.0000
 1-4 VDW =      249.5338  1-4 EEL =    -4506.5385  RESTRAINT  =      630.1728
 EAMBER  =  -176199.6870


   NSTEP       ENERGY          RMS            GMAX         NAME    NUMBER
   2350      -1.7580E+05     6.6918E-01     4.9379E+01     C4        389

 BOND    =    12646.6299  ANGLE   =      261.7951  DIHED      =      834.5630
 VDWAALS =    30665.5433  EEL     =  -216585.0661  HBOND      =        0.0000
 1-4 VDW =      249.2979  1-4 EEL =    -4506.1261  RESTRAINT  =      630.3665
 EAMBER  =  -176433.3630


   NSTEP       ENERGY          RMS            GMAX         NAME    NUMBER
   2400      -1.7604E+05     6.1776E-01     3.6452E+01     N3        393

 BOND    =    12717.7728  ANGLE   =      262.3611  DIHED      =      833.8019
 VDWAALS =    30881.1487  EEL     =  -217107.7849  HBOND      =        0.0000
 1-4 VDW =      249.2126  1-4 EEL =    -4505.7809  RESTRAINT  =      630.0034
 EAMBER  =  -176669.2687


   NSTEP       ENERGY          RMS            GMAX         NAME    NUMBER
   2450      -1.7631E+05     6.2528E-01     5.0159E+01     P         188

 BOND    =    12747.4168  ANGLE   =      261.1278  DIHED      =      834.0188
 VDWAALS =    31140.3357  EEL     =  -217664.2081  HBOND      =        0.0000
 1-4 VDW =      249.1109  1-4 EEL =    -4505.9604  RESTRAINT  =      631.7296
 EAMBER  =  -176938.1585


   NSTEP       ENERGY          RMS            GMAX         NAME    NUMBER
   2500      -1.7652E+05     5.7433E-01     3.3325E+01     OP1       189

 BOND    =    12805.2283  ANGLE   =      257.4040  DIHED      =      833.6121
 VDWAALS =    31268.9941  EEL     =  -218060.5946  HBOND      =        0.0000
 1-4 VDW =      249.5091  1-4 EEL =    -4504.8822  RESTRAINT  =      630.4121
 EAMBER  =  -177150.7292


   NSTEP       ENERGY          RMS            GMAX         NAME    NUMBER
   2550      -1.7666E+05     4.1482E-01     2.0130E+01     OP1       189

 BOND    =    12811.2555  ANGLE   =      251.8969  DIHED      =      833.5569
 VDWAALS =    31362.4575  EEL     =  -218296.9376  HBOND      =        0.0000
 1-4 VDW =      249.2809  1-4 EEL =    -4505.7744  RESTRAINT  =      630.2495
 EAMBER  =  -177294.2642


   NSTEP       ENERGY          RMS            GMAX         NAME    NUMBER
   2600      -1.7680E+05     4.2506E-01     2.2402E+01     C8        636

 BOND    =    12840.2295  ANGLE   =      251.7395  DIHED      =      833.6076
 VDWAALS =    31459.9234  EEL     =  -218555.1373  HBOND      =        0.0000
 1-4 VDW =      249.3575  1-4 EEL =    -4505.3025  RESTRAINT  =      629.6394
 EAMBER  =  -177425.5823


   NSTEP       ENERGY          RMS            GMAX         NAME    NUMBER
   2650      -1.7692E+05     4.1195E-01     2.0354E+01     O3'       922

 BOND    =    12864.2617  ANGLE   =      250.8816  DIHED      =      833.6173
 VDWAALS =    31555.0246  EEL     =  -218792.8682  HBOND      =        0.0000
 1-4 VDW =      249.1355  1-4 EEL =    -4505.2057  RESTRAINT  =      629.4300
 EAMBER  =  -177545.1533


   NSTEP       ENERGY          RMS            GMAX         NAME    NUMBER
   2700      -1.7702E+05     4.0577E-01     2.3699E+01     O3'       922

 BOND    =    12887.9767  ANGLE   =      252.6556  DIHED      =      833.6420
 VDWAALS =    31656.7068  EEL     =  -219027.2463  HBOND      =        0.0000
 1-4 VDW =      249.1560  1-4 EEL =    -4505.2083  RESTRAINT  =      629.1052
 EAMBER  =  -177652.3173


   NSTEP       ENERGY          RMS            GMAX         NAME    NUMBER
   2750      -1.7715E+05     4.4601E-01     2.6912E+01     N3        393

 BOND    =    12914.7902  ANGLE   =      254.5227  DIHED      =      833.7407
 VDWAALS =    31766.5382  EEL     =  -219290.5010  HBOND      =        0.0000
 1-4 VDW =      249.1057  1-4 EEL =    -4504.9362  RESTRAINT  =      628.5622
 EAMBER  =  -177776.7397


   NSTEP       ENERGY          RMS            GMAX         NAME    NUMBER
   2800      -1.7729E+05     4.8912E-01     3.2988E+01     N3        393

 BOND    =    12946.9601  ANGLE   =      256.8665  DIHED      =      833.8691
 VDWAALS =    31885.0092  EEL     =  -219584.3050  HBOND      =        0.0000
 1-4 VDW =      249.0027  1-4 EEL =    -4504.7718  RESTRAINT  =      627.6247
 EAMBER  =  -177917.3694


   NSTEP       ENERGY          RMS            GMAX         NAME    NUMBER
   2850      -1.7743E+05     4.5176E-01     2.7082E+01     N3        393

 BOND    =    12973.9948  ANGLE   =      256.7260  DIHED      =      834.0569
 VDWAALS =    31992.2540  EEL     =  -219852.7874  HBOND      =        0.0000
 1-4 VDW =      248.9520  1-4 EEL =    -4505.1386  RESTRAINT  =      626.3464
 EAMBER  =  -178051.9424


   NSTEP       ENERGY          RMS            GMAX         NAME    NUMBER
   2900      -1.7758E+05     5.3780E-01     3.0388E+01     O3'       922

 BOND    =    12999.9093  ANGLE   =      261.1454  DIHED      =      834.4124
 VDWAALS =    32122.1727  EEL     =  -220162.6641  HBOND      =        0.0000
 1-4 VDW =      249.0291  1-4 EEL =    -4504.9349  RESTRAINT  =      623.9080
 EAMBER  =  -178200.9302


   NSTEP       ENERGY          RMS            GMAX         NAME    NUMBER
   2950      -1.7771E+05     4.4573E-01     2.4356E+01     O3'       187

 BOND    =    13029.5386  ANGLE   =      256.4265  DIHED      =      834.5407
 VDWAALS =    32217.6555  EEL     =  -220417.3323  HBOND      =        0.0000
 1-4 VDW =      249.4626  1-4 EEL =    -4505.0518  RESTRAINT  =      622.2248
 EAMBER  =  -178334.7602


   NSTEP       ENERGY          RMS            GMAX         NAME    NUMBER
   3000      -1.7782E+05     3.7977E-01     2.0994E+01     O3'       187

 BOND    =    13046.8269  ANGLE   =      252.0194  DIHED      =      834.7720
 VDWAALS =    32279.3348  EEL     =  -220599.2401  HBOND      =        0.0000
 1-4 VDW =      249.2930  1-4 EEL =    -4505.3035  RESTRAINT  =      620.6264
 EAMBER  =  -178442.2976


   NSTEP       ENERGY          RMS            GMAX         NAME    NUMBER
   3050      -1.7791E+05     3.5460E-01     1.9383E+01     P         623

 BOND    =    13062.1083  ANGLE   =      249.5930  DIHED      =      835.0014
 VDWAALS =    32346.6559  EEL     =  -220767.4995  HBOND      =        0.0000
 1-4 VDW =      249.4793  1-4 EEL =    -4505.3913  RESTRAINT  =      621.4923
 EAMBER  =  -178530.0529


   NSTEP       ENERGY          RMS            GMAX         NAME    NUMBER
   3100      -1.7798E+05     3.7229E-01     2.3233E+01     P         623

 BOND    =    13086.2238  ANGLE   =      247.8222  DIHED      =      835.3453
 VDWAALS =    32400.6184  EEL     =  -220919.2590  HBOND      =        0.0000
 1-4 VDW =      249.7974  1-4 EEL =    -4505.2176  RESTRAINT  =      621.7349
 EAMBER  =  -178604.6696


   NSTEP       ENERGY          RMS            GMAX         NAME    NUMBER
   3150      -1.7805E+05     3.4774E-01     1.8218E+01     C2'       652

 BOND    =    13095.5060  ANGLE   =      248.4379  DIHED      =      835.4226
 VDWAALS =    32453.9476  EEL     =  -221050.6038  HBOND      =        0.0000
 1-4 VDW =      249.4988  1-4 EEL =    -4505.5692  RESTRAINT  =      621.0314
 EAMBER  =  -178673.3600


   NSTEP       ENERGY          RMS            GMAX         NAME    NUMBER
   3200      -1.7813E+05     2.3729E-01     1.0872E+01     C4        877

 BOND    =    13107.5302  ANGLE   =      244.0002  DIHED      =      834.8918
 VDWAALS =    32514.7526  EEL     =  -221196.6085  HBOND      =        0.0000
 1-4 VDW =      249.2352  1-4 EEL =    -4506.1185  RESTRAINT  =      619.4125
 EAMBER  =  -178752.3170


   NSTEP       ENERGY          RMS            GMAX         NAME    NUMBER
   3250      -1.7819E+05     2.7436E-01     1.4904E+01     O       40202

 BOND    =    13124.0284  ANGLE   =      243.5747  DIHED      =      834.7025
 VDWAALS =    32557.1818  EEL     =  -221315.7113  HBOND      =        0.0000
 1-4 VDW =      249.2169  1-4 EEL =    -4506.3224  RESTRAINT  =      619.1577
 EAMBER  =  -178813.3293


   NSTEP       ENERGY          RMS            GMAX         NAME    NUMBER
   3300      -1.7828E+05     1.6057E-01     7.2796E+00     N3        393

 BOND    =    13131.6454  ANGLE   =      243.4634  DIHED      =      834.2941
 VDWAALS =    32620.8835  EEL     =  -221466.6467  HBOND      =        0.0000
 1-4 VDW =      248.9309  1-4 EEL =    -4506.7183  RESTRAINT  =      619.1002
 EAMBER  =  -178894.1477


   NSTEP       ENERGY          RMS            GMAX         NAME    NUMBER
   3350      -1.7834E+05     1.5924E-01     8.9392E+00     N3        393

 BOND    =    13144.4766  ANGLE   =      243.4418  DIHED      =      833.9883
 VDWAALS =    32668.8194  EEL     =  -221596.7313  HBOND      =        0.0000
 1-4 VDW =      248.8616  1-4 EEL =    -4506.8116  RESTRAINT  =      619.2532
 EAMBER  =  -178963.9553


   NSTEP       ENERGY          RMS            GMAX         NAME    NUMBER
   3400      -1.7841E+05     1.7946E-01     9.5795E+00     N3        393

 BOND    =    13156.7204  ANGLE   =      243.4845  DIHED      =      833.7052
 VDWAALS =    32716.5148  EEL     =  -221725.0364  HBOND      =        0.0000
 1-4 VDW =      248.8537  1-4 EEL =    -4506.7180  RESTRAINT  =      619.5819
 EAMBER  =  -179032.4758


   NSTEP       ENERGY          RMS            GMAX         NAME    NUMBER
   3450      -1.7849E+05     1.3267E-01     7.7195E+00     N3        393

 BOND    =    13169.2092  ANGLE   =      243.4326  DIHED      =      833.7140
 VDWAALS =    32762.3505  EEL     =  -221862.7310  HBOND      =        0.0000
 1-4 VDW =      248.9460  1-4 EEL =    -4506.8333  RESTRAINT  =      619.6430
 EAMBER  =  -179111.9121


   NSTEP       ENERGY          RMS            GMAX         NAME    NUMBER
   3500      -1.7855E+05     1.3890E-01     8.9992E+00     N3        393

 BOND    =    13181.9643  ANGLE   =      243.8389  DIHED      =      833.7846
 VDWAALS =    32798.8790  EEL     =  -221970.4439  HBOND      =        0.0000
 1-4 VDW =      248.9434  1-4 EEL =    -4506.6813  RESTRAINT  =      619.2908
 EAMBER  =  -179169.7150


   NSTEP       ENERGY          RMS            GMAX         NAME    NUMBER
   3550      -1.7861E+05     1.5274E-01     8.1126E+00     C2        881

 BOND    =    13193.4841  ANGLE   =      244.0018  DIHED      =      833.7905
 VDWAALS =    32842.7885  EEL     =  -222085.2084  HBOND      =        0.0000
 1-4 VDW =      248.9935  1-4 EEL =    -4506.6738  RESTRAINT  =      618.9711
 EAMBER  =  -179228.8237


   NSTEP       ENERGY          RMS            GMAX         NAME    NUMBER
   3600      -1.7867E+05     1.4178E-01     8.5905E+00     H2''      186

 BOND    =    13204.6767  ANGLE   =      244.1573  DIHED      =      833.7865
 VDWAALS =    32888.4404  EEL     =  -222205.3897  HBOND      =        0.0000
 1-4 VDW =      248.9287  1-4 EEL =    -4506.7870  RESTRAINT  =      618.5011
 EAMBER  =  -179292.1870


   NSTEP       ENERGY          RMS            GMAX         NAME    NUMBER
   3650      -1.7877E+05     1.3246E-01     6.3919E+00     C4        389

 BOND    =    13216.7857  ANGLE   =      243.5405  DIHED      =      833.7295
 VDWAALS =    32966.6203  EEL     =  -222393.5202  HBOND      =        0.0000
 1-4 VDW =      248.7950  1-4 EEL =    -4506.8939  RESTRAINT  =      617.5439
 EAMBER  =  -179390.9431


   NSTEP       ENERGY          RMS            GMAX         NAME    NUMBER
   3700      -1.7882E+05     1.2404E-01     7.7274E+00     C3'       182

 BOND    =    13233.9691  ANGLE   =      243.3789  DIHED      =      833.7518
 VDWAALS =    32994.8251  EEL     =  -222484.8804  HBOND      =        0.0000
 1-4 VDW =      248.8290  1-4 EEL =    -4506.8596  RESTRAINT  =      616.9016
 EAMBER  =  -179436.9860


   NSTEP       ENERGY          RMS            GMAX         NAME    NUMBER
   3750      -1.7887E+05     1.2709E-01     6.8830E+00     C6        385

 BOND    =    13239.4444  ANGLE   =      243.1851  DIHED      =      833.7270
 VDWAALS =    33029.8385  EEL     =  -222574.5131  HBOND      =        0.0000
 1-4 VDW =      248.7531  1-4 EEL =    -4506.6626  RESTRAINT  =      616.3105
 EAMBER  =  -179486.2276


   NSTEP       ENERGY          RMS            GMAX         NAME    NUMBER
   3800      -1.7891E+05     1.6131E-01     1.5336E+01     C6       1007

 BOND    =    13245.4708  ANGLE   =      243.2061  DIHED      =      833.7178
 VDWAALS =    33055.4829  EEL     =  -222642.7778  HBOND      =        0.0000
 1-4 VDW =      249.0091  1-4 EEL =    -4506.5760  RESTRAINT  =      615.9718
 EAMBER  =  -179522.4672


   NSTEP       ENERGY          RMS            GMAX         NAME    NUMBER
   3850      -1.7894E+05     1.2726E-01     1.0060E+01     N3        879

 BOND    =    13250.0896  ANGLE   =      243.2770  DIHED      =      833.7028
 VDWAALS =    33075.3098  EEL     =  -222698.2545  HBOND      =        0.0000
 1-4 VDW =      248.8852  1-4 EEL =    -4506.5350  RESTRAINT  =      615.7350
 EAMBER  =  -179553.5250


   NSTEP       ENERGY          RMS            GMAX         NAME    NUMBER
   3900      -1.7897E+05     1.2742E-01     9.4211E+00     C6        385

 BOND    =    13255.6184  ANGLE   =      243.4449  DIHED      =      833.6715
 VDWAALS =    33096.3731  EEL     =  -222756.8912  HBOND      =        0.0000
 1-4 VDW =      248.9049  1-4 EEL =    -4506.5624  RESTRAINT  =      615.5380
 EAMBER  =  -179585.4409


   NSTEP       ENERGY          RMS            GMAX         NAME    NUMBER
   3950      -1.7900E+05     1.3493E-01     9.1893E+00     C6        385

 BOND    =    13260.5014  ANGLE   =      243.5458  DIHED      =      833.6396
 VDWAALS =    33117.5332  EEL     =  -222813.0025  HBOND      =        0.0000
 1-4 VDW =      248.9023  1-4 EEL =    -4506.6085  RESTRAINT  =      615.3821
 EAMBER  =  -179615.4887


   NSTEP       ENERGY          RMS            GMAX         NAME    NUMBER
   4000      -1.7903E+05     8.4462E-02     5.4789E+00     N3        393

 BOND    =    13265.5362  ANGLE   =      243.6713  DIHED      =      833.6065
 VDWAALS =    33136.6052  EEL     =  -222865.7265  HBOND      =        0.0000
 1-4 VDW =      248.9553  1-4 EEL =    -4506.6388  RESTRAINT  =      615.2295
 EAMBER  =  -179643.9907


  Maximum number of minimization cycles reached.


                    FINAL RESULTS



   NSTEP       ENERGY          RMS            GMAX         NAME    NUMBER
   4000      -1.7903E+05     8.4462E-02     5.4789E+00     N3        393

 BOND    =    13265.5362  ANGLE   =      243.6713  DIHED      =      833.6065
 VDWAALS =    33136.6052  EEL     =  -222865.7265  HBOND      =        0.0000
 1-4 VDW =      248.9553  1-4 EEL =    -4506.6388  RESTRAINT  =      615.2295
 EAMBER  =  -179643.9907
--------------------------------------------------------------------------------
   5.  TIMINGS
--------------------------------------------------------------------------------

|  NonSetup CPU Time in Major Routines:
|
|     Routine           Sec        %
|     ------------------------------
|     Nonbond          10.07   48.73
|     Bond              0.00    0.00
|     Angle             0.00    0.00
|     Dihedral          0.00    0.00
|     Shake             0.00    0.00
|     Other            10.60   51.27
|     ------------------------------
|     Total            20.67

|  PME Nonbond Pairlist CPU Time:
|
|     Routine              Sec        %
|     ---------------------------------
|     Set Up Cit           0.00    0.00
|     Build List           0.00    0.00
|     ---------------------------------
|     Total                0.00    0.00

|  PME Direct Force CPU Time:
|
|     Routine              Sec        %
|     ---------------------------------
|     NonBonded Calc       0.00    0.00
|     Exclude Masked       0.00    0.00
|     Other                0.01    0.05
|     ---------------------------------
|     Total                0.01    0.05

|  PME Reciprocal Force CPU Time:
|
|     Routine              Sec        %
|     ---------------------------------
|     1D bspline           0.00    0.00
|     Grid Charges         0.00    0.00
|     Scalar Sum           0.00    0.00
|     Gradient Sum         0.00    0.00
|     FFT                  0.00    0.00
|     ---------------------------------
|     Total                0.00    0.00

|  Setup CPU time:            1.58 seconds
|  NonSetup CPU time:        20.67 seconds
|  Total CPU time:           22.25 seconds     0.01 hours

|  Setup wall time:           2    seconds
|  NonSetup wall time:       20    seconds
|  Total wall time:          22    seconds     0.01 hours
