
          -------------------------------------------------------
          Amber 16 PMEMD                              2016
          -------------------------------------------------------

| PMEMD implementation of SANDER, Release 16

| Run on 01/17/2024 at 23:04:40

|   Executable path: pmemd.cuda
| Working directory: /home/students/keyq/fuben/input/7/nLC7right
|          Hostname: master

  [-O]verwriting output

File Assignments:
|   MDIN: min2.in                                                               
|  MDOUT: cmp_min2.out                                                          
| INPCRD: cmp_min1.rst                                                          
|   PARM: cmp.prmtop                                                            
| RESTRT: cmp_min2.rst                                                          
|   REFC: cmp.inpcrd                                                            
|  MDVEL: mdvel                                                                 
|   MDEN: mden                                                                  
|  MDCRD: mdcrd                                                                 
| MDINFO: mdinfo                                                                
|  MDFRC: mdfrc                                                                 


 Here is the input file:

Initial minimisation of our structures                                         
 &cntrl                                                                        
  imin=1, maxcyc=10000, ncyc=5000,                                             
  cut=10, ntb=1,ntr=1,                                                         
  restraint_wt=2.0                                                             
  restraintmask=':1-554@CA,N,C'                                                
                                                                               
/                                                                              


Note: ig = -1. Setting random seed to   611988 based on wallclock time in 
      microseconds.
 
|--------------------- INFORMATION ----------------------
| GPU (CUDA) Version of PMEMD in use: NVIDIA GPU IN USE.
|                    Version 16.0.0
| 
|                      02/25/2016
| 
| Implementation by:
|                    Ross C. Walker     (SDSC)
|                    Scott Le Grand     (nVIDIA)
| 
| Precision model in use:
|      [SPFP] - Single Precision Forces, 64-bit Fixed Point
|               Accumulation. (Default)
| 
|--------------------------------------------------------
 
|----------------- CITATION INFORMATION -----------------
|
|    When publishing work that utilized the CUDA version
|    of AMBER, please cite the following in addition to
|    the regular AMBER citations:
|
|  - Romelia Salomon-Ferrer; Andreas W. Goetz; Duncan
|    Poole; Scott Le Grand; Ross C. Walker "Routine
|    microsecond molecular dynamics simulations with
|    AMBER - Part II: Particle Mesh Ewald", J. Chem.
|    Theory Comput., 2013, 9 (9), pp3878-3888,
|    DOI: 10.1021/ct400314y.
|
|  - Andreas W. Goetz; Mark J. Williamson; Dong Xu;
|    Duncan Poole; Scott Le Grand; Ross C. Walker
|    "Routine microsecond molecular dynamics simulations
|    with AMBER - Part I: Generalized Born", J. Chem.
|    Theory Comput., 2012, 8 (5), pp1542-1555.
|
|  - Scott Le Grand; Andreas W. Goetz; Ross C. Walker
|    "SPFP: Speed without compromise - a mixed precision
|    model for GPU accelerated molecular dynamics
|    simulations.", Comp. Phys. Comm., 2013, 184
|    pp374-380, DOI: 10.1016/j.cpc.2012.09.022
|
|--------------------------------------------------------
 
|------------------- GPU DEVICE INFO --------------------
|
|            CUDA_VISIBLE_DEVICES: 0
|   CUDA Capable Devices Detected:      1
|           CUDA Device ID in use:      0
|                CUDA Device Name: Tesla V100-PCIE-32GB
|     CUDA Device Global Mem Size:  32510 MB
| CUDA Device Num Multiprocessors:     80
|           CUDA Device Core Freq:   1.38 GHz
|
|--------------------------------------------------------
 
 
| Conditional Compilation Defines Used:
| PUBFFT
| BINTRAJ
| CUDA
| EMIL

| Largest sphere to fit in unit cell has radius =    34.461

| New format PARM file being parsed.
| Version =    1.000 Date = 01/29/21 Time = 15:02:16

| Note: 1-4 EEL scale factors are being read from the topology file.

| Note: 1-4 VDW scale factors are being read from the topology file.
| Duplicated    0 dihedrals

| Duplicated    0 dihedrals

--------------------------------------------------------------------------------
   1.  RESOURCE   USE: 
--------------------------------------------------------------------------------

 getting box info from netcdf restart file
 NATOM  =   41380 NTYPES =      18 NBONH =   40641 MBONA  =     790
 NTHETH =     882 MTHETA =    1223 NPHIH =    1873 MPHIA  =    2454
 NHPARM =       0 NPARM  =       0 NNB   =   59770 NRES   =   13486
 NBONA  =     790 NTHETA =    1223 NPHIA =    2454 NUMBND =      73
 NUMANG =     152 NPTRA  =      87 NATYP =      37 NPHB   =       1
 IFBOX  =       2 NMXRS  =      34 IFCAP =       0 NEXTRA =       0
 NCOPY  =       0

| Coordinate Index Table dimensions:    13   13   13
| Direct force subcell size =     6.4933    6.4933    6.4933

     BOX TYPE: TRUNCATED OCTAHEDRON

--------------------------------------------------------------------------------
   2.  CONTROL  DATA  FOR  THE  RUN
--------------------------------------------------------------------------------

default_name                                                                    

General flags:
     imin    =       1, nmropt  =       0

Nature and format of input:
     ntx     =       1, irest   =       0, ntrx    =       1

Nature and format of output:
     ntxo    =       2, ntpr    =      50, ntrx    =       1, ntwr    =       1
     iwrap   =       0, ntwx    =       0, ntwv    =       0, ntwe    =       0
     ioutfm  =       1, ntwprt  =       0, idecomp =       0, rbornstat=      0

Potential function:
     ntf     =       1, ntb     =       1, igb     =       0, nsnb    =      25
     ipol    =       0, gbsa    =       0, iesp    =       0
     dielc   =   1.00000, cut     =  10.00000, intdiel =   1.00000

Frozen or restrained atoms:
     ibelly  =       0, ntr     =       1
     restraint_wt =   2.00000

Energy minimization:
     maxcyc  =   10000, ncyc    =    5000, ntmin   =       1
     dx0     =   0.01000, drms    =   0.00010

| Intermolecular bonds treatment:
|     no_intermolecular_bonds =       1

| Energy averages sample interval:
|     ene_avg_sampling =       1

Ewald parameters:
     verbose =       0, ew_type =       0, nbflag  =       1, use_pme =       1
     vdwmeth =       1, eedmeth =       1, netfrc  =       0
     Box X =   84.413   Box Y =   84.413   Box Z =   84.413
     Alpha =  109.471   Beta  =  109.471   Gamma =  109.471
     NFFT1 =   96       NFFT2 =   96       NFFT3 =   96
     Cutoff=   10.000   Tol   =0.100E-04
     Ewald Coefficient =  0.27511
     Interpolation order =    4

    LOADING THE CONSTRAINED ATOMS AS GROUPS


   5.  REFERENCE ATOM COORDINATES

  default_name                                                                    
     Mask :1-554@CA,N,C; matches     0 atoms

--------------------------------------------------------------------------------
   3.  ATOMIC COORDINATES AND VELOCITIES
--------------------------------------------------------------------------------

default_name                                                                    
 begin time read from input coords =     0.000 ps

 
 Number of triangulated 3-point waters found:    13420

     Sum of charges from parm topology file =   0.00000012
     Forcing neutrality...

| Dynamic Memory, Types Used:
| Reals             1221053
| Integers          1023019

| Nonbonded Pairs Initial Allocation:    12516415

| GPU memory information (estimate):
| KB of GPU memory in use:    219982
| KB of CPU memory in use:     74830

--------------------------------------------------------------------------------
   4.  RESULTS
--------------------------------------------------------------------------------

 ---------------------------------------------------
 APPROXIMATING switch and d/dx switch using CUBIC SPLINE INTERPOLATION
 using   5000.0 points per unit in tabled values
 TESTING RELATIVE ERROR over r ranging from 0.0 to cutoff
| CHECK switch(x): max rel err =   0.2738E-14   at   2.422500
| CHECK d/dx switch(x): max rel err =   0.8314E-11   at   2.736960
 ---------------------------------------------------
|---------------------------------------------------
| APPROXIMATING direct energy using CUBIC SPLINE INTERPOLATION
|  with   50.0 points per unit in tabled values
| Relative Error Limit not exceeded for r .gt.   2.33
| APPROXIMATING direct force using CUBIC SPLINE INTERPOLATION
|  with   50.0 points per unit in tabled values
| Relative Error Limit not exceeded for r .gt.   2.80
|---------------------------------------------------


   NSTEP       ENERGY          RMS            GMAX         NAME    NUMBER
      1      -1.7964E+05     2.1601E-01     1.3423E+01     Na+      1093

 BOND    =    13265.5362  ANGLE   =      243.6713  DIHED      =      833.6065
 VDWAALS =    33136.5794  EEL     =  -222865.7524  HBOND      =        0.0000
 1-4 VDW =      248.9553  1-4 EEL =    -4506.6388  RESTRAINT  =        0.0000


   NSTEP       ENERGY          RMS            GMAX         NAME    NUMBER
     50      -1.7974E+05     3.5883E-01     1.1942E+01     P         725

 BOND    =    13286.8459  ANGLE   =      238.1473  DIHED      =      831.1843
 VDWAALS =    33214.3948  EEL     =  -223056.8282  HBOND      =        0.0000
 1-4 VDW =      248.4709  1-4 EEL =    -4505.9986  RESTRAINT  =        0.0000


   NSTEP       ENERGY          RMS            GMAX         NAME    NUMBER
    100      -1.7980E+05     1.0554E-01     2.9006E+00     P         725

 BOND    =    13293.4299  ANGLE   =      235.0892  DIHED      =      829.8607
 VDWAALS =    33261.8279  EEL     =  -223164.9934  HBOND      =        0.0000
 1-4 VDW =      248.4486  1-4 EEL =    -4504.4339  RESTRAINT  =        0.0000


   NSTEP       ENERGY          RMS            GMAX         NAME    NUMBER
    150      -1.7984E+05     2.7312E-01     4.9252E+01     P         725

 BOND    =    13302.6061  ANGLE   =      233.0516  DIHED      =      828.6194
 VDWAALS =    33303.0701  EEL     =  -223257.2792  HBOND      =        0.0000
 1-4 VDW =      248.4304  1-4 EEL =    -4503.2879  RESTRAINT  =        0.0000


   NSTEP       ENERGY          RMS            GMAX         NAME    NUMBER
    200      -1.7988E+05     8.6236E-02     5.7626E+00     P         725

 BOND    =    13308.8653  ANGLE   =      231.5306  DIHED      =      827.5718
 VDWAALS =    33338.1078  EEL     =  -223336.1243  HBOND      =        0.0000
 1-4 VDW =      248.4493  1-4 EEL =    -4502.4720  RESTRAINT  =        0.0000


   NSTEP       ENERGY          RMS            GMAX         NAME    NUMBER
    250      -1.7992E+05     2.3106E-01     5.5970E+01     P         725

 BOND    =    13315.7843  ANGLE   =      230.8376  DIHED      =      826.6076
 VDWAALS =    33368.6854  EEL     =  -223405.1890  HBOND      =        0.0000
 1-4 VDW =      248.4046  1-4 EEL =    -4501.8667  RESTRAINT  =        0.0000


   NSTEP       ENERGY          RMS            GMAX         NAME    NUMBER
    300      -1.7995E+05     7.8005E-02     5.8196E+00     P         725

 BOND    =    13320.3509  ANGLE   =      229.8408  DIHED      =      825.5947
 VDWAALS =    33395.0703  EEL     =  -223465.4953  HBOND      =        0.0000
 1-4 VDW =      248.3740  1-4 EEL =    -4501.2808  RESTRAINT  =        0.0000


   NSTEP       ENERGY          RMS            GMAX         NAME    NUMBER
    350      -1.7997E+05     1.9838E-01     4.7402E+01     P         725

 BOND    =    13325.7218  ANGLE   =      229.4847  DIHED      =      824.6479
 VDWAALS =    33419.0029  EEL     =  -223520.5934  HBOND      =        0.0000
 1-4 VDW =      248.3250  1-4 EEL =    -4500.8174  RESTRAINT  =        0.0000


   NSTEP       ENERGY          RMS            GMAX         NAME    NUMBER
    400      -1.8000E+05     3.2336E-01     5.7102E+01     P         725

 BOND    =    13331.8102  ANGLE   =      228.6309  DIHED      =      823.7574
 VDWAALS =    33440.9876  EEL     =  -223572.1920  HBOND      =        0.0000
 1-4 VDW =      248.4906  1-4 EEL =    -4500.2755  RESTRAINT  =        0.0000


   NSTEP       ENERGY          RMS            GMAX         NAME    NUMBER
    450      -1.8002E+05     1.0500E-01     1.8832E+01     P         725

 BOND    =    13334.3099  ANGLE   =      228.6240  DIHED      =      823.0027
 VDWAALS =    33461.6207  EEL     =  -223619.7442  HBOND      =        0.0000
 1-4 VDW =      248.2890  1-4 EEL =    -4500.0714  RESTRAINT  =        0.0000


   NSTEP       ENERGY          RMS            GMAX         NAME    NUMBER
    500      -1.8005E+05     2.7030E-01     4.6390E+01     P         725

 BOND    =    13338.8429  ANGLE   =      229.2719  DIHED      =      822.2197
 VDWAALS =    33481.2277  EEL     =  -223665.1689  HBOND      =        0.0000
 1-4 VDW =      248.1014  1-4 EEL =    -4499.8333  RESTRAINT  =        0.0000


   NSTEP       ENERGY          RMS            GMAX         NAME    NUMBER
    550      -1.8007E+05     8.5798E-02     1.2257E+01     P         725

 BOND    =    13341.8691  ANGLE   =      228.2070  DIHED      =      821.4124
 VDWAALS =    33498.5227  EEL     =  -223706.3685  HBOND      =        0.0000
 1-4 VDW =      248.2212  1-4 EEL =    -4499.4594  RESTRAINT  =        0.0000


   NSTEP       ENERGY          RMS            GMAX         NAME    NUMBER
    600      -1.8009E+05     6.6695E-02     4.0328E+00     P         725

 BOND    =    13345.3004  ANGLE   =      228.0458  DIHED      =      820.7071
 VDWAALS =    33515.0879  EEL     =  -223745.8906  HBOND      =        0.0000
 1-4 VDW =      248.1815  1-4 EEL =    -4499.1322  RESTRAINT  =        0.0000


   NSTEP       ENERGY          RMS            GMAX         NAME    NUMBER
    650      -1.8011E+05     6.5851E-02     3.2878E+00     P         725

 BOND    =    13348.4996  ANGLE   =      227.9006  DIHED      =      820.0304
 VDWAALS =    33530.2980  EEL     =  -223783.0243  HBOND      =        0.0000
 1-4 VDW =      248.1540  1-4 EEL =    -4498.8219  RESTRAINT  =        0.0000


   NSTEP       ENERGY          RMS            GMAX         NAME    NUMBER
    700      -1.8013E+05     1.8829E-01     1.5813E+01     P         725

 BOND    =    13352.0369  ANGLE   =      227.8666  DIHED      =      819.3623
 VDWAALS =    33545.0308  EEL     =  -223820.0627  HBOND      =        0.0000
 1-4 VDW =      248.1120  1-4 EEL =    -4498.2754  RESTRAINT  =        0.0000


   NSTEP       ENERGY          RMS            GMAX         NAME    NUMBER
    750      -1.8014E+05     2.6924E-01     1.9294E+01     C6       1007

 BOND    =    13355.4878  ANGLE   =      227.5992  DIHED      =      818.7813
 VDWAALS =    33557.7504  EEL     =  -223853.6157  HBOND      =        0.0000
 1-4 VDW =      248.1568  1-4 EEL =    -4497.7338  RESTRAINT  =        0.0000


   NSTEP       ENERGY          RMS            GMAX         NAME    NUMBER
    800      -1.8016E+05     1.6349E-01     1.2329E+01     C5       1006

 BOND    =    13357.8405  ANGLE   =      227.0591  DIHED      =      818.2823
 VDWAALS =    33569.5719  EEL     =  -223886.2745  HBOND      =        0.0000
 1-4 VDW =      248.2317  1-4 EEL =    -4497.6069  RESTRAINT  =        0.0000


   NSTEP       ENERGY          RMS            GMAX         NAME    NUMBER
    850      -1.8018E+05     2.2107E-01     1.9780E+01     C2        394

 BOND    =    13360.8250  ANGLE   =      227.0387  DIHED      =      817.8712
 VDWAALS =    33581.0637  EEL     =  -223918.1960  HBOND      =        0.0000
 1-4 VDW =      248.2344  1-4 EEL =    -4497.3925  RESTRAINT  =        0.0000


   NSTEP       ENERGY          RMS            GMAX         NAME    NUMBER
    900      -1.8020E+05     9.9171E-02     8.1712E+00     C2        394

 BOND    =    13362.0230  ANGLE   =      227.0823  DIHED      =      817.4712
 VDWAALS =    33592.5956  EEL     =  -223948.5151  HBOND      =        0.0000
 1-4 VDW =      248.1281  1-4 EEL =    -4497.0241  RESTRAINT  =        0.0000


   NSTEP       ENERGY          RMS            GMAX         NAME    NUMBER
    950      -1.8021E+05     1.8020E-01     1.6774E+01     C2        394

 BOND    =    13364.6199  ANGLE   =      227.2512  DIHED      =      817.0772
 VDWAALS =    33603.7015  EEL     =  -223977.5367  HBOND      =        0.0000
 1-4 VDW =      248.0630  1-4 EEL =    -4496.8412  RESTRAINT  =        0.0000


   NSTEP       ENERGY          RMS            GMAX         NAME    NUMBER
   1000      -1.8023E+05     7.8788E-02     5.2446E+00     C2        394

 BOND    =    13367.0897  ANGLE   =      226.8647  DIHED      =      816.7110
 VDWAALS =    33614.3002  EEL     =  -224005.4751  HBOND      =        0.0000
 1-4 VDW =      248.1147  1-4 EEL =    -4496.9463  RESTRAINT  =        0.0000


   NSTEP       ENERGY          RMS            GMAX         NAME    NUMBER
   1050      -1.8024E+05     1.6121E-01     1.4923E+01     C2        394

 BOND    =    13370.1624  ANGLE   =      226.6077  DIHED      =      816.3624
 VDWAALS =    33624.6344  EEL     =  -224032.5410  HBOND      =        0.0000
 1-4 VDW =      248.1736  1-4 EEL =    -4496.8451  RESTRAINT  =        0.0000


   NSTEP       ENERGY          RMS            GMAX         NAME    NUMBER
   1100      -1.8026E+05     2.3973E-01     2.1079E+01     C2        394

 BOND    =    13372.6636  ANGLE   =      227.0799  DIHED      =      816.0417
 VDWAALS =    33634.7283  EEL     =  -224058.3509  HBOND      =        0.0000
 1-4 VDW =      248.0906  1-4 EEL =    -4496.8181  RESTRAINT  =        0.0000


   NSTEP       ENERGY          RMS            GMAX         NAME    NUMBER
   1150      -1.8027E+05     1.5111E-01     1.3926E+01     C2        394

 BOND    =    13373.5853  ANGLE   =      227.0871  DIHED      =      815.7194
 VDWAALS =    33644.9245  EEL     =  -224084.1347  HBOND      =        0.0000
 1-4 VDW =      247.9961  1-4 EEL =    -4496.1401  RESTRAINT  =        0.0000


   NSTEP       ENERGY          RMS            GMAX         NAME    NUMBER
   1200      -1.8028E+05     6.3487E-02     4.2754E+00     C2        394

 BOND    =    13376.0616  ANGLE   =      226.6335  DIHED      =      815.4646
 VDWAALS =    33654.3937  EEL     =  -224108.5016  HBOND      =        0.0000
 1-4 VDW =      248.0616  1-4 EEL =    -4496.1760  RESTRAINT  =        0.0000


   NSTEP       ENERGY          RMS            GMAX         NAME    NUMBER
   1250      -1.8030E+05     9.3600E-02     8.3372E+00     C2        394

 BOND    =    13378.4053  ANGLE   =      226.5019  DIHED      =      815.2332
 VDWAALS =    33663.6605  EEL     =  -224132.0214  HBOND      =        0.0000
 1-4 VDW =      248.0792  1-4 EEL =    -4496.0606  RESTRAINT  =        0.0000


   NSTEP       ENERGY          RMS            GMAX         NAME    NUMBER
   1300      -1.8031E+05     1.7885E-01     1.6040E+01     C2        394

 BOND    =    13381.1906  ANGLE   =      226.3167  DIHED      =      815.0337
 VDWAALS =    33672.6526  EEL     =  -224154.9397  HBOND      =        0.0000
 1-4 VDW =      248.1354  1-4 EEL =    -4496.0040  RESTRAINT  =        0.0000


   NSTEP       ENERGY          RMS            GMAX         NAME    NUMBER
   1350      -1.8032E+05     5.2949E-02     2.3180E+00     C2        394

 BOND    =    13381.9793  ANGLE   =      226.6172  DIHED      =      814.8412
 VDWAALS =    33681.7227  EEL     =  -224177.3510  HBOND      =        0.0000
 1-4 VDW =      248.0196  1-4 EEL =    -4495.6697  RESTRAINT  =        0.0000


   NSTEP       ENERGY          RMS            GMAX         NAME    NUMBER
   1400      -1.8033E+05     1.7439E-01     1.4646E+01     C2        394

 BOND    =    13384.3663  ANGLE   =      226.5202  DIHED      =      814.6695
 VDWAALS =    33690.7942  EEL     =  -224200.0083  HBOND      =        0.0000
 1-4 VDW =      248.0706  1-4 EEL =    -4495.3402  RESTRAINT  =        0.0000


   NSTEP       ENERGY          RMS            GMAX         NAME    NUMBER
   1450      -1.8034E+05     4.9248E-02     1.7809E+00     C2        394

 BOND    =    13386.1529  ANGLE   =      226.4949  DIHED      =      814.5303
 VDWAALS =    33699.3302  EEL     =  -224221.0566  HBOND      =        0.0000
 1-4 VDW =      248.0252  1-4 EEL =    -4495.5230  RESTRAINT  =        0.0000


   NSTEP       ENERGY          RMS            GMAX         NAME    NUMBER
   1500      -1.8035E+05     1.2432E-01     1.3021E+01     C2        394

 BOND    =    13388.8487  ANGLE   =      226.4115  DIHED      =      814.3885
 VDWAALS =    33708.4025  EEL     =  -224243.4205  HBOND      =        0.0000
 1-4 VDW =      248.0316  1-4 EEL =    -4495.5929  RESTRAINT  =        0.0000


   NSTEP       ENERGY          RMS            GMAX         NAME    NUMBER
   1550      -1.8036E+05     2.1328E-01     1.5225E+01     C6         48

 BOND    =    13390.8293  ANGLE   =      227.0123  DIHED      =      814.2546
 VDWAALS =    33717.2093  EEL     =  -224264.6199  HBOND      =        0.0000
 1-4 VDW =      247.9147  1-4 EEL =    -4495.6162  RESTRAINT  =        0.0000


   NSTEP       ENERGY          RMS            GMAX         NAME    NUMBER
   1600      -1.8037E+05     8.4865E-02     8.0050E+00     C2        394

 BOND    =    13391.8668  ANGLE   =      226.6783  DIHED      =      814.1247
 VDWAALS =    33725.6871  EEL     =  -224285.2704  HBOND      =        0.0000
 1-4 VDW =      247.9865  1-4 EEL =    -4495.1952  RESTRAINT  =        0.0000


   NSTEP       ENERGY          RMS            GMAX         NAME    NUMBER
   1650      -1.8038E+05     1.6286E-01     1.5613E+01     C2        394

 BOND    =    13393.7665  ANGLE   =      227.0011  DIHED      =      814.0003
 VDWAALS =    33734.3782  EEL     =  -224306.1932  HBOND      =        0.0000
 1-4 VDW =      247.9424  1-4 EEL =    -4495.0605  RESTRAINT  =        0.0000


   NSTEP       ENERGY          RMS            GMAX         NAME    NUMBER
   1700      -1.8039E+05     6.4112E-02     4.6051E+00     C2        394

 BOND    =    13396.3373  ANGLE   =      226.4000  DIHED      =      813.8934
 VDWAALS =    33742.8153  EEL     =  -224327.0974  HBOND      =        0.0000
 1-4 VDW =      248.0122  1-4 EEL =    -4495.2148  RESTRAINT  =        0.0000


   NSTEP       ENERGY          RMS            GMAX         NAME    NUMBER
   1750      -1.8040E+05     1.4241E-01     1.1351E+01     C2        394

 BOND    =    13398.5152  ANGLE   =      226.6841  DIHED      =      813.7825
 VDWAALS =    33751.4284  EEL     =  -224347.7270  HBOND      =        0.0000
 1-4 VDW =      247.9433  1-4 EEL =    -4495.2861  RESTRAINT  =        0.0000


   NSTEP       ENERGY          RMS            GMAX         NAME    NUMBER
   1800      -1.8041E+05     1.9440E-01     2.0933E+01     C2        394

 BOND    =    13401.4198  ANGLE   =      226.2951  DIHED      =      813.6800
 VDWAALS =    33759.9537  EEL     =  -224368.4952  HBOND      =        0.0000
 1-4 VDW =      248.0195  1-4 EEL =    -4495.2867  RESTRAINT  =        0.0000


   NSTEP       ENERGY          RMS            GMAX         NAME    NUMBER
   1850      -1.8042E+05     8.8915E-02     8.0069E+00     C2        394

 BOND    =    13401.6079  ANGLE   =      226.6459  DIHED      =      813.5703
 VDWAALS =    33768.3733  EEL     =  -224387.9687  HBOND      =        0.0000
 1-4 VDW =      247.9707  1-4 EEL =    -4494.8798  RESTRAINT  =        0.0000


   NSTEP       ENERGY          RMS            GMAX         NAME    NUMBER
   1900      -1.8043E+05     1.8551E-01     1.5000E+01     C5        109

 BOND    =    13403.2578  ANGLE   =      227.1811  DIHED      =      813.4674
 VDWAALS =    33776.6437  EEL     =  -224407.2540  HBOND      =        0.0000
 1-4 VDW =      247.8865  1-4 EEL =    -4494.7882  RESTRAINT  =        0.0000


   NSTEP       ENERGY          RMS            GMAX         NAME    NUMBER
   1950      -1.8044E+05     7.5304E-02     6.9641E+00     C2        394

 BOND    =    13405.7382  ANGLE   =      226.5035  DIHED      =      813.3790
 VDWAALS =    33784.8609  EEL     =  -224427.2836  HBOND      =        0.0000
 1-4 VDW =      247.9492  1-4 EEL =    -4494.9507  RESTRAINT  =        0.0000


   NSTEP       ENERGY          RMS            GMAX         NAME    NUMBER
   2000      -1.8045E+05     1.4615E-01     1.4438E+01     C2        394

 BOND    =    13408.1617  ANGLE   =      226.3645  DIHED      =      813.2892
 VDWAALS =    33792.9848  EEL     =  -224446.7990  HBOND      =        0.0000
 1-4 VDW =      247.9699  1-4 EEL =    -4494.9715  RESTRAINT  =        0.0000


   NSTEP       ENERGY          RMS            GMAX         NAME    NUMBER
   2050      -1.8046E+05     4.9745E-02     2.8500E+00     C2        394

 BOND    =    13408.7342  ANGLE   =      226.7178  DIHED      =      813.1979
 VDWAALS =    33801.0312  EEL     =  -224465.6276  HBOND      =        0.0000
 1-4 VDW =      247.9085  1-4 EEL =    -4494.7230  RESTRAINT  =        0.0000


   NSTEP       ENERGY          RMS            GMAX         NAME    NUMBER
   2100      -1.8047E+05     1.2776E-01     1.3881E+01     C2        394

 BOND    =    13410.2402  ANGLE   =      226.9989  DIHED      =      813.1097
 VDWAALS =    33809.3055  EEL     =  -224485.1397  HBOND      =        0.0000
 1-4 VDW =      247.8798  1-4 EEL =    -4494.5369  RESTRAINT  =        0.0000


   NSTEP       ENERGY          RMS            GMAX         NAME    NUMBER
   2150      -1.8048E+05     5.4055E-02     3.7782E+00     C2        394

 BOND    =    13412.4837  ANGLE   =      226.6604  DIHED      =      813.0358
 VDWAALS =    33817.2840  EEL     =  -224504.3015  HBOND      =        0.0000
 1-4 VDW =      247.8903  1-4 EEL =    -4494.7066  RESTRAINT  =        0.0000


   NSTEP       ENERGY          RMS            GMAX         NAME    NUMBER
   2200      -1.8049E+05     7.8723E-02     7.0839E+00     C2        394

 BOND    =    13414.5547  ANGLE   =      226.5357  DIHED      =      812.9601
 VDWAALS =    33825.7435  EEL     =  -224524.2733  HBOND      =        0.0000
 1-4 VDW =      247.9038  1-4 EEL =    -4494.6858  RESTRAINT  =        0.0000


   NSTEP       ENERGY          RMS            GMAX         NAME    NUMBER
   2250      -1.8050E+05     4.8699E-02     2.7026E+00     C2        394

 BOND    =    13415.7342  ANGLE   =      226.7501  DIHED      =      812.8889
 VDWAALS =    33834.0427  EEL     =  -224543.4037  HBOND      =        0.0000
 1-4 VDW =      247.8730  1-4 EEL =    -4494.5356  RESTRAINT  =        0.0000


   NSTEP       ENERGY          RMS            GMAX         NAME    NUMBER
   2300      -1.8051E+05     4.5990E-02     2.1464E+00     H2      22639

 BOND    =    13417.4623  ANGLE   =      226.7450  DIHED      =      812.8273
 VDWAALS =    33842.2093  EEL     =  -224562.3498  HBOND      =        0.0000
 1-4 VDW =      247.8638  1-4 EEL =    -4494.5102  RESTRAINT  =        0.0000


   NSTEP       ENERGY          RMS            GMAX         NAME    NUMBER
   2350      -1.8052E+05     1.4260E-01     1.4543E+01     C2        394

 BOND    =    13419.1432  ANGLE   =      226.8100  DIHED      =      812.7692
 VDWAALS =    33850.4950  EEL     =  -224581.6870  HBOND      =        0.0000
 1-4 VDW =      247.8957  1-4 EEL =    -4494.2865  RESTRAINT  =        0.0000


   NSTEP       ENERGY          RMS            GMAX         NAME    NUMBER
   2400      -1.8053E+05     4.6983E-02     2.3688E+00     H2      22639

 BOND    =    13420.9992  ANGLE   =      226.6721  DIHED      =      812.7278
 VDWAALS =    33858.3063  EEL     =  -224600.3923  HBOND      =        0.0000
 1-4 VDW =      247.8522  1-4 EEL =    -4494.4895  RESTRAINT  =        0.0000


   NSTEP       ENERGY          RMS            GMAX         NAME    NUMBER
   2450      -1.8054E+05     1.0990E-01     1.1664E+01     C2        394

 BOND    =    13423.2157  ANGLE   =      226.6020  DIHED      =      812.6935
 VDWAALS =    33866.2610  EEL     =  -224619.6092  HBOND      =        0.0000
 1-4 VDW =      247.8384  1-4 EEL =    -4494.5848  RESTRAINT  =        0.0000


   NSTEP       ENERGY          RMS            GMAX         NAME    NUMBER
   2500      -1.8055E+05     1.8428E-01     1.4438E+01     C6         48

 BOND    =    13425.5925  ANGLE   =      226.1758  DIHED      =      812.6692
 VDWAALS =    33873.8870  EEL     =  -224638.3148  HBOND      =        0.0000
 1-4 VDW =      247.9537  1-4 EEL =    -4494.4591  RESTRAINT  =        0.0000


   NSTEP       ENERGY          RMS            GMAX         NAME    NUMBER
   2550      -1.8056E+05     9.1305E-02     9.5146E+00     C2        394

 BOND    =    13425.6700  ANGLE   =      226.8149  DIHED      =      812.6477
 VDWAALS =    33881.7001  EEL     =  -224656.5632  HBOND      =        0.0000
 1-4 VDW =      247.8223  1-4 EEL =    -4494.2515  RESTRAINT  =        0.0000


   NSTEP       ENERGY          RMS            GMAX         NAME    NUMBER
   2600      -1.8057E+05     1.4633E-01     1.1571E+01     C2        394

 BOND    =    13427.1933  ANGLE   =      227.2058  DIHED      =      812.6406
 VDWAALS =    33889.5233  EEL     =  -224675.2760  HBOND      =        0.0000
 1-4 VDW =      247.7317  1-4 EEL =    -4494.2538  RESTRAINT  =        0.0000


   NSTEP       ENERGY          RMS            GMAX         NAME    NUMBER
   2650      -1.8057E+05     4.7053E-02     2.3017E+00     C2        394

 BOND    =    13429.3635  ANGLE   =      226.6358  DIHED      =      812.6478
 VDWAALS =    33896.7463  EEL     =  -224693.3083  HBOND      =        0.0000
 1-4 VDW =      247.7873  1-4 EEL =    -4494.3568  RESTRAINT  =        0.0000


   NSTEP       ENERGY          RMS            GMAX         NAME    NUMBER
   2700      -1.8058E+05     1.2810E-01     1.2534E+01     C2        394

 BOND    =    13431.8959  ANGLE   =      226.3444  DIHED      =      812.6621
 VDWAALS =    33904.2733  EEL     =  -224711.8902  HBOND      =        0.0000
 1-4 VDW =      247.8186  1-4 EEL =    -4494.4322  RESTRAINT  =        0.0000


   NSTEP       ENERGY          RMS            GMAX         NAME    NUMBER
   2750      -1.8059E+05     4.5128E-02     1.9944E+00     C2        394

 BOND    =    13432.5186  ANGLE   =      226.6776  DIHED      =      812.6762
 VDWAALS =    33911.6033  EEL     =  -224729.1254  HBOND      =        0.0000
 1-4 VDW =      247.7470  1-4 EEL =    -4494.2566  RESTRAINT  =        0.0000


   NSTEP       ENERGY          RMS            GMAX         NAME    NUMBER
   2800      -1.8060E+05     5.6481E-02     4.5621E+00     C2        394

 BOND    =    13434.0156  ANGLE   =      226.7578  DIHED      =      812.7004
 VDWAALS =    33919.0643  EEL     =  -224746.7337  HBOND      =        0.0000
 1-4 VDW =      247.7136  1-4 EEL =    -4494.2121  RESTRAINT  =        0.0000


   NSTEP       ENERGY          RMS            GMAX         NAME    NUMBER
   2850      -1.8061E+05     4.5527E-02     2.5162E+00     C2        394

 BOND    =    13435.8862  ANGLE   =      226.6622  DIHED      =      812.7322
 VDWAALS =    33926.3228  EEL     =  -224764.0977  HBOND      =        0.0000
 1-4 VDW =      247.6892  1-4 EEL =    -4494.2919  RESTRAINT  =        0.0000


   NSTEP       ENERGY          RMS            GMAX         NAME    NUMBER
   2900      -1.8062E+05     5.5731E-02     4.0429E+00     C2        394

 BOND    =    13437.5356  ANGLE   =      226.7307  DIHED      =      812.7702
 VDWAALS =    33933.5754  EEL     =  -224781.4364  HBOND      =        0.0000
 1-4 VDW =      247.6439  1-4 EEL =    -4494.3121  RESTRAINT  =        0.0000


   NSTEP       ENERGY          RMS            GMAX         NAME    NUMBER
   2950      -1.8063E+05     1.3153E-01     1.0786E+01     C6         48

 BOND    =    13439.7924  ANGLE   =      226.4587  DIHED      =      812.8148
 VDWAALS =    33940.1841  EEL     =  -224797.8305  HBOND      =        0.0000
 1-4 VDW =      247.6866  1-4 EEL =    -4494.3313  RESTRAINT  =        0.0000


   NSTEP       ENERGY          RMS            GMAX         NAME    NUMBER
   3000      -1.8063E+05     6.2509E-02     5.5667E+00     C2        394

 BOND    =    13440.1626  ANGLE   =      226.9977  DIHED      =      812.8577
 VDWAALS =    33946.5586  EEL     =  -224813.1673  HBOND      =        0.0000
 1-4 VDW =      247.5727  1-4 EEL =    -4494.1889  RESTRAINT  =        0.0000


   NSTEP       ENERGY          RMS            GMAX         NAME    NUMBER
   3050      -1.8064E+05     1.1145E-01     1.1699E+01     C2        394

 BOND    =    13441.4549  ANGLE   =      227.2945  DIHED      =      812.9105
 VDWAALS =    33952.6916  EEL     =  -224828.6695  HBOND      =        0.0000
 1-4 VDW =      247.5145  1-4 EEL =    -4494.1333  RESTRAINT  =        0.0000


   NSTEP       ENERGY          RMS            GMAX         NAME    NUMBER
   3100      -1.8065E+05     1.7833E-01     1.7926E+01     C6         48

 BOND    =    13443.5741  ANGLE   =      227.0440  DIHED      =      812.9732
 VDWAALS =    33958.3619  EEL     =  -224843.9447  HBOND      =        0.0000
 1-4 VDW =      247.5912  1-4 EEL =    -4494.0831  RESTRAINT  =        0.0000


   NSTEP       ENERGY          RMS            GMAX         NAME    NUMBER
   3150      -1.8066E+05     6.8849E-02     6.4153E+00     C2        394

 BOND    =    13444.9520  ANGLE   =      227.3416  DIHED      =      813.0465
 VDWAALS =    33963.9217  EEL     =  -224859.3329  HBOND      =        0.0000
 1-4 VDW =      247.4360  1-4 EEL =    -4494.4171  RESTRAINT  =        0.0000


   NSTEP       ENERGY          RMS            GMAX         NAME    NUMBER
   3200      -1.8067E+05     1.4137E-01     1.5625E+01     C2        394

 BOND    =    13447.0575  ANGLE   =      227.5000  DIHED      =      813.1299
 VDWAALS =    33969.2625  EEL     =  -224875.1874  HBOND      =        0.0000
 1-4 VDW =      247.4090  1-4 EEL =    -4494.5649  RESTRAINT  =        0.0000


   NSTEP       ENERGY          RMS            GMAX         NAME    NUMBER
   3250      -1.8067E+05     4.6047E-02     2.8399E+00     Na+      1119

 BOND    =    13447.1847  ANGLE   =      228.0202  DIHED      =      813.2089
 VDWAALS =    33975.1908  EEL     =  -224890.7980  HBOND      =        0.0000
 1-4 VDW =      247.3272  1-4 EEL =    -4494.3485  RESTRAINT  =        0.0000


   NSTEP       ENERGY          RMS            GMAX         NAME    NUMBER
   3300      -1.8068E+05     1.1757E-01     1.2961E+01     C2        394

 BOND    =    13448.1492  ANGLE   =      228.1316  DIHED      =      813.2839
 VDWAALS =    33981.9647  EEL     =  -224906.7708  HBOND      =        0.0000
 1-4 VDW =      247.2737  1-4 EEL =    -4494.1498  RESTRAINT  =        0.0000


   NSTEP       ENERGY          RMS            GMAX         NAME    NUMBER
   3350      -1.8069E+05     1.6391E-01     1.8493E+01     C2        394

 BOND    =    13449.3384  ANGLE   =      228.0933  DIHED      =      813.3557
 VDWAALS =    33988.3657  EEL     =  -224921.7030  HBOND      =        0.0000
 1-4 VDW =      247.2140  1-4 EEL =    -4494.0478  RESTRAINT  =        0.0000


   NSTEP       ENERGY          RMS            GMAX         NAME    NUMBER
   3400      -1.8070E+05     1.0212E-01     9.0871E+00     C2        394

 BOND    =    13451.5848  ANGLE   =      227.3205  DIHED      =      813.4369
 VDWAALS =    33994.3692  EEL     =  -224936.6688  HBOND      =        0.0000
 1-4 VDW =      247.1973  1-4 EEL =    -4494.3933  RESTRAINT  =        0.0000


   NSTEP       ENERGY          RMS            GMAX         NAME    NUMBER
   3450      -1.8070E+05     1.4423E-01     1.4041E+01     C2        394

 BOND    =    13452.9389  ANGLE   =      227.4879  DIHED      =      813.5085
 VDWAALS =    34000.2157  EEL     =  -224950.7817  HBOND      =        0.0000
 1-4 VDW =      247.0636  1-4 EEL =    -4494.5472  RESTRAINT  =        0.0000


   NSTEP       ENERGY          RMS            GMAX         NAME    NUMBER
   3500      -1.8071E+05     5.8637E-02     5.0226E+00     C2        394

 BOND    =    13453.2855  ANGLE   =      227.3672  DIHED      =      813.5705
 VDWAALS =    34005.8087  EEL     =  -224964.4216  HBOND      =        0.0000
 1-4 VDW =      247.0744  1-4 EEL =    -4494.2748  RESTRAINT  =        0.0000


   NSTEP       ENERGY          RMS            GMAX         NAME    NUMBER
   3550      -1.8072E+05     1.1810E-01     1.2615E+01     C2        394

 BOND    =    13454.3099  ANGLE   =      227.5455  DIHED      =      813.6272
 VDWAALS =    34011.3837  EEL     =  -224978.0665  HBOND      =        0.0000
 1-4 VDW =      247.0169  1-4 EEL =    -4494.2203  RESTRAINT  =        0.0000


   NSTEP       ENERGY          RMS            GMAX         NAME    NUMBER
   3600      -1.8073E+05     3.9370E-02     2.7891E+00     H2      30292

 BOND    =    13456.0608  ANGLE   =      227.0790  DIHED      =      813.6804
 VDWAALS =    34016.7575  EEL     =  -224991.8510  HBOND      =        0.0000
 1-4 VDW =      247.0409  1-4 EEL =    -4494.4027  RESTRAINT  =        0.0000


   NSTEP       ENERGY          RMS            GMAX         NAME    NUMBER
   3650      -1.8073E+05     1.1070E-01     1.0759E+01     C2        394

 BOND    =    13457.8637  ANGLE   =      226.9821  DIHED      =      813.7234
 VDWAALS =    34022.2445  EEL     =  -225005.8556  HBOND      =        0.0000
 1-4 VDW =      247.0215  1-4 EEL =    -4494.5574  RESTRAINT  =        0.0000


   NSTEP       ENERGY          RMS            GMAX         NAME    NUMBER
   3700      -1.8074E+05     4.5410E-02     3.1219E+00     C2        394

 BOND    =    13458.4195  ANGLE   =      226.9458  DIHED      =      813.7517
 VDWAALS =    34027.3923  EEL     =  -225018.6136  HBOND      =        0.0000
 1-4 VDW =      247.0506  1-4 EEL =    -4494.3497  RESTRAINT  =        0.0000


   NSTEP       ENERGY          RMS            GMAX         NAME    NUMBER
   3750      -1.8075E+05     8.6271E-02     9.2512E+00     C2        394

 BOND    =    13459.5242  ANGLE   =      226.9565  DIHED      =      813.7769
 VDWAALS =    34032.5735  EEL     =  -225031.5671  HBOND      =        0.0000
 1-4 VDW =      247.0610  1-4 EEL =    -4494.2681  RESTRAINT  =        0.0000


   NSTEP       ENERGY          RMS            GMAX         NAME    NUMBER
   3800      -1.8075E+05     1.4032E-01     1.2325E+01     C6         48

 BOND    =    13460.6439  ANGLE   =      227.2045  DIHED      =      813.7978
 VDWAALS =    34037.6124  EEL     =  -225044.0856  HBOND      =        0.0000
 1-4 VDW =      247.0083  1-4 EEL =    -4494.3124  RESTRAINT  =        0.0000


   NSTEP       ENERGY          RMS            GMAX         NAME    NUMBER
   3850      -1.8076E+05     3.7860E-02     1.4837E+00     C2        394

 BOND    =    13462.3521  ANGLE   =      226.5655  DIHED      =      813.8202
 VDWAALS =    34042.3694  EEL     =  -225056.7713  HBOND      =        0.0000
 1-4 VDW =      247.1018  1-4 EEL =    -4494.4074  RESTRAINT  =        0.0000


   NSTEP       ENERGY          RMS            GMAX         NAME    NUMBER
   3900      -1.8077E+05     1.1489E-01     1.0189E+01     C6         48

 BOND    =    13463.9282  ANGLE   =      226.5479  DIHED      =      813.8386
 VDWAALS =    34047.1030  EEL     =  -225069.1046  HBOND      =        0.0000
 1-4 VDW =      247.0880  1-4 EEL =    -4494.5340  RESTRAINT  =        0.0000


   NSTEP       ENERGY          RMS            GMAX         NAME    NUMBER
   3950      -1.8077E+05     1.5955E-01     1.6050E+01     C2        394

 BOND    =    13465.8110  ANGLE   =      226.1467  DIHED      =      813.8541
 VDWAALS =    34051.4722  EEL     =  -225080.9258  HBOND      =        0.0000
 1-4 VDW =      247.1773  1-4 EEL =    -4494.5678  RESTRAINT  =        0.0000


   NSTEP       ENERGY          RMS            GMAX         NAME    NUMBER
   4000      -1.8078E+05     9.9663E-02     8.7228E+00     C2        394

 BOND    =    13465.4739  ANGLE   =      226.6342  DIHED      =      813.8617
 VDWAALS =    34056.1743  EEL     =  -225092.6958  HBOND      =        0.0000
 1-4 VDW =      247.1120  1-4 EEL =    -4494.2961  RESTRAINT  =        0.0000


   NSTEP       ENERGY          RMS            GMAX         NAME    NUMBER
   4050      -1.8078E+05     1.4099E-01     1.3544E+01     C2        394

 BOND    =    13466.7849  ANGLE   =      226.4450  DIHED      =      813.8729
 VDWAALS =    34060.5661  EEL     =  -225104.3601  HBOND      =        0.0000
 1-4 VDW =      247.1841  1-4 EEL =    -4494.1873  RESTRAINT  =        0.0000


   NSTEP       ENERGY          RMS            GMAX         NAME    NUMBER
   4100      -1.8079E+05     8.0133E-02     7.9514E+00     C2        394

 BOND    =    13468.5915  ANGLE   =      226.0795  DIHED      =      813.8907
 VDWAALS =    34065.0726  EEL     =  -225116.5544  HBOND      =        0.0000
 1-4 VDW =      247.1865  1-4 EEL =    -4494.4880  RESTRAINT  =        0.0000


   NSTEP       ENERGY          RMS            GMAX         NAME    NUMBER
   4150      -1.8080E+05     1.2155E-01     1.0973E+01     C6         48

 BOND    =    13469.8082  ANGLE   =      226.2255  DIHED      =      813.9041
 VDWAALS =    34069.6862  EEL     =  -225128.4384  HBOND      =        0.0000
 1-4 VDW =      247.1455  1-4 EEL =    -4494.5571  RESTRAINT  =        0.0000


   NSTEP       ENERGY          RMS            GMAX         NAME    NUMBER
   4200      -1.8080E+05     3.7349E-02     1.6158E+00     C2        394

 BOND    =    13470.4173  ANGLE   =      226.1415  DIHED      =      813.9137
 VDWAALS =    34074.1061  EEL     =  -225139.8427  HBOND      =        0.0000
 1-4 VDW =      247.1873  1-4 EEL =    -4494.3856  RESTRAINT  =        0.0000


   NSTEP       ENERGY          RMS            GMAX         NAME    NUMBER
   4250      -1.8081E+05     1.0257E-01     1.1303E+01     C2        394

 BOND    =    13471.3051  ANGLE   =      226.3080  DIHED      =      813.9251
 VDWAALS =    34078.6448  EEL     =  -225151.4716  HBOND      =        0.0000
 1-4 VDW =      247.1827  1-4 EEL =    -4494.2714  RESTRAINT  =        0.0000


   NSTEP       ENERGY          RMS            GMAX         NAME    NUMBER
   4300      -1.8081E+05     4.2737E-02     2.9877E+00     C2        394

 BOND    =    13472.8980  ANGLE   =      225.9856  DIHED      =      813.9425
 VDWAALS =    34082.8884  EEL     =  -225162.8406  HBOND      =        0.0000
 1-4 VDW =      247.2056  1-4 EEL =    -4494.4640  RESTRAINT  =        0.0000


   NSTEP       ENERGY          RMS            GMAX         NAME    NUMBER
   4350      -1.8082E+05     8.3764E-02     9.0330E+00     C2        394

 BOND    =    13474.4007  ANGLE   =      225.8566  DIHED      =      813.9592
 VDWAALS =    34087.2231  EEL     =  -225174.6277  HBOND      =        0.0000
 1-4 VDW =      247.2204  1-4 EEL =    -4494.5540  RESTRAINT  =        0.0000


   NSTEP       ENERGY          RMS            GMAX         NAME    NUMBER
   4400      -1.8083E+05     1.1968E-01     1.3508E+01     C2        394

 BOND    =    13475.7951  ANGLE   =      225.7920  DIHED      =      813.9759
 VDWAALS =    34091.3380  EEL     =  -225186.0187  HBOND      =        0.0000
 1-4 VDW =      247.2262  1-4 EEL =    -4494.6267  RESTRAINT  =        0.0000


   NSTEP       ENERGY          RMS            GMAX         NAME    NUMBER
   4450      -1.8083E+05     6.4988E-02     6.3189E+00     C2        394

 BOND    =    13475.8511  ANGLE   =      225.9778  DIHED      =      813.9872
 VDWAALS =    34095.3182  EEL     =  -225196.9417  HBOND      =        0.0000
 1-4 VDW =      247.2332  1-4 EEL =    -4494.3641  RESTRAINT  =        0.0000


   NSTEP       ENERGY          RMS            GMAX         NAME    NUMBER
   4500      -1.8084E+05     1.1476E-01     1.1493E+01     C2        394

 BOND    =    13476.8761  ANGLE   =      225.9650  DIHED      =      814.0034
 VDWAALS =    34099.0037  EEL     =  -225207.7934  HBOND      =        0.0000
 1-4 VDW =      247.2609  1-4 EEL =    -4494.2898  RESTRAINT  =        0.0000


   NSTEP       ENERGY          RMS            GMAX         NAME    NUMBER
   4550      -1.8085E+05     4.6664E-02     3.5493E+00     C2        394

 BOND    =    13478.2229  ANGLE   =      225.7661  DIHED      =      814.0247
 VDWAALS =    34102.4966  EEL     =  -225218.8191  HBOND      =        0.0000
 1-4 VDW =      247.2484  1-4 EEL =    -4494.5156  RESTRAINT  =        0.0000


   NSTEP       ENERGY          RMS            GMAX         NAME    NUMBER
   4600      -1.8085E+05     9.2547E-02     8.5366E+00     C2        394

 BOND    =    13479.6206  ANGLE   =      225.5832  DIHED      =      814.0449
 VDWAALS =    34105.8912  EEL     =  -225229.8982  HBOND      =        0.0000
 1-4 VDW =      247.2849  1-4 EEL =    -4494.5713  RESTRAINT  =        0.0000


   NSTEP       ENERGY          RMS            GMAX         NAME    NUMBER
   4650      -1.8086E+05     1.3297E-01     1.2918E+01     C2        394

 BOND    =    13481.0211  ANGLE   =      225.4695  DIHED      =      814.0656
 VDWAALS =    34109.2838  EEL     =  -225241.1531  HBOND      =        0.0000
 1-4 VDW =      247.3093  1-4 EEL =    -4494.6268  RESTRAINT  =        0.0000


   NSTEP       ENERGY          RMS            GMAX         NAME    NUMBER
   4700      -1.8087E+05     6.7411E-02     6.6451E+00     C2        394

 BOND    =    13480.8736  ANGLE   =      225.8358  DIHED      =      814.0790
 VDWAALS =    34112.6907  EEL     =  -225251.8943  HBOND      =        0.0000
 1-4 VDW =      247.2659  1-4 EEL =    -4494.4046  RESTRAINT  =        0.0000


   NSTEP       ENERGY          RMS            GMAX         NAME    NUMBER
   4750      -1.8087E+05     1.2089E-01     1.2389E+01     C2        394

 BOND    =    13481.9022  ANGLE   =      225.8416  DIHED      =      814.0965
 VDWAALS =    34115.8959  EEL     =  -225262.8407  HBOND      =        0.0000
 1-4 VDW =      247.2951  1-4 EEL =    -4494.3184  RESTRAINT  =        0.0000


   NSTEP       ENERGY          RMS            GMAX         NAME    NUMBER
   4800      -1.8088E+05     1.6571E-01     1.5428E+01     C2        394

 BOND    =    13482.6850  ANGLE   =      226.2800  DIHED      =      814.1128
 VDWAALS =    34119.1174  EEL     =  -225273.7688  HBOND      =        0.0000
 1-4 VDW =      247.2093  1-4 EEL =    -4494.3542  RESTRAINT  =        0.0000


   NSTEP       ENERGY          RMS            GMAX         NAME    NUMBER
   4850      -1.8089E+05     9.4281E-02     1.0032E+01     C2        394

 BOND    =    13484.7578  ANGLE   =      225.4918  DIHED      =      814.1387
 VDWAALS =    34121.9957  EEL     =  -225285.0245  HBOND      =        0.0000
 1-4 VDW =      247.3081  1-4 EEL =    -4494.6261  RESTRAINT  =        0.0000


   NSTEP       ENERGY          RMS            GMAX         NAME    NUMBER
   4900      -1.8089E+05     1.3711E-01     1.4461E+01     C2        394

 BOND    =    13486.2217  ANGLE   =      225.3651  DIHED      =      814.1564
 VDWAALS =    34124.9196  EEL     =  -225296.0600  HBOND      =        0.0000
 1-4 VDW =      247.3374  1-4 EEL =    -4494.6721  RESTRAINT  =        0.0000


   NSTEP       ENERGY          RMS            GMAX         NAME    NUMBER
   4950      -1.8090E+05     4.2845E-02     2.1135E+00     C2        394

 BOND    =    13486.1557  ANGLE   =      225.6941  DIHED      =      814.1656
 VDWAALS =    34127.9103  EEL     =  -225306.8646  HBOND      =        0.0000
 1-4 VDW =      247.2959  1-4 EEL =    -4494.4851  RESTRAINT  =        0.0000


   NSTEP       ENERGY          RMS            GMAX         NAME    NUMBER
   5000      -1.8091E+05     1.3747E-01     1.1619E+01     C2        394

 BOND    =    13487.3372  ANGLE   =      225.6537  DIHED      =      814.1773
 VDWAALS =    34130.9564  EEL     =  -225318.4406  HBOND      =        0.0000
 1-4 VDW =      247.3609  1-4 EEL =    -4494.3116  RESTRAINT  =        0.0000


   NSTEP       ENERGY          RMS            GMAX         NAME    NUMBER
   5050      -1.8101E+05     1.2867E-01     7.5691E+00     O       11159

 BOND    =    13511.8826  ANGLE   =      225.6181  DIHED      =      814.2786
 VDWAALS =    34205.4625  EEL     =  -225522.1472  HBOND      =        0.0000
 1-4 VDW =      247.6027  1-4 EEL =    -4494.5740  RESTRAINT  =        0.0000


   NSTEP       ENERGY          RMS            GMAX         NAME    NUMBER
   5100      -1.8105E+05     1.0573E-01     4.7089E+00     H1      11157

 BOND    =    13519.0662  ANGLE   =      224.9292  DIHED      =      814.4109
 VDWAALS =    34228.0579  EEL     =  -225589.9225  HBOND      =        0.0000
 1-4 VDW =      247.5323  1-4 EEL =    -4494.4307  RESTRAINT  =        0.0000


   NSTEP       ENERGY          RMS            GMAX         NAME    NUMBER
   5150      -1.8108E+05     1.4381E-01     1.0228E+01     C6        385

 BOND    =    13528.2520  ANGLE   =      224.8866  DIHED      =      814.4622
 VDWAALS =    34247.0893  EEL     =  -225647.6350  HBOND      =        0.0000
 1-4 VDW =      247.5288  1-4 EEL =    -4494.2478  RESTRAINT  =        0.0000


   NSTEP       ENERGY          RMS            GMAX         NAME    NUMBER
   5200      -1.8112E+05     1.1984E-01     8.8242E+00     C6        385

 BOND    =    13532.6737  ANGLE   =      224.9019  DIHED      =      814.4701
 VDWAALS =    34268.6764  EEL     =  -225709.5607  HBOND      =        0.0000
 1-4 VDW =      248.0093  1-4 EEL =    -4495.0616  RESTRAINT  =        0.0000


   NSTEP       ENERGY          RMS            GMAX         NAME    NUMBER
   5250      -1.8114E+05     1.4399E-01     8.2951E+00     C6        385

 BOND    =    13537.1818  ANGLE   =      225.0832  DIHED      =      814.5358
 VDWAALS =    34286.0797  EEL     =  -225760.1801  HBOND      =        0.0000
 1-4 VDW =      248.1893  1-4 EEL =    -4495.2371  RESTRAINT  =        0.0000


   NSTEP       ENERGY          RMS            GMAX         NAME    NUMBER
   5300      -1.8120E+05     1.0103E-01     4.1719E+00     O       15467

 BOND    =    13538.9935  ANGLE   =      223.6409  DIHED      =      814.7055
 VDWAALS =    34317.8389  EEL     =  -225845.0303  HBOND      =        0.0000
 1-4 VDW =      248.4600  1-4 EEL =    -4495.1931  RESTRAINT  =        0.0000


   NSTEP       ENERGY          RMS            GMAX         NAME    NUMBER
   5350      -1.8122E+05     1.3672E-01     7.0387E+00     C2        334

 BOND    =    13545.1440  ANGLE   =      223.4232  DIHED      =      814.9362
 VDWAALS =    34328.6969  EEL     =  -225888.9959  HBOND      =        0.0000
 1-4 VDW =      248.5491  1-4 EEL =    -4495.4492  RESTRAINT  =        0.0000


   NSTEP       ENERGY          RMS            GMAX         NAME    NUMBER
   5400      -1.8125E+05     1.2766E-01     6.4536E+00     C2        334

 BOND    =    13546.0702  ANGLE   =      223.5747  DIHED      =      815.1456
 VDWAALS =    34339.7691  EEL     =  -225924.2720  HBOND      =        0.0000
 1-4 VDW =      248.7119  1-4 EEL =    -4496.1282  RESTRAINT  =        0.0000


   NSTEP       ENERGY          RMS            GMAX         NAME    NUMBER
   5450      -1.8127E+05     1.3577E-01     7.0932E+00     C6        385

 BOND    =    13547.4691  ANGLE   =      223.7883  DIHED      =      815.2887
 VDWAALS =    34351.0541  EEL     =  -225958.5331  HBOND      =        0.0000
 1-4 VDW =      248.7365  1-4 EEL =    -4496.5360  RESTRAINT  =        0.0000


   NSTEP       ENERGY          RMS            GMAX         NAME    NUMBER
   5500      -1.8129E+05     1.3429E-01     7.3313E+00     C1'       382

 BOND    =    13550.1242  ANGLE   =      223.8114  DIHED      =      815.3495
 VDWAALS =    34361.1423  EEL     =  -225993.1422  HBOND      =        0.0000
 1-4 VDW =      248.6612  1-4 EEL =    -4496.5406  RESTRAINT  =        0.0000


   NSTEP       ENERGY          RMS            GMAX         NAME    NUMBER
   5550      -1.8131E+05     1.2191E-01     7.9610E+00     C6        385

 BOND    =    13552.1669  ANGLE   =      223.9446  DIHED      =      815.3632
 VDWAALS =    34371.3808  EEL     =  -226026.1022  HBOND      =        0.0000
 1-4 VDW =      248.7228  1-4 EEL =    -4496.5362  RESTRAINT  =        0.0000


   NSTEP       ENERGY          RMS            GMAX         NAME    NUMBER
   5600      -1.8133E+05     1.1414E-01     7.0430E+00     C2'       398

 BOND    =    13553.7551  ANGLE   =      224.0885  DIHED      =      815.3425
 VDWAALS =    34380.7103  EEL     =  -226056.8678  HBOND      =        0.0000
 1-4 VDW =      248.6337  1-4 EEL =    -4496.0581  RESTRAINT  =        0.0000


   NSTEP       ENERGY          RMS            GMAX         NAME    NUMBER
   5650      -1.8135E+05     1.2269E-01     6.6292E+00     C2        394

 BOND    =    13557.6408  ANGLE   =      225.0504  DIHED      =      815.3631
 VDWAALS =    34389.1183  EEL     =  -226091.6755  HBOND      =        0.0000
 1-4 VDW =      248.9999  1-4 EEL =    -4496.3583  RESTRAINT  =        0.0000


   NSTEP       ENERGY          RMS            GMAX         NAME    NUMBER
   5700      -1.8137E+05     1.0811E-01     5.8717E+00     C1'       382

 BOND    =    13561.3379  ANGLE   =      225.3083  DIHED      =      815.3715
 VDWAALS =    34399.2674  EEL     =  -226126.7087  HBOND      =        0.0000
 1-4 VDW =      249.1068  1-4 EEL =    -4496.3855  RESTRAINT  =        0.0000


   NSTEP       ENERGY          RMS            GMAX         NAME    NUMBER
   5750      -1.8139E+05     7.2651E-02     2.7280E+00     C1'       382

 BOND    =    13565.9725  ANGLE   =      225.3352  DIHED      =      815.3557
 VDWAALS =    34411.2170  EEL     =  -226161.3351  HBOND      =        0.0000
 1-4 VDW =      249.1804  1-4 EEL =    -4496.5891  RESTRAINT  =        0.0000


   NSTEP       ENERGY          RMS            GMAX         NAME    NUMBER
   5800      -1.8141E+05     1.0026E-01     5.3857E+00     C5        387

 BOND    =    13571.3357  ANGLE   =      225.5012  DIHED      =      815.3022
 VDWAALS =    34425.7764  EEL     =  -226203.1026  HBOND      =        0.0000
 1-4 VDW =      249.3307  1-4 EEL =    -4496.7399  RESTRAINT  =        0.0000


   NSTEP       ENERGY          RMS            GMAX         NAME    NUMBER
   5850      -1.8143E+05     7.8862E-02     3.8376E+00     C6        385

 BOND    =    13568.9772  ANGLE   =      225.1092  DIHED      =      815.2989
 VDWAALS =    34433.1396  EEL     =  -226225.7701  HBOND      =        0.0000
 1-4 VDW =      249.3466  1-4 EEL =    -4496.6050  RESTRAINT  =        0.0000


   NSTEP       ENERGY          RMS            GMAX         NAME    NUMBER
   5900      -1.8145E+05     6.7271E-02     2.9196E+00     O3'       461

 BOND    =    13572.7679  ANGLE   =      224.8956  DIHED      =      815.3352
 VDWAALS =    34440.3915  EEL     =  -226256.3237  HBOND      =        0.0000
 1-4 VDW =      249.3950  1-4 EEL =    -4496.5598  RESTRAINT  =        0.0000


   NSTEP       ENERGY          RMS            GMAX         NAME    NUMBER
   5950      -1.8147E+05     9.7364E-02     5.7067E+00     C6        415

 BOND    =    13573.8263  ANGLE   =      224.9585  DIHED      =      815.4064
 VDWAALS =    34454.9139  EEL     =  -226296.7116  HBOND      =        0.0000
 1-4 VDW =      249.4077  1-4 EEL =    -4496.2355  RESTRAINT  =        0.0000


   NSTEP       ENERGY          RMS            GMAX         NAME    NUMBER
   6000      -1.8151E+05     1.2767E-01     8.9372E+00     C6        385

 BOND    =    13577.8282  ANGLE   =      224.5282  DIHED      =      815.6188
 VDWAALS =    34474.2070  EEL     =  -226351.0727  HBOND      =        0.0000
 1-4 VDW =      249.0417  1-4 EEL =    -4495.2944  RESTRAINT  =        0.0000


   NSTEP       ENERGY          RMS            GMAX         NAME    NUMBER
   6050      -1.8152E+05     7.3720E-02     3.4698E+00     O       13817

 BOND    =    13587.7481  ANGLE   =      224.5322  DIHED      =      815.6988
 VDWAALS =    34483.9112  EEL     =  -226386.1413  HBOND      =        0.0000
 1-4 VDW =      249.2089  1-4 EEL =    -4495.4178  RESTRAINT  =        0.0000


   NSTEP       ENERGY          RMS            GMAX         NAME    NUMBER
   6100      -1.8154E+05     1.1591E-01     6.1127E+00     C6        385

 BOND    =    13593.1717  ANGLE   =      224.6521  DIHED      =      815.8398
 VDWAALS =    34494.1462  EEL     =  -226418.0782  HBOND      =        0.0000
 1-4 VDW =      249.1999  1-4 EEL =    -4495.5027  RESTRAINT  =        0.0000


   NSTEP       ENERGY          RMS            GMAX         NAME    NUMBER
   6150      -1.8155E+05     1.1804E-01     6.2384E+00     C6         48

 BOND    =    13596.0780  ANGLE   =      224.7132  DIHED      =      815.9274
 VDWAALS =    34503.3320  EEL     =  -226445.0548  HBOND      =        0.0000
 1-4 VDW =      249.2250  1-4 EEL =    -4495.6838  RESTRAINT  =        0.0000


   NSTEP       ENERGY          RMS            GMAX         NAME    NUMBER
   6200      -1.8157E+05     9.9073E-02     4.2343E+00     C6         48

 BOND    =    13598.0982  ANGLE   =      224.8265  DIHED      =      816.0032
 VDWAALS =    34513.2594  EEL     =  -226471.9020  HBOND      =        0.0000
 1-4 VDW =      249.2428  1-4 EEL =    -4496.0120  RESTRAINT  =        0.0000


   NSTEP       ENERGY          RMS            GMAX         NAME    NUMBER
   6250      -1.8158E+05     1.1631E-01     4.3623E+00     P         342

 BOND    =    13595.1672  ANGLE   =      225.0370  DIHED      =      816.0597
 VDWAALS =    34523.7794  EEL     =  -226494.1524  HBOND      =        0.0000
 1-4 VDW =      249.2401  1-4 EEL =    -4496.4643  RESTRAINT  =        0.0000


   NSTEP       ENERGY          RMS            GMAX         NAME    NUMBER
   6300      -1.8160E+05     7.7610E-02     2.6869E+00     O3'       461

 BOND    =    13599.6742  ANGLE   =      225.1903  DIHED      =      816.0693
 VDWAALS =    34535.9652  EEL     =  -226529.6870  HBOND      =        0.0000
 1-4 VDW =      249.3958  1-4 EEL =    -4496.6648  RESTRAINT  =        0.0000


   NSTEP       ENERGY          RMS            GMAX         NAME    NUMBER
   6350      -1.8162E+05     9.4444E-02     3.9284E+00     O3'       461

 BOND    =    13607.0149  ANGLE   =      225.3888  DIHED      =      816.1920
 VDWAALS =    34554.0449  EEL     =  -226579.7579  HBOND      =        0.0000
 1-4 VDW =      249.4698  1-4 EEL =    -4496.7657  RESTRAINT  =        0.0000


   NSTEP       ENERGY          RMS            GMAX         NAME    NUMBER
   6400      -1.8165E+05     1.1345E-01     5.9863E+00     P         342

 BOND    =    13608.2755  ANGLE   =      226.0181  DIHED      =      816.3663
 VDWAALS =    34571.9275  EEL     =  -226621.6453  HBOND      =        0.0000
 1-4 VDW =      249.2900  1-4 EEL =    -4496.8650  RESTRAINT  =        0.0000


   NSTEP       ENERGY          RMS            GMAX         NAME    NUMBER
   6450      -1.8166E+05     1.0947E-01     4.6154E+00     C1'       352

 BOND    =    13610.0870  ANGLE   =      226.0491  DIHED      =      816.3933
 VDWAALS =    34582.2022  EEL     =  -226648.5620  HBOND      =        0.0000
 1-4 VDW =      249.2255  1-4 EEL =    -4496.7885  RESTRAINT  =        0.0000


   NSTEP       ENERGY          RMS            GMAX         NAME    NUMBER
   6500      -1.8168E+05     1.1342E-01     4.8558E+00     C1'       352

 BOND    =    13614.1196  ANGLE   =      226.3782  DIHED      =      816.3975
 VDWAALS =    34593.4180  EEL     =  -226677.9015  HBOND      =        0.0000
 1-4 VDW =      249.2204  1-4 EEL =    -4497.0423  RESTRAINT  =        0.0000


   NSTEP       ENERGY          RMS            GMAX         NAME    NUMBER
   6550      -1.8169E+05     8.6167E-02     3.6632E+00     C5'       593

 BOND    =    13616.3305  ANGLE   =      226.4711  DIHED      =      816.2520
 VDWAALS =    34602.0397  EEL     =  -226700.7430  HBOND      =        0.0000
 1-4 VDW =      249.2678  1-4 EEL =    -4497.2856  RESTRAINT  =        0.0000


   NSTEP       ENERGY          RMS            GMAX         NAME    NUMBER
   6600      -1.8170E+05     1.0367E-01     4.0024E+00     C5'       593

 BOND    =    13617.4478  ANGLE   =      226.6303  DIHED      =      816.1054
 VDWAALS =    34610.7735  EEL     =  -226723.3805  HBOND      =        0.0000
 1-4 VDW =      249.3149  1-4 EEL =    -4497.5357  RESTRAINT  =        0.0000


   NSTEP       ENERGY          RMS            GMAX         NAME    NUMBER
   6650      -1.8171E+05     7.4022E-02     2.9849E+00     C1'       352

 BOND    =    13621.3595  ANGLE   =      226.7263  DIHED      =      816.0156
 VDWAALS =    34618.3460  EEL     =  -226746.3977  HBOND      =        0.0000
 1-4 VDW =      249.3171  1-4 EEL =    -4497.7727  RESTRAINT  =        0.0000


   NSTEP       ENERGY          RMS            GMAX         NAME    NUMBER
   6700      -1.8172E+05     7.2093E-02     2.5006E+00     C1'       352

 BOND    =    13622.9617  ANGLE   =      226.8313  DIHED      =      815.9754
 VDWAALS =    34626.7280  EEL     =  -226767.6649  HBOND      =        0.0000
 1-4 VDW =      249.3532  1-4 EEL =    -4497.9458  RESTRAINT  =        0.0000


   NSTEP       ENERGY          RMS            GMAX         NAME    NUMBER
   6750      -1.8174E+05     7.6566E-02     2.7678E+00     C1'       352

 BOND    =    13625.0421  ANGLE   =      226.9846  DIHED      =      815.9791
 VDWAALS =    34635.7791  EEL     =  -226790.5920  HBOND      =        0.0000
 1-4 VDW =      249.3658  1-4 EEL =    -4498.1307  RESTRAINT  =        0.0000


   NSTEP       ENERGY          RMS            GMAX         NAME    NUMBER
   6800      -1.8175E+05     8.1256E-02     2.8928E+00     C4        615

 BOND    =    13626.8640  ANGLE   =      227.3078  DIHED      =      815.9838
 VDWAALS =    34644.3130  EEL     =  -226811.6357  HBOND      =        0.0000
 1-4 VDW =      249.3545  1-4 EEL =    -4498.1972  RESTRAINT  =        0.0000


   NSTEP       ENERGY          RMS            GMAX         NAME    NUMBER
   6850      -1.8176E+05     7.2377E-02     3.3767E+00     C2'       618

 BOND    =    13630.2818  ANGLE   =      227.3615  DIHED      =      815.9834
 VDWAALS =    34653.7128  EEL     =  -226835.2210  HBOND      =        0.0000
 1-4 VDW =      249.3559  1-4 EEL =    -4498.1703  RESTRAINT  =        0.0000


   NSTEP       ENERGY          RMS            GMAX         NAME    NUMBER
   6900      -1.8177E+05     9.2941E-02     4.4126E+00     C2'       618

 BOND    =    13635.2519  ANGLE   =      227.6260  DIHED      =      816.0195
 VDWAALS =    34664.7399  EEL     =  -226863.0325  HBOND      =        0.0000
 1-4 VDW =      249.3511  1-4 EEL =    -4498.2122  RESTRAINT  =        0.0000


   NSTEP       ENERGY          RMS            GMAX         NAME    NUMBER
   6950      -1.8178E+05     9.4839E-02     4.2797E+00     C2'       618

 BOND    =    13635.8974  ANGLE   =      227.6450  DIHED      =      816.0520
 VDWAALS =    34675.3338  EEL     =  -226886.2515  HBOND      =        0.0000
 1-4 VDW =      249.3334  1-4 EEL =    -4498.1991  RESTRAINT  =        0.0000


   NSTEP       ENERGY          RMS            GMAX         NAME    NUMBER
   7000      -1.8179E+05     8.8992E-02     6.2528E+00     C6        873

 BOND    =    13634.3025  ANGLE   =      227.6942  DIHED      =      816.0695
 VDWAALS =    34685.7895  EEL     =  -226906.1660  HBOND      =        0.0000
 1-4 VDW =      249.3604  1-4 EEL =    -4498.4150  RESTRAINT  =        0.0000


   NSTEP       ENERGY          RMS            GMAX         NAME    NUMBER
   7050      -1.8181E+05     1.1860E-01     5.8560E+00     C4        649

 BOND    =    13637.7556  ANGLE   =      228.0872  DIHED      =      816.1717
 VDWAALS =    34707.7906  EEL     =  -226949.4971  HBOND      =        0.0000
 1-4 VDW =      249.3727  1-4 EEL =    -4498.8531  RESTRAINT  =        0.0000


   NSTEP       ENERGY          RMS            GMAX         NAME    NUMBER
   7100      -1.8182E+05     1.0274E-01     5.5098E+00     O       23702

 BOND    =    13641.4116  ANGLE   =      228.3190  DIHED      =      816.2383
 VDWAALS =    34717.3828  EEL     =  -226977.9188  HBOND      =        0.0000
 1-4 VDW =      249.4558  1-4 EEL =    -4499.2107  RESTRAINT  =        0.0000


   NSTEP       ENERGY          RMS            GMAX         NAME    NUMBER
   7150      -1.8184E+05     1.7317E-01     9.4814E+00     C4        649

 BOND    =    13639.6883  ANGLE   =      229.1876  DIHED      =      816.3266
 VDWAALS =    34727.9799  EEL     =  -226999.1149  HBOND      =        0.0000
 1-4 VDW =      249.6280  1-4 EEL =    -4499.4859  RESTRAINT  =        0.0000


   NSTEP       ENERGY          RMS            GMAX         NAME    NUMBER
   7200      -1.8185E+05     1.6417E-01     1.2796E+01     C2'       618

 BOND    =    13649.6802  ANGLE   =      229.3565  DIHED      =      816.4345
 VDWAALS =    34741.9504  EEL     =  -227037.6740  HBOND      =        0.0000
 1-4 VDW =      249.5495  1-4 EEL =    -4498.8216  RESTRAINT  =        0.0000


   NSTEP       ENERGY          RMS            GMAX         NAME    NUMBER
   7250      -1.8187E+05     2.5967E-01     1.9643E+01     O2'       620

 BOND    =    13655.8205  ANGLE   =      230.3220  DIHED      =      816.6735
 VDWAALS =    34762.5229  EEL     =  -227085.8913  HBOND      =        0.0000
 1-4 VDW =      249.7110  1-4 EEL =    -4498.0906  RESTRAINT  =        0.0000


   NSTEP       ENERGY          RMS            GMAX         NAME    NUMBER
   7300      -1.8189E+05     1.3547E-01     8.4320E+00     P         342

 BOND    =    13657.1442  ANGLE   =      229.4292  DIHED      =      816.7723
 VDWAALS =    34775.5765  EEL     =  -227115.3047  HBOND      =        0.0000
 1-4 VDW =      249.7415  1-4 EEL =    -4499.0370  RESTRAINT  =        0.0000


   NSTEP       ENERGY          RMS            GMAX         NAME    NUMBER
   7350      -1.8191E+05     2.1609E-01     1.6931E+01     H2'       619

 BOND    =    13664.5309  ANGLE   =      231.7629  DIHED      =      817.0844
 VDWAALS =    34788.0196  EEL     =  -227156.6838  HBOND      =        0.0000
 1-4 VDW =      250.1518  1-4 EEL =    -4501.0148  RESTRAINT  =        0.0000


   NSTEP       ENERGY          RMS            GMAX         NAME    NUMBER
   7400      -1.8192E+05     1.2103E-01     8.9527E+00     C2'       618

 BOND    =    13662.7240  ANGLE   =      230.6632  DIHED      =      817.1210
 VDWAALS =    34793.7389  EEL     =  -227174.9025  HBOND      =        0.0000
 1-4 VDW =      249.9972  1-4 EEL =    -4500.6043  RESTRAINT  =        0.0000


   NSTEP       ENERGY          RMS            GMAX         NAME    NUMBER
   7450      -1.8193E+05     2.1220E-01     1.1956E+01     O       33062

 BOND    =    13661.3581  ANGLE   =      231.0331  DIHED      =      817.3323
 VDWAALS =    34800.8558  EEL     =  -227193.9547  HBOND      =        0.0000
 1-4 VDW =      250.1282  1-4 EEL =    -4501.4328  RESTRAINT  =        0.0000


   NSTEP       ENERGY          RMS            GMAX         NAME    NUMBER
   7500      -1.8195E+05     1.8184E-01     9.9419E+00     O        2000

 BOND    =    13659.9310  ANGLE   =      230.6283  DIHED      =      817.3727
 VDWAALS =    34808.5474  EEL     =  -227213.8672  HBOND      =        0.0000
 1-4 VDW =      249.9719  1-4 EEL =    -4499.8055  RESTRAINT  =        0.0000


   NSTEP       ENERGY          RMS            GMAX         NAME    NUMBER
   7550      -1.8196E+05     2.0320E-01     9.3856E+00     H2       5077

 BOND    =    13669.4321  ANGLE   =      229.5208  DIHED      =      817.4822
 VDWAALS =    34814.9440  EEL     =  -227244.6454  HBOND      =        0.0000
 1-4 VDW =      250.0210  1-4 EEL =    -4499.4880  RESTRAINT  =        0.0000


   NSTEP       ENERGY          RMS            GMAX         NAME    NUMBER
   7600      -1.8198E+05     2.0077E-01     1.0155E+01     C2'       618

 BOND    =    13674.0123  ANGLE   =      229.9576  DIHED      =      817.6786
 VDWAALS =    34827.6889  EEL     =  -227277.9430  HBOND      =        0.0000
 1-4 VDW =      250.1305  1-4 EEL =    -4500.0690  RESTRAINT  =        0.0000


   NSTEP       ENERGY          RMS            GMAX         NAME    NUMBER
   7650      -1.8199E+05     1.1158E-01     4.3481E+00     P         342

 BOND    =    13675.6173  ANGLE   =      229.9866  DIHED      =      817.7225
 VDWAALS =    34837.3755  EEL     =  -227303.5734  HBOND      =        0.0000
 1-4 VDW =      249.9746  1-4 EEL =    -4500.2217  RESTRAINT  =        0.0000


   NSTEP       ENERGY          RMS            GMAX         NAME    NUMBER
   7700      -1.8201E+05     1.0469E-01     5.6470E+00     P         342

 BOND    =    13678.9491  ANGLE   =      229.8461  DIHED      =      817.7996
 VDWAALS =    34849.5443  EEL     =  -227332.8006  HBOND      =        0.0000
 1-4 VDW =      250.0156  1-4 EEL =    -4500.4694  RESTRAINT  =        0.0000


   NSTEP       ENERGY          RMS            GMAX         NAME    NUMBER
   7750      -1.8202E+05     1.3161E-01     1.2162E+01     P         342

 BOND    =    13681.3912  ANGLE   =      230.1077  DIHED      =      817.7796
 VDWAALS =    34859.6120  EEL     =  -227360.2940  HBOND      =        0.0000
 1-4 VDW =      250.0332  1-4 EEL =    -4500.5221  RESTRAINT  =        0.0000


   NSTEP       ENERGY          RMS            GMAX         NAME    NUMBER
   7800      -1.8203E+05     1.3683E-01     5.5423E+00     H2       5077

 BOND    =    13682.6472  ANGLE   =      230.4528  DIHED      =      817.7063
 VDWAALS =    34868.6777  EEL     =  -227382.6448  HBOND      =        0.0000
 1-4 VDW =      250.0187  1-4 EEL =    -4500.9076  RESTRAINT  =        0.0000


   NSTEP       ENERGY          RMS            GMAX         NAME    NUMBER
   7850      -1.8205E+05     1.1444E-01     4.0003E+00     C4        419

 BOND    =    13687.5954  ANGLE   =      230.7915  DIHED      =      817.4223
 VDWAALS =    34875.1041  EEL     =  -227407.6321  HBOND      =        0.0000
 1-4 VDW =      250.0400  1-4 EEL =    -4501.1584  RESTRAINT  =        0.0000


   NSTEP       ENERGY          RMS            GMAX         NAME    NUMBER
   7900      -1.8206E+05     1.7652E-01     6.1903E+00     H2'       619

 BOND    =    13675.6282  ANGLE   =      230.8107  DIHED      =      816.7819
 VDWAALS =    34884.6458  EEL     =  -227417.5604  HBOND      =        0.0000
 1-4 VDW =      250.2194  1-4 EEL =    -4501.1663  RESTRAINT  =        0.0000


   NSTEP       ENERGY          RMS            GMAX         NAME    NUMBER
   7950      -1.8208E+05     1.7254E-01     8.5652E+00     H2'       619

 BOND    =    13686.7597  ANGLE   =      231.7626  DIHED      =      816.1816
 VDWAALS =    34895.1788  EEL     =  -227454.0878  HBOND      =        0.0000
 1-4 VDW =      250.1509  1-4 EEL =    -4501.5019  RESTRAINT  =        0.0000


   NSTEP       ENERGY          RMS            GMAX         NAME    NUMBER
   8000      -1.8209E+05     1.8408E-01     1.1804E+01     H2'       619

 BOND    =    13690.2820  ANGLE   =      232.6665  DIHED      =      816.2356
 VDWAALS =    34902.6692  EEL     =  -227480.8998  HBOND      =        0.0000
 1-4 VDW =      250.2498  1-4 EEL =    -4501.7847  RESTRAINT  =        0.0000


   NSTEP       ENERGY          RMS            GMAX         NAME    NUMBER
   8050      -1.8210E+05     8.4583E-02     4.1008E+00     H2'       619

 BOND    =    13691.7659  ANGLE   =      230.9510  DIHED      =      815.8561
 VDWAALS =    34909.0522  EEL     =  -227499.7432  HBOND      =        0.0000
 1-4 VDW =      250.1842  1-4 EEL =    -4500.9300  RESTRAINT  =        0.0000


   NSTEP       ENERGY          RMS            GMAX         NAME    NUMBER
   8100      -1.8211E+05     8.9361E-02     5.2609E+00     H2'       619

 BOND    =    13694.5310  ANGLE   =      230.7698  DIHED      =      815.8007
 VDWAALS =    34914.8213  EEL     =  -227515.2333  HBOND      =        0.0000
 1-4 VDW =      250.2224  1-4 EEL =    -4501.1254  RESTRAINT  =        0.0000


   NSTEP       ENERGY          RMS            GMAX         NAME    NUMBER
   8150      -1.8212E+05     1.0186E-01     8.6088E+00     C2'       618

 BOND    =    13694.4516  ANGLE   =      230.7414  DIHED      =      815.6623
 VDWAALS =    34922.3100  EEL     =  -227529.6272  HBOND      =        0.0000
 1-4 VDW =      250.1041  1-4 EEL =    -4500.5398  RESTRAINT  =        0.0000


   NSTEP       ENERGY          RMS            GMAX         NAME    NUMBER
   8200      -1.8212E+05     1.4400E-01     9.4654E+00     C2'       618

 BOND    =    13693.0503  ANGLE   =      230.4878  DIHED      =      815.4480
 VDWAALS =    34930.2080  EEL     =  -227543.1358  HBOND      =        0.0000
 1-4 VDW =      250.0551  1-4 EEL =    -4500.2442  RESTRAINT  =        0.0000


   NSTEP       ENERGY          RMS            GMAX         NAME    NUMBER
   8250      -1.8213E+05     1.1656E-01     5.7168E+00     C4        213

 BOND    =    13698.2051  ANGLE   =      230.6329  DIHED      =      815.3933
 VDWAALS =    34935.6788  EEL     =  -227558.0394  HBOND      =        0.0000
 1-4 VDW =      250.1043  1-4 EEL =    -4501.8309  RESTRAINT  =        0.0000


   NSTEP       ENERGY          RMS            GMAX         NAME    NUMBER
   8300      -1.8214E+05     6.2109E-02     3.5757E+00     C3'       616

 BOND    =    13699.0284  ANGLE   =      230.7868  DIHED      =      815.2561
 VDWAALS =    34941.2552  EEL     =  -227571.4517  HBOND      =        0.0000
 1-4 VDW =      250.1384  1-4 EEL =    -4501.3308  RESTRAINT  =        0.0000


   NSTEP       ENERGY          RMS            GMAX         NAME    NUMBER
   8350      -1.8214E+05     8.5011E-02     6.7718E+00     C4'       596

 BOND    =    13700.1480  ANGLE   =      230.7499  DIHED      =      815.1253
 VDWAALS =    34947.0881  EEL     =  -227585.4408  HBOND      =        0.0000
 1-4 VDW =      250.1427  1-4 EEL =    -4501.1536  RESTRAINT  =        0.0000


   NSTEP       ENERGY          RMS            GMAX         NAME    NUMBER
   8400      -1.8215E+05     9.9098E-02     6.5071E+00     C4'       596

 BOND    =    13701.8206  ANGLE   =      230.9323  DIHED      =      815.0441
 VDWAALS =    34952.4971  EEL     =  -227600.1564  HBOND      =        0.0000
 1-4 VDW =      250.1471  1-4 EEL =    -4501.2330  RESTRAINT  =        0.0000


   NSTEP       ENERGY          RMS            GMAX         NAME    NUMBER
   8450      -1.8216E+05     8.6000E-02     3.9719E+00     P         342

 BOND    =    13702.8040  ANGLE   =      230.6473  DIHED      =      814.8979
 VDWAALS =    34957.5987  EEL     =  -227613.9734  HBOND      =        0.0000
 1-4 VDW =      250.1225  1-4 EEL =    -4501.1753  RESTRAINT  =        0.0000


   NSTEP       ENERGY          RMS            GMAX         NAME    NUMBER
   8500      -1.8217E+05     7.1139E-02     3.9174E+00     P         342

 BOND    =    13704.1958  ANGLE   =      230.6179  DIHED      =      814.7394
 VDWAALS =    34962.5382  EEL     =  -227630.1929  HBOND      =        0.0000
 1-4 VDW =      250.1702  1-4 EEL =    -4501.0426  RESTRAINT  =        0.0000


   NSTEP       ENERGY          RMS            GMAX         NAME    NUMBER
   8550      -1.8218E+05     9.8482E-02     5.0545E+00     P         342

 BOND    =    13705.9586  ANGLE   =      230.6872  DIHED      =      814.5873
 VDWAALS =    34968.3017  EEL     =  -227647.6046  HBOND      =        0.0000
 1-4 VDW =      250.2380  1-4 EEL =    -4501.1445  RESTRAINT  =        0.0000


   NSTEP       ENERGY          RMS            GMAX         NAME    NUMBER
   8600      -1.8219E+05     1.0638E-01     8.5976E+00     P         342

 BOND    =    13707.5476  ANGLE   =      230.4108  DIHED      =      814.4471
 VDWAALS =    34974.4245  EEL     =  -227664.2754  HBOND      =        0.0000
 1-4 VDW =      250.2593  1-4 EEL =    -4500.8869  RESTRAINT  =        0.0000


   NSTEP       ENERGY          RMS            GMAX         NAME    NUMBER
   8650      -1.8220E+05     6.5619E-02     3.2936E+00     C3'       616

 BOND    =    13708.7527  ANGLE   =      230.3765  DIHED      =      814.2943
 VDWAALS =    34980.7737  EEL     =  -227680.9109  HBOND      =        0.0000
 1-4 VDW =      250.2684  1-4 EEL =    -4500.6119  RESTRAINT  =        0.0000


   NSTEP       ENERGY          RMS            GMAX         NAME    NUMBER
   8700      -1.8221E+05     7.4284E-02     3.8891E+00     P         342

 BOND    =    13710.1556  ANGLE   =      230.2567  DIHED      =      814.2383
 VDWAALS =    34988.2459  EEL     =  -227698.3535  HBOND      =        0.0000
 1-4 VDW =      250.3620  1-4 EEL =    -4500.5563  RESTRAINT  =        0.0000


   NSTEP       ENERGY          RMS            GMAX         NAME    NUMBER
   8750      -1.8221E+05     8.1033E-02     3.8090E+00     C6        606

 BOND    =    13711.3356  ANGLE   =      230.2261  DIHED      =      814.2310
 VDWAALS =    34994.4954  EEL     =  -227713.8417  HBOND      =        0.0000
 1-4 VDW =      250.4346  1-4 EEL =    -4500.7123  RESTRAINT  =        0.0000


   NSTEP       ENERGY          RMS            GMAX         NAME    NUMBER
   8800      -1.8222E+05     6.8398E-02     3.7767E+00     P         342

 BOND    =    13712.7417  ANGLE   =      230.1663  DIHED      =      814.2123
 VDWAALS =    35001.8547  EEL     =  -227730.8897  HBOND      =        0.0000
 1-4 VDW =      250.4825  1-4 EEL =    -4500.6114  RESTRAINT  =        0.0000


   NSTEP       ENERGY          RMS            GMAX         NAME    NUMBER
   8850      -1.8223E+05     1.4925E-01     8.5873E+00     P         342

 BOND    =    13716.5568  ANGLE   =      230.0900  DIHED      =      814.2875
 VDWAALS =    35012.5093  EEL     =  -227754.3219  HBOND      =        0.0000
 1-4 VDW =      250.5034  1-4 EEL =    -4501.3742  RESTRAINT  =        0.0000


   NSTEP       ENERGY          RMS            GMAX         NAME    NUMBER
   8900      -1.8224E+05     6.0764E-02     3.7958E+00     H1      31038

 BOND    =    13715.3045  ANGLE   =      229.9846  DIHED      =      814.0842
 VDWAALS =    35016.5136  EEL     =  -227764.8017  HBOND      =        0.0000
 1-4 VDW =      250.5855  1-4 EEL =    -4499.9766  RESTRAINT  =        0.0000


   NSTEP       ENERGY          RMS            GMAX         NAME    NUMBER
   8950      -1.8225E+05     5.8171E-02     3.1957E+00     O       31037

 BOND    =    13718.0418  ANGLE   =      229.6184  DIHED      =      814.2002
 VDWAALS =    35034.3719  EEL     =  -227799.8974  HBOND      =        0.0000
 1-4 VDW =      250.5308  1-4 EEL =    -4498.9116  RESTRAINT  =        0.0000


   NSTEP       ENERGY          RMS            GMAX         NAME    NUMBER
   9000      -1.8226E+05     7.1517E-02     5.5085E+00     P         342

 BOND    =    13719.7396  ANGLE   =      229.6403  DIHED      =      814.2239
 VDWAALS =    35042.7422  EEL     =  -227817.1828  HBOND      =        0.0000
 1-4 VDW =      250.5268  1-4 EEL =    -4498.8500  RESTRAINT  =        0.0000


   NSTEP       ENERGY          RMS            GMAX         NAME    NUMBER
   9050      -1.8227E+05     4.4408E-02     2.5425E+00     O       31037

 BOND    =    13722.0307  ANGLE   =      229.3642  DIHED      =      814.1691
 VDWAALS =    35055.6612  EEL     =  -227843.0366  HBOND      =        0.0000
 1-4 VDW =      250.6007  1-4 EEL =    -4498.6252  RESTRAINT  =        0.0000


   NSTEP       ENERGY          RMS            GMAX         NAME    NUMBER
   9100      -1.8228E+05     5.3231E-02     3.3249E+00     C4        615

 BOND    =    13724.5278  ANGLE   =      229.3683  DIHED      =      814.2209
 VDWAALS =    35064.0337  EEL     =  -227861.5077  HBOND      =        0.0000
 1-4 VDW =      250.6138  1-4 EEL =    -4498.4108  RESTRAINT  =        0.0000


   NSTEP       ENERGY          RMS            GMAX         NAME    NUMBER
   9150      -1.8228E+05     4.8242E-02     2.3278E+00     C5'       593

 BOND    =    13726.7857  ANGLE   =      229.2504  DIHED      =      814.3082
 VDWAALS =    35071.4474  EEL     =  -227878.5577  HBOND      =        0.0000
 1-4 VDW =      250.6497  1-4 EEL =    -4498.3117  RESTRAINT  =        0.0000


   NSTEP       ENERGY          RMS            GMAX         NAME    NUMBER
   9200      -1.8230E+05     8.2612E-02     3.9365E+00     C2        610

 BOND    =    13730.1198  ANGLE   =      229.2738  DIHED      =      814.1935
 VDWAALS =    35085.8287  EEL     =  -227907.7809  HBOND      =        0.0000
 1-4 VDW =      250.7502  1-4 EEL =    -4498.2776  RESTRAINT  =        0.0000


   NSTEP       ENERGY          RMS            GMAX         NAME    NUMBER
   9250      -1.8230E+05     7.8012E-02     5.1283E+00     C4        615

 BOND    =    13730.1545  ANGLE   =      229.5682  DIHED      =      814.1334
 VDWAALS =    35094.4570  EEL     =  -227924.1497  HBOND      =        0.0000
 1-4 VDW =      250.7756  1-4 EEL =    -4498.4938  RESTRAINT  =        0.0000


   NSTEP       ENERGY          RMS            GMAX         NAME    NUMBER
   9300      -1.8231E+05     4.5014E-02     3.2546E+00     H2       6916

 BOND    =    13731.5044  ANGLE   =      229.3832  DIHED      =      814.2009
 VDWAALS =    35101.1196  EEL     =  -227939.0115  HBOND      =        0.0000
 1-4 VDW =      250.8177  1-4 EEL =    -4498.2616  RESTRAINT  =        0.0000


   NSTEP       ENERGY          RMS            GMAX         NAME    NUMBER
   9350      -1.8232E+05     4.8416E-02     2.1844E+00     H2       6916

 BOND    =    13733.3751  ANGLE   =      229.4407  DIHED      =      814.1954
 VDWAALS =    35107.2938  EEL     =  -227953.0411  HBOND      =        0.0000
 1-4 VDW =      250.8552  1-4 EEL =    -4498.2457  RESTRAINT  =        0.0000


   NSTEP       ENERGY          RMS            GMAX         NAME    NUMBER
   9400      -1.8233E+05     3.6926E-02     1.5211E+00     P         759

 BOND    =    13735.6954  ANGLE   =      229.4097  DIHED      =      814.3043
 VDWAALS =    35119.1424  EEL     =  -227982.5975  HBOND      =        0.0000
 1-4 VDW =      250.9331  1-4 EEL =    -4498.2152  RESTRAINT  =        0.0000


   NSTEP       ENERGY          RMS            GMAX         NAME    NUMBER
   9450      -1.8235E+05     5.1828E-02     3.5826E+00     P         342

 BOND    =    13737.2006  ANGLE   =      229.2909  DIHED      =      814.4849
 VDWAALS =    35125.5157  EEL     =  -228005.3873  HBOND      =        0.0000
 1-4 VDW =      251.0381  1-4 EEL =    -4497.8804  RESTRAINT  =        0.0000


   NSTEP       ENERGY          RMS            GMAX         NAME    NUMBER
   9500      -1.8236E+05     6.8912E-02     2.8394E+00     O       38192

 BOND    =    13738.9758  ANGLE   =      229.6166  DIHED      =      814.3350
 VDWAALS =    35131.8099  EEL     =  -228027.5024  HBOND      =        0.0000
 1-4 VDW =      251.2840  1-4 EEL =    -4497.8860  RESTRAINT  =        0.0000


   NSTEP       ENERGY          RMS            GMAX         NAME    NUMBER
   9550      -1.8237E+05     1.1446E-01     6.2973E+00     O       32528

 BOND    =    13739.7429  ANGLE   =      229.4001  DIHED      =      815.0739
 VDWAALS =    35141.5351  EEL     =  -228051.0806  HBOND      =        0.0000
 1-4 VDW =      251.3339  1-4 EEL =    -4498.1537  RESTRAINT  =        0.0000


   NSTEP       ENERGY          RMS            GMAX         NAME    NUMBER
   9600      -1.8238E+05     8.5550E-02     5.3694E+00     O       28307

 BOND    =    13742.4643  ANGLE   =      229.3179  DIHED      =      815.1085
 VDWAALS =    35144.8375  EEL     =  -228063.0392  HBOND      =        0.0000
 1-4 VDW =      251.3364  1-4 EEL =    -4498.3269  RESTRAINT  =        0.0000


   NSTEP       ENERGY          RMS            GMAX         NAME    NUMBER
   9650      -1.8238E+05     8.7202E-02     5.6754E+00     O       28307

 BOND    =    13741.6656  ANGLE   =      229.3118  DIHED      =      815.0955
 VDWAALS =    35150.4279  EEL     =  -228072.3744  HBOND      =        0.0000
 1-4 VDW =      251.4051  1-4 EEL =    -4498.5763  RESTRAINT  =        0.0000


   NSTEP       ENERGY          RMS            GMAX         NAME    NUMBER
   9700      -1.8239E+05     1.7200E-01     8.2176E+00     P         432

 BOND    =    13742.3058  ANGLE   =      229.5145  DIHED      =      815.4147
 VDWAALS =    35156.1649  EEL     =  -228083.3685  HBOND      =        0.0000
 1-4 VDW =      251.5043  1-4 EEL =    -4498.7830  RESTRAINT  =        0.0000


   NSTEP       ENERGY          RMS            GMAX         NAME    NUMBER
   9750      -1.8239E+05     1.4661E-01     6.0787E+00     C2'       368

 BOND    =    13742.6411  ANGLE   =      229.7720  DIHED      =      815.5149
 VDWAALS =    35162.6922  EEL     =  -228096.1873  HBOND      =        0.0000
 1-4 VDW =      251.5371  1-4 EEL =    -4499.1225  RESTRAINT  =        0.0000


   NSTEP       ENERGY          RMS            GMAX         NAME    NUMBER
   9800      -1.8240E+05     1.1247E-01     7.5716E+00     P         342

 BOND    =    13744.5528  ANGLE   =      229.3492  DIHED      =      815.5728
 VDWAALS =    35170.3310  EEL     =  -228112.6825  HBOND      =        0.0000
 1-4 VDW =      251.5582  1-4 EEL =    -4498.8454  RESTRAINT  =        0.0000


   NSTEP       ENERGY          RMS            GMAX         NAME    NUMBER
   9850      -1.8241E+05     7.9689E-02     5.0040E+00     P         342

 BOND    =    13745.7909  ANGLE   =      229.2942  DIHED      =      815.6488
 VDWAALS =    35177.7532  EEL     =  -228126.6762  HBOND      =        0.0000
 1-4 VDW =      251.5256  1-4 EEL =    -4498.6771  RESTRAINT  =        0.0000


   NSTEP       ENERGY          RMS            GMAX         NAME    NUMBER
   9900      -1.8241E+05     6.7930E-02     5.5979E+00     P         342

 BOND    =    13747.8594  ANGLE   =      229.0677  DIHED      =      815.6229
 VDWAALS =    35183.0752  EEL     =  -228137.4930  HBOND      =        0.0000
 1-4 VDW =      251.5564  1-4 EEL =    -4498.4882  RESTRAINT  =        0.0000


   NSTEP       ENERGY          RMS            GMAX         NAME    NUMBER
   9950      -1.8241E+05     9.9040E-02     6.5014E+00     P         342

 BOND    =    13748.8355  ANGLE   =      229.1050  DIHED      =      815.8484
 VDWAALS =    35191.9318  EEL     =  -228152.1389  HBOND      =        0.0000
 1-4 VDW =      251.4882  1-4 EEL =    -4498.6397  RESTRAINT  =        0.0000


   NSTEP       ENERGY          RMS            GMAX         NAME    NUMBER
  10000      -1.8242E+05     2.0115E-01     2.7568E+01     H1      38712

 BOND    =    13749.2655  ANGLE   =      231.1152  DIHED      =      815.7082
 VDWAALS =    35206.4491  EEL     =  -228177.5679  HBOND      =        0.0000
 1-4 VDW =      251.5932  1-4 EEL =    -4499.0178  RESTRAINT  =        0.0000


  Maximum number of minimization cycles reached.


                    FINAL RESULTS



   NSTEP       ENERGY          RMS            GMAX         NAME    NUMBER
  10000      -1.8242E+05     2.0115E-01     2.7568E+01     H1      38712

 BOND    =    13749.2655  ANGLE   =      231.1152  DIHED      =      815.7082
 VDWAALS =    35206.4491  EEL     =  -228177.5679  HBOND      =        0.0000
 1-4 VDW =      251.5932  1-4 EEL =    -4499.0178  RESTRAINT  =        0.0000
--------------------------------------------------------------------------------
   5.  TIMINGS
--------------------------------------------------------------------------------

|  NonSetup CPU Time in Major Routines:
|
|     Routine           Sec        %
|     ------------------------------
|     Nonbond          24.89   48.69
|     Bond              0.00    0.00
|     Angle             0.00    0.00
|     Dihedral          0.00    0.00
|     Shake             0.00    0.00
|     Other            26.23   51.31
|     ------------------------------
|     Total            51.13

|  PME Nonbond Pairlist CPU Time:
|
|     Routine              Sec        %
|     ---------------------------------
|     Set Up Cit           0.00    0.00
|     Build List           0.00    0.00
|     ---------------------------------
|     Total                0.00    0.00

|  PME Direct Force CPU Time:
|
|     Routine              Sec        %
|     ---------------------------------
|     NonBonded Calc       0.00    0.00
|     Exclude Masked       0.00    0.00
|     Other                0.02    0.05
|     ---------------------------------
|     Total                0.02    0.05

|  PME Reciprocal Force CPU Time:
|
|     Routine              Sec        %
|     ---------------------------------
|     1D bspline           0.00    0.00
|     Grid Charges         0.00    0.00
|     Scalar Sum           0.00    0.00
|     Gradient Sum         0.00    0.00
|     FFT                  0.00    0.00
|     ---------------------------------
|     Total                0.00    0.00

|  Setup CPU time:            1.60 seconds
|  NonSetup CPU time:        51.13 seconds
|  Total CPU time:           52.72 seconds     0.01 hours

|  Setup wall time:           1    seconds
|  NonSetup wall time:       52    seconds
|  Total wall time:          53    seconds     0.01 hours
