
          -------------------------------------------------------
          Amber 16 PMEMD                              2016
          -------------------------------------------------------

| PMEMD implementation of SANDER, Release 16

| Run on 01/17/2024 at 23:07:58

|   Executable path: pmemd.cuda
| Working directory: /home/students/keyq/fuben/input/7/nLC7right
|          Hostname: master

  [-O]verwriting output

File Assignments:
|   MDIN: heat5.in                                                              
|  MDOUT: cmp_heat5.out                                                         
| INPCRD: cmp_heat4.rst                                                         
|   PARM: cmp.prmtop                                                            
| RESTRT: cmp_heat5.rst                                                         
|   REFC: cmp.inpcrd                                                            
|  MDVEL: mdvel                                                                 
|   MDEN: mden                                                                  
|  MDCRD: cmp_heat5.mdcrd                                                       
| MDINFO: mdinfo                                                                
|  MDFRC: mdfrc                                                                 


 Here is the input file:

Stage 2 equilibration 1 0-5ns                                                  
 &cntrl                                                                        
  imin=0, irest=1, ntx=5,                                                      
  nstlim=4000, dt=0.002,                                                       
  ntc=2, ntf=2,                                                                
  ntt=1, tautp=1.5,                                                            
  tempi=200.0, temp0=255.0,                                                    
  ntpr=50, ntwx=50,                                                            
  ntb=1,                                                                       
  cut=10,                                                                      
 /                                                                             


Note: ig = -1. Setting random seed to   396704 based on wallclock time in 
      microseconds.
 
|--------------------- INFORMATION ----------------------
| GPU (CUDA) Version of PMEMD in use: NVIDIA GPU IN USE.
|                    Version 16.0.0
| 
|                      02/25/2016
| 
| Implementation by:
|                    Ross C. Walker     (SDSC)
|                    Scott Le Grand     (nVIDIA)
| 
| Precision model in use:
|      [SPFP] - Single Precision Forces, 64-bit Fixed Point
|               Accumulation. (Default)
| 
|--------------------------------------------------------
 
|----------------- CITATION INFORMATION -----------------
|
|    When publishing work that utilized the CUDA version
|    of AMBER, please cite the following in addition to
|    the regular AMBER citations:
|
|  - Romelia Salomon-Ferrer; Andreas W. Goetz; Duncan
|    Poole; Scott Le Grand; Ross C. Walker "Routine
|    microsecond molecular dynamics simulations with
|    AMBER - Part II: Particle Mesh Ewald", J. Chem.
|    Theory Comput., 2013, 9 (9), pp3878-3888,
|    DOI: 10.1021/ct400314y.
|
|  - Andreas W. Goetz; Mark J. Williamson; Dong Xu;
|    Duncan Poole; Scott Le Grand; Ross C. Walker
|    "Routine microsecond molecular dynamics simulations
|    with AMBER - Part I: Generalized Born", J. Chem.
|    Theory Comput., 2012, 8 (5), pp1542-1555.
|
|  - Scott Le Grand; Andreas W. Goetz; Ross C. Walker
|    "SPFP: Speed without compromise - a mixed precision
|    model for GPU accelerated molecular dynamics
|    simulations.", Comp. Phys. Comm., 2013, 184
|    pp374-380, DOI: 10.1016/j.cpc.2012.09.022
|
|--------------------------------------------------------
 
|------------------- GPU DEVICE INFO --------------------
|
|            CUDA_VISIBLE_DEVICES: 0
|   CUDA Capable Devices Detected:      1
|           CUDA Device ID in use:      0
|                CUDA Device Name: Tesla V100-PCIE-32GB
|     CUDA Device Global Mem Size:  32510 MB
| CUDA Device Num Multiprocessors:     80
|           CUDA Device Core Freq:   1.38 GHz
|
|--------------------------------------------------------
 
 
| Conditional Compilation Defines Used:
| PUBFFT
| BINTRAJ
| CUDA
| EMIL

| Largest sphere to fit in unit cell has radius =    34.461

| New format PARM file being parsed.
| Version =    1.000 Date = 01/29/21 Time = 15:02:16

| Note: 1-4 EEL scale factors are being read from the topology file.

| Note: 1-4 VDW scale factors are being read from the topology file.
| Duplicated    0 dihedrals

| Duplicated    0 dihedrals

--------------------------------------------------------------------------------
   1.  RESOURCE   USE: 
--------------------------------------------------------------------------------

 getting box info from netcdf restart file
 NATOM  =   41380 NTYPES =      18 NBONH =   40641 MBONA  =     790
 NTHETH =     882 MTHETA =    1223 NPHIH =    1873 MPHIA  =    2454
 NHPARM =       0 NPARM  =       0 NNB   =   59770 NRES   =   13486
 NBONA  =     790 NTHETA =    1223 NPHIA =    2454 NUMBND =      73
 NUMANG =     152 NPTRA  =      87 NATYP =      37 NPHB   =       1
 IFBOX  =       2 NMXRS  =      34 IFCAP =       0 NEXTRA =       0
 NCOPY  =       0

| Coordinate Index Table dimensions:    13   13   13
| Direct force subcell size =     6.4933    6.4933    6.4933

     BOX TYPE: TRUNCATED OCTAHEDRON

--------------------------------------------------------------------------------
   2.  CONTROL  DATA  FOR  THE  RUN
--------------------------------------------------------------------------------

default_name                                                                    

General flags:
     imin    =       0, nmropt  =       0

Nature and format of input:
     ntx     =       5, irest   =       1, ntrx    =       1

Nature and format of output:
     ntxo    =       2, ntpr    =      50, ntrx    =       1, ntwr    =    4000
     iwrap   =       0, ntwx    =      50, ntwv    =       0, ntwe    =       0
     ioutfm  =       1, ntwprt  =       0, idecomp =       0, rbornstat=      0

Potential function:
     ntf     =       2, ntb     =       1, igb     =       0, nsnb    =      25
     ipol    =       0, gbsa    =       0, iesp    =       0
     dielc   =   1.00000, cut     =  10.00000, intdiel =   1.00000

Frozen or restrained atoms:
     ibelly  =       0, ntr     =       0

Molecular dynamics:
     nstlim  =      4000, nscm    =      1000, nrespa  =         1
     t       =   0.00000, dt      =   0.00200, vlimit  =  -1.00000

Berendsen (weak-coupling) temperature regulation:
     temp0   = 255.00000, tempi   = 200.00000, tautp   =   1.50000

SHAKE:
     ntc     =       2, jfastw  =       0
     tol     =   0.00001

| Intermolecular bonds treatment:
|     no_intermolecular_bonds =       1

| Energy averages sample interval:
|     ene_avg_sampling =      50

Ewald parameters:
     verbose =       0, ew_type =       0, nbflag  =       1, use_pme =       1
     vdwmeth =       1, eedmeth =       1, netfrc  =       1
     Box X =   84.413   Box Y =   84.413   Box Z =   84.413
     Alpha =  109.471   Beta  =  109.471   Gamma =  109.471
     NFFT1 =   96       NFFT2 =   96       NFFT3 =   96
     Cutoff=   10.000   Tol   =0.100E-04
     Ewald Coefficient =  0.27511
     Interpolation order =    4

--------------------------------------------------------------------------------
   3.  ATOMIC COORDINATES AND VELOCITIES
--------------------------------------------------------------------------------

default_name                                                                    
 begin time read from input coords =    20.000 ps

 
 Number of triangulated 3-point waters found:    13420

     Sum of charges from parm topology file =   0.00000012
     Forcing neutrality...

| Dynamic Memory, Types Used:
| Reals             1180054
| Integers           982401

| Nonbonded Pairs Initial Allocation:    12516415

| GPU memory information (estimate):
| KB of GPU memory in use:    218726
| KB of CPU memory in use:     73574

--------------------------------------------------------------------------------
   4.  RESULTS
--------------------------------------------------------------------------------

 ---------------------------------------------------
 APPROXIMATING switch and d/dx switch using CUBIC SPLINE INTERPOLATION
 using   5000.0 points per unit in tabled values
 TESTING RELATIVE ERROR over r ranging from 0.0 to cutoff
| CHECK switch(x): max rel err =   0.2738E-14   at   2.422500
| CHECK d/dx switch(x): max rel err =   0.8314E-11   at   2.736960
 ---------------------------------------------------
|---------------------------------------------------
| APPROXIMATING direct energy using CUBIC SPLINE INTERPOLATION
|  with   50.0 points per unit in tabled values
| Relative Error Limit not exceeded for r .gt.   2.33
| APPROXIMATING direct force using CUBIC SPLINE INTERPOLATION
|  with   50.0 points per unit in tabled values
| Relative Error Limit not exceeded for r .gt.   2.80
|---------------------------------------------------

 NSTEP =       50   TIME(PS) =      20.100  TEMP(K) =   187.83  PRESS =     0.0
 Etot   =   -141037.3319  EKtot   =     15582.3203  EPtot      =   -156619.6522
 BOND   =       157.8817  ANGLE   =       399.2570  DIHED      =       895.4937
 1-4 NB =       284.5315  1-4 EEL =     -4491.4595  VDWAALS    =     25277.3587
 EELEC  =   -179142.7151  EHBOND  =         0.0000  RESTRAINT  =         0.0000
 ------------------------------------------------------------------------------


 NSTEP =      100   TIME(PS) =      20.200  TEMP(K) =   190.45  PRESS =     0.0
 Etot   =   -140675.4898  EKtot   =     15799.8828  EPtot      =   -156475.3727
 BOND   =       153.8482  ANGLE   =       398.7545  DIHED      =       892.3652
 1-4 NB =       285.2008  1-4 EEL =     -4479.1322  VDWAALS    =     25155.5499
 EELEC  =   -178881.9591  EHBOND  =         0.0000  RESTRAINT  =         0.0000
 ------------------------------------------------------------------------------


 NSTEP =      150   TIME(PS) =      20.300  TEMP(K) =   192.18  PRESS =     0.0
 Etot   =   -140322.0728  EKtot   =     15943.3535  EPtot      =   -156265.4263
 BOND   =       171.3090  ANGLE   =       412.1543  DIHED      =       896.9695
 1-4 NB =       281.0776  1-4 EEL =     -4497.8446  VDWAALS    =     25022.0807
 EELEC  =   -178551.1727  EHBOND  =         0.0000  RESTRAINT  =         0.0000
 ------------------------------------------------------------------------------


 NSTEP =      200   TIME(PS) =      20.400  TEMP(K) =   192.96  PRESS =     0.0
 Etot   =   -139975.0308  EKtot   =     16008.2861  EPtot      =   -155983.3170
 BOND   =       167.5484  ANGLE   =       428.9210  DIHED      =       884.4811
 1-4 NB =       270.4165  1-4 EEL =     -4501.3596  VDWAALS    =     24974.8600
 EELEC  =   -178208.1843  EHBOND  =         0.0000  RESTRAINT  =         0.0000
 ------------------------------------------------------------------------------


 NSTEP =      250   TIME(PS) =      20.500  TEMP(K) =   196.19  PRESS =     0.0
 Etot   =   -139637.4248  EKtot   =     16276.2930  EPtot      =   -155913.7177
 BOND   =       167.5093  ANGLE   =       406.1686  DIHED      =       892.1364
 1-4 NB =       276.1815  1-4 EEL =     -4484.8578  VDWAALS    =     24960.0560
 EELEC  =   -178130.9115  EHBOND  =         0.0000  RESTRAINT  =         0.0000
 ------------------------------------------------------------------------------


 NSTEP =      300   TIME(PS) =      20.600  TEMP(K) =   197.45  PRESS =     0.0
 Etot   =   -139313.5195  EKtot   =     16381.0781  EPtot      =   -155694.5977
 BOND   =       170.2579  ANGLE   =       404.8267  DIHED      =       886.0394
 1-4 NB =       276.1810  1-4 EEL =     -4466.3909  VDWAALS    =     24885.7933
 EELEC  =   -177851.3051  EHBOND  =         0.0000  RESTRAINT  =         0.0000
 ------------------------------------------------------------------------------


 NSTEP =      350   TIME(PS) =      20.700  TEMP(K) =   198.30  PRESS =     0.0
 Etot   =   -138994.1079  EKtot   =     16451.6035  EPtot      =   -155445.7114
 BOND   =       165.7503  ANGLE   =       408.9897  DIHED      =       893.0677
 1-4 NB =       286.5022  1-4 EEL =     -4480.7352  VDWAALS    =     24831.4559
 EELEC  =   -177550.7419  EHBOND  =         0.0000  RESTRAINT  =         0.0000
 ------------------------------------------------------------------------------


 NSTEP =      400   TIME(PS) =      20.800  TEMP(K) =   200.66  PRESS =     0.0
 Etot   =   -138681.7170  EKtot   =     16646.8145  EPtot      =   -155328.5315
 BOND   =       183.8563  ANGLE   =       439.8009  DIHED      =       889.8820
 1-4 NB =       270.1119  1-4 EEL =     -4514.1441  VDWAALS    =     24664.0992
 EELEC  =   -177262.1377  EHBOND  =         0.0000  RESTRAINT  =         0.0000
 ------------------------------------------------------------------------------


 NSTEP =      450   TIME(PS) =      20.900  TEMP(K) =   200.32  PRESS =     0.0
 Etot   =   -138376.4961  EKtot   =     16618.7871  EPtot      =   -154995.2832
 BOND   =       170.5699  ANGLE   =       457.3632  DIHED      =       894.5748
 1-4 NB =       276.1160  1-4 EEL =     -4482.8555  VDWAALS    =     24396.5419
 EELEC  =   -176707.5936  EHBOND  =         0.0000  RESTRAINT  =         0.0000
 ------------------------------------------------------------------------------


 NSTEP =      500   TIME(PS) =      21.000  TEMP(K) =   201.79  PRESS =     0.0
 Etot   =   -138076.3481  EKtot   =     16740.3496  EPtot      =   -154816.6977
 BOND   =       165.2340  ANGLE   =       430.8167  DIHED      =       887.6521
 1-4 NB =       276.6536  1-4 EEL =     -4485.8376  VDWAALS    =     24531.8112
 EELEC  =   -176623.0278  EHBOND  =         0.0000  RESTRAINT  =         0.0000
 ------------------------------------------------------------------------------


 NSTEP =      550   TIME(PS) =      21.100  TEMP(K) =   203.73  PRESS =     0.0
 Etot   =   -137788.9606  EKtot   =     16902.0742  EPtot      =   -154691.0348
 BOND   =       168.7368  ANGLE   =       451.3072  DIHED      =       885.6842
 1-4 NB =       281.0361  1-4 EEL =     -4505.5384  VDWAALS    =     24690.2457
 EELEC  =   -176662.5063  EHBOND  =         0.0000  RESTRAINT  =         0.0000
 ------------------------------------------------------------------------------


 NSTEP =      600   TIME(PS) =      21.200  TEMP(K) =   204.95  PRESS =     0.0
 Etot   =   -137511.9586  EKtot   =     17003.2246  EPtot      =   -154515.1833
 BOND   =       175.9563  ANGLE   =       430.0140  DIHED      =       897.6165
 1-4 NB =       279.5582  1-4 EEL =     -4488.4981  VDWAALS    =     24433.7090
 EELEC  =   -176243.5393  EHBOND  =         0.0000  RESTRAINT  =         0.0000
 ------------------------------------------------------------------------------


 NSTEP =      650   TIME(PS) =      21.300  TEMP(K) =   206.00  PRESS =     0.0
 Etot   =   -137237.6844  EKtot   =     17089.6680  EPtot      =   -154327.3524
 BOND   =       173.9581  ANGLE   =       433.3215  DIHED      =       891.1184
 1-4 NB =       277.7061  1-4 EEL =     -4491.7950  VDWAALS    =     24275.1717
 EELEC  =   -175886.8332  EHBOND  =         0.0000  RESTRAINT  =         0.0000
 ------------------------------------------------------------------------------


 NSTEP =      700   TIME(PS) =      21.400  TEMP(K) =   206.79  PRESS =     0.0
 Etot   =   -136966.0515  EKtot   =     17155.5352  EPtot      =   -154121.5866
 BOND   =       181.7438  ANGLE   =       412.8914  DIHED      =       906.4032
 1-4 NB =       279.0935  1-4 EEL =     -4499.9587  VDWAALS    =     23990.2669
 EELEC  =   -175392.0267  EHBOND  =         0.0000  RESTRAINT  =         0.0000
 ------------------------------------------------------------------------------


 NSTEP =      750   TIME(PS) =      21.500  TEMP(K) =   206.93  PRESS =     0.0
 Etot   =   -136699.6069  EKtot   =     17167.5078  EPtot      =   -153867.1147
 BOND   =       188.7454  ANGLE   =       449.1146  DIHED      =       887.9007
 1-4 NB =       279.4471  1-4 EEL =     -4516.4623  VDWAALS    =     24137.3244
 EELEC  =   -175293.1847  EHBOND  =         0.0000  RESTRAINT  =         0.0000
 ------------------------------------------------------------------------------


 NSTEP =      800   TIME(PS) =      21.600  TEMP(K) =   209.46  PRESS =     0.0
 Etot   =   -136443.3102  EKtot   =     17376.8965  EPtot      =   -153820.2067
 BOND   =       179.9240  ANGLE   =       445.4027  DIHED      =       900.2520
 1-4 NB =       284.7698  1-4 EEL =     -4490.9464  VDWAALS    =     24190.9400
 EELEC  =   -175330.5489  EHBOND  =         0.0000  RESTRAINT  =         0.0000
 ------------------------------------------------------------------------------


 NSTEP =      850   TIME(PS) =      21.700  TEMP(K) =   211.40  PRESS =     0.0
 Etot   =   -136197.4234  EKtot   =     17538.3672  EPtot      =   -153735.7906
 BOND   =       174.0809  ANGLE   =       443.1897  DIHED      =       899.6797
 1-4 NB =       285.3011  1-4 EEL =     -4488.7789  VDWAALS    =     23948.2432
 EELEC  =   -174997.5063  EHBOND  =         0.0000  RESTRAINT  =         0.0000
 ------------------------------------------------------------------------------


 NSTEP =      900   TIME(PS) =      21.800  TEMP(K) =   210.18  PRESS =     0.0
 Etot   =   -135946.8585  EKtot   =     17436.7891  EPtot      =   -153383.6476
 BOND   =       185.7174  ANGLE   =       471.0157  DIHED      =       884.9483
 1-4 NB =       278.7763  1-4 EEL =     -4501.9485  VDWAALS    =     23968.4658
 EELEC  =   -174670.6226  EHBOND  =         0.0000  RESTRAINT  =         0.0000
 ------------------------------------------------------------------------------


 NSTEP =      950   TIME(PS) =      21.900  TEMP(K) =   212.49  PRESS =     0.0
 Etot   =   -135709.7544  EKtot   =     17628.6465  EPtot      =   -153338.4009
 BOND   =       188.6623  ANGLE   =       455.1448  DIHED      =       894.0396
 1-4 NB =       282.5411  1-4 EEL =     -4499.1535  VDWAALS    =     24177.4244
 EELEC  =   -174837.0595  EHBOND  =         0.0000  RESTRAINT  =         0.0000
 ------------------------------------------------------------------------------

check COM velocity, temp:        0.000003     0.00(Removed)

 NSTEP =     1000   TIME(PS) =      22.000  TEMP(K) =   214.15  PRESS =     0.0
 Etot   =   -135479.8150  EKtot   =     17766.4414  EPtot      =   -153246.2564
 BOND   =       190.4985  ANGLE   =       459.8896  DIHED      =       895.3926
 1-4 NB =       282.1259  1-4 EEL =     -4514.2240  VDWAALS    =     23906.9743
 EELEC  =   -174466.9134  EHBOND  =         0.0000  RESTRAINT  =         0.0000
 ------------------------------------------------------------------------------


 NSTEP =     1050   TIME(PS) =      22.100  TEMP(K) =   213.91  PRESS =     0.0
 Etot   =   -135253.1536  EKtot   =     17746.5898  EPtot      =   -152999.7434
 BOND   =       185.5516  ANGLE   =       439.6375  DIHED      =       894.8575
 1-4 NB =       280.8591  1-4 EEL =     -4467.3576  VDWAALS    =     23986.4616
 EELEC  =   -174319.7532  EHBOND  =         0.0000  RESTRAINT  =         0.0000
 ------------------------------------------------------------------------------


 NSTEP =     1100   TIME(PS) =      22.200  TEMP(K) =   216.70  PRESS =     0.0
 Etot   =   -135029.8581  EKtot   =     17977.2969  EPtot      =   -153007.1550
 BOND   =       211.3736  ANGLE   =       436.8612  DIHED      =       891.9391
 1-4 NB =       279.1673  1-4 EEL =     -4491.2579  VDWAALS    =     23717.6629
 EELEC  =   -174052.9013  EHBOND  =         0.0000  RESTRAINT  =         0.0000
 ------------------------------------------------------------------------------


 NSTEP =     1150   TIME(PS) =      22.300  TEMP(K) =   215.84  PRESS =     0.0
 Etot   =   -134813.1815  EKtot   =     17905.9590  EPtot      =   -152719.1405
 BOND   =       178.4356  ANGLE   =       449.1514  DIHED      =       900.1149
 1-4 NB =       274.2844  1-4 EEL =     -4496.2816  VDWAALS    =     23732.4559
 EELEC  =   -173757.3011  EHBOND  =         0.0000  RESTRAINT  =         0.0000
 ------------------------------------------------------------------------------


 NSTEP =     1200   TIME(PS) =      22.400  TEMP(K) =   217.19  PRESS =     0.0
 Etot   =   -134598.8419  EKtot   =     18018.3906  EPtot      =   -152617.2325
 BOND   =       196.7530  ANGLE   =       466.0476  DIHED      =       901.1830
 1-4 NB =       276.6307  1-4 EEL =     -4489.3014  VDWAALS    =     23601.8176
 EELEC  =   -173570.3632  EHBOND  =         0.0000  RESTRAINT  =         0.0000
 ------------------------------------------------------------------------------


 NSTEP =     1250   TIME(PS) =      22.500  TEMP(K) =   219.13  PRESS =     0.0
 Etot   =   -134391.4032  EKtot   =     18179.4883  EPtot      =   -152570.8915
 BOND   =       203.7017  ANGLE   =       463.0531  DIHED      =       897.3224
 1-4 NB =       272.4972  1-4 EEL =     -4497.0535  VDWAALS    =     23918.3438
 EELEC  =   -173828.7563  EHBOND  =         0.0000  RESTRAINT  =         0.0000
 ------------------------------------------------------------------------------


 NSTEP =     1300   TIME(PS) =      22.600  TEMP(K) =   218.93  PRESS =     0.0
 Etot   =   -134186.5221  EKtot   =     18162.9629  EPtot      =   -152349.4850
 BOND   =       204.4875  ANGLE   =       448.2376  DIHED      =       901.9663
 1-4 NB =       281.6271  1-4 EEL =     -4497.4226  VDWAALS    =     23583.0639
 EELEC  =   -173271.4447  EHBOND  =         0.0000  RESTRAINT  =         0.0000
 ------------------------------------------------------------------------------


 NSTEP =     1350   TIME(PS) =      22.700  TEMP(K) =   220.43  PRESS =     0.0
 Etot   =   -133988.1733  EKtot   =     18286.7793  EPtot      =   -152274.9526
 BOND   =       197.1690  ANGLE   =       480.3019  DIHED      =       905.6770
 1-4 NB =       278.7140  1-4 EEL =     -4504.1860  VDWAALS    =     23587.3815
 EELEC  =   -173220.0101  EHBOND  =         0.0000  RESTRAINT  =         0.0000
 ------------------------------------------------------------------------------


 NSTEP =     1400   TIME(PS) =      22.800  TEMP(K) =   219.39  PRESS =     0.0
 Etot   =   -133795.5934  EKtot   =     18200.7363  EPtot      =   -151996.3298
 BOND   =       196.0808  ANGLE   =       446.6562  DIHED      =       908.6564
 1-4 NB =       284.4968  1-4 EEL =     -4473.0444  VDWAALS    =     23409.8114
 EELEC  =   -172768.9870  EHBOND  =         0.0000  RESTRAINT  =         0.0000
 ------------------------------------------------------------------------------


 NSTEP =     1450   TIME(PS) =      22.900  TEMP(K) =   221.72  PRESS =     0.0
 Etot   =   -133608.1071  EKtot   =     18394.5000  EPtot      =   -152002.6071
 BOND   =       206.3893  ANGLE   =       459.1224  DIHED      =       898.1032
 1-4 NB =       274.7395  1-4 EEL =     -4500.2965  VDWAALS    =     23399.6889
 EELEC  =   -172740.3540  EHBOND  =         0.0000  RESTRAINT  =         0.0000
 ------------------------------------------------------------------------------


 NSTEP =     1500   TIME(PS) =      23.000  TEMP(K) =   223.74  PRESS =     0.0
 Etot   =   -133427.6385  EKtot   =     18561.8887  EPtot      =   -151989.5272
 BOND   =       206.3134  ANGLE   =       473.9680  DIHED      =       898.6477
 1-4 NB =       279.0159  1-4 EEL =     -4512.3928  VDWAALS    =     23271.1205
 EELEC  =   -172606.1999  EHBOND  =         0.0000  RESTRAINT  =         0.0000
 ------------------------------------------------------------------------------


 NSTEP =     1550   TIME(PS) =      23.100  TEMP(K) =   223.01  PRESS =     0.0
 Etot   =   -133245.7514  EKtot   =     18501.2617  EPtot      =   -151747.0131
 BOND   =       198.5820  ANGLE   =       467.9328  DIHED      =       914.6285
 1-4 NB =       286.2716  1-4 EEL =     -4508.6453  VDWAALS    =     22885.2405
 EELEC  =   -171991.0232  EHBOND  =         0.0000  RESTRAINT  =         0.0000
 ------------------------------------------------------------------------------


 NSTEP =     1600   TIME(PS) =      23.200  TEMP(K) =   223.07  PRESS =     0.0
 Etot   =   -133068.2923  EKtot   =     18506.2988  EPtot      =   -151574.5912
 BOND   =       171.0641  ANGLE   =       486.7957  DIHED      =       908.3193
 1-4 NB =       274.7090  1-4 EEL =     -4511.1405  VDWAALS    =     23118.3334
 EELEC  =   -172022.6722  EHBOND  =         0.0000  RESTRAINT  =         0.0000
 ------------------------------------------------------------------------------


 NSTEP =     1650   TIME(PS) =      23.300  TEMP(K) =   224.44  PRESS =     0.0
 Etot   =   -132891.6890  EKtot   =     18619.6211  EPtot      =   -151511.3101
 BOND   =       187.7846  ANGLE   =       462.9259  DIHED      =       910.5920
 1-4 NB =       288.6732  1-4 EEL =     -4482.7716  VDWAALS    =     23134.9949
 EELEC  =   -172013.5090  EHBOND  =         0.0000  RESTRAINT  =         0.0000
 ------------------------------------------------------------------------------


 NSTEP =     1700   TIME(PS) =      23.400  TEMP(K) =   225.32  PRESS =     0.0
 Etot   =   -132724.0125  EKtot   =     18692.7539  EPtot      =   -151416.7664
 BOND   =       203.6920  ANGLE   =       460.7855  DIHED      =       908.3902
 1-4 NB =       291.0850  1-4 EEL =     -4521.7295  VDWAALS    =     23168.7301
 EELEC  =   -171927.7197  EHBOND  =         0.0000  RESTRAINT  =         0.0000
 ------------------------------------------------------------------------------


 NSTEP =     1750   TIME(PS) =      23.500  TEMP(K) =   224.71  PRESS =     0.0
 Etot   =   -132558.6999  EKtot   =     18642.5664  EPtot      =   -151201.2663
 BOND   =       187.7275  ANGLE   =       489.1610  DIHED      =       893.0331
 1-4 NB =       279.3593  1-4 EEL =     -4493.4638  VDWAALS    =     23017.7990
 EELEC  =   -171574.8824  EHBOND  =         0.0000  RESTRAINT  =         0.0000
 ------------------------------------------------------------------------------


 NSTEP =     1800   TIME(PS) =      23.600  TEMP(K) =   224.43  PRESS =     0.0
 Etot   =   -132392.0327  EKtot   =     18619.1426  EPtot      =   -151011.1753
 BOND   =       207.1880  ANGLE   =       477.9137  DIHED      =       894.7447
 1-4 NB =       280.1813  1-4 EEL =     -4490.6774  VDWAALS    =     22853.4068
 EELEC  =   -171233.9324  EHBOND  =         0.0000  RESTRAINT  =         0.0000
 ------------------------------------------------------------------------------


 NSTEP =     1850   TIME(PS) =      23.700  TEMP(K) =   225.63  PRESS =     0.0
 Etot   =   -132231.9165  EKtot   =     18718.3105  EPtot      =   -150950.2270
 BOND   =       226.6624  ANGLE   =       484.9012  DIHED      =       906.9458
 1-4 NB =       276.6006  1-4 EEL =     -4533.1226  VDWAALS    =     23046.3416
 EELEC  =   -171358.5561  EHBOND  =         0.0000  RESTRAINT  =         0.0000
 ------------------------------------------------------------------------------


 NSTEP =     1900   TIME(PS) =      23.800  TEMP(K) =   226.25  PRESS =     0.0
 Etot   =   -132072.9408  EKtot   =     18769.6719  EPtot      =   -150842.6127
 BOND   =       208.4361  ANGLE   =       486.5201  DIHED      =       905.7268
 1-4 NB =       281.6867  1-4 EEL =     -4515.1530  VDWAALS    =     22812.0161
 EELEC  =   -171021.8456  EHBOND  =         0.0000  RESTRAINT  =         0.0000
 ------------------------------------------------------------------------------


 NSTEP =     1950   TIME(PS) =      23.900  TEMP(K) =   227.99  PRESS =     0.0
 Etot   =   -131918.9336  EKtot   =     18914.5312  EPtot      =   -150833.4648
 BOND   =       208.1146  ANGLE   =       485.8285  DIHED      =       891.9003
 1-4 NB =       288.0568  1-4 EEL =     -4515.3998  VDWAALS    =     22937.1700
 EELEC  =   -171129.1353  EHBOND  =         0.0000  RESTRAINT  =         0.0000
 ------------------------------------------------------------------------------

check COM velocity, temp:        0.000004     0.00(Removed)

 NSTEP =     2000   TIME(PS) =      24.000  TEMP(K) =   227.21  PRESS =     0.0
 Etot   =   -131765.3693  EKtot   =     18849.4277  EPtot      =   -150614.7970
 BOND   =       203.9938  ANGLE   =       492.9733  DIHED      =       918.6402
 1-4 NB =       277.6759  1-4 EEL =     -4501.3167  VDWAALS    =     22814.1839
 EELEC  =   -170820.9474  EHBOND  =         0.0000  RESTRAINT  =         0.0000
 ------------------------------------------------------------------------------


 NSTEP =     2050   TIME(PS) =      24.100  TEMP(K) =   229.48  PRESS =     0.0
 Etot   =   -131616.3811  EKtot   =     19037.8594  EPtot      =   -150654.2404
 BOND   =       217.8987  ANGLE   =       483.9435  DIHED      =       898.7333
 1-4 NB =       274.4197  1-4 EEL =     -4486.2228  VDWAALS    =     22730.7944
 EELEC  =   -170773.8073  EHBOND  =         0.0000  RESTRAINT  =         0.0000
 ------------------------------------------------------------------------------


 NSTEP =     2100   TIME(PS) =      24.200  TEMP(K) =   228.47  PRESS =     0.0
 Etot   =   -131471.0997  EKtot   =     18954.3223  EPtot      =   -150425.4220
 BOND   =       228.9535  ANGLE   =       477.3550  DIHED      =       904.4030
 1-4 NB =       279.0442  1-4 EEL =     -4494.7153  VDWAALS    =     22757.8049
 EELEC  =   -170578.2674  EHBOND  =         0.0000  RESTRAINT  =         0.0000
 ------------------------------------------------------------------------------


 NSTEP =     2150   TIME(PS) =      24.300  TEMP(K) =   229.66  PRESS =     0.0
 Etot   =   -131327.1528  EKtot   =     19053.0039  EPtot      =   -150380.1567
 BOND   =       216.6703  ANGLE   =       494.6552  DIHED      =       889.9680
 1-4 NB =       279.5046  1-4 EEL =     -4478.3084  VDWAALS    =     22912.5249
 EELEC  =   -170695.1714  EHBOND  =         0.0000  RESTRAINT  =         0.0000
 ------------------------------------------------------------------------------


 NSTEP =     2200   TIME(PS) =      24.400  TEMP(K) =   229.02  PRESS =     0.0
 Etot   =   -131190.7948  EKtot   =     18999.6270  EPtot      =   -150190.4218
 BOND   =       220.2148  ANGLE   =       489.9469  DIHED      =       904.1299
 1-4 NB =       283.3330  1-4 EEL =     -4470.2682  VDWAALS    =     22758.8555
 EELEC  =   -170376.6337  EHBOND  =         0.0000  RESTRAINT  =         0.0000
 ------------------------------------------------------------------------------


 NSTEP =     2250   TIME(PS) =      24.500  TEMP(K) =   229.61  PRESS =     0.0
 Etot   =   -131050.3480  EKtot   =     19049.0000  EPtot      =   -150099.3480
 BOND   =       216.7329  ANGLE   =       485.9209  DIHED      =       922.1500
 1-4 NB =       281.6385  1-4 EEL =     -4528.0692  VDWAALS    =     22440.9586
 EELEC  =   -169918.6796  EHBOND  =         0.0000  RESTRAINT  =         0.0000
 ------------------------------------------------------------------------------


 NSTEP =     2300   TIME(PS) =      24.600  TEMP(K) =   229.26  PRESS =     0.0
 Etot   =   -130910.7499  EKtot   =     19019.8281  EPtot      =   -149930.5781
 BOND   =       202.8047  ANGLE   =       503.8030  DIHED      =       899.8173
 1-4 NB =       289.5329  1-4 EEL =     -4456.4157  VDWAALS    =     22584.1094
 EELEC  =   -169954.2297  EHBOND  =         0.0000  RESTRAINT  =         0.0000
 ------------------------------------------------------------------------------


 NSTEP =     2350   TIME(PS) =      24.700  TEMP(K) =   231.01  PRESS =     0.0
 Etot   =   -130780.0998  EKtot   =     19164.5469  EPtot      =   -149944.6467
 BOND   =       214.2799  ANGLE   =       515.0103  DIHED      =       906.8795
 1-4 NB =       272.8445  1-4 EEL =     -4497.8129  VDWAALS    =     22490.4300
 EELEC  =   -169846.2778  EHBOND  =         0.0000  RESTRAINT  =         0.0000
 ------------------------------------------------------------------------------


 NSTEP =     2400   TIME(PS) =      24.800  TEMP(K) =   231.26  PRESS =     0.0
 Etot   =   -130650.5127  EKtot   =     19185.8965  EPtot      =   -149836.4092
 BOND   =       196.4061  ANGLE   =       476.5235  DIHED      =       906.5651
 1-4 NB =       279.7044  1-4 EEL =     -4485.5455  VDWAALS    =     22219.5631
 EELEC  =   -169429.6260  EHBOND  =         0.0000  RESTRAINT  =         0.0000
 ------------------------------------------------------------------------------


 NSTEP =     2450   TIME(PS) =      24.900  TEMP(K) =   231.64  PRESS =     0.0
 Etot   =   -130519.2963  EKtot   =     19217.0059  EPtot      =   -149736.3022
 BOND   =       226.5964  ANGLE   =       495.6794  DIHED      =       898.4964
 1-4 NB =       284.2322  1-4 EEL =     -4531.9917  VDWAALS    =     22227.0725
 EELEC  =   -169336.3874  EHBOND  =         0.0000  RESTRAINT  =         0.0000
 ------------------------------------------------------------------------------


 NSTEP =     2500   TIME(PS) =      25.000  TEMP(K) =   231.97  PRESS =     0.0
 Etot   =   -130390.8155  EKtot   =     19244.3867  EPtot      =   -149635.2022
 BOND   =       223.9109  ANGLE   =       498.3244  DIHED      =       923.2486
 1-4 NB =       281.4503  1-4 EEL =     -4514.6296  VDWAALS    =     22600.2595
 EELEC  =   -169647.7662  EHBOND  =         0.0000  RESTRAINT  =         0.0000
 ------------------------------------------------------------------------------


 NSTEP =     2550   TIME(PS) =      25.100  TEMP(K) =   232.95  PRESS =     0.0
 Etot   =   -130267.8394  EKtot   =     19325.7910  EPtot      =   -149593.6304
 BOND   =       244.7513  ANGLE   =       486.2305  DIHED      =       904.8745
 1-4 NB =       277.0988  1-4 EEL =     -4504.8693  VDWAALS    =     22406.3142
 EELEC  =   -169408.0304  EHBOND  =         0.0000  RESTRAINT  =         0.0000
 ------------------------------------------------------------------------------


 NSTEP =     2600   TIME(PS) =      25.200  TEMP(K) =   231.58  PRESS =     0.0
 Etot   =   -130139.1677  EKtot   =     19212.3965  EPtot      =   -149351.5642
 BOND   =       215.7011  ANGLE   =       497.8863  DIHED      =       898.1383
 1-4 NB =       279.9013  1-4 EEL =     -4497.8584  VDWAALS    =     22182.2339
 EELEC  =   -168927.5668  EHBOND  =         0.0000  RESTRAINT  =         0.0000
 ------------------------------------------------------------------------------


 NSTEP =     2650   TIME(PS) =      25.300  TEMP(K) =   233.70  PRESS =     0.0
 Etot   =   -130015.8815  EKtot   =     19387.7344  EPtot      =   -149403.6159
 BOND   =       218.2868  ANGLE   =       501.5459  DIHED      =       912.7659
 1-4 NB =       292.1446  1-4 EEL =     -4494.4110  VDWAALS    =     22247.7598
 EELEC  =   -169081.7079  EHBOND  =         0.0000  RESTRAINT  =         0.0000
 ------------------------------------------------------------------------------


 NSTEP =     2700   TIME(PS) =      25.400  TEMP(K) =   233.82  PRESS =     0.0
 Etot   =   -129898.0744  EKtot   =     19397.7422  EPtot      =   -149295.8166
 BOND   =       213.5624  ANGLE   =       492.6404  DIHED      =       897.2330
 1-4 NB =       279.9951  1-4 EEL =     -4492.7557  VDWAALS    =     22001.0457
 EELEC  =   -168687.5375  EHBOND  =         0.0000  RESTRAINT  =         0.0000
 ------------------------------------------------------------------------------


 NSTEP =     2750   TIME(PS) =      25.500  TEMP(K) =   233.14  PRESS =     0.0
 Etot   =   -129775.6773  EKtot   =     19341.7988  EPtot      =   -149117.4761
 BOND   =       227.4964  ANGLE   =       493.6941  DIHED      =       910.2619
 1-4 NB =       287.9596  1-4 EEL =     -4520.1652  VDWAALS    =     22060.8422
 EELEC  =   -168577.5651  EHBOND  =         0.0000  RESTRAINT  =         0.0000
 ------------------------------------------------------------------------------


 NSTEP =     2800   TIME(PS) =      25.600  TEMP(K) =   234.33  PRESS =     0.0
 Etot   =   -129654.4466  EKtot   =     19439.9746  EPtot      =   -149094.4212
 BOND   =       222.7573  ANGLE   =       511.1873  DIHED      =       900.6694
 1-4 NB =       287.5613  1-4 EEL =     -4533.0537  VDWAALS    =     21977.7827
 EELEC  =   -168461.3256  EHBOND  =         0.0000  RESTRAINT  =         0.0000
 ------------------------------------------------------------------------------


 NSTEP =     2850   TIME(PS) =      25.700  TEMP(K) =   234.58  PRESS =     0.0
 Etot   =   -129538.9022  EKtot   =     19461.2988  EPtot      =   -149000.2010
 BOND   =       233.4983  ANGLE   =       516.6247  DIHED      =       909.8125
 1-4 NB =       271.0008  1-4 EEL =     -4522.6357  VDWAALS    =     21783.7556
 EELEC  =   -168192.2571  EHBOND  =         0.0000  RESTRAINT  =         0.0000
 ------------------------------------------------------------------------------


 NSTEP =     2900   TIME(PS) =      25.800  TEMP(K) =   234.93  PRESS =     0.0
 Etot   =   -129426.9726  EKtot   =     19490.4375  EPtot      =   -148917.4101
 BOND   =       223.5763  ANGLE   =       504.5536  DIHED      =       935.5949
 1-4 NB =       293.3182  1-4 EEL =     -4508.6517  VDWAALS    =     21751.2543
 EELEC  =   -168117.0556  EHBOND  =         0.0000  RESTRAINT  =         0.0000
 ------------------------------------------------------------------------------


 NSTEP =     2950   TIME(PS) =      25.900  TEMP(K) =   235.87  PRESS =     0.0
 Etot   =   -129318.0903  EKtot   =     19567.9805  EPtot      =   -148886.0708
 BOND   =       232.5140  ANGLE   =       502.5668  DIHED      =       916.2832
 1-4 NB =       279.0341  1-4 EEL =     -4504.4858  VDWAALS    =     21966.6568
 EELEC  =   -168278.6399  EHBOND  =         0.0000  RESTRAINT  =         0.0000
 ------------------------------------------------------------------------------

check COM velocity, temp:        0.000001     0.00(Removed)

 NSTEP =     3000   TIME(PS) =      26.000  TEMP(K) =   236.06  PRESS =     0.0
 Etot   =   -129214.7371  EKtot   =     19584.1816  EPtot      =   -148798.9187
 BOND   =       231.5388  ANGLE   =       511.1865  DIHED      =       899.5019
 1-4 NB =       287.3349  1-4 EEL =     -4520.3584  VDWAALS    =     22083.8615
 EELEC  =   -168291.9839  EHBOND  =         0.0000  RESTRAINT  =         0.0000
 ------------------------------------------------------------------------------


 NSTEP =     3050   TIME(PS) =      26.100  TEMP(K) =   235.40  PRESS =     0.0
 Etot   =   -129111.9365  EKtot   =     19529.4004  EPtot      =   -148641.3369
 BOND   =       237.4416  ANGLE   =       502.6225  DIHED      =       902.8967
 1-4 NB =       281.6235  1-4 EEL =     -4533.5119  VDWAALS    =     21924.8137
 EELEC  =   -167957.2229  EHBOND  =         0.0000  RESTRAINT  =         0.0000
 ------------------------------------------------------------------------------


 NSTEP =     3100   TIME(PS) =      26.200  TEMP(K) =   236.81  PRESS =     0.0
 Etot   =   -129005.3195  EKtot   =     19646.1484  EPtot      =   -148651.4679
 BOND   =       225.2731  ANGLE   =       494.0304  DIHED      =       924.5642
 1-4 NB =       281.8084  1-4 EEL =     -4530.8644  VDWAALS    =     21564.4582
 EELEC  =   -167610.7379  EHBOND  =         0.0000  RESTRAINT  =         0.0000
 ------------------------------------------------------------------------------


 NSTEP =     3150   TIME(PS) =      26.300  TEMP(K) =   236.77  PRESS =     0.0
 Etot   =   -128903.9425  EKtot   =     19642.8145  EPtot      =   -148546.7570
 BOND   =       226.8796  ANGLE   =       524.8737  DIHED      =       905.1158
 1-4 NB =       287.1308  1-4 EEL =     -4525.7913  VDWAALS    =     21639.8130
 EELEC  =   -167604.7785  EHBOND  =         0.0000  RESTRAINT  =         0.0000
 ------------------------------------------------------------------------------


 NSTEP =     3200   TIME(PS) =      26.400  TEMP(K) =   235.27  PRESS =     0.0
 Etot   =   -128801.5401  EKtot   =     19518.3340  EPtot      =   -148319.8741
 BOND   =       232.5883  ANGLE   =       509.1999  DIHED      =       912.7307
 1-4 NB =       280.7263  1-4 EEL =     -4531.2828  VDWAALS    =     21368.4560
 EELEC  =   -167092.2924  EHBOND  =         0.0000  RESTRAINT  =         0.0000
 ------------------------------------------------------------------------------


 NSTEP =     3250   TIME(PS) =      26.500  TEMP(K) =   235.56  PRESS =     0.0
 Etot   =   -128699.9827  EKtot   =     19542.6680  EPtot      =   -148242.6507
 BOND   =       225.8785  ANGLE   =       507.0655  DIHED      =       909.5197
 1-4 NB =       272.6864  1-4 EEL =     -4502.2911  VDWAALS    =     21556.1278
 EELEC  =   -167211.6375  EHBOND  =         0.0000  RESTRAINT  =         0.0000
 ------------------------------------------------------------------------------


 NSTEP =     3300   TIME(PS) =      26.600  TEMP(K) =   236.16  PRESS =     0.0
 Etot   =   -128601.8784  EKtot   =     19591.9238  EPtot      =   -148193.8022
 BOND   =       227.1956  ANGLE   =       492.2029  DIHED      =       903.7529
 1-4 NB =       282.0248  1-4 EEL =     -4507.9423  VDWAALS    =     21700.9323
 EELEC  =   -167291.9684  EHBOND  =         0.0000  RESTRAINT  =         0.0000
 ------------------------------------------------------------------------------


 NSTEP =     3350   TIME(PS) =      26.700  TEMP(K) =   236.07  PRESS =     0.0
 Etot   =   -128501.4035  EKtot   =     19584.4297  EPtot      =   -148085.8332
 BOND   =       229.8512  ANGLE   =       484.7694  DIHED      =       903.1113
 1-4 NB =       284.7273  1-4 EEL =     -4483.9488  VDWAALS    =     21309.8999
 EELEC  =   -166814.2434  EHBOND  =         0.0000  RESTRAINT  =         0.0000
 ------------------------------------------------------------------------------


 NSTEP =     3400   TIME(PS) =      26.800  TEMP(K) =   237.77  PRESS =     0.0
 Etot   =   -128406.5502  EKtot   =     19725.4082  EPtot      =   -148131.9584
 BOND   =       227.6672  ANGLE   =       509.1448  DIHED      =       916.6507
 1-4 NB =       281.5462  1-4 EEL =     -4536.6734  VDWAALS    =     21361.2907
 EELEC  =   -166891.5847  EHBOND  =         0.0000  RESTRAINT  =         0.0000
 ------------------------------------------------------------------------------


 NSTEP =     3450   TIME(PS) =      26.900  TEMP(K) =   237.26  PRESS =     0.0
 Etot   =   -128312.0171  EKtot   =     19683.5352  EPtot      =   -147995.5523
 BOND   =       227.9622  ANGLE   =       509.7938  DIHED      =       905.8757
 1-4 NB =       279.0330  1-4 EEL =     -4503.0805  VDWAALS    =     21642.9102
 EELEC  =   -167058.0467  EHBOND  =         0.0000  RESTRAINT  =         0.0000
 ------------------------------------------------------------------------------


 NSTEP =     3500   TIME(PS) =      27.000  TEMP(K) =   238.12  PRESS =     0.0
 Etot   =   -128219.2121  EKtot   =     19754.9746  EPtot      =   -147974.1867
 BOND   =       228.7257  ANGLE   =       496.9310  DIHED      =       912.1642
 1-4 NB =       286.8642  1-4 EEL =     -4531.2488  VDWAALS    =     21407.1198
 EELEC  =   -166774.7428  EHBOND  =         0.0000  RESTRAINT  =         0.0000
 ------------------------------------------------------------------------------


 NSTEP =     3550   TIME(PS) =      27.100  TEMP(K) =   238.00  PRESS =     0.0
 Etot   =   -128132.1466  EKtot   =     19744.7598  EPtot      =   -147876.9064
 BOND   =       221.8699  ANGLE   =       520.0070  DIHED      =       891.7413
 1-4 NB =       278.6317  1-4 EEL =     -4518.2283  VDWAALS    =     21409.8706
 EELEC  =   -166680.7985  EHBOND  =         0.0000  RESTRAINT  =         0.0000
 ------------------------------------------------------------------------------


 NSTEP =     3600   TIME(PS) =      27.200  TEMP(K) =   239.82  PRESS =     0.0
 Etot   =   -128046.9066  EKtot   =     19896.0020  EPtot      =   -147942.9086
 BOND   =       216.2711  ANGLE   =       512.5381  DIHED      =       895.0824
 1-4 NB =       285.4253  1-4 EEL =     -4486.0998  VDWAALS    =     21318.0178
 EELEC  =   -166684.1436  EHBOND  =         0.0000  RESTRAINT  =         0.0000
 ------------------------------------------------------------------------------


 NSTEP =     3650   TIME(PS) =      27.300  TEMP(K) =   239.51  PRESS =     0.0
 Etot   =   -127960.7073  EKtot   =     19869.8457  EPtot      =   -147830.5530
 BOND   =       242.5710  ANGLE   =       497.6406  DIHED      =       915.9483
 1-4 NB =       271.8987  1-4 EEL =     -4473.2350  VDWAALS    =     21426.4635
 EELEC  =   -166711.8401  EHBOND  =         0.0000  RESTRAINT  =         0.0000
 ------------------------------------------------------------------------------


 NSTEP =     3700   TIME(PS) =      27.400  TEMP(K) =   240.11  PRESS =     0.0
 Etot   =   -127877.3052  EKtot   =     19919.9941  EPtot      =   -147797.2994
 BOND   =       236.3299  ANGLE   =       516.4434  DIHED      =       896.2991
 1-4 NB =       285.4658  1-4 EEL =     -4502.5400  VDWAALS    =     21315.1206
 EELEC  =   -166544.4182  EHBOND  =         0.0000  RESTRAINT  =         0.0000
 ------------------------------------------------------------------------------


 NSTEP =     3750   TIME(PS) =      27.500  TEMP(K) =   239.50  PRESS =     0.0
 Etot   =   -127795.1744  EKtot   =     19869.5977  EPtot      =   -147664.7720
 BOND   =       233.0460  ANGLE   =       522.5771  DIHED      =       912.3051
 1-4 NB =       291.2910  1-4 EEL =     -4529.9166  VDWAALS    =     21201.5226
 EELEC  =   -166295.5972  EHBOND  =         0.0000  RESTRAINT  =         0.0000
 ------------------------------------------------------------------------------


 NSTEP =     3800   TIME(PS) =      27.600  TEMP(K) =   241.58  PRESS =     0.0
 Etot   =   -127710.8987  EKtot   =     20041.7578  EPtot      =   -147752.6565
 BOND   =       237.0601  ANGLE   =       518.7262  DIHED      =       907.7631
 1-4 NB =       285.6769  1-4 EEL =     -4493.5129  VDWAALS    =     21193.8315
 EELEC  =   -166402.2015  EHBOND  =         0.0000  RESTRAINT  =         0.0000
 ------------------------------------------------------------------------------


 NSTEP =     3850   TIME(PS) =      27.700  TEMP(K) =   241.60  PRESS =     0.0
 Etot   =   -127636.9197  EKtot   =     20043.7910  EPtot      =   -147680.7107
 BOND   =       238.7720  ANGLE   =       507.8901  DIHED      =       906.5052
 1-4 NB =       278.4523  1-4 EEL =     -4520.2781  VDWAALS    =     21388.0653
 EELEC  =   -166480.1174  EHBOND  =         0.0000  RESTRAINT  =         0.0000
 ------------------------------------------------------------------------------


 NSTEP =     3900   TIME(PS) =      27.800  TEMP(K) =   241.68  PRESS =     0.0
 Etot   =   -127564.5016  EKtot   =     20049.8633  EPtot      =   -147614.3649
 BOND   =       221.3448  ANGLE   =       520.9678  DIHED      =       912.3822
 1-4 NB =       282.5015  1-4 EEL =     -4480.7358  VDWAALS    =     21206.7457
 EELEC  =   -166277.5709  EHBOND  =         0.0000  RESTRAINT  =         0.0000
 ------------------------------------------------------------------------------


 NSTEP =     3950   TIME(PS) =      27.900  TEMP(K) =   241.10  PRESS =     0.0
 Etot   =   -127487.4103  EKtot   =     20001.7129  EPtot      =   -147489.1232
 BOND   =       229.6191  ANGLE   =       519.4505  DIHED      =       900.2820
 1-4 NB =       287.6413  1-4 EEL =     -4478.0323  VDWAALS    =     21158.0116
 EELEC  =   -166106.0954  EHBOND  =         0.0000  RESTRAINT  =         0.0000
 ------------------------------------------------------------------------------

check COM velocity, temp:        0.000003     0.00(Removed)

 NSTEP =     4000   TIME(PS) =      28.000  TEMP(K) =   241.46  PRESS =     0.0
 Etot   =   -127414.6700  EKtot   =     20032.1543  EPtot      =   -147446.8243
 BOND   =       233.6760  ANGLE   =       516.8028  DIHED      =       895.3677
 1-4 NB =       291.1091  1-4 EEL =     -4483.5328  VDWAALS    =     21333.0544
 EELEC  =   -166233.3015  EHBOND  =         0.0000  RESTRAINT  =         0.0000
 ------------------------------------------------------------------------------


      A V E R A G E S   O V E R      80 S T E P S


 NSTEP =     4000   TIME(PS) =      28.000  TEMP(K) =   223.69  PRESS =     0.0
 Etot   =   -132504.7567  EKtot   =     18557.5753  EPtot      =   -151062.3320
 BOND   =       206.2433  ANGLE   =       476.5009  DIHED      =       902.2084
 1-4 NB =       281.2122  1-4 EEL =     -4500.9988  VDWAALS    =     22887.8100
 EELEC  =   -171315.3080  EHBOND  =         0.0000  RESTRAINT  =         0.0000
 ------------------------------------------------------------------------------


      R M S  F L U C T U A T I O N S


 NSTEP =     4000   TIME(PS) =      28.000  TEMP(K) =    14.46  PRESS =     0.0
 Etot   =      3853.3867  EKtot   =      1199.6694  EPtot      =      2662.7849
 BOND   =        23.8566  ANGLE   =        33.7623  DIHED      =         9.9365
 1-4 NB =         5.3121  1-4 EEL =        18.3929  VDWAALS    =      1202.8138
 EELEC  =      3804.0045  EHBOND  =         0.0000  RESTRAINT  =         0.0000
 ------------------------------------------------------------------------------

--------------------------------------------------------------------------------
   5.  TIMINGS
--------------------------------------------------------------------------------

|  NonSetup CPU Time in Major Routines:
|
|     Routine           Sec        %
|     ------------------------------
|     Nonbond           3.61   11.87
|     Bond              0.00    0.00
|     Angle             0.00    0.00
|     Dihedral          0.00    0.00
|     Shake             0.03    0.09
|     RunMD            26.75   88.01
|     Other             0.01    0.03
|     ------------------------------
|     Total            30.40

|  PME Nonbond Pairlist CPU Time:
|
|     Routine              Sec        %
|     ---------------------------------
|     Set Up Cit           0.00    0.00
|     Build List           0.00    0.00
|     ---------------------------------
|     Total                0.00    0.00

|  PME Direct Force CPU Time:
|
|     Routine              Sec        %
|     ---------------------------------
|     NonBonded Calc       0.00    0.00
|     Exclude Masked       0.00    0.00
|     Other                0.01    0.02
|     ---------------------------------
|     Total                0.01    0.02

|  PME Reciprocal Force CPU Time:
|
|     Routine              Sec        %
|     ---------------------------------
|     1D bspline           0.00    0.00
|     Grid Charges         0.00    0.00
|     Scalar Sum           0.00    0.00
|     Gradient Sum         0.00    0.00
|     FFT                  0.00    0.00
|     ---------------------------------
|     Total                0.00    0.00

|  Final Performance Info:
|     -----------------------------------------------------
|     Average timings for last    3950 steps:
|     Elapsed(s) =      30.19 Per Step(ms) =       7.64
|         ns/day =      22.61   seconds/ns =    3821.54
|
|     Average timings for all steps:
|     Elapsed(s) =      30.95 Per Step(ms) =       7.74
|         ns/day =      22.34   seconds/ns =    3868.16
|     -----------------------------------------------------

|  Setup CPU time:            1.58 seconds
|  NonSetup CPU time:        30.40 seconds
|  Total CPU time:           31.98 seconds     0.01 hours

|  Setup wall time:           2    seconds
|  NonSetup wall time:       31    seconds
|  Total wall time:          33    seconds     0.01 hours
