
          -------------------------------------------------------
          Amber 16 PMEMD                              2016
          -------------------------------------------------------

| PMEMD implementation of SANDER, Release 16

| Run on 05/25/2024 at 20:14:01

|   Executable path: pmemd.cuda
| Working directory: /home/students/keyq/fuben/input/10/nLA10
|          Hostname: master

  [-O]verwriting output

File Assignments:
|   MDIN: min1.in                                                               
|  MDOUT: cmp_min1.out                                                          
| INPCRD: cmp.inpcrd                                                            
|   PARM: cmp.prmtop                                                            
| RESTRT: cmp_min1.rst                                                          
|   REFC: cmp.inpcrd                                                            
|  MDVEL: mdvel                                                                 
|   MDEN: mden                                                                  
|  MDCRD: mdcrd                                                                 
| MDINFO: mdinfo                                                                
|  MDFRC: mdfrc                                                                 


 Here is the input file:

Initial minimisation of our structures                                         
 &cntrl                                                                        
  imin=1, maxcyc=4000, ncyc=2000,                                              
  cut=10, ntb=1,ntr=1,                                                         
  restraint_wt=2.0                                                             
  restraintmask=':1-554'                                                       
/                                                                              


Note: ig = -1. Setting random seed to   445821 based on wallclock time in 
      microseconds.
 
|--------------------- INFORMATION ----------------------
| GPU (CUDA) Version of PMEMD in use: NVIDIA GPU IN USE.
|                    Version 16.0.0
| 
|                      02/25/2016
| 
| Implementation by:
|                    Ross C. Walker     (SDSC)
|                    Scott Le Grand     (nVIDIA)
| 
| Precision model in use:
|      [SPFP] - Single Precision Forces, 64-bit Fixed Point
|               Accumulation. (Default)
| 
|--------------------------------------------------------
 
|----------------- CITATION INFORMATION -----------------
|
|    When publishing work that utilized the CUDA version
|    of AMBER, please cite the following in addition to
|    the regular AMBER citations:
|
|  - Romelia Salomon-Ferrer; Andreas W. Goetz; Duncan
|    Poole; Scott Le Grand; Ross C. Walker "Routine
|    microsecond molecular dynamics simulations with
|    AMBER - Part II: Particle Mesh Ewald", J. Chem.
|    Theory Comput., 2013, 9 (9), pp3878-3888,
|    DOI: 10.1021/ct400314y.
|
|  - Andreas W. Goetz; Mark J. Williamson; Dong Xu;
|    Duncan Poole; Scott Le Grand; Ross C. Walker
|    "Routine microsecond molecular dynamics simulations
|    with AMBER - Part I: Generalized Born", J. Chem.
|    Theory Comput., 2012, 8 (5), pp1542-1555.
|
|  - Scott Le Grand; Andreas W. Goetz; Ross C. Walker
|    "SPFP: Speed without compromise - a mixed precision
|    model for GPU accelerated molecular dynamics
|    simulations.", Comp. Phys. Comm., 2013, 184
|    pp374-380, DOI: 10.1016/j.cpc.2012.09.022
|
|--------------------------------------------------------
 
|------------------- GPU DEVICE INFO --------------------
|
|            CUDA_VISIBLE_DEVICES: 0
|   CUDA Capable Devices Detected:      1
|           CUDA Device ID in use:      0
|                CUDA Device Name: Tesla V100-PCIE-32GB
|     CUDA Device Global Mem Size:  32510 MB
| CUDA Device Num Multiprocessors:     80
|           CUDA Device Core Freq:   1.38 GHz
|
|--------------------------------------------------------
 
 
| Conditional Compilation Defines Used:
| PUBFFT
| BINTRAJ
| CUDA
| EMIL

| Largest sphere to fit in unit cell has radius =    31.714

| New format PARM file being parsed.
| Version =    1.000 Date = 08/25/20 Time = 11:15:14

| Note: 1-4 EEL scale factors are being read from the topology file.

| Note: 1-4 VDW scale factors are being read from the topology file.
| Duplicated    0 dihedrals

| Duplicated    0 dihedrals

--------------------------------------------------------------------------------
   1.  RESOURCE   USE: 
--------------------------------------------------------------------------------

 getting new box info from bottom of inpcrd
 NATOM  =   31725 NTYPES =      18 NBONH =   31002 MBONA  =     774
 NTHETH =     892 MTHETA =    1191 NPHIH =    1828 MPHIA  =    2451
 NHPARM =       0 NPARM  =       0 NNB   =   46817 NRES   =   10274
 NBONA  =     774 NTHETA =    1191 NPHIA =    2451 NUMBND =      61
 NUMANG =     127 NPTRA  =      75 NATYP =      34 NPHB   =       1
 IFBOX  =       2 NMXRS  =      33 IFCAP =       0 NEXTRA =       0
 NCOPY  =       0

| Coordinate Index Table dimensions:    12   12   12
| Direct force subcell size =     6.4736    6.4736    6.4736

     BOX TYPE: TRUNCATED OCTAHEDRON

--------------------------------------------------------------------------------
   2.  CONTROL  DATA  FOR  THE  RUN
--------------------------------------------------------------------------------

default_name                                                                    

General flags:
     imin    =       1, nmropt  =       0

Nature and format of input:
     ntx     =       1, irest   =       0, ntrx    =       1

Nature and format of output:
     ntxo    =       2, ntpr    =      50, ntrx    =       1, ntwr    =       1
     iwrap   =       0, ntwx    =       0, ntwv    =       0, ntwe    =       0
     ioutfm  =       1, ntwprt  =       0, idecomp =       0, rbornstat=      0

Potential function:
     ntf     =       1, ntb     =       1, igb     =       0, nsnb    =      25
     ipol    =       0, gbsa    =       0, iesp    =       0
     dielc   =   1.00000, cut     =  10.00000, intdiel =   1.00000

Frozen or restrained atoms:
     ibelly  =       0, ntr     =       1
     restraint_wt =   2.00000

Energy minimization:
     maxcyc  =    4000, ncyc    =    2000, ntmin   =       1
     dx0     =   0.01000, drms    =   0.00010

| Intermolecular bonds treatment:
|     no_intermolecular_bonds =       1

| Energy averages sample interval:
|     ene_avg_sampling =       1

Ewald parameters:
     verbose =       0, ew_type =       0, nbflag  =       1, use_pme =       1
     vdwmeth =       1, eedmeth =       1, netfrc  =       0
     Box X =   77.684   Box Y =   77.684   Box Z =   77.684
     Alpha =  109.471   Beta  =  109.471   Gamma =  109.471
     NFFT1 =   80       NFFT2 =   80       NFFT3 =   80
     Cutoff=   10.000   Tol   =0.100E-04
     Ewald Coefficient =  0.27511
     Interpolation order =    4

    LOADING THE CONSTRAINED ATOMS AS GROUPS


   5.  REFERENCE ATOM COORDINATES

  default_name                                                                    
     Mask :1-554; matches  2565 atoms

--------------------------------------------------------------------------------
   3.  ATOMIC COORDINATES AND VELOCITIES
--------------------------------------------------------------------------------

default_name                                                                    
 begin time read from input coords =     0.000 ps

 
 Number of triangulated 3-point waters found:    10208

     Sum of charges from parm topology file =   0.00000018
     Forcing neutrality...

| Dynamic Memory, Types Used:
| Reals              969789
| Integers           806004

| Nonbonded Pairs Initial Allocation:     9596019

| GPU memory information (estimate):
| KB of GPU memory in use:    167010
| KB of CPU memory in use:     55878

--------------------------------------------------------------------------------
   4.  RESULTS
--------------------------------------------------------------------------------

 ---------------------------------------------------
 APPROXIMATING switch and d/dx switch using CUBIC SPLINE INTERPOLATION
 using   5000.0 points per unit in tabled values
 TESTING RELATIVE ERROR over r ranging from 0.0 to cutoff
| CHECK switch(x): max rel err =   0.2738E-14   at   2.422500
| CHECK d/dx switch(x): max rel err =   0.8314E-11   at   2.736960
 ---------------------------------------------------
|---------------------------------------------------
| APPROXIMATING direct energy using CUBIC SPLINE INTERPOLATION
|  with   50.0 points per unit in tabled values
| Relative Error Limit not exceeded for r .gt.   2.33
| APPROXIMATING direct force using CUBIC SPLINE INTERPOLATION
|  with   50.0 points per unit in tabled values
| Relative Error Limit not exceeded for r .gt.   2.80
|---------------------------------------------------


   NSTEP       ENERGY          RMS            GMAX         NAME    NUMBER
      1       1.3278E+09     2.9828E+02     2.4755E+04     C2        428

 BOND    =       56.1211  ANGLE   =     3840.7890  DIHED      =      904.6821
 VDWAALS = *************  EEL     =  -101510.0840  HBOND      =        0.0000
 1-4 VDW =     3078.9678  1-4 EEL =    -3809.0853  RESTRAINT  =        0.0000


   NSTEP       ENERGY          RMS            GMAX         NAME    NUMBER
     50       1.3308E+09     2.9801E+02     2.4877E+04     C2        428

 BOND    =       56.1172  ANGLE   =     3840.2199  DIHED      =      904.6760
 VDWAALS = *************  EEL     =  -101514.0234  HBOND      =        0.0000
 1-4 VDW =     3059.5718  1-4 EEL =    -3809.0439  RESTRAINT  =        0.0002
 EAMBER  = *************


   NSTEP       ENERGY          RMS            GMAX         NAME    NUMBER
    100       1.3308E+09     2.9800E+02     2.4880E+04     C2        428

 BOND    =       56.1181  ANGLE   =     3840.2076  DIHED      =      904.6759
 VDWAALS = *************  EEL     =  -101514.1099  HBOND      =        0.0000
 1-4 VDW =     3059.1545  1-4 EEL =    -3809.0430  RESTRAINT  =        0.0002
 EAMBER  = *************


   NSTEP       ENERGY          RMS            GMAX         NAME    NUMBER
    150       1.3309E+09     2.9800E+02     2.4882E+04     C2        428

 BOND    =       56.1190  ANGLE   =     3840.1960  DIHED      =      904.6758
 VDWAALS = *************  EEL     =  -101514.1888  HBOND      =        0.0000
 1-4 VDW =     3058.7630  1-4 EEL =    -3809.0422  RESTRAINT  =        0.0002
 EAMBER  = *************


   NSTEP       ENERGY          RMS            GMAX         NAME    NUMBER
    200       1.3310E+09     2.9799E+02     2.4885E+04     C2        428

 BOND    =       56.1200  ANGLE   =     3840.1836  DIHED      =      904.6757
 VDWAALS = *************  EEL     =  -101514.2710  HBOND      =        0.0000
 1-4 VDW =     3058.3461  1-4 EEL =    -3809.0413  RESTRAINT  =        0.0002
 EAMBER  = *************


   NSTEP       ENERGY          RMS            GMAX         NAME    NUMBER
    250       1.3311E+09     2.9799E+02     2.4887E+04     C2        428

 BOND    =       56.1209  ANGLE   =     3840.1728  DIHED      =      904.6756
 VDWAALS = *************  EEL     =  -101514.3446  HBOND      =        0.0000
 1-4 VDW =     3057.9805  1-4 EEL =    -3809.0405  RESTRAINT  =        0.0002
 EAMBER  = *************


   NSTEP       ENERGY          RMS            GMAX         NAME    NUMBER
    300       1.3311E+09     2.9798E+02     2.4889E+04     C2        428

 BOND    =       56.1218  ANGLE   =     3840.1630  DIHED      =      904.6755
 VDWAALS = *************  EEL     =  -101514.4135  HBOND      =        0.0000
 1-4 VDW =     3057.6516  1-4 EEL =    -3809.0397  RESTRAINT  =        0.0002
 EAMBER  = *************


   NSTEP       ENERGY          RMS            GMAX         NAME    NUMBER
    350       1.3312E+09     2.9798E+02     2.4892E+04     C2        428

 BOND    =       56.1228  ANGLE   =     3840.1515  DIHED      =      904.6754
 VDWAALS = *************  EEL     =  -101514.4930  HBOND      =        0.0000
 1-4 VDW =     3057.2629  1-4 EEL =    -3809.0389  RESTRAINT  =        0.0002
 EAMBER  = *************


   NSTEP       ENERGY          RMS            GMAX         NAME    NUMBER
    400       1.3312E+09     2.9797E+02     2.4894E+04     C2        428

 BOND    =       56.1237  ANGLE   =     3840.1417  DIHED      =      904.6753
 VDWAALS = *************  EEL     =  -101514.5602  HBOND      =        0.0000
 1-4 VDW =     3056.9321  1-4 EEL =    -3809.0382  RESTRAINT  =        0.0002
 EAMBER  = *************


   NSTEP       ENERGY          RMS            GMAX         NAME    NUMBER
    450       1.3313E+09     2.9797E+02     2.4897E+04     C2        428

 BOND    =       56.1251  ANGLE   =     3840.1269  DIHED      =      904.6752
 VDWAALS = *************  EEL     =  -101514.6647  HBOND      =        0.0000
 1-4 VDW =     3056.4334  1-4 EEL =    -3809.0371  RESTRAINT  =        0.0002
 EAMBER  = *************


   NSTEP       ENERGY          RMS            GMAX         NAME    NUMBER
    500       1.3314E+09     2.9796E+02     2.4900E+04     C2        428

 BOND    =       56.1265  ANGLE   =     3840.1133  DIHED      =      904.6751
 VDWAALS = *************  EEL     =  -101514.7613  HBOND      =        0.0000
 1-4 VDW =     3055.9768  1-4 EEL =    -3809.0361  RESTRAINT  =        0.0002
 EAMBER  = *************


   NSTEP       ENERGY          RMS            GMAX         NAME    NUMBER
    550       1.3314E+09     2.9796E+02     2.4903E+04     C2        428

 BOND    =       56.1279  ANGLE   =     3840.1002  DIHED      =      904.6749
 VDWAALS = *************  EEL     =  -101514.8554  HBOND      =        0.0000
 1-4 VDW =     3055.5347  1-4 EEL =    -3809.0352  RESTRAINT  =        0.0002
 EAMBER  = *************


   NSTEP       ENERGY          RMS            GMAX         NAME    NUMBER
    600       1.3316E+09     2.9795E+02     2.4905E+04     C2        428

 BOND    =       56.1291  ANGLE   =     3840.0887  DIHED      =      904.6749
 VDWAALS = *************  EEL     =  -101514.9354  HBOND      =        0.0000
 1-4 VDW =     3055.1470  1-4 EEL =    -3809.0343  RESTRAINT  =        0.0003
 EAMBER  = *************


   NSTEP       ENERGY          RMS            GMAX         NAME    NUMBER
    650       1.3317E+09     2.9795E+02     2.4908E+04     C2        428

 BOND    =       56.1306  ANGLE   =     3840.0747  DIHED      =      904.6747
 VDWAALS = *************  EEL     =  -101515.0330  HBOND      =        0.0000
 1-4 VDW =     3054.6787  1-4 EEL =    -3809.0333  RESTRAINT  =        0.0003
 EAMBER  = *************


   NSTEP       ENERGY          RMS            GMAX         NAME    NUMBER
    700       1.3317E+09     2.9794E+02     2.4911E+04     C2        428

 BOND    =       56.1320  ANGLE   =     3840.0633  DIHED      =      904.6747
 VDWAALS = *************  EEL     =  -101515.1137  HBOND      =        0.0000
 1-4 VDW =     3054.2942  1-4 EEL =    -3809.0325  RESTRAINT  =        0.0003
 EAMBER  = *************


   NSTEP       ENERGY          RMS            GMAX         NAME    NUMBER
    750       1.3317E+09     2.9794E+02     2.4914E+04     C2        428

 BOND    =       56.1335  ANGLE   =     3840.0503  DIHED      =      904.6746
 VDWAALS = *************  EEL     =  -101515.2071  HBOND      =        0.0000
 1-4 VDW =     3053.8562  1-4 EEL =    -3809.0315  RESTRAINT  =        0.0003
 EAMBER  = *************


   NSTEP       ENERGY          RMS            GMAX         NAME    NUMBER
    800       1.3318E+09     2.9793E+02     2.4916E+04     C2        428

 BOND    =       56.1349  ANGLE   =     3840.0389  DIHED      =      904.6745
 VDWAALS = *************  EEL     =  -101515.2885  HBOND      =        0.0000
 1-4 VDW =     3053.4759  1-4 EEL =    -3809.0307  RESTRAINT  =        0.0003
 EAMBER  = *************


   NSTEP       ENERGY          RMS            GMAX         NAME    NUMBER
    850       1.3319E+09     2.9793E+02     2.4919E+04     C2        428

 BOND    =       56.1365  ANGLE   =     3840.0261  DIHED      =      904.6744
 VDWAALS = *************  EEL     =  -101515.3768  HBOND      =        0.0000
 1-4 VDW =     3053.0438  1-4 EEL =    -3809.0297  RESTRAINT  =        0.0003
 EAMBER  = *************


   NSTEP       ENERGY          RMS            GMAX         NAME    NUMBER
    900       1.3320E+09     2.9793E+02     2.4921E+04     C2        428

 BOND    =       56.1379  ANGLE   =     3840.0147  DIHED      =      904.6743
 VDWAALS = *************  EEL     =  -101515.4540  HBOND      =        0.0000
 1-4 VDW =     3052.6629  1-4 EEL =    -3809.0289  RESTRAINT  =        0.0003
 EAMBER  = *************


   NSTEP       ENERGY          RMS            GMAX         NAME    NUMBER
    950       1.3321E+09     2.9792E+02     2.4924E+04     C2        428

 BOND    =       56.1395  ANGLE   =     3840.0027  DIHED      =      904.6742
 VDWAALS = *************  EEL     =  -101515.5389  HBOND      =        0.0000
 1-4 VDW =     3052.2596  1-4 EEL =    -3809.0280  RESTRAINT  =        0.0003
 EAMBER  = *************


   NSTEP       ENERGY          RMS            GMAX         NAME    NUMBER
   1000       1.3322E+09     2.9791E+02     2.4928E+04     C2        428

 BOND    =       56.1417  ANGLE   =     3839.9864  DIHED      =      904.6741
 VDWAALS = *************  EEL     =  -101515.6528  HBOND      =        0.0000
 1-4 VDW =     3051.7130  1-4 EEL =    -3809.0268  RESTRAINT  =        0.0003
 EAMBER  = *************


   NSTEP       ENERGY          RMS            GMAX         NAME    NUMBER
   1050       1.3322E+09     2.9791E+02     2.4930E+04     C2        428

 BOND    =       56.1435  ANGLE   =     3839.9739  DIHED      =      904.6740
 VDWAALS = *************  EEL     =  -101515.7415  HBOND      =        0.0000
 1-4 VDW =     3051.2912  1-4 EEL =    -3809.0259  RESTRAINT  =        0.0003
 EAMBER  = *************


   NSTEP       ENERGY          RMS            GMAX         NAME    NUMBER
   1100       1.3323E+09     2.9791E+02     2.4933E+04     C2        428

 BOND    =       56.1456  ANGLE   =     3839.9595  DIHED      =      904.6739
 VDWAALS = *************  EEL     =  -101515.8437  HBOND      =        0.0000
 1-4 VDW =     3050.8093  1-4 EEL =    -3809.0249  RESTRAINT  =        0.0004
 EAMBER  = *************


   NSTEP       ENERGY          RMS            GMAX         NAME    NUMBER
   1150       1.3324E+09     2.9790E+02     2.4937E+04     C2        428

 BOND    =       56.1478  ANGLE   =     3839.9442  DIHED      =      904.6738
 VDWAALS = *************  EEL     =  -101515.9485  HBOND      =        0.0000
 1-4 VDW =     3050.2972  1-4 EEL =    -3809.0238  RESTRAINT  =        0.0004
 EAMBER  = *************


   NSTEP       ENERGY          RMS            GMAX         NAME    NUMBER
   1200       1.3324E+09     2.9790E+02     2.4939E+04     C2        428

 BOND    =       56.1497  ANGLE   =     3839.9321  DIHED      =      904.6737
 VDWAALS = *************  EEL     =  -101516.0355  HBOND      =        0.0000
 1-4 VDW =     3049.8919  1-4 EEL =    -3809.0229  RESTRAINT  =        0.0004
 EAMBER  = *************


   NSTEP       ENERGY          RMS            GMAX         NAME    NUMBER
   1250       1.3325E+09     2.9789E+02     2.4942E+04     C2        428

 BOND    =       56.1516  ANGLE   =     3839.9197  DIHED      =      904.6736
 VDWAALS = *************  EEL     =  -101516.1231  HBOND      =        0.0000
 1-4 VDW =     3049.4750  1-4 EEL =    -3809.0220  RESTRAINT  =        0.0004
 EAMBER  = *************


   NSTEP       ENERGY          RMS            GMAX         NAME    NUMBER
   1300       1.3326E+09     2.9789E+02     2.4945E+04     C2        428

 BOND    =       56.1540  ANGLE   =     3839.9046  DIHED      =      904.6735
 VDWAALS = *************  EEL     =  -101516.2287  HBOND      =        0.0000
 1-4 VDW =     3048.9708  1-4 EEL =    -3809.0209  RESTRAINT  =        0.0004
 EAMBER  = *************


   NSTEP       ENERGY          RMS            GMAX         NAME    NUMBER
   1350       1.3328E+09     2.9788E+02     2.4948E+04     C2        428

 BOND    =       56.1561  ANGLE   =     3839.8918  DIHED      =      904.6734
 VDWAALS = *************  EEL     =  -101516.3198  HBOND      =        0.0000
 1-4 VDW =     3048.5427  1-4 EEL =    -3809.0199  RESTRAINT  =        0.0004
 EAMBER  = *************


   NSTEP       ENERGY          RMS            GMAX         NAME    NUMBER
   1400       1.3328E+09     2.9788E+02     2.4952E+04     C2        428

 BOND    =       56.1590  ANGLE   =     3839.8748  DIHED      =      904.6733
 VDWAALS = *************  EEL     =  -101516.4408  HBOND      =        0.0000
 1-4 VDW =     3047.9722  1-4 EEL =    -3809.0187  RESTRAINT  =        0.0004
 EAMBER  = *************


   NSTEP       ENERGY          RMS            GMAX         NAME    NUMBER
   1450       1.3329E+09     2.9787E+02     2.4954E+04     C2        428

 BOND    =       56.1610  ANGLE   =     3839.8631  DIHED      =      904.6732
 VDWAALS = *************  EEL     =  -101516.5242  HBOND      =        0.0000
 1-4 VDW =     3047.5831  1-4 EEL =    -3809.0178  RESTRAINT  =        0.0004
 EAMBER  = *************


   NSTEP       ENERGY          RMS            GMAX         NAME    NUMBER
   1500       1.3330E+09     2.9787E+02     2.4957E+04     C2        428

 BOND    =       56.1634  ANGLE   =     3839.8492  DIHED      =      904.6731
 VDWAALS = *************  EEL     =  -101516.6241  HBOND      =        0.0000
 1-4 VDW =     3047.1159  1-4 EEL =    -3809.0168  RESTRAINT  =        0.0005
 EAMBER  = *************


   NSTEP       ENERGY          RMS            GMAX         NAME    NUMBER
   1550       1.3330E+09     2.9786E+02     2.4960E+04     C2        428

 BOND    =       56.1651  ANGLE   =     3839.8398  DIHED      =      904.6731
 VDWAALS = *************  EEL     =  -101516.6902  HBOND      =        0.0000
 1-4 VDW =     3046.8026  1-4 EEL =    -3809.0161  RESTRAINT  =        0.0005
 EAMBER  = *************


   NSTEP       ENERGY          RMS            GMAX         NAME    NUMBER
   1600       1.3331E+09     2.9786E+02     2.4963E+04     C2        428

 BOND    =       56.1676  ANGLE   =     3839.8262  DIHED      =      904.6730
 VDWAALS = *************  EEL     =  -101516.7871  HBOND      =        0.0000
 1-4 VDW =     3046.3483  1-4 EEL =    -3809.0151  RESTRAINT  =        0.0005
 EAMBER  = *************


   NSTEP       ENERGY          RMS            GMAX         NAME    NUMBER
   1650       1.3331E+09     2.9785E+02     2.4965E+04     C2        428

 BOND    =       56.1698  ANGLE   =     3839.8142  DIHED      =      904.6729
 VDWAALS = *************  EEL     =  -101516.8731  HBOND      =        0.0000
 1-4 VDW =     3045.9477  1-4 EEL =    -3809.0142  RESTRAINT  =        0.0005
 EAMBER  = *************


   NSTEP       ENERGY          RMS            GMAX         NAME    NUMBER
   1700       1.3333E+09     2.9785E+02     2.4968E+04     C2        428

 BOND    =       56.1721  ANGLE   =     3839.8021  DIHED      =      904.6728
 VDWAALS = *************  EEL     =  -101516.9605  HBOND      =        0.0000
 1-4 VDW =     3045.5432  1-4 EEL =    -3809.0133  RESTRAINT  =        0.0005
 EAMBER  = *************


   NSTEP       ENERGY          RMS            GMAX         NAME    NUMBER
   1750       1.3333E+09     2.9785E+02     2.4970E+04     C2        428

 BOND    =       56.1740  ANGLE   =     3839.7924  DIHED      =      904.6728
 VDWAALS = *************  EEL     =  -101517.0288  HBOND      =        0.0000
 1-4 VDW =     3045.2192  1-4 EEL =    -3809.0126  RESTRAINT  =        0.0005
 EAMBER  = *************


   NSTEP       ENERGY          RMS            GMAX         NAME    NUMBER
   1800       1.3333E+09     2.9784E+02     2.4973E+04     C2        428

 BOND    =       56.1765  ANGLE   =     3839.7796  DIHED      =      904.6727
 VDWAALS = *************  EEL     =  -101517.1185  HBOND      =        0.0000
 1-4 VDW =     3044.7915  1-4 EEL =    -3809.0117  RESTRAINT  =        0.0005
 EAMBER  = *************


   NSTEP       ENERGY          RMS            GMAX         NAME    NUMBER
   1850       1.3335E+09     2.9784E+02     2.4975E+04     C2        428

 BOND    =       56.1788  ANGLE   =     3839.7679  DIHED      =      904.6726
 VDWAALS = *************  EEL     =  -101517.2006  HBOND      =        0.0000
 1-4 VDW =     3044.4017  1-4 EEL =    -3809.0108  RESTRAINT  =        0.0005
 EAMBER  = *************


   NSTEP       ENERGY          RMS            GMAX         NAME    NUMBER
   1900       1.3335E+09     2.9784E+02     2.4978E+04     C2        428

 BOND    =       56.1809  ANGLE   =     3839.7578  DIHED      =      904.6725
 VDWAALS = *************  EEL     =  -101517.2727  HBOND      =        0.0000
 1-4 VDW =     3044.0638  1-4 EEL =    -3809.0101  RESTRAINT  =        0.0006
 EAMBER  = *************


   NSTEP       ENERGY          RMS            GMAX         NAME    NUMBER
   1950       1.3336E+09     2.9783E+02     2.4980E+04     C2        428

 BOND    =       56.1834  ANGLE   =     3839.7458  DIHED      =      904.6725
 VDWAALS = *************  EEL     =  -101517.3586  HBOND      =        0.0000
 1-4 VDW =     3043.6652  1-4 EEL =    -3809.0092  RESTRAINT  =        0.0006
 EAMBER  = *************


   NSTEP       ENERGY          RMS            GMAX         NAME    NUMBER
   2000       1.3337E+09     2.9783E+02     2.4983E+04     C2        428

 BOND    =       56.1860  ANGLE   =     3839.7330  DIHED      =      904.6724
 VDWAALS = *************  EEL     =  -101517.4514  HBOND      =        0.0000
 1-4 VDW =     3043.2372  1-4 EEL =    -3809.0083  RESTRAINT  =        0.0006
 EAMBER  = *************


   NSTEP       ENERGY          RMS            GMAX         NAME    NUMBER
   2050       1.0248E+06     2.7194E+02     3.0526E+04     N9        418

 BOND    =  1024244.2398  ANGLE   =     7767.7659  DIHED      =     1338.5001
 VDWAALS =    95812.5307  EEL     =  -103733.9986  HBOND      =        0.0000
 1-4 VDW =     1012.5008  1-4 EEL =    -3693.5799  RESTRAINT  =     2012.1982
 EAMBER  =  1022747.9590


   NSTEP       ENERGY          RMS            GMAX         NAME    NUMBER
   2100      -8.5893E+09     2.3103E+02     2.1768E+04     C2        336

 BOND    =   188960.3621  ANGLE   =     8427.3624  DIHED      =     1416.1314
 VDWAALS = *************  EEL     =  -108469.2987  HBOND      =        0.0000
 1-4 VDW =     5926.0111  1-4 EEL =    -3737.3404  RESTRAINT  =      863.1914
 EAMBER  = *************


   NSTEP       ENERGY          RMS            GMAX         NAME    NUMBER
   2150      -8.5893E+09     2.3038E+02     2.1785E+04     C2        336

 BOND    =   188928.4051  ANGLE   =     8426.9039  DIHED      =     1416.1144
 VDWAALS = *************  EEL     =  -108469.3999  HBOND      =        0.0000
 1-4 VDW =     5877.8958  1-4 EEL =    -3737.3605  RESTRAINT  =      863.1077
 EAMBER  = *************


   NSTEP       ENERGY          RMS            GMAX         NAME    NUMBER
   2200       4.9489E+09     2.0731E+02     2.4936E+04     N7        671

 BOND    =   183629.3485  ANGLE   =     8355.0643  DIHED      =     1414.1359
 VDWAALS = *************  EEL     =  -108486.8297  HBOND      =        0.0000
 1-4 VDW =     2514.1919  1-4 EEL =    -3740.2714  RESTRAINT  =      849.4193
 EAMBER  = *************


   NSTEP       ENERGY          RMS            GMAX         NAME    NUMBER
   2250      -7.0648E+04     2.5253E+01     4.3918E+03     N3        338

 BOND    =    27825.8757  ANGLE   =     4627.8780  DIHED      =     1450.0475
 VDWAALS =    10559.4798  EEL     =  -112345.2180  HBOND      =        0.0000
 1-4 VDW =      746.3604  1-4 EEL =    -3875.6101  RESTRAINT  =      362.9325
 EAMBER  =   -71011.1866


   NSTEP       ENERGY          RMS            GMAX         NAME    NUMBER
   2300      -1.0924E+05     5.0224E+00     4.3170E+02     N1        335

 BOND    =     6667.6723  ANGLE   =      907.4939  DIHED      =     1221.5402
 VDWAALS =     9878.4152  EEL     =  -124637.4008  HBOND      =        0.0000
 1-4 VDW =      342.6424  1-4 EEL =    -3939.7654  RESTRAINT  =      324.1393
 EAMBER  =  -109559.4022


   NSTEP       ENERGY          RMS            GMAX         NAME    NUMBER
   2350      -1.2030E+05     2.9705E+00     2.0451E+02     C6        769

 BOND    =     7202.4628  ANGLE   =      386.6552  DIHED      =     1066.9691
 VDWAALS =    12527.8308  EEL     =  -138333.3839  HBOND      =        0.0000
 1-4 VDW =      267.4915  1-4 EEL =    -3984.4805  RESTRAINT  =      562.6379
 EAMBER  =  -120866.4549


   NSTEP       ENERGY          RMS            GMAX         NAME    NUMBER
   2400      -1.2364E+05     2.1829E+00     1.2136E+02     C6        331

 BOND    =     7727.5457  ANGLE   =      288.4333  DIHED      =     1001.9414
 VDWAALS =    14527.0766  EEL     =  -144176.0053  HBOND      =        0.0000
 1-4 VDW =      261.6302  1-4 EEL =    -3980.2706  RESTRAINT  =      707.0453
 EAMBER  =  -124349.6487


   NSTEP       ENERGY          RMS            GMAX         NAME    NUMBER
   2450      -1.2557E+05     1.7739E+00     9.6499E+01     N6        770

 BOND    =     8094.0389  ANGLE   =      261.0117  DIHED      =      986.2579
 VDWAALS =    15985.7180  EEL     =  -147948.4481  HBOND      =        0.0000
 1-4 VDW =      259.0328  1-4 EEL =    -3976.1234  RESTRAINT  =      772.8519
 EAMBER  =  -126338.5122


   NSTEP       ENERGY          RMS            GMAX         NAME    NUMBER
   2500      -1.2694E+05     1.4865E+00     8.0383E+01     C6        769

 BOND    =     8346.0175  ANGLE   =      238.5372  DIHED      =      981.2979
 VDWAALS =    17123.8903  EEL     =  -150735.8835  HBOND      =        0.0000
 1-4 VDW =      258.2857  1-4 EEL =    -3971.3921  RESTRAINT  =      819.1876
 EAMBER  =  -127759.2470


   NSTEP       ENERGY          RMS            GMAX         NAME    NUMBER
   2550      -1.2810E+05     1.3069E+00     6.4199E+01     C1'       762

 BOND    =     8583.8616  ANGLE   =      228.1173  DIHED      =      976.6299
 VDWAALS =    18129.0219  EEL     =  -153172.4121  HBOND      =        0.0000
 1-4 VDW =      257.5696  1-4 EEL =    -3966.6755  RESTRAINT  =      858.9472
 EAMBER  =  -128963.8875


   NSTEP       ENERGY          RMS            GMAX         NAME    NUMBER
   2600      -1.2912E+05     1.2740E+00     7.3515E+01     C6        331

 BOND    =     8654.5756  ANGLE   =      225.4441  DIHED      =      983.3364
 VDWAALS =    18926.7770  EEL     =  -155084.7446  HBOND      =        0.0000
 1-4 VDW =      258.5366  1-4 EEL =    -3965.0940  RESTRAINT  =      884.4263
 EAMBER  =  -130001.1687


   NSTEP       ENERGY          RMS            GMAX         NAME    NUMBER
   2650      -1.2988E+05     9.6995E-01     5.7101E+01     C2        774

 BOND    =     8775.0762  ANGLE   =      212.4500  DIHED      =      973.2661
 VDWAALS =    19489.1840  EEL     =  -156536.6203  HBOND      =        0.0000
 1-4 VDW =      258.0265  1-4 EEL =    -3957.7200  RESTRAINT  =      909.6885
 EAMBER  =  -130786.3374


   NSTEP       ENERGY          RMS            GMAX         NAME    NUMBER
   2700      -1.3044E+05     8.2465E-01     5.0021E+01     C2        774

 BOND    =     8893.9946  ANGLE   =      211.5881  DIHED      =      971.1858
 VDWAALS =    19973.9051  EEL     =  -157709.9648  HBOND      =        0.0000
 1-4 VDW =      258.5298  1-4 EEL =    -3957.9784  RESTRAINT  =      919.5062
 EAMBER  =  -131358.7398


   NSTEP       ENERGY          RMS            GMAX         NAME    NUMBER
   2750      -1.3091E+05     7.4637E-01     4.0597E+01     C5'       756

 BOND    =     8987.5034  ANGLE   =      208.6606  DIHED      =      969.2976
 VDWAALS =    20384.7443  EEL     =  -158688.8796  HBOND      =        0.0000
 1-4 VDW =      258.7154  1-4 EEL =    -3957.5516  RESTRAINT  =      923.8325
 EAMBER  =  -131837.5099


   NSTEP       ENERGY          RMS            GMAX         NAME    NUMBER
   2800      -1.3132E+05     6.8205E-01     4.6504E+01     C5'       756

 BOND    =     9066.5725  ANGLE   =      208.1710  DIHED      =      967.6252
 VDWAALS =    20737.4386  EEL     =  -159532.0540  HBOND      =        0.0000
 1-4 VDW =      258.9656  1-4 EEL =    -3956.9713  RESTRAINT  =      925.3353
 EAMBER  =  -132250.2524


   NSTEP       ENERGY          RMS            GMAX         NAME    NUMBER
   2850      -1.3168E+05     6.3303E-01     4.1737E+01     C5'       756

 BOND    =     9136.5965  ANGLE   =      206.3212  DIHED      =      966.4687
 VDWAALS =    21054.1522  EEL     =  -160277.4402  HBOND      =        0.0000
 1-4 VDW =      258.9873  1-4 EEL =    -3956.3344  RESTRAINT  =      926.3414
 EAMBER  =  -132611.2488


   NSTEP       ENERGY          RMS            GMAX         NAME    NUMBER
   2900      -1.3201E+05     5.8216E-01     3.0590E+01     C1'       762

 BOND    =     9199.7722  ANGLE   =      204.7120  DIHED      =      965.4793
 VDWAALS =    21334.8027  EEL     =  -160942.7766  HBOND      =        0.0000
 1-4 VDW =      259.2038  1-4 EEL =    -3955.1845  RESTRAINT  =      927.8875
 EAMBER  =  -132933.9911


   NSTEP       ENERGY          RMS            GMAX         NAME    NUMBER
   2950      -1.3229E+05     5.3894E-01     2.9269E+01     C8        327

 BOND    =     9252.2505  ANGLE   =      203.6371  DIHED      =      964.6381
 VDWAALS =    21582.2063  EEL     =  -161527.9379  HBOND      =        0.0000
 1-4 VDW =      259.3358  1-4 EEL =    -3954.4328  RESTRAINT  =      931.2064
 EAMBER  =  -133220.3029


   NSTEP       ENERGY          RMS            GMAX         NAME    NUMBER
   3000      -1.3254E+05     4.9793E-01     2.4699E+01     C2        774

 BOND    =     9301.1761  ANGLE   =      202.5621  DIHED      =      963.9046
 VDWAALS =    21801.6012  EEL     =  -162054.6329  HBOND      =        0.0000
 1-4 VDW =      259.3913  1-4 EEL =    -3953.9957  RESTRAINT  =      936.6201
 EAMBER  =  -133479.9934


   NSTEP       ENERGY          RMS            GMAX         NAME    NUMBER
   3050      -1.3277E+05     4.6784E-01     2.3765E+01     C2        774

 BOND    =     9345.8477  ANGLE   =      201.5649  DIHED      =      963.2577
 VDWAALS =    22003.1125  EEL     =  -162533.0251  HBOND      =        0.0000
 1-4 VDW =      259.5699  1-4 EEL =    -3953.4598  RESTRAINT  =      939.0150
 EAMBER  =  -133713.1322


   NSTEP       ENERGY          RMS            GMAX         NAME    NUMBER
   3100      -1.3301E+05     4.8003E-01     2.2467E+01     C2        774

 BOND    =     9391.5103  ANGLE   =      201.7299  DIHED      =      963.8066
 VDWAALS =    22219.1602  EEL     =  -163031.3347  HBOND      =        0.0000
 1-4 VDW =      259.8673  1-4 EEL =    -3954.5102  RESTRAINT  =      938.3976
 EAMBER  =  -133949.7707


   NSTEP       ENERGY          RMS            GMAX         NAME    NUMBER
   3150      -1.3321E+05     4.6268E-01     2.4535E+01     C2'       780

 BOND    =     9429.8178  ANGLE   =      200.5851  DIHED      =      963.2455
 VDWAALS =    22386.4523  EEL     =  -163433.0588  HBOND      =        0.0000
 1-4 VDW =      259.9695  1-4 EEL =    -3953.7387  RESTRAINT  =      938.0898
 EAMBER  =  -134146.7274


   NSTEP       ENERGY          RMS            GMAX         NAME    NUMBER
   3200      -1.3339E+05     4.4379E-01     2.3126E+01     C2        774

 BOND    =     9465.9853  ANGLE   =      199.6968  DIHED      =      962.9718
 VDWAALS =    22547.0758  EEL     =  -163807.9009  HBOND      =        0.0000
 1-4 VDW =      260.1213  1-4 EEL =    -3953.4245  RESTRAINT  =      937.1642
 EAMBER  =  -134325.4745


   NSTEP       ENERGY          RMS            GMAX         NAME    NUMBER
   3250      -1.3356E+05     4.3059E-01     2.1819E+01     C2        774

 BOND    =     9501.7954  ANGLE   =      198.3278  DIHED      =      962.4110
 VDWAALS =    22696.4996  EEL     =  -164159.8857  HBOND      =        0.0000
 1-4 VDW =      260.3012  1-4 EEL =    -3952.4265  RESTRAINT  =      935.7521
 EAMBER  =  -134492.9772


   NSTEP       ENERGY          RMS            GMAX         NAME    NUMBER
   3300      -1.3374E+05     4.8437E-01     2.6594E+01     C1'       762

 BOND    =     9550.6297  ANGLE   =      197.3634  DIHED      =      962.0070
 VDWAALS =    22865.3488  EEL     =  -164559.5403  HBOND      =        0.0000
 1-4 VDW =      260.7620  1-4 EEL =    -3953.0077  RESTRAINT  =      934.0680
 EAMBER  =  -134676.4371


   NSTEP       ENERGY          RMS            GMAX         NAME    NUMBER
   3350      -1.3390E+05     4.2847E-01     1.9052E+01     O5'       755

 BOND    =     9576.3601  ANGLE   =      195.8105  DIHED      =      961.3606
 VDWAALS =    23011.3205  EEL     =  -164890.9221  HBOND      =        0.0000
 1-4 VDW =      261.0199  1-4 EEL =    -3951.4220  RESTRAINT  =      933.0959
 EAMBER  =  -134836.4725


   NSTEP       ENERGY          RMS            GMAX         NAME    NUMBER
   3400      -1.3405E+05     3.9452E-01     2.1763E+01     O4'       761

 BOND    =     9606.2419  ANGLE   =      195.5379  DIHED      =      960.9392
 VDWAALS =    23130.7502  EEL     =  -165182.5593  HBOND      =        0.0000
 1-4 VDW =      261.0615  1-4 EEL =    -3950.5022  RESTRAINT  =      932.9336
 EAMBER  =  -134978.5308


   NSTEP       ENERGY          RMS            GMAX         NAME    NUMBER
   3450      -1.3418E+05     3.6814E-01     2.0511E+01     O4'       761

 BOND    =     9634.3594  ANGLE   =      195.0471  DIHED      =      960.4414
 VDWAALS =    23247.3764  EEL     =  -165467.5537  HBOND      =        0.0000
 1-4 VDW =      261.0805  1-4 EEL =    -3949.3857  RESTRAINT  =      933.9084
 EAMBER  =  -135118.6345


   NSTEP       ENERGY          RMS            GMAX         NAME    NUMBER
   3500      -1.3432E+05     3.2849E-01     1.7923E+01     C5        768

 BOND    =     9650.7069  ANGLE   =      195.0629  DIHED      =      960.2682
 VDWAALS =    23359.0267  EEL     =  -165736.4228  HBOND      =        0.0000
 1-4 VDW =      260.9452  1-4 EEL =    -3949.2543  RESTRAINT  =      935.9711
 EAMBER  =  -135259.6670


   NSTEP       ENERGY          RMS            GMAX         NAME    NUMBER
   3550      -1.3447E+05     3.1540E-01     1.8745E+01     C5        768

 BOND    =     9674.9061  ANGLE   =      194.8253  DIHED      =      959.8379
 VDWAALS =    23466.9948  EEL     =  -166016.2059  HBOND      =        0.0000
 1-4 VDW =      260.9845  1-4 EEL =    -3948.5156  RESTRAINT  =      938.7489
 EAMBER  =  -135407.1728


   NSTEP       ENERGY          RMS            GMAX         NAME    NUMBER
   3600      -1.3461E+05     2.8691E-01     2.0200E+01     C5        768

 BOND    =     9698.6640  ANGLE   =      194.8857  DIHED      =      959.3810
 VDWAALS =    23581.6144  EEL     =  -166302.0290  HBOND      =        0.0000
 1-4 VDW =      261.1987  1-4 EEL =    -3948.4257  RESTRAINT  =      941.9221
 EAMBER  =  -135554.7108


   NSTEP       ENERGY          RMS            GMAX         NAME    NUMBER
   3650      -1.3475E+05     2.7491E-01     2.1774E+01     C5        768

 BOND    =     9717.6627  ANGLE   =      195.2571  DIHED      =      959.2119
 VDWAALS =    23674.9235  EEL     =  -166550.7343  HBOND      =        0.0000
 1-4 VDW =      261.1986  1-4 EEL =    -3948.6868  RESTRAINT  =      946.0778
 EAMBER  =  -135691.1673


   NSTEP       ENERGY          RMS            GMAX         NAME    NUMBER
   3700      -1.3485E+05     2.6733E-01     1.8753E+01     C5        768

 BOND    =     9732.4694  ANGLE   =      194.5226  DIHED      =      958.7345
 VDWAALS =    23756.7517  EEL     =  -166760.1885  HBOND      =        0.0000
 1-4 VDW =      261.1749  1-4 EEL =    -3947.7002  RESTRAINT  =      950.4641
 EAMBER  =  -135804.2355


   NSTEP       ENERGY          RMS            GMAX         NAME    NUMBER
   3750      -1.3503E+05     3.3764E-01     1.9447E+01     O       16477

 BOND    =     9766.7056  ANGLE   =      194.7490  DIHED      =      958.2348
 VDWAALS =    23899.5350  EEL     =  -167112.7059  HBOND      =        0.0000
 1-4 VDW =      261.1942  1-4 EEL =    -3947.2921  RESTRAINT  =      953.8839
 EAMBER  =  -135979.5793


   NSTEP       ENERGY          RMS            GMAX         NAME    NUMBER
   3800      -1.3516E+05     2.6383E-01     1.3015E+01     O       16477

 BOND    =     9793.5105  ANGLE   =      193.9421  DIHED      =      957.5040
 VDWAALS =    24012.6107  EEL     =  -167383.4378  HBOND      =        0.0000
 1-4 VDW =      260.6795  1-4 EEL =    -3947.9522  RESTRAINT  =      952.3923
 EAMBER  =  -136113.1432


   NSTEP       ENERGY          RMS            GMAX         NAME    NUMBER
   3850      -1.3529E+05     2.5290E-01     1.4921E+01     Na+      1074

 BOND    =     9822.8002  ANGLE   =      192.1973  DIHED      =      957.5484
 VDWAALS =    24118.0518  EEL     =  -167645.4636  HBOND      =        0.0000
 1-4 VDW =      260.4722  1-4 EEL =    -3946.9289  RESTRAINT  =      949.2795
 EAMBER  =  -136241.3225


   NSTEP       ENERGY          RMS            GMAX         NAME    NUMBER
   3900      -1.3540E+05     2.1734E-01     1.2044E+01     C5        768

 BOND    =     9828.7782  ANGLE   =      192.2234  DIHED      =      957.6651
 VDWAALS =    24201.3387  EEL     =  -167841.7184  HBOND      =        0.0000
 1-4 VDW =      260.5344  1-4 EEL =    -3946.7782  RESTRAINT  =      948.1938
 EAMBER  =  -136347.9568


   NSTEP       ENERGY          RMS            GMAX         NAME    NUMBER
   3950      -1.3551E+05     2.3490E-01     1.3532E+01     C5        768

 BOND    =     9843.8185  ANGLE   =      192.6202  DIHED      =      957.6827
 VDWAALS =    24284.5209  EEL     =  -168045.7251  HBOND      =        0.0000
 1-4 VDW =      260.4541  1-4 EEL =    -3946.4305  RESTRAINT  =      947.5360
 EAMBER  =  -136453.0591


   NSTEP       ENERGY          RMS            GMAX         NAME    NUMBER
   4000      -1.3559E+05     2.6279E-01     1.5156E+01     C5        768

 BOND    =     9857.5100  ANGLE   =      192.8636  DIHED      =      957.6572
 VDWAALS =    24349.1380  EEL     =  -168204.7203  HBOND      =        0.0000
 1-4 VDW =      260.3697  1-4 EEL =    -3946.0326  RESTRAINT  =      947.3044
 EAMBER  =  -136533.2144


  Maximum number of minimization cycles reached.


                    FINAL RESULTS



   NSTEP       ENERGY          RMS            GMAX         NAME    NUMBER
   4000      -1.3559E+05     2.6279E-01     1.5156E+01     C5        768

 BOND    =     9857.5100  ANGLE   =      192.8636  DIHED      =      957.6572
 VDWAALS =    24349.1380  EEL     =  -168204.7203  HBOND      =        0.0000
 1-4 VDW =      260.3697  1-4 EEL =    -3946.0326  RESTRAINT  =      947.3044
 EAMBER  =  -136533.2144
--------------------------------------------------------------------------------
   5.  TIMINGS
--------------------------------------------------------------------------------

|  NonSetup CPU Time in Major Routines:
|
|     Routine           Sec        %
|     ------------------------------
|     Nonbond           2.06   21.52
|     Bond              0.00    0.00
|     Angle             0.00    0.00
|     Dihedral          0.00    0.00
|     Shake             0.00    0.00
|     Other             7.51   78.48
|     ------------------------------
|     Total             9.56

|  PME Nonbond Pairlist CPU Time:
|
|     Routine              Sec        %
|     ---------------------------------
|     Set Up Cit           0.00    0.00
|     Build List           0.00    0.00
|     ---------------------------------
|     Total                0.00    0.00

|  PME Direct Force CPU Time:
|
|     Routine              Sec        %
|     ---------------------------------
|     NonBonded Calc       0.00    0.00
|     Exclude Masked       0.00    0.00
|     Other                0.01    0.11
|     ---------------------------------
|     Total                0.01    0.11

|  PME Reciprocal Force CPU Time:
|
|     Routine              Sec        %
|     ---------------------------------
|     1D bspline           0.00    0.00
|     Grid Charges         0.00    0.00
|     Scalar Sum           0.00    0.00
|     Gradient Sum         0.00    0.00
|     FFT                  0.00    0.00
|     ---------------------------------
|     Total                0.00    0.00

|  Setup CPU time:            0.80 seconds
|  NonSetup CPU time:         9.56 seconds
|  Total CPU time:           10.37 seconds     0.00 hours

|  Setup wall time:           2    seconds
|  NonSetup wall time:       10    seconds
|  Total wall time:          12    seconds     0.00 hours
