
          -------------------------------------------------------
          Amber 16 PMEMD                              2016
          -------------------------------------------------------

| PMEMD implementation of SANDER, Release 16

| Run on 01/17/2024 at 23:07:29

|   Executable path: pmemd.cuda
| Working directory: /home/students/keyq/fuben/input/7/nLG7right
|          Hostname: master

  [-O]verwriting output

File Assignments:
|   MDIN: heat1.in                                                              
|  MDOUT: cmp_heat1.out                                                         
| INPCRD: cmp_heat0.rst                                                         
|   PARM: cmp.prmtop                                                            
| RESTRT: cmp_heat1.rst                                                         
|   REFC: cmp.inpcrd                                                            
|  MDVEL: mdvel                                                                 
|   MDEN: mden                                                                  
|  MDCRD: cmp_heat1.mdcrd                                                       
| MDINFO: mdinfo                                                                
|  MDFRC: mdfrc                                                                 


 Here is the input file:

Stage 1 heating 1 5ps 0-100K                                                   
 &cntrl                                                                        
  imin=0, ntx=1,                                                               
  nstlim=2500, dt=0.002,                                                       
  ntc=2, ntf=2,                                                                
  ntt=1, tautp=1.5,                                                            
  tempi=0.0, temp0=50.0,                                                       
  ntpr=50, ntwx=50,                                                            
  ntb=1,                                                                       
  cut=10,                                                                      
 /                                                                             


Note: ig = -1. Setting random seed to   757906 based on wallclock time in 
      microseconds.
 
|--------------------- INFORMATION ----------------------
| GPU (CUDA) Version of PMEMD in use: NVIDIA GPU IN USE.
|                    Version 16.0.0
| 
|                      02/25/2016
| 
| Implementation by:
|                    Ross C. Walker     (SDSC)
|                    Scott Le Grand     (nVIDIA)
| 
| Precision model in use:
|      [SPFP] - Single Precision Forces, 64-bit Fixed Point
|               Accumulation. (Default)
| 
|--------------------------------------------------------
 
|----------------- CITATION INFORMATION -----------------
|
|    When publishing work that utilized the CUDA version
|    of AMBER, please cite the following in addition to
|    the regular AMBER citations:
|
|  - Romelia Salomon-Ferrer; Andreas W. Goetz; Duncan
|    Poole; Scott Le Grand; Ross C. Walker "Routine
|    microsecond molecular dynamics simulations with
|    AMBER - Part II: Particle Mesh Ewald", J. Chem.
|    Theory Comput., 2013, 9 (9), pp3878-3888,
|    DOI: 10.1021/ct400314y.
|
|  - Andreas W. Goetz; Mark J. Williamson; Dong Xu;
|    Duncan Poole; Scott Le Grand; Ross C. Walker
|    "Routine microsecond molecular dynamics simulations
|    with AMBER - Part I: Generalized Born", J. Chem.
|    Theory Comput., 2012, 8 (5), pp1542-1555.
|
|  - Scott Le Grand; Andreas W. Goetz; Ross C. Walker
|    "SPFP: Speed without compromise - a mixed precision
|    model for GPU accelerated molecular dynamics
|    simulations.", Comp. Phys. Comm., 2013, 184
|    pp374-380, DOI: 10.1016/j.cpc.2012.09.022
|
|--------------------------------------------------------
 
|------------------- GPU DEVICE INFO --------------------
|
|            CUDA_VISIBLE_DEVICES: 0
|   CUDA Capable Devices Detected:      1
|           CUDA Device ID in use:      0
|                CUDA Device Name: Tesla V100-PCIE-32GB
|     CUDA Device Global Mem Size:  32510 MB
| CUDA Device Num Multiprocessors:     80
|           CUDA Device Core Freq:   1.38 GHz
|
|--------------------------------------------------------
 
 
| Conditional Compilation Defines Used:
| PUBFFT
| BINTRAJ
| CUDA
| EMIL

| Largest sphere to fit in unit cell has radius =    33.139

| New format PARM file being parsed.
| Version =    1.000 Date = 01/29/21 Time = 15:09:20

| Note: 1-4 EEL scale factors are being read from the topology file.

| Note: 1-4 VDW scale factors are being read from the topology file.
| Duplicated    0 dihedrals

| Duplicated    0 dihedrals

--------------------------------------------------------------------------------
   1.  RESOURCE   USE: 
--------------------------------------------------------------------------------

 getting box info from netcdf restart file
 NATOM  =   36508 NTYPES =      18 NBONH =   35769 MBONA  =     790
 NTHETH =     882 MTHETA =    1223 NPHIH =    1873 MPHIA  =    2451
 NHPARM =       0 NPARM  =       0 NNB   =   53274 NRES   =   11862
 NBONA  =     790 NTHETA =    1223 NPHIA =    2451 NUMBND =      73
 NUMANG =     152 NPTRA  =      87 NATYP =      37 NPHB   =       1
 IFBOX  =       2 NMXRS  =      34 IFCAP =       0 NEXTRA =       0
 NCOPY  =       0

| Coordinate Index Table dimensions:    13   13   13
| Direct force subcell size =     6.2440    6.2440    6.2440

     BOX TYPE: TRUNCATED OCTAHEDRON

--------------------------------------------------------------------------------
   2.  CONTROL  DATA  FOR  THE  RUN
--------------------------------------------------------------------------------

default_name                                                                    

General flags:
     imin    =       0, nmropt  =       0

Nature and format of input:
     ntx     =       1, irest   =       0, ntrx    =       1

Nature and format of output:
     ntxo    =       2, ntpr    =      50, ntrx    =       1, ntwr    =    2500
     iwrap   =       0, ntwx    =      50, ntwv    =       0, ntwe    =       0
     ioutfm  =       1, ntwprt  =       0, idecomp =       0, rbornstat=      0

Potential function:
     ntf     =       2, ntb     =       1, igb     =       0, nsnb    =      25
     ipol    =       0, gbsa    =       0, iesp    =       0
     dielc   =   1.00000, cut     =  10.00000, intdiel =   1.00000

Frozen or restrained atoms:
     ibelly  =       0, ntr     =       0

Molecular dynamics:
     nstlim  =      2500, nscm    =      1000, nrespa  =         1
     t       =   0.00000, dt      =   0.00200, vlimit  =  -1.00000

Berendsen (weak-coupling) temperature regulation:
     temp0   =  50.00000, tempi   =   0.00000, tautp   =   1.50000

SHAKE:
     ntc     =       2, jfastw  =       0
     tol     =   0.00001

| Intermolecular bonds treatment:
|     no_intermolecular_bonds =       1

| Energy averages sample interval:
|     ene_avg_sampling =      50

Ewald parameters:
     verbose =       0, ew_type =       0, nbflag  =       1, use_pme =       1
     vdwmeth =       1, eedmeth =       1, netfrc  =       1
     Box X =   81.172   Box Y =   81.172   Box Z =   81.172
     Alpha =  109.471   Beta  =  109.471   Gamma =  109.471
     NFFT1 =   84       NFFT2 =   84       NFFT3 =   84
     Cutoff=   10.000   Tol   =0.100E-04
     Ewald Coefficient =  0.27511
     Interpolation order =    4

--------------------------------------------------------------------------------
   3.  ATOMIC COORDINATES AND VELOCITIES
--------------------------------------------------------------------------------

default_name                                                                    
 begin time read from input coords =     0.000 ps

 
 Number of triangulated 3-point waters found:    11796

     Sum of charges from parm topology file =   0.00000010
     Forcing neutrality...

| Dynamic Memory, Types Used:
| Reals             1058206
| Integers           878432

| Nonbonded Pairs Initial Allocation:    11042757

| GPU memory information (estimate):
| KB of GPU memory in use:    171465
| KB of CPU memory in use:     60333

--------------------------------------------------------------------------------
   4.  RESULTS
--------------------------------------------------------------------------------

 ---------------------------------------------------
 APPROXIMATING switch and d/dx switch using CUBIC SPLINE INTERPOLATION
 using   5000.0 points per unit in tabled values
 TESTING RELATIVE ERROR over r ranging from 0.0 to cutoff
| CHECK switch(x): max rel err =   0.2738E-14   at   2.422500
| CHECK d/dx switch(x): max rel err =   0.8314E-11   at   2.736960
 ---------------------------------------------------
|---------------------------------------------------
| APPROXIMATING direct energy using CUBIC SPLINE INTERPOLATION
|  with   50.0 points per unit in tabled values
| Relative Error Limit not exceeded for r .gt.   2.33
| APPROXIMATING direct force using CUBIC SPLINE INTERPOLATION
|  with   50.0 points per unit in tabled values
| Relative Error Limit not exceeded for r .gt.   2.80
|---------------------------------------------------

 NSTEP =        0   TIME(PS) =       0.000  TEMP(K) =     0.00  PRESS =     0.0
 Etot   =   -174205.9814  EKtot   =         0.0000  EPtot      =   -174205.9814
 BOND   =        59.0368  ANGLE   =       229.8331  DIHED      =       811.0092
 1-4 NB =       254.2542  1-4 EEL =     -4474.6725  VDWAALS    =     31644.5048
 EELEC  =   -202729.9471  EHBOND  =         0.0000  RESTRAINT  =         0.0000
 ------------------------------------------------------------------------------


 NSTEP =       50   TIME(PS) =       0.100  TEMP(K) =     8.75  PRESS =     0.0
 Etot   =   -149622.0872  EKtot   =       641.5274  EPtot      =   -150263.6146
 BOND   =        57.9377  ANGLE   =       227.2631  DIHED      =       811.2004
 1-4 NB =       256.3781  1-4 EEL =     -4472.0084  VDWAALS    =     26844.2493
 EELEC  =   -173988.6349  EHBOND  =         0.0000  RESTRAINT  =         0.0000
 ------------------------------------------------------------------------------


 NSTEP =      100   TIME(PS) =       0.200  TEMP(K) =     7.97  PRESS =     0.0
 Etot   =   -149435.7805  EKtot   =       583.9333  EPtot      =   -150019.7138
 BOND   =        57.9148  ANGLE   =       226.9386  DIHED      =       810.1545
 1-4 NB =       258.5677  1-4 EEL =     -4475.4152  VDWAALS    =     24480.3286
 EELEC  =   -171378.2028  EHBOND  =         0.0000  RESTRAINT  =         0.0000
 ------------------------------------------------------------------------------


 NSTEP =      150   TIME(PS) =       0.300  TEMP(K) =    10.39  PRESS =     0.0
 Etot   =   -149245.4087  EKtot   =       761.3593  EPtot      =   -150006.7680
 BOND   =        58.7668  ANGLE   =       225.7275  DIHED      =       812.4096
 1-4 NB =       259.3413  1-4 EEL =     -4476.7361  VDWAALS    =     24733.5426
 EELEC  =   -171619.8198  EHBOND  =         0.0000  RESTRAINT  =         0.0000
 ------------------------------------------------------------------------------


 NSTEP =      200   TIME(PS) =       0.400  TEMP(K) =    11.89  PRESS =     0.0
 Etot   =   -149054.2190  EKtot   =       871.6222  EPtot      =   -149925.8412
 BOND   =        58.5524  ANGLE   =       224.7079  DIHED      =       814.2544
 1-4 NB =       260.1578  1-4 EEL =     -4475.7626  VDWAALS    =     25141.5704
 EELEC  =   -171949.3216  EHBOND  =         0.0000  RESTRAINT  =         0.0000
 ------------------------------------------------------------------------------


 NSTEP =      250   TIME(PS) =       0.500  TEMP(K) =    13.44  PRESS =     0.0
 Etot   =   -148872.4644  EKtot   =       984.7066  EPtot      =   -149857.1710
 BOND   =        58.4829  ANGLE   =       225.6530  DIHED      =       816.5873
 1-4 NB =       262.2693  1-4 EEL =     -4477.3594  VDWAALS    =     25028.9440
 EELEC  =   -171771.7480  EHBOND  =         0.0000  RESTRAINT  =         0.0000
 ------------------------------------------------------------------------------


 NSTEP =      300   TIME(PS) =       0.600  TEMP(K) =    15.23  PRESS =     0.0
 Etot   =   -148697.3917  EKtot   =      1116.2909  EPtot      =   -149813.6826
 BOND   =        59.9002  ANGLE   =       222.6528  DIHED      =       818.9689
 1-4 NB =       261.3307  1-4 EEL =     -4478.4811  VDWAALS    =     24875.6551
 EELEC  =   -171573.7093  EHBOND  =         0.0000  RESTRAINT  =         0.0000
 ------------------------------------------------------------------------------


 NSTEP =      350   TIME(PS) =       0.700  TEMP(K) =    16.58  PRESS =     0.0
 Etot   =   -148531.3978  EKtot   =      1214.9598  EPtot      =   -149746.3576
 BOND   =        58.9937  ANGLE   =       225.2850  DIHED      =       819.8385
 1-4 NB =       260.1370  1-4 EEL =     -4478.9588  VDWAALS    =     24869.3790
 EELEC  =   -171501.0320  EHBOND  =         0.0000  RESTRAINT  =         0.0000
 ------------------------------------------------------------------------------


 NSTEP =      400   TIME(PS) =       0.800  TEMP(K) =    17.98  PRESS =     0.0
 Etot   =   -148371.0494  EKtot   =      1317.7233  EPtot      =   -149688.7727
 BOND   =        58.3550  ANGLE   =       227.0424  DIHED      =       821.1115
 1-4 NB =       260.1150  1-4 EEL =     -4473.7448  VDWAALS    =     24756.1702
 EELEC  =   -171337.8220  EHBOND  =         0.0000  RESTRAINT  =         0.0000
 ------------------------------------------------------------------------------


 NSTEP =      450   TIME(PS) =       0.900  TEMP(K) =    19.10  PRESS =     0.0
 Etot   =   -148216.7713  EKtot   =      1399.6279  EPtot      =   -149616.3993
 BOND   =        59.5471  ANGLE   =       229.5432  DIHED      =       820.8300
 1-4 NB =       259.5375  1-4 EEL =     -4473.0329  VDWAALS    =     24688.9486
 EELEC  =   -171201.7729  EHBOND  =         0.0000  RESTRAINT  =         0.0000
 ------------------------------------------------------------------------------


 NSTEP =      500   TIME(PS) =       1.000  TEMP(K) =    20.50  PRESS =     0.0
 Etot   =   -148069.2708  EKtot   =      1502.1428  EPtot      =   -149571.4136
 BOND   =        59.8315  ANGLE   =       231.5539  DIHED      =       818.3321
 1-4 NB =       259.1053  1-4 EEL =     -4471.2776  VDWAALS    =     24826.2893
 EELEC  =   -171295.2481  EHBOND  =         0.0000  RESTRAINT  =         0.0000
 ------------------------------------------------------------------------------


 NSTEP =      550   TIME(PS) =       1.100  TEMP(K) =    22.07  PRESS =     0.0
 Etot   =   -147929.7796  EKtot   =      1617.3898  EPtot      =   -149547.1694
 BOND   =        59.4047  ANGLE   =       235.1820  DIHED      =       817.8637
 1-4 NB =       258.5884  1-4 EEL =     -4473.7497  VDWAALS    =     24816.6138
 EELEC  =   -171261.0723  EHBOND  =         0.0000  RESTRAINT  =         0.0000
 ------------------------------------------------------------------------------


 NSTEP =      600   TIME(PS) =       1.200  TEMP(K) =    23.35  PRESS =     0.0
 Etot   =   -147796.6228  EKtot   =      1710.7219  EPtot      =   -149507.3447
 BOND   =        60.3978  ANGLE   =       233.1281  DIHED      =       819.3505
 1-4 NB =       257.1585  1-4 EEL =     -4472.1505  VDWAALS    =     24915.3484
 EELEC  =   -171320.5775  EHBOND  =         0.0000  RESTRAINT  =         0.0000
 ------------------------------------------------------------------------------


 NSTEP =      650   TIME(PS) =       1.300  TEMP(K) =    24.81  PRESS =     0.0
 Etot   =   -147670.8166  EKtot   =      1817.8409  EPtot      =   -149488.6575
 BOND   =        60.6597  ANGLE   =       238.1170  DIHED      =       821.4854
 1-4 NB =       256.0042  1-4 EEL =     -4469.9746  VDWAALS    =     24990.7946
 EELEC  =   -171385.7440  EHBOND  =         0.0000  RESTRAINT  =         0.0000
 ------------------------------------------------------------------------------


 NSTEP =      700   TIME(PS) =       1.400  TEMP(K) =    25.82  PRESS =     0.0
 Etot   =   -147551.2584  EKtot   =      1892.1150  EPtot      =   -149443.3734
 BOND   =        60.3633  ANGLE   =       240.8636  DIHED      =       815.5474
 1-4 NB =       257.2766  1-4 EEL =     -4467.9111  VDWAALS    =     24922.7307
 EELEC  =   -171272.2439  EHBOND  =         0.0000  RESTRAINT  =         0.0000
 ------------------------------------------------------------------------------


 NSTEP =      750   TIME(PS) =       1.500  TEMP(K) =    27.01  PRESS =     0.0
 Etot   =   -147435.9861  EKtot   =      1979.5450  EPtot      =   -149415.5311
 BOND   =        61.3110  ANGLE   =       242.2902  DIHED      =       817.2584
 1-4 NB =       256.3417  1-4 EEL =     -4477.0623  VDWAALS    =     24957.4871
 EELEC  =   -171273.1572  EHBOND  =         0.0000  RESTRAINT  =         0.0000
 ------------------------------------------------------------------------------


 NSTEP =      800   TIME(PS) =       1.600  TEMP(K) =    28.38  PRESS =     0.0
 Etot   =   -147326.2626  EKtot   =      2079.9282  EPtot      =   -149406.1909
 BOND   =        60.6048  ANGLE   =       232.9749  DIHED      =       821.1420
 1-4 NB =       258.1479  1-4 EEL =     -4472.4622  VDWAALS    =     25048.3647
 EELEC  =   -171354.9630  EHBOND  =         0.0000  RESTRAINT  =         0.0000
 ------------------------------------------------------------------------------


 NSTEP =      850   TIME(PS) =       1.700  TEMP(K) =    29.05  PRESS =     0.0
 Etot   =   -147223.0958  EKtot   =      2128.5195  EPtot      =   -149351.6154
 BOND   =        62.0483  ANGLE   =       233.7062  DIHED      =       820.4600
 1-4 NB =       257.2170  1-4 EEL =     -4472.5747  VDWAALS    =     25175.0022
 EELEC  =   -171427.4743  EHBOND  =         0.0000  RESTRAINT  =         0.0000
 ------------------------------------------------------------------------------


 NSTEP =      900   TIME(PS) =       1.800  TEMP(K) =    30.35  PRESS =     0.0
 Etot   =   -147123.5425  EKtot   =      2223.6804  EPtot      =   -149347.2229
 BOND   =        60.4925  ANGLE   =       233.4849  DIHED      =       817.5295
 1-4 NB =       261.8219  1-4 EEL =     -4468.1485  VDWAALS    =     25069.8825
 EELEC  =   -171322.2858  EHBOND  =         0.0000  RESTRAINT  =         0.0000
 ------------------------------------------------------------------------------


 NSTEP =      950   TIME(PS) =       1.900  TEMP(K) =    31.28  PRESS =     0.0
 Etot   =   -147029.2141  EKtot   =      2292.0374  EPtot      =   -149321.2514
 BOND   =        61.7206  ANGLE   =       235.3444  DIHED      =       815.9939
 1-4 NB =       256.8914  1-4 EEL =     -4468.4528  VDWAALS    =     25083.3088
 EELEC  =   -171306.0577  EHBOND  =         0.0000  RESTRAINT  =         0.0000
 ------------------------------------------------------------------------------

check COM velocity, temp:        0.000024     0.00(Removed)

 NSTEP =     1000   TIME(PS) =       2.000  TEMP(K) =    32.53  PRESS =     0.0
 Etot   =   -146942.4702  EKtot   =      2383.4971  EPtot      =   -149325.9672
 BOND   =        60.1389  ANGLE   =       231.3953  DIHED      =       815.6444
 1-4 NB =       258.8732  1-4 EEL =     -4465.7150  VDWAALS    =     25053.8820
 EELEC  =   -171280.1861  EHBOND  =         0.0000  RESTRAINT  =         0.0000
 ------------------------------------------------------------------------------


 NSTEP =     1050   TIME(PS) =       2.100  TEMP(K) =    33.43  PRESS =     0.0
 Etot   =   -146859.2466  EKtot   =      2449.5896  EPtot      =   -149308.8362
 BOND   =        60.3966  ANGLE   =       239.3699  DIHED      =       813.6828
 1-4 NB =       259.7859  1-4 EEL =     -4471.7797  VDWAALS    =     25161.2812
 EELEC  =   -171371.5730  EHBOND  =         0.0000  RESTRAINT  =         0.0000
 ------------------------------------------------------------------------------


 NSTEP =     1100   TIME(PS) =       2.200  TEMP(K) =    33.87  PRESS =     0.0
 Etot   =   -146780.1313  EKtot   =      2481.6589  EPtot      =   -149261.7903
 BOND   =        61.3392  ANGLE   =       232.4200  DIHED      =       813.0477
 1-4 NB =       259.6489  1-4 EEL =     -4471.9009  VDWAALS    =     24921.2307
 EELEC  =   -171077.5759  EHBOND  =         0.0000  RESTRAINT  =         0.0000
 ------------------------------------------------------------------------------


 NSTEP =     1150   TIME(PS) =       2.300  TEMP(K) =    34.71  PRESS =     0.0
 Etot   =   -146703.1156  EKtot   =      2543.5549  EPtot      =   -149246.6706
 BOND   =        61.9676  ANGLE   =       235.3203  DIHED      =       812.3583
 1-4 NB =       258.5091  1-4 EEL =     -4473.0546  VDWAALS    =     24834.0636
 EELEC  =   -170975.8348  EHBOND  =         0.0000  RESTRAINT  =         0.0000
 ------------------------------------------------------------------------------


 NSTEP =     1200   TIME(PS) =       2.400  TEMP(K) =    35.83  PRESS =     0.0
 Etot   =   -146631.6182  EKtot   =      2625.7920  EPtot      =   -149257.4102
 BOND   =        62.9251  ANGLE   =       238.1589  DIHED      =       815.6332
 1-4 NB =       260.0488  1-4 EEL =     -4481.4007  VDWAALS    =     24984.3280
 EELEC  =   -171137.1035  EHBOND  =         0.0000  RESTRAINT  =         0.0000
 ------------------------------------------------------------------------------


 NSTEP =     1250   TIME(PS) =       2.500  TEMP(K) =    36.61  PRESS =     0.0
 Etot   =   -146564.8756  EKtot   =      2682.7097  EPtot      =   -149247.5853
 BOND   =        63.0859  ANGLE   =       241.1398  DIHED      =       820.2161
 1-4 NB =       259.4421  1-4 EEL =     -4480.1251  VDWAALS    =     25261.8224
 EELEC  =   -171413.1666  EHBOND  =         0.0000  RESTRAINT  =         0.0000
 ------------------------------------------------------------------------------


 NSTEP =     1300   TIME(PS) =       2.600  TEMP(K) =    37.43  PRESS =     0.0
 Etot   =   -146502.5555  EKtot   =      2742.5676  EPtot      =   -149245.1231
 BOND   =        61.5599  ANGLE   =       243.1110  DIHED      =       816.1609
 1-4 NB =       260.6467  1-4 EEL =     -4478.4755  VDWAALS    =     25241.0496
 EELEC  =   -171389.1758  EHBOND  =         0.0000  RESTRAINT  =         0.0000
 ------------------------------------------------------------------------------


 NSTEP =     1350   TIME(PS) =       2.700  TEMP(K) =    38.10  PRESS =     0.0
 Etot   =   -146442.6236  EKtot   =      2792.0046  EPtot      =   -149234.6283
 BOND   =        61.1246  ANGLE   =       242.9394  DIHED      =       819.0698
 1-4 NB =       259.8225  1-4 EEL =     -4481.9682  VDWAALS    =     25099.2140
 EELEC  =   -171234.8304  EHBOND  =         0.0000  RESTRAINT  =         0.0000
 ------------------------------------------------------------------------------


 NSTEP =     1400   TIME(PS) =       2.800  TEMP(K) =    38.37  PRESS =     0.0
 Etot   =   -146384.4710  EKtot   =      2811.5818  EPtot      =   -149196.0528
 BOND   =        62.5519  ANGLE   =       239.8974  DIHED      =       817.7783
 1-4 NB =       260.1563  1-4 EEL =     -4482.1840  VDWAALS    =     25192.6292
 EELEC  =   -171286.8818  EHBOND  =         0.0000  RESTRAINT  =         0.0000
 ------------------------------------------------------------------------------


 NSTEP =     1450   TIME(PS) =       2.900  TEMP(K) =    39.61  PRESS =     0.0
 Etot   =   -146331.1143  EKtot   =      2902.9404  EPtot      =   -149234.0547
 BOND   =        63.6561  ANGLE   =       236.2025  DIHED      =       825.3380
 1-4 NB =       258.9476  1-4 EEL =     -4483.3497  VDWAALS    =     25099.2358
 EELEC  =   -171234.0849  EHBOND  =         0.0000  RESTRAINT  =         0.0000
 ------------------------------------------------------------------------------


 NSTEP =     1500   TIME(PS) =       3.000  TEMP(K) =    40.09  PRESS =     0.0
 Etot   =   -146281.5929  EKtot   =      2938.0378  EPtot      =   -149219.6307
 BOND   =        59.2807  ANGLE   =       240.8479  DIHED      =       819.1780
 1-4 NB =       258.9553  1-4 EEL =     -4471.2045  VDWAALS    =     25175.1090
 EELEC  =   -171301.7971  EHBOND  =         0.0000  RESTRAINT  =         0.0000
 ------------------------------------------------------------------------------


 NSTEP =     1550   TIME(PS) =       3.100  TEMP(K) =    40.78  PRESS =     0.0
 Etot   =   -146235.1977  EKtot   =      2988.0403  EPtot      =   -149223.2380
 BOND   =        62.7260  ANGLE   =       247.7107  DIHED      =       816.1113
 1-4 NB =       254.4899  1-4 EEL =     -4486.9647  VDWAALS    =     25346.3802
 EELEC  =   -171463.6913  EHBOND  =         0.0000  RESTRAINT  =         0.0000
 ------------------------------------------------------------------------------


 NSTEP =     1600   TIME(PS) =       3.200  TEMP(K) =    41.37  PRESS =     0.0
 Etot   =   -146190.9757  EKtot   =      3031.6904  EPtot      =   -149222.6661
 BOND   =        62.6190  ANGLE   =       239.5346  DIHED      =       824.1997
 1-4 NB =       257.1789  1-4 EEL =     -4485.6464  VDWAALS    =     25354.5194
 EELEC  =   -171475.0714  EHBOND  =         0.0000  RESTRAINT  =         0.0000
 ------------------------------------------------------------------------------


 NSTEP =     1650   TIME(PS) =       3.300  TEMP(K) =    41.54  PRESS =     0.0
 Etot   =   -146149.8317  EKtot   =      3043.8596  EPtot      =   -149193.6914
 BOND   =        62.6257  ANGLE   =       246.1905  DIHED      =       824.5185
 1-4 NB =       260.1909  1-4 EEL =     -4478.4541  VDWAALS    =     25155.0352
 EELEC  =   -171263.7980  EHBOND  =         0.0000  RESTRAINT  =         0.0000
 ------------------------------------------------------------------------------


 NSTEP =     1700   TIME(PS) =       3.400  TEMP(K) =    42.08  PRESS =     0.0
 Etot   =   -146110.7116  EKtot   =      3083.7214  EPtot      =   -149194.4330
 BOND   =        64.4827  ANGLE   =       238.0269  DIHED      =       820.5821
 1-4 NB =       260.6838  1-4 EEL =     -4483.8839  VDWAALS    =     25161.6905
 EELEC  =   -171256.0150  EHBOND  =         0.0000  RESTRAINT  =         0.0000
 ------------------------------------------------------------------------------


 NSTEP =     1750   TIME(PS) =       3.500  TEMP(K) =    42.51  PRESS =     0.0
 Etot   =   -146074.0426  EKtot   =      3115.1677  EPtot      =   -149189.2103
 BOND   =        63.7513  ANGLE   =       241.9623  DIHED      =       824.8821
 1-4 NB =       259.7134  1-4 EEL =     -4483.8496  VDWAALS    =     25375.6846
 EELEC  =   -171471.3544  EHBOND  =         0.0000  RESTRAINT  =         0.0000
 ------------------------------------------------------------------------------


 NSTEP =     1800   TIME(PS) =       3.600  TEMP(K) =    43.11  PRESS =     0.0
 Etot   =   -146038.9005  EKtot   =      3159.3989  EPtot      =   -149198.2994
 BOND   =        61.8741  ANGLE   =       240.9263  DIHED      =       827.0750
 1-4 NB =       257.0556  1-4 EEL =     -4475.5095  VDWAALS    =     25459.2904
 EELEC  =   -171569.0113  EHBOND  =         0.0000  RESTRAINT  =         0.0000
 ------------------------------------------------------------------------------


 NSTEP =     1850   TIME(PS) =       3.700  TEMP(K) =    43.75  PRESS =     0.0
 Etot   =   -146005.3412  EKtot   =      3205.7244  EPtot      =   -149211.0656
 BOND   =        62.7503  ANGLE   =       236.6006  DIHED      =       831.1972
 1-4 NB =       260.2181  1-4 EEL =     -4473.0512  VDWAALS    =     25298.6166
 EELEC  =   -171427.3973  EHBOND  =         0.0000  RESTRAINT  =         0.0000
 ------------------------------------------------------------------------------


 NSTEP =     1900   TIME(PS) =       3.800  TEMP(K) =    44.57  PRESS =     0.0
 Etot   =   -145976.3998  EKtot   =      3265.7729  EPtot      =   -149242.1727
 BOND   =        66.0176  ANGLE   =       244.4581  DIHED      =       826.9522
 1-4 NB =       254.3092  1-4 EEL =     -4480.5295  VDWAALS    =     25289.6450
 EELEC  =   -171443.0252  EHBOND  =         0.0000  RESTRAINT  =         0.0000
 ------------------------------------------------------------------------------


 NSTEP =     1950   TIME(PS) =       3.900  TEMP(K) =    44.90  PRESS =     0.0
 Etot   =   -145952.5029  EKtot   =      3289.9978  EPtot      =   -149242.5007
 BOND   =        61.2732  ANGLE   =       242.0056  DIHED      =       828.2744
 1-4 NB =       264.4950  1-4 EEL =     -4471.2453  VDWAALS    =     25254.1621
 EELEC  =   -171421.4658  EHBOND  =         0.0000  RESTRAINT  =         0.0000
 ------------------------------------------------------------------------------

check COM velocity, temp:        0.000007     0.00(Removed)

 NSTEP =     2000   TIME(PS) =       4.000  TEMP(K) =    44.89  PRESS =     0.0
 Etot   =   -145927.2470  EKtot   =      3289.3635  EPtot      =   -149216.6105
 BOND   =        64.4223  ANGLE   =       243.4163  DIHED      =       825.8735
 1-4 NB =       256.1663  1-4 EEL =     -4476.9211  VDWAALS    =     25042.4091
 EELEC  =   -171171.9769  EHBOND  =         0.0000  RESTRAINT  =         0.0000
 ------------------------------------------------------------------------------


 NSTEP =     2050   TIME(PS) =       4.100  TEMP(K) =    45.88  PRESS =     0.0
 Etot   =   -145904.3520  EKtot   =      3361.7451  EPtot      =   -149266.0971
 BOND   =        64.5973  ANGLE   =       244.4863  DIHED      =       821.9444
 1-4 NB =       261.4551  1-4 EEL =     -4473.0199  VDWAALS    =     25146.3909
 EELEC  =   -171331.9512  EHBOND  =         0.0000  RESTRAINT  =         0.0000
 ------------------------------------------------------------------------------


 NSTEP =     2100   TIME(PS) =       4.200  TEMP(K) =    45.96  PRESS =     0.0
 Etot   =   -145884.2482  EKtot   =      3368.0339  EPtot      =   -149252.2822
 BOND   =        63.9201  ANGLE   =       254.9742  DIHED      =       817.1241
 1-4 NB =       256.2433  1-4 EEL =     -4476.7610  VDWAALS    =     25176.5492
 EELEC  =   -171344.3321  EHBOND  =         0.0000  RESTRAINT  =         0.0000
 ------------------------------------------------------------------------------


 NSTEP =     2150   TIME(PS) =       4.300  TEMP(K) =    46.07  PRESS =     0.0
 Etot   =   -145864.2921  EKtot   =      3376.1204  EPtot      =   -149240.4125
 BOND   =        62.1659  ANGLE   =       244.2011  DIHED      =       819.5190
 1-4 NB =       259.4446  1-4 EEL =     -4475.5539  VDWAALS    =     25164.7672
 EELEC  =   -171314.9564  EHBOND  =         0.0000  RESTRAINT  =         0.0000
 ------------------------------------------------------------------------------


 NSTEP =     2200   TIME(PS) =       4.400  TEMP(K) =    46.56  PRESS =     0.0
 Etot   =   -145846.0512  EKtot   =      3412.0090  EPtot      =   -149258.0603
 BOND   =        64.3581  ANGLE   =       241.5947  DIHED      =       815.1193
 1-4 NB =       258.1027  1-4 EEL =     -4463.4932  VDWAALS    =     25147.8109
 EELEC  =   -171321.5528  EHBOND  =         0.0000  RESTRAINT  =         0.0000
 ------------------------------------------------------------------------------


 NSTEP =     2250   TIME(PS) =       4.500  TEMP(K) =    46.70  PRESS =     0.0
 Etot   =   -145828.5660  EKtot   =      3422.4631  EPtot      =   -149251.0291
 BOND   =        62.7294  ANGLE   =       238.0493  DIHED      =       818.0447
 1-4 NB =       262.6516  1-4 EEL =     -4467.1404  VDWAALS    =     25223.7239
 EELEC  =   -171389.0876  EHBOND  =         0.0000  RESTRAINT  =         0.0000
 ------------------------------------------------------------------------------


 NSTEP =     2300   TIME(PS) =       4.600  TEMP(K) =    47.30  PRESS =     0.0
 Etot   =   -145814.6998  EKtot   =      3466.2615  EPtot      =   -149280.9612
 BOND   =        64.8883  ANGLE   =       245.0728  DIHED      =       820.8977
 1-4 NB =       261.9974  1-4 EEL =     -4475.3220  VDWAALS    =     25375.4691
 EELEC  =   -171573.9645  EHBOND  =         0.0000  RESTRAINT  =         0.0000
 ------------------------------------------------------------------------------


 NSTEP =     2350   TIME(PS) =       4.700  TEMP(K) =    47.24  PRESS =     0.0
 Etot   =   -145802.9382  EKtot   =      3461.9399  EPtot      =   -149264.8781
 BOND   =        65.0105  ANGLE   =       239.9926  DIHED      =       821.7082
 1-4 NB =       259.1359  1-4 EEL =     -4469.2004  VDWAALS    =     25151.8620
 EELEC  =   -171333.3869  EHBOND  =         0.0000  RESTRAINT  =         0.0000
 ------------------------------------------------------------------------------


 NSTEP =     2400   TIME(PS) =       4.800  TEMP(K) =    47.62  PRESS =     0.0
 Etot   =   -145790.6058  EKtot   =      3489.8696  EPtot      =   -149280.4754
 BOND   =        65.1909  ANGLE   =       247.3037  DIHED      =       822.4096
 1-4 NB =       256.7851  1-4 EEL =     -4466.3010  VDWAALS    =     25006.9387
 EELEC  =   -171212.8022  EHBOND  =         0.0000  RESTRAINT  =         0.0000
 ------------------------------------------------------------------------------


 NSTEP =     2450   TIME(PS) =       4.900  TEMP(K) =    47.87  PRESS =     0.0
 Etot   =   -145780.7985  EKtot   =      3507.7568  EPtot      =   -149288.5554
 BOND   =        63.0794  ANGLE   =       247.5655  DIHED      =       821.6746
 1-4 NB =       262.6769  1-4 EEL =     -4471.5680  VDWAALS    =     25249.7815
 EELEC  =   -171461.7652  EHBOND  =         0.0000  RESTRAINT  =         0.0000
 ------------------------------------------------------------------------------


 NSTEP =     2500   TIME(PS) =       5.000  TEMP(K) =    48.60  PRESS =     0.0
 Etot   =   -145771.2689  EKtot   =      3561.5295  EPtot      =   -149332.7985
 BOND   =        63.6222  ANGLE   =       249.8179  DIHED      =       819.0915
 1-4 NB =       259.1810  1-4 EEL =     -4464.0203  VDWAALS    =     25240.6430
 EELEC  =   -171501.1338  EHBOND  =         0.0000  RESTRAINT  =         0.0000
 ------------------------------------------------------------------------------


      A V E R A G E S   O V E R      50 S T E P S


 NSTEP =     2500   TIME(PS) =       5.000  TEMP(K) =    33.68  PRESS =     0.0
 Etot   =   -146931.5041  EKtot   =      2467.8014  EPtot      =   -149399.3056
 BOND   =        61.7083  ANGLE   =       237.7230  DIHED      =       819.3125
 1-4 NB =       259.0680  1-4 EEL =     -4474.6971  VDWAALS    =     25117.3965
 EELEC  =   -171419.8167  EHBOND  =         0.0000  RESTRAINT  =         0.0000
 ------------------------------------------------------------------------------


      R M S  F L U C T U A T I O N S


 NSTEP =     2500   TIME(PS) =       5.000  TEMP(K) =    12.06  PRESS =     0.0
 Etot   =      1119.1713  EKtot   =       883.7299  EPtot      =       255.5233
 BOND   =         2.1031  ANGLE   =         7.2977  DIHED      =         4.4913
 1-4 NB =         2.1109  1-4 EEL =         5.5629  VDWAALS    =       315.8130
 EELEC  =       400.7226  EHBOND  =         0.0000  RESTRAINT  =         0.0000
 ------------------------------------------------------------------------------

--------------------------------------------------------------------------------
   5.  TIMINGS
--------------------------------------------------------------------------------

|  NonSetup CPU Time in Major Routines:
|
|     Routine           Sec        %
|     ------------------------------
|     Nonbond           1.25    7.07
|     Bond              0.00    0.00
|     Angle             0.00    0.00
|     Dihedral          0.00    0.00
|     Shake             0.02    0.09
|     RunMD            16.45   92.80
|     Other             0.01    0.04
|     ------------------------------
|     Total            17.72

|  PME Nonbond Pairlist CPU Time:
|
|     Routine              Sec        %
|     ---------------------------------
|     Set Up Cit           0.00    0.00
|     Build List           0.00    0.00
|     ---------------------------------
|     Total                0.00    0.00

|  PME Direct Force CPU Time:
|
|     Routine              Sec        %
|     ---------------------------------
|     NonBonded Calc       0.00    0.00
|     Exclude Masked       0.00    0.00
|     Other                0.00    0.02
|     ---------------------------------
|     Total                0.00    0.02

|  PME Reciprocal Force CPU Time:
|
|     Routine              Sec        %
|     ---------------------------------
|     1D bspline           0.00    0.00
|     Grid Charges         0.00    0.00
|     Scalar Sum           0.00    0.00
|     Gradient Sum         0.00    0.00
|     FFT                  0.00    0.00
|     ---------------------------------
|     Total                0.00    0.00

|  Final Performance Info:
|     -----------------------------------------------------
|     Average timings for last    2500 steps:
|     Elapsed(s) =      17.91 Per Step(ms) =       7.16
|         ns/day =      24.13   seconds/ns =    3581.06
|
|     Average timings for all steps:
|     Elapsed(s) =      17.91 Per Step(ms) =       7.16
|         ns/day =      24.13   seconds/ns =    3581.06
|     -----------------------------------------------------

|  Setup CPU time:            1.54 seconds
|  NonSetup CPU time:        17.72 seconds
|  Total CPU time:           19.27 seconds     0.01 hours

|  Setup wall time:           1    seconds
|  NonSetup wall time:       18    seconds
|  Total wall time:          19    seconds     0.01 hours
