
          -------------------------------------------------------
          Amber 16 PMEMD                              2016
          -------------------------------------------------------

| PMEMD implementation of SANDER, Release 16

| Run on 01/17/2024 at 23:08:59

|   Executable path: pmemd.cuda
| Working directory: /home/students/keyq/fuben/input/7/nLG7right
|          Hostname: master

  [-O]verwriting output

File Assignments:
|   MDIN: heat5.in                                                              
|  MDOUT: cmp_heat5.out                                                         
| INPCRD: cmp_heat4.rst                                                         
|   PARM: cmp.prmtop                                                            
| RESTRT: cmp_heat5.rst                                                         
|   REFC: cmp.inpcrd                                                            
|  MDVEL: mdvel                                                                 
|   MDEN: mden                                                                  
|  MDCRD: cmp_heat5.mdcrd                                                       
| MDINFO: mdinfo                                                                
|  MDFRC: mdfrc                                                                 


 Here is the input file:

Stage 2 equilibration 1 0-5ns                                                  
 &cntrl                                                                        
  imin=0, irest=1, ntx=5,                                                      
  nstlim=4000, dt=0.002,                                                       
  ntc=2, ntf=2,                                                                
  ntt=1, tautp=1.5,                                                            
  tempi=200.0, temp0=255.0,                                                    
  ntpr=50, ntwx=50,                                                            
  ntb=1,                                                                       
  cut=10,                                                                      
 /                                                                             


Note: ig = -1. Setting random seed to   851518 based on wallclock time in 
      microseconds.
 
|--------------------- INFORMATION ----------------------
| GPU (CUDA) Version of PMEMD in use: NVIDIA GPU IN USE.
|                    Version 16.0.0
| 
|                      02/25/2016
| 
| Implementation by:
|                    Ross C. Walker     (SDSC)
|                    Scott Le Grand     (nVIDIA)
| 
| Precision model in use:
|      [SPFP] - Single Precision Forces, 64-bit Fixed Point
|               Accumulation. (Default)
| 
|--------------------------------------------------------
 
|----------------- CITATION INFORMATION -----------------
|
|    When publishing work that utilized the CUDA version
|    of AMBER, please cite the following in addition to
|    the regular AMBER citations:
|
|  - Romelia Salomon-Ferrer; Andreas W. Goetz; Duncan
|    Poole; Scott Le Grand; Ross C. Walker "Routine
|    microsecond molecular dynamics simulations with
|    AMBER - Part II: Particle Mesh Ewald", J. Chem.
|    Theory Comput., 2013, 9 (9), pp3878-3888,
|    DOI: 10.1021/ct400314y.
|
|  - Andreas W. Goetz; Mark J. Williamson; Dong Xu;
|    Duncan Poole; Scott Le Grand; Ross C. Walker
|    "Routine microsecond molecular dynamics simulations
|    with AMBER - Part I: Generalized Born", J. Chem.
|    Theory Comput., 2012, 8 (5), pp1542-1555.
|
|  - Scott Le Grand; Andreas W. Goetz; Ross C. Walker
|    "SPFP: Speed without compromise - a mixed precision
|    model for GPU accelerated molecular dynamics
|    simulations.", Comp. Phys. Comm., 2013, 184
|    pp374-380, DOI: 10.1016/j.cpc.2012.09.022
|
|--------------------------------------------------------
 
|------------------- GPU DEVICE INFO --------------------
|
|            CUDA_VISIBLE_DEVICES: 0
|   CUDA Capable Devices Detected:      1
|           CUDA Device ID in use:      0
|                CUDA Device Name: Tesla V100-PCIE-32GB
|     CUDA Device Global Mem Size:  32510 MB
| CUDA Device Num Multiprocessors:     80
|           CUDA Device Core Freq:   1.38 GHz
|
|--------------------------------------------------------
 
 
| Conditional Compilation Defines Used:
| PUBFFT
| BINTRAJ
| CUDA
| EMIL

| Largest sphere to fit in unit cell has radius =    33.139

| New format PARM file being parsed.
| Version =    1.000 Date = 01/29/21 Time = 15:09:20

| Note: 1-4 EEL scale factors are being read from the topology file.

| Note: 1-4 VDW scale factors are being read from the topology file.
| Duplicated    0 dihedrals

| Duplicated    0 dihedrals

--------------------------------------------------------------------------------
   1.  RESOURCE   USE: 
--------------------------------------------------------------------------------

 getting box info from netcdf restart file
 NATOM  =   36508 NTYPES =      18 NBONH =   35769 MBONA  =     790
 NTHETH =     882 MTHETA =    1223 NPHIH =    1873 MPHIA  =    2451
 NHPARM =       0 NPARM  =       0 NNB   =   53274 NRES   =   11862
 NBONA  =     790 NTHETA =    1223 NPHIA =    2451 NUMBND =      73
 NUMANG =     152 NPTRA  =      87 NATYP =      37 NPHB   =       1
 IFBOX  =       2 NMXRS  =      34 IFCAP =       0 NEXTRA =       0
 NCOPY  =       0

| Coordinate Index Table dimensions:    13   13   13
| Direct force subcell size =     6.2440    6.2440    6.2440

     BOX TYPE: TRUNCATED OCTAHEDRON

--------------------------------------------------------------------------------
   2.  CONTROL  DATA  FOR  THE  RUN
--------------------------------------------------------------------------------

default_name                                                                    

General flags:
     imin    =       0, nmropt  =       0

Nature and format of input:
     ntx     =       5, irest   =       1, ntrx    =       1

Nature and format of output:
     ntxo    =       2, ntpr    =      50, ntrx    =       1, ntwr    =    4000
     iwrap   =       0, ntwx    =      50, ntwv    =       0, ntwe    =       0
     ioutfm  =       1, ntwprt  =       0, idecomp =       0, rbornstat=      0

Potential function:
     ntf     =       2, ntb     =       1, igb     =       0, nsnb    =      25
     ipol    =       0, gbsa    =       0, iesp    =       0
     dielc   =   1.00000, cut     =  10.00000, intdiel =   1.00000

Frozen or restrained atoms:
     ibelly  =       0, ntr     =       0

Molecular dynamics:
     nstlim  =      4000, nscm    =      1000, nrespa  =         1
     t       =   0.00000, dt      =   0.00200, vlimit  =  -1.00000

Berendsen (weak-coupling) temperature regulation:
     temp0   = 255.00000, tempi   = 200.00000, tautp   =   1.50000

SHAKE:
     ntc     =       2, jfastw  =       0
     tol     =   0.00001

| Intermolecular bonds treatment:
|     no_intermolecular_bonds =       1

| Energy averages sample interval:
|     ene_avg_sampling =      50

Ewald parameters:
     verbose =       0, ew_type =       0, nbflag  =       1, use_pme =       1
     vdwmeth =       1, eedmeth =       1, netfrc  =       1
     Box X =   81.172   Box Y =   81.172   Box Z =   81.172
     Alpha =  109.471   Beta  =  109.471   Gamma =  109.471
     NFFT1 =   84       NFFT2 =   84       NFFT3 =   84
     Cutoff=   10.000   Tol   =0.100E-04
     Ewald Coefficient =  0.27511
     Interpolation order =    4

--------------------------------------------------------------------------------
   3.  ATOMIC COORDINATES AND VELOCITIES
--------------------------------------------------------------------------------

default_name                                                                    
 begin time read from input coords =    20.000 ps

 
 Number of triangulated 3-point waters found:    11796

     Sum of charges from parm topology file =   0.00000010
     Forcing neutrality...

| Dynamic Memory, Types Used:
| Reals             1058206
| Integers           878432

| Nonbonded Pairs Initial Allocation:    11042757

| GPU memory information (estimate):
| KB of GPU memory in use:    171465
| KB of CPU memory in use:     60333

--------------------------------------------------------------------------------
   4.  RESULTS
--------------------------------------------------------------------------------

 ---------------------------------------------------
 APPROXIMATING switch and d/dx switch using CUBIC SPLINE INTERPOLATION
 using   5000.0 points per unit in tabled values
 TESTING RELATIVE ERROR over r ranging from 0.0 to cutoff
| CHECK switch(x): max rel err =   0.2738E-14   at   2.422500
| CHECK d/dx switch(x): max rel err =   0.8314E-11   at   2.736960
 ---------------------------------------------------
|---------------------------------------------------
| APPROXIMATING direct energy using CUBIC SPLINE INTERPOLATION
|  with   50.0 points per unit in tabled values
| Relative Error Limit not exceeded for r .gt.   2.33
| APPROXIMATING direct force using CUBIC SPLINE INTERPOLATION
|  with   50.0 points per unit in tabled values
| Relative Error Limit not exceeded for r .gt.   2.80
|---------------------------------------------------

 NSTEP =       50   TIME(PS) =      20.100  TEMP(K) =   187.33  PRESS =     0.0
 Etot   =   -125099.1637  EKtot   =     13727.5371  EPtot      =   -138826.7008
 BOND   =       171.1130  ANGLE   =       411.3725  DIHED      =       854.3263
 1-4 NB =       276.0135  1-4 EEL =     -4483.4340  VDWAALS    =     21938.9186
 EELEC  =   -157995.0108  EHBOND  =         0.0000  RESTRAINT  =         0.0000
 ------------------------------------------------------------------------------


 NSTEP =      100   TIME(PS) =      20.200  TEMP(K) =   190.20  PRESS =     0.0
 Etot   =   -124778.5912  EKtot   =     13938.1211  EPtot      =   -138716.7123
 BOND   =       176.8088  ANGLE   =       423.6608  DIHED      =       858.4251
 1-4 NB =       278.7513  1-4 EEL =     -4498.0471  VDWAALS    =     21964.0530
 EELEC  =   -157920.3643  EHBOND  =         0.0000  RESTRAINT  =         0.0000
 ------------------------------------------------------------------------------


 NSTEP =      150   TIME(PS) =      20.300  TEMP(K) =   190.16  PRESS =     0.0
 Etot   =   -124466.2300  EKtot   =     13935.1924  EPtot      =   -138401.4224
 BOND   =       171.1072  ANGLE   =       430.1451  DIHED      =       875.0671
 1-4 NB =       281.5800  1-4 EEL =     -4508.7320  VDWAALS    =     22125.1971
 EELEC  =   -157775.7868  EHBOND  =         0.0000  RESTRAINT  =         0.0000
 ------------------------------------------------------------------------------


 NSTEP =      200   TIME(PS) =      20.400  TEMP(K) =   193.77  PRESS =     0.0
 Etot   =   -124158.6964  EKtot   =     14199.3271  EPtot      =   -138358.0235
 BOND   =       165.6115  ANGLE   =       431.4134  DIHED      =       860.0569
 1-4 NB =       278.8976  1-4 EEL =     -4493.1135  VDWAALS    =     21451.5655
 EELEC  =   -157052.4551  EHBOND  =         0.0000  RESTRAINT  =         0.0000
 ------------------------------------------------------------------------------


 NSTEP =      250   TIME(PS) =      20.500  TEMP(K) =   194.32  PRESS =     0.0
 Etot   =   -123854.0232  EKtot   =     14239.4160  EPtot      =   -138093.4392
 BOND   =       163.7376  ANGLE   =       441.9276  DIHED      =       876.3980
 1-4 NB =       279.1741  1-4 EEL =     -4493.4679  VDWAALS    =     21747.8408
 EELEC  =   -157109.0494  EHBOND  =         0.0000  RESTRAINT  =         0.0000
 ------------------------------------------------------------------------------


 NSTEP =      300   TIME(PS) =      20.600  TEMP(K) =   197.15  PRESS =     0.0
 Etot   =   -123568.1099  EKtot   =     14447.4463  EPtot      =   -138015.5562
 BOND   =       172.0606  ANGLE   =       410.0316  DIHED      =       868.4528
 1-4 NB =       287.1673  1-4 EEL =     -4488.4156  VDWAALS    =     21664.4027
 EELEC  =   -156929.2557  EHBOND  =         0.0000  RESTRAINT  =         0.0000
 ------------------------------------------------------------------------------


 NSTEP =      350   TIME(PS) =      20.700  TEMP(K) =   198.78  PRESS =     0.0
 Etot   =   -123286.9631  EKtot   =     14566.8398  EPtot      =   -137853.8029
 BOND   =       174.8538  ANGLE   =       429.0492  DIHED      =       868.0663
 1-4 NB =       269.4895  1-4 EEL =     -4483.9292  VDWAALS    =     21703.9392
 EELEC  =   -156815.2718  EHBOND  =         0.0000  RESTRAINT  =         0.0000
 ------------------------------------------------------------------------------


 NSTEP =      400   TIME(PS) =      20.800  TEMP(K) =   200.11  PRESS =     0.0
 Etot   =   -123010.5933  EKtot   =     14664.0010  EPtot      =   -137674.5942
 BOND   =       164.3181  ANGLE   =       438.6292  DIHED      =       868.8400
 1-4 NB =       268.3650  1-4 EEL =     -4461.7787  VDWAALS    =     21556.2583
 EELEC  =   -156509.2262  EHBOND  =         0.0000  RESTRAINT  =         0.0000
 ------------------------------------------------------------------------------


 NSTEP =      450   TIME(PS) =      20.900  TEMP(K) =   201.70  PRESS =     0.0
 Etot   =   -122743.6731  EKtot   =     14780.4189  EPtot      =   -137524.0921
 BOND   =       181.8986  ANGLE   =       434.5820  DIHED      =       876.6333
 1-4 NB =       291.0034  1-4 EEL =     -4481.7169  VDWAALS    =     21406.7502
 EELEC  =   -156233.2425  EHBOND  =         0.0000  RESTRAINT  =         0.0000
 ------------------------------------------------------------------------------


 NSTEP =      500   TIME(PS) =      21.000  TEMP(K) =   202.14  PRESS =     0.0
 Etot   =   -122483.9400  EKtot   =     14812.7686  EPtot      =   -137296.7085
 BOND   =       171.3941  ANGLE   =       426.2062  DIHED      =       876.9302
 1-4 NB =       272.5629  1-4 EEL =     -4478.9102  VDWAALS    =     21395.7996
 EELEC  =   -155960.6912  EHBOND  =         0.0000  RESTRAINT  =         0.0000
 ------------------------------------------------------------------------------


 NSTEP =      550   TIME(PS) =      21.100  TEMP(K) =   204.25  PRESS =     0.0
 Etot   =   -122230.2262  EKtot   =     14967.3535  EPtot      =   -137197.5797
 BOND   =       179.0422  ANGLE   =       441.8078  DIHED      =       870.2649
 1-4 NB =       275.2607  1-4 EEL =     -4488.0391  VDWAALS    =     21382.8395
 EELEC  =   -155858.7557  EHBOND  =         0.0000  RESTRAINT  =         0.0000
 ------------------------------------------------------------------------------


 NSTEP =      600   TIME(PS) =      21.200  TEMP(K) =   204.27  PRESS =     0.0
 Etot   =   -121982.8010  EKtot   =     14969.1670  EPtot      =   -136951.9680
 BOND   =       174.2318  ANGLE   =       451.0179  DIHED      =       878.9895
 1-4 NB =       271.2470  1-4 EEL =     -4496.4483  VDWAALS    =     21293.3253
 EELEC  =   -155524.3310  EHBOND  =         0.0000  RESTRAINT  =         0.0000
 ------------------------------------------------------------------------------


 NSTEP =      650   TIME(PS) =      21.300  TEMP(K) =   205.32  PRESS =     0.0
 Etot   =   -121740.5633  EKtot   =     15046.0391  EPtot      =   -136786.6023
 BOND   =       186.2668  ANGLE   =       457.1390  DIHED      =       885.0010
 1-4 NB =       267.2558  1-4 EEL =     -4472.1748  VDWAALS    =     21264.5281
 EELEC  =   -155374.6184  EHBOND  =         0.0000  RESTRAINT  =         0.0000
 ------------------------------------------------------------------------------


 NSTEP =      700   TIME(PS) =      21.400  TEMP(K) =   207.52  PRESS =     0.0
 Etot   =   -121507.1231  EKtot   =     15207.3047  EPtot      =   -136714.4278
 BOND   =       174.0140  ANGLE   =       450.9580  DIHED      =       872.1259
 1-4 NB =       286.0230  1-4 EEL =     -4467.1470  VDWAALS    =     21278.7216
 EELEC  =   -155309.1232  EHBOND  =         0.0000  RESTRAINT  =         0.0000
 ------------------------------------------------------------------------------


 NSTEP =      750   TIME(PS) =      21.500  TEMP(K) =   207.86  PRESS =     0.0
 Etot   =   -121278.7511  EKtot   =     15231.9092  EPtot      =   -136510.6603
 BOND   =       183.6765  ANGLE   =       439.9713  DIHED      =       869.8009
 1-4 NB =       273.5344  1-4 EEL =     -4500.2254  VDWAALS    =     21228.7495
 EELEC  =   -155006.1674  EHBOND  =         0.0000  RESTRAINT  =         0.0000
 ------------------------------------------------------------------------------


 NSTEP =      800   TIME(PS) =      21.600  TEMP(K) =   210.99  PRESS =     0.0
 Etot   =   -121054.1391  EKtot   =     15461.0869  EPtot      =   -136515.2260
 BOND   =       190.2636  ANGLE   =       440.8142  DIHED      =       877.7183
 1-4 NB =       272.8237  1-4 EEL =     -4479.7144  VDWAALS    =     21130.1997
 EELEC  =   -154947.3310  EHBOND  =         0.0000  RESTRAINT  =         0.0000
 ------------------------------------------------------------------------------


 NSTEP =      850   TIME(PS) =      21.700  TEMP(K) =   211.33  PRESS =     0.0
 Etot   =   -120837.1186  EKtot   =     15486.5215  EPtot      =   -136323.6401
 BOND   =       190.9482  ANGLE   =       457.7909  DIHED      =       857.7976
 1-4 NB =       282.4314  1-4 EEL =     -4508.3435  VDWAALS    =     21037.2294
 EELEC  =   -154641.4941  EHBOND  =         0.0000  RESTRAINT  =         0.0000
 ------------------------------------------------------------------------------


 NSTEP =      900   TIME(PS) =      21.800  TEMP(K) =   211.94  PRESS =     0.0
 Etot   =   -120626.5621  EKtot   =     15530.6260  EPtot      =   -136157.1881
 BOND   =       181.8136  ANGLE   =       460.1382  DIHED      =       863.5951
 1-4 NB =       281.0419  1-4 EEL =     -4488.8772  VDWAALS    =     20998.5044
 EELEC  =   -154453.4040  EHBOND  =         0.0000  RESTRAINT  =         0.0000
 ------------------------------------------------------------------------------


 NSTEP =      950   TIME(PS) =      21.900  TEMP(K) =   212.00  PRESS =     0.0
 Etot   =   -120418.1066  EKtot   =     15535.5391  EPtot      =   -135953.6456
 BOND   =       192.7296  ANGLE   =       460.1128  DIHED      =       879.1758
 1-4 NB =       280.1359  1-4 EEL =     -4486.6305  VDWAALS    =     20923.0823
 EELEC  =   -154202.2515  EHBOND  =         0.0000  RESTRAINT  =         0.0000
 ------------------------------------------------------------------------------

check COM velocity, temp:        0.000008     0.00(Removed)

 NSTEP =     1000   TIME(PS) =      22.000  TEMP(K) =   212.83  PRESS =     0.0
 Etot   =   -120215.0715  EKtot   =     15595.9355  EPtot      =   -135811.0070
 BOND   =       187.1798  ANGLE   =       465.3465  DIHED      =       873.7563
 1-4 NB =       287.0943  1-4 EEL =     -4504.8582  VDWAALS    =     21002.3331
 EELEC  =   -154121.8588  EHBOND  =         0.0000  RESTRAINT  =         0.0000
 ------------------------------------------------------------------------------


 NSTEP =     1050   TIME(PS) =      22.100  TEMP(K) =   215.22  PRESS =     0.0
 Etot   =   -120020.7378  EKtot   =     15771.2002  EPtot      =   -135791.9380
 BOND   =       179.1989  ANGLE   =       465.6304  DIHED      =       878.5142
 1-4 NB =       278.1998  1-4 EEL =     -4499.6858  VDWAALS    =     20908.1778
 EELEC  =   -154001.9732  EHBOND  =         0.0000  RESTRAINT  =         0.0000
 ------------------------------------------------------------------------------


 NSTEP =     1100   TIME(PS) =      22.200  TEMP(K) =   215.62  PRESS =     0.0
 Etot   =   -119826.5526  EKtot   =     15800.7168  EPtot      =   -135627.2694
 BOND   =       199.1646  ANGLE   =       461.4408  DIHED      =       876.0321
 1-4 NB =       278.8008  1-4 EEL =     -4473.1119  VDWAALS    =     20741.6921
 EELEC  =   -153711.2878  EHBOND  =         0.0000  RESTRAINT  =         0.0000
 ------------------------------------------------------------------------------


 NSTEP =     1150   TIME(PS) =      22.300  TEMP(K) =   215.54  PRESS =     0.0
 Etot   =   -119634.5625  EKtot   =     15794.8896  EPtot      =   -135429.4522
 BOND   =       187.4806  ANGLE   =       457.1993  DIHED      =       878.0827
 1-4 NB =       276.5082  1-4 EEL =     -4514.6680  VDWAALS    =     20620.5711
 EELEC  =   -153334.6260  EHBOND  =         0.0000  RESTRAINT  =         0.0000
 ------------------------------------------------------------------------------


 NSTEP =     1200   TIME(PS) =      22.400  TEMP(K) =   219.59  PRESS =     0.0
 Etot   =   -119455.7783  EKtot   =     16091.5371  EPtot      =   -135547.3154
 BOND   =       185.0587  ANGLE   =       472.1320  DIHED      =       872.2665
 1-4 NB =       283.9532  1-4 EEL =     -4505.9542  VDWAALS    =     20713.9389
 EELEC  =   -153568.7106  EHBOND  =         0.0000  RESTRAINT  =         0.0000
 ------------------------------------------------------------------------------


 NSTEP =     1250   TIME(PS) =      22.500  TEMP(K) =   219.87  PRESS =     0.0
 Etot   =   -119279.5198  EKtot   =     16111.8340  EPtot      =   -135391.3538
 BOND   =       190.0611  ANGLE   =       474.1970  DIHED      =       873.8526
 1-4 NB =       270.1282  1-4 EEL =     -4477.1011  VDWAALS    =     20784.3731
 EELEC  =   -153506.8646  EHBOND  =         0.0000  RESTRAINT  =         0.0000
 ------------------------------------------------------------------------------


 NSTEP =     1300   TIME(PS) =      22.600  TEMP(K) =   219.61  PRESS =     0.0
 Etot   =   -119105.2637  EKtot   =     16092.9619  EPtot      =   -135198.2256
 BOND   =       208.3690  ANGLE   =       463.5766  DIHED      =       874.2069
 1-4 NB =       275.2202  1-4 EEL =     -4505.3021  VDWAALS    =     20780.6218
 EELEC  =   -153294.9180  EHBOND  =         0.0000  RESTRAINT  =         0.0000
 ------------------------------------------------------------------------------


 NSTEP =     1350   TIME(PS) =      22.700  TEMP(K) =   220.37  PRESS =     0.0
 Etot   =   -118932.8094  EKtot   =     16148.7295  EPtot      =   -135081.5389
 BOND   =       198.4135  ANGLE   =       471.7605  DIHED      =       875.3604
 1-4 NB =       290.0700  1-4 EEL =     -4511.7541  VDWAALS    =     20483.5097
 EELEC  =   -152888.8987  EHBOND  =         0.0000  RESTRAINT  =         0.0000
 ------------------------------------------------------------------------------


 NSTEP =     1400   TIME(PS) =      22.800  TEMP(K) =   218.28  PRESS =     0.0
 Etot   =   -118759.1218  EKtot   =     15995.4951  EPtot      =   -134754.6169
 BOND   =       209.8217  ANGLE   =       479.3321  DIHED      =       885.1892
 1-4 NB =       272.2341  1-4 EEL =     -4513.4681  VDWAALS    =     20459.5945
 EELEC  =   -152547.3204  EHBOND  =         0.0000  RESTRAINT  =         0.0000
 ------------------------------------------------------------------------------


 NSTEP =     1450   TIME(PS) =      22.900  TEMP(K) =   220.08  PRESS =     0.0
 Etot   =   -118594.6539  EKtot   =     16127.5508  EPtot      =   -134722.2046
 BOND   =       189.1000  ANGLE   =       478.7723  DIHED      =       873.0041
 1-4 NB =       273.6901  1-4 EEL =     -4480.3176  VDWAALS    =     20541.7822
 EELEC  =   -152598.2357  EHBOND  =         0.0000  RESTRAINT  =         0.0000
 ------------------------------------------------------------------------------


 NSTEP =     1500   TIME(PS) =      23.000  TEMP(K) =   222.00  PRESS =     0.0
 Etot   =   -118431.1722  EKtot   =     16268.1719  EPtot      =   -134699.3441
 BOND   =       204.5689  ANGLE   =       462.8585  DIHED      =       882.3874
 1-4 NB =       273.1701  1-4 EEL =     -4486.1603  VDWAALS    =     20478.7810
 EELEC  =   -152514.9497  EHBOND  =         0.0000  RESTRAINT  =         0.0000
 ------------------------------------------------------------------------------


 NSTEP =     1550   TIME(PS) =      23.100  TEMP(K) =   223.64  PRESS =     0.0
 Etot   =   -118273.6725  EKtot   =     16388.3965  EPtot      =   -134662.0690
 BOND   =       187.3350  ANGLE   =       462.1558  DIHED      =       888.3932
 1-4 NB =       284.6067  1-4 EEL =     -4509.5365  VDWAALS    =     20150.7850
 EELEC  =   -152125.8081  EHBOND  =         0.0000  RESTRAINT  =         0.0000
 ------------------------------------------------------------------------------


 NSTEP =     1600   TIME(PS) =      23.200  TEMP(K) =   223.83  PRESS =     0.0
 Etot   =   -118113.5633  EKtot   =     16402.1191  EPtot      =   -134515.6825
 BOND   =       209.1337  ANGLE   =       492.4170  DIHED      =       865.7820
 1-4 NB =       274.4096  1-4 EEL =     -4522.6500  VDWAALS    =     20219.4672
 EELEC  =   -152054.2420  EHBOND  =         0.0000  RESTRAINT  =         0.0000
 ------------------------------------------------------------------------------


 NSTEP =     1650   TIME(PS) =      23.300  TEMP(K) =   223.70  PRESS =     0.0
 Etot   =   -117962.1081  EKtot   =     16392.4316  EPtot      =   -134354.5398
 BOND   =       216.3859  ANGLE   =       484.1101  DIHED      =       884.5619
 1-4 NB =       273.6569  1-4 EEL =     -4532.5539  VDWAALS    =     20275.8549
 EELEC  =   -151956.5555  EHBOND  =         0.0000  RESTRAINT  =         0.0000
 ------------------------------------------------------------------------------


 NSTEP =     1700   TIME(PS) =      23.400  TEMP(K) =   224.75  PRESS =     0.0
 Etot   =   -117810.6323  EKtot   =     16469.3809  EPtot      =   -134280.0132
 BOND   =       212.0062  ANGLE   =       476.3160  DIHED      =       882.3609
 1-4 NB =       278.4683  1-4 EEL =     -4520.5567  VDWAALS    =     20243.0727
 EELEC  =   -151851.6806  EHBOND  =         0.0000  RESTRAINT  =         0.0000
 ------------------------------------------------------------------------------


 NSTEP =     1750   TIME(PS) =      23.500  TEMP(K) =   226.05  PRESS =     0.0
 Etot   =   -117662.4282  EKtot   =     16564.7031  EPtot      =   -134227.1313
 BOND   =       193.4960  ANGLE   =       488.6587  DIHED      =       890.4920
 1-4 NB =       287.5933  1-4 EEL =     -4503.7497  VDWAALS    =     20147.1919
 EELEC  =   -151730.8134  EHBOND  =         0.0000  RESTRAINT  =         0.0000
 ------------------------------------------------------------------------------


 NSTEP =     1800   TIME(PS) =      23.600  TEMP(K) =   227.33  PRESS =     0.0
 Etot   =   -117523.8226  EKtot   =     16658.9121  EPtot      =   -134182.7347
 BOND   =       207.0152  ANGLE   =       477.1429  DIHED      =       874.4839
 1-4 NB =       274.2904  1-4 EEL =     -4513.1778  VDWAALS    =     19833.7963
 EELEC  =   -151336.2857  EHBOND  =         0.0000  RESTRAINT  =         0.0000
 ------------------------------------------------------------------------------


 NSTEP =     1850   TIME(PS) =      23.700  TEMP(K) =   226.58  PRESS =     0.0
 Etot   =   -117380.5160  EKtot   =     16603.8438  EPtot      =   -133984.3598
 BOND   =       205.2038  ANGLE   =       483.9595  DIHED      =       882.8115
 1-4 NB =       289.9867  1-4 EEL =     -4505.5909  VDWAALS    =     20029.0149
 EELEC  =   -151369.7452  EHBOND  =         0.0000  RESTRAINT  =         0.0000
 ------------------------------------------------------------------------------


 NSTEP =     1900   TIME(PS) =      23.800  TEMP(K) =   225.81  PRESS =     0.0
 Etot   =   -117240.3871  EKtot   =     16547.5273  EPtot      =   -133787.9144
 BOND   =       193.3398  ANGLE   =       476.0335  DIHED      =       883.0759
 1-4 NB =       273.4625  1-4 EEL =     -4469.6330  VDWAALS    =     20076.1099
 EELEC  =   -151220.3030  EHBOND  =         0.0000  RESTRAINT  =         0.0000
 ------------------------------------------------------------------------------


 NSTEP =     1950   TIME(PS) =      23.900  TEMP(K) =   227.83  PRESS =     0.0
 Etot   =   -117108.0394  EKtot   =     16695.0156  EPtot      =   -133803.0550
 BOND   =       198.5057  ANGLE   =       486.6675  DIHED      =       884.6906
 1-4 NB =       277.1042  1-4 EEL =     -4490.4899  VDWAALS    =     20078.7747
 EELEC  =   -151238.3078  EHBOND  =         0.0000  RESTRAINT  =         0.0000
 ------------------------------------------------------------------------------

check COM velocity, temp:        0.000007     0.00(Removed)

 NSTEP =     2000   TIME(PS) =      24.000  TEMP(K) =   228.58  PRESS =     0.0
 Etot   =   -116976.9856  EKtot   =     16749.9336  EPtot      =   -133726.9192
 BOND   =       203.1724  ANGLE   =       513.1729  DIHED      =       892.4438
 1-4 NB =       288.4984  1-4 EEL =     -4489.7897  VDWAALS    =     20051.8112
 EELEC  =   -151186.2282  EHBOND  =         0.0000  RESTRAINT  =         0.0000
 ------------------------------------------------------------------------------


 NSTEP =     2050   TIME(PS) =      24.100  TEMP(K) =   227.89  PRESS =     0.0
 Etot   =   -116847.9329  EKtot   =     16699.9824  EPtot      =   -133547.9153
 BOND   =       212.9013  ANGLE   =       487.3564  DIHED      =       877.8630
 1-4 NB =       277.1145  1-4 EEL =     -4499.9085  VDWAALS    =     19867.9237
 EELEC  =   -150771.1657  EHBOND  =         0.0000  RESTRAINT  =         0.0000
 ------------------------------------------------------------------------------


 NSTEP =     2100   TIME(PS) =      24.200  TEMP(K) =   228.20  PRESS =     0.0
 Etot   =   -116720.8228  EKtot   =     16722.7598  EPtot      =   -133443.5826
 BOND   =       207.6591  ANGLE   =       468.8946  DIHED      =       885.3115
 1-4 NB =       280.5537  1-4 EEL =     -4468.7321  VDWAALS    =     19613.2905
 EELEC  =   -150430.5598  EHBOND  =         0.0000  RESTRAINT  =         0.0000
 ------------------------------------------------------------------------------


 NSTEP =     2150   TIME(PS) =      24.300  TEMP(K) =   227.57  PRESS =     0.0
 Etot   =   -116591.4888  EKtot   =     16676.1660  EPtot      =   -133267.6549
 BOND   =       217.6588  ANGLE   =       469.9490  DIHED      =       891.6821
 1-4 NB =       281.4687  1-4 EEL =     -4485.5717  VDWAALS    =     19977.5497
 EELEC  =   -150620.3915  EHBOND  =         0.0000  RESTRAINT  =         0.0000
 ------------------------------------------------------------------------------


 NSTEP =     2200   TIME(PS) =      24.400  TEMP(K) =   230.12  PRESS =     0.0
 Etot   =   -116470.5844  EKtot   =     16863.0547  EPtot      =   -133333.6391
 BOND   =       222.7946  ANGLE   =       499.6794  DIHED      =       892.7143
 1-4 NB =       280.9884  1-4 EEL =     -4500.6460  VDWAALS    =     19749.4153
 EELEC  =   -150478.5851  EHBOND  =         0.0000  RESTRAINT  =         0.0000
 ------------------------------------------------------------------------------


 NSTEP =     2250   TIME(PS) =      24.500  TEMP(K) =   230.02  PRESS =     0.0
 Etot   =   -116351.5046  EKtot   =     16855.4688  EPtot      =   -133206.9733
 BOND   =       217.0487  ANGLE   =       472.6770  DIHED      =       861.2531
 1-4 NB =       282.0883  1-4 EEL =     -4491.9733  VDWAALS    =     19740.7695
 EELEC  =   -150288.8366  EHBOND  =         0.0000  RESTRAINT  =         0.0000
 ------------------------------------------------------------------------------


 NSTEP =     2300   TIME(PS) =      24.600  TEMP(K) =   230.79  PRESS =     0.0
 Etot   =   -116231.9793  EKtot   =     16912.3613  EPtot      =   -133144.3406
 BOND   =       197.5890  ANGLE   =       486.4487  DIHED      =       876.9257
 1-4 NB =       280.9950  1-4 EEL =     -4504.7314  VDWAALS    =     19987.4772
 EELEC  =   -150469.0447  EHBOND  =         0.0000  RESTRAINT  =         0.0000
 ------------------------------------------------------------------------------


 NSTEP =     2350   TIME(PS) =      24.700  TEMP(K) =   231.32  PRESS =     0.0
 Etot   =   -116115.1428  EKtot   =     16951.3223  EPtot      =   -133066.4651
 BOND   =       231.1553  ANGLE   =       483.6387  DIHED      =       893.0329
 1-4 NB =       282.5813  1-4 EEL =     -4505.8738  VDWAALS    =     19825.8794
 EELEC  =   -150276.8788  EHBOND  =         0.0000  RESTRAINT  =         0.0000
 ------------------------------------------------------------------------------


 NSTEP =     2400   TIME(PS) =      24.800  TEMP(K) =   232.36  PRESS =     0.0
 Etot   =   -116003.3271  EKtot   =     17027.4062  EPtot      =   -133030.7334
 BOND   =       227.5124  ANGLE   =       486.5996  DIHED      =       896.9957
 1-4 NB =       287.5867  1-4 EEL =     -4527.1987  VDWAALS    =     19845.1519
 EELEC  =   -150247.3810  EHBOND  =         0.0000  RESTRAINT  =         0.0000
 ------------------------------------------------------------------------------


 NSTEP =     2450   TIME(PS) =      24.900  TEMP(K) =   231.83  PRESS =     0.0
 Etot   =   -115893.1964  EKtot   =     16988.7070  EPtot      =   -132881.9034
 BOND   =       231.7355  ANGLE   =       501.7470  DIHED      =       900.0276
 1-4 NB =       280.2159  1-4 EEL =     -4502.8718  VDWAALS    =     19511.2725
 EELEC  =   -149804.0300  EHBOND  =         0.0000  RESTRAINT  =         0.0000
 ------------------------------------------------------------------------------


 NSTEP =     2500   TIME(PS) =      25.000  TEMP(K) =   231.63  PRESS =     0.0
 Etot   =   -115782.0631  EKtot   =     16973.5488  EPtot      =   -132755.6119
 BOND   =       230.5310  ANGLE   =       492.1921  DIHED      =       879.4659
 1-4 NB =       275.4547  1-4 EEL =     -4495.0415  VDWAALS    =     19598.4033
 EELEC  =   -149736.6175  EHBOND  =         0.0000  RESTRAINT  =         0.0000
 ------------------------------------------------------------------------------


 NSTEP =     2550   TIME(PS) =      25.100  TEMP(K) =   233.27  PRESS =     0.0
 Etot   =   -115675.5966  EKtot   =     17093.8145  EPtot      =   -132769.4111
 BOND   =       225.0643  ANGLE   =       497.4077  DIHED      =       869.0180
 1-4 NB =       282.8297  1-4 EEL =     -4475.9163  VDWAALS    =     19635.4173
 EELEC  =   -149803.2318  EHBOND  =         0.0000  RESTRAINT  =         0.0000
 ------------------------------------------------------------------------------


 NSTEP =     2600   TIME(PS) =      25.200  TEMP(K) =   233.96  PRESS =     0.0
 Etot   =   -115568.6020  EKtot   =     17144.2520  EPtot      =   -132712.8540
 BOND   =       213.7399  ANGLE   =       507.4189  DIHED      =       890.5232
 1-4 NB =       281.5835  1-4 EEL =     -4502.1101  VDWAALS    =     19527.7751
 EELEC  =   -149631.7844  EHBOND  =         0.0000  RESTRAINT  =         0.0000
 ------------------------------------------------------------------------------


 NSTEP =     2650   TIME(PS) =      25.300  TEMP(K) =   234.85  PRESS =     0.0
 Etot   =   -115463.4375  EKtot   =     17209.8770  EPtot      =   -132673.3145
 BOND   =       228.1828  ANGLE   =       493.3481  DIHED      =       875.7745
 1-4 NB =       279.1609  1-4 EEL =     -4520.4354  VDWAALS    =     19246.9549
 EELEC  =   -149276.3003  EHBOND  =         0.0000  RESTRAINT  =         0.0000
 ------------------------------------------------------------------------------


 NSTEP =     2700   TIME(PS) =      25.400  TEMP(K) =   234.47  PRESS =     0.0
 Etot   =   -115360.0581  EKtot   =     17182.0645  EPtot      =   -132542.1225
 BOND   =       213.1191  ANGLE   =       491.7797  DIHED      =       871.4861
 1-4 NB =       279.0852  1-4 EEL =     -4498.0453  VDWAALS    =     19525.2128
 EELEC  =   -149424.7603  EHBOND  =         0.0000  RESTRAINT  =         0.0000
 ------------------------------------------------------------------------------


 NSTEP =     2750   TIME(PS) =      25.500  TEMP(K) =   232.98  PRESS =     0.0
 Etot   =   -115259.8316  EKtot   =     17072.4199  EPtot      =   -132332.2515
 BOND   =       214.5322  ANGLE   =       508.4500  DIHED      =       890.5459
 1-4 NB =       285.4290  1-4 EEL =     -4497.6153  VDWAALS    =     19723.2282
 EELEC  =   -149456.8215  EHBOND  =         0.0000  RESTRAINT  =         0.0000
 ------------------------------------------------------------------------------


 NSTEP =     2800   TIME(PS) =      25.600  TEMP(K) =   236.63  PRESS =     0.0
 Etot   =   -115158.3018  EKtot   =     17339.9062  EPtot      =   -132498.2081
 BOND   =       229.3424  ANGLE   =       504.5431  DIHED      =       886.6447
 1-4 NB =       277.1174  1-4 EEL =     -4512.9690  VDWAALS    =     19047.4711
 EELEC  =   -148930.3577  EHBOND  =         0.0000  RESTRAINT  =         0.0000
 ------------------------------------------------------------------------------


 NSTEP =     2850   TIME(PS) =      25.700  TEMP(K) =   236.63  PRESS =     0.0
 Etot   =   -115063.8516  EKtot   =     17340.1602  EPtot      =   -132404.0117
 BOND   =       214.8250  ANGLE   =       496.3694  DIHED      =       882.7589
 1-4 NB =       276.8922  1-4 EEL =     -4489.0099  VDWAALS    =     19248.5511
 EELEC  =   -149034.3985  EHBOND  =         0.0000  RESTRAINT  =         0.0000
 ------------------------------------------------------------------------------


 NSTEP =     2900   TIME(PS) =      25.800  TEMP(K) =   234.53  PRESS =     0.0
 Etot   =   -114962.9277  EKtot   =     17186.2246  EPtot      =   -132149.1523
 BOND   =       233.7760  ANGLE   =       517.0266  DIHED      =       886.9519
 1-4 NB =       280.1876  1-4 EEL =     -4498.1139  VDWAALS    =     19013.6102
 EELEC  =   -148582.5906  EHBOND  =         0.0000  RESTRAINT  =         0.0000
 ------------------------------------------------------------------------------


 NSTEP =     2950   TIME(PS) =      25.900  TEMP(K) =   237.14  PRESS =     0.0
 Etot   =   -114873.0768  EKtot   =     17377.4336  EPtot      =   -132250.5103
 BOND   =       211.8084  ANGLE   =       521.3386  DIHED      =       895.4847
 1-4 NB =       287.2128  1-4 EEL =     -4504.5868  VDWAALS    =     19163.3619
 EELEC  =   -148825.1299  EHBOND  =         0.0000  RESTRAINT  =         0.0000
 ------------------------------------------------------------------------------

check COM velocity, temp:        0.000004     0.00(Removed)

 NSTEP =     3000   TIME(PS) =      26.000  TEMP(K) =   239.19  PRESS =     0.0
 Etot   =   -114785.6572  EKtot   =     17527.4414  EPtot      =   -132313.0986
 BOND   =       215.4460  ANGLE   =       524.6561  DIHED      =       889.0171
 1-4 NB =       280.5069  1-4 EEL =     -4512.8914  VDWAALS    =     19288.9442
 EELEC  =   -148998.7775  EHBOND  =         0.0000  RESTRAINT  =         0.0000
 ------------------------------------------------------------------------------


 NSTEP =     3050   TIME(PS) =      26.100  TEMP(K) =   236.06  PRESS =     0.0
 Etot   =   -114697.1204  EKtot   =     17298.1836  EPtot      =   -131995.3040
 BOND   =       226.7440  ANGLE   =       520.0640  DIHED      =       894.2822
 1-4 NB =       282.0023  1-4 EEL =     -4486.1149  VDWAALS    =     19232.9932
 EELEC  =   -148665.2747  EHBOND  =         0.0000  RESTRAINT  =         0.0000
 ------------------------------------------------------------------------------


 NSTEP =     3100   TIME(PS) =      26.200  TEMP(K) =   236.38  PRESS =     0.0
 Etot   =   -114610.3754  EKtot   =     17322.0215  EPtot      =   -131932.3969
 BOND   =       232.5205  ANGLE   =       510.5863  DIHED      =       897.2410
 1-4 NB =       287.1076  1-4 EEL =     -4498.9713  VDWAALS    =     19508.5941
 EELEC  =   -148869.4750  EHBOND  =         0.0000  RESTRAINT  =         0.0000
 ------------------------------------------------------------------------------


 NSTEP =     3150   TIME(PS) =      26.300  TEMP(K) =   237.10  PRESS =     0.0
 Etot   =   -114526.2210  EKtot   =     17374.2520  EPtot      =   -131900.4730
 BOND   =       243.1970  ANGLE   =       518.5807  DIHED      =       894.6715
 1-4 NB =       282.1897  1-4 EEL =     -4515.1033  VDWAALS    =     19135.0759
 EELEC  =   -148459.0845  EHBOND  =         0.0000  RESTRAINT  =         0.0000
 ------------------------------------------------------------------------------


 NSTEP =     3200   TIME(PS) =      26.400  TEMP(K) =   236.91  PRESS =     0.0
 Etot   =   -114442.1318  EKtot   =     17360.7148  EPtot      =   -131802.8466
 BOND   =       213.4554  ANGLE   =       496.4906  DIHED      =       908.9294
 1-4 NB =       287.8405  1-4 EEL =     -4487.3734  VDWAALS    =     19204.4455
 EELEC  =   -148426.6345  EHBOND  =         0.0000  RESTRAINT  =         0.0000
 ------------------------------------------------------------------------------


 NSTEP =     3250   TIME(PS) =      26.500  TEMP(K) =   237.72  PRESS =     0.0
 Etot   =   -114357.6878  EKtot   =     17419.8691  EPtot      =   -131777.5570
 BOND   =       250.1320  ANGLE   =       531.5563  DIHED      =       904.7786
 1-4 NB =       268.7896  1-4 EEL =     -4510.8348  VDWAALS    =     19108.0372
 EELEC  =   -148330.0159  EHBOND  =         0.0000  RESTRAINT  =         0.0000
 ------------------------------------------------------------------------------


 NSTEP =     3300   TIME(PS) =      26.600  TEMP(K) =   238.80  PRESS =     0.0
 Etot   =   -114276.9764  EKtot   =     17499.4395  EPtot      =   -131776.4158
 BOND   =       218.4277  ANGLE   =       527.0229  DIHED      =       884.6834
 1-4 NB =       282.4382  1-4 EEL =     -4491.7821  VDWAALS    =     19253.8167
 EELEC  =   -148451.0226  EHBOND  =         0.0000  RESTRAINT  =         0.0000
 ------------------------------------------------------------------------------


 NSTEP =     3350   TIME(PS) =      26.700  TEMP(K) =   237.96  PRESS =     0.0
 Etot   =   -114194.1242  EKtot   =     17437.9668  EPtot      =   -131632.0910
 BOND   =       241.4680  ANGLE   =       538.0256  DIHED      =       881.6687
 1-4 NB =       280.7721  1-4 EEL =     -4544.3741  VDWAALS    =     19114.2125
 EELEC  =   -148143.8638  EHBOND  =         0.0000  RESTRAINT  =         0.0000
 ------------------------------------------------------------------------------


 NSTEP =     3400   TIME(PS) =      26.800  TEMP(K) =   239.52  PRESS =     0.0
 Etot   =   -114113.4475  EKtot   =     17551.6289  EPtot      =   -131665.0764
 BOND   =       223.2285  ANGLE   =       519.0237  DIHED      =       887.5139
 1-4 NB =       283.3905  1-4 EEL =     -4503.9029  VDWAALS    =     18986.8049
 EELEC  =   -148061.1350  EHBOND  =         0.0000  RESTRAINT  =         0.0000
 ------------------------------------------------------------------------------


 NSTEP =     3450   TIME(PS) =      26.900  TEMP(K) =   238.65  PRESS =     0.0
 Etot   =   -114030.1642  EKtot   =     17488.4570  EPtot      =   -131518.6213
 BOND   =       225.4814  ANGLE   =       514.1213  DIHED      =       904.3763
 1-4 NB =       274.1081  1-4 EEL =     -4513.1603  VDWAALS    =     18992.4412
 EELEC  =   -147915.9893  EHBOND  =         0.0000  RESTRAINT  =         0.0000
 ------------------------------------------------------------------------------


 NSTEP =     3500   TIME(PS) =      27.000  TEMP(K) =   238.52  PRESS =     0.0
 Etot   =   -113955.5148  EKtot   =     17478.9062  EPtot      =   -131434.4211
 BOND   =       222.1225  ANGLE   =       508.4930  DIHED      =       899.5392
 1-4 NB =       281.1687  1-4 EEL =     -4496.2792  VDWAALS    =     19072.7033
 EELEC  =   -147922.1686  EHBOND  =         0.0000  RESTRAINT  =         0.0000
 ------------------------------------------------------------------------------


 NSTEP =     3550   TIME(PS) =      27.100  TEMP(K) =   238.08  PRESS =     0.0
 Etot   =   -113879.9760  EKtot   =     17446.5996  EPtot      =   -131326.5756
 BOND   =       225.6052  ANGLE   =       517.1454  DIHED      =       903.0480
 1-4 NB =       274.8905  1-4 EEL =     -4499.3112  VDWAALS    =     19033.2559
 EELEC  =   -147781.2095  EHBOND  =         0.0000  RESTRAINT  =         0.0000
 ------------------------------------------------------------------------------


 NSTEP =     3600   TIME(PS) =      27.200  TEMP(K) =   239.84  PRESS =     0.0
 Etot   =   -113809.1443  EKtot   =     17575.5723  EPtot      =   -131384.7166
 BOND   =       235.9327  ANGLE   =       510.0248  DIHED      =       897.5532
 1-4 NB =       287.3626  1-4 EEL =     -4507.6248  VDWAALS    =     19129.4647
 EELEC  =   -147937.4298  EHBOND  =         0.0000  RESTRAINT  =         0.0000
 ------------------------------------------------------------------------------


 NSTEP =     3650   TIME(PS) =      27.300  TEMP(K) =   239.21  PRESS =     0.0
 Etot   =   -113738.4802  EKtot   =     17529.2793  EPtot      =   -131267.7595
 BOND   =       238.5043  ANGLE   =       506.6779  DIHED      =       912.7670
 1-4 NB =       291.2172  1-4 EEL =     -4516.0213  VDWAALS    =     19046.9264
 EELEC  =   -147747.8310  EHBOND  =         0.0000  RESTRAINT  =         0.0000
 ------------------------------------------------------------------------------


 NSTEP =     3700   TIME(PS) =      27.400  TEMP(K) =   239.90  PRESS =     0.0
 Etot   =   -113665.7639  EKtot   =     17579.9590  EPtot      =   -131245.7229
 BOND   =       245.6569  ANGLE   =       515.4190  DIHED      =       907.1652
 1-4 NB =       274.7446  1-4 EEL =     -4521.2559  VDWAALS    =     18903.5803
 EELEC  =   -147571.0327  EHBOND  =         0.0000  RESTRAINT  =         0.0000
 ------------------------------------------------------------------------------


 NSTEP =     3750   TIME(PS) =      27.500  TEMP(K) =   240.08  PRESS =     0.0
 Etot   =   -113592.2630  EKtot   =     17592.6426  EPtot      =   -131184.9056
 BOND   =       231.3252  ANGLE   =       525.9073  DIHED      =       887.0551
 1-4 NB =       293.9288  1-4 EEL =     -4514.1466  VDWAALS    =     18982.9702
 EELEC  =   -147591.9455  EHBOND  =         0.0000  RESTRAINT  =         0.0000
 ------------------------------------------------------------------------------


 NSTEP =     3800   TIME(PS) =      27.600  TEMP(K) =   240.26  PRESS =     0.0
 Etot   =   -113522.3073  EKtot   =     17606.0527  EPtot      =   -131128.3600
 BOND   =       242.3205  ANGLE   =       511.9085  DIHED      =       880.2893
 1-4 NB =       289.4712  1-4 EEL =     -4482.8798  VDWAALS    =     18943.3343
 EELEC  =   -147512.8040  EHBOND  =         0.0000  RESTRAINT  =         0.0000
 ------------------------------------------------------------------------------


 NSTEP =     3850   TIME(PS) =      27.700  TEMP(K) =   243.21  PRESS =     0.0
 Etot   =   -113462.9816  EKtot   =     17822.0879  EPtot      =   -131285.0695
 BOND   =       243.5372  ANGLE   =       527.0968  DIHED      =       883.2990
 1-4 NB =       282.9235  1-4 EEL =     -4520.1289  VDWAALS    =     18780.7419
 EELEC  =   -147482.5389  EHBOND  =         0.0000  RESTRAINT  =         0.0000
 ------------------------------------------------------------------------------


 NSTEP =     3900   TIME(PS) =      27.800  TEMP(K) =   241.50  PRESS =     0.0
 Etot   =   -113397.9274  EKtot   =     17696.9668  EPtot      =   -131094.8942
 BOND   =       228.7351  ANGLE   =       542.7950  DIHED      =       880.0998
 1-4 NB =       281.5471  1-4 EEL =     -4490.8598  VDWAALS    =     18662.2435
 EELEC  =   -147199.4549  EHBOND  =         0.0000  RESTRAINT  =         0.0000
 ------------------------------------------------------------------------------


 NSTEP =     3950   TIME(PS) =      27.900  TEMP(K) =   242.05  PRESS =     0.0
 Etot   =   -113329.5475  EKtot   =     17737.6250  EPtot      =   -131067.1725
 BOND   =       230.1906  ANGLE   =       525.6587  DIHED      =       905.4299
 1-4 NB =       278.9497  1-4 EEL =     -4476.8008  VDWAALS    =     18740.1856
 EELEC  =   -147270.7861  EHBOND  =         0.0000  RESTRAINT  =         0.0000
 ------------------------------------------------------------------------------

check COM velocity, temp:        0.000004     0.00(Removed)

 NSTEP =     4000   TIME(PS) =      28.000  TEMP(K) =   243.79  PRESS =     0.0
 Etot   =   -113269.3808  EKtot   =     17864.9512  EPtot      =   -131134.3319
 BOND   =       228.5531  ANGLE   =       504.3042  DIHED      =       885.9938
 1-4 NB =       288.6057  1-4 EEL =     -4464.1325  VDWAALS    =     18905.3134
 EELEC  =   -147482.9696  EHBOND  =         0.0000  RESTRAINT  =         0.0000
 ------------------------------------------------------------------------------


      A V E R A G E S   O V E R      80 S T E P S


 NSTEP =     4000   TIME(PS) =      28.000  TEMP(K) =   224.11  PRESS =     0.0
 Etot   =   -117643.5461  EKtot   =     16423.0681  EPtot      =   -134066.6143
 BOND   =       207.1682  ANGLE   =       482.6509  DIHED      =       882.5409
 1-4 NB =       280.0801  1-4 EEL =     -4497.8069  VDWAALS    =     20099.8495
 EELEC  =   -151521.0969  EHBOND  =         0.0000  RESTRAINT  =         0.0000
 ------------------------------------------------------------------------------


      R M S  F L U C T U A T I O N S


 NSTEP =     4000   TIME(PS) =      28.000  TEMP(K) =    14.84  PRESS =     0.0
 Etot   =      3343.2338  EKtot   =      1087.6095  EPtot      =      2263.7909
 BOND   =        22.8734  ANGLE   =        31.9082  DIHED      =        12.4862
 1-4 NB =         5.9903  1-4 EEL =        16.3701  VDWAALS    =       946.5853
 EELEC  =      3145.5859  EHBOND  =         0.0000  RESTRAINT  =         0.0000
 ------------------------------------------------------------------------------

--------------------------------------------------------------------------------
   5.  TIMINGS
--------------------------------------------------------------------------------

|  NonSetup CPU Time in Major Routines:
|
|     Routine           Sec        %
|     ------------------------------
|     Nonbond           4.57   14.50
|     Bond              0.00    0.00
|     Angle             0.00    0.00
|     Dihedral          0.00    0.00
|     Shake             0.03    0.08
|     RunMD            26.89   85.38
|     Other             0.01    0.03
|     ------------------------------
|     Total            31.49

|  PME Nonbond Pairlist CPU Time:
|
|     Routine              Sec        %
|     ---------------------------------
|     Set Up Cit           0.00    0.00
|     Build List           0.00    0.00
|     ---------------------------------
|     Total                0.00    0.00

|  PME Direct Force CPU Time:
|
|     Routine              Sec        %
|     ---------------------------------
|     NonBonded Calc       0.00    0.00
|     Exclude Masked       0.00    0.00
|     Other                0.01    0.02
|     ---------------------------------
|     Total                0.01    0.02

|  PME Reciprocal Force CPU Time:
|
|     Routine              Sec        %
|     ---------------------------------
|     1D bspline           0.00    0.00
|     Grid Charges         0.00    0.00
|     Scalar Sum           0.00    0.00
|     Gradient Sum         0.00    0.00
|     FFT                  0.00    0.00
|     ---------------------------------
|     Total                0.00    0.00

|  Final Performance Info:
|     -----------------------------------------------------
|     Average timings for last    3950 steps:
|     Elapsed(s) =      31.50 Per Step(ms) =       7.97
|         ns/day =      21.67   seconds/ns =    3986.83
|
|     Average timings for all steps:
|     Elapsed(s) =      32.15 Per Step(ms) =       8.04
|         ns/day =      21.50   seconds/ns =    4018.73
|     -----------------------------------------------------

|  Setup CPU time:            1.52 seconds
|  NonSetup CPU time:        31.49 seconds
|  Total CPU time:           33.02 seconds     0.01 hours

|  Setup wall time:           1    seconds
|  NonSetup wall time:       33    seconds
|  Total wall time:          34    seconds     0.01 hours
