
          -------------------------------------------------------
          Amber 16 PMEMD                              2016
          -------------------------------------------------------

| PMEMD implementation of SANDER, Release 16

| Run on 01/17/2024 at 22:52:26

|   Executable path: pmemd.cuda
| Working directory: /home/students/keyq/fuben/input/10/nLC10right
|          Hostname: master

  [-O]verwriting output

File Assignments:
|   MDIN: heat5.in                                                              
|  MDOUT: cmp_heat5.out                                                         
| INPCRD: cmp_heat4.rst                                                         
|   PARM: cmp.prmtop                                                            
| RESTRT: cmp_heat5.rst                                                         
|   REFC: cmp.inpcrd                                                            
|  MDVEL: mdvel                                                                 
|   MDEN: mden                                                                  
|  MDCRD: cmp_heat5.mdcrd                                                       
| MDINFO: mdinfo                                                                
|  MDFRC: mdfrc                                                                 


 Here is the input file:

Stage 2 equilibration 1 0-5ns                                                  
 &cntrl                                                                        
  imin=0, irest=1, ntx=5,                                                      
  nstlim=4000, dt=0.002,                                                       
  ntc=2, ntf=2,                                                                
  ntt=1, tautp=1.5,                                                            
  tempi=200.0, temp0=255.0,                                                    
  ntpr=50, ntwx=50,                                                            
  ntb=1,                                                                       
  cut=10,                                                                      
 /                                                                             


Note: ig = -1. Setting random seed to   809842 based on wallclock time in 
      microseconds.
 
|--------------------- INFORMATION ----------------------
| GPU (CUDA) Version of PMEMD in use: NVIDIA GPU IN USE.
|                    Version 16.0.0
| 
|                      02/25/2016
| 
| Implementation by:
|                    Ross C. Walker     (SDSC)
|                    Scott Le Grand     (nVIDIA)
| 
| Precision model in use:
|      [SPFP] - Single Precision Forces, 64-bit Fixed Point
|               Accumulation. (Default)
| 
|--------------------------------------------------------
 
|----------------- CITATION INFORMATION -----------------
|
|    When publishing work that utilized the CUDA version
|    of AMBER, please cite the following in addition to
|    the regular AMBER citations:
|
|  - Romelia Salomon-Ferrer; Andreas W. Goetz; Duncan
|    Poole; Scott Le Grand; Ross C. Walker "Routine
|    microsecond molecular dynamics simulations with
|    AMBER - Part II: Particle Mesh Ewald", J. Chem.
|    Theory Comput., 2013, 9 (9), pp3878-3888,
|    DOI: 10.1021/ct400314y.
|
|  - Andreas W. Goetz; Mark J. Williamson; Dong Xu;
|    Duncan Poole; Scott Le Grand; Ross C. Walker
|    "Routine microsecond molecular dynamics simulations
|    with AMBER - Part I: Generalized Born", J. Chem.
|    Theory Comput., 2012, 8 (5), pp1542-1555.
|
|  - Scott Le Grand; Andreas W. Goetz; Ross C. Walker
|    "SPFP: Speed without compromise - a mixed precision
|    model for GPU accelerated molecular dynamics
|    simulations.", Comp. Phys. Comm., 2013, 184
|    pp374-380, DOI: 10.1016/j.cpc.2012.09.022
|
|--------------------------------------------------------
 
|------------------- GPU DEVICE INFO --------------------
|
|            CUDA_VISIBLE_DEVICES: 0
|   CUDA Capable Devices Detected:      1
|           CUDA Device ID in use:      0
|                CUDA Device Name: Tesla V100-PCIE-32GB
|     CUDA Device Global Mem Size:  32510 MB
| CUDA Device Num Multiprocessors:     80
|           CUDA Device Core Freq:   1.38 GHz
|
|--------------------------------------------------------
 
 
| Conditional Compilation Defines Used:
| PUBFFT
| BINTRAJ
| CUDA
| EMIL

| Largest sphere to fit in unit cell has radius =    34.215

| New format PARM file being parsed.
| Version =    1.000 Date = 01/29/21 Time = 15:13:34

| Note: 1-4 EEL scale factors are being read from the topology file.

| Note: 1-4 VDW scale factors are being read from the topology file.
| Duplicated    0 dihedrals

| Duplicated    0 dihedrals

--------------------------------------------------------------------------------
   1.  RESOURCE   USE: 
--------------------------------------------------------------------------------

 getting box info from netcdf restart file
 NATOM  =   40441 NTYPES =      18 NBONH =   39702 MBONA  =     790
 NTHETH =     882 MTHETA =    1223 NPHIH =    1873 MPHIA  =    2454
 NHPARM =       0 NPARM  =       0 NNB   =   58518 NRES   =   13173
 NBONA  =     790 NTHETA =    1223 NPHIA =    2454 NUMBND =      73
 NUMANG =     152 NPTRA  =      87 NATYP =      37 NPHB   =       1
 IFBOX  =       2 NMXRS  =      34 IFCAP =       0 NEXTRA =       0
 NCOPY  =       0

| Coordinate Index Table dimensions:    13   13   13
| Direct force subcell size =     6.4469    6.4469    6.4469

     BOX TYPE: TRUNCATED OCTAHEDRON

--------------------------------------------------------------------------------
   2.  CONTROL  DATA  FOR  THE  RUN
--------------------------------------------------------------------------------

default_name                                                                    

General flags:
     imin    =       0, nmropt  =       0

Nature and format of input:
     ntx     =       5, irest   =       1, ntrx    =       1

Nature and format of output:
     ntxo    =       2, ntpr    =      50, ntrx    =       1, ntwr    =    4000
     iwrap   =       0, ntwx    =      50, ntwv    =       0, ntwe    =       0
     ioutfm  =       1, ntwprt  =       0, idecomp =       0, rbornstat=      0

Potential function:
     ntf     =       2, ntb     =       1, igb     =       0, nsnb    =      25
     ipol    =       0, gbsa    =       0, iesp    =       0
     dielc   =   1.00000, cut     =  10.00000, intdiel =   1.00000

Frozen or restrained atoms:
     ibelly  =       0, ntr     =       0

Molecular dynamics:
     nstlim  =      4000, nscm    =      1000, nrespa  =         1
     t       =   0.00000, dt      =   0.00200, vlimit  =  -1.00000

Berendsen (weak-coupling) temperature regulation:
     temp0   = 255.00000, tempi   = 200.00000, tautp   =   1.50000

SHAKE:
     ntc     =       2, jfastw  =       0
     tol     =   0.00001

| Intermolecular bonds treatment:
|     no_intermolecular_bonds =       1

| Energy averages sample interval:
|     ene_avg_sampling =      50

Ewald parameters:
     verbose =       0, ew_type =       0, nbflag  =       1, use_pme =       1
     vdwmeth =       1, eedmeth =       1, netfrc  =       1
     Box X =   83.809   Box Y =   83.809   Box Z =   83.809
     Alpha =  109.471   Beta  =  109.471   Gamma =  109.471
     NFFT1 =   84       NFFT2 =   84       NFFT3 =   84
     Cutoff=   10.000   Tol   =0.100E-04
     Ewald Coefficient =  0.27511
     Interpolation order =    4

--------------------------------------------------------------------------------
   3.  ATOMIC COORDINATES AND VELOCITIES
--------------------------------------------------------------------------------

default_name                                                                    
 begin time read from input coords =    20.000 ps

 
 Number of triangulated 3-point waters found:    13107

     Sum of charges from parm topology file =   0.00000012
     Forcing neutrality...

| Dynamic Memory, Types Used:
| Reals             1156531
| Integers           962369

| Nonbonded Pairs Initial Allocation:    12232391

| GPU memory information (estimate):
| KB of GPU memory in use:    213516
| KB of CPU memory in use:     68364

--------------------------------------------------------------------------------
   4.  RESULTS
--------------------------------------------------------------------------------

 ---------------------------------------------------
 APPROXIMATING switch and d/dx switch using CUBIC SPLINE INTERPOLATION
 using   5000.0 points per unit in tabled values
 TESTING RELATIVE ERROR over r ranging from 0.0 to cutoff
| CHECK switch(x): max rel err =   0.2738E-14   at   2.422500
| CHECK d/dx switch(x): max rel err =   0.8314E-11   at   2.736960
 ---------------------------------------------------
|---------------------------------------------------
| APPROXIMATING direct energy using CUBIC SPLINE INTERPOLATION
|  with   50.0 points per unit in tabled values
| Relative Error Limit not exceeded for r .gt.   2.33
| APPROXIMATING direct force using CUBIC SPLINE INTERPOLATION
|  with   50.0 points per unit in tabled values
| Relative Error Limit not exceeded for r .gt.   2.80
|---------------------------------------------------

 NSTEP =       50   TIME(PS) =      20.100  TEMP(K) =   188.50  PRESS =     0.0
 Etot   =   -138005.5334  EKtot   =     15286.5234  EPtot      =   -153292.0569
 BOND   =       157.5126  ANGLE   =       433.2942  DIHED      =       873.3159
 1-4 NB =       284.7677  1-4 EEL =     -4505.7955  VDWAALS    =     24517.0437
 EELEC  =   -175052.1955  EHBOND  =         0.0000  RESTRAINT  =         0.0000
 ------------------------------------------------------------------------------


 NSTEP =      100   TIME(PS) =      20.200  TEMP(K) =   190.31  PRESS =     0.0
 Etot   =   -137650.3084  EKtot   =     15433.4307  EPtot      =   -153083.7391
 BOND   =       176.5872  ANGLE   =       419.3281  DIHED      =       858.4510
 1-4 NB =       276.1995  1-4 EEL =     -4489.2067  VDWAALS    =     24413.0848
 EELEC  =   -174738.1830  EHBOND  =         0.0000  RESTRAINT  =         0.0000
 ------------------------------------------------------------------------------


 NSTEP =      150   TIME(PS) =      20.300  TEMP(K) =   192.01  PRESS =     0.0
 Etot   =   -137302.3386  EKtot   =     15571.3887  EPtot      =   -152873.7272
 BOND   =       156.3266  ANGLE   =       440.5430  DIHED      =       869.1396
 1-4 NB =       275.0933  1-4 EEL =     -4500.7398  VDWAALS    =     24361.8800
 EELEC  =   -174475.9698  EHBOND  =         0.0000  RESTRAINT  =         0.0000
 ------------------------------------------------------------------------------


 NSTEP =      200   TIME(PS) =      20.400  TEMP(K) =   194.33  PRESS =     0.0
 Etot   =   -136965.5716  EKtot   =     15758.8936  EPtot      =   -152724.4652
 BOND   =       173.2929  ANGLE   =       419.4926  DIHED      =       870.8210
 1-4 NB =       289.1845  1-4 EEL =     -4499.9234  VDWAALS    =     24450.2912
 EELEC  =   -174427.6241  EHBOND  =         0.0000  RESTRAINT  =         0.0000
 ------------------------------------------------------------------------------


 NSTEP =      250   TIME(PS) =      20.500  TEMP(K) =   194.06  PRESS =     0.0
 Etot   =   -136641.1724  EKtot   =     15737.4287  EPtot      =   -152378.6011
 BOND   =       164.7638  ANGLE   =       465.6961  DIHED      =       864.8380
 1-4 NB =       274.6839  1-4 EEL =     -4548.8481  VDWAALS    =     24388.4446
 EELEC  =   -173988.1794  EHBOND  =         0.0000  RESTRAINT  =         0.0000
 ------------------------------------------------------------------------------


 NSTEP =      300   TIME(PS) =      20.600  TEMP(K) =   197.13  PRESS =     0.0
 Etot   =   -136321.7346  EKtot   =     15986.2559  EPtot      =   -152307.9904
 BOND   =       181.1321  ANGLE   =       445.0736  DIHED      =       868.0177
 1-4 NB =       282.7546  1-4 EEL =     -4504.6509  VDWAALS    =     24339.0383
 EELEC  =   -173919.3559  EHBOND  =         0.0000  RESTRAINT  =         0.0000
 ------------------------------------------------------------------------------


 NSTEP =      350   TIME(PS) =      20.700  TEMP(K) =   197.78  PRESS =     0.0
 Etot   =   -136013.7531  EKtot   =     16039.2119  EPtot      =   -152052.9650
 BOND   =       168.5527  ANGLE   =       433.7540  DIHED      =       871.8714
 1-4 NB =       275.8652  1-4 EEL =     -4498.1867  VDWAALS    =     24258.4725
 EELEC  =   -173563.2941  EHBOND  =         0.0000  RESTRAINT  =         0.0000
 ------------------------------------------------------------------------------


 NSTEP =      400   TIME(PS) =      20.800  TEMP(K) =   199.53  PRESS =     0.0
 Etot   =   -135709.3197  EKtot   =     16180.8574  EPtot      =   -151890.1771
 BOND   =       168.7313  ANGLE   =       454.8663  DIHED      =       863.2822
 1-4 NB =       285.4521  1-4 EEL =     -4503.4877  VDWAALS    =     24217.2200
 EELEC  =   -173376.2414  EHBOND  =         0.0000  RESTRAINT  =         0.0000
 ------------------------------------------------------------------------------


 NSTEP =      450   TIME(PS) =      20.900  TEMP(K) =   201.42  PRESS =     0.0
 Etot   =   -135417.7451  EKtot   =     16334.6191  EPtot      =   -151752.3643
 BOND   =       173.9795  ANGLE   =       441.6355  DIHED      =       869.1086
 1-4 NB =       277.8421  1-4 EEL =     -4495.5776  VDWAALS    =     24137.3453
 EELEC  =   -173156.6976  EHBOND  =         0.0000  RESTRAINT  =         0.0000
 ------------------------------------------------------------------------------


 NSTEP =      500   TIME(PS) =      21.000  TEMP(K) =   203.13  PRESS =     0.0
 Etot   =   -135133.4828  EKtot   =     16472.9902  EPtot      =   -151606.4730
 BOND   =       166.2469  ANGLE   =       445.0804  DIHED      =       876.6078
 1-4 NB =       280.4138  1-4 EEL =     -4449.8825  VDWAALS    =     24081.7340
 EELEC  =   -173006.6735  EHBOND  =         0.0000  RESTRAINT  =         0.0000
 ------------------------------------------------------------------------------


 NSTEP =      550   TIME(PS) =      21.100  TEMP(K) =   204.01  PRESS =     0.0
 Etot   =   -134854.1511  EKtot   =     16544.2578  EPtot      =   -151398.4089
 BOND   =       178.4413  ANGLE   =       453.7091  DIHED      =       874.7188
 1-4 NB =       278.3074  1-4 EEL =     -4474.7210  VDWAALS    =     23713.1846
 EELEC  =   -172422.0490  EHBOND  =         0.0000  RESTRAINT  =         0.0000
 ------------------------------------------------------------------------------


 NSTEP =      600   TIME(PS) =      21.200  TEMP(K) =   205.43  PRESS =     0.0
 Etot   =   -134582.1376  EKtot   =     16659.5156  EPtot      =   -151241.6532
 BOND   =       182.9332  ANGLE   =       443.5666  DIHED      =       874.7430
 1-4 NB =       278.3094  1-4 EEL =     -4501.0345  VDWAALS    =     24144.1355
 EELEC  =   -172664.3064  EHBOND  =         0.0000  RESTRAINT  =         0.0000
 ------------------------------------------------------------------------------


 NSTEP =      650   TIME(PS) =      21.300  TEMP(K) =   207.49  PRESS =     0.0
 Etot   =   -134321.5154  EKtot   =     16826.4707  EPtot      =   -151147.9861
 BOND   =       181.2380  ANGLE   =       449.7391  DIHED      =       888.1883
 1-4 NB =       284.0012  1-4 EEL =     -4510.7764  VDWAALS    =     23862.4075
 EELEC  =   -172302.7840  EHBOND  =         0.0000  RESTRAINT  =         0.0000
 ------------------------------------------------------------------------------


 NSTEP =      700   TIME(PS) =      21.400  TEMP(K) =   208.85  PRESS =     0.0
 Etot   =   -134064.7648  EKtot   =     16936.6230  EPtot      =   -151001.3879
 BOND   =       190.5959  ANGLE   =       439.2763  DIHED      =       870.3287
 1-4 NB =       280.3689  1-4 EEL =     -4507.0391  VDWAALS    =     23712.4299
 EELEC  =   -171987.3484  EHBOND  =         0.0000  RESTRAINT  =         0.0000
 ------------------------------------------------------------------------------


 NSTEP =      750   TIME(PS) =      21.500  TEMP(K) =   209.61  PRESS =     0.0
 Etot   =   -133818.0452  EKtot   =     16998.6328  EPtot      =   -150816.6781
 BOND   =       193.4143  ANGLE   =       455.3729  DIHED      =       862.7400
 1-4 NB =       284.8102  1-4 EEL =     -4516.2839  VDWAALS    =     23921.5902
 EELEC  =   -172018.3217  EHBOND  =         0.0000  RESTRAINT  =         0.0000
 ------------------------------------------------------------------------------


 NSTEP =      800   TIME(PS) =      21.600  TEMP(K) =   210.13  PRESS =     0.0
 Etot   =   -133574.9716  EKtot   =     17040.7266  EPtot      =   -150615.6982
 BOND   =       187.9158  ANGLE   =       452.3221  DIHED      =       877.3004
 1-4 NB =       279.1390  1-4 EEL =     -4498.2794  VDWAALS    =     23912.1843
 EELEC  =   -171826.2803  EHBOND  =         0.0000  RESTRAINT  =         0.0000
 ------------------------------------------------------------------------------


 NSTEP =      850   TIME(PS) =      21.700  TEMP(K) =   211.26  PRESS =     0.0
 Etot   =   -133333.9373  EKtot   =     17131.8008  EPtot      =   -150465.7380
 BOND   =       187.2922  ANGLE   =       450.5618  DIHED      =       875.2716
 1-4 NB =       276.9714  1-4 EEL =     -4515.8730  VDWAALS    =     23490.9705
 EELEC  =   -171230.9325  EHBOND  =         0.0000  RESTRAINT  =         0.0000
 ------------------------------------------------------------------------------


 NSTEP =      900   TIME(PS) =      21.800  TEMP(K) =   211.74  PRESS =     0.0
 Etot   =   -133098.9465  EKtot   =     17171.0234  EPtot      =   -150269.9699
 BOND   =       193.0507  ANGLE   =       472.6219  DIHED      =       868.6376
 1-4 NB =       280.2314  1-4 EEL =     -4495.1159  VDWAALS    =     23564.4800
 EELEC  =   -171153.8757  EHBOND  =         0.0000  RESTRAINT  =         0.0000
 ------------------------------------------------------------------------------


 NSTEP =      950   TIME(PS) =      21.900  TEMP(K) =   213.86  PRESS =     0.0
 Etot   =   -132874.1246  EKtot   =     17342.6367  EPtot      =   -150216.7613
 BOND   =       190.7293  ANGLE   =       467.8995  DIHED      =       863.3201
 1-4 NB =       278.0352  1-4 EEL =     -4507.6094  VDWAALS    =     23367.6615
 EELEC  =   -170876.7975  EHBOND  =         0.0000  RESTRAINT  =         0.0000
 ------------------------------------------------------------------------------

check COM velocity, temp:        0.000006     0.00(Removed)

 NSTEP =     1000   TIME(PS) =      22.000  TEMP(K) =   215.31  PRESS =     0.0
 Etot   =   -132651.6075  EKtot   =     17460.6543  EPtot      =   -150112.2618
 BOND   =       202.5943  ANGLE   =       472.3753  DIHED      =       878.2400
 1-4 NB =       284.7212  1-4 EEL =     -4530.3636  VDWAALS    =     23110.2693
 EELEC  =   -170530.0984  EHBOND  =         0.0000  RESTRAINT  =         0.0000
 ------------------------------------------------------------------------------


 NSTEP =     1050   TIME(PS) =      22.100  TEMP(K) =   216.07  PRESS =     0.0
 Etot   =   -132433.7101  EKtot   =     17522.2871  EPtot      =   -149955.9972
 BOND   =       203.0243  ANGLE   =       476.0565  DIHED      =       880.6122
 1-4 NB =       283.4317  1-4 EEL =     -4540.7334  VDWAALS    =     23522.6822
 EELEC  =   -170781.0705  EHBOND  =         0.0000  RESTRAINT  =         0.0000
 ------------------------------------------------------------------------------


 NSTEP =     1100   TIME(PS) =      22.200  TEMP(K) =   216.55  PRESS =     0.0
 Etot   =   -132222.1750  EKtot   =     17561.3281  EPtot      =   -149783.5031
 BOND   =       182.3027  ANGLE   =       456.3918  DIHED      =       886.2726
 1-4 NB =       282.7935  1-4 EEL =     -4505.9911  VDWAALS    =     23375.4261
 EELEC  =   -170460.6988  EHBOND  =         0.0000  RESTRAINT  =         0.0000
 ------------------------------------------------------------------------------


 NSTEP =     1150   TIME(PS) =      22.300  TEMP(K) =   215.00  PRESS =     0.0
 Etot   =   -132011.6812  EKtot   =     17435.7500  EPtot      =   -149447.4312
 BOND   =       212.8401  ANGLE   =       464.8698  DIHED      =       881.3157
 1-4 NB =       277.0477  1-4 EEL =     -4538.6158  VDWAALS    =     23443.0660
 EELEC  =   -170187.9547  EHBOND  =         0.0000  RESTRAINT  =         0.0000
 ------------------------------------------------------------------------------


 NSTEP =     1200   TIME(PS) =      22.400  TEMP(K) =   217.33  PRESS =     0.0
 Etot   =   -131806.8482  EKtot   =     17624.1777  EPtot      =   -149431.0259
 BOND   =       202.7621  ANGLE   =       456.6396  DIHED      =       876.1352
 1-4 NB =       287.9564  1-4 EEL =     -4516.0721  VDWAALS    =     23237.9027
 EELEC  =   -169976.3499  EHBOND  =         0.0000  RESTRAINT  =         0.0000
 ------------------------------------------------------------------------------


 NSTEP =     1250   TIME(PS) =      22.500  TEMP(K) =   218.34  PRESS =     0.0
 Etot   =   -131607.9780  EKtot   =     17706.5078  EPtot      =   -149314.4858
 BOND   =       191.4424  ANGLE   =       474.5100  DIHED      =       871.8249
 1-4 NB =       288.1556  1-4 EEL =     -4502.0633  VDWAALS    =     23232.3660
 EELEC  =   -169870.7214  EHBOND  =         0.0000  RESTRAINT  =         0.0000
 ------------------------------------------------------------------------------


 NSTEP =     1300   TIME(PS) =      22.600  TEMP(K) =   218.54  PRESS =     0.0
 Etot   =   -131417.3788  EKtot   =     17722.7402  EPtot      =   -149140.1191
 BOND   =       196.8995  ANGLE   =       484.5653  DIHED      =       869.8274
 1-4 NB =       279.3133  1-4 EEL =     -4503.7463  VDWAALS    =     22974.4871
 EELEC  =   -169441.4654  EHBOND  =         0.0000  RESTRAINT  =         0.0000
 ------------------------------------------------------------------------------


 NSTEP =     1350   TIME(PS) =      22.700  TEMP(K) =   219.20  PRESS =     0.0
 Etot   =   -131224.4552  EKtot   =     17776.3926  EPtot      =   -149000.8478
 BOND   =       190.6071  ANGLE   =       496.2772  DIHED      =       876.7194
 1-4 NB =       284.9699  1-4 EEL =     -4523.0046  VDWAALS    =     23126.9604
 EELEC  =   -169453.3771  EHBOND  =         0.0000  RESTRAINT  =         0.0000
 ------------------------------------------------------------------------------


 NSTEP =     1400   TIME(PS) =      22.800  TEMP(K) =   220.25  PRESS =     0.0
 Etot   =   -131036.8110  EKtot   =     17861.0195  EPtot      =   -148897.8305
 BOND   =       204.8858  ANGLE   =       482.6652  DIHED      =       880.4878
 1-4 NB =       279.9498  1-4 EEL =     -4502.6619  VDWAALS    =     23021.8533
 EELEC  =   -169265.0105  EHBOND  =         0.0000  RESTRAINT  =         0.0000
 ------------------------------------------------------------------------------


 NSTEP =     1450   TIME(PS) =      22.900  TEMP(K) =   220.31  PRESS =     0.0
 Etot   =   -130851.6744  EKtot   =     17865.7656  EPtot      =   -148717.4400
 BOND   =       200.8027  ANGLE   =       482.4059  DIHED      =       877.7997
 1-4 NB =       283.7794  1-4 EEL =     -4515.0066  VDWAALS    =     23086.3077
 EELEC  =   -169133.5288  EHBOND  =         0.0000  RESTRAINT  =         0.0000
 ------------------------------------------------------------------------------


 NSTEP =     1500   TIME(PS) =      23.000  TEMP(K) =   222.77  PRESS =     0.0
 Etot   =   -130672.7233  EKtot   =     18065.9727  EPtot      =   -148738.6960
 BOND   =       204.2396  ANGLE   =       483.3601  DIHED      =       889.1353
 1-4 NB =       293.1343  1-4 EEL =     -4520.6724  VDWAALS    =     22751.6511
 EELEC  =   -168839.5440  EHBOND  =         0.0000  RESTRAINT  =         0.0000
 ------------------------------------------------------------------------------


 NSTEP =     1550   TIME(PS) =      23.100  TEMP(K) =   222.08  PRESS =     0.0
 Etot   =   -130499.8961  EKtot   =     18010.0371  EPtot      =   -148509.9332
 BOND   =       212.6102  ANGLE   =       455.9550  DIHED      =       891.2305
 1-4 NB =       274.4362  1-4 EEL =     -4480.6278  VDWAALS    =     22874.5832
 EELEC  =   -168738.1206  EHBOND  =         0.0000  RESTRAINT  =         0.0000
 ------------------------------------------------------------------------------


 NSTEP =     1600   TIME(PS) =      23.200  TEMP(K) =   222.60  PRESS =     0.0
 Etot   =   -130324.4513  EKtot   =     18052.0645  EPtot      =   -148376.5158
 BOND   =       201.4987  ANGLE   =       469.6532  DIHED      =       889.6487
 1-4 NB =       284.0589  1-4 EEL =     -4491.0056  VDWAALS    =     22653.8722
 EELEC  =   -168384.2419  EHBOND  =         0.0000  RESTRAINT  =         0.0000
 ------------------------------------------------------------------------------


 NSTEP =     1650   TIME(PS) =      23.300  TEMP(K) =   222.86  PRESS =     0.0
 Etot   =   -130157.5175  EKtot   =     18072.6738  EPtot      =   -148230.1914
 BOND   =       184.2032  ANGLE   =       491.0884  DIHED      =       876.6927
 1-4 NB =       293.4576  1-4 EEL =     -4506.6392  VDWAALS    =     23003.6549
 EELEC  =   -168572.6490  EHBOND  =         0.0000  RESTRAINT  =         0.0000
 ------------------------------------------------------------------------------


 NSTEP =     1700   TIME(PS) =      23.400  TEMP(K) =   223.74  PRESS =     0.0
 Etot   =   -129994.3044  EKtot   =     18144.3809  EPtot      =   -148138.6853
 BOND   =       192.5859  ANGLE   =       485.5936  DIHED      =       889.6113
 1-4 NB =       275.9363  1-4 EEL =     -4525.8670  VDWAALS    =     22792.3030
 EELEC  =   -168248.8482  EHBOND  =         0.0000  RESTRAINT  =         0.0000
 ------------------------------------------------------------------------------


 NSTEP =     1750   TIME(PS) =      23.500  TEMP(K) =   225.41  PRESS =     0.0
 Etot   =   -129832.2735  EKtot   =     18279.3242  EPtot      =   -148111.5977
 BOND   =       207.7873  ANGLE   =       477.6693  DIHED      =       883.5189
 1-4 NB =       282.3313  1-4 EEL =     -4503.9825  VDWAALS    =     22795.0409
 EELEC  =   -168253.9628  EHBOND  =         0.0000  RESTRAINT  =         0.0000
 ------------------------------------------------------------------------------


 NSTEP =     1800   TIME(PS) =      23.600  TEMP(K) =   225.92  PRESS =     0.0
 Etot   =   -129672.6173  EKtot   =     18320.9219  EPtot      =   -147993.5392
 BOND   =       208.6108  ANGLE   =       497.5265  DIHED      =       873.1671
 1-4 NB =       287.0616  1-4 EEL =     -4520.9339  VDWAALS    =     22811.3354
 EELEC  =   -168150.3067  EHBOND  =         0.0000  RESTRAINT  =         0.0000
 ------------------------------------------------------------------------------


 NSTEP =     1850   TIME(PS) =      23.700  TEMP(K) =   226.39  PRESS =     0.0
 Etot   =   -129515.9169  EKtot   =     18358.8320  EPtot      =   -147874.7489
 BOND   =       202.3114  ANGLE   =       496.4045  DIHED      =       875.2402
 1-4 NB =       290.0149  1-4 EEL =     -4505.1774  VDWAALS    =     22799.5358
 EELEC  =   -168033.0784  EHBOND  =         0.0000  RESTRAINT  =         0.0000
 ------------------------------------------------------------------------------


 NSTEP =     1900   TIME(PS) =      23.800  TEMP(K) =   227.81  PRESS =     0.0
 Etot   =   -129359.0742  EKtot   =     18474.4512  EPtot      =   -147833.5254
 BOND   =       214.5221  ANGLE   =       502.8307  DIHED      =       883.9927
 1-4 NB =       276.5045  1-4 EEL =     -4513.8274  VDWAALS    =     22669.3424
 EELEC  =   -167866.8903  EHBOND  =         0.0000  RESTRAINT  =         0.0000
 ------------------------------------------------------------------------------


 NSTEP =     1950   TIME(PS) =      23.900  TEMP(K) =   227.83  PRESS =     0.0
 Etot   =   -129210.5776  EKtot   =     18475.7363  EPtot      =   -147686.3140
 BOND   =       224.0391  ANGLE   =       501.1154  DIHED      =       901.5882
 1-4 NB =       279.0741  1-4 EEL =     -4490.8149  VDWAALS    =     22517.0697
 EELEC  =   -167618.3855  EHBOND  =         0.0000  RESTRAINT  =         0.0000
 ------------------------------------------------------------------------------

check COM velocity, temp:        0.000003     0.00(Removed)

 NSTEP =     2000   TIME(PS) =      24.000  TEMP(K) =   227.29  PRESS =     0.0
 Etot   =   -129062.4907  EKtot   =     18431.9746  EPtot      =   -147494.4654
 BOND   =       217.1434  ANGLE   =       491.1141  DIHED      =       896.6968
 1-4 NB =       276.1499  1-4 EEL =     -4499.7624  VDWAALS    =     22463.3472
 EELEC  =   -167339.1543  EHBOND  =         0.0000  RESTRAINT  =         0.0000
 ------------------------------------------------------------------------------


 NSTEP =     2050   TIME(PS) =      24.100  TEMP(K) =   229.56  PRESS =     0.0
 Etot   =   -128920.1022  EKtot   =     18616.4414  EPtot      =   -147536.5436
 BOND   =       220.7591  ANGLE   =       491.9423  DIHED      =       876.2108
 1-4 NB =       299.9808  1-4 EEL =     -4473.4390  VDWAALS    =     22387.0966
 EELEC  =   -167339.0943  EHBOND  =         0.0000  RESTRAINT  =         0.0000
 ------------------------------------------------------------------------------


 NSTEP =     2100   TIME(PS) =      24.200  TEMP(K) =   228.29  PRESS =     0.0
 Etot   =   -128775.6374  EKtot   =     18513.1973  EPtot      =   -147288.8347
 BOND   =       216.6527  ANGLE   =       511.7256  DIHED      =       879.6022
 1-4 NB =       286.7641  1-4 EEL =     -4501.0859  VDWAALS    =     22392.9757
 EELEC  =   -167075.4691  EHBOND  =         0.0000  RESTRAINT  =         0.0000
 ------------------------------------------------------------------------------


 NSTEP =     2150   TIME(PS) =      24.300  TEMP(K) =   229.92  PRESS =     0.0
 Etot   =   -128636.4494  EKtot   =     18645.6992  EPtot      =   -147282.1486
 BOND   =       229.5183  ANGLE   =       503.9641  DIHED      =       892.1693
 1-4 NB =       278.8969  1-4 EEL =     -4502.3475  VDWAALS    =     22387.3494
 EELEC  =   -167071.6991  EHBOND  =         0.0000  RESTRAINT  =         0.0000
 ------------------------------------------------------------------------------


 NSTEP =     2200   TIME(PS) =      24.400  TEMP(K) =   230.15  PRESS =     0.0
 Etot   =   -128505.0016  EKtot   =     18663.9160  EPtot      =   -147168.9176
 BOND   =       224.1436  ANGLE   =       504.4962  DIHED      =       897.9047
 1-4 NB =       272.7037  1-4 EEL =     -4506.1339  VDWAALS    =     22093.9065
 EELEC  =   -166655.9383  EHBOND  =         0.0000  RESTRAINT  =         0.0000
 ------------------------------------------------------------------------------


 NSTEP =     2250   TIME(PS) =      24.500  TEMP(K) =   231.32  PRESS =     0.0
 Etot   =   -128372.4386  EKtot   =     18759.2812  EPtot      =   -147131.7198
 BOND   =       219.9051  ANGLE   =       475.2918  DIHED      =       882.7816
 1-4 NB =       284.8553  1-4 EEL =     -4497.7479  VDWAALS    =     22251.9496
 EELEC  =   -166748.7553  EHBOND  =         0.0000  RESTRAINT  =         0.0000
 ------------------------------------------------------------------------------


 NSTEP =     2300   TIME(PS) =      24.600  TEMP(K) =   228.99  PRESS =     0.0
 Etot   =   -128233.9075  EKtot   =     18570.1641  EPtot      =   -146804.0716
 BOND   =       203.7475  ANGLE   =       530.0422  DIHED      =       888.2157
 1-4 NB =       286.2205  1-4 EEL =     -4485.6649  VDWAALS    =     21998.0907
 EELEC  =   -166224.7233  EHBOND  =         0.0000  RESTRAINT  =         0.0000
 ------------------------------------------------------------------------------


 NSTEP =     2350   TIME(PS) =      24.700  TEMP(K) =   230.96  PRESS =     0.0
 Etot   =   -128103.2649  EKtot   =     18730.0391  EPtot      =   -146833.3039
 BOND   =       205.4575  ANGLE   =       487.5394  DIHED      =       889.0621
 1-4 NB =       277.8489  1-4 EEL =     -4510.0756  VDWAALS    =     21957.6583
 EELEC  =   -166140.7945  EHBOND  =         0.0000  RESTRAINT  =         0.0000
 ------------------------------------------------------------------------------


 NSTEP =     2400   TIME(PS) =      24.800  TEMP(K) =   230.57  PRESS =     0.0
 Etot   =   -127975.3179  EKtot   =     18698.4395  EPtot      =   -146673.7573
 BOND   =       216.4282  ANGLE   =       491.9033  DIHED      =       893.3651
 1-4 NB =       280.6492  1-4 EEL =     -4498.2533  VDWAALS    =     22367.5698
 EELEC  =   -166425.4195  EHBOND  =         0.0000  RESTRAINT  =         0.0000
 ------------------------------------------------------------------------------


 NSTEP =     2450   TIME(PS) =      24.900  TEMP(K) =   231.81  PRESS =     0.0
 Etot   =   -127850.5063  EKtot   =     18798.4629  EPtot      =   -146648.9692
 BOND   =       205.8178  ANGLE   =       513.5300  DIHED      =       888.2397
 1-4 NB =       287.1991  1-4 EEL =     -4494.3310  VDWAALS    =     21730.5884
 EELEC  =   -165780.0132  EHBOND  =         0.0000  RESTRAINT  =         0.0000
 ------------------------------------------------------------------------------


 NSTEP =     2500   TIME(PS) =      25.000  TEMP(K) =   230.97  PRESS =     0.0
 Etot   =   -127719.9595  EKtot   =     18730.6504  EPtot      =   -146450.6098
 BOND   =       231.1086  ANGLE   =       516.0910  DIHED      =       882.0585
 1-4 NB =       284.2167  1-4 EEL =     -4486.1058  VDWAALS    =     21823.8170
 EELEC  =   -165701.7959  EHBOND  =         0.0000  RESTRAINT  =         0.0000
 ------------------------------------------------------------------------------


 NSTEP =     2550   TIME(PS) =      25.100  TEMP(K) =   231.35  PRESS =     0.0
 Etot   =   -127594.0528  EKtot   =     18761.4707  EPtot      =   -146355.5235
 BOND   =       211.0453  ANGLE   =       487.1347  DIHED      =       895.4961
 1-4 NB =       277.4474  1-4 EEL =     -4460.3423  VDWAALS    =     22046.1203
 EELEC  =   -165812.4250  EHBOND  =         0.0000  RESTRAINT  =         0.0000
 ------------------------------------------------------------------------------


 NSTEP =     2600   TIME(PS) =      25.200  TEMP(K) =   231.93  PRESS =     0.0
 Etot   =   -127467.5313  EKtot   =     18808.3125  EPtot      =   -146275.8438
 BOND   =       209.1460  ANGLE   =       531.2409  DIHED      =       884.8584
 1-4 NB =       279.3505  1-4 EEL =     -4514.4094  VDWAALS    =     21678.3052
 EELEC  =   -165344.3353  EHBOND  =         0.0000  RESTRAINT  =         0.0000
 ------------------------------------------------------------------------------


 NSTEP =     2650   TIME(PS) =      25.300  TEMP(K) =   233.02  PRESS =     0.0
 Etot   =   -127350.7359  EKtot   =     18896.7578  EPtot      =   -146247.4937
 BOND   =       220.7456  ANGLE   =       497.5902  DIHED      =       887.8822
 1-4 NB =       289.1604  1-4 EEL =     -4492.0156  VDWAALS    =     21986.1077
 EELEC  =   -165636.9642  EHBOND  =         0.0000  RESTRAINT  =         0.0000
 ------------------------------------------------------------------------------


 NSTEP =     2700   TIME(PS) =      25.400  TEMP(K) =   232.19  PRESS =     0.0
 Etot   =   -127229.2350  EKtot   =     18829.4258  EPtot      =   -146058.6608
 BOND   =       224.4268  ANGLE   =       536.9903  DIHED      =       874.8537
 1-4 NB =       294.8016  1-4 EEL =     -4524.9979  VDWAALS    =     21673.6622
 EELEC  =   -165138.3975  EHBOND  =         0.0000  RESTRAINT  =         0.0000
 ------------------------------------------------------------------------------


 NSTEP =     2750   TIME(PS) =      25.500  TEMP(K) =   232.77  PRESS =     0.0
 Etot   =   -127108.9902  EKtot   =     18876.6836  EPtot      =   -145985.6738
 BOND   =       221.1182  ANGLE   =       512.2496  DIHED      =       895.0308
 1-4 NB =       283.2800  1-4 EEL =     -4507.9723  VDWAALS    =     21442.8012
 EELEC  =   -164832.1814  EHBOND  =         0.0000  RESTRAINT  =         0.0000
 ------------------------------------------------------------------------------


 NSTEP =     2800   TIME(PS) =      25.600  TEMP(K) =   234.34  PRESS =     0.0
 Etot   =   -126990.0270  EKtot   =     19003.5898  EPtot      =   -145993.6168
 BOND   =       232.6154  ANGLE   =       545.5834  DIHED      =       880.2741
 1-4 NB =       282.2679  1-4 EEL =     -4510.5796  VDWAALS    =     21587.0449
 EELEC  =   -165010.8229  EHBOND  =         0.0000  RESTRAINT  =         0.0000
 ------------------------------------------------------------------------------


 NSTEP =     2850   TIME(PS) =      25.700  TEMP(K) =   235.11  PRESS =     0.0
 Etot   =   -126884.0898  EKtot   =     19066.3066  EPtot      =   -145950.3965
 BOND   =       252.3159  ANGLE   =       516.3641  DIHED      =       891.3754
 1-4 NB =       294.0549  1-4 EEL =     -4519.3619  VDWAALS    =     21657.5072
 EELEC  =   -165042.6520  EHBOND  =         0.0000  RESTRAINT  =         0.0000
 ------------------------------------------------------------------------------


 NSTEP =     2900   TIME(PS) =      25.800  TEMP(K) =   233.93  PRESS =     0.0
 Etot   =   -126772.7474  EKtot   =     18970.2852  EPtot      =   -145743.0326
 BOND   =       211.2602  ANGLE   =       539.7243  DIHED      =       891.8691
 1-4 NB =       294.4203  1-4 EEL =     -4515.1531  VDWAALS    =     21431.5206
 EELEC  =   -164596.6739  EHBOND  =         0.0000  RESTRAINT  =         0.0000
 ------------------------------------------------------------------------------


 NSTEP =     2950   TIME(PS) =      25.900  TEMP(K) =   234.03  PRESS =     0.0
 Etot   =   -126661.7650  EKtot   =     18979.1074  EPtot      =   -145640.8724
 BOND   =       229.9964  ANGLE   =       528.9926  DIHED      =       888.1024
 1-4 NB =       288.4255  1-4 EEL =     -4510.7925  VDWAALS    =     21297.3275
 EELEC  =   -164362.9242  EHBOND  =         0.0000  RESTRAINT  =         0.0000
 ------------------------------------------------------------------------------

check COM velocity, temp:        0.000008     0.00(Removed)

 NSTEP =     3000   TIME(PS) =      26.000  TEMP(K) =   236.80  PRESS =     0.0
 Etot   =   -126555.1192  EKtot   =     19203.1270  EPtot      =   -145758.2461
 BOND   =       209.3750  ANGLE   =       498.8213  DIHED      =       892.8369
 1-4 NB =       288.9031  1-4 EEL =     -4478.8551  VDWAALS    =     21549.0756
 EELEC  =   -164718.4030  EHBOND  =         0.0000  RESTRAINT  =         0.0000
 ------------------------------------------------------------------------------


 NSTEP =     3050   TIME(PS) =      26.100  TEMP(K) =   235.73  PRESS =     0.0
 Etot   =   -126449.2684  EKtot   =     19116.3613  EPtot      =   -145565.6297
 BOND   =       213.7247  ANGLE   =       538.2350  DIHED      =       898.4218
 1-4 NB =       286.0084  1-4 EEL =     -4507.4839  VDWAALS    =     21326.6019
 EELEC  =   -164321.1377  EHBOND  =         0.0000  RESTRAINT  =         0.0000
 ------------------------------------------------------------------------------


 NSTEP =     3100   TIME(PS) =      26.200  TEMP(K) =   236.95  PRESS =     0.0
 Etot   =   -126345.7263  EKtot   =     19215.8105  EPtot      =   -145561.5369
 BOND   =       225.6644  ANGLE   =       546.1513  DIHED      =       881.0862
 1-4 NB =       289.0093  1-4 EEL =     -4505.2430  VDWAALS    =     21408.4149
 EELEC  =   -164406.6199  EHBOND  =         0.0000  RESTRAINT  =         0.0000
 ------------------------------------------------------------------------------


 NSTEP =     3150   TIME(PS) =      26.300  TEMP(K) =   236.83  PRESS =     0.0
 Etot   =   -126246.7264  EKtot   =     19206.1191  EPtot      =   -145452.8455
 BOND   =       221.7349  ANGLE   =       520.7633  DIHED      =       893.8082
 1-4 NB =       287.1346  1-4 EEL =     -4495.2132  VDWAALS    =     21166.9309
 EELEC  =   -164048.0042  EHBOND  =         0.0000  RESTRAINT  =         0.0000
 ------------------------------------------------------------------------------


 NSTEP =     3200   TIME(PS) =      26.400  TEMP(K) =   236.94  PRESS =     0.0
 Etot   =   -126144.1658  EKtot   =     19215.0488  EPtot      =   -145359.2146
 BOND   =       238.0908  ANGLE   =       508.8491  DIHED      =       883.7476
 1-4 NB =       282.7772  1-4 EEL =     -4490.1868  VDWAALS    =     21025.9737
 EELEC  =   -163808.4662  EHBOND  =         0.0000  RESTRAINT  =         0.0000
 ------------------------------------------------------------------------------


 NSTEP =     3250   TIME(PS) =      26.500  TEMP(K) =   237.96  PRESS =     0.0
 Etot   =   -126049.6146  EKtot   =     19297.6328  EPtot      =   -145347.2475
 BOND   =       222.8412  ANGLE   =       521.0469  DIHED      =       881.8189
 1-4 NB =       279.1362  1-4 EEL =     -4495.1002  VDWAALS    =     21393.9612
 EELEC  =   -164150.9515  EHBOND  =         0.0000  RESTRAINT  =         0.0000
 ------------------------------------------------------------------------------


 NSTEP =     3300   TIME(PS) =      26.600  TEMP(K) =   236.40  PRESS =     0.0
 Etot   =   -125951.9257  EKtot   =     19171.0820  EPtot      =   -145123.0077
 BOND   =       232.1133  ANGLE   =       513.3761  DIHED      =       872.5816
 1-4 NB =       296.5640  1-4 EEL =     -4513.3531  VDWAALS    =     21108.5205
 EELEC  =   -163632.8102  EHBOND  =         0.0000  RESTRAINT  =         0.0000
 ------------------------------------------------------------------------------


 NSTEP =     3350   TIME(PS) =      26.700  TEMP(K) =   236.74  PRESS =     0.0
 Etot   =   -125857.9155  EKtot   =     19198.7754  EPtot      =   -145056.6909
 BOND   =       211.0219  ANGLE   =       536.4590  DIHED      =       875.9953
 1-4 NB =       285.7239  1-4 EEL =     -4520.2135  VDWAALS    =     21246.0275
 EELEC  =   -163691.7048  EHBOND  =         0.0000  RESTRAINT  =         0.0000
 ------------------------------------------------------------------------------


 NSTEP =     3400   TIME(PS) =      26.800  TEMP(K) =   238.38  PRESS =     0.0
 Etot   =   -125765.2224  EKtot   =     19331.2168  EPtot      =   -145096.4392
 BOND   =       244.6609  ANGLE   =       547.4696  DIHED      =       885.3674
 1-4 NB =       274.3373  1-4 EEL =     -4533.3218  VDWAALS    =     21105.1445
 EELEC  =   -163620.0971  EHBOND  =         0.0000  RESTRAINT  =         0.0000
 ------------------------------------------------------------------------------


 NSTEP =     3450   TIME(PS) =      26.900  TEMP(K) =   238.05  PRESS =     0.0
 Etot   =   -125677.0652  EKtot   =     19304.3672  EPtot      =   -144981.4324
 BOND   =       223.0541  ANGLE   =       563.1164  DIHED      =       890.3099
 1-4 NB =       282.7630  1-4 EEL =     -4519.2281  VDWAALS    =     21211.3288
 EELEC  =   -163632.7765  EHBOND  =         0.0000  RESTRAINT  =         0.0000
 ------------------------------------------------------------------------------


 NSTEP =     3500   TIME(PS) =      27.000  TEMP(K) =   237.30  PRESS =     0.0
 Etot   =   -125587.4768  EKtot   =     19243.5156  EPtot      =   -144830.9925
 BOND   =       214.0954  ANGLE   =       548.8014  DIHED      =       864.6101
 1-4 NB =       282.4485  1-4 EEL =     -4504.9001  VDWAALS    =     21115.1857
 EELEC  =   -163351.2335  EHBOND  =         0.0000  RESTRAINT  =         0.0000
 ------------------------------------------------------------------------------


 NSTEP =     3550   TIME(PS) =      27.100  TEMP(K) =   239.10  PRESS =     0.0
 Etot   =   -125498.0639  EKtot   =     19389.7363  EPtot      =   -144887.8002
 BOND   =       224.4907  ANGLE   =       532.3302  DIHED      =       891.8261
 1-4 NB =       285.1517  1-4 EEL =     -4516.9003  VDWAALS    =     20778.9075
 EELEC  =   -163083.6061  EHBOND  =         0.0000  RESTRAINT  =         0.0000
 ------------------------------------------------------------------------------


 NSTEP =     3600   TIME(PS) =      27.200  TEMP(K) =   239.66  PRESS =     0.0
 Etot   =   -125411.8001  EKtot   =     19435.0352  EPtot      =   -144846.8352
 BOND   =       211.9521  ANGLE   =       535.8121  DIHED      =       885.6203
 1-4 NB =       279.8247  1-4 EEL =     -4504.8108  VDWAALS    =     21014.0005
 EELEC  =   -163269.2341  EHBOND  =         0.0000  RESTRAINT  =         0.0000
 ------------------------------------------------------------------------------


 NSTEP =     3650   TIME(PS) =      27.300  TEMP(K) =   239.21  PRESS =     0.0
 Etot   =   -125327.3302  EKtot   =     19399.0918  EPtot      =   -144726.4220
 BOND   =       228.9729  ANGLE   =       525.9387  DIHED      =       887.6774
 1-4 NB =       280.7507  1-4 EEL =     -4519.7608  VDWAALS    =     20944.6787
 EELEC  =   -163074.6796  EHBOND  =         0.0000  RESTRAINT  =         0.0000
 ------------------------------------------------------------------------------


 NSTEP =     3700   TIME(PS) =      27.400  TEMP(K) =   239.90  PRESS =     0.0
 Etot   =   -125243.8632  EKtot   =     19454.7207  EPtot      =   -144698.5839
 BOND   =       216.9062  ANGLE   =       535.3170  DIHED      =       879.8743
 1-4 NB =       294.1354  1-4 EEL =     -4526.8883  VDWAALS    =     21152.1945
 EELEC  =   -163250.1231  EHBOND  =         0.0000  RESTRAINT  =         0.0000
 ------------------------------------------------------------------------------


 NSTEP =     3750   TIME(PS) =      27.500  TEMP(K) =   239.73  PRESS =     0.0
 Etot   =   -125164.5515  EKtot   =     19440.8594  EPtot      =   -144605.4109
 BOND   =       249.0459  ANGLE   =       506.5521  DIHED      =       884.3880
 1-4 NB =       288.7735  1-4 EEL =     -4518.0978  VDWAALS    =     21401.6469
 EELEC  =   -163417.7194  EHBOND  =         0.0000  RESTRAINT  =         0.0000
 ------------------------------------------------------------------------------


 NSTEP =     3800   TIME(PS) =      27.600  TEMP(K) =   240.64  PRESS =     0.0
 Etot   =   -125090.8775  EKtot   =     19515.0488  EPtot      =   -144605.9264
 BOND   =       232.7146  ANGLE   =       521.7386  DIHED      =       892.5293
 1-4 NB =       274.8550  1-4 EEL =     -4512.0783  VDWAALS    =     20994.0447
 EELEC  =   -163009.7304  EHBOND  =         0.0000  RESTRAINT  =         0.0000
 ------------------------------------------------------------------------------


 NSTEP =     3850   TIME(PS) =      27.700  TEMP(K) =   238.88  PRESS =     0.0
 Etot   =   -125006.1337  EKtot   =     19371.6582  EPtot      =   -144377.7919
 BOND   =       209.5302  ANGLE   =       508.6079  DIHED      =       885.9584
 1-4 NB =       281.1087  1-4 EEL =     -4496.9488  VDWAALS    =     20722.2619
 EELEC  =   -162488.3101  EHBOND  =         0.0000  RESTRAINT  =         0.0000
 ------------------------------------------------------------------------------


 NSTEP =     3900   TIME(PS) =      27.800  TEMP(K) =   241.51  PRESS =     0.0
 Etot   =   -124922.8140  EKtot   =     19585.0508  EPtot      =   -144507.8648
 BOND   =       230.8118  ANGLE   =       539.5792  DIHED      =       888.7927
 1-4 NB =       277.5119  1-4 EEL =     -4509.4587  VDWAALS    =     20693.1231
 EELEC  =   -162628.2249  EHBOND  =         0.0000  RESTRAINT  =         0.0000
 ------------------------------------------------------------------------------


 NSTEP =     3950   TIME(PS) =      27.900  TEMP(K) =   240.27  PRESS =     0.0
 Etot   =   -124847.0008  EKtot   =     19484.5703  EPtot      =   -144331.5711
 BOND   =       224.5601  ANGLE   =       531.3292  DIHED      =       870.7901
 1-4 NB =       279.2880  1-4 EEL =     -4506.4585  VDWAALS    =     20844.9961
 EELEC  =   -162576.0760  EHBOND  =         0.0000  RESTRAINT  =         0.0000
 ------------------------------------------------------------------------------

check COM velocity, temp:        0.000011     0.00(Removed)

 NSTEP =     4000   TIME(PS) =      28.000  TEMP(K) =   239.72  PRESS =     0.0
 Etot   =   -124764.5311  EKtot   =     19439.9980  EPtot      =   -144204.5291
 BOND   =       246.5628  ANGLE   =       531.7492  DIHED      =       877.1061
 1-4 NB =       278.6031  1-4 EEL =     -4542.9535  VDWAALS    =     20847.0677
 EELEC  =   -162442.6646  EHBOND  =         0.0000  RESTRAINT  =         0.0000
 ------------------------------------------------------------------------------


      A V E R A G E S   O V E R      80 S T E P S


 NSTEP =     4000   TIME(PS) =      28.000  TEMP(K) =   223.75  PRESS =     0.0
 Etot   =   -129753.8584  EKtot   =     18145.1667  EPtot      =   -147899.0251
 BOND   =       206.8573  ANGLE   =       492.7167  DIHED      =       881.1870
 1-4 NB =       283.0508  1-4 EEL =     -4506.1108  VDWAALS    =     22479.4768
 EELEC  =   -167736.2027  EHBOND  =         0.0000  RESTRAINT  =         0.0000
 ------------------------------------------------------------------------------


      R M S  F L U C T U A T I O N S


 NSTEP =     4000   TIME(PS) =      28.000  TEMP(K) =    14.27  PRESS =     0.0
 Etot   =      3735.0369  EKtot   =      1157.0265  EPtot      =      2588.6274
 BOND   =        21.6422  ANGLE   =        35.1083  DIHED      =         9.6614
 1-4 NB =         5.8694  1-4 EEL =        16.7057  VDWAALS    =      1146.6765
 EELEC  =      3668.8324  EHBOND  =         0.0000  RESTRAINT  =         0.0000
 ------------------------------------------------------------------------------

--------------------------------------------------------------------------------
   5.  TIMINGS
--------------------------------------------------------------------------------

|  NonSetup CPU Time in Major Routines:
|
|     Routine           Sec        %
|     ------------------------------
|     Nonbond           0.52   18.66
|     Bond              0.00    0.00
|     Angle             0.00    0.00
|     Dihedral          0.00    0.00
|     Shake             0.04    1.28
|     RunMD             2.23   79.56
|     Other             0.01    0.50
|     ------------------------------
|     Total             2.80

|  PME Nonbond Pairlist CPU Time:
|
|     Routine              Sec        %
|     ---------------------------------
|     Set Up Cit           0.00    0.00
|     Build List           0.00    0.00
|     ---------------------------------
|     Total                0.00    0.00

|  PME Direct Force CPU Time:
|
|     Routine              Sec        %
|     ---------------------------------
|     NonBonded Calc       0.00    0.00
|     Exclude Masked       0.00    0.00
|     Other                0.01    0.33
|     ---------------------------------
|     Total                0.01    0.33

|  PME Reciprocal Force CPU Time:
|
|     Routine              Sec        %
|     ---------------------------------
|     1D bspline           0.00    0.00
|     Grid Charges         0.00    0.00
|     Scalar Sum           0.00    0.00
|     Gradient Sum         0.00    0.00
|     FFT                  0.00    0.00
|     ---------------------------------
|     Total                0.00    0.00

|  Final Performance Info:
|     -----------------------------------------------------
|     Average timings for last    3950 steps:
|     Elapsed(s) =       2.84 Per Step(ms) =       0.72
|         ns/day =     240.72   seconds/ns =     358.92
|
|     Average timings for all steps:
|     Elapsed(s) =       2.94 Per Step(ms) =       0.74
|         ns/day =     235.08   seconds/ns =     367.53
|     -----------------------------------------------------

|  Setup CPU time:            0.82 seconds
|  NonSetup CPU time:         2.80 seconds
|  Total CPU time:            3.62 seconds     0.00 hours

|  Setup wall time:           1    seconds
|  NonSetup wall time:        3    seconds
|  Total wall time:           4    seconds     0.00 hours
