
          -------------------------------------------------------
          Amber 16 PMEMD                              2016
          -------------------------------------------------------

| PMEMD implementation of SANDER, Release 16

| Run on 01/17/2024 at 22:52:04

|   Executable path: pmemd.cuda
| Working directory: /home/students/keyq/fuben/input/10/nLC10right
|          Hostname: master

  [-O]verwriting output

File Assignments:
|   MDIN: heat1.in                                                              
|  MDOUT: cmp_heat1.out                                                         
| INPCRD: cmp_heat0.rst                                                         
|   PARM: cmp.prmtop                                                            
| RESTRT: cmp_heat1.rst                                                         
|   REFC: cmp.inpcrd                                                            
|  MDVEL: mdvel                                                                 
|   MDEN: mden                                                                  
|  MDCRD: cmp_heat1.mdcrd                                                       
| MDINFO: mdinfo                                                                
|  MDFRC: mdfrc                                                                 


 Here is the input file:

Stage 1 heating 1 5ps 0-100K                                                   
 &cntrl                                                                        
  imin=0, ntx=1,                                                               
  nstlim=2500, dt=0.002,                                                       
  ntc=2, ntf=2,                                                                
  ntt=1, tautp=1.5,                                                            
  tempi=0.0, temp0=50.0,                                                       
  ntpr=50, ntwx=50,                                                            
  ntb=1,                                                                       
  cut=10,                                                                      
 /                                                                             


Note: ig = -1. Setting random seed to   945242 based on wallclock time in 
      microseconds.
 
|--------------------- INFORMATION ----------------------
| GPU (CUDA) Version of PMEMD in use: NVIDIA GPU IN USE.
|                    Version 16.0.0
| 
|                      02/25/2016
| 
| Implementation by:
|                    Ross C. Walker     (SDSC)
|                    Scott Le Grand     (nVIDIA)
| 
| Precision model in use:
|      [SPFP] - Single Precision Forces, 64-bit Fixed Point
|               Accumulation. (Default)
| 
|--------------------------------------------------------
 
|----------------- CITATION INFORMATION -----------------
|
|    When publishing work that utilized the CUDA version
|    of AMBER, please cite the following in addition to
|    the regular AMBER citations:
|
|  - Romelia Salomon-Ferrer; Andreas W. Goetz; Duncan
|    Poole; Scott Le Grand; Ross C. Walker "Routine
|    microsecond molecular dynamics simulations with
|    AMBER - Part II: Particle Mesh Ewald", J. Chem.
|    Theory Comput., 2013, 9 (9), pp3878-3888,
|    DOI: 10.1021/ct400314y.
|
|  - Andreas W. Goetz; Mark J. Williamson; Dong Xu;
|    Duncan Poole; Scott Le Grand; Ross C. Walker
|    "Routine microsecond molecular dynamics simulations
|    with AMBER - Part I: Generalized Born", J. Chem.
|    Theory Comput., 2012, 8 (5), pp1542-1555.
|
|  - Scott Le Grand; Andreas W. Goetz; Ross C. Walker
|    "SPFP: Speed without compromise - a mixed precision
|    model for GPU accelerated molecular dynamics
|    simulations.", Comp. Phys. Comm., 2013, 184
|    pp374-380, DOI: 10.1016/j.cpc.2012.09.022
|
|--------------------------------------------------------
 
|------------------- GPU DEVICE INFO --------------------
|
|            CUDA_VISIBLE_DEVICES: 0
|   CUDA Capable Devices Detected:      1
|           CUDA Device ID in use:      0
|                CUDA Device Name: Tesla V100-PCIE-32GB
|     CUDA Device Global Mem Size:  32510 MB
| CUDA Device Num Multiprocessors:     80
|           CUDA Device Core Freq:   1.38 GHz
|
|--------------------------------------------------------
 
 
| Conditional Compilation Defines Used:
| PUBFFT
| BINTRAJ
| CUDA
| EMIL

| Largest sphere to fit in unit cell has radius =    34.215

| New format PARM file being parsed.
| Version =    1.000 Date = 01/29/21 Time = 15:13:34

| Note: 1-4 EEL scale factors are being read from the topology file.

| Note: 1-4 VDW scale factors are being read from the topology file.
| Duplicated    0 dihedrals

| Duplicated    0 dihedrals

--------------------------------------------------------------------------------
   1.  RESOURCE   USE: 
--------------------------------------------------------------------------------

 getting box info from netcdf restart file
 NATOM  =   40441 NTYPES =      18 NBONH =   39702 MBONA  =     790
 NTHETH =     882 MTHETA =    1223 NPHIH =    1873 MPHIA  =    2454
 NHPARM =       0 NPARM  =       0 NNB   =   58518 NRES   =   13173
 NBONA  =     790 NTHETA =    1223 NPHIA =    2454 NUMBND =      73
 NUMANG =     152 NPTRA  =      87 NATYP =      37 NPHB   =       1
 IFBOX  =       2 NMXRS  =      34 IFCAP =       0 NEXTRA =       0
 NCOPY  =       0

| Coordinate Index Table dimensions:    13   13   13
| Direct force subcell size =     6.4469    6.4469    6.4469

     BOX TYPE: TRUNCATED OCTAHEDRON

--------------------------------------------------------------------------------
   2.  CONTROL  DATA  FOR  THE  RUN
--------------------------------------------------------------------------------

default_name                                                                    

General flags:
     imin    =       0, nmropt  =       0

Nature and format of input:
     ntx     =       1, irest   =       0, ntrx    =       1

Nature and format of output:
     ntxo    =       2, ntpr    =      50, ntrx    =       1, ntwr    =    2500
     iwrap   =       0, ntwx    =      50, ntwv    =       0, ntwe    =       0
     ioutfm  =       1, ntwprt  =       0, idecomp =       0, rbornstat=      0

Potential function:
     ntf     =       2, ntb     =       1, igb     =       0, nsnb    =      25
     ipol    =       0, gbsa    =       0, iesp    =       0
     dielc   =   1.00000, cut     =  10.00000, intdiel =   1.00000

Frozen or restrained atoms:
     ibelly  =       0, ntr     =       0

Molecular dynamics:
     nstlim  =      2500, nscm    =      1000, nrespa  =         1
     t       =   0.00000, dt      =   0.00200, vlimit  =  -1.00000

Berendsen (weak-coupling) temperature regulation:
     temp0   =  50.00000, tempi   =   0.00000, tautp   =   1.50000

SHAKE:
     ntc     =       2, jfastw  =       0
     tol     =   0.00001

| Intermolecular bonds treatment:
|     no_intermolecular_bonds =       1

| Energy averages sample interval:
|     ene_avg_sampling =      50

Ewald parameters:
     verbose =       0, ew_type =       0, nbflag  =       1, use_pme =       1
     vdwmeth =       1, eedmeth =       1, netfrc  =       1
     Box X =   83.809   Box Y =   83.809   Box Z =   83.809
     Alpha =  109.471   Beta  =  109.471   Gamma =  109.471
     NFFT1 =   84       NFFT2 =   84       NFFT3 =   84
     Cutoff=   10.000   Tol   =0.100E-04
     Ewald Coefficient =  0.27511
     Interpolation order =    4

--------------------------------------------------------------------------------
   3.  ATOMIC COORDINATES AND VELOCITIES
--------------------------------------------------------------------------------

default_name                                                                    
 begin time read from input coords =     0.000 ps

 
 Number of triangulated 3-point waters found:    13107

     Sum of charges from parm topology file =   0.00000012
     Forcing neutrality...

| Dynamic Memory, Types Used:
| Reals             1156531
| Integers           962369

| Nonbonded Pairs Initial Allocation:    12232391

| GPU memory information (estimate):
| KB of GPU memory in use:    213516
| KB of CPU memory in use:     68364

--------------------------------------------------------------------------------
   4.  RESULTS
--------------------------------------------------------------------------------

 ---------------------------------------------------
 APPROXIMATING switch and d/dx switch using CUBIC SPLINE INTERPOLATION
 using   5000.0 points per unit in tabled values
 TESTING RELATIVE ERROR over r ranging from 0.0 to cutoff
| CHECK switch(x): max rel err =   0.2738E-14   at   2.422500
| CHECK d/dx switch(x): max rel err =   0.8314E-11   at   2.736960
 ---------------------------------------------------
|---------------------------------------------------
| APPROXIMATING direct energy using CUBIC SPLINE INTERPOLATION
|  with   50.0 points per unit in tabled values
| Relative Error Limit not exceeded for r .gt.   2.33
| APPROXIMATING direct force using CUBIC SPLINE INTERPOLATION
|  with   50.0 points per unit in tabled values
| Relative Error Limit not exceeded for r .gt.   2.80
|---------------------------------------------------

 NSTEP =        0   TIME(PS) =       0.000  TEMP(K) =     0.00  PRESS =     0.0
 Etot   =   -192318.4753  EKtot   =         0.0000  EPtot      =   -192318.4753
 BOND   =        58.8567  ANGLE   =       232.8690  DIHED      =       812.8789
 1-4 NB =       252.8066  1-4 EEL =     -4499.0894  VDWAALS    =     34673.4551
 EELEC  =   -223850.2522  EHBOND  =         0.0000  RESTRAINT  =         0.0000
 ------------------------------------------------------------------------------


 NSTEP =       50   TIME(PS) =       0.100  TEMP(K) =     8.64  PRESS =     0.0
 Etot   =   -165084.2960  EKtot   =       700.4024  EPtot      =   -165784.6984
 BOND   =        57.2437  ANGLE   =       227.5283  DIHED      =       813.1229
 1-4 NB =       256.2978  1-4 EEL =     -4495.1670  VDWAALS    =     29345.3364
 EELEC  =   -191989.0606  EHBOND  =         0.0000  RESTRAINT  =         0.0000
 ------------------------------------------------------------------------------


 NSTEP =      100   TIME(PS) =       0.200  TEMP(K) =     7.90  PRESS =     0.0
 Etot   =   -164880.0679  EKtot   =       640.5066  EPtot      =   -165520.5745
 BOND   =        57.9181  ANGLE   =       227.9134  DIHED      =       810.9888
 1-4 NB =       257.0422  1-4 EEL =     -4497.7453  VDWAALS    =     26861.9890
 EELEC  =   -189238.6807  EHBOND  =         0.0000  RESTRAINT  =         0.0000
 ------------------------------------------------------------------------------


 NSTEP =      150   TIME(PS) =       0.300  TEMP(K) =    10.23  PRESS =     0.0
 Etot   =   -164669.9257  EKtot   =       829.7549  EPtot      =   -165499.6805
 BOND   =        59.1897  ANGLE   =       227.2462  DIHED      =       810.7707
 1-4 NB =       255.7645  1-4 EEL =     -4499.5789  VDWAALS    =     27394.2504
 EELEC  =   -189747.3230  EHBOND  =         0.0000  RESTRAINT  =         0.0000
 ------------------------------------------------------------------------------


 NSTEP =      200   TIME(PS) =       0.400  TEMP(K) =    11.72  PRESS =     0.0
 Etot   =   -164458.4991  EKtot   =       950.0997  EPtot      =   -165408.5988
 BOND   =        58.5443  ANGLE   =       229.3860  DIHED      =       810.2353
 1-4 NB =       257.1857  1-4 EEL =     -4497.7585  VDWAALS    =     27726.3651
 EELEC  =   -189992.5568  EHBOND  =         0.0000  RESTRAINT  =         0.0000
 ------------------------------------------------------------------------------


 NSTEP =      250   TIME(PS) =       0.500  TEMP(K) =    13.46  PRESS =     0.0
 Etot   =   -164256.4251  EKtot   =      1091.1489  EPtot      =   -165347.5740
 BOND   =        59.0565  ANGLE   =       235.9475  DIHED      =       808.0841
 1-4 NB =       256.5901  1-4 EEL =     -4497.2121  VDWAALS    =     27516.0407
 EELEC  =   -189726.0806  EHBOND  =         0.0000  RESTRAINT  =         0.0000
 ------------------------------------------------------------------------------


 NSTEP =      300   TIME(PS) =       0.600  TEMP(K) =    14.94  PRESS =     0.0
 Etot   =   -164062.5913  EKtot   =      1211.7927  EPtot      =   -165274.3840
 BOND   =        59.3119  ANGLE   =       236.3237  DIHED      =       807.4760
 1-4 NB =       257.3101  1-4 EEL =     -4496.6869  VDWAALS    =     27319.4289
 EELEC  =   -189457.5477  EHBOND  =         0.0000  RESTRAINT  =         0.0000
 ------------------------------------------------------------------------------


 NSTEP =      350   TIME(PS) =       0.700  TEMP(K) =    16.40  PRESS =     0.0
 Etot   =   -163876.4471  EKtot   =      1329.9004  EPtot      =   -165206.3475
 BOND   =        58.8951  ANGLE   =       240.7697  DIHED      =       803.9286
 1-4 NB =       258.4553  1-4 EEL =     -4495.8522  VDWAALS    =     27447.4686
 EELEC  =   -189520.0126  EHBOND  =         0.0000  RESTRAINT  =         0.0000
 ------------------------------------------------------------------------------


 NSTEP =      400   TIME(PS) =       0.800  TEMP(K) =    17.96  PRESS =     0.0
 Etot   =   -163699.5111  EKtot   =      1456.2377  EPtot      =   -165155.7488
 BOND   =        60.4837  ANGLE   =       241.3365  DIHED      =       801.2598
 1-4 NB =       257.4842  1-4 EEL =     -4492.4304  VDWAALS    =     27565.8958
 EELEC  =   -189589.7783  EHBOND  =         0.0000  RESTRAINT  =         0.0000
 ------------------------------------------------------------------------------


 NSTEP =      450   TIME(PS) =       0.900  TEMP(K) =    19.63  PRESS =     0.0
 Etot   =   -163530.2262  EKtot   =      1592.2305  EPtot      =   -165122.4567
 BOND   =        60.8459  ANGLE   =       241.5483  DIHED      =       805.6538
 1-4 NB =       258.8404  1-4 EEL =     -4489.2157  VDWAALS    =     27429.5115
 EELEC  =   -189429.6410  EHBOND  =         0.0000  RESTRAINT  =         0.0000
 ------------------------------------------------------------------------------


 NSTEP =      500   TIME(PS) =       1.000  TEMP(K) =    20.94  PRESS =     0.0
 Etot   =   -163369.7132  EKtot   =      1697.9336  EPtot      =   -165067.6467
 BOND   =        59.4056  ANGLE   =       239.4260  DIHED      =       811.5345
 1-4 NB =       256.6431  1-4 EEL =     -4487.0844  VDWAALS    =     27426.2298
 EELEC  =   -189373.8014  EHBOND  =         0.0000  RESTRAINT  =         0.0000
 ------------------------------------------------------------------------------


 NSTEP =      550   TIME(PS) =       1.100  TEMP(K) =    21.96  PRESS =     0.0
 Etot   =   -163215.5118  EKtot   =      1781.1750  EPtot      =   -164996.6868
 BOND   =        61.4969  ANGLE   =       242.8624  DIHED      =       807.4389
 1-4 NB =       259.4052  1-4 EEL =     -4495.2663  VDWAALS    =     27656.4571
 EELEC  =   -189529.0810  EHBOND  =         0.0000  RESTRAINT  =         0.0000
 ------------------------------------------------------------------------------


 NSTEP =      600   TIME(PS) =       1.200  TEMP(K) =    23.91  PRESS =     0.0
 Etot   =   -163070.1422  EKtot   =      1939.2539  EPtot      =   -165009.3961
 BOND   =        61.3079  ANGLE   =       247.5894  DIHED      =       805.5320
 1-4 NB =       258.5104  1-4 EEL =     -4495.0471  VDWAALS    =     27660.7130
 EELEC  =   -189548.0017  EHBOND  =         0.0000  RESTRAINT  =         0.0000
 ------------------------------------------------------------------------------


 NSTEP =      650   TIME(PS) =       1.300  TEMP(K) =    24.82  PRESS =     0.0
 Etot   =   -162931.7587  EKtot   =      2012.5956  EPtot      =   -164944.3543
 BOND   =        61.2083  ANGLE   =       244.3238  DIHED      =       808.9149
 1-4 NB =       258.4333  1-4 EEL =     -4489.6949  VDWAALS    =     27631.4821
 EELEC  =   -189459.0217  EHBOND  =         0.0000  RESTRAINT  =         0.0000
 ------------------------------------------------------------------------------


 NSTEP =      700   TIME(PS) =       1.400  TEMP(K) =    25.92  PRESS =     0.0
 Etot   =   -162797.5530  EKtot   =      2101.9600  EPtot      =   -164899.5130
 BOND   =        61.0425  ANGLE   =       248.4443  DIHED      =       804.3298
 1-4 NB =       256.9235  1-4 EEL =     -4487.3706  VDWAALS    =     27773.2026
 EELEC  =   -189556.0850  EHBOND  =         0.0000  RESTRAINT  =         0.0000
 ------------------------------------------------------------------------------


 NSTEP =      750   TIME(PS) =       1.500  TEMP(K) =    26.96  PRESS =     0.0
 Etot   =   -162670.6311  EKtot   =      2186.1626  EPtot      =   -164856.7937
 BOND   =        61.3918  ANGLE   =       248.2052  DIHED      =       808.1080
 1-4 NB =       255.4859  1-4 EEL =     -4491.0822  VDWAALS    =     27697.8975
 EELEC  =   -189436.8000  EHBOND  =         0.0000  RESTRAINT  =         0.0000
 ------------------------------------------------------------------------------


 NSTEP =      800   TIME(PS) =       1.600  TEMP(K) =    28.00  PRESS =     0.0
 Etot   =   -162549.8195  EKtot   =      2271.0300  EPtot      =   -164820.8496
 BOND   =        62.1396  ANGLE   =       248.1064  DIHED      =       807.5117
 1-4 NB =       258.2991  1-4 EEL =     -4491.0232  VDWAALS    =     27776.1540
 EELEC  =   -189482.0373  EHBOND  =         0.0000  RESTRAINT  =         0.0000
 ------------------------------------------------------------------------------


 NSTEP =      850   TIME(PS) =       1.700  TEMP(K) =    28.81  PRESS =     0.0
 Etot   =   -162433.9170  EKtot   =      2336.0125  EPtot      =   -164769.9294
 BOND   =        62.5010  ANGLE   =       250.6137  DIHED      =       805.4670
 1-4 NB =       259.2241  1-4 EEL =     -4496.0693  VDWAALS    =     27770.3049
 EELEC  =   -189421.9709  EHBOND  =         0.0000  RESTRAINT  =         0.0000
 ------------------------------------------------------------------------------


 NSTEP =      900   TIME(PS) =       1.800  TEMP(K) =    30.11  PRESS =     0.0
 Etot   =   -162322.3505  EKtot   =      2441.9775  EPtot      =   -164764.3280
 BOND   =        62.1266  ANGLE   =       251.0087  DIHED      =       805.0307
 1-4 NB =       258.9347  1-4 EEL =     -4494.4674  VDWAALS    =     27876.4369
 EELEC  =   -189523.3982  EHBOND  =         0.0000  RESTRAINT  =         0.0000
 ------------------------------------------------------------------------------


 NSTEP =      950   TIME(PS) =       1.900  TEMP(K) =    30.93  PRESS =     0.0
 Etot   =   -162217.1203  EKtot   =      2508.4500  EPtot      =   -164725.5703
 BOND   =        62.2985  ANGLE   =       247.2879  DIHED      =       808.3726
 1-4 NB =       260.0373  1-4 EEL =     -4493.7055  VDWAALS    =     27757.1133
 EELEC  =   -189366.9744  EHBOND  =         0.0000  RESTRAINT  =         0.0000
 ------------------------------------------------------------------------------

check COM velocity, temp:        0.000026     0.00(Removed)

 NSTEP =     1000   TIME(PS) =       2.000  TEMP(K) =    32.02  PRESS =     0.0
 Etot   =   -162116.4954  EKtot   =      2597.0471  EPtot      =   -164713.5425
 BOND   =        62.9355  ANGLE   =       248.7295  DIHED      =       805.0576
 1-4 NB =       258.1979  1-4 EEL =     -4489.7221  VDWAALS    =     27739.9635
 EELEC  =   -189338.7045  EHBOND  =         0.0000  RESTRAINT  =         0.0000
 ------------------------------------------------------------------------------


 NSTEP =     1050   TIME(PS) =       2.100  TEMP(K) =    33.05  PRESS =     0.0
 Etot   =   -162021.5950  EKtot   =      2679.8667  EPtot      =   -164701.4617
 BOND   =        62.2485  ANGLE   =       248.2826  DIHED      =       800.6601
 1-4 NB =       259.6161  1-4 EEL =     -4489.1901  VDWAALS    =     27668.5869
 EELEC  =   -189251.6657  EHBOND  =         0.0000  RESTRAINT  =         0.0000
 ------------------------------------------------------------------------------


 NSTEP =     1100   TIME(PS) =       2.200  TEMP(K) =    33.97  PRESS =     0.0
 Etot   =   -161932.4130  EKtot   =      2754.6455  EPtot      =   -164687.0585
 BOND   =        64.6593  ANGLE   =       249.9684  DIHED      =       804.7334
 1-4 NB =       260.1257  1-4 EEL =     -4499.9783  VDWAALS    =     27806.5954
 EELEC  =   -189373.1623  EHBOND  =         0.0000  RESTRAINT  =         0.0000
 ------------------------------------------------------------------------------


 NSTEP =     1150   TIME(PS) =       2.300  TEMP(K) =    34.96  PRESS =     0.0
 Etot   =   -161848.8823  EKtot   =      2835.3333  EPtot      =   -164684.2156
 BOND   =        64.8843  ANGLE   =       250.2434  DIHED      =       803.7732
 1-4 NB =       260.5159  1-4 EEL =     -4498.3737  VDWAALS    =     27879.5981
 EELEC  =   -189444.8567  EHBOND  =         0.0000  RESTRAINT  =         0.0000
 ------------------------------------------------------------------------------


 NSTEP =     1200   TIME(PS) =       2.400  TEMP(K) =    35.52  PRESS =     0.0
 Etot   =   -161770.1038  EKtot   =      2880.6167  EPtot      =   -164650.7205
 BOND   =        65.1058  ANGLE   =       255.4911  DIHED      =       809.0202
 1-4 NB =       257.9748  1-4 EEL =     -4498.2013  VDWAALS    =     27763.0526
 EELEC  =   -189303.1638  EHBOND  =         0.0000  RESTRAINT  =         0.0000
 ------------------------------------------------------------------------------


 NSTEP =     1250   TIME(PS) =       2.500  TEMP(K) =    36.30  PRESS =     0.0
 Etot   =   -161695.0663  EKtot   =      2944.1360  EPtot      =   -164639.2023
 BOND   =        63.9611  ANGLE   =       250.1337  DIHED      =       810.6558
 1-4 NB =       261.6241  1-4 EEL =     -4494.4395  VDWAALS    =     27685.1714
 EELEC  =   -189216.3089  EHBOND  =         0.0000  RESTRAINT  =         0.0000
 ------------------------------------------------------------------------------


 NSTEP =     1300   TIME(PS) =       2.600  TEMP(K) =    36.98  PRESS =     0.0
 Etot   =   -161622.6916  EKtot   =      2999.1025  EPtot      =   -164621.7941
 BOND   =        64.5494  ANGLE   =       253.3333  DIHED      =       804.6946
 1-4 NB =       263.2527  1-4 EEL =     -4486.0970  VDWAALS    =     27673.2729
 EELEC  =   -189194.7999  EHBOND  =         0.0000  RESTRAINT  =         0.0000
 ------------------------------------------------------------------------------


 NSTEP =     1350   TIME(PS) =       2.700  TEMP(K) =    37.62  PRESS =     0.0
 Etot   =   -161554.7907  EKtot   =      3050.6702  EPtot      =   -164605.4608
 BOND   =        64.6259  ANGLE   =       255.8622  DIHED      =       801.2049
 1-4 NB =       259.3008  1-4 EEL =     -4489.7005  VDWAALS    =     27621.6771
 EELEC  =   -189118.4312  EHBOND  =         0.0000  RESTRAINT  =         0.0000
 ------------------------------------------------------------------------------


 NSTEP =     1400   TIME(PS) =       2.800  TEMP(K) =    38.06  PRESS =     0.0
 Etot   =   -161490.1339  EKtot   =      3086.4131  EPtot      =   -164576.5470
 BOND   =        63.9872  ANGLE   =       248.7382  DIHED      =       809.2959
 1-4 NB =       263.6440  1-4 EEL =     -4482.4867  VDWAALS    =     27690.0455
 EELEC  =   -189169.7710  EHBOND  =         0.0000  RESTRAINT  =         0.0000
 ------------------------------------------------------------------------------


 NSTEP =     1450   TIME(PS) =       2.900  TEMP(K) =    39.13  PRESS =     0.0
 Etot   =   -161429.4602  EKtot   =      3172.9241  EPtot      =   -164602.3842
 BOND   =        63.9911  ANGLE   =       257.4247  DIHED      =       802.1888
 1-4 NB =       259.3042  1-4 EEL =     -4487.8521  VDWAALS    =     27727.7318
 EELEC  =   -189225.1728  EHBOND  =         0.0000  RESTRAINT  =         0.0000
 ------------------------------------------------------------------------------


 NSTEP =     1500   TIME(PS) =       3.000  TEMP(K) =    39.88  PRESS =     0.0
 Etot   =   -161372.7678  EKtot   =      3234.3191  EPtot      =   -164607.0868
 BOND   =        66.8511  ANGLE   =       249.5019  DIHED      =       807.6651
 1-4 NB =       259.2904  1-4 EEL =     -4481.6537  VDWAALS    =     27731.8306
 EELEC  =   -189240.5724  EHBOND  =         0.0000  RESTRAINT  =         0.0000
 ------------------------------------------------------------------------------


 NSTEP =     1550   TIME(PS) =       3.100  TEMP(K) =    40.26  PRESS =     0.0
 Etot   =   -161320.1388  EKtot   =      3264.8987  EPtot      =   -164585.0375
 BOND   =        63.4747  ANGLE   =       260.5407  DIHED      =       808.5075
 1-4 NB =       259.2724  1-4 EEL =     -4481.5835  VDWAALS    =     27785.4663
 EELEC  =   -189280.7157  EHBOND  =         0.0000  RESTRAINT  =         0.0000
 ------------------------------------------------------------------------------


 NSTEP =     1600   TIME(PS) =       3.200  TEMP(K) =    41.19  PRESS =     0.0
 Etot   =   -161269.0665  EKtot   =      3340.6733  EPtot      =   -164609.7399
 BOND   =        67.7231  ANGLE   =       259.1904  DIHED      =       806.5076
 1-4 NB =       259.5849  1-4 EEL =     -4483.0162  VDWAALS    =     27732.7129
 EELEC  =   -189252.4425  EHBOND  =         0.0000  RESTRAINT  =         0.0000
 ------------------------------------------------------------------------------


 NSTEP =     1650   TIME(PS) =       3.300  TEMP(K) =    41.51  PRESS =     0.0
 Etot   =   -161221.6180  EKtot   =      3366.0173  EPtot      =   -164587.6353
 BOND   =        64.4992  ANGLE   =       260.7153  DIHED      =       804.9936
 1-4 NB =       259.3675  1-4 EEL =     -4493.0309  VDWAALS    =     27736.7131
 EELEC  =   -189220.8931  EHBOND  =         0.0000  RESTRAINT  =         0.0000
 ------------------------------------------------------------------------------


 NSTEP =     1700   TIME(PS) =       3.400  TEMP(K) =    41.93  PRESS =     0.0
 Etot   =   -161179.2697  EKtot   =      3400.7202  EPtot      =   -164579.9899
 BOND   =        65.2772  ANGLE   =       261.3811  DIHED      =       807.4626
 1-4 NB =       264.9121  1-4 EEL =     -4496.7935  VDWAALS    =     27712.6516
 EELEC  =   -189194.8810  EHBOND  =         0.0000  RESTRAINT  =         0.0000
 ------------------------------------------------------------------------------


 NSTEP =     1750   TIME(PS) =       3.500  TEMP(K) =    42.28  PRESS =     0.0
 Etot   =   -161137.0452  EKtot   =      3428.7842  EPtot      =   -164565.8294
 BOND   =        66.9846  ANGLE   =       260.4303  DIHED      =       808.7896
 1-4 NB =       258.7232  1-4 EEL =     -4490.3231  VDWAALS    =     27859.9598
 EELEC  =   -189330.3939  EHBOND  =         0.0000  RESTRAINT  =         0.0000
 ------------------------------------------------------------------------------


 NSTEP =     1800   TIME(PS) =       3.600  TEMP(K) =    42.80  PRESS =     0.0
 Etot   =   -161097.2429  EKtot   =      3470.7085  EPtot      =   -164567.9514
 BOND   =        64.9742  ANGLE   =       261.9890  DIHED      =       808.0848
 1-4 NB =       263.2378  1-4 EEL =     -4488.1936  VDWAALS    =     27715.9225
 EELEC  =   -189193.9661  EHBOND  =         0.0000  RESTRAINT  =         0.0000
 ------------------------------------------------------------------------------


 NSTEP =     1850   TIME(PS) =       3.700  TEMP(K) =    43.90  PRESS =     0.0
 Etot   =   -161060.5641  EKtot   =      3560.2515  EPtot      =   -164620.8156
 BOND   =        64.7240  ANGLE   =       262.5311  DIHED      =       804.3349
 1-4 NB =       262.9346  1-4 EEL =     -4492.7723  VDWAALS    =     27763.3682
 EELEC  =   -189285.9360  EHBOND  =         0.0000  RESTRAINT  =         0.0000
 ------------------------------------------------------------------------------


 NSTEP =     1900   TIME(PS) =       3.800  TEMP(K) =    43.82  PRESS =     0.0
 Etot   =   -161028.4820  EKtot   =      3553.6201  EPtot      =   -164582.1021
 BOND   =        68.3096  ANGLE   =       257.5717  DIHED      =       814.8860
 1-4 NB =       258.5458  1-4 EEL =     -4495.1899  VDWAALS    =     27617.4181
 EELEC  =   -189103.6434  EHBOND  =         0.0000  RESTRAINT  =         0.0000
 ------------------------------------------------------------------------------


 NSTEP =     1950   TIME(PS) =       3.900  TEMP(K) =    44.33  PRESS =     0.0
 Etot   =   -160996.2574  EKtot   =      3595.2473  EPtot      =   -164591.5047
 BOND   =        64.8956  ANGLE   =       254.5591  DIHED      =       807.4045
 1-4 NB =       269.8858  1-4 EEL =     -4488.9186  VDWAALS    =     27647.5508
 EELEC  =   -189146.8818  EHBOND  =         0.0000  RESTRAINT  =         0.0000
 ------------------------------------------------------------------------------

check COM velocity, temp:        0.000011     0.00(Removed)

 NSTEP =     2000   TIME(PS) =       4.000  TEMP(K) =    44.85  PRESS =     0.0
 Etot   =   -160967.7288  EKtot   =      3637.1277  EPtot      =   -164604.8565
 BOND   =        64.5457  ANGLE   =       254.7403  DIHED      =       805.1229
 1-4 NB =       264.4125  1-4 EEL =     -4485.0452  VDWAALS    =     27814.3659
 EELEC  =   -189322.9986  EHBOND  =         0.0000  RESTRAINT  =         0.0000
 ------------------------------------------------------------------------------


 NSTEP =     2050   TIME(PS) =       4.100  TEMP(K) =    45.09  PRESS =     0.0
 Etot   =   -160940.8129  EKtot   =      3656.7629  EPtot      =   -164597.5758
 BOND   =        64.5745  ANGLE   =       251.0317  DIHED      =       810.7664
 1-4 NB =       261.8275  1-4 EEL =     -4484.0120  VDWAALS    =     27874.7527
 EELEC  =   -189376.5166  EHBOND  =         0.0000  RESTRAINT  =         0.0000
 ------------------------------------------------------------------------------


 NSTEP =     2100   TIME(PS) =       4.200  TEMP(K) =    45.01  PRESS =     0.0
 Etot   =   -160915.4279  EKtot   =      3649.9263  EPtot      =   -164565.3542
 BOND   =        68.1500  ANGLE   =       263.7038  DIHED      =       804.2094
 1-4 NB =       261.2772  1-4 EEL =     -4481.1464  VDWAALS    =     27842.3751
 EELEC  =   -189323.9233  EHBOND  =         0.0000  RESTRAINT  =         0.0000
 ------------------------------------------------------------------------------


 NSTEP =     2150   TIME(PS) =       4.300  TEMP(K) =    45.67  PRESS =     0.0
 Etot   =   -160892.2483  EKtot   =      3703.8191  EPtot      =   -164596.0674
 BOND   =        64.0103  ANGLE   =       260.5255  DIHED      =       808.3383
 1-4 NB =       265.8449  1-4 EEL =     -4481.8458  VDWAALS    =     27841.2372
 EELEC  =   -189354.1778  EHBOND  =         0.0000  RESTRAINT  =         0.0000
 ------------------------------------------------------------------------------


 NSTEP =     2200   TIME(PS) =       4.400  TEMP(K) =    46.30  PRESS =     0.0
 Etot   =   -160869.2192  EKtot   =      3754.9973  EPtot      =   -164624.2166
 BOND   =        68.5343  ANGLE   =       261.1229  DIHED      =       803.3215
 1-4 NB =       265.4524  1-4 EEL =     -4490.8848  VDWAALS    =     27682.9839
 EELEC  =   -189214.7468  EHBOND  =         0.0000  RESTRAINT  =         0.0000
 ------------------------------------------------------------------------------


 NSTEP =     2250   TIME(PS) =       4.500  TEMP(K) =    46.37  PRESS =     0.0
 Etot   =   -160848.4116  EKtot   =      3760.3989  EPtot      =   -164608.8105
 BOND   =        65.5399  ANGLE   =       261.7037  DIHED      =       806.7642
 1-4 NB =       263.6518  1-4 EEL =     -4479.8922  VDWAALS    =     27940.5204
 EELEC  =   -189467.0984  EHBOND  =         0.0000  RESTRAINT  =         0.0000
 ------------------------------------------------------------------------------


 NSTEP =     2300   TIME(PS) =       4.600  TEMP(K) =    46.94  PRESS =     0.0
 Etot   =   -160832.4091  EKtot   =      3806.7007  EPtot      =   -164639.1098
 BOND   =        63.3613  ANGLE   =       255.0811  DIHED      =       810.1539
 1-4 NB =       260.6138  1-4 EEL =     -4472.3452  VDWAALS    =     27826.7464
 EELEC  =   -189382.7211  EHBOND  =         0.0000  RESTRAINT  =         0.0000
 ------------------------------------------------------------------------------


 NSTEP =     2350   TIME(PS) =       4.700  TEMP(K) =    47.27  PRESS =     0.0
 Etot   =   -160816.4259  EKtot   =      3833.3855  EPtot      =   -164649.8114
 BOND   =        63.8751  ANGLE   =       258.1393  DIHED      =       814.4272
 1-4 NB =       269.1152  1-4 EEL =     -4471.9888  VDWAALS    =     27668.7769
 EELEC  =   -189252.1562  EHBOND  =         0.0000  RESTRAINT  =         0.0000
 ------------------------------------------------------------------------------


 NSTEP =     2400   TIME(PS) =       4.800  TEMP(K) =    47.38  PRESS =     0.0
 Etot   =   -160801.3090  EKtot   =      3842.2173  EPtot      =   -164643.5263
 BOND   =        67.1927  ANGLE   =       264.7067  DIHED      =       809.1236
 1-4 NB =       263.6389  1-4 EEL =     -4493.2445  VDWAALS    =     27814.3426
 EELEC  =   -189369.2863  EHBOND  =         0.0000  RESTRAINT  =         0.0000
 ------------------------------------------------------------------------------


 NSTEP =     2450   TIME(PS) =       4.900  TEMP(K) =    47.92  PRESS =     0.0
 Etot   =   -160787.8972  EKtot   =      3886.1416  EPtot      =   -164674.0388
 BOND   =        68.2269  ANGLE   =       271.2657  DIHED      =       802.2470
 1-4 NB =       263.9335  1-4 EEL =     -4481.6364  VDWAALS    =     27843.2848
 EELEC  =   -189441.3602  EHBOND  =         0.0000  RESTRAINT  =         0.0000
 ------------------------------------------------------------------------------


 NSTEP =     2500   TIME(PS) =       5.000  TEMP(K) =    47.61  PRESS =     0.0
 Etot   =   -160776.5219  EKtot   =      3860.6541  EPtot      =   -164637.1760
 BOND   =        66.2769  ANGLE   =       265.7160  DIHED      =       808.1965
 1-4 NB =       261.0092  1-4 EEL =     -4492.9262  VDWAALS    =     27881.0858
 EELEC  =   -189426.5342  EHBOND  =         0.0000  RESTRAINT  =         0.0000
 ------------------------------------------------------------------------------


      A V E R A G E S   O V E R      50 S T E P S


 NSTEP =     2500   TIME(PS) =       5.000  TEMP(K) =    33.46  PRESS =     0.0
 Etot   =   -162094.1801  EKtot   =      2713.7350  EPtot      =   -164807.9151
 BOND   =        63.3871  ANGLE   =       251.0044  DIHED      =       807.1270
 1-4 NB =       260.3391  1-4 EEL =     -4490.0988  VDWAALS    =     27724.4408
 EELEC  =   -189424.1147  EHBOND  =         0.0000  RESTRAINT  =         0.0000
 ------------------------------------------------------------------------------


      R M S  F L U C T U A T I O N S


 NSTEP =     2500   TIME(PS) =       5.000  TEMP(K) =    11.92  PRESS =     0.0
 Etot   =      1251.1360  EKtot   =       966.9537  EPtot      =       300.5291
 BOND   =         2.8890  ANGLE   =        10.3684  DIHED      =         3.2435
 1-4 NB =         3.2208  1-4 EEL =         6.5849  VDWAALS    =       292.3946
 EELEC  =       403.1850  EHBOND  =         0.0000  RESTRAINT  =         0.0000
 ------------------------------------------------------------------------------

--------------------------------------------------------------------------------
   5.  TIMINGS
--------------------------------------------------------------------------------

|  NonSetup CPU Time in Major Routines:
|
|     Routine           Sec        %
|     ------------------------------
|     Nonbond           0.25   16.75
|     Bond              0.00    0.00
|     Angle             0.00    0.00
|     Dihedral          0.00    0.00
|     Shake             0.02    1.15
|     RunMD             1.22   81.54
|     Other             0.01    0.55
|     ------------------------------
|     Total             1.49

|  PME Nonbond Pairlist CPU Time:
|
|     Routine              Sec        %
|     ---------------------------------
|     Set Up Cit           0.00    0.00
|     Build List           0.00    0.00
|     ---------------------------------
|     Total                0.00    0.00

|  PME Direct Force CPU Time:
|
|     Routine              Sec        %
|     ---------------------------------
|     NonBonded Calc       0.00    0.00
|     Exclude Masked       0.00    0.00
|     Other                0.00    0.27
|     ---------------------------------
|     Total                0.00    0.27

|  PME Reciprocal Force CPU Time:
|
|     Routine              Sec        %
|     ---------------------------------
|     1D bspline           0.00    0.00
|     Grid Charges         0.00    0.00
|     Scalar Sum           0.00    0.00
|     Gradient Sum         0.00    0.00
|     FFT                  0.00    0.00
|     ---------------------------------
|     Total                0.00    0.00

|  Final Performance Info:
|     -----------------------------------------------------
|     Average timings for last    2500 steps:
|     Elapsed(s) =       1.67 Per Step(ms) =       0.67
|         ns/day =     258.20   seconds/ns =     334.63
|
|     Average timings for all steps:
|     Elapsed(s) =       1.67 Per Step(ms) =       0.67
|         ns/day =     258.20   seconds/ns =     334.63
|     -----------------------------------------------------

|  Setup CPU time:            1.09 seconds
|  NonSetup CPU time:         1.49 seconds
|  Total CPU time:            2.58 seconds     0.00 hours

|  Setup wall time:           1    seconds
|  NonSetup wall time:        2    seconds
|  Total wall time:           3    seconds     0.00 hours
