#Res        AtomicFlx
   1.000       2.9505
   2.000       2.2704
   3.000       1.8491
   4.000       1.5349
   5.000       1.4185
   6.000       1.4924
   7.000       1.5635
   8.000       1.6751
   9.000       1.7538
  10.000       1.8373
  11.000       1.8160
  12.000       1.7066
  13.000       1.6236
  14.000       1.7295
  15.000       2.0425
  16.000       2.6666
  17.000       3.4346
  18.000       4.0565
  19.000       3.1602
  20.000       2.1713
  21.000       2.0082
  22.000       1.8584
  23.000       1.8657
  24.000       1.9530
  25.000       1.8324
  26.000       1.7014
  27.000       1.6543
  28.000       1.6104
  29.000       1.6259
  30.000       1.5254
  31.000       1.5828
  32.000       1.5958
  33.000       1.8950
  34.000       2.6675
  35.000      32.2101
  36.000      22.7997
  37.000      28.8144
  38.000      26.5098
  39.000      16.4558
  40.000      21.7188
  41.000      19.9719
  42.000      26.0846
  43.000      30.0026
  44.000      19.3853
  45.000      25.4825
  46.000      19.5427
  47.000      36.5219
  48.000      21.4989
  49.000      21.2972
  50.000      30.4872
  51.000      34.4220
  52.000      23.2349
  53.000      32.6905
  54.000      24.5476
  55.000      28.8170
  56.000      24.4064
  57.000      33.3006
  58.000      28.5680
  59.000      30.4326
  60.000      28.8159
  61.000      20.4367
  62.000      26.0155
  63.000      12.4164
  64.000      14.7523
  65.000      13.4823
  66.000      22.6360
