
          -------------------------------------------------------
          Amber 16 PMEMD                              2016
          -------------------------------------------------------

| PMEMD implementation of SANDER, Release 16

| Run on 06/04/2024 at 22:37:29

|   Executable path: pmemd.cuda
| Working directory: /home/students/keyq/fuben4/10/10LG
|          Hostname: master

  [-O]verwriting output

File Assignments:
|   MDIN: min2.in                                                               
|  MDOUT: cmp_min2.out                                                          
| INPCRD: cmp_min1.rst                                                          
|   PARM: cmp.prmtop                                                            
| RESTRT: cmp_min2.rst                                                          
|   REFC: cmp.inpcrd                                                            
|  MDVEL: mdvel                                                                 
|   MDEN: mden                                                                  
|  MDCRD: mdcrd                                                                 
| MDINFO: mdinfo                                                                
|  MDFRC: mdfrc                                                                 


 Here is the input file:

Initial minimisation of our structures                                         
 &cntrl                                                                        
  imin=1, maxcyc=10000, ncyc=5000,                                             
  cut=10, ntb=1,ntr=1,                                                         
  restraint_wt=2.0                                                             
  restraintmask=':1-554@CA,N,C'                                                
                                                                               
/                                                                              


Note: ig = -1. Setting random seed to   807267 based on wallclock time in 
      microseconds.
 
|--------------------- INFORMATION ----------------------
| GPU (CUDA) Version of PMEMD in use: NVIDIA GPU IN USE.
|                    Version 16.0.0
| 
|                      02/25/2016
| 
| Implementation by:
|                    Ross C. Walker     (SDSC)
|                    Scott Le Grand     (nVIDIA)
| 
| Precision model in use:
|      [SPFP] - Single Precision Forces, 64-bit Fixed Point
|               Accumulation. (Default)
| 
|--------------------------------------------------------
 
|----------------- CITATION INFORMATION -----------------
|
|    When publishing work that utilized the CUDA version
|    of AMBER, please cite the following in addition to
|    the regular AMBER citations:
|
|  - Romelia Salomon-Ferrer; Andreas W. Goetz; Duncan
|    Poole; Scott Le Grand; Ross C. Walker "Routine
|    microsecond molecular dynamics simulations with
|    AMBER - Part II: Particle Mesh Ewald", J. Chem.
|    Theory Comput., 2013, 9 (9), pp3878-3888,
|    DOI: 10.1021/ct400314y.
|
|  - Andreas W. Goetz; Mark J. Williamson; Dong Xu;
|    Duncan Poole; Scott Le Grand; Ross C. Walker
|    "Routine microsecond molecular dynamics simulations
|    with AMBER - Part I: Generalized Born", J. Chem.
|    Theory Comput., 2012, 8 (5), pp1542-1555.
|
|  - Scott Le Grand; Andreas W. Goetz; Ross C. Walker
|    "SPFP: Speed without compromise - a mixed precision
|    model for GPU accelerated molecular dynamics
|    simulations.", Comp. Phys. Comm., 2013, 184
|    pp374-380, DOI: 10.1016/j.cpc.2012.09.022
|
|--------------------------------------------------------
 
|------------------- GPU DEVICE INFO --------------------
|
|            CUDA_VISIBLE_DEVICES: 0
|   CUDA Capable Devices Detected:      1
|           CUDA Device ID in use:      0
|                CUDA Device Name: Tesla V100-PCIE-32GB
|     CUDA Device Global Mem Size:  32510 MB
| CUDA Device Num Multiprocessors:     80
|           CUDA Device Core Freq:   1.38 GHz
|
|--------------------------------------------------------
 
 
| Conditional Compilation Defines Used:
| PUBFFT
| BINTRAJ
| CUDA
| EMIL

| Largest sphere to fit in unit cell has radius =    32.961

| New format PARM file being parsed.
| Version =    1.000 Date = 12/10/20 Time = 21:50:59

| Note: 1-4 EEL scale factors are being read from the topology file.

| Note: 1-4 VDW scale factors are being read from the topology file.
| Duplicated    0 dihedrals

| Duplicated    0 dihedrals

--------------------------------------------------------------------------------
   1.  RESOURCE   USE: 
--------------------------------------------------------------------------------

 getting box info from netcdf restart file
 NATOM  =   35955 NTYPES =      18 NBONH =   35232 MBONA  =     774
 NTHETH =     898 MTHETA =    1191 NPHIH =    1825 MPHIA  =    2463
 NHPARM =       0 NPARM  =       0 NNB   =   52462 NRES   =   11683
 NBONA  =     774 NTHETA =    1191 NPHIA =    2463 NUMBND =      61
 NUMANG =     127 NPTRA  =      75 NATYP =      34 NPHB   =       1
 IFBOX  =       2 NMXRS  =      33 IFCAP =       0 NEXTRA =       0
 NCOPY  =       0

| Coordinate Index Table dimensions:    13   13   13
| Direct force subcell size =     6.2105    6.2105    6.2105

     BOX TYPE: TRUNCATED OCTAHEDRON

--------------------------------------------------------------------------------
   2.  CONTROL  DATA  FOR  THE  RUN
--------------------------------------------------------------------------------

default_name                                                                    

General flags:
     imin    =       1, nmropt  =       0

Nature and format of input:
     ntx     =       1, irest   =       0, ntrx    =       1

Nature and format of output:
     ntxo    =       2, ntpr    =      50, ntrx    =       1, ntwr    =       1
     iwrap   =       0, ntwx    =       0, ntwv    =       0, ntwe    =       0
     ioutfm  =       1, ntwprt  =       0, idecomp =       0, rbornstat=      0

Potential function:
     ntf     =       1, ntb     =       1, igb     =       0, nsnb    =      25
     ipol    =       0, gbsa    =       0, iesp    =       0
     dielc   =   1.00000, cut     =  10.00000, intdiel =   1.00000

Frozen or restrained atoms:
     ibelly  =       0, ntr     =       1
     restraint_wt =   2.00000

Energy minimization:
     maxcyc  =   10000, ncyc    =    5000, ntmin   =       1
     dx0     =   0.01000, drms    =   0.00010

| Intermolecular bonds treatment:
|     no_intermolecular_bonds =       1

| Energy averages sample interval:
|     ene_avg_sampling =       1

Ewald parameters:
     verbose =       0, ew_type =       0, nbflag  =       1, use_pme =       1
     vdwmeth =       1, eedmeth =       1, netfrc  =       0
     Box X =   80.737   Box Y =   80.737   Box Z =   80.737
     Alpha =  109.471   Beta  =  109.471   Gamma =  109.471
     NFFT1 =   84       NFFT2 =   84       NFFT3 =   84
     Cutoff=   10.000   Tol   =0.100E-04
     Ewald Coefficient =  0.27511
     Interpolation order =    4

    LOADING THE CONSTRAINED ATOMS AS GROUPS


   5.  REFERENCE ATOM COORDINATES

  default_name                                                                    
     Mask :1-554@CA,N,C; matches     0 atoms

--------------------------------------------------------------------------------
   3.  ATOMIC COORDINATES AND VELOCITIES
--------------------------------------------------------------------------------

default_name                                                                    
 begin time read from input coords =     0.000 ps

 
 Number of triangulated 3-point waters found:    11617

     Sum of charges from parm topology file =   0.00000020
     Forcing neutrality...

| Dynamic Memory, Types Used:
| Reals             1079785
| Integers           900641

| Nonbonded Pairs Initial Allocation:    10875488

| GPU memory information (estimate):
| KB of GPU memory in use:    172203
| KB of CPU memory in use:     61071

--------------------------------------------------------------------------------
   4.  RESULTS
--------------------------------------------------------------------------------

 ---------------------------------------------------
 APPROXIMATING switch and d/dx switch using CUBIC SPLINE INTERPOLATION
 using   5000.0 points per unit in tabled values
 TESTING RELATIVE ERROR over r ranging from 0.0 to cutoff
| CHECK switch(x): max rel err =   0.2738E-14   at   2.422500
| CHECK d/dx switch(x): max rel err =   0.8314E-11   at   2.736960
 ---------------------------------------------------
|---------------------------------------------------
| APPROXIMATING direct energy using CUBIC SPLINE INTERPOLATION
|  with   50.0 points per unit in tabled values
| Relative Error Limit not exceeded for r .gt.   2.33
| APPROXIMATING direct force using CUBIC SPLINE INTERPOLATION
|  with   50.0 points per unit in tabled values
| Relative Error Limit not exceeded for r .gt.   2.80
|---------------------------------------------------


   NSTEP       ENERGY          RMS            GMAX         NAME    NUMBER
      1      -1.5619E+05     3.2158E-01     1.3358E+01     Na+      1081

 BOND    =    11491.7892  ANGLE   =      176.1957  DIHED      =      974.4389
 VDWAALS =    28856.8603  EEL     =  -193125.4480  HBOND      =        0.0000
 1-4 VDW =      260.3647  1-4 EEL =    -4821.8706  RESTRAINT  =        0.0000


   NSTEP       ENERGY          RMS            GMAX         NAME    NUMBER
     50      -1.5632E+05     3.7493E-01     8.1521E+00     H1       1385

 BOND    =    11508.3442  ANGLE   =      175.9954  DIHED      =      973.3424
 VDWAALS =    28955.2384  EEL     =  -193358.8821  HBOND      =        0.0000
 1-4 VDW =      257.8751  1-4 EEL =    -4827.3353  RESTRAINT  =        0.0000


   NSTEP       ENERGY          RMS            GMAX         NAME    NUMBER
    100      -1.5639E+05     1.6898E-01     7.7929E+00     P         220

 BOND    =    11519.2281  ANGLE   =      176.1486  DIHED      =      972.9120
 VDWAALS =    29011.6341  EEL     =  -193496.2121  HBOND      =        0.0000
 1-4 VDW =      257.2618  1-4 EEL =    -4827.4581  RESTRAINT  =        0.0000


   NSTEP       ENERGY          RMS            GMAX         NAME    NUMBER
    150      -1.5644E+05     1.8881E-01     1.9891E+01     P         220

 BOND    =    11527.1670  ANGLE   =      175.6544  DIHED      =      972.8495
 VDWAALS =    29057.6992  EEL     =  -193605.2575  HBOND      =        0.0000
 1-4 VDW =      256.7346  1-4 EEL =    -4827.0794  RESTRAINT  =        0.0000


   NSTEP       ENERGY          RMS            GMAX         NAME    NUMBER
    200      -1.5649E+05     4.2405E-01     6.4907E+01     P         220

 BOND    =    11536.9249  ANGLE   =      175.3877  DIHED      =      972.8937
 VDWAALS =    29096.7584  EEL     =  -193699.3401  HBOND      =        0.0000
 1-4 VDW =      256.2429  1-4 EEL =    -4826.4545  RESTRAINT  =        0.0000


   NSTEP       ENERGY          RMS            GMAX         NAME    NUMBER
    250      -1.5653E+05     2.6802E-01     3.7894E+01     P         220

 BOND    =    11539.8007  ANGLE   =      173.6440  DIHED      =      973.1748
 VDWAALS =    29131.7772  EEL     =  -193778.3658  HBOND      =        0.0000
 1-4 VDW =      256.2453  1-4 EEL =    -4826.4775  RESTRAINT  =        0.0000


   NSTEP       ENERGY          RMS            GMAX         NAME    NUMBER
    300      -1.5656E+05     3.6597E-01     5.7395E+01     P         220

 BOND    =    11545.5630  ANGLE   =      173.2459  DIHED      =      973.4616
 VDWAALS =    29163.3760  EEL     =  -193849.3242  HBOND      =        0.0000
 1-4 VDW =      256.0058  1-4 EEL =    -4826.3901  RESTRAINT  =        0.0000


   NSTEP       ENERGY          RMS            GMAX         NAME    NUMBER
    350      -1.5660E+05     2.1673E-01     2.6321E+01     P         220

 BOND    =    11551.3360  ANGLE   =      171.7781  DIHED      =      973.6938
 VDWAALS =    29191.8745  EEL     =  -193916.4719  HBOND      =        0.0000
 1-4 VDW =      255.4535  1-4 EEL =    -4825.6227  RESTRAINT  =        0.0000


   NSTEP       ENERGY          RMS            GMAX         NAME    NUMBER
    400      -1.5663E+05     3.0877E-01     3.2301E+01     P         220

 BOND    =    11557.2192  ANGLE   =      170.8676  DIHED      =      973.9110
 VDWAALS =    29216.5772  EEL     =  -193974.6672  HBOND      =        0.0000
 1-4 VDW =      255.2174  1-4 EEL =    -4825.2032  RESTRAINT  =        0.0000


   NSTEP       ENERGY          RMS            GMAX         NAME    NUMBER
    450      -1.5666E+05     1.0864E-01     6.5869E+00     C4        742

 BOND    =    11558.6028  ANGLE   =      170.2089  DIHED      =      974.1088
 VDWAALS =    29239.2334  EEL     =  -194027.7792  HBOND      =        0.0000
 1-4 VDW =      255.3731  1-4 EEL =    -4825.1846  RESTRAINT  =        0.0000


   NSTEP       ENERGY          RMS            GMAX         NAME    NUMBER
    500      -1.5668E+05     8.5136E-02     3.6774E+00     Na+      1085

 BOND    =    11563.2733  ANGLE   =      169.1452  DIHED      =      974.2894
 VDWAALS =    29259.2584  EEL     =  -194078.5225  HBOND      =        0.0000
 1-4 VDW =      255.2022  1-4 EEL =    -4824.7427  RESTRAINT  =        0.0000


   NSTEP       ENERGY          RMS            GMAX         NAME    NUMBER
    550      -1.5671E+05     1.4175E-01     1.0884E+01     C2        523

 BOND    =    11567.6374  ANGLE   =      168.3777  DIHED      =      974.4756
 VDWAALS =    29278.0303  EEL     =  -194127.0741  HBOND      =        0.0000
 1-4 VDW =      255.0483  1-4 EEL =    -4824.3877  RESTRAINT  =        0.0000


   NSTEP       ENERGY          RMS            GMAX         NAME    NUMBER
    600      -1.5673E+05     2.6375E-01     1.8316E+01     C2        523

 BOND    =    11571.5561  ANGLE   =      168.3656  DIHED      =      974.6722
 VDWAALS =    29296.8186  EEL     =  -194173.1153  HBOND      =        0.0000
 1-4 VDW =      254.7697  1-4 EEL =    -4824.1618  RESTRAINT  =        0.0000


   NSTEP       ENERGY          RMS            GMAX         NAME    NUMBER
    650      -1.5675E+05     7.3981E-02     3.0358E+00     H2       1677

 BOND    =    11574.0927  ANGLE   =      166.9292  DIHED      =      974.8718
 VDWAALS =    29314.4363  EEL     =  -194215.8984  HBOND      =        0.0000
 1-4 VDW =      255.1561  1-4 EEL =    -4823.7280  RESTRAINT  =        0.0000


   NSTEP       ENERGY          RMS            GMAX         NAME    NUMBER
    700      -1.5678E+05     1.9988E-01     1.9077E+01     C2        523

 BOND    =    11578.1776  ANGLE   =      166.1423  DIHED      =      975.0951
 VDWAALS =    29332.4135  EEL     =  -194259.8996  HBOND      =        0.0000
 1-4 VDW =      255.3048  1-4 EEL =    -4823.3307  RESTRAINT  =        0.0000


   NSTEP       ENERGY          RMS            GMAX         NAME    NUMBER
    750      -1.5680E+05     8.5696E-02     6.3694E+00     C2        523

 BOND    =    11581.3834  ANGLE   =      165.6934  DIHED      =      975.3033
 VDWAALS =    29348.3597  EEL     =  -194299.7188  HBOND      =        0.0000
 1-4 VDW =      255.0797  1-4 EEL =    -4823.2246  RESTRAINT  =        0.0000


   NSTEP       ENERGY          RMS            GMAX         NAME    NUMBER
    800      -1.5682E+05     1.7314E-01     1.6149E+01     C2        523

 BOND    =    11584.7035  ANGLE   =      165.5480  DIHED      =      975.5034
 VDWAALS =    29363.2653  EEL     =  -194337.1413  HBOND      =        0.0000
 1-4 VDW =      254.9700  1-4 EEL =    -4823.1040  RESTRAINT  =        0.0000


   NSTEP       ENERGY          RMS            GMAX         NAME    NUMBER
    850      -1.5683E+05     2.4161E-01     2.5180E+01     C2        523

 BOND    =    11588.3171  ANGLE   =      165.1980  DIHED      =      975.7040
 VDWAALS =    29377.7730  EEL     =  -194373.5408  HBOND      =        0.0000
 1-4 VDW =      254.9232  1-4 EEL =    -4822.9809  RESTRAINT  =        0.0000


   NSTEP       ENERGY          RMS            GMAX         NAME    NUMBER
    900      -1.5685E+05     1.0311E-01     8.7407E+00     C2        523

 BOND    =    11589.9625  ANGLE   =      164.5263  DIHED      =      975.8955
 VDWAALS =    29391.4702  EEL     =  -194407.4720  HBOND      =        0.0000
 1-4 VDW =      255.0938  1-4 EEL =    -4822.6844  RESTRAINT  =        0.0000


   NSTEP       ENERGY          RMS            GMAX         NAME    NUMBER
    950      -1.5687E+05     2.0138E-01     1.9019E+01     C2        523

 BOND    =    11593.5164  ANGLE   =      163.7874  DIHED      =      976.0840
 VDWAALS =    29404.6603  EEL     =  -194440.6400  HBOND      =        0.0000
 1-4 VDW =      255.2271  1-4 EEL =    -4822.4657  RESTRAINT  =        0.0000


   NSTEP       ENERGY          RMS            GMAX         NAME    NUMBER
   1000      -1.5689E+05     7.0361E-02     4.0222E+00     C2        523

 BOND    =    11595.8184  ANGLE   =      163.5983  DIHED      =      976.2607
 VDWAALS =    29417.5488  EEL     =  -194472.9563  HBOND      =        0.0000
 1-4 VDW =      255.0624  1-4 EEL =    -4822.4925  RESTRAINT  =        0.0000


   NSTEP       ENERGY          RMS            GMAX         NAME    NUMBER
   1050      -1.5690E+05     1.9028E-01     1.9763E+01     C2        523

 BOND    =    11599.6312  ANGLE   =      162.9842  DIHED      =      976.4414
 VDWAALS =    29430.2926  EEL     =  -194505.1792  HBOND      =        0.0000
 1-4 VDW =      255.0759  1-4 EEL =    -4822.4053  RESTRAINT  =        0.0000


   NSTEP       ENERGY          RMS            GMAX         NAME    NUMBER
   1100      -1.5692E+05     2.4639E-01     2.8916E+01     C2        523

 BOND    =    11602.4583  ANGLE   =      162.9545  DIHED      =      976.6085
 VDWAALS =    29442.5407  EEL     =  -194535.6054  HBOND      =        0.0000
 1-4 VDW =      255.0078  1-4 EEL =    -4822.3692  RESTRAINT  =        0.0000


   NSTEP       ENERGY          RMS            GMAX         NAME    NUMBER
   1150      -1.5694E+05     8.5386E-02     7.6278E+00     C2        523

 BOND    =    11603.4542  ANGLE   =      162.6219  DIHED      =      976.7826
 VDWAALS =    29455.2911  EEL     =  -194566.8176  HBOND      =        0.0000
 1-4 VDW =      255.1126  1-4 EEL =    -4822.1623  RESTRAINT  =        0.0000


   NSTEP       ENERGY          RMS            GMAX         NAME    NUMBER
   1200      -1.5695E+05     2.2178E-01     2.3175E+01     C2        523

 BOND    =    11605.7136  ANGLE   =      162.9708  DIHED      =      976.9443
 VDWAALS =    29467.4366  EEL     =  -194596.3751  HBOND      =        0.0000
 1-4 VDW =      255.0441  1-4 EEL =    -4822.0895  RESTRAINT  =        0.0000


   NSTEP       ENERGY          RMS            GMAX         NAME    NUMBER
   1250      -1.5697E+05     9.2896E-02     8.8427E+00     C2        523

 BOND    =    11608.4069  ANGLE   =      162.1042  DIHED      =      977.1036
 VDWAALS =    29479.2595  EEL     =  -194625.9994  HBOND      =        0.0000
 1-4 VDW =      255.0709  1-4 EEL =    -4822.0710  RESTRAINT  =        0.0000


   NSTEP       ENERGY          RMS            GMAX         NAME    NUMBER
   1300      -1.5698E+05     1.8459E-01     1.9150E+01     C2        523

 BOND    =    11611.6772  ANGLE   =      161.5048  DIHED      =      977.2580
 VDWAALS =    29491.1916  EEL     =  -194655.3736  HBOND      =        0.0000
 1-4 VDW =      255.1636  1-4 EEL =    -4821.9611  RESTRAINT  =        0.0000


   NSTEP       ENERGY          RMS            GMAX         NAME    NUMBER
   1350      -1.5700E+05     6.4674E-02     3.8064E+00     C2        523

 BOND    =    11612.7888  ANGLE   =      161.5604  DIHED      =      977.4002
 VDWAALS =    29502.8280  EEL     =  -194683.0635  HBOND      =        0.0000
 1-4 VDW =      255.1313  1-4 EEL =    -4821.8493  RESTRAINT  =        0.0000


   NSTEP       ENERGY          RMS            GMAX         NAME    NUMBER
   1400      -1.5701E+05     1.3141E-01     1.4198E+01     C2        523

 BOND    =    11615.3186  ANGLE   =      161.2415  DIHED      =      977.5466
 VDWAALS =    29514.6071  EEL     =  -194711.6305  HBOND      =        0.0000
 1-4 VDW =      255.1941  1-4 EEL =    -4821.6996  RESTRAINT  =        0.0000


   NSTEP       ENERGY          RMS            GMAX         NAME    NUMBER
   1450      -1.5702E+05     7.3600E-02     6.3388E+00     C2        523

 BOND    =    11617.4963  ANGLE   =      161.0528  DIHED      =      977.6818
 VDWAALS =    29525.7825  EEL     =  -194738.6533  HBOND      =        0.0000
 1-4 VDW =      255.1456  1-4 EEL =    -4821.7335  RESTRAINT  =        0.0000


   NSTEP       ENERGY          RMS            GMAX         NAME    NUMBER
   1500      -1.5704E+05     1.3633E-01     1.4798E+01     C2        523

 BOND    =    11620.1824  ANGLE   =      160.7471  DIHED      =      977.8190
 VDWAALS =    29537.2268  EEL     =  -194766.2689  HBOND      =        0.0000
 1-4 VDW =      255.1788  1-4 EEL =    -4821.6786  RESTRAINT  =        0.0000


   NSTEP       ENERGY          RMS            GMAX         NAME    NUMBER
   1550      -1.5705E+05     6.1796E-02     4.1646E+00     C2        523

 BOND    =    11621.8544  ANGLE   =      160.6021  DIHED      =      977.9519
 VDWAALS =    29548.3341  EEL     =  -194792.3754  HBOND      =        0.0000
 1-4 VDW =      255.1990  1-4 EEL =    -4821.5311  RESTRAINT  =        0.0000


   NSTEP       ENERGY          RMS            GMAX         NAME    NUMBER
   1600      -1.5706E+05     7.5855E-02     6.0148E+00     C2        523

 BOND    =    11624.1545  ANGLE   =      160.2685  DIHED      =      978.0775
 VDWAALS =    29559.0729  EEL     =  -194817.5053  HBOND      =        0.0000
 1-4 VDW =      255.2560  1-4 EEL =    -4821.4206  RESTRAINT  =        0.0000


   NSTEP       ENERGY          RMS            GMAX         NAME    NUMBER
   1650      -1.5707E+05     1.6422E-01     1.9426E+01     C2        523

 BOND    =    11626.1657  ANGLE   =      160.3760  DIHED      =      978.2025
 VDWAALS =    29569.7209  EEL     =  -194841.9738  HBOND      =        0.0000
 1-4 VDW =      255.2350  1-4 EEL =    -4821.3310  RESTRAINT  =        0.0000


   NSTEP       ENERGY          RMS            GMAX         NAME    NUMBER
   1700      -1.5709E+05     5.8451E-02     3.7233E+00     C2        523

 BOND    =    11628.2133  ANGLE   =      159.9547  DIHED      =      978.3209
 VDWAALS =    29579.7778  EEL     =  -194865.6527  HBOND      =        0.0000
 1-4 VDW =      255.2547  1-4 EEL =    -4821.3377  RESTRAINT  =        0.0000


   NSTEP       ENERGY          RMS            GMAX         NAME    NUMBER
   1750      -1.5710E+05     1.4367E-01     1.5514E+01     C2        523

 BOND    =    11630.9275  ANGLE   =      159.5067  DIHED      =      978.4386
 VDWAALS =    29589.5385  EEL     =  -194888.9442  HBOND      =        0.0000
 1-4 VDW =      255.3466  1-4 EEL =    -4821.2563  RESTRAINT  =        0.0000


   NSTEP       ENERGY          RMS            GMAX         NAME    NUMBER
   1800      -1.5711E+05     6.2229E-02     4.3927E+00     C2        523

 BOND    =    11631.8869  ANGLE   =      159.6499  DIHED      =      978.5508
 VDWAALS =    29598.6432  EEL     =  -194910.4864  HBOND      =        0.0000
 1-4 VDW =      255.3001  1-4 EEL =    -4821.1700  RESTRAINT  =        0.0000


   NSTEP       ENERGY          RMS            GMAX         NAME    NUMBER
   1850      -1.5712E+05     9.3498E-02     8.8703E+00     C2        523

 BOND    =    11633.5487  ANGLE   =      159.6586  DIHED      =      978.6607
 VDWAALS =    29607.4681  EEL     =  -194931.9798  HBOND      =        0.0000
 1-4 VDW =      255.2895  1-4 EEL =    -4821.1130  RESTRAINT  =        0.0000


   NSTEP       ENERGY          RMS            GMAX         NAME    NUMBER
   1900      -1.5713E+05     5.4876E-02     2.7927E+00     C2        523

 BOND    =    11635.6220  ANGLE   =      159.2785  DIHED      =      978.7667
 VDWAALS =    29616.0172  EEL     =  -194953.5080  HBOND      =        0.0000
 1-4 VDW =      255.3524  1-4 EEL =    -4821.0660  RESTRAINT  =        0.0000


   NSTEP       ENERGY          RMS            GMAX         NAME    NUMBER
   1950      -1.5714E+05     9.8577E-02     1.0300E+01     C2        523

 BOND    =    11637.6669  ANGLE   =      159.0983  DIHED      =      978.8699
 VDWAALS =    29624.4326  EEL     =  -194974.7776  HBOND      =        0.0000
 1-4 VDW =      255.3844  1-4 EEL =    -4821.0287  RESTRAINT  =        0.0000


   NSTEP       ENERGY          RMS            GMAX         NAME    NUMBER
   2000      -1.5715E+05     1.4952E-01     1.6595E+01     C2        523

 BOND    =    11639.4013  ANGLE   =      159.2415  DIHED      =      978.9681
 VDWAALS =    29632.5959  EEL     =  -194995.3207  HBOND      =        0.0000
 1-4 VDW =      255.3447  1-4 EEL =    -4821.0489  RESTRAINT  =        0.0000


   NSTEP       ENERGY          RMS            GMAX         NAME    NUMBER
   2050      -1.5716E+05     2.2282E-01     2.3585E+01     C2        523

 BOND    =    11642.3771  ANGLE   =      158.5777  DIHED      =      979.0573
 VDWAALS =    29640.4466  EEL     =  -195016.0714  HBOND      =        0.0000
 1-4 VDW =      255.5402  1-4 EEL =    -4820.9092  RESTRAINT  =        0.0000


   NSTEP       ENERGY          RMS            GMAX         NAME    NUMBER
   2100      -1.5717E+05     9.4881E-02     8.0815E+00     C2        523

 BOND    =    11642.2209  ANGLE   =      159.1835  DIHED      =      979.1476
 VDWAALS =    29648.3279  EEL     =  -195035.4771  HBOND      =        0.0000
 1-4 VDW =      255.3822  1-4 EEL =    -4820.8706  RESTRAINT  =        0.0000


   NSTEP       ENERGY          RMS            GMAX         NAME    NUMBER
   2150      -1.5718E+05     2.1375E-01     1.5693E+01     C2        523

 BOND    =    11643.4946  ANGLE   =      159.9203  DIHED      =      979.2311
 VDWAALS =    29656.0024  EEL     =  -195054.6863  HBOND      =        0.0000
 1-4 VDW =      255.2449  1-4 EEL =    -4820.9253  RESTRAINT  =        0.0000


   NSTEP       ENERGY          RMS            GMAX         NAME    NUMBER
   2200      -1.5719E+05     8.3049E-02     7.3456E+00     C2        523

 BOND    =    11646.0794  ANGLE   =      158.7405  DIHED      =      979.2982
 VDWAALS =    29663.1364  EEL     =  -195074.3038  HBOND      =        0.0000
 1-4 VDW =      255.5067  1-4 EEL =    -4820.8004  RESTRAINT  =        0.0000


   NSTEP       ENERGY          RMS            GMAX         NAME    NUMBER
   2250      -1.5720E+05     1.5272E-01     1.6357E+01     C2        523

 BOND    =    11647.6873  ANGLE   =      159.0778  DIHED      =      979.3615
 VDWAALS =    29670.2718  EEL     =  -195093.1036  HBOND      =        0.0000
 1-4 VDW =      255.4511  1-4 EEL =    -4820.8637  RESTRAINT  =        0.0000


   NSTEP       ENERGY          RMS            GMAX         NAME    NUMBER
   2300      -1.5721E+05     5.5915E-02     3.2274E+00     C2        523

 BOND    =    11648.7808  ANGLE   =      159.0104  DIHED      =      979.4111
 VDWAALS =    29677.0263  EEL     =  -195111.4268  HBOND      =        0.0000
 1-4 VDW =      255.5170  1-4 EEL =    -4820.7288  RESTRAINT  =        0.0000


   NSTEP       ENERGY          RMS            GMAX         NAME    NUMBER
   2350      -1.5722E+05     1.4694E-01     1.5412E+01     C2        523

 BOND    =    11650.1838  ANGLE   =      159.3848  DIHED      =      979.4556
 VDWAALS =    29683.9298  EEL     =  -195130.0946  HBOND      =        0.0000
 1-4 VDW =      255.5048  1-4 EEL =    -4820.6925  RESTRAINT  =        0.0000


   NSTEP       ENERGY          RMS            GMAX         NAME    NUMBER
   2400      -1.5723E+05     2.0738E-01     2.0556E+01     C2        523

 BOND    =    11652.4888  ANGLE   =      158.9839  DIHED      =      979.4996
 VDWAALS =    29690.5223  EEL     =  -195148.3572  HBOND      =        0.0000
 1-4 VDW =      255.6961  1-4 EEL =    -4820.5581  RESTRAINT  =        0.0000


   NSTEP       ENERGY          RMS            GMAX         NAME    NUMBER
   2450      -1.5724E+05     1.2687E-01     1.1282E+01     C2        523

 BOND    =    11653.9357  ANGLE   =      158.8036  DIHED      =      979.5630
 VDWAALS =    29697.3473  EEL     =  -195166.6097  HBOND      =        0.0000
 1-4 VDW =      255.7270  1-4 EEL =    -4820.7207  RESTRAINT  =        0.0000


   NSTEP       ENERGY          RMS            GMAX         NAME    NUMBER
   2500      -1.5725E+05     1.7540E-01     1.7058E+01     C2        523

 BOND    =    11654.7938  ANGLE   =      159.5276  DIHED      =      979.6440
 VDWAALS =    29704.0570  EEL     =  -195183.7720  HBOND      =        0.0000
 1-4 VDW =      255.5742  1-4 EEL =    -4820.9160  RESTRAINT  =        0.0000


   NSTEP       ENERGY          RMS            GMAX         NAME    NUMBER
   2550      -1.5726E+05     7.0608E-02     5.4190E+00     C2        523

 BOND    =    11655.8495  ANGLE   =      159.1989  DIHED      =      979.7257
 VDWAALS =    29710.3766  EEL     =  -195200.9794  HBOND      =        0.0000
 1-4 VDW =      255.6894  1-4 EEL =    -4820.7786  RESTRAINT  =        0.0000


   NSTEP       ENERGY          RMS            GMAX         NAME    NUMBER
   2600      -1.5727E+05     1.5329E-01     1.3637E+01     C2        523

 BOND    =    11657.0395  ANGLE   =      159.5258  DIHED      =      979.8087
 VDWAALS =    29716.6087  EEL     =  -195217.5799  HBOND      =        0.0000
 1-4 VDW =      255.6547  1-4 EEL =    -4820.8008  RESTRAINT  =        0.0000


   NSTEP       ENERGY          RMS            GMAX         NAME    NUMBER
   2650      -1.5728E+05     7.5451E-02     6.7782E+00     C2        523

 BOND    =    11659.1013  ANGLE   =      158.7964  DIHED      =      979.8817
 VDWAALS =    29722.5622  EEL     =  -195234.4995  HBOND      =        0.0000
 1-4 VDW =      255.8278  1-4 EEL =    -4820.7756  RESTRAINT  =        0.0000


   NSTEP       ENERGY          RMS            GMAX         NAME    NUMBER
   2700      -1.5729E+05     1.3563E-01     1.3547E+01     C2        523

 BOND    =    11660.9768  ANGLE   =      158.5498  DIHED      =      979.9514
 VDWAALS =    29728.4334  EEL     =  -195250.8482  HBOND      =        0.0000
 1-4 VDW =      255.9162  1-4 EEL =    -4820.7354  RESTRAINT  =        0.0000


   NSTEP       ENERGY          RMS            GMAX         NAME    NUMBER
   2750      -1.5730E+05     1.7983E-01     1.9409E+01     C2        523

 BOND    =    11662.0190  ANGLE   =      159.0033  DIHED      =      980.0195
 VDWAALS =    29734.3744  EEL     =  -195266.9220  HBOND      =        0.0000
 1-4 VDW =      255.8095  1-4 EEL =    -4820.8079  RESTRAINT  =        0.0000


   NSTEP       ENERGY          RMS            GMAX         NAME    NUMBER
   2800      -1.5731E+05     7.7571E-02     6.9225E+00     C2        523

 BOND    =    11662.7858  ANGLE   =      158.7827  DIHED      =      980.0795
 VDWAALS =    29740.0236  EEL     =  -195282.9669  HBOND      =        0.0000
 1-4 VDW =      255.8725  1-4 EEL =    -4820.5763  RESTRAINT  =        0.0000


   NSTEP       ENERGY          RMS            GMAX         NAME    NUMBER
   2850      -1.5731E+05     1.5268E-01     1.6836E+01     C2        523

 BOND    =    11664.4094  ANGLE   =      158.6274  DIHED      =      980.1338
 VDWAALS =    29745.4345  EEL     =  -195298.6585  HBOND      =        0.0000
 1-4 VDW =      255.9387  1-4 EEL =    -4820.4032  RESTRAINT  =        0.0000


   NSTEP       ENERGY          RMS            GMAX         NAME    NUMBER
   2900      -1.5732E+05     5.2224E-02     2.9542E+00     C2        523

 BOND    =    11665.6572  ANGLE   =      158.4292  DIHED      =      980.1870
 VDWAALS =    29750.9783  EEL     =  -195314.9885  HBOND      =        0.0000
 1-4 VDW =      255.9520  1-4 EEL =    -4820.3963  RESTRAINT  =        0.0000


   NSTEP       ENERGY          RMS            GMAX         NAME    NUMBER
   2950      -1.5733E+05     1.2894E-01     1.3984E+01     C2        523

 BOND    =    11667.2921  ANGLE   =      158.3834  DIHED      =      980.2371
 VDWAALS =    29756.4724  EEL     =  -195331.1622  HBOND      =        0.0000
 1-4 VDW =      255.9627  1-4 EEL =    -4820.3387  RESTRAINT  =        0.0000


   NSTEP       ENERGY          RMS            GMAX         NAME    NUMBER
   3000      -1.5734E+05     1.9915E-01     1.8970E+01     C2        523

 BOND    =    11669.7545  ANGLE   =      157.7442  DIHED      =      980.2816
 VDWAALS =    29762.0668  EEL     =  -195348.0936  HBOND      =        0.0000
 1-4 VDW =      256.1518  1-4 EEL =    -4820.1180  RESTRAINT  =        0.0000


   NSTEP       ENERGY          RMS            GMAX         NAME    NUMBER
   3050      -1.5735E+05     1.1393E-01     1.1859E+01     C2        523

 BOND    =    11669.6434  ANGLE   =      158.2676  DIHED      =      980.3315
 VDWAALS =    29767.9580  EEL     =  -195363.8880  HBOND      =        0.0000
 1-4 VDW =      255.9993  1-4 EEL =    -4819.9711  RESTRAINT  =        0.0000


   NSTEP       ENERGY          RMS            GMAX         NAME    NUMBER
   3100      -1.5736E+05     1.9004E-01     1.3978E+01     C6        613

 BOND    =    11670.4565  ANGLE   =      158.9840  DIHED      =      980.3809
 VDWAALS =    29774.2190  EEL     =  -195380.0442  HBOND      =        0.0000
 1-4 VDW =      255.8253  1-4 EEL =    -4819.9905  RESTRAINT  =        0.0000


   NSTEP       ENERGY          RMS            GMAX         NAME    NUMBER
   3150      -1.5737E+05     6.7467E-02     5.0463E+00     C2        523

 BOND    =    11672.4799  ANGLE   =      158.0666  DIHED      =      980.4170
 VDWAALS =    29780.1594  EEL     =  -195396.3428  HBOND      =        0.0000
 1-4 VDW =      256.0194  1-4 EEL =    -4819.8077  RESTRAINT  =        0.0000


   NSTEP       ENERGY          RMS            GMAX         NAME    NUMBER
   3200      -1.5738E+05     1.6685E-01     1.4407E+01     C2        523

 BOND    =    11675.0664  ANGLE   =      157.4183  DIHED      =      980.4518
 VDWAALS =    29786.1645  EEL     =  -195412.6885  HBOND      =        0.0000
 1-4 VDW =      256.2083  1-4 EEL =    -4819.6030  RESTRAINT  =        0.0000


   NSTEP       ENERGY          RMS            GMAX         NAME    NUMBER
   3250      -1.5739E+05     4.6064E-02     1.5997E+00     C2        523

 BOND    =    11675.2528  ANGLE   =      157.8174  DIHED      =      980.4903
 VDWAALS =    29792.1466  EEL     =  -195427.7821  HBOND      =        0.0000
 1-4 VDW =      256.0882  1-4 EEL =    -4819.4958  RESTRAINT  =        0.0000


   NSTEP       ENERGY          RMS            GMAX         NAME    NUMBER
   3300      -1.5739E+05     1.2822E-01     1.3008E+01     C2        523

 BOND    =    11676.4817  ANGLE   =      158.0206  DIHED      =      980.5234
 VDWAALS =    29798.0841  EEL     =  -195443.1743  HBOND      =        0.0000
 1-4 VDW =      256.0599  1-4 EEL =    -4819.3448  RESTRAINT  =        0.0000


   NSTEP       ENERGY          RMS            GMAX         NAME    NUMBER
   3350      -1.5740E+05     1.7326E-01     1.6028E+01     C2        747

 BOND    =    11678.1408  ANGLE   =      157.8684  DIHED      =      980.5507
 VDWAALS =    29803.8657  EEL     =  -195458.6716  HBOND      =        0.0000
 1-4 VDW =      256.1358  1-4 EEL =    -4819.1513  RESTRAINT  =        0.0000


   NSTEP       ENERGY          RMS            GMAX         NAME    NUMBER
   3400      -1.5741E+05     1.0585E-01     1.0121E+01     C2        523

 BOND    =    11679.2885  ANGLE   =      157.9640  DIHED      =      980.5728
 VDWAALS =    29809.6441  EEL     =  -195473.8116  HBOND      =        0.0000
 1-4 VDW =      256.0615  1-4 EEL =    -4819.1757  RESTRAINT  =        0.0000


   NSTEP       ENERGY          RMS            GMAX         NAME    NUMBER
   3450      -1.5742E+05     1.4172E-01     1.4355E+01     C2        747

 BOND    =    11680.8721  ANGLE   =      157.6963  DIHED      =      980.5814
 VDWAALS =    29815.2789  EEL     =  -195488.7114  HBOND      =        0.0000
 1-4 VDW =      256.1465  1-4 EEL =    -4819.0000  RESTRAINT  =        0.0000


   NSTEP       ENERGY          RMS            GMAX         NAME    NUMBER
   3500      -1.5743E+05     8.2026E-02     7.5781E+00     C2        523

 BOND    =    11681.4851  ANGLE   =      157.8743  DIHED      =      980.5899
 VDWAALS =    29821.1568  EEL     =  -195503.6358  HBOND      =        0.0000
 1-4 VDW =      256.1262  1-4 EEL =    -4818.7688  RESTRAINT  =        0.0000


   NSTEP       ENERGY          RMS            GMAX         NAME    NUMBER
   3550      -1.5743E+05     1.2849E-01     1.1281E+01     C2        523

 BOND    =    11682.9702  ANGLE   =      157.7153  DIHED      =      980.5834
 VDWAALS =    29827.3441  EEL     =  -195519.4471  HBOND      =        0.0000
 1-4 VDW =      256.1976  1-4 EEL =    -4818.5298  RESTRAINT  =        0.0000


   NSTEP       ENERGY          RMS            GMAX         NAME    NUMBER
   3600      -1.5744E+05     1.8507E-01     1.7231E+01     C2        523

 BOND    =    11684.3241  ANGLE   =      157.7293  DIHED      =      980.5672
 VDWAALS =    29833.5568  EEL     =  -195534.8788  HBOND      =        0.0000
 1-4 VDW =      256.2212  1-4 EEL =    -4818.3098  RESTRAINT  =        0.0000


   NSTEP       ENERGY          RMS            GMAX         NAME    NUMBER
   3650      -1.5745E+05     1.1011E-01     1.0702E+01     C2        523

 BOND    =    11685.2068  ANGLE   =      157.8682  DIHED      =      980.5448
 VDWAALS =    29839.9457  EEL     =  -195550.4528  HBOND      =        0.0000
 1-4 VDW =      256.1119  1-4 EEL =    -4818.3263  RESTRAINT  =        0.0000


   NSTEP       ENERGY          RMS            GMAX         NAME    NUMBER
   3700      -1.5746E+05     1.6400E-01     1.4665E+01     C2        523

 BOND    =    11687.0061  ANGLE   =      157.5484  DIHED      =      980.5117
 VDWAALS =    29846.1321  EEL     =  -195566.1835  HBOND      =        0.0000
 1-4 VDW =      256.2046  1-4 EEL =    -4818.0848  RESTRAINT  =        0.0000


   NSTEP       ENERGY          RMS            GMAX         NAME    NUMBER
   3750      -1.5747E+05     6.7603E-02     5.2849E+00     C2        523

 BOND    =    11687.1866  ANGLE   =      157.9460  DIHED      =      980.4772
 VDWAALS =    29852.3051  EEL     =  -195581.5098  HBOND      =        0.0000
 1-4 VDW =      256.0820  1-4 EEL =    -4817.8928  RESTRAINT  =        0.0000


   NSTEP       ENERGY          RMS            GMAX         NAME    NUMBER
   3800      -1.5747E+05     1.3745E-01     1.3039E+01     C2        747

 BOND    =    11688.5303  ANGLE   =      158.1498  DIHED      =      980.4339
 VDWAALS =    29858.6309  EEL     =  -195598.1875  HBOND      =        0.0000
 1-4 VDW =      256.0668  1-4 EEL =    -4817.6798  RESTRAINT  =        0.0000


   NSTEP       ENERGY          RMS            GMAX         NAME    NUMBER
   3850      -1.5748E+05     4.7430E-02     2.6905E+00     H1      28340

 BOND    =    11689.5624  ANGLE   =      158.1840  DIHED      =      980.3889
 VDWAALS =    29865.0615  EEL     =  -195614.6931  HBOND      =        0.0000
 1-4 VDW =      256.0141  1-4 EEL =    -4817.6079  RESTRAINT  =        0.0000


   NSTEP       ENERGY          RMS            GMAX         NAME    NUMBER
   3900      -1.5749E+05     1.2443E-01     9.3442E+00     C2        523

 BOND    =    11690.6942  ANGLE   =      158.3991  DIHED      =      980.3509
 VDWAALS =    29872.0753  EEL     =  -195631.4132  HBOND      =        0.0000
 1-4 VDW =      255.9350  1-4 EEL =    -4817.5734  RESTRAINT  =        0.0000


   NSTEP       ENERGY          RMS            GMAX         NAME    NUMBER
   3950      -1.5750E+05     1.7482E-01     1.4953E+01     C2        523

 BOND    =    11692.1603  ANGLE   =      158.2564  DIHED      =      980.3236
 VDWAALS =    29878.9335  EEL     =  -195647.6831  HBOND      =        0.0000
 1-4 VDW =      255.9559  1-4 EEL =    -4817.4870  RESTRAINT  =        0.0000


   NSTEP       ENERGY          RMS            GMAX         NAME    NUMBER
   4000      -1.5751E+05     7.6416E-02     6.2060E+00     C2        523

 BOND    =    11693.0867  ANGLE   =      157.7224  DIHED      =      980.2986
 VDWAALS =    29885.8234  EEL     =  -195663.9861  HBOND      =        0.0000
 1-4 VDW =      256.0760  1-4 EEL =    -4817.2051  RESTRAINT  =        0.0000


   NSTEP       ENERGY          RMS            GMAX         NAME    NUMBER
   4050      -1.5752E+05     1.5023E-01     1.1871E+01     C6        613

 BOND    =    11694.1693  ANGLE   =      157.9429  DIHED      =      980.2774
 VDWAALS =    29892.8867  EEL     =  -195680.1869  HBOND      =        0.0000
 1-4 VDW =      256.0166  1-4 EEL =    -4817.1387  RESTRAINT  =        0.0000


   NSTEP       ENERGY          RMS            GMAX         NAME    NUMBER
   4100      -1.5752E+05     4.9414E-02     2.6140E+00     C2        523

 BOND    =    11696.0381  ANGLE   =      157.1323  DIHED      =      980.2460
 VDWAALS =    29899.8311  EEL     =  -195696.7239  HBOND      =        0.0000
 1-4 VDW =      256.1972  1-4 EEL =    -4816.9656  RESTRAINT  =        0.0000


   NSTEP       ENERGY          RMS            GMAX         NAME    NUMBER
   4150      -1.5753E+05     1.3136E-01     1.2595E+01     C2        523

 BOND    =    11698.0872  ANGLE   =      156.7906  DIHED      =      980.2077
 VDWAALS =    29907.1937  EEL     =  -195713.8038  HBOND      =        0.0000
 1-4 VDW =      256.2886  1-4 EEL =    -4816.8461  RESTRAINT  =        0.0000


   NSTEP       ENERGY          RMS            GMAX         NAME    NUMBER
   4200      -1.5754E+05     5.7493E-02     4.0345E+00     C2        523

 BOND    =    11699.0215  ANGLE   =      156.7863  DIHED      =      980.1626
 VDWAALS =    29914.7102  EEL     =  -195730.6612  HBOND      =        0.0000
 1-4 VDW =      256.2858  1-4 EEL =    -4816.6726  RESTRAINT  =        0.0000


   NSTEP       ENERGY          RMS            GMAX         NAME    NUMBER
   4250      -1.5755E+05     1.0327E-01     9.8501E+00     C2        523

 BOND    =    11700.6218  ANGLE   =      156.6956  DIHED      =      980.1065
 VDWAALS =    29922.2246  EEL     =  -195747.7630  HBOND      =        0.0000
 1-4 VDW =      256.3214  1-4 EEL =    -4816.5216  RESTRAINT  =        0.0000


   NSTEP       ENERGY          RMS            GMAX         NAME    NUMBER
   4300      -1.5756E+05     4.7736E-02     2.1921E+00     C2        523

 BOND    =    11702.3258  ANGLE   =      156.4791  DIHED      =      980.0384
 VDWAALS =    29929.8247  EEL     =  -195765.2090  HBOND      =        0.0000
 1-4 VDW =      256.3624  1-4 EEL =    -4816.4498  RESTRAINT  =        0.0000


   NSTEP       ENERGY          RMS            GMAX         NAME    NUMBER
   4350      -1.5756E+05     7.9355E-02     6.7951E+00     C2        523

 BOND    =    11704.1756  ANGLE   =      156.3220  DIHED      =      979.9576
 VDWAALS =    29937.4586  EEL     =  -195782.7273  HBOND      =        0.0000
 1-4 VDW =      256.4071  1-4 EEL =    -4816.3344  RESTRAINT  =        0.0000


   NSTEP       ENERGY          RMS            GMAX         NAME    NUMBER
   4400      -1.5757E+05     1.2741E-01     1.1849E+01     C2        523

 BOND    =    11706.1966  ANGLE   =      156.1291  DIHED      =      979.8635
 VDWAALS =    29945.0380  EEL     =  -195800.2516  HBOND      =        0.0000
 1-4 VDW =      256.4687  1-4 EEL =    -4816.2056  RESTRAINT  =        0.0000


   NSTEP       ENERGY          RMS            GMAX         NAME    NUMBER
   4450      -1.5758E+05     4.7052E-02     1.8142E+00     C2        523

 BOND    =    11707.2316  ANGLE   =      156.2137  DIHED      =      979.7596
 VDWAALS =    29952.4451  EEL     =  -195816.9519  HBOND      =        0.0000
 1-4 VDW =      256.4451  1-4 EEL =    -4816.0445  RESTRAINT  =        0.0000


   NSTEP       ENERGY          RMS            GMAX         NAME    NUMBER
   4500      -1.5759E+05     1.2060E-01     9.4512E+00     C2        523

 BOND    =    11708.6692  ANGLE   =      156.5060  DIHED      =      979.6356
 VDWAALS =    29960.1998  EEL     =  -195834.4780  HBOND      =        0.0000
 1-4 VDW =      256.3864  1-4 EEL =    -4815.9275  RESTRAINT  =        0.0000


   NSTEP       ENERGY          RMS            GMAX         NAME    NUMBER
   4550      -1.5760E+05     5.0564E-02     2.7668E+00     C2        523

 BOND    =    11710.6788  ANGLE   =      156.0328  DIHED      =      979.4981
 VDWAALS =    29967.3651  EEL     =  -195851.4559  HBOND      =        0.0000
 1-4 VDW =      256.4976  1-4 EEL =    -4815.7758  RESTRAINT  =        0.0000


   NSTEP       ENERGY          RMS            GMAX         NAME    NUMBER
   4600      -1.5761E+05     9.4141E-02     8.2978E+00     C2        523

 BOND    =    11712.5951  ANGLE   =      155.9007  DIHED      =      979.3447
 VDWAALS =    29974.5691  EEL     =  -195868.4077  HBOND      =        0.0000
 1-4 VDW =      256.5402  1-4 EEL =    -4815.6356  RESTRAINT  =        0.0000


   NSTEP       ENERGY          RMS            GMAX         NAME    NUMBER
   4650      -1.5761E+05     1.4418E-01     9.6916E+00     C6        613

 BOND    =    11713.7450  ANGLE   =      156.4934  DIHED      =      979.1822
 VDWAALS =    29981.7198  EEL     =  -195884.7173  HBOND      =        0.0000
 1-4 VDW =      256.3923  1-4 EEL =    -4815.6127  RESTRAINT  =        0.0000


   NSTEP       ENERGY          RMS            GMAX         NAME    NUMBER
   4700      -1.5762E+05     4.8276E-02     2.0816E+00     C2        523

 BOND    =    11715.4387  ANGLE   =      155.9884  DIHED      =      979.0033
 VDWAALS =    29988.4453  EEL     =  -195901.0387  HBOND      =        0.0000
 1-4 VDW =      256.5294  1-4 EEL =    -4815.3032  RESTRAINT  =        0.0000


   NSTEP       ENERGY          RMS            GMAX         NAME    NUMBER
   4750      -1.5763E+05     1.1828E-01     1.0045E+01     C2        523

 BOND    =    11716.8301  ANGLE   =      156.3202  DIHED      =      978.8097
 VDWAALS =    29995.5007  EEL     =  -195917.4846  HBOND      =        0.0000
 1-4 VDW =      256.4645  1-4 EEL =    -4815.1536  RESTRAINT  =        0.0000


   NSTEP       ENERGY          RMS            GMAX         NAME    NUMBER
   4800      -1.5764E+05     1.8316E-01     1.4729E+01     C2        523

 BOND    =    11718.3093  ANGLE   =      156.7012  DIHED      =      978.6083
 VDWAALS =    30002.3828  EEL     =  -195933.4969  HBOND      =        0.0000
 1-4 VDW =      256.3888  1-4 EEL =    -4815.0236  RESTRAINT  =        0.0000


   NSTEP       ENERGY          RMS            GMAX         NAME    NUMBER
   4850      -1.5764E+05     7.5108E-02     6.1820E+00     C2        523

 BOND    =    11720.4353  ANGLE   =      156.0249  DIHED      =      978.3916
 VDWAALS =    30009.0815  EEL     =  -195949.8470  HBOND      =        0.0000
 1-4 VDW =      256.5399  1-4 EEL =    -4814.8530  RESTRAINT  =        0.0000


   NSTEP       ENERGY          RMS            GMAX         NAME    NUMBER
   4900      -1.5765E+05     4.5467E-02     1.9286E+00     C2        523

 BOND    =    11721.7279  ANGLE   =      156.1331  DIHED      =      978.1729
 VDWAALS =    30015.6829  EEL     =  -195965.1799  HBOND      =        0.0000
 1-4 VDW =      256.5173  1-4 EEL =    -4814.6567  RESTRAINT  =        0.0000


   NSTEP       ENERGY          RMS            GMAX         NAME    NUMBER
   4950      -1.5766E+05     7.9532E-02     6.7115E+00     C2        523

 BOND    =    11723.2126  ANGLE   =      156.2226  DIHED      =      977.9454
 VDWAALS =    30022.2926  EEL     =  -195980.4941  HBOND      =        0.0000
 1-4 VDW =      256.5007  1-4 EEL =    -4814.4650  RESTRAINT  =        0.0000


   NSTEP       ENERGY          RMS            GMAX         NAME    NUMBER
   5000      -1.5767E+05     1.2770E-01     1.0103E+01     C2        523

 BOND    =    11725.0770  ANGLE   =      156.0224  DIHED      =      977.7139
 VDWAALS =    30028.6920  EEL     =  -195995.4473  HBOND      =        0.0000
 1-4 VDW =      256.5638  1-4 EEL =    -4814.2186  RESTRAINT  =        0.0000


   NSTEP       ENERGY          RMS            GMAX         NAME    NUMBER
   5050      -1.5776E+05     1.9121E-01     1.0945E+01     O       30112

 BOND    =    11744.1444  ANGLE   =      157.5124  DIHED      =      973.9367
 VDWAALS =    30132.1169  EEL     =  -196214.7780  HBOND      =        0.0000
 1-4 VDW =      256.2981  1-4 EEL =    -4811.0448  RESTRAINT  =        0.0000


   NSTEP       ENERGY          RMS            GMAX         NAME    NUMBER
   5100      -1.5779E+05     1.6083E-01     9.6962E+00     C1'       573

 BOND    =    11750.0363  ANGLE   =      157.4367  DIHED      =      973.7652
 VDWAALS =    30144.9748  EEL     =  -196260.6673  HBOND      =        0.0000
 1-4 VDW =      256.1957  1-4 EEL =    -4811.0168  RESTRAINT  =        0.0000


   NSTEP       ENERGY          RMS            GMAX         NAME    NUMBER
   5150      -1.5781E+05     1.5329E-01     1.0217E+01     C1'       573

 BOND    =    11753.4171  ANGLE   =      157.4123  DIHED      =      973.5987
 VDWAALS =    30157.4711  EEL     =  -196299.6020  HBOND      =        0.0000
 1-4 VDW =      256.0127  1-4 EEL =    -4810.7980  RESTRAINT  =        0.0000


   NSTEP       ENERGY          RMS            GMAX         NAME    NUMBER
   5200      -1.5783E+05     1.3738E-01     8.3322E+00     H2'       593

 BOND    =    11756.7547  ANGLE   =      157.4087  DIHED      =      973.4153
 VDWAALS =    30169.2115  EEL     =  -196335.3189  HBOND      =        0.0000
 1-4 VDW =      255.8896  1-4 EEL =    -4810.7906  RESTRAINT  =        0.0000


   NSTEP       ENERGY          RMS            GMAX         NAME    NUMBER
   5250      -1.5785E+05     1.3889E-01     8.0715E+00     H2'       593

 BOND    =    11760.0105  ANGLE   =      157.5359  DIHED      =      973.2778
 VDWAALS =    30181.5691  EEL     =  -196370.0601  HBOND      =        0.0000
 1-4 VDW =      255.7871  1-4 EEL =    -4810.6652  RESTRAINT  =        0.0000


   NSTEP       ENERGY          RMS            GMAX         NAME    NUMBER
   5300      -1.5787E+05     9.3636E-02     5.6359E+00     H2'       593

 BOND    =    11762.4382  ANGLE   =      157.7250  DIHED      =      973.1704
 VDWAALS =    30191.9599  EEL     =  -196401.6379  HBOND      =        0.0000
 1-4 VDW =      255.6715  1-4 EEL =    -4810.7202  RESTRAINT  =        0.0000


   NSTEP       ENERGY          RMS            GMAX         NAME    NUMBER
   5350      -1.5789E+05     1.0994E-01     5.1311E+00     O3'       595

 BOND    =    11764.1671  ANGLE   =      158.1063  DIHED      =      973.1113
 VDWAALS =    30203.1285  EEL     =  -196437.6710  HBOND      =        0.0000
 1-4 VDW =      255.5325  1-4 EEL =    -4810.7015  RESTRAINT  =        0.0000


   NSTEP       ENERGY          RMS            GMAX         NAME    NUMBER
   5400      -1.5792E+05     9.5442E-02     5.8357E+00     H2'       593

 BOND    =    11770.4094  ANGLE   =      158.1118  DIHED      =      972.9462
 VDWAALS =    30213.0394  EEL     =  -196477.5974  HBOND      =        0.0000
 1-4 VDW =      255.4978  1-4 EEL =    -4810.6221  RESTRAINT  =        0.0000


   NSTEP       ENERGY          RMS            GMAX         NAME    NUMBER
   5450      -1.5795E+05     1.1403E-01     6.1579E+00     O3'       595

 BOND    =    11776.1150  ANGLE   =      158.3406  DIHED      =      972.7441
 VDWAALS =    30227.6644  EEL     =  -196524.8518  HBOND      =        0.0000
 1-4 VDW =      255.4607  1-4 EEL =    -4810.6362  RESTRAINT  =        0.0000


   NSTEP       ENERGY          RMS            GMAX         NAME    NUMBER
   5500      -1.5798E+05     7.7333E-02     4.7505E+00     H2      17934

 BOND    =    11780.3431  ANGLE   =      158.6423  DIHED      =      972.3956
 VDWAALS =    30252.5859  EEL     =  -196589.5965  HBOND      =        0.0000
 1-4 VDW =      255.2947  1-4 EEL =    -4811.5280  RESTRAINT  =        0.0000


   NSTEP       ENERGY          RMS            GMAX         NAME    NUMBER
   5550      -1.5801E+05     1.0746E-01     6.1924E+00     O3'       595

 BOND    =    11784.0843  ANGLE   =      158.5219  DIHED      =      972.2772
 VDWAALS =    30266.2597  EEL     =  -196630.8202  HBOND      =        0.0000
 1-4 VDW =      255.3022  1-4 EEL =    -4811.6631  RESTRAINT  =        0.0000


   NSTEP       ENERGY          RMS            GMAX         NAME    NUMBER
   5600      -1.5803E+05     8.7176E-02     4.2364E+00     O3'       595

 BOND    =    11790.9070  ANGLE   =      158.5866  DIHED      =      972.0384
 VDWAALS =    30281.8651  EEL     =  -196676.9257  HBOND      =        0.0000
 1-4 VDW =      255.3206  1-4 EEL =    -4811.6467  RESTRAINT  =        0.0000


   NSTEP       ENERGY          RMS            GMAX         NAME    NUMBER
   5650      -1.5805E+05     9.0625E-02     5.4459E+00     O3'       595

 BOND    =    11792.5166  ANGLE   =      158.6011  DIHED      =      971.8037
 VDWAALS =    30299.4126  EEL     =  -196717.5634  HBOND      =        0.0000
 1-4 VDW =      255.2348  1-4 EEL =    -4811.9116  RESTRAINT  =        0.0000


   NSTEP       ENERGY          RMS            GMAX         NAME    NUMBER
   5700      -1.5807E+05     8.4222E-02     3.4008E+00     O3'       595

 BOND    =    11795.6260  ANGLE   =      158.6621  DIHED      =      971.5908
 VDWAALS =    30309.8908  EEL     =  -196748.7310  HBOND      =        0.0000
 1-4 VDW =      255.2759  1-4 EEL =    -4811.9395  RESTRAINT  =        0.0000


   NSTEP       ENERGY          RMS            GMAX         NAME    NUMBER
   5750      -1.5809E+05     7.6335E-02     2.9809E+00     O3'       595

 BOND    =    11799.1938  ANGLE   =      158.6123  DIHED      =      971.3905
 VDWAALS =    30320.4390  EEL     =  -196780.3192  HBOND      =        0.0000
 1-4 VDW =      255.3113  1-4 EEL =    -4811.9252  RESTRAINT  =        0.0000


   NSTEP       ENERGY          RMS            GMAX         NAME    NUMBER
   5800      -1.5811E+05     8.7257E-02     5.0623E+00     N9        575

 BOND    =    11804.1132  ANGLE   =      158.5345  DIHED      =      971.1579
 VDWAALS =    30334.1208  EEL     =  -196818.4900  HBOND      =        0.0000
 1-4 VDW =      255.3656  1-4 EEL =    -4811.9863  RESTRAINT  =        0.0000


   NSTEP       ENERGY          RMS            GMAX         NAME    NUMBER
   5850      -1.5813E+05     1.1604E-01     6.1851E+00     N9        575

 BOND    =    11809.2027  ANGLE   =      158.5250  DIHED      =      970.9697
 VDWAALS =    30346.2335  EEL     =  -196856.4063  HBOND      =        0.0000
 1-4 VDW =      255.4499  1-4 EEL =    -4811.9515  RESTRAINT  =        0.0000


   NSTEP       ENERGY          RMS            GMAX         NAME    NUMBER
   5900      -1.5815E+05     1.1104E-01     6.2652E+00     P         596

 BOND    =    11811.4432  ANGLE   =      158.9189  DIHED      =      970.8320
 VDWAALS =    30355.2822  EEL     =  -196888.7828  HBOND      =        0.0000
 1-4 VDW =      255.4260  1-4 EEL =    -4811.7254  RESTRAINT  =        0.0000


   NSTEP       ENERGY          RMS            GMAX         NAME    NUMBER
   5950      -1.5817E+05     1.2019E-01     8.3707E+00     P         596

 BOND    =    11814.1627  ANGLE   =      159.1585  DIHED      =      970.5345
 VDWAALS =    30365.9296  EEL     =  -196922.4682  HBOND      =        0.0000
 1-4 VDW =      255.3330  1-4 EEL =    -4811.6187  RESTRAINT  =        0.0000


   NSTEP       ENERGY          RMS            GMAX         NAME    NUMBER
   6000      -1.5819E+05     9.6767E-02     4.6890E+00     H2'       593

 BOND    =    11817.3286  ANGLE   =      159.0514  DIHED      =      970.3167
 VDWAALS =    30376.6438  EEL     =  -196955.1939  HBOND      =        0.0000
 1-4 VDW =      255.3446  1-4 EEL =    -4811.5054  RESTRAINT  =        0.0000


   NSTEP       ENERGY          RMS            GMAX         NAME    NUMBER
   6050      -1.5821E+05     1.1596E-01     6.3852E+00     C6        613

 BOND    =    11819.9206  ANGLE   =      159.1387  DIHED      =      970.0106
 VDWAALS =    30388.7679  EEL     =  -196989.9396  HBOND      =        0.0000
 1-4 VDW =      255.3555  1-4 EEL =    -4811.7475  RESTRAINT  =        0.0000


   NSTEP       ENERGY          RMS            GMAX         NAME    NUMBER
   6100      -1.5823E+05     1.7051E-01     9.7774E+00     C4        780

 BOND    =    11826.4865  ANGLE   =      159.1343  DIHED      =      969.7300
 VDWAALS =    30401.4981  EEL     =  -197025.6942  HBOND      =        0.0000
 1-4 VDW =      255.3418  1-4 EEL =    -4811.9497  RESTRAINT  =        0.0000


   NSTEP       ENERGY          RMS            GMAX         NAME    NUMBER
   6150      -1.5826E+05     6.2776E-02     2.6234E+00     O       25111

 BOND    =    11832.2867  ANGLE   =      159.2443  DIHED      =      968.8442
 VDWAALS =    30436.1805  EEL     =  -197099.1763  HBOND      =        0.0000
 1-4 VDW =      255.3133  1-4 EEL =    -4811.3385  RESTRAINT  =        0.0000


   NSTEP       ENERGY          RMS            GMAX         NAME    NUMBER
   6200      -1.5828E+05     1.0368E-01     5.9261E+00     C2        523

 BOND    =    11835.6963  ANGLE   =      159.6568  DIHED      =      968.4033
 VDWAALS =    30451.7564  EEL     =  -197137.3016  HBOND      =        0.0000
 1-4 VDW =      255.2255  1-4 EEL =    -4811.2321  RESTRAINT  =        0.0000


   NSTEP       ENERGY          RMS            GMAX         NAME    NUMBER
   6250      -1.5829E+05     1.6435E-01     1.0990E+01     C6        738

 BOND    =    11839.5278  ANGLE   =      160.0500  DIHED      =      968.1117
 VDWAALS =    30464.6641  EEL     =  -197170.2188  HBOND      =        0.0000
 1-4 VDW =      255.1867  1-4 EEL =    -4811.1177  RESTRAINT  =        0.0000


   NSTEP       ENERGY          RMS            GMAX         NAME    NUMBER
   6300      -1.5831E+05     1.0904E-01     5.4294E+00     O       29842

 BOND    =    11835.8810  ANGLE   =      160.3262  DIHED      =      967.9201
 VDWAALS =    30477.2038  EEL     =  -197192.9460  HBOND      =        0.0000
 1-4 VDW =      255.1880  1-4 EEL =    -4811.2349  RESTRAINT  =        0.0000


   NSTEP       ENERGY          RMS            GMAX         NAME    NUMBER
   6350      -1.5832E+05     1.5406E-01     7.7950E+00     C6        738

 BOND    =    11838.2916  ANGLE   =      160.7436  DIHED      =      967.7425
 VDWAALS =    30490.7721  EEL     =  -197223.0683  HBOND      =        0.0000
 1-4 VDW =      255.0937  1-4 EEL =    -4811.2302  RESTRAINT  =        0.0000


   NSTEP       ENERGY          RMS            GMAX         NAME    NUMBER
   6400      -1.5834E+05     1.7065E-01     8.0218E+00     O       29842

 BOND    =    11839.9292  ANGLE   =      161.0516  DIHED      =      967.6443
 VDWAALS =    30507.1494  EEL     =  -197254.6251  HBOND      =        0.0000
 1-4 VDW =      255.0084  1-4 EEL =    -4811.4166  RESTRAINT  =        0.0000


   NSTEP       ENERGY          RMS            GMAX         NAME    NUMBER
   6450      -1.5835E+05     1.4620E-01     6.1867E+00     O       29842

 BOND    =    11842.8479  ANGLE   =      160.8187  DIHED      =      967.6208
 VDWAALS =    30520.7094  EEL     =  -197284.5671  HBOND      =        0.0000
 1-4 VDW =      254.9869  1-4 EEL =    -4811.4553  RESTRAINT  =        0.0000


   NSTEP       ENERGY          RMS            GMAX         NAME    NUMBER
   6500      -1.5836E+05     1.5371E-01     5.1366E+00     H2'       280

 BOND    =    11846.5416  ANGLE   =      161.0550  DIHED      =      967.4996
 VDWAALS =    30534.8971  EEL     =  -197316.4068  HBOND      =        0.0000
 1-4 VDW =      254.9300  1-4 EEL =    -4811.2821  RESTRAINT  =        0.0000


   NSTEP       ENERGY          RMS            GMAX         NAME    NUMBER
   6550      -1.5838E+05     1.4645E-01     7.9619E+00     P         596

 BOND    =    11849.3262  ANGLE   =      161.0239  DIHED      =      967.4203
 VDWAALS =    30549.0021  EEL     =  -197347.3618  HBOND      =        0.0000
 1-4 VDW =      254.8688  1-4 EEL =    -4811.2917  RESTRAINT  =        0.0000


   NSTEP       ENERGY          RMS            GMAX         NAME    NUMBER
   6600      -1.5839E+05     1.4852E-01     7.0359E+00     C2        523

 BOND    =    11853.0857  ANGLE   =      161.0063  DIHED      =      967.3021
 VDWAALS =    30562.1679  EEL     =  -197377.0766  HBOND      =        0.0000
 1-4 VDW =      254.8674  1-4 EEL =    -4811.1240  RESTRAINT  =        0.0000


   NSTEP       ENERGY          RMS            GMAX         NAME    NUMBER
   6650      -1.5840E+05     1.3889E-01     6.0984E+00     P         596

 BOND    =    11855.6987  ANGLE   =      161.0368  DIHED      =      967.1956
 VDWAALS =    30572.7644  EEL     =  -197402.1992  HBOND      =        0.0000
 1-4 VDW =      254.8580  1-4 EEL =    -4811.0748  RESTRAINT  =        0.0000


   NSTEP       ENERGY          RMS            GMAX         NAME    NUMBER
   6700      -1.5841E+05     1.6027E-01     8.8443E+00     C2        523

 BOND    =    11858.6631  ANGLE   =      161.2890  DIHED      =      967.0332
 VDWAALS =    30582.4345  EEL     =  -197427.2694  HBOND      =        0.0000
 1-4 VDW =      254.8731  1-4 EEL =    -4810.9508  RESTRAINT  =        0.0000


   NSTEP       ENERGY          RMS            GMAX         NAME    NUMBER
   6750      -1.5843E+05     1.2888E-01     9.2363E+00     P         596

 BOND    =    11861.7512  ANGLE   =      161.1510  DIHED      =      966.9522
 VDWAALS =    30593.0720  EEL     =  -197454.0332  HBOND      =        0.0000
 1-4 VDW =      254.8930  1-4 EEL =    -4811.0586  RESTRAINT  =        0.0000


   NSTEP       ENERGY          RMS            GMAX         NAME    NUMBER
   6800      -1.5844E+05     1.5146E-01     7.6892E+00     P         315

 BOND    =    11862.0646  ANGLE   =      161.0122  DIHED      =      966.7768
 VDWAALS =    30603.1397  EEL     =  -197477.4806  HBOND      =        0.0000
 1-4 VDW =      254.9619  1-4 EEL =    -4810.6209  RESTRAINT  =        0.0000


   NSTEP       ENERGY          RMS            GMAX         NAME    NUMBER
   6850      -1.5845E+05     1.3514E-01     7.3692E+00     P         596

 BOND    =    11864.7528  ANGLE   =      161.0472  DIHED      =      966.6356
 VDWAALS =    30612.0150  EEL     =  -197501.6884  HBOND      =        0.0000
 1-4 VDW =      254.9765  1-4 EEL =    -4810.2528  RESTRAINT  =        0.0000


   NSTEP       ENERGY          RMS            GMAX         NAME    NUMBER
   6900      -1.5847E+05     1.6384E-01     1.0842E+01     P         596

 BOND    =    11865.3260  ANGLE   =      161.1873  DIHED      =      966.4846
 VDWAALS =    30625.1338  EEL     =  -197529.0237  HBOND      =        0.0000
 1-4 VDW =      255.0166  1-4 EEL =    -4810.1523  RESTRAINT  =        0.0000


   NSTEP       ENERGY          RMS            GMAX         NAME    NUMBER
   6950      -1.5848E+05     1.3765E-01     5.5073E+00     O       21670

 BOND    =    11870.0011  ANGLE   =      161.1634  DIHED      =      966.4477
 VDWAALS =    30637.7032  EEL     =  -197559.1853  HBOND      =        0.0000
 1-4 VDW =      254.9692  1-4 EEL =    -4810.0961  RESTRAINT  =        0.0000


   NSTEP       ENERGY          RMS            GMAX         NAME    NUMBER
   7000      -1.5849E+05     1.2733E-01     5.7011E+00     H2'       280

 BOND    =    11873.0144  ANGLE   =      161.6005  DIHED      =      966.3113
 VDWAALS =    30652.3682  EEL     =  -197588.9168  HBOND      =        0.0000
 1-4 VDW =      254.9614  1-4 EEL =    -4810.1713  RESTRAINT  =        0.0000


   NSTEP       ENERGY          RMS            GMAX         NAME    NUMBER
   7050      -1.5850E+05     1.5809E-01     7.3931E+00     P         596

 BOND    =    11875.8607  ANGLE   =      161.9766  DIHED      =      966.2532
 VDWAALS =    30667.8623  EEL     =  -197620.5045  HBOND      =        0.0000
 1-4 VDW =      254.9402  1-4 EEL =    -4810.3577  RESTRAINT  =        0.0000


   NSTEP       ENERGY          RMS            GMAX         NAME    NUMBER
   7100      -1.5852E+05     1.3427E-01     5.6543E+00     O3'       282

 BOND    =    11877.9067  ANGLE   =      161.2309  DIHED      =      966.2727
 VDWAALS =    30680.1025  EEL     =  -197646.3725  HBOND      =        0.0000
 1-4 VDW =      254.9880  1-4 EEL =    -4810.1994  RESTRAINT  =        0.0000


   NSTEP       ENERGY          RMS            GMAX         NAME    NUMBER
   7150      -1.5853E+05     1.0675E-01     4.2531E+00     P         596

 BOND    =    11880.4131  ANGLE   =      161.0149  DIHED      =      966.1859
 VDWAALS =    30689.1245  EEL     =  -197667.1289  HBOND      =        0.0000
 1-4 VDW =      255.0568  1-4 EEL =    -4809.8702  RESTRAINT  =        0.0000


   NSTEP       ENERGY          RMS            GMAX         NAME    NUMBER
   7200      -1.5853E+05     9.7943E-02     4.1535E+00     P         596

 BOND    =    11881.7667  ANGLE   =      160.7903  DIHED      =      966.1227
 VDWAALS =    30696.5746  EEL     =  -197684.3508  HBOND      =        0.0000
 1-4 VDW =      255.1051  1-4 EEL =    -4809.6372  RESTRAINT  =        0.0000


   NSTEP       ENERGY          RMS            GMAX         NAME    NUMBER
   7250      -1.5854E+05     6.8189E-02     2.9707E+00     P         596

 BOND    =    11886.3727  ANGLE   =      160.6211  DIHED      =      966.0541
 VDWAALS =    30703.0880  EEL     =  -197703.2608  HBOND      =        0.0000
 1-4 VDW =      255.1412  1-4 EEL =    -4809.4279  RESTRAINT  =        0.0000


   NSTEP       ENERGY          RMS            GMAX         NAME    NUMBER
   7300      -1.5855E+05     7.9470E-02     3.6450E+00     P         596

 BOND    =    11888.4308  ANGLE   =      160.5579  DIHED      =      965.9780
 VDWAALS =    30709.8088  EEL     =  -197720.3462  HBOND      =        0.0000
 1-4 VDW =      255.1630  1-4 EEL =    -4809.3343  RESTRAINT  =        0.0000


   NSTEP       ENERGY          RMS            GMAX         NAME    NUMBER
   7350      -1.5856E+05     6.0897E-02     2.6804E+00     P         596

 BOND    =    11889.4567  ANGLE   =      160.6649  DIHED      =      965.8922
 VDWAALS =    30716.3419  EEL     =  -197736.1030  HBOND      =        0.0000
 1-4 VDW =      255.1568  1-4 EEL =    -4809.2702  RESTRAINT  =        0.0000


   NSTEP       ENERGY          RMS            GMAX         NAME    NUMBER
   7400      -1.5857E+05     1.5375E-01     6.1923E+00     C5        486

 BOND    =    11889.6602  ANGLE   =      161.1820  DIHED      =      965.6861
 VDWAALS =    30726.3266  EEL     =  -197758.3496  HBOND      =        0.0000
 1-4 VDW =      255.1157  1-4 EEL =    -4809.0484  RESTRAINT  =        0.0000


   NSTEP       ENERGY          RMS            GMAX         NAME    NUMBER
   7450      -1.5858E+05     1.1345E-01     5.5180E+00     C2        493

 BOND    =    11889.2903  ANGLE   =      161.1037  DIHED      =      965.6230
 VDWAALS =    30732.2667  EEL     =  -197772.3765  HBOND      =        0.0000
 1-4 VDW =      255.1620  1-4 EEL =    -4809.1533  RESTRAINT  =        0.0000


   NSTEP       ENERGY          RMS            GMAX         NAME    NUMBER
   7500      -1.5859E+05     1.1734E-01     5.8313E+00     O       29842

 BOND    =    11891.2753  ANGLE   =      160.8255  DIHED      =      965.5689
 VDWAALS =    30736.8455  EEL     =  -197786.1948  HBOND      =        0.0000
 1-4 VDW =      255.1616  1-4 EEL =    -4809.0256  RESTRAINT  =        0.0000


   NSTEP       ENERGY          RMS            GMAX         NAME    NUMBER
   7550      -1.5859E+05     9.4797E-02     4.2162E+00     P         596

 BOND    =    11894.1747  ANGLE   =      161.1520  DIHED      =      965.4384
 VDWAALS =    30741.6886  EEL     =  -197802.7043  HBOND      =        0.0000
 1-4 VDW =      255.1698  1-4 EEL =    -4808.9327  RESTRAINT  =        0.0000


   NSTEP       ENERGY          RMS            GMAX         NAME    NUMBER
   7600      -1.5860E+05     9.7335E-02     6.6927E+00     P         596

 BOND    =    11896.6435  ANGLE   =      161.0377  DIHED      =      965.3832
 VDWAALS =    30745.5033  EEL     =  -197817.5615  HBOND      =        0.0000
 1-4 VDW =      255.2284  1-4 EEL =    -4808.7875  RESTRAINT  =        0.0000


   NSTEP       ENERGY          RMS            GMAX         NAME    NUMBER
   7650      -1.5861E+05     8.6923E-02     5.6744E+00     C2         23

 BOND    =    11898.8639  ANGLE   =      161.0779  DIHED      =      965.3740
 VDWAALS =    30748.7735  EEL     =  -197831.1668  HBOND      =        0.0000
 1-4 VDW =      255.1245  1-4 EEL =    -4808.8137  RESTRAINT  =        0.0000


   NSTEP       ENERGY          RMS            GMAX         NAME    NUMBER
   7700      -1.5862E+05     6.4343E-02     3.6934E+00     P          31

 BOND    =    11900.1882  ANGLE   =      161.0098  DIHED      =      965.3157
 VDWAALS =    30751.5416  EEL     =  -197844.3524  HBOND      =        0.0000
 1-4 VDW =      255.1915  1-4 EEL =    -4808.7080  RESTRAINT  =        0.0000


   NSTEP       ENERGY          RMS            GMAX         NAME    NUMBER
   7750      -1.5863E+05     3.7508E-02     1.5681E+00     H5'       568

 BOND    =    11900.4180  ANGLE   =      160.6376  DIHED      =      965.4235
 VDWAALS =    30754.3998  EEL     =  -197856.6034  HBOND      =        0.0000
 1-4 VDW =      255.2608  1-4 EEL =    -4808.4295  RESTRAINT  =        0.0000


   NSTEP       ENERGY          RMS            GMAX         NAME    NUMBER
   7800      -1.5865E+05     5.6879E-02     2.7904E+00     O       27847

 BOND    =    11902.9386  ANGLE   =      160.7408  DIHED      =      965.2826
 VDWAALS =    30770.6505  EEL     =  -197895.5676  HBOND      =        0.0000
 1-4 VDW =      255.3062  1-4 EEL =    -4808.1375  RESTRAINT  =        0.0000


   NSTEP       ENERGY          RMS            GMAX         NAME    NUMBER
   7850      -1.5866E+05     6.6341E-02     3.6077E+00     P         596

 BOND    =    11904.4442  ANGLE   =      160.8222  DIHED      =      965.1858
 VDWAALS =    30775.6848  EEL     =  -197913.4313  HBOND      =        0.0000
 1-4 VDW =      255.3006  1-4 EEL =    -4808.1214  RESTRAINT  =        0.0000


   NSTEP       ENERGY          RMS            GMAX         NAME    NUMBER
   7900      -1.5867E+05     5.9882E-02     3.0154E+00     O       34471

 BOND    =    11906.9720  ANGLE   =      160.8714  DIHED      =      965.1404
 VDWAALS =    30781.4891  EEL     =  -197928.3016  HBOND      =        0.0000
 1-4 VDW =      255.3243  1-4 EEL =    -4808.1645  RESTRAINT  =        0.0000


   NSTEP       ENERGY          RMS            GMAX         NAME    NUMBER
   7950      -1.5867E+05     7.9555E-02     3.7261E+00     P          31

 BOND    =    11908.2499  ANGLE   =      160.8476  DIHED      =      965.0457
 VDWAALS =    30786.5599  EEL     =  -197942.0983  HBOND      =        0.0000
 1-4 VDW =      255.3829  1-4 EEL =    -4808.1026  RESTRAINT  =        0.0000


   NSTEP       ENERGY          RMS            GMAX         NAME    NUMBER
   8000      -1.5868E+05     8.7298E-02     3.7656E+00     P         596

 BOND    =    11907.0218  ANGLE   =      161.1640  DIHED      =      964.9944
 VDWAALS =    30790.5581  EEL     =  -197952.9081  HBOND      =        0.0000
 1-4 VDW =      255.3388  1-4 EEL =    -4808.0354  RESTRAINT  =        0.0000


   NSTEP       ENERGY          RMS            GMAX         NAME    NUMBER
   8050      -1.5869E+05     9.4299E-02     4.0442E+00     P         596

 BOND    =    11907.0287  ANGLE   =      161.1724  DIHED      =      964.9310
 VDWAALS =    30795.7287  EEL     =  -197966.4325  HBOND      =        0.0000
 1-4 VDW =      255.3253  1-4 EEL =    -4808.0229  RESTRAINT  =        0.0000


   NSTEP       ENERGY          RMS            GMAX         NAME    NUMBER
   8100      -1.5870E+05     9.0602E-02     4.1091E+00     P         596

 BOND    =    11908.5582  ANGLE   =      161.1888  DIHED      =      964.8641
 VDWAALS =    30801.4906  EEL     =  -197982.4266  HBOND      =        0.0000
 1-4 VDW =      255.3228  1-4 EEL =    -4808.0692  RESTRAINT  =        0.0000


   NSTEP       ENERGY          RMS            GMAX         NAME    NUMBER
   8150      -1.5871E+05     9.4808E-02     4.0501E+00     C3'       277

 BOND    =    11909.9139  ANGLE   =      161.2773  DIHED      =      964.7983
 VDWAALS =    30807.0869  EEL     =  -197998.3918  HBOND      =        0.0000
 1-4 VDW =      255.3393  1-4 EEL =    -4807.9310  RESTRAINT  =        0.0000


   NSTEP       ENERGY          RMS            GMAX         NAME    NUMBER
   8200      -1.5872E+05     1.0641E-01     7.0265E+00     P         596

 BOND    =    11912.6839  ANGLE   =      161.2788  DIHED      =      964.7247
 VDWAALS =    30812.3461  EEL     =  -198014.6871  HBOND      =        0.0000
 1-4 VDW =      255.3528  1-4 EEL =    -4807.9337  RESTRAINT  =        0.0000


   NSTEP       ENERGY          RMS            GMAX         NAME    NUMBER
   8250      -1.5873E+05     1.2551E-01     7.2787E+00     P         596

 BOND    =    11913.3188  ANGLE   =      161.4905  DIHED      =      964.6356
 VDWAALS =    30818.1094  EEL     =  -198030.4594  HBOND      =        0.0000
 1-4 VDW =      255.3245  1-4 EEL =    -4807.9215  RESTRAINT  =        0.0000


   NSTEP       ENERGY          RMS            GMAX         NAME    NUMBER
   8300      -1.5873E+05     1.0272E-01     8.1329E+00     P         596

 BOND    =    11916.4485  ANGLE   =      161.3359  DIHED      =      964.5499
 VDWAALS =    30823.1305  EEL     =  -198047.3015  HBOND      =        0.0000
 1-4 VDW =      255.3218  1-4 EEL =    -4808.0516  RESTRAINT  =        0.0000


   NSTEP       ENERGY          RMS            GMAX         NAME    NUMBER
   8350      -1.5874E+05     1.2934E-01     1.1447E+01     P         596

 BOND    =    11919.0605  ANGLE   =      161.3956  DIHED      =      964.5153
 VDWAALS =    30828.4845  EEL     =  -198064.3612  HBOND      =        0.0000
 1-4 VDW =      255.2949  1-4 EEL =    -4808.2596  RESTRAINT  =        0.0000


   NSTEP       ENERGY          RMS            GMAX         NAME    NUMBER
   8400      -1.5875E+05     1.2351E-01     5.5685E+00     P         596

 BOND    =    11921.5630  ANGLE   =      161.2989  DIHED      =      964.4409
 VDWAALS =    30834.3148  EEL     =  -198080.8447  HBOND      =        0.0000
 1-4 VDW =      255.2909  1-4 EEL =    -4808.2417  RESTRAINT  =        0.0000


   NSTEP       ENERGY          RMS            GMAX         NAME    NUMBER
   8450      -1.5876E+05     8.2971E-02     3.9746E+00     H5''      569

 BOND    =    11921.9501  ANGLE   =      161.8379  DIHED      =      964.3300
 VDWAALS =    30841.2376  EEL     =  -198096.8862  HBOND      =        0.0000
 1-4 VDW =      255.1448  1-4 EEL =    -4808.2906  RESTRAINT  =        0.0000


   NSTEP       ENERGY          RMS            GMAX         NAME    NUMBER
   8500      -1.5877E+05     8.5389E-02     4.1569E+00     H5''      569

 BOND    =    11923.6398  ANGLE   =      161.7978  DIHED      =      964.1778
 VDWAALS =    30848.8552  EEL     =  -198113.6535  HBOND      =        0.0000
 1-4 VDW =      255.1690  1-4 EEL =    -4808.1960  RESTRAINT  =        0.0000


   NSTEP       ENERGY          RMS            GMAX         NAME    NUMBER
   8550      -1.5877E+05     9.1907E-02     4.0578E+00     H5'       568

 BOND    =    11924.4497  ANGLE   =      161.7409  DIHED      =      964.0060
 VDWAALS =    30855.1832  EEL     =  -198127.2619  HBOND      =        0.0000
 1-4 VDW =      255.1801  1-4 EEL =    -4808.0973  RESTRAINT  =        0.0000


   NSTEP       ENERGY          RMS            GMAX         NAME    NUMBER
   8600      -1.5878E+05     1.0099E-01     5.2935E+00     C2'        27

 BOND    =    11926.0620  ANGLE   =      161.5395  DIHED      =      963.8213
 VDWAALS =    30860.5171  EEL     =  -198141.9551  HBOND      =        0.0000
 1-4 VDW =      255.2672  1-4 EEL =    -4808.0478  RESTRAINT  =        0.0000


   NSTEP       ENERGY          RMS            GMAX         NAME    NUMBER
   8650      -1.5879E+05     1.3055E-01     5.3841E+00     H5'       568

 BOND    =    11926.4255  ANGLE   =      161.5456  DIHED      =      963.6009
 VDWAALS =    30865.6547  EEL     =  -198156.5556  HBOND      =        0.0000
 1-4 VDW =      255.3892  1-4 EEL =    -4807.9019  RESTRAINT  =        0.0000


   NSTEP       ENERGY          RMS            GMAX         NAME    NUMBER
   8700      -1.5880E+05     1.4220E-01     8.9902E+00     C5'       567

 BOND    =    11927.4624  ANGLE   =      161.5173  DIHED      =      963.3869
 VDWAALS =    30871.2749  EEL     =  -198173.2271  HBOND      =        0.0000
 1-4 VDW =      255.3145  1-4 EEL =    -4807.8639  RESTRAINT  =        0.0000


   NSTEP       ENERGY          RMS            GMAX         NAME    NUMBER
   8750      -1.5882E+05     1.8960E-01     1.3565E+01     H5''      569

 BOND    =    11936.4583  ANGLE   =      163.2007  DIHED      =      963.3962
 VDWAALS =    30881.3439  EEL     =  -198208.7125  HBOND      =        0.0000
 1-4 VDW =      255.3711  1-4 EEL =    -4808.1968  RESTRAINT  =        0.0000


   NSTEP       ENERGY          RMS            GMAX         NAME    NUMBER
   8800      -1.5883E+05     1.0817E-01     4.1816E+00     C2'        27

 BOND    =    11936.4738  ANGLE   =      161.2886  DIHED      =      962.5113
 VDWAALS =    30886.2250  EEL     =  -198222.6848  HBOND      =        0.0000
 1-4 VDW =      255.3723  1-4 EEL =    -4807.6508  RESTRAINT  =        0.0000


   NSTEP       ENERGY          RMS            GMAX         NAME    NUMBER
   8850      -1.5884E+05     1.0188E-01     5.0893E+00     C2'        27

 BOND    =    11938.1866  ANGLE   =      161.1904  DIHED      =      962.2139
 VDWAALS =    30895.7676  EEL     =  -198243.2381  HBOND      =        0.0000
 1-4 VDW =      255.3970  1-4 EEL =    -4807.2702  RESTRAINT  =        0.0000


   NSTEP       ENERGY          RMS            GMAX         NAME    NUMBER
   8900      -1.5884E+05     1.1565E-01     5.2014E+00     C2'        27

 BOND    =    11939.6139  ANGLE   =      161.1516  DIHED      =      962.0374
 VDWAALS =    30901.9005  EEL     =  -198257.6898  HBOND      =        0.0000
 1-4 VDW =      255.4878  1-4 EEL =    -4807.2597  RESTRAINT  =        0.0000


   NSTEP       ENERGY          RMS            GMAX         NAME    NUMBER
   8950      -1.5885E+05     1.7317E-01     7.1792E+00     C6        361

 BOND    =    11940.3427  ANGLE   =      161.2781  DIHED      =      961.8226
 VDWAALS =    30909.2171  EEL     =  -198272.3230  HBOND      =        0.0000
 1-4 VDW =      255.5496  1-4 EEL =    -4807.0660  RESTRAINT  =        0.0000


   NSTEP       ENERGY          RMS            GMAX         NAME    NUMBER
   9000      -1.5887E+05     1.4900E-01     1.0461E+01     H2      35142

 BOND    =    11942.4948  ANGLE   =      163.1263  DIHED      =      960.6265
 VDWAALS =    30941.7435  EEL     =  -198328.2542  HBOND      =        0.0000
 1-4 VDW =      255.0016  1-4 EEL =    -4807.8291  RESTRAINT  =        0.0000


   NSTEP       ENERGY          RMS            GMAX         NAME    NUMBER
   9050      -1.5889E+05     8.6361E-02     5.0033E+00     H5''      569

 BOND    =    11947.1312  ANGLE   =      162.8829  DIHED      =      960.5460
 VDWAALS =    30948.6898  EEL     =  -198351.4631  HBOND      =        0.0000
 1-4 VDW =      255.3379  1-4 EEL =    -4808.2827  RESTRAINT  =        0.0000


   NSTEP       ENERGY          RMS            GMAX         NAME    NUMBER
   9100      -1.5889E+05     1.2637E-01     5.8327E+00     C4'       570

 BOND    =    11950.1933  ANGLE   =      163.1426  DIHED      =      960.4208
 VDWAALS =    30955.8435  EEL     =  -198368.5454  HBOND      =        0.0000
 1-4 VDW =      255.2910  1-4 EEL =    -4808.5185  RESTRAINT  =        0.0000


   NSTEP       ENERGY          RMS            GMAX         NAME    NUMBER
   9150      -1.5890E+05     1.0817E-01     5.8372E+00     C2'        27

 BOND    =    11951.5792  ANGLE   =      163.1801  DIHED      =      960.2588
 VDWAALS =    30963.1772  EEL     =  -198384.4191  HBOND      =        0.0000
 1-4 VDW =      255.3768  1-4 EEL =    -4808.4503  RESTRAINT  =        0.0000


   NSTEP       ENERGY          RMS            GMAX         NAME    NUMBER
   9200      -1.5891E+05     1.2975E-01     5.1011E+00     C1'       263

 BOND    =    11953.2637  ANGLE   =      163.7149  DIHED      =      960.0998
 VDWAALS =    30969.4881  EEL     =  -198400.2555  HBOND      =        0.0000
 1-4 VDW =      255.3320  1-4 EEL =    -4808.5207  RESTRAINT  =        0.0000


   NSTEP       ENERGY          RMS            GMAX         NAME    NUMBER
   9250      -1.5892E+05     1.2821E-01     5.0685E+00     C1'       263

 BOND    =    11955.7800  ANGLE   =      163.5121  DIHED      =      959.9542
 VDWAALS =    30977.8024  EEL     =  -198420.8941  HBOND      =        0.0000
 1-4 VDW =      255.3712  1-4 EEL =    -4808.3926  RESTRAINT  =        0.0000


   NSTEP       ENERGY          RMS            GMAX         NAME    NUMBER
   9300      -1.5893E+05     1.4565E-01     8.0518E+00     C2'        27

 BOND    =    11958.0062  ANGLE   =      163.8302  DIHED      =      959.7966
 VDWAALS =    30986.7578  EEL     =  -198442.3422  HBOND      =        0.0000
 1-4 VDW =      255.3516  1-4 EEL =    -4808.5360  RESTRAINT  =        0.0000


   NSTEP       ENERGY          RMS            GMAX         NAME    NUMBER
   9350      -1.5893E+05     6.6865E-02     3.4339E+00     C4        303

 BOND    =    11956.1080  ANGLE   =      163.4141  DIHED      =      959.7240
 VDWAALS =    30989.8021  EEL     =  -198450.3384  HBOND      =        0.0000
 1-4 VDW =      255.5900  1-4 EEL =    -4807.9816  RESTRAINT  =        0.0000


   NSTEP       ENERGY          RMS            GMAX         NAME    NUMBER
   9400      -1.5895E+05     1.1168E-01     9.3757E+00     O        9385

 BOND    =    11960.4786  ANGLE   =      164.2230  DIHED      =      959.2905
 VDWAALS =    31007.7764  EEL     =  -198487.4663  HBOND      =        0.0000
 1-4 VDW =      255.6651  1-4 EEL =    -4807.9336  RESTRAINT  =        0.0000


   NSTEP       ENERGY          RMS            GMAX         NAME    NUMBER
   9450      -1.5896E+05     7.9692E-02     4.8346E+00     O        9385

 BOND    =    11961.0385  ANGLE   =      163.6484  DIHED      =      959.3102
 VDWAALS =    31009.0283  EEL     =  -198496.8763  HBOND      =        0.0000
 1-4 VDW =      255.6497  1-4 EEL =    -4807.9448  RESTRAINT  =        0.0000


   NSTEP       ENERGY          RMS            GMAX         NAME    NUMBER
   9500      -1.5896E+05     1.1958E-01     5.7641E+00     O        9385

 BOND    =    11962.6306  ANGLE   =      163.9966  DIHED      =      959.1689
 VDWAALS =    31012.1312  EEL     =  -198507.2002  HBOND      =        0.0000
 1-4 VDW =      255.6726  1-4 EEL =    -4808.0946  RESTRAINT  =        0.0000


   NSTEP       ENERGY          RMS            GMAX         NAME    NUMBER
   9550      -1.5897E+05     1.1640E-01     5.4392E+00     O        9385

 BOND    =    11962.7417  ANGLE   =      163.6784  DIHED      =      959.1172
 VDWAALS =    31015.9791  EEL     =  -198517.4153  HBOND      =        0.0000
 1-4 VDW =      255.7443  1-4 EEL =    -4808.0283  RESTRAINT  =        0.0000


   NSTEP       ENERGY          RMS            GMAX         NAME    NUMBER
   9600      -1.5897E+05     2.0726E-01     8.4081E+00     C2'       592

 BOND    =    11962.7833  ANGLE   =      163.7540  DIHED      =      959.0702
 VDWAALS =    31021.0061  EEL     =  -198528.9312  HBOND      =        0.0000
 1-4 VDW =      255.7920  1-4 EEL =    -4808.1293  RESTRAINT  =        0.0000


   NSTEP       ENERGY          RMS            GMAX         NAME    NUMBER
   9650      -1.5898E+05     1.4439E-01     1.0028E+01     C4        303

 BOND    =    11966.0805  ANGLE   =      163.6082  DIHED      =      959.2894
 VDWAALS =    31027.8774  EEL     =  -198547.9542  HBOND      =        0.0000
 1-4 VDW =      255.8051  1-4 EEL =    -4807.4506  RESTRAINT  =        0.0000


   NSTEP       ENERGY          RMS            GMAX         NAME    NUMBER
   9700      -1.5899E+05     1.5877E-01     9.4797E+00     H1      35051

 BOND    =    11967.7066  ANGLE   =      163.8817  DIHED      =      959.1370
 VDWAALS =    31033.2191  EEL     =  -198563.6025  HBOND      =        0.0000
 1-4 VDW =      255.7475  1-4 EEL =    -4807.4848  RESTRAINT  =        0.0000


   NSTEP       ENERGY          RMS            GMAX         NAME    NUMBER
   9750      -1.5900E+05     3.2736E-01     2.6299E+01     H1      14327

 BOND    =    11972.1249  ANGLE   =      163.5109  DIHED      =      959.0322
 VDWAALS =    31036.0317  EEL     =  -198582.4697  HBOND      =        0.0000
 1-4 VDW =      255.9468  1-4 EEL =    -4806.8690  RESTRAINT  =        0.0000


   NSTEP       ENERGY          RMS            GMAX         NAME    NUMBER
   9800      -1.5901E+05     1.4400E-01     7.0071E+00     C1'        74

 BOND    =    11973.4049  ANGLE   =      164.4344  DIHED      =      959.1489
 VDWAALS =    31037.9693  EEL     =  -198596.5246  HBOND      =        0.0000
 1-4 VDW =      255.8337  1-4 EEL =    -4808.3732  RESTRAINT  =        0.0000


   NSTEP       ENERGY          RMS            GMAX         NAME    NUMBER
   9850      -1.5902E+05     1.3895E-01     8.2915E+00     O       14326

 BOND    =    11973.9208  ANGLE   =      164.6418  DIHED      =      959.1022
 VDWAALS =    31034.4269  EEL     =  -198602.3608  HBOND      =        0.0000
 1-4 VDW =      255.7721  1-4 EEL =    -4808.4551  RESTRAINT  =        0.0000


   NSTEP       ENERGY          RMS            GMAX         NAME    NUMBER
   9900      -1.5903E+05     1.2810E-01     5.1976E+00     C2'       279

 BOND    =    11973.4697  ANGLE   =      164.7311  DIHED      =      959.0526
 VDWAALS =    31038.2538  EEL     =  -198612.8305  HBOND      =        0.0000
 1-4 VDW =      255.8087  1-4 EEL =    -4808.3817  RESTRAINT  =        0.0000


   NSTEP       ENERGY          RMS            GMAX         NAME    NUMBER
   9950      -1.5904E+05     1.1404E-01     6.1032E+00     C2        307

 BOND    =    11973.0836  ANGLE   =      164.6579  DIHED      =      958.9927
 VDWAALS =    31041.2210  EEL     =  -198620.9590  HBOND      =        0.0000
 1-4 VDW =      255.8126  1-4 EEL =    -4808.2109  RESTRAINT  =        0.0000


   NSTEP       ENERGY          RMS            GMAX         NAME    NUMBER
  10000      -1.5904E+05     9.3934E-02     6.2628E+00     C6         12

 BOND    =    11974.8292  ANGLE   =      164.7330  DIHED      =      958.9746
 VDWAALS =    31045.2928  EEL     =  -198632.7744  HBOND      =        0.0000
 1-4 VDW =      255.9307  1-4 EEL =    -4808.1623  RESTRAINT  =        0.0000


  Maximum number of minimization cycles reached.


                    FINAL RESULTS



   NSTEP       ENERGY          RMS            GMAX         NAME    NUMBER
  10000      -1.5904E+05     9.3934E-02     6.2628E+00     C6         12

 BOND    =    11974.8292  ANGLE   =      164.7330  DIHED      =      958.9746
 VDWAALS =    31045.2928  EEL     =  -198632.7744  HBOND      =        0.0000
 1-4 VDW =      255.9307  1-4 EEL =    -4808.1623  RESTRAINT  =        0.0000
--------------------------------------------------------------------------------
   5.  TIMINGS
--------------------------------------------------------------------------------

|  NonSetup CPU Time in Major Routines:
|
|     Routine           Sec        %
|     ------------------------------
|     Nonbond          22.67   49.61
|     Bond              0.00    0.00
|     Angle             0.00    0.00
|     Dihedral          0.00    0.00
|     Shake             0.00    0.00
|     Other            23.02   50.39
|     ------------------------------
|     Total            45.68

|  PME Nonbond Pairlist CPU Time:
|
|     Routine              Sec        %
|     ---------------------------------
|     Set Up Cit           0.00    0.00
|     Build List           0.00    0.00
|     ---------------------------------
|     Total                0.00    0.00

|  PME Direct Force CPU Time:
|
|     Routine              Sec        %
|     ---------------------------------
|     NonBonded Calc       0.00    0.00
|     Exclude Masked       0.00    0.00
|     Other                0.03    0.06
|     ---------------------------------
|     Total                0.03    0.06

|  PME Reciprocal Force CPU Time:
|
|     Routine              Sec        %
|     ---------------------------------
|     1D bspline           0.00    0.00
|     Grid Charges         0.00    0.00
|     Scalar Sum           0.00    0.00
|     Gradient Sum         0.00    0.00
|     FFT                  0.00    0.00
|     ---------------------------------
|     Total                0.00    0.00

|  Setup CPU time:            1.99 seconds
|  NonSetup CPU time:        45.68 seconds
|  Total CPU time:           47.67 seconds     0.01 hours

|  Setup wall time:           3    seconds
|  NonSetup wall time:       46    seconds
|  Total wall time:          49    seconds     0.01 hours
