#Res        AtomicFlx
   1.000       2.9120
   2.000       2.2496
   3.000       1.9630
   4.000       1.7564
   5.000       1.6985
   6.000       1.6713
   7.000       1.8573
   8.000       1.9979
   9.000       1.9216
  10.000       1.9123
  11.000       1.9314
  12.000       1.7679
  13.000       1.6502
  14.000       1.5566
  15.000       1.6949
  16.000       2.0352
  17.000       2.7026
  18.000       2.8804
  19.000       2.4472
  20.000       1.9590
  21.000       1.6683
  22.000       1.5996
  23.000       1.6124
  24.000       1.6362
  25.000       1.6709
  26.000       1.7836
  27.000       1.8686
  28.000       1.7652
  29.000       1.6516
  30.000       1.6679
  31.000       1.6360
  32.000       1.7747
  33.000       2.1053
  34.000       2.6724
  35.000      21.9271
  36.000      19.5016
  37.000      34.3200
  38.000      27.2386
  39.000      26.8870
  40.000      28.6818
  41.000      27.6160
  42.000      17.2483
  43.000      30.9182
  44.000      32.2256
  45.000      24.5184
  46.000      21.6765
  47.000      23.8441
  48.000      30.1479
  49.000      11.4947
  50.000      30.0787
  51.000      28.0429
  52.000      24.8657
  53.000      18.9338
  54.000      18.2782
  55.000      32.1450
  56.000      22.4894
  57.000      24.1104
  58.000      25.6891
  59.000      17.0427
  60.000      32.0791
  61.000      20.7087
  62.000      36.2477
  63.000      23.2059
  64.000      18.6304
  65.000      25.7304
  66.000      15.2006
