
          -------------------------------------------------------
          Amber 16 PMEMD                              2016
          -------------------------------------------------------

| PMEMD implementation of SANDER, Release 16

| Run on 06/04/2024 at 22:35:49

|   Executable path: pmemd.cuda
| Working directory: /home/students/keyq/fuben4/4/4LA
|          Hostname: master

  [-O]verwriting output

File Assignments:
|   MDIN: heat2.in                                                              
|  MDOUT: cmp_heat2.out                                                         
| INPCRD: cmp_heat1.rst                                                         
|   PARM: cmp.prmtop                                                            
| RESTRT: cmp_heat2.rst                                                         
|   REFC: cmp.inpcrd                                                            
|  MDVEL: mdvel                                                                 
|   MDEN: mden                                                                  
|  MDCRD: cmp_heat2.mdcrd                                                       
| MDINFO: mdinfo                                                                
|  MDFRC: mdfrc                                                                 


 Here is the input file:

Stage 1 heating 1 5ps 0-100K                                                   
 &cntrl                                                                        
  imin=0, irest=1,ntx=5,                                                       
  nstlim=2500, dt=0.002,                                                       
  ntc=2, ntf=2,                                                                
  ntt=1, tautp=1.5,                                                            
  tempi=50.0, temp0=100.0,                                                     
  ntpr=50, ntwx=50,                                                            
  ntb=1,                                                                       
  cut=10,                                                                      
  /                                                                            


Note: ig = -1. Setting random seed to   313089 based on wallclock time in 
      microseconds.
 
|--------------------- INFORMATION ----------------------
| GPU (CUDA) Version of PMEMD in use: NVIDIA GPU IN USE.
|                    Version 16.0.0
| 
|                      02/25/2016
| 
| Implementation by:
|                    Ross C. Walker     (SDSC)
|                    Scott Le Grand     (nVIDIA)
| 
| Precision model in use:
|      [SPFP] - Single Precision Forces, 64-bit Fixed Point
|               Accumulation. (Default)
| 
|--------------------------------------------------------
 
|----------------- CITATION INFORMATION -----------------
|
|    When publishing work that utilized the CUDA version
|    of AMBER, please cite the following in addition to
|    the regular AMBER citations:
|
|  - Romelia Salomon-Ferrer; Andreas W. Goetz; Duncan
|    Poole; Scott Le Grand; Ross C. Walker "Routine
|    microsecond molecular dynamics simulations with
|    AMBER - Part II: Particle Mesh Ewald", J. Chem.
|    Theory Comput., 2013, 9 (9), pp3878-3888,
|    DOI: 10.1021/ct400314y.
|
|  - Andreas W. Goetz; Mark J. Williamson; Dong Xu;
|    Duncan Poole; Scott Le Grand; Ross C. Walker
|    "Routine microsecond molecular dynamics simulations
|    with AMBER - Part I: Generalized Born", J. Chem.
|    Theory Comput., 2012, 8 (5), pp1542-1555.
|
|  - Scott Le Grand; Andreas W. Goetz; Ross C. Walker
|    "SPFP: Speed without compromise - a mixed precision
|    model for GPU accelerated molecular dynamics
|    simulations.", Comp. Phys. Comm., 2013, 184
|    pp374-380, DOI: 10.1016/j.cpc.2012.09.022
|
|--------------------------------------------------------
 
|------------------- GPU DEVICE INFO --------------------
|
|            CUDA_VISIBLE_DEVICES: 0
|   CUDA Capable Devices Detected:      1
|           CUDA Device ID in use:      0
|                CUDA Device Name: Tesla V100-PCIE-32GB
|     CUDA Device Global Mem Size:  32510 MB
| CUDA Device Num Multiprocessors:     80
|           CUDA Device Core Freq:   1.38 GHz
|
|--------------------------------------------------------
 
 
| Conditional Compilation Defines Used:
| PUBFFT
| BINTRAJ
| CUDA
| EMIL

| Largest sphere to fit in unit cell has radius =    31.660

| New format PARM file being parsed.
| Version =    1.000 Date = 08/25/20 Time = 10:52:25

| Note: 1-4 EEL scale factors are being read from the topology file.

| Note: 1-4 VDW scale factors are being read from the topology file.
| Duplicated    0 dihedrals

| Duplicated    0 dihedrals

--------------------------------------------------------------------------------
   1.  RESOURCE   USE: 
--------------------------------------------------------------------------------

 getting box info from netcdf restart file
 NATOM  =   31440 NTYPES =      18 NBONH =   30717 MBONA  =     774
 NTHETH =     892 MTHETA =    1191 NPHIH =    1828 MPHIA  =    2451
 NHPARM =       0 NPARM  =       0 NNB   =   46437 NRES   =   10179
 NBONA  =     774 NTHETA =    1191 NPHIA =    2451 NUMBND =      61
 NUMANG =     127 NPTRA  =      75 NATYP =      34 NPHB   =       1
 IFBOX  =       2 NMXRS  =      33 IFCAP =       0 NEXTRA =       0
 NCOPY  =       0

| Coordinate Index Table dimensions:    12   12   12
| Direct force subcell size =     6.4625    6.4625    6.4625

     BOX TYPE: TRUNCATED OCTAHEDRON

--------------------------------------------------------------------------------
   2.  CONTROL  DATA  FOR  THE  RUN
--------------------------------------------------------------------------------

default_name                                                                    

General flags:
     imin    =       0, nmropt  =       0

Nature and format of input:
     ntx     =       5, irest   =       1, ntrx    =       1

Nature and format of output:
     ntxo    =       2, ntpr    =      50, ntrx    =       1, ntwr    =    2500
     iwrap   =       0, ntwx    =      50, ntwv    =       0, ntwe    =       0
     ioutfm  =       1, ntwprt  =       0, idecomp =       0, rbornstat=      0

Potential function:
     ntf     =       2, ntb     =       1, igb     =       0, nsnb    =      25
     ipol    =       0, gbsa    =       0, iesp    =       0
     dielc   =   1.00000, cut     =  10.00000, intdiel =   1.00000

Frozen or restrained atoms:
     ibelly  =       0, ntr     =       0

Molecular dynamics:
     nstlim  =      2500, nscm    =      1000, nrespa  =         1
     t       =   0.00000, dt      =   0.00200, vlimit  =  -1.00000

Berendsen (weak-coupling) temperature regulation:
     temp0   = 100.00000, tempi   =  50.00000, tautp   =   1.50000

SHAKE:
     ntc     =       2, jfastw  =       0
     tol     =   0.00001

| Intermolecular bonds treatment:
|     no_intermolecular_bonds =       1

| Energy averages sample interval:
|     ene_avg_sampling =      50

Ewald parameters:
     verbose =       0, ew_type =       0, nbflag  =       1, use_pme =       1
     vdwmeth =       1, eedmeth =       1, netfrc  =       1
     Box X =   77.550   Box Y =   77.550   Box Z =   77.550
     Alpha =  109.471   Beta  =  109.471   Gamma =  109.471
     NFFT1 =   80       NFFT2 =   80       NFFT3 =   80
     Cutoff=   10.000   Tol   =0.100E-04
     Ewald Coefficient =  0.27511
     Interpolation order =    4

--------------------------------------------------------------------------------
   3.  ATOMIC COORDINATES AND VELOCITIES
--------------------------------------------------------------------------------

default_name                                                                    
 begin time read from input coords =     5.000 ps

 
 Number of triangulated 3-point waters found:    10113

     Sum of charges from parm topology file =   0.00000018
     Forcing neutrality...

| Dynamic Memory, Types Used:
| Reals              931317
| Integers           768955

| Nonbonded Pairs Initial Allocation:     9509814

| GPU memory information (estimate):
| KB of GPU memory in use:    165795
| KB of CPU memory in use:     54663

--------------------------------------------------------------------------------
   4.  RESULTS
--------------------------------------------------------------------------------

 ---------------------------------------------------
 APPROXIMATING switch and d/dx switch using CUBIC SPLINE INTERPOLATION
 using   5000.0 points per unit in tabled values
 TESTING RELATIVE ERROR over r ranging from 0.0 to cutoff
| CHECK switch(x): max rel err =   0.2738E-14   at   2.422500
| CHECK d/dx switch(x): max rel err =   0.8314E-11   at   2.736960
 ---------------------------------------------------
|---------------------------------------------------
| APPROXIMATING direct energy using CUBIC SPLINE INTERPOLATION
|  with   50.0 points per unit in tabled values
| Relative Error Limit not exceeded for r .gt.   2.33
| APPROXIMATING direct force using CUBIC SPLINE INTERPOLATION
|  with   50.0 points per unit in tabled values
| Relative Error Limit not exceeded for r .gt.   2.80
|---------------------------------------------------

 NSTEP =       50   TIME(PS) =       5.100  TEMP(K) =    50.50  PRESS =     0.0
 Etot   =   -125399.4138  EKtot   =      3191.2305  EPtot      =   -128590.6443
 BOND   =        57.1033  ANGLE   =       195.8524  DIHED      =       945.6315
 1-4 NB =       260.9507  1-4 EEL =     -3917.0074  VDWAALS    =     21323.3488
 EELEC  =   -147456.5235  EHBOND  =         0.0000  RESTRAINT  =         0.0000
 ------------------------------------------------------------------------------


 NSTEP =      100   TIME(PS) =       5.200  TEMP(K) =    51.21  PRESS =     0.0
 Etot   =   -125192.8196  EKtot   =      3236.3145  EPtot      =   -128429.1340
 BOND   =        58.8781  ANGLE   =       209.0762  DIHED      =       938.6474
 1-4 NB =       262.8749  1-4 EEL =     -3920.6098  VDWAALS    =     21359.5305
 EELEC  =   -147337.5313  EHBOND  =         0.0000  RESTRAINT  =         0.0000
 ------------------------------------------------------------------------------


 NSTEP =      150   TIME(PS) =       5.300  TEMP(K) =    53.53  PRESS =     0.0
 Etot   =   -124993.4625  EKtot   =      3382.8154  EPtot      =   -128376.2779
 BOND   =        63.2847  ANGLE   =       214.6059  DIHED      =       941.0766
 1-4 NB =       265.7682  1-4 EEL =     -3925.2422  VDWAALS    =     21340.7917
 EELEC  =   -147276.5629  EHBOND  =         0.0000  RESTRAINT  =         0.0000
 ------------------------------------------------------------------------------


 NSTEP =      200   TIME(PS) =       5.400  TEMP(K) =    55.46  PRESS =     0.0
 Etot   =   -124801.7602  EKtot   =      3504.4153  EPtot      =   -128306.1755
 BOND   =        59.5979  ANGLE   =       207.9721  DIHED      =       933.7223
 1-4 NB =       268.7041  1-4 EEL =     -3909.9215  VDWAALS    =     21264.9337
 EELEC  =   -147131.1841  EHBOND  =         0.0000  RESTRAINT  =         0.0000
 ------------------------------------------------------------------------------


 NSTEP =      250   TIME(PS) =       5.500  TEMP(K) =    56.36  PRESS =     0.0
 Etot   =   -124615.9179  EKtot   =      3561.8115  EPtot      =   -128177.7294
 BOND   =        60.0184  ANGLE   =       206.2240  DIHED      =       943.4373
 1-4 NB =       263.8411  1-4 EEL =     -3924.0577  VDWAALS    =     21179.6335
 EELEC  =   -146906.8261  EHBOND  =         0.0000  RESTRAINT  =         0.0000
 ------------------------------------------------------------------------------


 NSTEP =      300   TIME(PS) =       5.600  TEMP(K) =    58.56  PRESS =     0.0
 Etot   =   -124436.2599  EKtot   =      3700.4402  EPtot      =   -128136.7001
 BOND   =        62.5444  ANGLE   =       206.8996  DIHED      =       945.3871
 1-4 NB =       264.1723  1-4 EEL =     -3917.4822  VDWAALS    =     21276.0755
 EELEC  =   -146974.2968  EHBOND  =         0.0000  RESTRAINT  =         0.0000
 ------------------------------------------------------------------------------


 NSTEP =      350   TIME(PS) =       5.700  TEMP(K) =    59.56  PRESS =     0.0
 Etot   =   -124264.9185  EKtot   =      3763.9238  EPtot      =   -128028.8423
 BOND   =        63.8443  ANGLE   =       209.0937  DIHED      =       952.3006
 1-4 NB =       264.9745  1-4 EEL =     -3922.9985  VDWAALS    =     21425.3148
 EELEC  =   -147021.3716  EHBOND  =         0.0000  RESTRAINT  =         0.0000
 ------------------------------------------------------------------------------


 NSTEP =      400   TIME(PS) =       5.800  TEMP(K) =    60.94  PRESS =     0.0
 Etot   =   -124098.6995  EKtot   =      3851.2292  EPtot      =   -127949.9288
 BOND   =        58.3232  ANGLE   =       212.1010  DIHED      =       946.4679
 1-4 NB =       264.6572  1-4 EEL =     -3921.3012  VDWAALS    =     21267.8150
 EELEC  =   -146777.9918  EHBOND  =         0.0000  RESTRAINT  =         0.0000
 ------------------------------------------------------------------------------


 NSTEP =      450   TIME(PS) =       5.900  TEMP(K) =    62.72  PRESS =     0.0
 Etot   =   -123938.8329  EKtot   =      3963.4543  EPtot      =   -127902.2873
 BOND   =        65.0086  ANGLE   =       205.4646  DIHED      =       952.3305
 1-4 NB =       266.8118  1-4 EEL =     -3925.5629  VDWAALS    =     21345.3905
 EELEC  =   -146811.7302  EHBOND  =         0.0000  RESTRAINT  =         0.0000
 ------------------------------------------------------------------------------


 NSTEP =      500   TIME(PS) =       6.000  TEMP(K) =    64.20  PRESS =     0.0
 Etot   =   -123783.7332  EKtot   =      4056.7356  EPtot      =   -127840.4688
 BOND   =        63.2367  ANGLE   =       214.8365  DIHED      =       953.6584
 1-4 NB =       259.7382  1-4 EEL =     -3922.8183  VDWAALS    =     21211.7750
 EELEC  =   -146620.8953  EHBOND  =         0.0000  RESTRAINT  =         0.0000
 ------------------------------------------------------------------------------


 NSTEP =      550   TIME(PS) =       6.100  TEMP(K) =    65.13  PRESS =     0.0
 Etot   =   -123634.1242  EKtot   =      4115.6533  EPtot      =   -127749.7775
 BOND   =        62.4539  ANGLE   =       203.0677  DIHED      =       949.9772
 1-4 NB =       263.1753  1-4 EEL =     -3919.3342  VDWAALS    =     21256.3356
 EELEC  =   -146565.4531  EHBOND  =         0.0000  RESTRAINT  =         0.0000
 ------------------------------------------------------------------------------


 NSTEP =      600   TIME(PS) =       6.200  TEMP(K) =    66.33  PRESS =     0.0
 Etot   =   -123490.0310  EKtot   =      4191.5386  EPtot      =   -127681.5696
 BOND   =        59.4697  ANGLE   =       209.5807  DIHED      =       954.3278
 1-4 NB =       264.9201  1-4 EEL =     -3926.7979  VDWAALS    =     21193.4583
 EELEC  =   -146436.5284  EHBOND  =         0.0000  RESTRAINT  =         0.0000
 ------------------------------------------------------------------------------


 NSTEP =      650   TIME(PS) =       6.300  TEMP(K) =    67.16  PRESS =     0.0
 Etot   =   -123350.7835  EKtot   =      4244.2842  EPtot      =   -127595.0676
 BOND   =        58.1559  ANGLE   =       209.5839  DIHED      =       952.4648
 1-4 NB =       262.5242  1-4 EEL =     -3913.5318  VDWAALS    =     21175.0622
 EELEC  =   -146339.3268  EHBOND  =         0.0000  RESTRAINT  =         0.0000
 ------------------------------------------------------------------------------


 NSTEP =      700   TIME(PS) =       6.400  TEMP(K) =    69.13  PRESS =     0.0
 Etot   =   -123217.0327  EKtot   =      4368.3994  EPtot      =   -127585.4321
 BOND   =        63.6611  ANGLE   =       220.8463  DIHED      =       954.1238
 1-4 NB =       267.8091  1-4 EEL =     -3933.5217  VDWAALS    =     21352.5869
 EELEC  =   -146510.9375  EHBOND  =         0.0000  RESTRAINT  =         0.0000
 ------------------------------------------------------------------------------


 NSTEP =      750   TIME(PS) =       6.500  TEMP(K) =    69.89  PRESS =     0.0
 Etot   =   -123088.0648  EKtot   =      4416.8296  EPtot      =   -127504.8944
 BOND   =        60.8746  ANGLE   =       214.3876  DIHED      =       951.6241
 1-4 NB =       266.8012  1-4 EEL =     -3913.2432  VDWAALS    =     21100.7741
 EELEC  =   -146186.1128  EHBOND  =         0.0000  RESTRAINT  =         0.0000
 ------------------------------------------------------------------------------


 NSTEP =      800   TIME(PS) =       6.600  TEMP(K) =    70.46  PRESS =     0.0
 Etot   =   -122961.2115  EKtot   =      4452.3911  EPtot      =   -127413.6026
 BOND   =        62.6682  ANGLE   =       213.0485  DIHED      =       953.7824
 1-4 NB =       262.7567  1-4 EEL =     -3918.0312  VDWAALS    =     21029.8129
 EELEC  =   -146017.6401  EHBOND  =         0.0000  RESTRAINT  =         0.0000
 ------------------------------------------------------------------------------


 NSTEP =      850   TIME(PS) =       6.700  TEMP(K) =    72.87  PRESS =     0.0
 Etot   =   -122841.9717  EKtot   =      4604.6689  EPtot      =   -127446.6406
 BOND   =        63.0595  ANGLE   =       211.8204  DIHED      =       951.7965
 1-4 NB =       263.5920  1-4 EEL =     -3919.6160  VDWAALS    =     21122.0547
 EELEC  =   -146139.3477  EHBOND  =         0.0000  RESTRAINT  =         0.0000
 ------------------------------------------------------------------------------


 NSTEP =      900   TIME(PS) =       6.800  TEMP(K) =    72.44  PRESS =     0.0
 Etot   =   -122725.1246  EKtot   =      4577.5757  EPtot      =   -127302.7002
 BOND   =        71.2760  ANGLE   =       219.1417  DIHED      =       953.7285
 1-4 NB =       267.5436  1-4 EEL =     -3926.1339  VDWAALS    =     21125.0883
 EELEC  =   -146013.3444  EHBOND  =         0.0000  RESTRAINT  =         0.0000
 ------------------------------------------------------------------------------


 NSTEP =      950   TIME(PS) =       6.900  TEMP(K) =    74.25  PRESS =     0.0
 Etot   =   -122614.3487  EKtot   =      4692.1367  EPtot      =   -127306.4855
 BOND   =        71.5529  ANGLE   =       222.8551  DIHED      =       952.0587
 1-4 NB =       265.5277  1-4 EEL =     -3922.5906  VDWAALS    =     21095.1959
 EELEC  =   -145991.0851  EHBOND  =         0.0000  RESTRAINT  =         0.0000
 ------------------------------------------------------------------------------

check COM velocity, temp:        0.000031     0.00(Removed)

 NSTEP =     1000   TIME(PS) =       7.000  TEMP(K) =    75.29  PRESS =     0.0
 Etot   =   -122510.3265  EKtot   =      4757.8989  EPtot      =   -127268.2254
 BOND   =        67.4675  ANGLE   =       216.2718  DIHED      =       952.0646
 1-4 NB =       266.1086  1-4 EEL =     -3929.3269  VDWAALS    =     21174.7466
 EELEC  =   -146015.5575  EHBOND  =         0.0000  RESTRAINT  =         0.0000
 ------------------------------------------------------------------------------


 NSTEP =     1050   TIME(PS) =       7.100  TEMP(K) =    75.75  PRESS =     0.0
 Etot   =   -122407.0457  EKtot   =      4786.7456  EPtot      =   -127193.7913
 BOND   =        62.6156  ANGLE   =       229.5457  DIHED      =       945.1908
 1-4 NB =       266.9439  1-4 EEL =     -3933.0576  VDWAALS    =     21034.6762
 EELEC  =   -145799.7060  EHBOND  =         0.0000  RESTRAINT  =         0.0000
 ------------------------------------------------------------------------------


 NSTEP =     1100   TIME(PS) =       7.200  TEMP(K) =    76.80  PRESS =     0.0
 Etot   =   -122306.6603  EKtot   =      4853.3564  EPtot      =   -127160.0167
 BOND   =        66.1419  ANGLE   =       220.9174  DIHED      =       949.2464
 1-4 NB =       261.5137  1-4 EEL =     -3926.2166  VDWAALS    =     20994.0981
 EELEC  =   -145725.7176  EHBOND  =         0.0000  RESTRAINT  =         0.0000
 ------------------------------------------------------------------------------


 NSTEP =     1150   TIME(PS) =       7.300  TEMP(K) =    77.60  PRESS =     0.0
 Etot   =   -122209.2490  EKtot   =      4903.7383  EPtot      =   -127112.9872
 BOND   =        69.4367  ANGLE   =       221.1940  DIHED      =       948.1785
 1-4 NB =       263.7341  1-4 EEL =     -3938.2011  VDWAALS    =     21214.3096
 EELEC  =   -145891.6391  EHBOND  =         0.0000  RESTRAINT  =         0.0000
 ------------------------------------------------------------------------------


 NSTEP =     1200   TIME(PS) =       7.400  TEMP(K) =    78.16  PRESS =     0.0
 Etot   =   -122117.8530  EKtot   =      4939.1426  EPtot      =   -127056.9956
 BOND   =        63.0554  ANGLE   =       222.3877  DIHED      =       948.4068
 1-4 NB =       265.0547  1-4 EEL =     -3927.8851  VDWAALS    =     21167.0158
 EELEC  =   -145795.0308  EHBOND  =         0.0000  RESTRAINT  =         0.0000
 ------------------------------------------------------------------------------


 NSTEP =     1250   TIME(PS) =       7.500  TEMP(K) =    79.42  PRESS =     0.0
 Etot   =   -122029.8055  EKtot   =      5018.9844  EPtot      =   -127048.7899
 BOND   =        69.7946  ANGLE   =       219.4277  DIHED      =       951.0393
 1-4 NB =       265.9742  1-4 EEL =     -3941.3328  VDWAALS    =     21097.8952
 EELEC  =   -145711.5882  EHBOND  =         0.0000  RESTRAINT  =         0.0000
 ------------------------------------------------------------------------------


 NSTEP =     1300   TIME(PS) =       7.600  TEMP(K) =    80.16  PRESS =     0.0
 Etot   =   -121944.8747  EKtot   =      5065.6826  EPtot      =   -127010.5573
 BOND   =        71.3556  ANGLE   =       226.2387  DIHED      =       946.1952
 1-4 NB =       261.6783  1-4 EEL =     -3934.1522  VDWAALS    =     20859.0606
 EELEC  =   -145440.9335  EHBOND  =         0.0000  RESTRAINT  =         0.0000
 ------------------------------------------------------------------------------


 NSTEP =     1350   TIME(PS) =       7.700  TEMP(K) =    81.20  PRESS =     0.0
 Etot   =   -121864.4423  EKtot   =      5131.1284  EPtot      =   -126995.5707
 BOND   =        73.3962  ANGLE   =       215.4635  DIHED      =       956.3762
 1-4 NB =       261.0498  1-4 EEL =     -3929.0753  VDWAALS    =     21122.9771
 EELEC  =   -145695.7583  EHBOND  =         0.0000  RESTRAINT  =         0.0000
 ------------------------------------------------------------------------------


 NSTEP =     1400   TIME(PS) =       7.800  TEMP(K) =    81.91  PRESS =     0.0
 Etot   =   -121786.9303  EKtot   =      5176.3247  EPtot      =   -126963.2550
 BOND   =        66.4784  ANGLE   =       214.2288  DIHED      =       960.3721
 1-4 NB =       267.1489  1-4 EEL =     -3922.0271  VDWAALS    =     21128.6150
 EELEC  =   -145678.0712  EHBOND  =         0.0000  RESTRAINT  =         0.0000
 ------------------------------------------------------------------------------


 NSTEP =     1450   TIME(PS) =       7.900  TEMP(K) =    83.64  PRESS =     0.0
 Etot   =   -121711.8224  EKtot   =      5285.5747  EPtot      =   -126997.3971
 BOND   =        67.5109  ANGLE   =       219.5066  DIHED      =       957.3757
 1-4 NB =       269.1856  1-4 EEL =     -3915.7227  VDWAALS    =     20992.5535
 EELEC  =   -145587.8066  EHBOND  =         0.0000  RESTRAINT  =         0.0000
 ------------------------------------------------------------------------------


 NSTEP =     1500   TIME(PS) =       8.000  TEMP(K) =    82.60  PRESS =     0.0
 Etot   =   -121639.1148  EKtot   =      5219.9468  EPtot      =   -126859.0616
 BOND   =        70.1113  ANGLE   =       218.4116  DIHED      =       959.0122
 1-4 NB =       263.9166  1-4 EEL =     -3911.3320  VDWAALS    =     20995.8804
 EELEC  =   -145455.0618  EHBOND  =         0.0000  RESTRAINT  =         0.0000
 ------------------------------------------------------------------------------


 NSTEP =     1550   TIME(PS) =       8.100  TEMP(K) =    83.41  PRESS =     0.0
 Etot   =   -121569.1962  EKtot   =      5271.0073  EPtot      =   -126840.2035
 BOND   =        66.0946  ANGLE   =       213.6073  DIHED      =       953.7110
 1-4 NB =       268.8517  1-4 EEL =     -3907.9631  VDWAALS    =     21114.2840
 EELEC  =   -145548.7892  EHBOND  =         0.0000  RESTRAINT  =         0.0000
 ------------------------------------------------------------------------------


 NSTEP =     1600   TIME(PS) =       8.200  TEMP(K) =    84.83  PRESS =     0.0
 Etot   =   -121502.1558  EKtot   =      5360.3623  EPtot      =   -126862.5181
 BOND   =        73.9394  ANGLE   =       224.5156  DIHED      =       953.0985
 1-4 NB =       264.2574  1-4 EEL =     -3937.5137  VDWAALS    =     21015.3884
 EELEC  =   -145456.2037  EHBOND  =         0.0000  RESTRAINT  =         0.0000
 ------------------------------------------------------------------------------


 NSTEP =     1650   TIME(PS) =       8.300  TEMP(K) =    85.08  PRESS =     0.0
 Etot   =   -121438.4190  EKtot   =      5376.2793  EPtot      =   -126814.6983
 BOND   =        71.7681  ANGLE   =       227.5900  DIHED      =       953.0759
 1-4 NB =       268.3156  1-4 EEL =     -3930.6369  VDWAALS    =     21072.4342
 EELEC  =   -145477.2452  EHBOND  =         0.0000  RESTRAINT  =         0.0000
 ------------------------------------------------------------------------------


 NSTEP =     1700   TIME(PS) =       8.400  TEMP(K) =    85.24  PRESS =     0.0
 Etot   =   -121375.6057  EKtot   =      5386.6025  EPtot      =   -126762.2082
 BOND   =        69.6147  ANGLE   =       224.9062  DIHED      =       950.4215
 1-4 NB =       267.0270  1-4 EEL =     -3922.3036  VDWAALS    =     20936.7133
 EELEC  =   -145288.5874  EHBOND  =         0.0000  RESTRAINT  =         0.0000
 ------------------------------------------------------------------------------


 NSTEP =     1750   TIME(PS) =       8.500  TEMP(K) =    86.63  PRESS =     0.0
 Etot   =   -121316.7993  EKtot   =      5474.6084  EPtot      =   -126791.4077
 BOND   =        71.5605  ANGLE   =       229.0000  DIHED      =       956.7587
 1-4 NB =       267.7456  1-4 EEL =     -3918.7830  VDWAALS    =     21201.4921
 EELEC  =   -145599.1816  EHBOND  =         0.0000  RESTRAINT  =         0.0000
 ------------------------------------------------------------------------------


 NSTEP =     1800   TIME(PS) =       8.600  TEMP(K) =    87.14  PRESS =     0.0
 Etot   =   -121261.3024  EKtot   =      5506.7446  EPtot      =   -126768.0470
 BOND   =        74.3613  ANGLE   =       225.4380  DIHED      =       947.1115
 1-4 NB =       266.2576  1-4 EEL =     -3923.9765  VDWAALS    =     21100.2787
 EELEC  =   -145457.5177  EHBOND  =         0.0000  RESTRAINT  =         0.0000
 ------------------------------------------------------------------------------


 NSTEP =     1850   TIME(PS) =       8.700  TEMP(K) =    87.81  PRESS =     0.0
 Etot   =   -121207.5361  EKtot   =      5549.2290  EPtot      =   -126756.7651
 BOND   =        69.7345  ANGLE   =       222.9457  DIHED      =       952.5689
 1-4 NB =       265.4624  1-4 EEL =     -3914.1450  VDWAALS    =     21083.8907
 EELEC  =   -145437.2223  EHBOND  =         0.0000  RESTRAINT  =         0.0000
 ------------------------------------------------------------------------------


 NSTEP =     1900   TIME(PS) =       8.800  TEMP(K) =    88.17  PRESS =     0.0
 Etot   =   -121155.0324  EKtot   =      5571.9199  EPtot      =   -126726.9523
 BOND   =        70.7624  ANGLE   =       221.3703  DIHED      =       966.8386
 1-4 NB =       261.5629  1-4 EEL =     -3916.9582  VDWAALS    =     20853.2818
 EELEC  =   -145183.8102  EHBOND  =         0.0000  RESTRAINT  =         0.0000
 ------------------------------------------------------------------------------


 NSTEP =     1950   TIME(PS) =       8.900  TEMP(K) =    87.43  PRESS =     0.0
 Etot   =   -121103.5325  EKtot   =      5524.9092  EPtot      =   -126628.4417
 BOND   =        76.2529  ANGLE   =       228.4105  DIHED      =       960.7891
 1-4 NB =       274.0455  1-4 EEL =     -3917.4346  VDWAALS    =     21011.9388
 EELEC  =   -145262.4438  EHBOND  =         0.0000  RESTRAINT  =         0.0000
 ------------------------------------------------------------------------------

check COM velocity, temp:        0.000020     0.00(Removed)

 NSTEP =     2000   TIME(PS) =       9.000  TEMP(K) =    88.98  PRESS =     0.0
 Etot   =   -121054.2690  EKtot   =      5622.6074  EPtot      =   -126676.8764
 BOND   =        73.0024  ANGLE   =       226.6640  DIHED      =       960.8581
 1-4 NB =       269.0376  1-4 EEL =     -3923.3872  VDWAALS    =     21142.6756
 EELEC  =   -145425.7269  EHBOND  =         0.0000  RESTRAINT  =         0.0000
 ------------------------------------------------------------------------------


 NSTEP =     2050   TIME(PS) =       9.100  TEMP(K) =    89.00  PRESS =     0.0
 Etot   =   -121009.0850  EKtot   =      5624.0000  EPtot      =   -126633.0850
 BOND   =        73.5154  ANGLE   =       219.1676  DIHED      =       955.0876
 1-4 NB =       266.4077  1-4 EEL =     -3913.2836  VDWAALS    =     21064.2233
 EELEC  =   -145298.2031  EHBOND  =         0.0000  RESTRAINT  =         0.0000
 ------------------------------------------------------------------------------


 NSTEP =     2100   TIME(PS) =       9.200  TEMP(K) =    89.89  PRESS =     0.0
 Etot   =   -120967.1996  EKtot   =      5680.4019  EPtot      =   -126647.6015
 BOND   =        68.1923  ANGLE   =       229.2831  DIHED      =       950.9201
 1-4 NB =       271.9077  1-4 EEL =     -3922.7243  VDWAALS    =     21070.0684
 EELEC  =   -145315.2487  EHBOND  =         0.0000  RESTRAINT  =         0.0000
 ------------------------------------------------------------------------------


 NSTEP =     2150   TIME(PS) =       9.300  TEMP(K) =    89.93  PRESS =     0.0
 Etot   =   -120924.4432  EKtot   =      5682.8213  EPtot      =   -126607.2645
 BOND   =        76.2963  ANGLE   =       243.2668  DIHED      =       956.1495
 1-4 NB =       268.5901  1-4 EEL =     -3936.4401  VDWAALS    =     20944.8650
 EELEC  =   -145159.9921  EHBOND  =         0.0000  RESTRAINT  =         0.0000
 ------------------------------------------------------------------------------


 NSTEP =     2200   TIME(PS) =       9.400  TEMP(K) =    90.52  PRESS =     0.0
 Etot   =   -120884.6694  EKtot   =      5720.4331  EPtot      =   -126605.1025
 BOND   =        77.0360  ANGLE   =       235.8714  DIHED      =       950.1887
 1-4 NB =       267.2269  1-4 EEL =     -3925.5496  VDWAALS    =     20960.7740
 EELEC  =   -145170.6498  EHBOND  =         0.0000  RESTRAINT  =         0.0000
 ------------------------------------------------------------------------------


 NSTEP =     2250   TIME(PS) =       9.500  TEMP(K) =    90.30  PRESS =     0.0
 Etot   =   -120844.7342  EKtot   =      5706.0723  EPtot      =   -126550.8064
 BOND   =        72.4193  ANGLE   =       232.1790  DIHED      =       953.8171
 1-4 NB =       272.2650  1-4 EEL =     -3911.6284  VDWAALS    =     20879.5761
 EELEC  =   -145049.4345  EHBOND  =         0.0000  RESTRAINT  =         0.0000
 ------------------------------------------------------------------------------


 NSTEP =     2300   TIME(PS) =       9.600  TEMP(K) =    91.69  PRESS =     0.0
 Etot   =   -120806.4206  EKtot   =      5793.9355  EPtot      =   -126600.3561
 BOND   =        74.6523  ANGLE   =       236.8125  DIHED      =       956.7985
 1-4 NB =       270.1281  1-4 EEL =     -3920.9073  VDWAALS    =     21044.5258
 EELEC  =   -145262.3661  EHBOND  =         0.0000  RESTRAINT  =         0.0000
 ------------------------------------------------------------------------------


 NSTEP =     2350   TIME(PS) =       9.700  TEMP(K) =    91.15  PRESS =     0.0
 Etot   =   -120770.7594  EKtot   =      5760.0020  EPtot      =   -126530.7614
 BOND   =        76.2936  ANGLE   =       244.3927  DIHED      =       957.7686
 1-4 NB =       266.2923  1-4 EEL =     -3924.4935  VDWAALS    =     21093.9297
 EELEC  =   -145244.9448  EHBOND  =         0.0000  RESTRAINT  =         0.0000
 ------------------------------------------------------------------------------


 NSTEP =     2400   TIME(PS) =       9.800  TEMP(K) =    92.39  PRESS =     0.0
 Etot   =   -120735.6579  EKtot   =      5838.0737  EPtot      =   -126573.7316
 BOND   =        79.5287  ANGLE   =       225.1126  DIHED      =       957.5382
 1-4 NB =       268.1628  1-4 EEL =     -3908.0858  VDWAALS    =     21008.6238
 EELEC  =   -145204.6119  EHBOND  =         0.0000  RESTRAINT  =         0.0000
 ------------------------------------------------------------------------------


 NSTEP =     2450   TIME(PS) =       9.900  TEMP(K) =    92.73  PRESS =     0.0
 Etot   =   -120704.3779  EKtot   =      5859.7261  EPtot      =   -126564.1040
 BOND   =        69.3152  ANGLE   =       231.8056  DIHED      =       960.2482
 1-4 NB =       268.9596  1-4 EEL =     -3914.9702  VDWAALS    =     21253.0504
 EELEC  =   -145432.5127  EHBOND  =         0.0000  RESTRAINT  =         0.0000
 ------------------------------------------------------------------------------


 NSTEP =     2500   TIME(PS) =      10.000  TEMP(K) =    93.06  PRESS =     0.0
 Etot   =   -120674.1925  EKtot   =      5880.9556  EPtot      =   -126555.1480
 BOND   =        79.2228  ANGLE   =       232.7748  DIHED      =       963.1401
 1-4 NB =       269.0771  1-4 EEL =     -3921.2154  VDWAALS    =     21146.5746
 EELEC  =   -145324.7220  EHBOND  =         0.0000  RESTRAINT  =         0.0000
 ------------------------------------------------------------------------------


      A V E R A G E S   O V E R      50 S T E P S


 NSTEP =     2500   TIME(PS) =      10.000  TEMP(K) =    76.97  PRESS =     0.0
 Etot   =   -122345.6405  EKtot   =      4864.1013  EPtot      =   -127209.7417
 BOND   =        67.9188  ANGLE   =       220.1033  DIHED      =       952.3378
 1-4 NB =       266.0206  1-4 EEL =     -3922.4106  VDWAALS    =     21124.5079
 EELEC  =   -145918.2195  EHBOND  =         0.0000  RESTRAINT  =         0.0000
 ------------------------------------------------------------------------------


      R M S  F L U C T U A T I O N S


 NSTEP =     2500   TIME(PS) =      10.000  TEMP(K) =    12.40  PRESS =     0.0
 Etot   =      1367.9320  EKtot   =       783.6636  EPtot      =       586.0421
 BOND   =         5.9553  ANGLE   =        10.1384  DIHED      =         6.1078
 1-4 NB =         3.0353  1-4 EEL =         7.8394  VDWAALS    =       133.6108
 EELEC  =       670.7097  EHBOND  =         0.0000  RESTRAINT  =         0.0000
 ------------------------------------------------------------------------------

--------------------------------------------------------------------------------
   5.  TIMINGS
--------------------------------------------------------------------------------

|  NonSetup CPU Time in Major Routines:
|
|     Routine           Sec        %
|     ------------------------------
|     Nonbond           0.46    7.68
|     Bond              0.00    0.00
|     Angle             0.00    0.00
|     Dihedral          0.00    0.00
|     Shake             0.02    0.29
|     RunMD             5.54   91.93
|     Other             0.01    0.10
|     ------------------------------
|     Total             6.03

|  PME Nonbond Pairlist CPU Time:
|
|     Routine              Sec        %
|     ---------------------------------
|     Set Up Cit           0.00    0.00
|     Build List           0.00    0.00
|     ---------------------------------
|     Total                0.00    0.00

|  PME Direct Force CPU Time:
|
|     Routine              Sec        %
|     ---------------------------------
|     NonBonded Calc       0.00    0.00
|     Exclude Masked       0.00    0.00
|     Other                0.00    0.07
|     ---------------------------------
|     Total                0.00    0.07

|  PME Reciprocal Force CPU Time:
|
|     Routine              Sec        %
|     ---------------------------------
|     1D bspline           0.00    0.00
|     Grid Charges         0.00    0.00
|     Scalar Sum           0.00    0.00
|     Gradient Sum         0.00    0.00
|     FFT                  0.00    0.00
|     ---------------------------------
|     Total                0.00    0.00

|  Final Performance Info:
|     -----------------------------------------------------
|     Average timings for last    2450 steps:
|     Elapsed(s) =       6.00 Per Step(ms) =       2.45
|         ns/day =      70.54   seconds/ns =    1224.83
|
|     Average timings for all steps:
|     Elapsed(s) =       6.30 Per Step(ms) =       2.52
|         ns/day =      68.62   seconds/ns =    1259.04
|     -----------------------------------------------------

|  Setup CPU time:            0.94 seconds
|  NonSetup CPU time:         6.03 seconds
|  Total CPU time:            6.96 seconds     0.00 hours

|  Setup wall time:           1    seconds
|  NonSetup wall time:        7    seconds
|  Total wall time:           8    seconds     0.00 hours
