
          -------------------------------------------------------
          Amber 16 PMEMD                              2016
          -------------------------------------------------------

| PMEMD implementation of SANDER, Release 16

| Run on 06/04/2024 at 22:36:32

|   Executable path: pmemd.cuda
| Working directory: /home/students/keyq/fuben4/4/4LA
|          Hostname: master

  [-O]verwriting output

File Assignments:
|   MDIN: heat6.in                                                              
|  MDOUT: cmp_heat6.out                                                         
| INPCRD: cmp_heat5.rst                                                         
|   PARM: cmp.prmtop                                                            
| RESTRT: cmp_heat6.rst                                                         
|   REFC: cmp.inpcrd                                                            
|  MDVEL: mdvel                                                                 
|   MDEN: mden                                                                  
|  MDCRD: cmp_heat6.mdcrd                                                       
| MDINFO: mdinfo                                                                
|  MDFRC: mdfrc                                                                 


 Here is the input file:

Stage 2 equilibration 1 0-5ns                                                  
 &cntrl                                                                        
  imin=0, irest=1, ntx=5,                                                      
  nstlim=6000, dt=0.002,                                                       
  ntc=2, ntf=2,                                                                
  ntt=1, tautp=1.5,                                                            
  tempi=255.0, temp0=310.0,                                                    
  ntpr=50, ntwx=50,                                                            
  ntb=1,                                                                       
  cut=10,                                                                      
 /                                                                             


Note: ig = -1. Setting random seed to   424287 based on wallclock time in 
      microseconds.
 
|--------------------- INFORMATION ----------------------
| GPU (CUDA) Version of PMEMD in use: NVIDIA GPU IN USE.
|                    Version 16.0.0
| 
|                      02/25/2016
| 
| Implementation by:
|                    Ross C. Walker     (SDSC)
|                    Scott Le Grand     (nVIDIA)
| 
| Precision model in use:
|      [SPFP] - Single Precision Forces, 64-bit Fixed Point
|               Accumulation. (Default)
| 
|--------------------------------------------------------
 
|----------------- CITATION INFORMATION -----------------
|
|    When publishing work that utilized the CUDA version
|    of AMBER, please cite the following in addition to
|    the regular AMBER citations:
|
|  - Romelia Salomon-Ferrer; Andreas W. Goetz; Duncan
|    Poole; Scott Le Grand; Ross C. Walker "Routine
|    microsecond molecular dynamics simulations with
|    AMBER - Part II: Particle Mesh Ewald", J. Chem.
|    Theory Comput., 2013, 9 (9), pp3878-3888,
|    DOI: 10.1021/ct400314y.
|
|  - Andreas W. Goetz; Mark J. Williamson; Dong Xu;
|    Duncan Poole; Scott Le Grand; Ross C. Walker
|    "Routine microsecond molecular dynamics simulations
|    with AMBER - Part I: Generalized Born", J. Chem.
|    Theory Comput., 2012, 8 (5), pp1542-1555.
|
|  - Scott Le Grand; Andreas W. Goetz; Ross C. Walker
|    "SPFP: Speed without compromise - a mixed precision
|    model for GPU accelerated molecular dynamics
|    simulations.", Comp. Phys. Comm., 2013, 184
|    pp374-380, DOI: 10.1016/j.cpc.2012.09.022
|
|--------------------------------------------------------
 
|------------------- GPU DEVICE INFO --------------------
|
|            CUDA_VISIBLE_DEVICES: 0
|   CUDA Capable Devices Detected:      1
|           CUDA Device ID in use:      0
|                CUDA Device Name: Tesla V100-PCIE-32GB
|     CUDA Device Global Mem Size:  32510 MB
| CUDA Device Num Multiprocessors:     80
|           CUDA Device Core Freq:   1.38 GHz
|
|--------------------------------------------------------
 
 
| Conditional Compilation Defines Used:
| PUBFFT
| BINTRAJ
| CUDA
| EMIL

| Largest sphere to fit in unit cell has radius =    31.660

| New format PARM file being parsed.
| Version =    1.000 Date = 08/25/20 Time = 10:52:25

| Note: 1-4 EEL scale factors are being read from the topology file.

| Note: 1-4 VDW scale factors are being read from the topology file.
| Duplicated    0 dihedrals

| Duplicated    0 dihedrals

--------------------------------------------------------------------------------
   1.  RESOURCE   USE: 
--------------------------------------------------------------------------------

 getting box info from netcdf restart file
 NATOM  =   31440 NTYPES =      18 NBONH =   30717 MBONA  =     774
 NTHETH =     892 MTHETA =    1191 NPHIH =    1828 MPHIA  =    2451
 NHPARM =       0 NPARM  =       0 NNB   =   46437 NRES   =   10179
 NBONA  =     774 NTHETA =    1191 NPHIA =    2451 NUMBND =      61
 NUMANG =     127 NPTRA  =      75 NATYP =      34 NPHB   =       1
 IFBOX  =       2 NMXRS  =      33 IFCAP =       0 NEXTRA =       0
 NCOPY  =       0

| Coordinate Index Table dimensions:    12   12   12
| Direct force subcell size =     6.4625    6.4625    6.4625

     BOX TYPE: TRUNCATED OCTAHEDRON

--------------------------------------------------------------------------------
   2.  CONTROL  DATA  FOR  THE  RUN
--------------------------------------------------------------------------------

default_name                                                                    

General flags:
     imin    =       0, nmropt  =       0

Nature and format of input:
     ntx     =       5, irest   =       1, ntrx    =       1

Nature and format of output:
     ntxo    =       2, ntpr    =      50, ntrx    =       1, ntwr    =    6000
     iwrap   =       0, ntwx    =      50, ntwv    =       0, ntwe    =       0
     ioutfm  =       1, ntwprt  =       0, idecomp =       0, rbornstat=      0

Potential function:
     ntf     =       2, ntb     =       1, igb     =       0, nsnb    =      25
     ipol    =       0, gbsa    =       0, iesp    =       0
     dielc   =   1.00000, cut     =  10.00000, intdiel =   1.00000

Frozen or restrained atoms:
     ibelly  =       0, ntr     =       0

Molecular dynamics:
     nstlim  =      6000, nscm    =      1000, nrespa  =         1
     t       =   0.00000, dt      =   0.00200, vlimit  =  -1.00000

Berendsen (weak-coupling) temperature regulation:
     temp0   = 310.00000, tempi   = 255.00000, tautp   =   1.50000

SHAKE:
     ntc     =       2, jfastw  =       0
     tol     =   0.00001

| Intermolecular bonds treatment:
|     no_intermolecular_bonds =       1

| Energy averages sample interval:
|     ene_avg_sampling =      50

Ewald parameters:
     verbose =       0, ew_type =       0, nbflag  =       1, use_pme =       1
     vdwmeth =       1, eedmeth =       1, netfrc  =       1
     Box X =   77.550   Box Y =   77.550   Box Z =   77.550
     Alpha =  109.471   Beta  =  109.471   Gamma =  109.471
     NFFT1 =   80       NFFT2 =   80       NFFT3 =   80
     Cutoff=   10.000   Tol   =0.100E-04
     Ewald Coefficient =  0.27511
     Interpolation order =    4

--------------------------------------------------------------------------------
   3.  ATOMIC COORDINATES AND VELOCITIES
--------------------------------------------------------------------------------

default_name                                                                    
 begin time read from input coords =    28.000 ps

 
 Number of triangulated 3-point waters found:    10113

     Sum of charges from parm topology file =   0.00000018
     Forcing neutrality...

| Dynamic Memory, Types Used:
| Reals              931317
| Integers           768955

| Nonbonded Pairs Initial Allocation:     9509814

| GPU memory information (estimate):
| KB of GPU memory in use:    165795
| KB of CPU memory in use:     54663

--------------------------------------------------------------------------------
   4.  RESULTS
--------------------------------------------------------------------------------

 ---------------------------------------------------
 APPROXIMATING switch and d/dx switch using CUBIC SPLINE INTERPOLATION
 using   5000.0 points per unit in tabled values
 TESTING RELATIVE ERROR over r ranging from 0.0 to cutoff
| CHECK switch(x): max rel err =   0.2738E-14   at   2.422500
| CHECK d/dx switch(x): max rel err =   0.8314E-11   at   2.736960
 ---------------------------------------------------
|---------------------------------------------------
| APPROXIMATING direct energy using CUBIC SPLINE INTERPOLATION
|  with   50.0 points per unit in tabled values
| Relative Error Limit not exceeded for r .gt.   2.33
| APPROXIMATING direct force using CUBIC SPLINE INTERPOLATION
|  with   50.0 points per unit in tabled values
| Relative Error Limit not exceeded for r .gt.   2.80
|---------------------------------------------------

 NSTEP =       50   TIME(PS) =      28.100  TEMP(K) =   245.89  PRESS =     0.0
 Etot   =    -97371.2944  EKtot   =     15538.4053  EPtot      =   -112909.6997
 BOND   =       223.6059  ANGLE   =       477.4220  DIHED      =       979.9527
 1-4 NB =       285.4604  1-4 EEL =     -3898.0405  VDWAALS    =     16040.5584
 EELEC  =   -127018.6586  EHBOND  =         0.0000  RESTRAINT  =         0.0000
 ------------------------------------------------------------------------------


 NSTEP =      100   TIME(PS) =      28.200  TEMP(K) =   245.17  PRESS =     0.0
 Etot   =    -97099.4494  EKtot   =     15492.6982  EPtot      =   -112592.1476
 BOND   =       223.8935  ANGLE   =       507.6106  DIHED      =       989.2772
 1-4 NB =       274.8564  1-4 EEL =     -3901.4200  VDWAALS    =     16076.5282
 EELEC  =   -126762.8935  EHBOND  =         0.0000  RESTRAINT  =         0.0000
 ------------------------------------------------------------------------------


 NSTEP =      150   TIME(PS) =      28.300  TEMP(K) =   249.25  PRESS =     0.0
 Etot   =    -96835.9882  EKtot   =     15750.7832  EPtot      =   -112586.7714
 BOND   =       233.5412  ANGLE   =       476.8623  DIHED      =       996.1707
 1-4 NB =       275.6671  1-4 EEL =     -3907.2010  VDWAALS    =     15877.1157
 EELEC  =   -126538.9274  EHBOND  =         0.0000  RESTRAINT  =         0.0000
 ------------------------------------------------------------------------------


 NSTEP =      200   TIME(PS) =      28.400  TEMP(K) =   250.15  PRESS =     0.0
 Etot   =    -96580.2560  EKtot   =     15807.8398  EPtot      =   -112388.0958
 BOND   =       205.2616  ANGLE   =       500.4577  DIHED      =       999.0766
 1-4 NB =       287.4457  1-4 EEL =     -3921.4933  VDWAALS    =     15854.8129
 EELEC  =   -126313.6571  EHBOND  =         0.0000  RESTRAINT  =         0.0000
 ------------------------------------------------------------------------------


 NSTEP =      250   TIME(PS) =      28.500  TEMP(K) =   251.62  PRESS =     0.0
 Etot   =    -96326.3460  EKtot   =     15900.6123  EPtot      =   -112226.9583
 BOND   =       223.7950  ANGLE   =       485.0628  DIHED      =       999.9491
 1-4 NB =       284.3638  1-4 EEL =     -3887.7537  VDWAALS    =     15697.5623
 EELEC  =   -126029.9376  EHBOND  =         0.0000  RESTRAINT  =         0.0000
 ------------------------------------------------------------------------------


 NSTEP =      300   TIME(PS) =      28.600  TEMP(K) =   250.59  PRESS =     0.0
 Etot   =    -96075.2346  EKtot   =     15835.5049  EPtot      =   -111910.7394
 BOND   =       224.0600  ANGLE   =       496.2277  DIHED      =       999.3632
 1-4 NB =       279.8886  1-4 EEL =     -3913.1405  VDWAALS    =     15498.4751
 EELEC  =   -125495.6134  EHBOND  =         0.0000  RESTRAINT  =         0.0000
 ------------------------------------------------------------------------------


 NSTEP =      350   TIME(PS) =      28.700  TEMP(K) =   253.37  PRESS =     0.0
 Etot   =    -95831.6312  EKtot   =     16011.0820  EPtot      =   -111842.7132
 BOND   =       231.1705  ANGLE   =       485.2116  DIHED      =      1011.0796
 1-4 NB =       285.6830  1-4 EEL =     -3907.8527  VDWAALS    =     15605.8449
 EELEC  =   -125553.8501  EHBOND  =         0.0000  RESTRAINT  =         0.0000
 ------------------------------------------------------------------------------


 NSTEP =      400   TIME(PS) =      28.800  TEMP(K) =   253.14  PRESS =     0.0
 Etot   =    -95594.9094  EKtot   =     15996.4404  EPtot      =   -111591.3499
 BOND   =       242.8288  ANGLE   =       469.7059  DIHED      =      1010.6668
 1-4 NB =       286.3780  1-4 EEL =     -3933.1871  VDWAALS    =     15506.3101
 EELEC  =   -125174.0526  EHBOND  =         0.0000  RESTRAINT  =         0.0000
 ------------------------------------------------------------------------------


 NSTEP =      450   TIME(PS) =      28.900  TEMP(K) =   255.83  PRESS =     0.0
 Etot   =    -95361.5707  EKtot   =     16166.6299  EPtot      =   -111528.2005
 BOND   =       216.4975  ANGLE   =       533.2655  DIHED      =       997.0610
 1-4 NB =       282.2818  1-4 EEL =     -3919.5404  VDWAALS    =     15445.2325
 EELEC  =   -125082.9985  EHBOND  =         0.0000  RESTRAINT  =         0.0000
 ------------------------------------------------------------------------------


 NSTEP =      500   TIME(PS) =      29.000  TEMP(K) =   256.01  PRESS =     0.0
 Etot   =    -95130.3423  EKtot   =     16177.6777  EPtot      =   -111308.0200
 BOND   =       247.2762  ANGLE   =       499.6129  DIHED      =      1001.6190
 1-4 NB =       287.0846  1-4 EEL =     -3921.3690  VDWAALS    =     15561.7074
 EELEC  =   -124983.9513  EHBOND  =         0.0000  RESTRAINT  =         0.0000
 ------------------------------------------------------------------------------


 NSTEP =      550   TIME(PS) =      29.100  TEMP(K) =   258.38  PRESS =     0.0
 Etot   =    -94910.1430  EKtot   =     16327.9727  EPtot      =   -111238.1156
 BOND   =       231.5059  ANGLE   =       482.2126  DIHED      =       994.0293
 1-4 NB =       288.7140  1-4 EEL =     -3914.1973  VDWAALS    =     15464.2441
 EELEC  =   -124784.6242  EHBOND  =         0.0000  RESTRAINT  =         0.0000
 ------------------------------------------------------------------------------


 NSTEP =      600   TIME(PS) =      29.200  TEMP(K) =   258.13  PRESS =     0.0
 Etot   =    -94692.0833  EKtot   =     16311.9736  EPtot      =   -111004.0569
 BOND   =       219.2108  ANGLE   =       484.1311  DIHED      =      1018.1220
 1-4 NB =       288.6172  1-4 EEL =     -3898.2397  VDWAALS    =     15573.0924
 EELEC  =   -124688.9906  EHBOND  =         0.0000  RESTRAINT  =         0.0000
 ------------------------------------------------------------------------------


 NSTEP =      650   TIME(PS) =      29.300  TEMP(K) =   258.95  PRESS =     0.0
 Etot   =    -94476.9929  EKtot   =     16363.6416  EPtot      =   -110840.6345
 BOND   =       238.9818  ANGLE   =       505.4426  DIHED      =      1020.8729
 1-4 NB =       288.7055  1-4 EEL =     -3911.3883  VDWAALS    =     15523.0569
 EELEC  =   -124506.3059  EHBOND  =         0.0000  RESTRAINT  =         0.0000
 ------------------------------------------------------------------------------


 NSTEP =      700   TIME(PS) =      29.400  TEMP(K) =   259.81  PRESS =     0.0
 Etot   =    -94265.1903  EKtot   =     16418.1836  EPtot      =   -110683.3739
 BOND   =       221.8649  ANGLE   =       508.9262  DIHED      =      1015.2723
 1-4 NB =       286.6709  1-4 EEL =     -3917.0385  VDWAALS    =     15277.5212
 EELEC  =   -124076.5908  EHBOND  =         0.0000  RESTRAINT  =         0.0000
 ------------------------------------------------------------------------------


 NSTEP =      750   TIME(PS) =      29.500  TEMP(K) =   258.75  PRESS =     0.0
 Etot   =    -94054.3839  EKtot   =     16351.3145  EPtot      =   -110405.6984
 BOND   =       232.6424  ANGLE   =       499.6941  DIHED      =      1015.0137
 1-4 NB =       287.4801  1-4 EEL =     -3922.8311  VDWAALS    =     15133.4454
 EELEC  =   -123651.1429  EHBOND  =         0.0000  RESTRAINT  =         0.0000
 ------------------------------------------------------------------------------


 NSTEP =      800   TIME(PS) =      29.600  TEMP(K) =   259.52  PRESS =     0.0
 Etot   =    -93844.2868  EKtot   =     16399.4902  EPtot      =   -110243.7770
 BOND   =       234.8727  ANGLE   =       490.9444  DIHED      =      1010.2921
 1-4 NB =       282.4304  1-4 EEL =     -3934.0973  VDWAALS    =     15055.1465
 EELEC  =   -123383.3659  EHBOND  =         0.0000  RESTRAINT  =         0.0000
 ------------------------------------------------------------------------------


 NSTEP =      850   TIME(PS) =      29.700  TEMP(K) =   262.86  PRESS =     0.0
 Etot   =    -93640.8067  EKtot   =     16610.5664  EPtot      =   -110251.3731
 BOND   =       249.1881  ANGLE   =       493.5832  DIHED      =      1014.2410
 1-4 NB =       286.5925  1-4 EEL =     -3922.7586  VDWAALS    =     15097.8281
 EELEC  =   -123470.0475  EHBOND  =         0.0000  RESTRAINT  =         0.0000
 ------------------------------------------------------------------------------


 NSTEP =      900   TIME(PS) =      29.800  TEMP(K) =   265.32  PRESS =     0.0
 Etot   =    -93445.1319  EKtot   =     16766.4883  EPtot      =   -110211.6202
 BOND   =       226.4919  ANGLE   =       492.9741  DIHED      =      1007.0416
 1-4 NB =       289.7203  1-4 EEL =     -3926.2860  VDWAALS    =     15252.9573
 EELEC  =   -123554.5194  EHBOND  =         0.0000  RESTRAINT  =         0.0000
 ------------------------------------------------------------------------------


 NSTEP =      950   TIME(PS) =      29.900  TEMP(K) =   265.45  PRESS =     0.0
 Etot   =    -93255.5347  EKtot   =     16774.8086  EPtot      =   -110030.3433
 BOND   =       220.1400  ANGLE   =       516.9809  DIHED      =      1007.0623
 1-4 NB =       284.2602  1-4 EEL =     -3909.5794  VDWAALS    =     15002.2090
 EELEC  =   -123151.4163  EHBOND  =         0.0000  RESTRAINT  =         0.0000
 ------------------------------------------------------------------------------

check COM velocity, temp:        0.000004     0.00(Removed)

 NSTEP =     1000   TIME(PS) =      30.000  TEMP(K) =   266.18  PRESS =     0.0
 Etot   =    -93067.3019  EKtot   =     16820.5605  EPtot      =   -109887.8625
 BOND   =       235.1252  ANGLE   =       511.2694  DIHED      =      1029.8930
 1-4 NB =       283.6315  1-4 EEL =     -3901.9696  VDWAALS    =     14840.2498
 EELEC  =   -122886.0618  EHBOND  =         0.0000  RESTRAINT  =         0.0000
 ------------------------------------------------------------------------------


 NSTEP =     1050   TIME(PS) =      30.100  TEMP(K) =   266.26  PRESS =     0.0
 Etot   =    -92883.7176  EKtot   =     16825.8418  EPtot      =   -109709.5594
 BOND   =       242.1333  ANGLE   =       552.9941  DIHED      =      1013.6040
 1-4 NB =       278.6211  1-4 EEL =     -3892.2746  VDWAALS    =     14849.8118
 EELEC  =   -122754.4491  EHBOND  =         0.0000  RESTRAINT  =         0.0000
 ------------------------------------------------------------------------------


 NSTEP =     1100   TIME(PS) =      30.200  TEMP(K) =   269.58  PRESS =     0.0
 Etot   =    -92707.7587  EKtot   =     17035.5801  EPtot      =   -109743.3387
 BOND   =       243.3149  ANGLE   =       490.3762  DIHED      =      1012.9492
 1-4 NB =       287.7837  1-4 EEL =     -3917.1771  VDWAALS    =     14889.8743
 EELEC  =   -122750.4600  EHBOND  =         0.0000  RESTRAINT  =         0.0000
 ------------------------------------------------------------------------------


 NSTEP =     1150   TIME(PS) =      30.300  TEMP(K) =   269.89  PRESS =     0.0
 Etot   =    -92536.4641  EKtot   =     17055.3242  EPtot      =   -109591.7883
 BOND   =       249.4442  ANGLE   =       502.3589  DIHED      =      1003.0276
 1-4 NB =       278.8735  1-4 EEL =     -3925.2730  VDWAALS    =     14887.1070
 EELEC  =   -122587.3264  EHBOND  =         0.0000  RESTRAINT  =         0.0000
 ------------------------------------------------------------------------------


 NSTEP =     1200   TIME(PS) =      30.400  TEMP(K) =   268.39  PRESS =     0.0
 Etot   =    -92365.0616  EKtot   =     16960.0918  EPtot      =   -109325.1534
 BOND   =       250.3266  ANGLE   =       522.7515  DIHED      =      1009.4906
 1-4 NB =       291.9512  1-4 EEL =     -3921.9780  VDWAALS    =     14949.0600
 EELEC  =   -122426.7552  EHBOND  =         0.0000  RESTRAINT  =         0.0000
 ------------------------------------------------------------------------------


 NSTEP =     1250   TIME(PS) =      30.500  TEMP(K) =   269.49  PRESS =     0.0
 Etot   =    -92200.8108  EKtot   =     17029.8730  EPtot      =   -109230.6838
 BOND   =       254.2919  ANGLE   =       510.0905  DIHED      =      1005.3944
 1-4 NB =       278.1160  1-4 EEL =     -3905.9422  VDWAALS    =     14865.8531
 EELEC  =   -122238.4876  EHBOND  =         0.0000  RESTRAINT  =         0.0000
 ------------------------------------------------------------------------------


 NSTEP =     1300   TIME(PS) =      30.600  TEMP(K) =   271.36  PRESS =     0.0
 Etot   =    -92032.1343  EKtot   =     17147.8926  EPtot      =   -109180.0269
 BOND   =       230.8772  ANGLE   =       512.6005  DIHED      =      1016.0961
 1-4 NB =       287.6036  1-4 EEL =     -3894.5936  VDWAALS    =     14734.8096
 EELEC  =   -122067.4203  EHBOND  =         0.0000  RESTRAINT  =         0.0000
 ------------------------------------------------------------------------------


 NSTEP =     1350   TIME(PS) =      30.700  TEMP(K) =   272.21  PRESS =     0.0
 Etot   =    -91873.3663  EKtot   =     17201.5312  EPtot      =   -109074.8975
 BOND   =       267.1244  ANGLE   =       496.2086  DIHED      =       990.6308
 1-4 NB =       282.3127  1-4 EEL =     -3923.4305  VDWAALS    =     14478.6967
 EELEC  =   -121666.4402  EHBOND  =         0.0000  RESTRAINT  =         0.0000
 ------------------------------------------------------------------------------


 NSTEP =     1400   TIME(PS) =      30.800  TEMP(K) =   271.46  PRESS =     0.0
 Etot   =    -91714.2019  EKtot   =     17154.2129  EPtot      =   -108868.4148
 BOND   =       257.8120  ANGLE   =       518.3424  DIHED      =      1001.6006
 1-4 NB =       291.4984  1-4 EEL =     -3952.1961  VDWAALS    =     14657.8669
 EELEC  =   -121643.3391  EHBOND  =         0.0000  RESTRAINT  =         0.0000
 ------------------------------------------------------------------------------


 NSTEP =     1450   TIME(PS) =      30.900  TEMP(K) =   274.86  PRESS =     0.0
 Etot   =    -91560.3543  EKtot   =     17369.0156  EPtot      =   -108929.3699
 BOND   =       235.8509  ANGLE   =       506.5520  DIHED      =      1019.1262
 1-4 NB =       292.2142  1-4 EEL =     -3921.2727  VDWAALS    =     14596.7448
 EELEC  =   -121658.5853  EHBOND  =         0.0000  RESTRAINT  =         0.0000
 ------------------------------------------------------------------------------


 NSTEP =     1500   TIME(PS) =      31.000  TEMP(K) =   274.30  PRESS =     0.0
 Etot   =    -91411.6863  EKtot   =     17333.7441  EPtot      =   -108745.4304
 BOND   =       259.7400  ANGLE   =       529.3280  DIHED      =      1014.9064
 1-4 NB =       290.0631  1-4 EEL =     -3897.3923  VDWAALS    =     14705.8838
 EELEC  =   -121647.9594  EHBOND  =         0.0000  RESTRAINT  =         0.0000
 ------------------------------------------------------------------------------


 NSTEP =     1550   TIME(PS) =      31.100  TEMP(K) =   273.72  PRESS =     0.0
 Etot   =    -91258.8756  EKtot   =     17297.0918  EPtot      =   -108555.9674
 BOND   =       239.4903  ANGLE   =       523.5502  DIHED      =      1001.1759
 1-4 NB =       288.8203  1-4 EEL =     -3928.9811  VDWAALS    =     14353.1042
 EELEC  =   -121033.1271  EHBOND  =         0.0000  RESTRAINT  =         0.0000
 ------------------------------------------------------------------------------


 NSTEP =     1600   TIME(PS) =      31.200  TEMP(K) =   274.55  PRESS =     0.0
 Etot   =    -91107.2910  EKtot   =     17349.8438  EPtot      =   -108457.1347
 BOND   =       244.7552  ANGLE   =       568.2170  DIHED      =      1032.2206
 1-4 NB =       293.8007  1-4 EEL =     -3921.1633  VDWAALS    =     14410.2294
 EELEC  =   -121085.1943  EHBOND  =         0.0000  RESTRAINT  =         0.0000
 ------------------------------------------------------------------------------


 NSTEP =     1650   TIME(PS) =      31.300  TEMP(K) =   275.54  PRESS =     0.0
 Etot   =    -90962.5404  EKtot   =     17411.9922  EPtot      =   -108374.5326
 BOND   =       255.4477  ANGLE   =       521.4845  DIHED      =       991.7299
 1-4 NB =       296.9384  1-4 EEL =     -3894.6776  VDWAALS    =     14509.0317
 EELEC  =   -121054.4873  EHBOND  =         0.0000  RESTRAINT  =         0.0000
 ------------------------------------------------------------------------------


 NSTEP =     1700   TIME(PS) =      31.400  TEMP(K) =   278.71  PRESS =     0.0
 Etot   =    -90822.3376  EKtot   =     17612.4746  EPtot      =   -108434.8122
 BOND   =       233.2165  ANGLE   =       551.3112  DIHED      =       995.9558
 1-4 NB =       290.0085  1-4 EEL =     -3915.8453  VDWAALS    =     14195.7514
 EELEC  =   -120785.2102  EHBOND  =         0.0000  RESTRAINT  =         0.0000
 ------------------------------------------------------------------------------


 NSTEP =     1750   TIME(PS) =      31.500  TEMP(K) =   275.48  PRESS =     0.0
 Etot   =    -90684.5892  EKtot   =     17408.5762  EPtot      =   -108093.1654
 BOND   =       239.1900  ANGLE   =       556.6331  DIHED      =      1028.2786
 1-4 NB =       290.1605  1-4 EEL =     -3888.0273  VDWAALS    =     14511.6131
 EELEC  =   -120831.0134  EHBOND  =         0.0000  RESTRAINT  =         0.0000
 ------------------------------------------------------------------------------


 NSTEP =     1800   TIME(PS) =      31.600  TEMP(K) =   276.10  PRESS =     0.0
 Etot   =    -90548.5122  EKtot   =     17447.7598  EPtot      =   -107996.2720
 BOND   =       244.2594  ANGLE   =       580.4574  DIHED      =      1006.6298
 1-4 NB =       286.1934  1-4 EEL =     -3942.7200  VDWAALS    =     14148.6484
 EELEC  =   -120319.7404  EHBOND  =         0.0000  RESTRAINT  =         0.0000
 ------------------------------------------------------------------------------


 NSTEP =     1850   TIME(PS) =      31.700  TEMP(K) =   279.53  PRESS =     0.0
 Etot   =    -90417.8688  EKtot   =     17664.1836  EPtot      =   -108082.0524
 BOND   =       256.6133  ANGLE   =       550.3270  DIHED      =       991.2495
 1-4 NB =       296.9033  1-4 EEL =     -3920.6496  VDWAALS    =     14213.0829
 EELEC  =   -120469.5788  EHBOND  =         0.0000  RESTRAINT  =         0.0000
 ------------------------------------------------------------------------------


 NSTEP =     1900   TIME(PS) =      31.800  TEMP(K) =   279.22  PRESS =     0.0
 Etot   =    -90287.3546  EKtot   =     17644.7285  EPtot      =   -107932.0831
 BOND   =       249.6560  ANGLE   =       566.7336  DIHED      =      1021.2896
 1-4 NB =       298.0578  1-4 EEL =     -3938.2062  VDWAALS    =     14324.9608
 EELEC  =   -120454.5747  EHBOND  =         0.0000  RESTRAINT  =         0.0000
 ------------------------------------------------------------------------------


 NSTEP =     1950   TIME(PS) =      31.900  TEMP(K) =   280.21  PRESS =     0.0
 Etot   =    -90162.6482  EKtot   =     17707.1777  EPtot      =   -107869.8259
 BOND   =       267.4655  ANGLE   =       551.7379  DIHED      =      1011.2305
 1-4 NB =       292.7309  1-4 EEL =     -3931.2321  VDWAALS    =     14218.5469
 EELEC  =   -120280.3056  EHBOND  =         0.0000  RESTRAINT  =         0.0000
 ------------------------------------------------------------------------------

check COM velocity, temp:        0.000009     0.00(Removed)

 NSTEP =     2000   TIME(PS) =      32.000  TEMP(K) =   278.78  PRESS =     0.0
 Etot   =    -90035.9966  EKtot   =     17617.0605  EPtot      =   -107653.0571
 BOND   =       267.5976  ANGLE   =       545.2383  DIHED      =      1022.2040
 1-4 NB =       282.8113  1-4 EEL =     -3904.8499  VDWAALS    =     14078.9388
 EELEC  =   -119944.9973  EHBOND  =         0.0000  RESTRAINT  =         0.0000
 ------------------------------------------------------------------------------


 NSTEP =     2050   TIME(PS) =      32.100  TEMP(K) =   278.66  PRESS =     0.0
 Etot   =    -89914.2978  EKtot   =     17609.0957  EPtot      =   -107523.3935
 BOND   =       247.5379  ANGLE   =       538.5664  DIHED      =      1012.9517
 1-4 NB =       290.7583  1-4 EEL =     -3934.3035  VDWAALS    =     14002.2931
 EELEC  =   -119681.1974  EHBOND  =         0.0000  RESTRAINT  =         0.0000
 ------------------------------------------------------------------------------


 NSTEP =     2100   TIME(PS) =      32.200  TEMP(K) =   281.86  PRESS =     0.0
 Etot   =    -89792.4062  EKtot   =     17811.7344  EPtot      =   -107604.1406
 BOND   =       262.9812  ANGLE   =       537.5734  DIHED      =      1008.8408
 1-4 NB =       301.3633  1-4 EEL =     -3907.4857  VDWAALS    =     14067.9785
 EELEC  =   -119875.3921  EHBOND  =         0.0000  RESTRAINT  =         0.0000
 ------------------------------------------------------------------------------


 NSTEP =     2150   TIME(PS) =      32.300  TEMP(K) =   281.04  PRESS =     0.0
 Etot   =    -89673.8865  EKtot   =     17759.5137  EPtot      =   -107433.4001
 BOND   =       277.4798  ANGLE   =       557.6832  DIHED      =      1016.4387
 1-4 NB =       290.7023  1-4 EEL =     -3905.3178  VDWAALS    =     14091.4778
 EELEC  =   -119761.8642  EHBOND  =         0.0000  RESTRAINT  =         0.0000
 ------------------------------------------------------------------------------


 NSTEP =     2200   TIME(PS) =      32.400  TEMP(K) =   282.52  PRESS =     0.0
 Etot   =    -89561.6577  EKtot   =     17853.5059  EPtot      =   -107415.1636
 BOND   =       266.4227  ANGLE   =       547.2721  DIHED      =      1006.7765
 1-4 NB =       281.3772  1-4 EEL =     -3880.8059  VDWAALS    =     14224.5963
 EELEC  =   -119860.8024  EHBOND  =         0.0000  RESTRAINT  =         0.0000
 ------------------------------------------------------------------------------


 NSTEP =     2250   TIME(PS) =      32.500  TEMP(K) =   282.36  PRESS =     0.0
 Etot   =    -89447.4965  EKtot   =     17843.1523  EPtot      =   -107290.6488
 BOND   =       247.7191  ANGLE   =       530.0081  DIHED      =      1007.7996
 1-4 NB =       291.0074  1-4 EEL =     -3882.9963  VDWAALS    =     14098.5138
 EELEC  =   -119582.7005  EHBOND  =         0.0000  RESTRAINT  =         0.0000
 ------------------------------------------------------------------------------


 NSTEP =     2300   TIME(PS) =      32.600  TEMP(K) =   284.45  PRESS =     0.0
 Etot   =    -89343.1078  EKtot   =     17974.9062  EPtot      =   -107318.0140
 BOND   =       261.3092  ANGLE   =       541.4686  DIHED      =      1016.6243
 1-4 NB =       293.3269  1-4 EEL =     -3908.5124  VDWAALS    =     14396.2985
 EELEC  =   -119918.5292  EHBOND  =         0.0000  RESTRAINT  =         0.0000
 ------------------------------------------------------------------------------


 NSTEP =     2350   TIME(PS) =      32.700  TEMP(K) =   284.82  PRESS =     0.0
 Etot   =    -89238.9920  EKtot   =     17998.4238  EPtot      =   -107237.4159
 BOND   =       252.3330  ANGLE   =       559.3919  DIHED      =      1035.1017
 1-4 NB =       284.5938  1-4 EEL =     -3912.6029  VDWAALS    =     14294.0741
 EELEC  =   -119750.3077  EHBOND  =         0.0000  RESTRAINT  =         0.0000
 ------------------------------------------------------------------------------


 NSTEP =     2400   TIME(PS) =      32.800  TEMP(K) =   285.13  PRESS =     0.0
 Etot   =    -89135.0012  EKtot   =     18018.4453  EPtot      =   -107153.4465
 BOND   =       246.7446  ANGLE   =       536.3343  DIHED      =      1023.2514
 1-4 NB =       296.1004  1-4 EEL =     -3893.6649  VDWAALS    =     14004.0056
 EELEC  =   -119366.2180  EHBOND  =         0.0000  RESTRAINT  =         0.0000
 ------------------------------------------------------------------------------


 NSTEP =     2450   TIME(PS) =      32.900  TEMP(K) =   286.77  PRESS =     0.0
 Etot   =    -89033.3814  EKtot   =     18121.4727  EPtot      =   -107154.8541
 BOND   =       263.1949  ANGLE   =       539.4134  DIHED      =      1027.9473
 1-4 NB =       284.6349  1-4 EEL =     -3897.7543  VDWAALS    =     13752.0948
 EELEC  =   -119124.3852  EHBOND  =         0.0000  RESTRAINT  =         0.0000
 ------------------------------------------------------------------------------


 NSTEP =     2500   TIME(PS) =      33.000  TEMP(K) =   287.63  PRESS =     0.0
 Etot   =    -88932.1419  EKtot   =     18175.8867  EPtot      =   -107108.0286
 BOND   =       240.3765  ANGLE   =       557.9422  DIHED      =      1004.8983
 1-4 NB =       302.6678  1-4 EEL =     -3928.0236  VDWAALS    =     13776.3199
 EELEC  =   -119062.2098  EHBOND  =         0.0000  RESTRAINT  =         0.0000
 ------------------------------------------------------------------------------


 NSTEP =     2550   TIME(PS) =      33.100  TEMP(K) =   287.67  PRESS =     0.0
 Etot   =    -88832.4021  EKtot   =     18178.9492  EPtot      =   -107011.3513
 BOND   =       260.3443  ANGLE   =       546.4865  DIHED      =      1022.9780
 1-4 NB =       301.3822  1-4 EEL =     -3937.5251  VDWAALS    =     13910.1956
 EELEC  =   -119115.2128  EHBOND  =         0.0000  RESTRAINT  =         0.0000
 ------------------------------------------------------------------------------


 NSTEP =     2600   TIME(PS) =      33.200  TEMP(K) =   285.77  PRESS =     0.0
 Etot   =    -88730.4579  EKtot   =     18058.4473  EPtot      =   -106788.9052
 BOND   =       249.9335  ANGLE   =       557.6641  DIHED      =      1021.5133
 1-4 NB =       286.6531  1-4 EEL =     -3868.2855  VDWAALS    =     14079.2419
 EELEC  =   -119115.6257  EHBOND  =         0.0000  RESTRAINT  =         0.0000
 ------------------------------------------------------------------------------


 NSTEP =     2650   TIME(PS) =      33.300  TEMP(K) =   285.72  PRESS =     0.0
 Etot   =    -88634.8347  EKtot   =     18055.5195  EPtot      =   -106690.3542
 BOND   =       267.2748  ANGLE   =       566.2684  DIHED      =      1022.0444
 1-4 NB =       287.1212  1-4 EEL =     -3910.7275  VDWAALS    =     13911.9471
 EELEC  =   -118834.2827  EHBOND  =         0.0000  RESTRAINT  =         0.0000
 ------------------------------------------------------------------------------


 NSTEP =     2700   TIME(PS) =      33.400  TEMP(K) =   289.24  PRESS =     0.0
 Etot   =    -88540.4083  EKtot   =     18277.6504  EPtot      =   -106818.0587
 BOND   =       261.0979  ANGLE   =       563.1834  DIHED      =      1036.5654
 1-4 NB =       289.1439  1-4 EEL =     -3890.3653  VDWAALS    =     13799.0678
 EELEC  =   -118876.7519  EHBOND  =         0.0000  RESTRAINT  =         0.0000
 ------------------------------------------------------------------------------


 NSTEP =     2750   TIME(PS) =      33.500  TEMP(K) =   290.34  PRESS =     0.0
 Etot   =    -88449.2535  EKtot   =     18347.5586  EPtot      =   -106796.8121
 BOND   =       261.2209  ANGLE   =       540.2348  DIHED      =      1025.6894
 1-4 NB =       297.7141  1-4 EEL =     -3907.7702  VDWAALS    =     13855.7272
 EELEC  =   -118869.6283  EHBOND  =         0.0000  RESTRAINT  =         0.0000
 ------------------------------------------------------------------------------


 NSTEP =     2800   TIME(PS) =      33.600  TEMP(K) =   288.15  PRESS =     0.0
 Etot   =    -88358.1708  EKtot   =     18208.9883  EPtot      =   -106567.1591
 BOND   =       279.4559  ANGLE   =       542.3229  DIHED      =      1018.4187
 1-4 NB =       299.8673  1-4 EEL =     -3945.0948  VDWAALS    =     13659.7819
 EELEC  =   -118421.9109  EHBOND  =         0.0000  RESTRAINT  =         0.0000
 ------------------------------------------------------------------------------


 NSTEP =     2850   TIME(PS) =      33.700  TEMP(K) =   289.53  PRESS =     0.0
 Etot   =    -88269.2946  EKtot   =     18296.0605  EPtot      =   -106565.3552
 BOND   =       269.4132  ANGLE   =       556.8353  DIHED      =      1002.1977
 1-4 NB =       287.9794  1-4 EEL =     -3897.6809  VDWAALS    =     13832.9206
 EELEC  =   -118617.0204  EHBOND  =         0.0000  RESTRAINT  =         0.0000
 ------------------------------------------------------------------------------


 NSTEP =     2900   TIME(PS) =      33.800  TEMP(K) =   287.97  PRESS =     0.0
 Etot   =    -88182.1429  EKtot   =     18197.7383  EPtot      =   -106379.8812
 BOND   =       259.0177  ANGLE   =       558.6198  DIHED      =      1021.3439
 1-4 NB =       295.9921  1-4 EEL =     -3912.1155  VDWAALS    =     13558.8147
 EELEC  =   -118161.5539  EHBOND  =         0.0000  RESTRAINT  =         0.0000
 ------------------------------------------------------------------------------


 NSTEP =     2950   TIME(PS) =      33.900  TEMP(K) =   288.01  PRESS =     0.0
 Etot   =    -88093.6815  EKtot   =     18199.9688  EPtot      =   -106293.6502
 BOND   =       291.4514  ANGLE   =       545.2635  DIHED      =      1034.5301
 1-4 NB =       285.7848  1-4 EEL =     -3891.1178  VDWAALS    =     13686.6893
 EELEC  =   -118246.2515  EHBOND  =         0.0000  RESTRAINT  =         0.0000
 ------------------------------------------------------------------------------

check COM velocity, temp:        0.000003     0.00(Removed)

 NSTEP =     3000   TIME(PS) =      34.000  TEMP(K) =   289.42  PRESS =     0.0
 Etot   =    -88005.6692  EKtot   =     18289.3887  EPtot      =   -106295.0579
 BOND   =       286.3605  ANGLE   =       571.7296  DIHED      =      1026.5701
 1-4 NB =       288.6005  1-4 EEL =     -3921.9659  VDWAALS    =     13754.5141
 EELEC  =   -118300.8667  EHBOND  =         0.0000  RESTRAINT  =         0.0000
 ------------------------------------------------------------------------------


 NSTEP =     3050   TIME(PS) =      34.100  TEMP(K) =   290.00  PRESS =     0.0
 Etot   =    -87922.7151  EKtot   =     18325.7773  EPtot      =   -106248.4924
 BOND   =       257.6611  ANGLE   =       578.2345  DIHED      =      1013.7241
 1-4 NB =       281.8569  1-4 EEL =     -3916.0687  VDWAALS    =     13957.8261
 EELEC  =   -118421.7263  EHBOND  =         0.0000  RESTRAINT  =         0.0000
 ------------------------------------------------------------------------------


 NSTEP =     3100   TIME(PS) =      34.200  TEMP(K) =   290.89  PRESS =     0.0
 Etot   =    -87843.6492  EKtot   =     18382.2422  EPtot      =   -106225.8914
 BOND   =       257.8663  ANGLE   =       530.1675  DIHED      =      1027.7310
 1-4 NB =       285.8000  1-4 EEL =     -3869.1685  VDWAALS    =     13567.4088
 EELEC  =   -118025.6966  EHBOND  =         0.0000  RESTRAINT  =         0.0000
 ------------------------------------------------------------------------------


 NSTEP =     3150   TIME(PS) =      34.300  TEMP(K) =   290.42  PRESS =     0.0
 Etot   =    -87763.4078  EKtot   =     18352.1367  EPtot      =   -106115.5445
 BOND   =       275.6594  ANGLE   =       558.5237  DIHED      =      1019.8960
 1-4 NB =       297.9305  1-4 EEL =     -3927.4190  VDWAALS    =     13881.5519
 EELEC  =   -118221.6870  EHBOND  =         0.0000  RESTRAINT  =         0.0000
 ------------------------------------------------------------------------------


 NSTEP =     3200   TIME(PS) =      34.400  TEMP(K) =   292.55  PRESS =     0.0
 Etot   =    -87688.0321  EKtot   =     18487.3047  EPtot      =   -106175.3368
 BOND   =       271.5811  ANGLE   =       568.2157  DIHED      =      1012.9695
 1-4 NB =       284.3232  1-4 EEL =     -3899.3688  VDWAALS    =     13644.2461
 EELEC  =   -118057.3035  EHBOND  =         0.0000  RESTRAINT  =         0.0000
 ------------------------------------------------------------------------------


 NSTEP =     3250   TIME(PS) =      34.500  TEMP(K) =   293.45  PRESS =     0.0
 Etot   =    -87615.1135  EKtot   =     18544.1660  EPtot      =   -106159.2795
 BOND   =       250.6076  ANGLE   =       547.6639  DIHED      =      1000.4677
 1-4 NB =       288.2993  1-4 EEL =     -3884.3046  VDWAALS    =     13769.3285
 EELEC  =   -118131.3419  EHBOND  =         0.0000  RESTRAINT  =         0.0000
 ------------------------------------------------------------------------------


 NSTEP =     3300   TIME(PS) =      34.600  TEMP(K) =   292.53  PRESS =     0.0
 Etot   =    -87543.9296  EKtot   =     18485.7832  EPtot      =   -106029.7128
 BOND   =       277.6357  ANGLE   =       536.4704  DIHED      =      1021.3513
 1-4 NB =       288.8201  1-4 EEL =     -3894.8793  VDWAALS    =     13792.7307
 EELEC  =   -118051.8417  EHBOND  =         0.0000  RESTRAINT  =         0.0000
 ------------------------------------------------------------------------------


 NSTEP =     3350   TIME(PS) =      34.700  TEMP(K) =   292.32  PRESS =     0.0
 Etot   =    -87472.6462  EKtot   =     18472.7246  EPtot      =   -105945.3708
 BOND   =       240.9651  ANGLE   =       557.9114  DIHED      =       993.9514
 1-4 NB =       279.7457  1-4 EEL =     -3902.9807  VDWAALS    =     13649.2858
 EELEC  =   -117764.2494  EHBOND  =         0.0000  RESTRAINT  =         0.0000
 ------------------------------------------------------------------------------


 NSTEP =     3400   TIME(PS) =      34.800  TEMP(K) =   291.11  PRESS =     0.0
 Etot   =    -87400.5788  EKtot   =     18396.2207  EPtot      =   -105796.7995
 BOND   =       260.3654  ANGLE   =       545.3302  DIHED      =       984.8681
 1-4 NB =       298.5207  1-4 EEL =     -3885.2713  VDWAALS    =     13705.3223
 EELEC  =   -117705.9349  EHBOND  =         0.0000  RESTRAINT  =         0.0000
 ------------------------------------------------------------------------------


 NSTEP =     3450   TIME(PS) =      34.900  TEMP(K) =   292.91  PRESS =     0.0
 Etot   =    -87334.2180  EKtot   =     18509.5156  EPtot      =   -105843.7336
 BOND   =       264.1235  ANGLE   =       535.1711  DIHED      =      1010.8538
 1-4 NB =       281.7171  1-4 EEL =     -3877.6861  VDWAALS    =     13654.6153
 EELEC  =   -117712.5284  EHBOND  =         0.0000  RESTRAINT  =         0.0000
 ------------------------------------------------------------------------------


 NSTEP =     3500   TIME(PS) =      35.000  TEMP(K) =   295.49  PRESS =     0.0
 Etot   =    -87269.0043  EKtot   =     18672.7520  EPtot      =   -105941.7563
 BOND   =       263.6585  ANGLE   =       548.0945  DIHED      =      1002.5095
 1-4 NB =       310.0829  1-4 EEL =     -3896.2447  VDWAALS    =     13641.1121
 EELEC  =   -117810.9692  EHBOND  =         0.0000  RESTRAINT  =         0.0000
 ------------------------------------------------------------------------------


 NSTEP =     3550   TIME(PS) =      35.100  TEMP(K) =   297.27  PRESS =     0.0
 Etot   =    -87207.4133  EKtot   =     18785.0547  EPtot      =   -105992.4680
 BOND   =       271.6374  ANGLE   =       555.4182  DIHED      =       996.8881
 1-4 NB =       294.8844  1-4 EEL =     -3899.4639  VDWAALS    =     13569.7971
 EELEC  =   -117781.6292  EHBOND  =         0.0000  RESTRAINT  =         0.0000
 ------------------------------------------------------------------------------


 NSTEP =     3600   TIME(PS) =      35.200  TEMP(K) =   294.18  PRESS =     0.0
 Etot   =    -87145.0319  EKtot   =     18590.1289  EPtot      =   -105735.1608
 BOND   =       266.9720  ANGLE   =       593.6473  DIHED      =      1013.1264
 1-4 NB =       288.3725  1-4 EEL =     -3941.6203  VDWAALS    =     13547.7503
 EELEC  =   -117503.4089  EHBOND  =         0.0000  RESTRAINT  =         0.0000
 ------------------------------------------------------------------------------


 NSTEP =     3650   TIME(PS) =      35.300  TEMP(K) =   295.50  PRESS =     0.0
 Etot   =    -87079.3110  EKtot   =     18673.4238  EPtot      =   -105752.7349
 BOND   =       294.2244  ANGLE   =       565.5617  DIHED      =      1003.6337
 1-4 NB =       298.2796  1-4 EEL =     -3902.2935  VDWAALS    =     13364.4775
 EELEC  =   -117376.6182  EHBOND  =         0.0000  RESTRAINT  =         0.0000
 ------------------------------------------------------------------------------


 NSTEP =     3700   TIME(PS) =      35.400  TEMP(K) =   295.48  PRESS =     0.0
 Etot   =    -87014.3124  EKtot   =     18672.4434  EPtot      =   -105686.7558
 BOND   =       284.7683  ANGLE   =       563.2848  DIHED      =      1008.6900
 1-4 NB =       289.4637  1-4 EEL =     -3901.9957  VDWAALS    =     13543.1461
 EELEC  =   -117474.1130  EHBOND  =         0.0000  RESTRAINT  =         0.0000
 ------------------------------------------------------------------------------


 NSTEP =     3750   TIME(PS) =      35.500  TEMP(K) =   297.53  PRESS =     0.0
 Etot   =    -86954.1529  EKtot   =     18801.7461  EPtot      =   -105755.8989
 BOND   =       268.8231  ANGLE   =       575.9335  DIHED      =      1014.4803
 1-4 NB =       294.1774  1-4 EEL =     -3896.8795  VDWAALS    =     13315.2874
 EELEC  =   -117327.7210  EHBOND  =         0.0000  RESTRAINT  =         0.0000
 ------------------------------------------------------------------------------


 NSTEP =     3800   TIME(PS) =      35.600  TEMP(K) =   296.91  PRESS =     0.0
 Etot   =    -86898.9264  EKtot   =     18762.6367  EPtot      =   -105661.5631
 BOND   =       273.2377  ANGLE   =       596.1136  DIHED      =       986.0857
 1-4 NB =       285.4463  1-4 EEL =     -3913.7718  VDWAALS    =     13539.1381
 EELEC  =   -117427.8127  EHBOND  =         0.0000  RESTRAINT  =         0.0000
 ------------------------------------------------------------------------------


 NSTEP =     3850   TIME(PS) =      35.700  TEMP(K) =   297.17  PRESS =     0.0
 Etot   =    -86845.9009  EKtot   =     18778.9492  EPtot      =   -105624.8502
 BOND   =       287.0429  ANGLE   =       586.6734  DIHED      =      1003.3567
 1-4 NB =       283.3825  1-4 EEL =     -3926.2118  VDWAALS    =     13439.6323
 EELEC  =   -117298.7262  EHBOND  =         0.0000  RESTRAINT  =         0.0000
 ------------------------------------------------------------------------------


 NSTEP =     3900   TIME(PS) =      35.800  TEMP(K) =   295.92  PRESS =     0.0
 Etot   =    -86788.5329  EKtot   =     18700.1309  EPtot      =   -105488.6638
 BOND   =       269.8172  ANGLE   =       565.0422  DIHED      =      1010.2971
 1-4 NB =       311.7998  1-4 EEL =     -3881.5008  VDWAALS    =     13367.1143
 EELEC  =   -117131.2337  EHBOND  =         0.0000  RESTRAINT  =         0.0000
 ------------------------------------------------------------------------------


 NSTEP =     3950   TIME(PS) =      35.900  TEMP(K) =   297.86  PRESS =     0.0
 Etot   =    -86735.9983  EKtot   =     18822.4609  EPtot      =   -105558.4593
 BOND   =       276.9879  ANGLE   =       568.7469  DIHED      =      1004.6377
 1-4 NB =       286.6226  1-4 EEL =     -3861.7319  VDWAALS    =     13266.3116
 EELEC  =   -117100.0341  EHBOND  =         0.0000  RESTRAINT  =         0.0000
 ------------------------------------------------------------------------------

check COM velocity, temp:        0.000006     0.00(Removed)

 NSTEP =     4000   TIME(PS) =      36.000  TEMP(K) =   296.67  PRESS =     0.0
 Etot   =    -86681.7631  EKtot   =     18747.6680  EPtot      =   -105429.4311
 BOND   =       253.6473  ANGLE   =       594.4069  DIHED      =      1007.2066
 1-4 NB =       291.7973  1-4 EEL =     -3873.0524  VDWAALS    =     13209.6035
 EELEC  =   -116913.0404  EHBOND  =         0.0000  RESTRAINT  =         0.0000
 ------------------------------------------------------------------------------


 NSTEP =     4050   TIME(PS) =      36.100  TEMP(K) =   297.41  PRESS =     0.0
 Etot   =    -86629.1617  EKtot   =     18794.3770  EPtot      =   -105423.5387
 BOND   =       268.3298  ANGLE   =       573.7362  DIHED      =      1007.0189
 1-4 NB =       295.5844  1-4 EEL =     -3863.8447  VDWAALS    =     13391.4893
 EELEC  =   -117095.8526  EHBOND  =         0.0000  RESTRAINT  =         0.0000
 ------------------------------------------------------------------------------


 NSTEP =     4100   TIME(PS) =      36.200  TEMP(K) =   297.50  PRESS =     0.0
 Etot   =    -86581.1455  EKtot   =     18800.0684  EPtot      =   -105381.2139
 BOND   =       276.7035  ANGLE   =       548.1685  DIHED      =      1005.3460
 1-4 NB =       285.3505  1-4 EEL =     -3872.4184  VDWAALS    =     13346.6453
 EELEC  =   -116971.0091  EHBOND  =         0.0000  RESTRAINT  =         0.0000
 ------------------------------------------------------------------------------


 NSTEP =     4150   TIME(PS) =      36.300  TEMP(K) =   297.10  PRESS =     0.0
 Etot   =    -86529.4177  EKtot   =     18774.5039  EPtot      =   -105303.9216
 BOND   =       242.5867  ANGLE   =       589.4667  DIHED      =      1015.0092
 1-4 NB =       299.1689  1-4 EEL =     -3882.9085  VDWAALS    =     13338.6232
 EELEC  =   -116905.8677  EHBOND  =         0.0000  RESTRAINT  =         0.0000
 ------------------------------------------------------------------------------


 NSTEP =     4200   TIME(PS) =      36.400  TEMP(K) =   297.22  PRESS =     0.0
 Etot   =    -86477.3999  EKtot   =     18782.2754  EPtot      =   -105259.6752
 BOND   =       260.6023  ANGLE   =       564.8311  DIHED      =      1009.4070
 1-4 NB =       289.5811  1-4 EEL =     -3870.0886  VDWAALS    =     13425.3121
 EELEC  =   -116939.3202  EHBOND  =         0.0000  RESTRAINT  =         0.0000
 ------------------------------------------------------------------------------


 NSTEP =     4250   TIME(PS) =      36.500  TEMP(K) =   299.36  PRESS =     0.0
 Etot   =    -86431.4335  EKtot   =     18917.3672  EPtot      =   -105348.8007
 BOND   =       264.7660  ANGLE   =       583.3076  DIHED      =      1024.9841
 1-4 NB =       284.5678  1-4 EEL =     -3894.3660  VDWAALS    =     13466.7481
 EELEC  =   -117078.8083  EHBOND  =         0.0000  RESTRAINT  =         0.0000
 ------------------------------------------------------------------------------


 NSTEP =     4300   TIME(PS) =      36.600  TEMP(K) =   300.87  PRESS =     0.0
 Etot   =    -86388.0999  EKtot   =     19012.7754  EPtot      =   -105400.8753
 BOND   =       291.2652  ANGLE   =       574.9089  DIHED      =      1012.7658
 1-4 NB =       284.4244  1-4 EEL =     -3903.1863  VDWAALS    =     13372.2516
 EELEC  =   -117033.3050  EHBOND  =         0.0000  RESTRAINT  =         0.0000
 ------------------------------------------------------------------------------


 NSTEP =     4350   TIME(PS) =      36.700  TEMP(K) =   298.20  PRESS =     0.0
 Etot   =    -86345.0113  EKtot   =     18843.9277  EPtot      =   -105188.9391
 BOND   =       282.1366  ANGLE   =       543.8713  DIHED      =      1028.2184
 1-4 NB =       307.5778  1-4 EEL =     -3898.4081  VDWAALS    =     13440.3354
 EELEC  =   -116892.6704  EHBOND  =         0.0000  RESTRAINT  =         0.0000
 ------------------------------------------------------------------------------


 NSTEP =     4400   TIME(PS) =      36.800  TEMP(K) =   298.22  PRESS =     0.0
 Etot   =    -86300.6715  EKtot   =     18845.0898  EPtot      =   -105145.7613
 BOND   =       279.9448  ANGLE   =       626.4267  DIHED      =      1017.8250
 1-4 NB =       290.9129  1-4 EEL =     -3954.2515  VDWAALS    =     13166.7686
 EELEC  =   -116573.3879  EHBOND  =         0.0000  RESTRAINT  =         0.0000
 ------------------------------------------------------------------------------


 NSTEP =     4450   TIME(PS) =      36.900  TEMP(K) =   300.73  PRESS =     0.0
 Etot   =    -86258.2277  EKtot   =     19003.9922  EPtot      =   -105262.2198
 BOND   =       254.4288  ANGLE   =       576.3571  DIHED      =      1018.3597
 1-4 NB =       302.0896  1-4 EEL =     -3875.8077  VDWAALS    =     13189.7911
 EELEC  =   -116727.4384  EHBOND  =         0.0000  RESTRAINT  =         0.0000
 ------------------------------------------------------------------------------


 NSTEP =     4500   TIME(PS) =      37.000  TEMP(K) =   302.49  PRESS =     0.0
 Etot   =    -86220.3012  EKtot   =     19115.2461  EPtot      =   -105335.5473
 BOND   =       263.4947  ANGLE   =       596.5463  DIHED      =      1019.8225
 1-4 NB =       287.5437  1-4 EEL =     -3926.0650  VDWAALS    =     13263.9153
 EELEC  =   -116840.8048  EHBOND  =         0.0000  RESTRAINT  =         0.0000
 ------------------------------------------------------------------------------


 NSTEP =     4550   TIME(PS) =      37.100  TEMP(K) =   299.75  PRESS =     0.0
 Etot   =    -86176.7750  EKtot   =     18942.1973  EPtot      =   -105118.9723
 BOND   =       295.7450  ANGLE   =       560.8090  DIHED      =      1011.1580
 1-4 NB =       284.0862  1-4 EEL =     -3912.5962  VDWAALS    =     12959.2522
 EELEC  =   -116317.4265  EHBOND  =         0.0000  RESTRAINT  =         0.0000
 ------------------------------------------------------------------------------


 NSTEP =     4600   TIME(PS) =      37.200  TEMP(K) =   297.50  PRESS =     0.0
 Etot   =    -86132.0312  EKtot   =     18799.8457  EPtot      =   -104931.8769
 BOND   =       258.9604  ANGLE   =       559.7612  DIHED      =      1004.9363
 1-4 NB =       291.0119  1-4 EEL =     -3925.4732  VDWAALS    =     12957.2166
 EELEC  =   -116078.2901  EHBOND  =         0.0000  RESTRAINT  =         0.0000
 ------------------------------------------------------------------------------


 NSTEP =     4650   TIME(PS) =      37.300  TEMP(K) =   298.78  PRESS =     0.0
 Etot   =    -86087.5710  EKtot   =     18880.4219  EPtot      =   -104967.9929
 BOND   =       277.5301  ANGLE   =       570.2784  DIHED      =      1036.7836
 1-4 NB =       290.2463  1-4 EEL =     -3924.2356  VDWAALS    =     13291.1889
 EELEC  =   -116509.7846  EHBOND  =         0.0000  RESTRAINT  =         0.0000
 ------------------------------------------------------------------------------


 NSTEP =     4700   TIME(PS) =      37.400  TEMP(K) =   300.41  PRESS =     0.0
 Etot   =    -86042.2989  EKtot   =     18983.4219  EPtot      =   -105025.7208
 BOND   =       291.0026  ANGLE   =       576.4166  DIHED      =      1014.1618
 1-4 NB =       282.9977  1-4 EEL =     -3897.1052  VDWAALS    =     13090.6724
 EELEC  =   -116383.8668  EHBOND  =         0.0000  RESTRAINT  =         0.0000
 ------------------------------------------------------------------------------


 NSTEP =     4750   TIME(PS) =      37.500  TEMP(K) =   298.84  PRESS =     0.0
 Etot   =    -86000.7131  EKtot   =     18884.2598  EPtot      =   -104884.9729
 BOND   =       297.7952  ANGLE   =       581.5753  DIHED      =      1028.4324
 1-4 NB =       291.4754  1-4 EEL =     -3927.5972  VDWAALS    =     13068.7280
 EELEC  =   -116225.3820  EHBOND  =         0.0000  RESTRAINT  =         0.0000
 ------------------------------------------------------------------------------


 NSTEP =     4800   TIME(PS) =      37.600  TEMP(K) =   301.25  PRESS =     0.0
 Etot   =    -85962.4505  EKtot   =     19036.5820  EPtot      =   -104999.0325
 BOND   =       271.2201  ANGLE   =       564.7779  DIHED      =      1016.7018
 1-4 NB =       284.9521  1-4 EEL =     -3904.8923  VDWAALS    =     13232.8867
 EELEC  =   -116464.6789  EHBOND  =         0.0000  RESTRAINT  =         0.0000
 ------------------------------------------------------------------------------


 NSTEP =     4850   TIME(PS) =      37.700  TEMP(K) =   300.77  PRESS =     0.0
 Etot   =    -85926.2218  EKtot   =     19006.6191  EPtot      =   -104932.8410
 BOND   =       275.4454  ANGLE   =       567.2053  DIHED      =      1024.2706
 1-4 NB =       295.0232  1-4 EEL =     -3907.8804  VDWAALS    =     13270.2844
 EELEC  =   -116457.1893  EHBOND  =         0.0000  RESTRAINT  =         0.0000
 ------------------------------------------------------------------------------


 NSTEP =     4900   TIME(PS) =      37.800  TEMP(K) =   303.21  PRESS =     0.0
 Etot   =    -85895.2956  EKtot   =     19160.8652  EPtot      =   -105056.1608
 BOND   =       287.3109  ANGLE   =       557.0391  DIHED      =      1019.6338
 1-4 NB =       284.9990  1-4 EEL =     -3914.4897  VDWAALS    =     13308.2354
 EELEC  =   -116598.8893  EHBOND  =         0.0000  RESTRAINT  =         0.0000
 ------------------------------------------------------------------------------


 NSTEP =     4950   TIME(PS) =      37.900  TEMP(K) =   301.63  PRESS =     0.0
 Etot   =    -85863.4950  EKtot   =     19060.5195  EPtot      =   -104924.0145
 BOND   =       294.5203  ANGLE   =       540.6256  DIHED      =      1005.4663
 1-4 NB =       298.5749  1-4 EEL =     -3884.0123  VDWAALS    =     13091.3354
 EELEC  =   -116270.5247  EHBOND  =         0.0000  RESTRAINT  =         0.0000
 ------------------------------------------------------------------------------

check COM velocity, temp:        0.000007     0.00(Removed)

 NSTEP =     5000   TIME(PS) =      38.000  TEMP(K) =   303.12  PRESS =     0.0
 Etot   =    -85834.8593  EKtot   =     19155.2500  EPtot      =   -104990.1093
 BOND   =       279.4630  ANGLE   =       592.6812  DIHED      =      1025.4632
 1-4 NB =       297.1043  1-4 EEL =     -3925.2893  VDWAALS    =     13138.3442
 EELEC  =   -116397.8758  EHBOND  =         0.0000  RESTRAINT  =         0.0000
 ------------------------------------------------------------------------------


 NSTEP =     5050   TIME(PS) =      38.100  TEMP(K) =   302.77  PRESS =     0.0
 Etot   =    -85807.9576  EKtot   =     19132.5566  EPtot      =   -104940.5142
 BOND   =       273.9044  ANGLE   =       589.7534  DIHED      =      1019.6118
 1-4 NB =       282.6614  1-4 EEL =     -3889.5864  VDWAALS    =     13108.9601
 EELEC  =   -116325.8190  EHBOND  =         0.0000  RESTRAINT  =         0.0000
 ------------------------------------------------------------------------------


 NSTEP =     5100   TIME(PS) =      38.200  TEMP(K) =   303.87  PRESS =     0.0
 Etot   =    -85776.1168  EKtot   =     19202.1445  EPtot      =   -104978.2613
 BOND   =       277.4335  ANGLE   =       561.2229  DIHED      =      1020.6512
 1-4 NB =       289.9578  1-4 EEL =     -3871.3484  VDWAALS    =     13104.5430
 EELEC  =   -116360.7214  EHBOND  =         0.0000  RESTRAINT  =         0.0000
 ------------------------------------------------------------------------------


 NSTEP =     5150   TIME(PS) =      38.300  TEMP(K) =   301.66  PRESS =     0.0
 Etot   =    -85744.9100  EKtot   =     19062.5977  EPtot      =   -104807.5076
 BOND   =       298.4960  ANGLE   =       553.3293  DIHED      =      1024.9513
 1-4 NB =       294.8395  1-4 EEL =     -3897.2156  VDWAALS    =     13108.0951
 EELEC  =   -116190.0032  EHBOND  =         0.0000  RESTRAINT  =         0.0000
 ------------------------------------------------------------------------------


 NSTEP =     5200   TIME(PS) =      38.400  TEMP(K) =   304.18  PRESS =     0.0
 Etot   =    -85713.4642  EKtot   =     19221.8926  EPtot      =   -104935.3568
 BOND   =       276.0094  ANGLE   =       584.9678  DIHED      =      1012.2115
 1-4 NB =       285.7322  1-4 EEL =     -3923.8691  VDWAALS    =     12917.1271
 EELEC  =   -116087.5357  EHBOND  =         0.0000  RESTRAINT  =         0.0000
 ------------------------------------------------------------------------------


 NSTEP =     5250   TIME(PS) =      38.500  TEMP(K) =   303.18  PRESS =     0.0
 Etot   =    -85685.8826  EKtot   =     19158.8906  EPtot      =   -104844.7732
 BOND   =       282.9646  ANGLE   =       563.5405  DIHED      =      1013.7757
 1-4 NB =       297.1676  1-4 EEL =     -3912.0581  VDWAALS    =     13249.9588
 EELEC  =   -116340.1224  EHBOND  =         0.0000  RESTRAINT  =         0.0000
 ------------------------------------------------------------------------------


 NSTEP =     5300   TIME(PS) =      38.600  TEMP(K) =   304.07  PRESS =     0.0
 Etot   =    -85658.0963  EKtot   =     19214.8809  EPtot      =   -104872.9772
 BOND   =       295.6452  ANGLE   =       571.6510  DIHED      =      1013.3024
 1-4 NB =       295.5710  1-4 EEL =     -3935.1822  VDWAALS    =     13434.5363
 EELEC  =   -116548.5009  EHBOND  =         0.0000  RESTRAINT  =         0.0000
 ------------------------------------------------------------------------------


 NSTEP =     5350   TIME(PS) =      38.700  TEMP(K) =   305.69  PRESS =     0.0
 Etot   =    -85634.9989  EKtot   =     19317.5820  EPtot      =   -104952.5809
 BOND   =       263.0604  ANGLE   =       594.1639  DIHED      =      1005.6097
 1-4 NB =       295.0794  1-4 EEL =     -3908.6215  VDWAALS    =     13319.1477
 EELEC  =   -116521.0206  EHBOND  =         0.0000  RESTRAINT  =         0.0000
 ------------------------------------------------------------------------------


 NSTEP =     5400   TIME(PS) =      38.800  TEMP(K) =   302.93  PRESS =     0.0
 Etot   =    -85607.1401  EKtot   =     19142.8711  EPtot      =   -104750.0112
 BOND   =       306.9060  ANGLE   =       599.8672  DIHED      =      1007.5661
 1-4 NB =       285.4735  1-4 EEL =     -3919.9381  VDWAALS    =     13098.0645
 EELEC  =   -116127.9505  EHBOND  =         0.0000  RESTRAINT  =         0.0000
 ------------------------------------------------------------------------------


 NSTEP =     5450   TIME(PS) =      38.900  TEMP(K) =   301.15  PRESS =     0.0
 Etot   =    -85582.1006  EKtot   =     19030.7188  EPtot      =   -104612.8194
 BOND   =       293.9300  ANGLE   =       602.5568  DIHED      =      1019.6306
 1-4 NB =       283.5103  1-4 EEL =     -3890.1940  VDWAALS    =     13205.7109
 EELEC  =   -116127.9639  EHBOND  =         0.0000  RESTRAINT  =         0.0000
 ------------------------------------------------------------------------------


 NSTEP =     5500   TIME(PS) =      39.000  TEMP(K) =   300.06  PRESS =     0.0
 Etot   =    -85549.6520  EKtot   =     18961.6309  EPtot      =   -104511.2828
 BOND   =       311.1220  ANGLE   =       557.1679  DIHED      =      1034.7370
 1-4 NB =       293.0800  1-4 EEL =     -3912.0960  VDWAALS    =     13233.4585
 EELEC  =   -116028.7523  EHBOND  =         0.0000  RESTRAINT  =         0.0000
 ------------------------------------------------------------------------------


 NSTEP =     5550   TIME(PS) =      39.100  TEMP(K) =   304.52  PRESS =     0.0
 Etot   =    -85524.3286  EKtot   =     19243.3906  EPtot      =   -104767.7192
 BOND   =       309.2138  ANGLE   =       577.3304  DIHED      =      1026.4588
 1-4 NB =       291.6689  1-4 EEL =     -3908.4312  VDWAALS    =     12978.8037
 EELEC  =   -116042.7636  EHBOND  =         0.0000  RESTRAINT  =         0.0000
 ------------------------------------------------------------------------------


 NSTEP =     5600   TIME(PS) =      39.200  TEMP(K) =   304.09  PRESS =     0.0
 Etot   =    -85499.3524  EKtot   =     19216.1934  EPtot      =   -104715.5458
 BOND   =       283.9539  ANGLE   =       558.1227  DIHED      =      1014.2763
 1-4 NB =       287.0085  1-4 EEL =     -3916.3730  VDWAALS    =     13242.0037
 EELEC  =   -116184.5378  EHBOND  =         0.0000  RESTRAINT  =         0.0000
 ------------------------------------------------------------------------------


 NSTEP =     5650   TIME(PS) =      39.300  TEMP(K) =   303.53  PRESS =     0.0
 Etot   =    -85474.1891  EKtot   =     19181.1406  EPtot      =   -104655.3298
 BOND   =       268.2317  ANGLE   =       567.5192  DIHED      =      1033.0457
 1-4 NB =       293.2623  1-4 EEL =     -3902.3152  VDWAALS    =     13295.8191
 EELEC  =   -116210.8926  EHBOND  =         0.0000  RESTRAINT  =         0.0000
 ------------------------------------------------------------------------------


 NSTEP =     5700   TIME(PS) =      39.400  TEMP(K) =   303.62  PRESS =     0.0
 Etot   =    -85453.6818  EKtot   =     19186.6172  EPtot      =   -104640.2990
 BOND   =       289.8996  ANGLE   =       591.4252  DIHED      =      1025.8778
 1-4 NB =       279.7679  1-4 EEL =     -3894.8611  VDWAALS    =     13024.6532
 EELEC  =   -115957.0615  EHBOND  =         0.0000  RESTRAINT  =         0.0000
 ------------------------------------------------------------------------------


 NSTEP =     5750   TIME(PS) =      39.500  TEMP(K) =   304.91  PRESS =     0.0
 Etot   =    -85427.1449  EKtot   =     19268.0488  EPtot      =   -104695.1937
 BOND   =       303.5378  ANGLE   =       609.7281  DIHED      =      1021.1099
 1-4 NB =       286.5407  1-4 EEL =     -3954.0278  VDWAALS    =     13225.7028
 EELEC  =   -116187.7852  EHBOND  =         0.0000  RESTRAINT  =         0.0000
 ------------------------------------------------------------------------------


 NSTEP =     5800   TIME(PS) =      39.600  TEMP(K) =   305.00  PRESS =     0.0
 Etot   =    -85413.8738  EKtot   =     19273.7402  EPtot      =   -104687.6141
 BOND   =       276.8329  ANGLE   =       586.6105  DIHED      =      1017.5961
 1-4 NB =       291.1328  1-4 EEL =     -3928.4710  VDWAALS    =     13231.4910
 EELEC  =   -116162.8064  EHBOND  =         0.0000  RESTRAINT  =         0.0000
 ------------------------------------------------------------------------------


 NSTEP =     5850   TIME(PS) =      39.700  TEMP(K) =   305.03  PRESS =     0.0
 Etot   =    -85393.5228  EKtot   =     19275.8809  EPtot      =   -104669.4036
 BOND   =       267.9146  ANGLE   =       559.6332  DIHED      =      1033.8466
 1-4 NB =       292.2284  1-4 EEL =     -3887.6231  VDWAALS    =     13112.8622
 EELEC  =   -116048.2655  EHBOND  =         0.0000  RESTRAINT  =         0.0000
 ------------------------------------------------------------------------------


 NSTEP =     5900   TIME(PS) =      39.800  TEMP(K) =   306.26  PRESS =     0.0
 Etot   =    -85376.2370  EKtot   =     19353.4434  EPtot      =   -104729.6804
 BOND   =       291.6584  ANGLE   =       590.3888  DIHED      =      1008.9730
 1-4 NB =       288.2650  1-4 EEL =     -3927.9093  VDWAALS    =     13040.8556
 EELEC  =   -116021.9119  EHBOND  =         0.0000  RESTRAINT  =         0.0000
 ------------------------------------------------------------------------------


 NSTEP =     5950   TIME(PS) =      39.900  TEMP(K) =   305.73  PRESS =     0.0
 Etot   =    -85352.5001  EKtot   =     19319.8945  EPtot      =   -104672.3946
 BOND   =       280.2995  ANGLE   =       573.4270  DIHED      =      1031.5784
 1-4 NB =       301.2043  1-4 EEL =     -3905.0484  VDWAALS    =     13082.9610
 EELEC  =   -116036.8164  EHBOND  =         0.0000  RESTRAINT  =         0.0000
 ------------------------------------------------------------------------------

check COM velocity, temp:        0.000003     0.00(Removed)

 NSTEP =     6000   TIME(PS) =      40.000  TEMP(K) =   307.42  PRESS =     0.0
 Etot   =    -85333.3292  EKtot   =     19426.5195  EPtot      =   -104759.8488
 BOND   =       305.1257  ANGLE   =       555.5707  DIHED      =      1025.7326
 1-4 NB =       289.0225  1-4 EEL =     -3929.3036  VDWAALS    =     13151.0886
 EELEC  =   -116157.0852  EHBOND  =         0.0000  RESTRAINT  =         0.0000
 ------------------------------------------------------------------------------


      A V E R A G E S   O V E R     120 S T E P S


 NSTEP =     6000   TIME(PS) =      40.000  TEMP(K) =   285.68  PRESS =     0.0
 Etot   =    -89065.8069  EKtot   =     18052.7215  EPtot      =   -107118.5284
 BOND   =       262.1575  ANGLE   =       548.6378  DIHED      =      1013.2530
 1-4 NB =       289.6661  1-4 EEL =     -3908.1057  VDWAALS    =     13984.3468
 EELEC  =   -119308.4839  EHBOND  =         0.0000  RESTRAINT  =         0.0000
 ------------------------------------------------------------------------------


      R M S  F L U C T U A T I O N S


 NSTEP =     6000   TIME(PS) =      40.000  TEMP(K) =    16.77  PRESS =     0.0
 Etot   =      3379.1414  EKtot   =      1059.7071  EPtot      =      2324.7230
 BOND   =        22.8096  ANGLE   =        33.4112  DIHED      =        11.9310
 1-4 NB =         6.7138  1-4 EEL =        19.8313  VDWAALS    =       838.4279
 EELEC  =      3098.1555  EHBOND  =         0.0000  RESTRAINT  =         0.0000
 ------------------------------------------------------------------------------

--------------------------------------------------------------------------------
   5.  TIMINGS
--------------------------------------------------------------------------------

|  NonSetup CPU Time in Major Routines:
|
|     Routine           Sec        %
|     ------------------------------
|     Nonbond           7.09   19.81
|     Bond              0.00    0.00
|     Angle             0.00    0.00
|     Dihedral          0.00    0.00
|     Shake             0.04    0.11
|     RunMD            28.64   80.04
|     Other             0.01    0.04
|     ------------------------------
|     Total            35.78

|  PME Nonbond Pairlist CPU Time:
|
|     Routine              Sec        %
|     ---------------------------------
|     Set Up Cit           0.00    0.00
|     Build List           0.00    0.00
|     ---------------------------------
|     Total                0.00    0.00

|  PME Direct Force CPU Time:
|
|     Routine              Sec        %
|     ---------------------------------
|     NonBonded Calc       0.00    0.00
|     Exclude Masked       0.00    0.00
|     Other                0.01    0.03
|     ---------------------------------
|     Total                0.01    0.03

|  PME Reciprocal Force CPU Time:
|
|     Routine              Sec        %
|     ---------------------------------
|     1D bspline           0.00    0.00
|     Grid Charges         0.00    0.00
|     Scalar Sum           0.00    0.00
|     Gradient Sum         0.00    0.00
|     FFT                  0.00    0.00
|     ---------------------------------
|     Total                0.00    0.00

|  Final Performance Info:
|     -----------------------------------------------------
|     Average timings for last    5950 steps:
|     Elapsed(s) =      36.05 Per Step(ms) =       6.06
|         ns/day =      28.52   seconds/ns =    3029.32
|
|     Average timings for all steps:
|     Elapsed(s) =      36.62 Per Step(ms) =       6.10
|         ns/day =      28.31   seconds/ns =    3051.53
|     -----------------------------------------------------

|  Setup CPU time:            1.04 seconds
|  NonSetup CPU time:        35.78 seconds
|  Total CPU time:           36.81 seconds     0.01 hours

|  Setup wall time:           2    seconds
|  NonSetup wall time:       37    seconds
|  Total wall time:          39    seconds     0.01 hours
