
          -------------------------------------------------------
          Amber 16 PMEMD                              2016
          -------------------------------------------------------

| PMEMD implementation of SANDER, Release 16

| Run on 06/04/2024 at 22:39:31

|   Executable path: pmemd.cuda
| Working directory: /home/students/keyq/fuben4/10/10LC
|          Hostname: master

  [-O]verwriting output

File Assignments:
|   MDIN: heat3.in                                                              
|  MDOUT: cmp_heat3.out                                                         
| INPCRD: cmp_heat2.rst                                                         
|   PARM: cmp.prmtop                                                            
| RESTRT: cmp_heat3.rst                                                         
|   REFC: cmp.inpcrd                                                            
|  MDVEL: mdvel                                                                 
|   MDEN: mden                                                                  
|  MDCRD: cmp_heat3.mdcrd                                                       
| MDINFO: mdinfo                                                                
|  MDFRC: mdfrc                                                                 


 Here is the input file:

Stage 2 equilibration 1 0-5ns                                                  
 &cntrl                                                                        
  imin=0, irest=1, ntx=5,                                                      
  nstlim=2500, dt=0.002,                                                       
  ntc=2, ntf=2,                                                                
  ntt=1, tautp=1.5,                                                            
  tempi=100.0, temp0=150.0,                                                    
  ntpr=50, ntwx=50,                                                            
  ntb=1,                                                                       
  cut=10,                                                                      
 /                                                                             


Note: ig = -1. Setting random seed to   657451 based on wallclock time in 
      microseconds.
 
|--------------------- INFORMATION ----------------------
| GPU (CUDA) Version of PMEMD in use: NVIDIA GPU IN USE.
|                    Version 16.0.0
| 
|                      02/25/2016
| 
| Implementation by:
|                    Ross C. Walker     (SDSC)
|                    Scott Le Grand     (nVIDIA)
| 
| Precision model in use:
|      [SPFP] - Single Precision Forces, 64-bit Fixed Point
|               Accumulation. (Default)
| 
|--------------------------------------------------------
 
|----------------- CITATION INFORMATION -----------------
|
|    When publishing work that utilized the CUDA version
|    of AMBER, please cite the following in addition to
|    the regular AMBER citations:
|
|  - Romelia Salomon-Ferrer; Andreas W. Goetz; Duncan
|    Poole; Scott Le Grand; Ross C. Walker "Routine
|    microsecond molecular dynamics simulations with
|    AMBER - Part II: Particle Mesh Ewald", J. Chem.
|    Theory Comput., 2013, 9 (9), pp3878-3888,
|    DOI: 10.1021/ct400314y.
|
|  - Andreas W. Goetz; Mark J. Williamson; Dong Xu;
|    Duncan Poole; Scott Le Grand; Ross C. Walker
|    "Routine microsecond molecular dynamics simulations
|    with AMBER - Part I: Generalized Born", J. Chem.
|    Theory Comput., 2012, 8 (5), pp1542-1555.
|
|  - Scott Le Grand; Andreas W. Goetz; Ross C. Walker
|    "SPFP: Speed without compromise - a mixed precision
|    model for GPU accelerated molecular dynamics
|    simulations.", Comp. Phys. Comm., 2013, 184
|    pp374-380, DOI: 10.1016/j.cpc.2012.09.022
|
|--------------------------------------------------------
 
|------------------- GPU DEVICE INFO --------------------
|
|            CUDA_VISIBLE_DEVICES: 0
|   CUDA Capable Devices Detected:      1
|           CUDA Device ID in use:      0
|                CUDA Device Name: Tesla V100-PCIE-32GB
|     CUDA Device Global Mem Size:  32510 MB
| CUDA Device Num Multiprocessors:     80
|           CUDA Device Core Freq:   1.38 GHz
|
|--------------------------------------------------------
 
 
| Conditional Compilation Defines Used:
| PUBFFT
| BINTRAJ
| CUDA
| EMIL

| Largest sphere to fit in unit cell has radius =    33.360

| New format PARM file being parsed.
| Version =    1.000 Date = 11/01/20 Time = 19:59:24

| Note: 1-4 EEL scale factors are being read from the topology file.

| Note: 1-4 VDW scale factors are being read from the topology file.
| Duplicated    0 dihedrals

| Duplicated    0 dihedrals

--------------------------------------------------------------------------------
   1.  RESOURCE   USE: 
--------------------------------------------------------------------------------

 getting box info from netcdf restart file
 NATOM  =   37272 NTYPES =      18 NBONH =   36549 MBONA  =     774
 NTHETH =     898 MTHETA =    1191 NPHIH =    1825 MPHIA  =    2463
 NHPARM =       0 NPARM  =       0 NNB   =   54218 NRES   =   12122
 NBONA  =     774 NTHETA =    1191 NPHIA =    2463 NUMBND =      61
 NUMANG =     127 NPTRA  =      75 NATYP =      34 NPHB   =       1
 IFBOX  =       2 NMXRS  =      33 IFCAP =       0 NEXTRA =       0
 NCOPY  =       0

| Coordinate Index Table dimensions:    13   13   13
| Direct force subcell size =     6.2858    6.2858    6.2858

     BOX TYPE: TRUNCATED OCTAHEDRON

--------------------------------------------------------------------------------
   2.  CONTROL  DATA  FOR  THE  RUN
--------------------------------------------------------------------------------

default_name                                                                    

General flags:
     imin    =       0, nmropt  =       0

Nature and format of input:
     ntx     =       5, irest   =       1, ntrx    =       1

Nature and format of output:
     ntxo    =       2, ntpr    =      50, ntrx    =       1, ntwr    =    2500
     iwrap   =       0, ntwx    =      50, ntwv    =       0, ntwe    =       0
     ioutfm  =       1, ntwprt  =       0, idecomp =       0, rbornstat=      0

Potential function:
     ntf     =       2, ntb     =       1, igb     =       0, nsnb    =      25
     ipol    =       0, gbsa    =       0, iesp    =       0
     dielc   =   1.00000, cut     =  10.00000, intdiel =   1.00000

Frozen or restrained atoms:
     ibelly  =       0, ntr     =       0

Molecular dynamics:
     nstlim  =      2500, nscm    =      1000, nrespa  =         1
     t       =   0.00000, dt      =   0.00200, vlimit  =  -1.00000

Berendsen (weak-coupling) temperature regulation:
     temp0   = 150.00000, tempi   = 100.00000, tautp   =   1.50000

SHAKE:
     ntc     =       2, jfastw  =       0
     tol     =   0.00001

| Intermolecular bonds treatment:
|     no_intermolecular_bonds =       1

| Energy averages sample interval:
|     ene_avg_sampling =      50

Ewald parameters:
     verbose =       0, ew_type =       0, nbflag  =       1, use_pme =       1
     vdwmeth =       1, eedmeth =       1, netfrc  =       1
     Box X =   81.715   Box Y =   81.715   Box Z =   81.715
     Alpha =  109.471   Beta  =  109.471   Gamma =  109.471
     NFFT1 =   84       NFFT2 =   84       NFFT3 =   84
     Cutoff=   10.000   Tol   =0.100E-04
     Ewald Coefficient =  0.27511
     Interpolation order =    4

--------------------------------------------------------------------------------
   3.  ATOMIC COORDINATES AND VELOCITIES
--------------------------------------------------------------------------------

default_name                                                                    
 begin time read from input coords =    10.000 ps

 
 Number of triangulated 3-point waters found:    12056

     Sum of charges from parm topology file =   0.00000020
     Forcing neutrality...

| Dynamic Memory, Types Used:
| Reals             1077136
| Integers           893544

| Nonbonded Pairs Initial Allocation:    11273848

| GPU memory information (estimate):
| KB of GPU memory in use:    210100
| KB of CPU memory in use:     64948

--------------------------------------------------------------------------------
   4.  RESULTS
--------------------------------------------------------------------------------

 ---------------------------------------------------
 APPROXIMATING switch and d/dx switch using CUBIC SPLINE INTERPOLATION
 using   5000.0 points per unit in tabled values
 TESTING RELATIVE ERROR over r ranging from 0.0 to cutoff
| CHECK switch(x): max rel err =   0.2738E-14   at   2.422500
| CHECK d/dx switch(x): max rel err =   0.8314E-11   at   2.736960
 ---------------------------------------------------
|---------------------------------------------------
| APPROXIMATING direct energy using CUBIC SPLINE INTERPOLATION
|  with   50.0 points per unit in tabled values
| Relative Error Limit not exceeded for r .gt.   2.33
| APPROXIMATING direct force using CUBIC SPLINE INTERPOLATION
|  with   50.0 points per unit in tabled values
| Relative Error Limit not exceeded for r .gt.   2.80
|---------------------------------------------------

 NSTEP =       50   TIME(PS) =      10.100  TEMP(K) =    95.48  PRESS =     0.0
 Etot   =   -142251.3264  EKtot   =      7139.9873  EPtot      =   -149391.3137
 BOND   =        78.3572  ANGLE   =       242.5109  DIHED      =       972.6646
 1-4 NB =       265.8316  1-4 EEL =     -4803.8894  VDWAALS    =     25068.3582
 EELEC  =   -171215.1469  EHBOND  =         0.0000  RESTRAINT  =         0.0000
 ------------------------------------------------------------------------------


 NSTEP =      100   TIME(PS) =      10.200  TEMP(K) =    96.31  PRESS =     0.0
 Etot   =   -141981.8077  EKtot   =      7201.9033  EPtot      =   -149183.7111
 BOND   =        79.7199  ANGLE   =       229.8667  DIHED      =       976.1878
 1-4 NB =       259.6892  1-4 EEL =     -4791.3520  VDWAALS    =     24963.5661
 EELEC  =   -170901.3888  EHBOND  =         0.0000  RESTRAINT  =         0.0000
 ------------------------------------------------------------------------------


 NSTEP =      150   TIME(PS) =      10.300  TEMP(K) =    98.03  PRESS =     0.0
 Etot   =   -141720.1996  EKtot   =      7330.7095  EPtot      =   -149050.9091
 BOND   =        78.0649  ANGLE   =       242.7970  DIHED      =       973.5922
 1-4 NB =       266.7427  1-4 EEL =     -4792.8657  VDWAALS    =     24921.8694
 EELEC  =   -170741.1096  EHBOND  =         0.0000  RESTRAINT  =         0.0000
 ------------------------------------------------------------------------------


 NSTEP =      200   TIME(PS) =      10.400  TEMP(K) =    99.83  PRESS =     0.0
 Etot   =   -141466.2465  EKtot   =      7465.3687  EPtot      =   -148931.6151
 BOND   =        79.7288  ANGLE   =       235.2646  DIHED      =       974.3166
 1-4 NB =       265.2280  1-4 EEL =     -4797.5870  VDWAALS    =     24897.7576
 EELEC  =   -170586.3235  EHBOND  =         0.0000  RESTRAINT  =         0.0000
 ------------------------------------------------------------------------------


 NSTEP =      250   TIME(PS) =      10.500  TEMP(K) =   101.18  PRESS =     0.0
 Etot   =   -141218.1978  EKtot   =      7566.6514  EPtot      =   -148784.8492
 BOND   =        87.2967  ANGLE   =       234.7764  DIHED      =       984.8183
 1-4 NB =       263.1678  1-4 EEL =     -4809.8443  VDWAALS    =     24953.3227
 EELEC  =   -170498.3868  EHBOND  =         0.0000  RESTRAINT  =         0.0000
 ------------------------------------------------------------------------------


 NSTEP =      300   TIME(PS) =      10.600  TEMP(K) =   103.70  PRESS =     0.0
 Etot   =   -140982.5056  EKtot   =      7754.6807  EPtot      =   -148737.1863
 BOND   =        87.1679  ANGLE   =       244.8771  DIHED      =       975.2804
 1-4 NB =       266.4949  1-4 EEL =     -4795.6844  VDWAALS    =     24884.9674
 EELEC  =   -170400.2894  EHBOND  =         0.0000  RESTRAINT  =         0.0000
 ------------------------------------------------------------------------------


 NSTEP =      350   TIME(PS) =      10.700  TEMP(K) =   104.07  PRESS =     0.0
 Etot   =   -140751.5650  EKtot   =      7782.6172  EPtot      =   -148534.1822
 BOND   =        85.7367  ANGLE   =       244.3244  DIHED      =       976.1280
 1-4 NB =       269.5680  1-4 EEL =     -4798.9537  VDWAALS    =     24895.7075
 EELEC  =   -170206.6931  EHBOND  =         0.0000  RESTRAINT  =         0.0000
 ------------------------------------------------------------------------------


 NSTEP =      400   TIME(PS) =      10.800  TEMP(K) =   106.38  PRESS =     0.0
 Etot   =   -140528.1100  EKtot   =      7954.9541  EPtot      =   -148483.0641
 BOND   =        85.9727  ANGLE   =       254.3341  DIHED      =       974.3069
 1-4 NB =       264.5181  1-4 EEL =     -4807.4649  VDWAALS    =     24593.8821
 EELEC  =   -169848.6131  EHBOND  =         0.0000  RESTRAINT  =         0.0000
 ------------------------------------------------------------------------------


 NSTEP =      450   TIME(PS) =      10.900  TEMP(K) =   106.99  PRESS =     0.0
 Etot   =   -140310.1243  EKtot   =      8000.7085  EPtot      =   -148310.8328
 BOND   =        85.3166  ANGLE   =       245.8044  DIHED      =       973.2893
 1-4 NB =       263.4501  1-4 EEL =     -4795.7733  VDWAALS    =     24608.6605
 EELEC  =   -169691.5804  EHBOND  =         0.0000  RESTRAINT  =         0.0000
 ------------------------------------------------------------------------------


 NSTEP =      500   TIME(PS) =      11.000  TEMP(K) =   109.01  PRESS =     0.0
 Etot   =   -140100.3627  EKtot   =      8152.0078  EPtot      =   -148252.3705
 BOND   =        84.2655  ANGLE   =       234.8772  DIHED      =       978.1233
 1-4 NB =       265.1955  1-4 EEL =     -4789.1672  VDWAALS    =     24596.8991
 EELEC  =   -169622.5640  EHBOND  =         0.0000  RESTRAINT  =         0.0000
 ------------------------------------------------------------------------------


 NSTEP =      550   TIME(PS) =      11.100  TEMP(K) =   109.43  PRESS =     0.0
 Etot   =   -139896.6813  EKtot   =      8183.4238  EPtot      =   -148080.1051
 BOND   =        86.1865  ANGLE   =       251.1208  DIHED      =       977.0402
 1-4 NB =       266.5084  1-4 EEL =     -4795.2814  VDWAALS    =     24653.4563
 EELEC  =   -169519.1360  EHBOND  =         0.0000  RESTRAINT  =         0.0000
 ------------------------------------------------------------------------------


 NSTEP =      600   TIME(PS) =      11.200  TEMP(K) =   110.42  PRESS =     0.0
 Etot   =   -139698.1834  EKtot   =      8257.7539  EPtot      =   -147955.9373
 BOND   =        97.9700  ANGLE   =       246.6437  DIHED      =       988.7826
 1-4 NB =       265.1906  1-4 EEL =     -4814.9004  VDWAALS    =     24474.3216
 EELEC  =   -169213.9455  EHBOND  =         0.0000  RESTRAINT  =         0.0000
 ------------------------------------------------------------------------------


 NSTEP =      650   TIME(PS) =      11.300  TEMP(K) =   111.92  PRESS =     0.0
 Etot   =   -139509.2553  EKtot   =      8369.8662  EPtot      =   -147879.1215
 BOND   =        95.7973  ANGLE   =       244.4000  DIHED      =       979.2069
 1-4 NB =       271.0770  1-4 EEL =     -4808.6370  VDWAALS    =     24641.0165
 EELEC  =   -169301.9823  EHBOND  =         0.0000  RESTRAINT  =         0.0000
 ------------------------------------------------------------------------------


 NSTEP =      700   TIME(PS) =      11.400  TEMP(K) =   114.22  PRESS =     0.0
 Etot   =   -139325.5102  EKtot   =      8541.5273  EPtot      =   -147867.0376
 BOND   =        86.5973  ANGLE   =       256.8584  DIHED      =       986.5380
 1-4 NB =       265.5391  1-4 EEL =     -4809.8118  VDWAALS    =     24529.0772
 EELEC  =   -169181.8358  EHBOND  =         0.0000  RESTRAINT  =         0.0000
 ------------------------------------------------------------------------------


 NSTEP =      750   TIME(PS) =      11.500  TEMP(K) =   114.44  PRESS =     0.0
 Etot   =   -139147.3837  EKtot   =      8557.7773  EPtot      =   -147705.1610
 BOND   =        87.4817  ANGLE   =       260.8052  DIHED      =       973.0676
 1-4 NB =       263.2671  1-4 EEL =     -4800.0743  VDWAALS    =     24381.2107
 EELEC  =   -168870.9191  EHBOND  =         0.0000  RESTRAINT  =         0.0000
 ------------------------------------------------------------------------------


 NSTEP =      800   TIME(PS) =      11.600  TEMP(K) =   115.79  PRESS =     0.0
 Etot   =   -138973.0111  EKtot   =      8658.9766  EPtot      =   -147631.9877
 BOND   =        89.8401  ANGLE   =       256.7680  DIHED      =       987.5259
 1-4 NB =       270.2984  1-4 EEL =     -4796.9643  VDWAALS    =     24556.5913
 EELEC  =   -168996.0471  EHBOND  =         0.0000  RESTRAINT  =         0.0000
 ------------------------------------------------------------------------------


 NSTEP =      850   TIME(PS) =      11.700  TEMP(K) =   116.52  PRESS =     0.0
 Etot   =   -138803.6113  EKtot   =      8713.2471  EPtot      =   -147516.8583
 BOND   =        88.9969  ANGLE   =       267.6040  DIHED      =       976.3913
 1-4 NB =       263.5263  1-4 EEL =     -4799.1935  VDWAALS    =     24556.2732
 EELEC  =   -168870.4566  EHBOND  =         0.0000  RESTRAINT  =         0.0000
 ------------------------------------------------------------------------------


 NSTEP =      900   TIME(PS) =      11.800  TEMP(K) =   118.12  PRESS =     0.0
 Etot   =   -138642.7428  EKtot   =      8832.9980  EPtot      =   -147475.7409
 BOND   =       101.3945  ANGLE   =       254.6787  DIHED      =       976.7891
 1-4 NB =       263.3830  1-4 EEL =     -4822.7806  VDWAALS    =     24379.8065
 EELEC  =   -168629.0122  EHBOND  =         0.0000  RESTRAINT  =         0.0000
 ------------------------------------------------------------------------------


 NSTEP =      950   TIME(PS) =      11.900  TEMP(K) =   119.20  PRESS =     0.0
 Etot   =   -138488.2410  EKtot   =      8913.7900  EPtot      =   -147402.0311
 BOND   =        87.8817  ANGLE   =       251.5980  DIHED      =       982.0487
 1-4 NB =       271.4647  1-4 EEL =     -4800.2449  VDWAALS    =     24391.0374
 EELEC  =   -168585.8167  EHBOND  =         0.0000  RESTRAINT  =         0.0000
 ------------------------------------------------------------------------------

check COM velocity, temp:        0.000008     0.00(Removed)

 NSTEP =     1000   TIME(PS) =      12.000  TEMP(K) =   120.55  PRESS =     0.0
 Etot   =   -138336.1534  EKtot   =      9014.8076  EPtot      =   -147350.9611
 BOND   =       101.6576  ANGLE   =       259.3145  DIHED      =       971.6384
 1-4 NB =       267.2878  1-4 EEL =     -4808.8541  VDWAALS    =     24237.6234
 EELEC  =   -168379.6286  EHBOND  =         0.0000  RESTRAINT  =         0.0000
 ------------------------------------------------------------------------------


 NSTEP =     1050   TIME(PS) =      12.100  TEMP(K) =   120.77  PRESS =     0.0
 Etot   =   -138189.6284  EKtot   =      9031.3877  EPtot      =   -147221.0161
 BOND   =        95.7260  ANGLE   =       257.9643  DIHED      =       983.6841
 1-4 NB =       263.8015  1-4 EEL =     -4821.3807  VDWAALS    =     24155.4413
 EELEC  =   -168156.2525  EHBOND  =         0.0000  RESTRAINT  =         0.0000
 ------------------------------------------------------------------------------


 NSTEP =     1100   TIME(PS) =      12.200  TEMP(K) =   121.88  PRESS =     0.0
 Etot   =   -138045.1784  EKtot   =      9114.2920  EPtot      =   -147159.4704
 BOND   =       109.8595  ANGLE   =       268.3260  DIHED      =       980.3825
 1-4 NB =       269.6463  1-4 EEL =     -4837.5261  VDWAALS    =     24416.0726
 EELEC  =   -168366.2312  EHBOND  =         0.0000  RESTRAINT  =         0.0000
 ------------------------------------------------------------------------------


 NSTEP =     1150   TIME(PS) =      12.300  TEMP(K) =   123.92  PRESS =     0.0
 Etot   =   -137909.3774  EKtot   =      9266.6426  EPtot      =   -147176.0200
 BOND   =        95.6724  ANGLE   =       275.1409  DIHED      =       986.0397
 1-4 NB =       265.4291  1-4 EEL =     -4800.8498  VDWAALS    =     24545.8915
 EELEC  =   -168543.3437  EHBOND  =         0.0000  RESTRAINT  =         0.0000
 ------------------------------------------------------------------------------


 NSTEP =     1200   TIME(PS) =      12.400  TEMP(K) =   124.54  PRESS =     0.0
 Etot   =   -137779.7310  EKtot   =      9313.5830  EPtot      =   -147093.3140
 BOND   =        98.3341  ANGLE   =       267.7419  DIHED      =       984.3654
 1-4 NB =       269.4222  1-4 EEL =     -4815.0692  VDWAALS    =     24406.7182
 EELEC  =   -168304.8266  EHBOND  =         0.0000  RESTRAINT  =         0.0000
 ------------------------------------------------------------------------------


 NSTEP =     1250   TIME(PS) =      12.500  TEMP(K) =   124.15  PRESS =     0.0
 Etot   =   -137652.0408  EKtot   =      9284.4678  EPtot      =   -146936.5085
 BOND   =       104.6116  ANGLE   =       261.3366  DIHED      =       982.2083
 1-4 NB =       270.7907  1-4 EEL =     -4798.5567  VDWAALS    =     24298.1022
 EELEC  =   -168055.0011  EHBOND  =         0.0000  RESTRAINT  =         0.0000
 ------------------------------------------------------------------------------


 NSTEP =     1300   TIME(PS) =      12.600  TEMP(K) =   125.15  PRESS =     0.0
 Etot   =   -137525.8063  EKtot   =      9358.9248  EPtot      =   -146884.7311
 BOND   =       102.5526  ANGLE   =       269.9982  DIHED      =       990.1222
 1-4 NB =       262.7036  1-4 EEL =     -4806.3358  VDWAALS    =     24023.5466
 EELEC  =   -167727.3186  EHBOND  =         0.0000  RESTRAINT  =         0.0000
 ------------------------------------------------------------------------------


 NSTEP =     1350   TIME(PS) =      12.700  TEMP(K) =   125.87  PRESS =     0.0
 Etot   =   -137403.2626  EKtot   =      9412.6592  EPtot      =   -146815.9218
 BOND   =       102.0681  ANGLE   =       280.8247  DIHED      =       986.1047
 1-4 NB =       267.4730  1-4 EEL =     -4810.5879  VDWAALS    =     24043.8668
 EELEC  =   -167685.6712  EHBOND  =         0.0000  RESTRAINT  =         0.0000
 ------------------------------------------------------------------------------


 NSTEP =     1400   TIME(PS) =      12.800  TEMP(K) =   126.89  PRESS =     0.0
 Etot   =   -137288.4669  EKtot   =      9489.1562  EPtot      =   -146777.6231
 BOND   =        93.1747  ANGLE   =       270.6391  DIHED      =       981.1756
 1-4 NB =       267.8328  1-4 EEL =     -4799.2543  VDWAALS    =     24290.0817
 EELEC  =   -167881.2728  EHBOND  =         0.0000  RESTRAINT  =         0.0000
 ------------------------------------------------------------------------------


 NSTEP =     1450   TIME(PS) =      12.900  TEMP(K) =   128.45  PRESS =     0.0
 Etot   =   -137177.0894  EKtot   =      9605.8145  EPtot      =   -146782.9038
 BOND   =       106.9347  ANGLE   =       276.0659  DIHED      =       976.1713
 1-4 NB =       270.0802  1-4 EEL =     -4822.4697  VDWAALS    =     24175.0552
 EELEC  =   -167764.7415  EHBOND  =         0.0000  RESTRAINT  =         0.0000
 ------------------------------------------------------------------------------


 NSTEP =     1500   TIME(PS) =      13.000  TEMP(K) =   128.61  PRESS =     0.0
 Etot   =   -137069.3618  EKtot   =      9618.0283  EPtot      =   -146687.3901
 BOND   =       101.6199  ANGLE   =       263.8892  DIHED      =       992.7757
 1-4 NB =       266.9985  1-4 EEL =     -4808.0669  VDWAALS    =     24204.7698
 EELEC  =   -167709.3764  EHBOND  =         0.0000  RESTRAINT  =         0.0000
 ------------------------------------------------------------------------------


 NSTEP =     1550   TIME(PS) =      13.100  TEMP(K) =   129.57  PRESS =     0.0
 Etot   =   -136964.2739  EKtot   =      9689.1533  EPtot      =   -146653.4272
 BOND   =        96.8381  ANGLE   =       267.1807  DIHED      =       981.1148
 1-4 NB =       265.9775  1-4 EEL =     -4788.8456  VDWAALS    =     24233.4353
 EELEC  =   -167709.1281  EHBOND  =         0.0000  RESTRAINT  =         0.0000
 ------------------------------------------------------------------------------


 NSTEP =     1600   TIME(PS) =      13.200  TEMP(K) =   130.05  PRESS =     0.0
 Etot   =   -136861.3953  EKtot   =      9725.1211  EPtot      =   -146586.5164
 BOND   =       103.5446  ANGLE   =       276.3649  DIHED      =       982.4498
 1-4 NB =       273.5082  1-4 EEL =     -4811.2902  VDWAALS    =     24238.8888
 EELEC  =   -167649.9825  EHBOND  =         0.0000  RESTRAINT  =         0.0000
 ------------------------------------------------------------------------------


 NSTEP =     1650   TIME(PS) =      13.300  TEMP(K) =   130.86  PRESS =     0.0
 Etot   =   -136764.0621  EKtot   =      9785.6670  EPtot      =   -146549.7291
 BOND   =       102.9932  ANGLE   =       280.5919  DIHED      =       978.3893
 1-4 NB =       268.6589  1-4 EEL =     -4813.7492  VDWAALS    =     24173.1222
 EELEC  =   -167539.7352  EHBOND  =         0.0000  RESTRAINT  =         0.0000
 ------------------------------------------------------------------------------


 NSTEP =     1700   TIME(PS) =      13.400  TEMP(K) =   130.97  PRESS =     0.0
 Etot   =   -136669.1630  EKtot   =      9794.3154  EPtot      =   -146463.4784
 BOND   =       112.8641  ANGLE   =       288.6818  DIHED      =       972.6736
 1-4 NB =       262.7425  1-4 EEL =     -4819.6967  VDWAALS    =     24401.7679
 EELEC  =   -167682.5116  EHBOND  =         0.0000  RESTRAINT  =         0.0000
 ------------------------------------------------------------------------------


 NSTEP =     1750   TIME(PS) =      13.500  TEMP(K) =   131.28  PRESS =     0.0
 Etot   =   -136577.4505  EKtot   =      9817.1982  EPtot      =   -146394.6487
 BOND   =       120.1401  ANGLE   =       276.9142  DIHED      =       974.0366
 1-4 NB =       264.3518  1-4 EEL =     -4817.9975  VDWAALS    =     24189.8341
 EELEC  =   -167401.9279  EHBOND  =         0.0000  RESTRAINT  =         0.0000
 ------------------------------------------------------------------------------


 NSTEP =     1800   TIME(PS) =      13.600  TEMP(K) =   132.88  PRESS =     0.0
 Etot   =   -136487.5213  EKtot   =      9936.8984  EPtot      =   -146424.4197
 BOND   =       103.5999  ANGLE   =       273.7171  DIHED      =       975.1132
 1-4 NB =       264.1231  1-4 EEL =     -4801.7530  VDWAALS    =     24214.8014
 EELEC  =   -167454.0214  EHBOND  =         0.0000  RESTRAINT  =         0.0000
 ------------------------------------------------------------------------------


 NSTEP =     1850   TIME(PS) =      13.700  TEMP(K) =   132.89  PRESS =     0.0
 Etot   =   -136402.5835  EKtot   =      9937.4707  EPtot      =   -146340.0542
 BOND   =       107.4241  ANGLE   =       283.6614  DIHED      =       979.4145
 1-4 NB =       263.2160  1-4 EEL =     -4813.1956  VDWAALS    =     24189.4507
 EELEC  =   -167350.0252  EHBOND  =         0.0000  RESTRAINT  =         0.0000
 ------------------------------------------------------------------------------


 NSTEP =     1900   TIME(PS) =      13.800  TEMP(K) =   132.81  PRESS =     0.0
 Etot   =   -136317.3897  EKtot   =      9932.0322  EPtot      =   -146249.4219
 BOND   =       102.6449  ANGLE   =       285.9699  DIHED      =       970.0147
 1-4 NB =       265.6641  1-4 EEL =     -4798.9039  VDWAALS    =     24209.1570
 EELEC  =   -167283.9686  EHBOND  =         0.0000  RESTRAINT  =         0.0000
 ------------------------------------------------------------------------------


 NSTEP =     1950   TIME(PS) =      13.900  TEMP(K) =   133.51  PRESS =     0.0
 Etot   =   -136237.3829  EKtot   =      9984.2617  EPtot      =   -146221.6446
 BOND   =       107.5632  ANGLE   =       289.8402  DIHED      =       979.6586
 1-4 NB =       261.5525  1-4 EEL =     -4804.3002  VDWAALS    =     23987.3000
 EELEC  =   -167043.2590  EHBOND  =         0.0000  RESTRAINT  =         0.0000
 ------------------------------------------------------------------------------

check COM velocity, temp:        0.000005     0.00(Removed)

 NSTEP =     2000   TIME(PS) =      14.000  TEMP(K) =   134.65  PRESS =     0.0
 Etot   =   -136161.8692  EKtot   =     10069.7520  EPtot      =   -146231.6212
 BOND   =       112.3294  ANGLE   =       276.0985  DIHED      =       990.4930
 1-4 NB =       271.0645  1-4 EEL =     -4803.1581  VDWAALS    =     23950.1764
 EELEC  =   -167028.6248  EHBOND  =         0.0000  RESTRAINT  =         0.0000
 ------------------------------------------------------------------------------


 NSTEP =     2050   TIME(PS) =      14.100  TEMP(K) =   135.03  PRESS =     0.0
 Etot   =   -136087.1752  EKtot   =     10097.7676  EPtot      =   -146184.9428
 BOND   =       108.4212  ANGLE   =       284.1476  DIHED      =       994.0474
 1-4 NB =       269.5939  1-4 EEL =     -4813.9502  VDWAALS    =     24137.0304
 EELEC  =   -167164.2332  EHBOND  =         0.0000  RESTRAINT  =         0.0000
 ------------------------------------------------------------------------------


 NSTEP =     2100   TIME(PS) =      14.200  TEMP(K) =   136.36  PRESS =     0.0
 Etot   =   -136017.3648  EKtot   =     10197.4258  EPtot      =   -146214.7905
 BOND   =       107.6874  ANGLE   =       288.7320  DIHED      =       990.8516
 1-4 NB =       265.1643  1-4 EEL =     -4805.3364  VDWAALS    =     24259.2725
 EELEC  =   -167321.1618  EHBOND  =         0.0000  RESTRAINT  =         0.0000
 ------------------------------------------------------------------------------


 NSTEP =     2150   TIME(PS) =      14.300  TEMP(K) =   136.23  PRESS =     0.0
 Etot   =   -135949.3694  EKtot   =     10187.3467  EPtot      =   -146136.7161
 BOND   =       105.8681  ANGLE   =       287.5879  DIHED      =       990.8631
 1-4 NB =       259.7534  1-4 EEL =     -4813.9742  VDWAALS    =     24007.8743
 EELEC  =   -166974.6888  EHBOND  =         0.0000  RESTRAINT  =         0.0000
 ------------------------------------------------------------------------------


 NSTEP =     2200   TIME(PS) =      14.400  TEMP(K) =   137.27  PRESS =     0.0
 Etot   =   -135879.5791  EKtot   =     10265.1475  EPtot      =   -146144.7266
 BOND   =       115.1478  ANGLE   =       283.3718  DIHED      =       998.6695
 1-4 NB =       264.2530  1-4 EEL =     -4816.8159  VDWAALS    =     23866.5053
 EELEC  =   -166855.8580  EHBOND  =         0.0000  RESTRAINT  =         0.0000
 ------------------------------------------------------------------------------


 NSTEP =     2250   TIME(PS) =      14.500  TEMP(K) =   137.98  PRESS =     0.0
 Etot   =   -135816.7941  EKtot   =     10318.3760  EPtot      =   -146135.1701
 BOND   =       104.6884  ANGLE   =       288.6439  DIHED      =       979.0855
 1-4 NB =       271.0639  1-4 EEL =     -4795.2763  VDWAALS    =     24110.4185
 EELEC  =   -167093.7941  EHBOND  =         0.0000  RESTRAINT  =         0.0000
 ------------------------------------------------------------------------------


 NSTEP =     2300   TIME(PS) =      14.600  TEMP(K) =   138.81  PRESS =     0.0
 Etot   =   -135758.2876  EKtot   =     10380.1553  EPtot      =   -146138.4429
 BOND   =       110.4543  ANGLE   =       295.2838  DIHED      =       981.8886
 1-4 NB =       261.8416  1-4 EEL =     -4811.8084  VDWAALS    =     24268.3910
 EELEC  =   -167244.4938  EHBOND  =         0.0000  RESTRAINT  =         0.0000
 ------------------------------------------------------------------------------


 NSTEP =     2350   TIME(PS) =      14.700  TEMP(K) =   138.72  PRESS =     0.0
 Etot   =   -135698.5216  EKtot   =     10373.7158  EPtot      =   -146072.2374
 BOND   =       103.1658  ANGLE   =       274.7268  DIHED      =       982.7166
 1-4 NB =       272.3314  1-4 EEL =     -4786.9081  VDWAALS    =     24039.1257
 EELEC  =   -166957.3956  EHBOND  =         0.0000  RESTRAINT  =         0.0000
 ------------------------------------------------------------------------------


 NSTEP =     2400   TIME(PS) =      14.800  TEMP(K) =   138.73  PRESS =     0.0
 Etot   =   -135641.7091  EKtot   =     10374.8115  EPtot      =   -146016.5206
 BOND   =       125.1809  ANGLE   =       284.0281  DIHED      =       988.8419
 1-4 NB =       262.9947  1-4 EEL =     -4832.6014  VDWAALS    =     24101.0356
 EELEC  =   -166946.0004  EHBOND  =         0.0000  RESTRAINT  =         0.0000
 ------------------------------------------------------------------------------


 NSTEP =     2450   TIME(PS) =      14.900  TEMP(K) =   140.51  PRESS =     0.0
 Etot   =   -135588.4824  EKtot   =     10507.6885  EPtot      =   -146096.1709
 BOND   =       116.2212  ANGLE   =       291.8443  DIHED      =       986.7034
 1-4 NB =       269.6870  1-4 EEL =     -4828.8076  VDWAALS    =     24051.3019
 EELEC  =   -166983.1212  EHBOND  =         0.0000  RESTRAINT  =         0.0000
 ------------------------------------------------------------------------------


 NSTEP =     2500   TIME(PS) =      15.000  TEMP(K) =   139.41  PRESS =     0.0
 Etot   =   -135535.7144  EKtot   =     10425.3857  EPtot      =   -145961.1001
 BOND   =       112.8876  ANGLE   =       275.5768  DIHED      =       990.6440
 1-4 NB =       273.3502  1-4 EEL =     -4819.5429  VDWAALS    =     24015.9866
 EELEC  =   -166810.0024  EHBOND  =         0.0000  RESTRAINT  =         0.0000
 ------------------------------------------------------------------------------


      A V E R A G E S   O V E R      50 S T E P S


 NSTEP =     2500   TIME(PS) =      15.000  TEMP(K) =   122.41  PRESS =     0.0
 Etot   =   -138031.7450  EKtot   =      9153.7681  EPtot      =   -147185.5131
 BOND   =        98.9130  ANGLE   =       266.0823  DIHED      =       981.3687
 1-4 NB =       266.4500  1-4 EEL =     -4807.1467  VDWAALS    =     24367.7965
 EELEC  =   -168358.9769  EHBOND  =         0.0000  RESTRAINT  =         0.0000
 ------------------------------------------------------------------------------


      R M S  F L U C T U A T I O N S


 NSTEP =     2500   TIME(PS) =      15.000  TEMP(K) =    13.02  PRESS =     0.0
 Etot   =      1951.4521  EKtot   =       973.5010  EPtot      =       980.1332
 BOND   =        11.4705  ANGLE   =        17.5881  DIHED      =         6.7484
 1-4 NB =         3.4487  1-4 EEL =        11.3221  VDWAALS    =       302.5088
 EELEC  =      1240.7242  EHBOND  =         0.0000  RESTRAINT  =         0.0000
 ------------------------------------------------------------------------------

--------------------------------------------------------------------------------
   5.  TIMINGS
--------------------------------------------------------------------------------

|  NonSetup CPU Time in Major Routines:
|
|     Routine           Sec        %
|     ------------------------------
|     Nonbond           1.44    8.82
|     Bond              0.00    0.00
|     Angle             0.00    0.00
|     Dihedral          0.00    0.00
|     Shake             0.02    0.10
|     RunMD            14.85   91.05
|     Other             0.01    0.04
|     ------------------------------
|     Total            16.32

|  PME Nonbond Pairlist CPU Time:
|
|     Routine              Sec        %
|     ---------------------------------
|     Set Up Cit           0.00    0.00
|     Build List           0.00    0.00
|     ---------------------------------
|     Total                0.00    0.00

|  PME Direct Force CPU Time:
|
|     Routine              Sec        %
|     ---------------------------------
|     NonBonded Calc       0.00    0.00
|     Exclude Masked       0.00    0.00
|     Other                0.00    0.03
|     ---------------------------------
|     Total                0.00    0.03

|  PME Reciprocal Force CPU Time:
|
|     Routine              Sec        %
|     ---------------------------------
|     1D bspline           0.00    0.00
|     Grid Charges         0.00    0.00
|     Scalar Sum           0.00    0.00
|     Gradient Sum         0.00    0.00
|     FFT                  0.00    0.00
|     ---------------------------------
|     Total                0.00    0.00

|  Final Performance Info:
|     -----------------------------------------------------
|     Average timings for last    2450 steps:
|     Elapsed(s) =      16.20 Per Step(ms) =       6.61
|         ns/day =      26.13   seconds/ns =    3306.86
|
|     Average timings for all steps:
|     Elapsed(s) =      16.64 Per Step(ms) =       6.66
|         ns/day =      25.96   seconds/ns =    3328.18
|     -----------------------------------------------------

|  Setup CPU time:            1.57 seconds
|  NonSetup CPU time:        16.32 seconds
|  Total CPU time:           17.89 seconds     0.00 hours

|  Setup wall time:           1    seconds
|  NonSetup wall time:       17    seconds
|  Total wall time:          18    seconds     0.01 hours
