
          -------------------------------------------------------
          Amber 16 PMEMD                              2016
          -------------------------------------------------------

| PMEMD implementation of SANDER, Release 16

| Run on 01/17/2024 at 23:06:50

|   Executable path: pmemd.cuda
| Working directory: /home/students/keyq/fuben/input/7/nLA7right
|          Hostname: master

  [-O]verwriting output

File Assignments:
|   MDIN: heat5.in                                                              
|  MDOUT: cmp_heat5.out                                                         
| INPCRD: cmp_heat4.rst                                                         
|   PARM: cmp.prmtop                                                            
| RESTRT: cmp_heat5.rst                                                         
|   REFC: cmp.inpcrd                                                            
|  MDVEL: mdvel                                                                 
|   MDEN: mden                                                                  
|  MDCRD: cmp_heat5.mdcrd                                                       
| MDINFO: mdinfo                                                                
|  MDFRC: mdfrc                                                                 


 Here is the input file:

Stage 2 equilibration 1 0-5ns                                                  
 &cntrl                                                                        
  imin=0, irest=1, ntx=5,                                                      
  nstlim=4000, dt=0.002,                                                       
  ntc=2, ntf=2,                                                                
  ntt=1, tautp=1.5,                                                            
  tempi=200.0, temp0=255.0,                                                    
  ntpr=50, ntwx=50,                                                            
  ntb=1,                                                                       
  cut=10,                                                                      
 /                                                                             


Note: ig = -1. Setting random seed to    57970 based on wallclock time in 
      microseconds.
 
|--------------------- INFORMATION ----------------------
| GPU (CUDA) Version of PMEMD in use: NVIDIA GPU IN USE.
|                    Version 16.0.0
| 
|                      02/25/2016
| 
| Implementation by:
|                    Ross C. Walker     (SDSC)
|                    Scott Le Grand     (nVIDIA)
| 
| Precision model in use:
|      [SPFP] - Single Precision Forces, 64-bit Fixed Point
|               Accumulation. (Default)
| 
|--------------------------------------------------------
 
|----------------- CITATION INFORMATION -----------------
|
|    When publishing work that utilized the CUDA version
|    of AMBER, please cite the following in addition to
|    the regular AMBER citations:
|
|  - Romelia Salomon-Ferrer; Andreas W. Goetz; Duncan
|    Poole; Scott Le Grand; Ross C. Walker "Routine
|    microsecond molecular dynamics simulations with
|    AMBER - Part II: Particle Mesh Ewald", J. Chem.
|    Theory Comput., 2013, 9 (9), pp3878-3888,
|    DOI: 10.1021/ct400314y.
|
|  - Andreas W. Goetz; Mark J. Williamson; Dong Xu;
|    Duncan Poole; Scott Le Grand; Ross C. Walker
|    "Routine microsecond molecular dynamics simulations
|    with AMBER - Part I: Generalized Born", J. Chem.
|    Theory Comput., 2012, 8 (5), pp1542-1555.
|
|  - Scott Le Grand; Andreas W. Goetz; Ross C. Walker
|    "SPFP: Speed without compromise - a mixed precision
|    model for GPU accelerated molecular dynamics
|    simulations.", Comp. Phys. Comm., 2013, 184
|    pp374-380, DOI: 10.1016/j.cpc.2012.09.022
|
|--------------------------------------------------------
 
|------------------- GPU DEVICE INFO --------------------
|
|            CUDA_VISIBLE_DEVICES: 0
|   CUDA Capable Devices Detected:      1
|           CUDA Device ID in use:      0
|                CUDA Device Name: Tesla V100-PCIE-32GB
|     CUDA Device Global Mem Size:  32510 MB
| CUDA Device Num Multiprocessors:     80
|           CUDA Device Core Freq:   1.38 GHz
|
|--------------------------------------------------------
 
 
| Conditional Compilation Defines Used:
| PUBFFT
| BINTRAJ
| CUDA
| EMIL

| Largest sphere to fit in unit cell has radius =    33.199

| New format PARM file being parsed.
| Version =    1.000 Date = 01/29/21 Time = 10:51:35

| Note: 1-4 EEL scale factors are being read from the topology file.

| Note: 1-4 VDW scale factors are being read from the topology file.
| Duplicated    0 dihedrals

| Duplicated    0 dihedrals

--------------------------------------------------------------------------------
   1.  RESOURCE   USE: 
--------------------------------------------------------------------------------

 getting box info from netcdf restart file
 NATOM  =   36670 NTYPES =      18 NBONH =   35934 MBONA  =     787
 NTHETH =     879 MTHETA =    1217 NPHIH =    1867 MPHIA  =    2445
 NHPARM =       0 NPARM  =       0 NNB   =   53471 NRES   =   11918
 NBONA  =     787 NTHETA =    1217 NPHIA =    2445 NUMBND =      73
 NUMANG =     152 NPTRA  =      87 NATYP =      37 NPHB   =       1
 IFBOX  =       2 NMXRS  =      34 IFCAP =       0 NEXTRA =       0
 NCOPY  =       0

| Coordinate Index Table dimensions:    13   13   13
| Direct force subcell size =     6.2555    6.2555    6.2555

     BOX TYPE: TRUNCATED OCTAHEDRON

--------------------------------------------------------------------------------
   2.  CONTROL  DATA  FOR  THE  RUN
--------------------------------------------------------------------------------

default_name                                                                    

General flags:
     imin    =       0, nmropt  =       0

Nature and format of input:
     ntx     =       5, irest   =       1, ntrx    =       1

Nature and format of output:
     ntxo    =       2, ntpr    =      50, ntrx    =       1, ntwr    =    4000
     iwrap   =       0, ntwx    =      50, ntwv    =       0, ntwe    =       0
     ioutfm  =       1, ntwprt  =       0, idecomp =       0, rbornstat=      0

Potential function:
     ntf     =       2, ntb     =       1, igb     =       0, nsnb    =      25
     ipol    =       0, gbsa    =       0, iesp    =       0
     dielc   =   1.00000, cut     =  10.00000, intdiel =   1.00000

Frozen or restrained atoms:
     ibelly  =       0, ntr     =       0

Molecular dynamics:
     nstlim  =      4000, nscm    =      1000, nrespa  =         1
     t       =   0.00000, dt      =   0.00200, vlimit  =  -1.00000

Berendsen (weak-coupling) temperature regulation:
     temp0   = 255.00000, tempi   = 200.00000, tautp   =   1.50000

SHAKE:
     ntc     =       2, jfastw  =       0
     tol     =   0.00001

| Intermolecular bonds treatment:
|     no_intermolecular_bonds =       1

| Energy averages sample interval:
|     ene_avg_sampling =      50

Ewald parameters:
     verbose =       0, ew_type =       0, nbflag  =       1, use_pme =       1
     vdwmeth =       1, eedmeth =       1, netfrc  =       1
     Box X =   81.322   Box Y =   81.322   Box Z =   81.322
     Alpha =  109.471   Beta  =  109.471   Gamma =  109.471
     NFFT1 =   84       NFFT2 =   84       NFFT3 =   84
     Cutoff=   10.000   Tol   =0.100E-04
     Ewald Coefficient =  0.27511
     Interpolation order =    4

--------------------------------------------------------------------------------
   3.  ATOMIC COORDINATES AND VELOCITIES
--------------------------------------------------------------------------------

default_name                                                                    
 begin time read from input coords =    20.000 ps

 
 Number of triangulated 3-point waters found:    11852

     Sum of charges from parm topology file =   0.00000012
     Forcing neutrality...

| Dynamic Memory, Types Used:
| Reals             1062253
| Integers           881536

| Nonbonded Pairs Initial Allocation:    11091758

| GPU memory information (estimate):
| KB of GPU memory in use:    175707
| KB of CPU memory in use:     64575

--------------------------------------------------------------------------------
   4.  RESULTS
--------------------------------------------------------------------------------

 ---------------------------------------------------
 APPROXIMATING switch and d/dx switch using CUBIC SPLINE INTERPOLATION
 using   5000.0 points per unit in tabled values
 TESTING RELATIVE ERROR over r ranging from 0.0 to cutoff
| CHECK switch(x): max rel err =   0.2738E-14   at   2.422500
| CHECK d/dx switch(x): max rel err =   0.8314E-11   at   2.736960
 ---------------------------------------------------
|---------------------------------------------------
| APPROXIMATING direct energy using CUBIC SPLINE INTERPOLATION
|  with   50.0 points per unit in tabled values
| Relative Error Limit not exceeded for r .gt.   2.33
| APPROXIMATING direct force using CUBIC SPLINE INTERPOLATION
|  with   50.0 points per unit in tabled values
| Relative Error Limit not exceeded for r .gt.   2.80
|---------------------------------------------------

 NSTEP =       50   TIME(PS) =      20.100  TEMP(K) =   188.00  PRESS =     0.0
 Etot   =   -125041.9492  EKtot   =     13836.8877  EPtot      =   -138878.8369
 BOND   =       154.1508  ANGLE   =       397.6513  DIHED      =       893.0820
 1-4 NB =       278.6352  1-4 EEL =     -3646.4526  VDWAALS    =     21874.8023
 EELEC  =   -158830.7060  EHBOND  =         0.0000  RESTRAINT  =         0.0000
 ------------------------------------------------------------------------------


 NSTEP =      100   TIME(PS) =      20.200  TEMP(K) =   190.84  PRESS =     0.0
 Etot   =   -124719.5798  EKtot   =     14045.3457  EPtot      =   -138764.9255
 BOND   =       144.1816  ANGLE   =       411.0573  DIHED      =       884.6633
 1-4 NB =       275.4901  1-4 EEL =     -3636.5635  VDWAALS    =     21727.1067
 EELEC  =   -158570.8611  EHBOND  =         0.0000  RESTRAINT  =         0.0000
 ------------------------------------------------------------------------------


 NSTEP =      150   TIME(PS) =      20.300  TEMP(K) =   192.16  PRESS =     0.0
 Etot   =   -124405.5331  EKtot   =     14142.5146  EPtot      =   -138548.0478
 BOND   =       160.1225  ANGLE   =       397.1558  DIHED      =       883.8558
 1-4 NB =       279.1414  1-4 EEL =     -3646.3874  VDWAALS    =     21737.1953
 EELEC  =   -158359.1311  EHBOND  =         0.0000  RESTRAINT  =         0.0000
 ------------------------------------------------------------------------------


 NSTEP =      200   TIME(PS) =      20.400  TEMP(K) =   192.99  PRESS =     0.0
 Etot   =   -124100.7168  EKtot   =     14203.7139  EPtot      =   -138304.4307
 BOND   =       159.8480  ANGLE   =       415.6392  DIHED      =       871.8961
 1-4 NB =       276.1774  1-4 EEL =     -3634.7060  VDWAALS    =     22042.5078
 EELEC  =   -158435.7933  EHBOND  =         0.0000  RESTRAINT  =         0.0000
 ------------------------------------------------------------------------------


 NSTEP =      250   TIME(PS) =      20.500  TEMP(K) =   194.40  PRESS =     0.0
 Etot   =   -123802.3802  EKtot   =     14307.6494  EPtot      =   -138110.0297
 BOND   =       159.9561  ANGLE   =       419.5684  DIHED      =       869.2535
 1-4 NB =       275.9612  1-4 EEL =     -3632.4024  VDWAALS    =     21690.6541
 EELEC  =   -157893.0205  EHBOND  =         0.0000  RESTRAINT  =         0.0000
 ------------------------------------------------------------------------------


 NSTEP =      300   TIME(PS) =      20.600  TEMP(K) =   195.46  PRESS =     0.0
 Etot   =   -123511.4735  EKtot   =     14385.4453  EPtot      =   -137896.9189
 BOND   =       176.1818  ANGLE   =       421.4381  DIHED      =       884.0674
 1-4 NB =       280.9046  1-4 EEL =     -3645.8620  VDWAALS    =     21745.9884
 EELEC  =   -157759.6372  EHBOND  =         0.0000  RESTRAINT  =         0.0000
 ------------------------------------------------------------------------------


 NSTEP =      350   TIME(PS) =      20.700  TEMP(K) =   197.49  PRESS =     0.0
 Etot   =   -123226.9357  EKtot   =     14535.2168  EPtot      =   -137762.1525
 BOND   =       166.4660  ANGLE   =       430.5885  DIHED      =       876.8770
 1-4 NB =       277.9936  1-4 EEL =     -3667.4427  VDWAALS    =     21667.8520
 EELEC  =   -157514.4870  EHBOND  =         0.0000  RESTRAINT  =         0.0000
 ------------------------------------------------------------------------------


 NSTEP =      400   TIME(PS) =      20.800  TEMP(K) =   199.25  PRESS =     0.0
 Etot   =   -122948.6681  EKtot   =     14664.3809  EPtot      =   -137613.0489
 BOND   =       163.7228  ANGLE   =       405.9429  DIHED      =       883.7909
 1-4 NB =       272.8365  1-4 EEL =     -3641.2794  VDWAALS    =     21597.1308
 EELEC  =   -157295.1934  EHBOND  =         0.0000  RESTRAINT  =         0.0000
 ------------------------------------------------------------------------------


 NSTEP =      450   TIME(PS) =      20.900  TEMP(K) =   200.85  PRESS =     0.0
 Etot   =   -122675.7535  EKtot   =     14782.5762  EPtot      =   -137458.3296
 BOND   =       170.5639  ANGLE   =       422.2521  DIHED      =       879.4491
 1-4 NB =       272.3435  1-4 EEL =     -3632.8144  VDWAALS    =     21525.7257
 EELEC  =   -157095.8496  EHBOND  =         0.0000  RESTRAINT  =         0.0000
 ------------------------------------------------------------------------------


 NSTEP =      500   TIME(PS) =      21.000  TEMP(K) =   201.84  PRESS =     0.0
 Etot   =   -122414.6752  EKtot   =     14855.4268  EPtot      =   -137270.1020
 BOND   =       157.4072  ANGLE   =       420.1181  DIHED      =       889.1529
 1-4 NB =       277.4034  1-4 EEL =     -3641.7428  VDWAALS    =     21514.2122
 EELEC  =   -156886.6529  EHBOND  =         0.0000  RESTRAINT  =         0.0000
 ------------------------------------------------------------------------------


 NSTEP =      550   TIME(PS) =      21.100  TEMP(K) =   202.21  PRESS =     0.0
 Etot   =   -122153.4929  EKtot   =     14882.6689  EPtot      =   -137036.1618
 BOND   =       162.3721  ANGLE   =       426.2793  DIHED      =       876.1605
 1-4 NB =       285.7483  1-4 EEL =     -3625.9472  VDWAALS    =     21456.4150
 EELEC  =   -156617.1897  EHBOND  =         0.0000  RESTRAINT  =         0.0000
 ------------------------------------------------------------------------------


 NSTEP =      600   TIME(PS) =      21.200  TEMP(K) =   204.94  PRESS =     0.0
 Etot   =   -121908.8838  EKtot   =     15083.6289  EPtot      =   -136992.5127
 BOND   =       181.4624  ANGLE   =       449.0013  DIHED      =       887.3378
 1-4 NB =       275.2051  1-4 EEL =     -3668.6021  VDWAALS    =     21469.9249
 EELEC  =   -156586.8421  EHBOND  =         0.0000  RESTRAINT  =         0.0000
 ------------------------------------------------------------------------------


 NSTEP =      650   TIME(PS) =      21.300  TEMP(K) =   207.51  PRESS =     0.0
 Etot   =   -121666.9700  EKtot   =     15272.5811  EPtot      =   -136939.5510
 BOND   =       159.1760  ANGLE   =       432.4420  DIHED      =       892.4083
 1-4 NB =       276.5797  1-4 EEL =     -3641.6187  VDWAALS    =     21508.9671
 EELEC  =   -156567.5055  EHBOND  =         0.0000  RESTRAINT  =         0.0000
 ------------------------------------------------------------------------------


 NSTEP =      700   TIME(PS) =      21.400  TEMP(K) =   207.26  PRESS =     0.0
 Etot   =   -121432.6595  EKtot   =     15253.9824  EPtot      =   -136686.6419
 BOND   =       165.4485  ANGLE   =       425.4183  DIHED      =       903.0160
 1-4 NB =       291.5750  1-4 EEL =     -3655.0472  VDWAALS    =     21508.4372
 EELEC  =   -156325.4896  EHBOND  =         0.0000  RESTRAINT  =         0.0000
 ------------------------------------------------------------------------------


 NSTEP =      750   TIME(PS) =      21.500  TEMP(K) =   207.43  PRESS =     0.0
 Etot   =   -121198.5824  EKtot   =     15266.8887  EPtot      =   -136465.4711
 BOND   =       187.1664  ANGLE   =       440.6311  DIHED      =       901.8751
 1-4 NB =       276.5947  1-4 EEL =     -3658.0868  VDWAALS    =     21059.1039
 EELEC  =   -155672.7555  EHBOND  =         0.0000  RESTRAINT  =         0.0000
 ------------------------------------------------------------------------------


 NSTEP =      800   TIME(PS) =      21.600  TEMP(K) =   209.74  PRESS =     0.0
 Etot   =   -120973.9379  EKtot   =     15436.9277  EPtot      =   -136410.8656
 BOND   =       186.2867  ANGLE   =       418.3883  DIHED      =       899.8122
 1-4 NB =       283.2482  1-4 EEL =     -3653.0703  VDWAALS    =     21356.1093
 EELEC  =   -155901.6401  EHBOND  =         0.0000  RESTRAINT  =         0.0000
 ------------------------------------------------------------------------------


 NSTEP =      850   TIME(PS) =      21.700  TEMP(K) =   211.12  PRESS =     0.0
 Etot   =   -120757.2051  EKtot   =     15537.8516  EPtot      =   -136295.0567
 BOND   =       177.1635  ANGLE   =       450.5647  DIHED      =       886.0742
 1-4 NB =       285.6084  1-4 EEL =     -3675.2595  VDWAALS    =     21465.0005
 EELEC  =   -155884.2084  EHBOND  =         0.0000  RESTRAINT  =         0.0000
 ------------------------------------------------------------------------------


 NSTEP =      900   TIME(PS) =      21.800  TEMP(K) =   211.44  PRESS =     0.0
 Etot   =   -120546.4382  EKtot   =     15561.7666  EPtot      =   -136108.2048
 BOND   =       173.2350  ANGLE   =       431.7887  DIHED      =       873.6180
 1-4 NB =       280.2054  1-4 EEL =     -3635.5075  VDWAALS    =     21092.4016
 EELEC  =   -155323.9459  EHBOND  =         0.0000  RESTRAINT  =         0.0000
 ------------------------------------------------------------------------------


 NSTEP =      950   TIME(PS) =      21.900  TEMP(K) =   212.72  PRESS =     0.0
 Etot   =   -120340.7907  EKtot   =     15656.0830  EPtot      =   -135996.8737
 BOND   =       176.9069  ANGLE   =       439.6271  DIHED      =       879.8615
 1-4 NB =       278.6554  1-4 EEL =     -3653.4971  VDWAALS    =     21408.7562
 EELEC  =   -155527.1837  EHBOND  =         0.0000  RESTRAINT  =         0.0000
 ------------------------------------------------------------------------------

check COM velocity, temp:        0.000003     0.00(Removed)

 NSTEP =     1000   TIME(PS) =      22.000  TEMP(K) =   212.81  PRESS =     0.0
 Etot   =   -120131.2286  EKtot   =     15662.8301  EPtot      =   -135794.0587
 BOND   =       168.0549  ANGLE   =       429.3894  DIHED      =       892.7777
 1-4 NB =       275.6684  1-4 EEL =     -3651.7730  VDWAALS    =     20758.2717
 EELEC  =   -154666.4477  EHBOND  =         0.0000  RESTRAINT  =         0.0000
 ------------------------------------------------------------------------------


 NSTEP =     1050   TIME(PS) =      22.100  TEMP(K) =   213.07  PRESS =     0.0
 Etot   =   -119927.1072  EKtot   =     15681.6826  EPtot      =   -135608.7899
 BOND   =       167.0305  ANGLE   =       451.4938  DIHED      =       888.4633
 1-4 NB =       280.8991  1-4 EEL =     -3646.7687  VDWAALS    =     20939.0738
 EELEC  =   -154688.9816  EHBOND  =         0.0000  RESTRAINT  =         0.0000
 ------------------------------------------------------------------------------


 NSTEP =     1100   TIME(PS) =      22.200  TEMP(K) =   216.01  PRESS =     0.0
 Etot   =   -119731.6859  EKtot   =     15898.3516  EPtot      =   -135630.0375
 BOND   =       180.9614  ANGLE   =       441.8438  DIHED      =       889.6980
 1-4 NB =       280.2589  1-4 EEL =     -3650.9120  VDWAALS    =     21161.2466
 EELEC  =   -154933.1342  EHBOND  =         0.0000  RESTRAINT  =         0.0000
 ------------------------------------------------------------------------------


 NSTEP =     1150   TIME(PS) =      22.300  TEMP(K) =   217.20  PRESS =     0.0
 Etot   =   -119540.7163  EKtot   =     15985.8350  EPtot      =   -135526.5512
 BOND   =       181.5132  ANGLE   =       460.0761  DIHED      =       896.6130
 1-4 NB =       282.1110  1-4 EEL =     -3628.2270  VDWAALS    =     20904.4965
 EELEC  =   -154623.1340  EHBOND  =         0.0000  RESTRAINT  =         0.0000
 ------------------------------------------------------------------------------


 NSTEP =     1200   TIME(PS) =      22.400  TEMP(K) =   217.93  PRESS =     0.0
 Etot   =   -119355.0798  EKtot   =     16039.6367  EPtot      =   -135394.7165
 BOND   =       171.9264  ANGLE   =       440.2881  DIHED      =       885.3284
 1-4 NB =       285.1641  1-4 EEL =     -3640.4372  VDWAALS    =     20826.3855
 EELEC  =   -154363.3718  EHBOND  =         0.0000  RESTRAINT  =         0.0000
 ------------------------------------------------------------------------------


 NSTEP =     1250   TIME(PS) =      22.500  TEMP(K) =   217.14  PRESS =     0.0
 Etot   =   -119171.2737  EKtot   =     15981.4492  EPtot      =   -135152.7230
 BOND   =       178.0573  ANGLE   =       461.6386  DIHED      =       891.9133
 1-4 NB =       287.0018  1-4 EEL =     -3657.2271  VDWAALS    =     20684.5469
 EELEC  =   -153998.6537  EHBOND  =         0.0000  RESTRAINT  =         0.0000
 ------------------------------------------------------------------------------


 NSTEP =     1300   TIME(PS) =      22.600  TEMP(K) =   216.72  PRESS =     0.0
 Etot   =   -118986.9174  EKtot   =     15950.6250  EPtot      =   -134937.5424
 BOND   =       182.0127  ANGLE   =       440.0952  DIHED      =       899.4752
 1-4 NB =       288.1645  1-4 EEL =     -3644.0478  VDWAALS    =     20474.3950
 EELEC  =   -153577.6370  EHBOND  =         0.0000  RESTRAINT  =         0.0000
 ------------------------------------------------------------------------------


 NSTEP =     1350   TIME(PS) =      22.700  TEMP(K) =   219.15  PRESS =     0.0
 Etot   =   -118807.6400  EKtot   =     16128.9482  EPtot      =   -134936.5882
 BOND   =       192.9223  ANGLE   =       454.4186  DIHED      =       901.2291
 1-4 NB =       291.2680  1-4 EEL =     -3677.4796  VDWAALS    =     20648.0074
 EELEC  =   -153746.9541  EHBOND  =         0.0000  RESTRAINT  =         0.0000
 ------------------------------------------------------------------------------


 NSTEP =     1400   TIME(PS) =      22.800  TEMP(K) =   222.55  PRESS =     0.0
 Etot   =   -118639.8159  EKtot   =     16379.1953  EPtot      =   -135019.0113
 BOND   =       194.7022  ANGLE   =       439.8723  DIHED      =       909.4485
 1-4 NB =       284.9041  1-4 EEL =     -3659.9861  VDWAALS    =     20734.0055
 EELEC  =   -153921.9578  EHBOND  =         0.0000  RESTRAINT  =         0.0000
 ------------------------------------------------------------------------------


 NSTEP =     1450   TIME(PS) =      22.900  TEMP(K) =   221.22  PRESS =     0.0
 Etot   =   -118474.1207  EKtot   =     16281.6074  EPtot      =   -134755.7281
 BOND   =       207.0911  ANGLE   =       457.6548  DIHED      =       892.9745
 1-4 NB =       289.9595  1-4 EEL =     -3652.3558  VDWAALS    =     20410.2389
 EELEC  =   -153361.2912  EHBOND  =         0.0000  RESTRAINT  =         0.0000
 ------------------------------------------------------------------------------


 NSTEP =     1500   TIME(PS) =      23.000  TEMP(K) =   222.42  PRESS =     0.0
 Etot   =   -118310.9180  EKtot   =     16369.6152  EPtot      =   -134680.5332
 BOND   =       188.6118  ANGLE   =       482.2740  DIHED      =       903.4420
 1-4 NB =       285.1367  1-4 EEL =     -3651.0873  VDWAALS    =     20519.8556
 EELEC  =   -153408.7660  EHBOND  =         0.0000  RESTRAINT  =         0.0000
 ------------------------------------------------------------------------------


 NSTEP =     1550   TIME(PS) =      23.100  TEMP(K) =   223.71  PRESS =     0.0
 Etot   =   -118153.2959  EKtot   =     16464.4258  EPtot      =   -134617.7217
 BOND   =       188.9060  ANGLE   =       465.5097  DIHED      =       899.9677
 1-4 NB =       291.5610  1-4 EEL =     -3672.7544  VDWAALS    =     20406.2817
 EELEC  =   -153197.1933  EHBOND  =         0.0000  RESTRAINT  =         0.0000
 ------------------------------------------------------------------------------


 NSTEP =     1600   TIME(PS) =      23.200  TEMP(K) =   224.88  PRESS =     0.0
 Etot   =   -117993.3563  EKtot   =     16551.1504  EPtot      =   -134544.5067
 BOND   =       200.2435  ANGLE   =       447.5030  DIHED      =       906.9915
 1-4 NB =       278.4776  1-4 EEL =     -3641.0876  VDWAALS    =     20209.6501
 EELEC  =   -152946.2849  EHBOND  =         0.0000  RESTRAINT  =         0.0000
 ------------------------------------------------------------------------------


 NSTEP =     1650   TIME(PS) =      23.300  TEMP(K) =   221.81  PRESS =     0.0
 Etot   =   -117839.6096  EKtot   =     16325.1240  EPtot      =   -134164.7336
 BOND   =       184.7596  ANGLE   =       477.8971  DIHED      =       901.7247
 1-4 NB =       283.0700  1-4 EEL =     -3621.9371  VDWAALS    =     20512.6638
 EELEC  =   -152902.9116  EHBOND  =         0.0000  RESTRAINT  =         0.0000
 ------------------------------------------------------------------------------


 NSTEP =     1700   TIME(PS) =      23.400  TEMP(K) =   224.77  PRESS =     0.0
 Etot   =   -117691.0938  EKtot   =     16543.0684  EPtot      =   -134234.1622
 BOND   =       182.9742  ANGLE   =       487.6227  DIHED      =       888.0943
 1-4 NB =       286.2842  1-4 EEL =     -3644.3194  VDWAALS    =     20595.2133
 EELEC  =   -153030.0316  EHBOND  =         0.0000  RESTRAINT  =         0.0000
 ------------------------------------------------------------------------------


 NSTEP =     1750   TIME(PS) =      23.500  TEMP(K) =   224.22  PRESS =     0.0
 Etot   =   -117545.6750  EKtot   =     16502.1523  EPtot      =   -134047.8274
 BOND   =       199.5662  ANGLE   =       465.5333  DIHED      =       894.7905
 1-4 NB =       277.2612  1-4 EEL =     -3651.7766  VDWAALS    =     20167.7657
 EELEC  =   -152400.9676  EHBOND  =         0.0000  RESTRAINT  =         0.0000
 ------------------------------------------------------------------------------


 NSTEP =     1800   TIME(PS) =      23.600  TEMP(K) =   226.25  PRESS =     0.0
 Etot   =   -117399.8937  EKtot   =     16651.8594  EPtot      =   -134051.7531
 BOND   =       187.4815  ANGLE   =       467.6352  DIHED      =       901.6717
 1-4 NB =       281.2597  1-4 EEL =     -3650.0097  VDWAALS    =     20096.9872
 EELEC  =   -152336.7788  EHBOND  =         0.0000  RESTRAINT  =         0.0000
 ------------------------------------------------------------------------------


 NSTEP =     1850   TIME(PS) =      23.700  TEMP(K) =   227.49  PRESS =     0.0
 Etot   =   -117257.1310  EKtot   =     16743.0273  EPtot      =   -134000.1584
 BOND   =       199.0341  ANGLE   =       467.3340  DIHED      =       889.4529
 1-4 NB =       277.6675  1-4 EEL =     -3637.6348  VDWAALS    =     20094.5071
 EELEC  =   -152290.5191  EHBOND  =         0.0000  RESTRAINT  =         0.0000
 ------------------------------------------------------------------------------


 NSTEP =     1900   TIME(PS) =      23.800  TEMP(K) =   226.03  PRESS =     0.0
 Etot   =   -117122.7147  EKtot   =     16635.2188  EPtot      =   -133757.9335
 BOND   =       201.6843  ANGLE   =       469.8146  DIHED      =       897.2794
 1-4 NB =       298.8541  1-4 EEL =     -3658.2798  VDWAALS    =     20185.1373
 EELEC  =   -152152.4234  EHBOND  =         0.0000  RESTRAINT  =         0.0000
 ------------------------------------------------------------------------------


 NSTEP =     1950   TIME(PS) =      23.900  TEMP(K) =   228.92  PRESS =     0.0
 Etot   =   -116985.5912  EKtot   =     16848.1953  EPtot      =   -133833.7865
 BOND   =       189.9238  ANGLE   =       469.6864  DIHED      =       887.5209
 1-4 NB =       280.9801  1-4 EEL =     -3644.4009  VDWAALS    =     19919.8628
 EELEC  =   -151937.3595  EHBOND  =         0.0000  RESTRAINT  =         0.0000
 ------------------------------------------------------------------------------

check COM velocity, temp:        0.000005     0.00(Removed)

 NSTEP =     2000   TIME(PS) =      24.000  TEMP(K) =   229.57  PRESS =     0.0
 Etot   =   -116856.3766  EKtot   =     16896.2812  EPtot      =   -133752.6579
 BOND   =       183.8188  ANGLE   =       459.2553  DIHED      =       890.2007
 1-4 NB =       279.6224  1-4 EEL =     -3632.8661  VDWAALS    =     20170.0459
 EELEC  =   -152102.7350  EHBOND  =         0.0000  RESTRAINT  =         0.0000
 ------------------------------------------------------------------------------


 NSTEP =     2050   TIME(PS) =      24.100  TEMP(K) =   229.16  PRESS =     0.0
 Etot   =   -116730.4026  EKtot   =     16865.5078  EPtot      =   -133595.9104
 BOND   =       196.6303  ANGLE   =       469.2858  DIHED      =       895.0518
 1-4 NB =       282.1311  1-4 EEL =     -3626.4125  VDWAALS    =     20132.4638
 EELEC  =   -151945.0608  EHBOND  =         0.0000  RESTRAINT  =         0.0000
 ------------------------------------------------------------------------------


 NSTEP =     2100   TIME(PS) =      24.200  TEMP(K) =   230.15  PRESS =     0.0
 Etot   =   -116602.8293  EKtot   =     16938.3750  EPtot      =   -133541.2043
 BOND   =       207.0151  ANGLE   =       469.8242  DIHED      =       887.2248
 1-4 NB =       289.0951  1-4 EEL =     -3639.6159  VDWAALS    =     20124.9405
 EELEC  =   -151879.6880  EHBOND  =         0.0000  RESTRAINT  =         0.0000
 ------------------------------------------------------------------------------


 NSTEP =     2150   TIME(PS) =      24.300  TEMP(K) =   229.60  PRESS =     0.0
 Etot   =   -116474.7389  EKtot   =     16898.5352  EPtot      =   -133373.2741
 BOND   =       186.6808  ANGLE   =       478.8239  DIHED      =       892.2097
 1-4 NB =       283.5071  1-4 EEL =     -3638.5755  VDWAALS    =     19852.1692
 EELEC  =   -151428.0892  EHBOND  =         0.0000  RESTRAINT  =         0.0000
 ------------------------------------------------------------------------------


 NSTEP =     2200   TIME(PS) =      24.400  TEMP(K) =   229.84  PRESS =     0.0
 Etot   =   -116351.9564  EKtot   =     16916.0176  EPtot      =   -133267.9740
 BOND   =       203.8940  ANGLE   =       491.2677  DIHED      =       900.4326
 1-4 NB =       284.6224  1-4 EEL =     -3668.1254  VDWAALS    =     19943.2811
 EELEC  =   -151423.3465  EHBOND  =         0.0000  RESTRAINT  =         0.0000
 ------------------------------------------------------------------------------


 NSTEP =     2250   TIME(PS) =      24.500  TEMP(K) =   229.85  PRESS =     0.0
 Etot   =   -116227.2712  EKtot   =     16916.7500  EPtot      =   -133144.0212
 BOND   =       195.6330  ANGLE   =       477.5841  DIHED      =       887.4072
 1-4 NB =       273.2946  1-4 EEL =     -3665.7356  VDWAALS    =     19738.3327
 EELEC  =   -151050.5371  EHBOND  =         0.0000  RESTRAINT  =         0.0000
 ------------------------------------------------------------------------------


 NSTEP =     2300   TIME(PS) =      24.600  TEMP(K) =   232.02  PRESS =     0.0
 Etot   =   -116106.8958  EKtot   =     17076.5820  EPtot      =   -133183.4778
 BOND   =       206.7507  ANGLE   =       481.2532  DIHED      =       885.0749
 1-4 NB =       280.9296  1-4 EEL =     -3667.8263  VDWAALS    =     19665.4501
 EELEC  =   -151035.1100  EHBOND  =         0.0000  RESTRAINT  =         0.0000
 ------------------------------------------------------------------------------


 NSTEP =     2350   TIME(PS) =      24.700  TEMP(K) =   230.86  PRESS =     0.0
 Etot   =   -115988.2691  EKtot   =     16991.0020  EPtot      =   -132979.2710
 BOND   =       215.9051  ANGLE   =       495.3876  DIHED      =       887.1572
 1-4 NB =       284.3604  1-4 EEL =     -3657.8252  VDWAALS    =     19652.0811
 EELEC  =   -150856.3372  EHBOND  =         0.0000  RESTRAINT  =         0.0000
 ------------------------------------------------------------------------------


 NSTEP =     2400   TIME(PS) =      24.800  TEMP(K) =   229.38  PRESS =     0.0
 Etot   =   -115867.9652  EKtot   =     16881.7715  EPtot      =   -132749.7367
 BOND   =       199.1251  ANGLE   =       484.6394  DIHED      =       898.1795
 1-4 NB =       279.8303  1-4 EEL =     -3652.6842  VDWAALS    =     19628.1882
 EELEC  =   -150587.0150  EHBOND  =         0.0000  RESTRAINT  =         0.0000
 ------------------------------------------------------------------------------


 NSTEP =     2450   TIME(PS) =      24.900  TEMP(K) =   232.13  PRESS =     0.0
 Etot   =   -115750.6820  EKtot   =     17084.2207  EPtot      =   -132834.9027
 BOND   =       213.8239  ANGLE   =       471.1201  DIHED      =       905.7165
 1-4 NB =       287.8834  1-4 EEL =     -3638.0851  VDWAALS    =     19713.0445
 EELEC  =   -150788.4060  EHBOND  =         0.0000  RESTRAINT  =         0.0000
 ------------------------------------------------------------------------------


 NSTEP =     2500   TIME(PS) =      25.000  TEMP(K) =   234.40  PRESS =     0.0
 Etot   =   -115641.5118  EKtot   =     17251.6895  EPtot      =   -132893.2012
 BOND   =       194.8758  ANGLE   =       482.5787  DIHED      =       880.3309
 1-4 NB =       286.5246  1-4 EEL =     -3647.8390  VDWAALS    =     19602.3860
 EELEC  =   -150692.0581  EHBOND  =         0.0000  RESTRAINT  =         0.0000
 ------------------------------------------------------------------------------


 NSTEP =     2550   TIME(PS) =      25.100  TEMP(K) =   232.74  PRESS =     0.0
 Etot   =   -115531.0482  EKtot   =     17129.1621  EPtot      =   -132660.2103
 BOND   =       217.5812  ANGLE   =       472.2250  DIHED      =       896.0248
 1-4 NB =       284.2008  1-4 EEL =     -3639.0201  VDWAALS    =     19859.1819
 EELEC  =   -150750.4039  EHBOND  =         0.0000  RESTRAINT  =         0.0000
 ------------------------------------------------------------------------------


 NSTEP =     2600   TIME(PS) =      25.200  TEMP(K) =   232.51  PRESS =     0.0
 Etot   =   -115425.2211  EKtot   =     17112.4844  EPtot      =   -132537.7055
 BOND   =       212.5269  ANGLE   =       492.2920  DIHED      =       895.9364
 1-4 NB =       283.5051  1-4 EEL =     -3659.5150  VDWAALS    =     19192.8203
 EELEC  =   -149955.2713  EHBOND  =         0.0000  RESTRAINT  =         0.0000
 ------------------------------------------------------------------------------


 NSTEP =     2650   TIME(PS) =      25.300  TEMP(K) =   233.16  PRESS =     0.0
 Etot   =   -115310.2866  EKtot   =     17160.4805  EPtot      =   -132470.7670
 BOND   =       197.3444  ANGLE   =       481.3997  DIHED      =       910.9183
 1-4 NB =       277.0032  1-4 EEL =     -3606.5378  VDWAALS    =     19301.0705
 EELEC  =   -150031.9655  EHBOND  =         0.0000  RESTRAINT  =         0.0000
 ------------------------------------------------------------------------------


 NSTEP =     2700   TIME(PS) =      25.400  TEMP(K) =   235.91  PRESS =     0.0
 Etot   =   -115209.5203  EKtot   =     17362.5410  EPtot      =   -132572.0613
 BOND   =       205.9546  ANGLE   =       474.5984  DIHED      =       909.4386
 1-4 NB =       279.9969  1-4 EEL =     -3628.2645  VDWAALS    =     19756.4376
 EELEC  =   -150570.2228  EHBOND  =         0.0000  RESTRAINT  =         0.0000
 ------------------------------------------------------------------------------


 NSTEP =     2750   TIME(PS) =      25.500  TEMP(K) =   234.24  PRESS =     0.0
 Etot   =   -115109.7333  EKtot   =     17239.5762  EPtot      =   -132349.3094
 BOND   =       211.7640  ANGLE   =       490.2985  DIHED      =       898.1903
 1-4 NB =       284.0786  1-4 EEL =     -3639.2875  VDWAALS    =     19556.5117
 EELEC  =   -150150.8652  EHBOND  =         0.0000  RESTRAINT  =         0.0000
 ------------------------------------------------------------------------------


 NSTEP =     2800   TIME(PS) =      25.600  TEMP(K) =   234.90  PRESS =     0.0
 Etot   =   -115006.0864  EKtot   =     17288.1387  EPtot      =   -132294.2251
 BOND   =       189.5682  ANGLE   =       493.3211  DIHED      =       910.5361
 1-4 NB =       281.7469  1-4 EEL =     -3620.7984  VDWAALS    =     19214.8672
 EELEC  =   -149763.4662  EHBOND  =         0.0000  RESTRAINT  =         0.0000
 ------------------------------------------------------------------------------


 NSTEP =     2850   TIME(PS) =      25.700  TEMP(K) =   235.47  PRESS =     0.0
 Etot   =   -114910.3354  EKtot   =     17330.1641  EPtot      =   -132240.4995
 BOND   =       202.8874  ANGLE   =       504.3636  DIHED      =       908.4684
 1-4 NB =       280.0785  1-4 EEL =     -3661.1311  VDWAALS    =     19464.0532
 EELEC  =   -149939.2196  EHBOND  =         0.0000  RESTRAINT  =         0.0000
 ------------------------------------------------------------------------------


 NSTEP =     2900   TIME(PS) =      25.800  TEMP(K) =   235.94  PRESS =     0.0
 Etot   =   -114814.5286  EKtot   =     17364.8887  EPtot      =   -132179.4173
 BOND   =       202.6048  ANGLE   =       493.7222  DIHED      =       898.5604
 1-4 NB =       290.9674  1-4 EEL =     -3642.8029  VDWAALS    =     19235.1234
 EELEC  =   -149657.5926  EHBOND  =         0.0000  RESTRAINT  =         0.0000
 ------------------------------------------------------------------------------


 NSTEP =     2950   TIME(PS) =      25.900  TEMP(K) =   236.21  PRESS =     0.0
 Etot   =   -114718.6262  EKtot   =     17384.9980  EPtot      =   -132103.6243
 BOND   =       207.2345  ANGLE   =       498.5530  DIHED      =       902.7203
 1-4 NB =       268.9103  1-4 EEL =     -3643.8893  VDWAALS    =     19238.2306
 EELEC  =   -149575.3837  EHBOND  =         0.0000  RESTRAINT  =         0.0000
 ------------------------------------------------------------------------------

check COM velocity, temp:        0.000006     0.00(Removed)

 NSTEP =     3000   TIME(PS) =      26.000  TEMP(K) =   236.65  PRESS =     0.0
 Etot   =   -114625.2061  EKtot   =     17417.4629  EPtot      =   -132042.6690
 BOND   =       194.2089  ANGLE   =       508.0659  DIHED      =       905.8983
 1-4 NB =       291.5383  1-4 EEL =     -3627.8494  VDWAALS    =     19117.5685
 EELEC  =   -149432.0995  EHBOND  =         0.0000  RESTRAINT  =         0.0000
 ------------------------------------------------------------------------------


 NSTEP =     3050   TIME(PS) =      26.100  TEMP(K) =   237.65  PRESS =     0.0
 Etot   =   -114534.2377  EKtot   =     17490.7930  EPtot      =   -132025.0307
 BOND   =       216.2966  ANGLE   =       496.2181  DIHED      =       907.7022
 1-4 NB =       277.8808  1-4 EEL =     -3644.2573  VDWAALS    =     19315.3254
 EELEC  =   -149594.1964  EHBOND  =         0.0000  RESTRAINT  =         0.0000
 ------------------------------------------------------------------------------


 NSTEP =     3100   TIME(PS) =      26.200  TEMP(K) =   237.01  PRESS =     0.0
 Etot   =   -114443.4961  EKtot   =     17443.8828  EPtot      =   -131887.3789
 BOND   =       202.9121  ANGLE   =       514.7935  DIHED      =       904.5323
 1-4 NB =       290.4676  1-4 EEL =     -3633.8791  VDWAALS    =     19152.6517
 EELEC  =   -149318.8569  EHBOND  =         0.0000  RESTRAINT  =         0.0000
 ------------------------------------------------------------------------------


 NSTEP =     3150   TIME(PS) =      26.300  TEMP(K) =   238.09  PRESS =     0.0
 Etot   =   -114355.2959  EKtot   =     17522.8066  EPtot      =   -131878.1025
 BOND   =       224.1637  ANGLE   =       501.0306  DIHED      =       918.6801
 1-4 NB =       287.9210  1-4 EEL =     -3651.2636  VDWAALS    =     19087.5517
 EELEC  =   -149246.1860  EHBOND  =         0.0000  RESTRAINT  =         0.0000
 ------------------------------------------------------------------------------


 NSTEP =     3200   TIME(PS) =      26.400  TEMP(K) =   236.53  PRESS =     0.0
 Etot   =   -114268.9174  EKtot   =     17408.4844  EPtot      =   -131677.4018
 BOND   =       214.2367  ANGLE   =       514.6868  DIHED      =       911.9980
 1-4 NB =       290.3816  1-4 EEL =     -3674.0252  VDWAALS    =     18960.5722
 EELEC  =   -148895.2519  EHBOND  =         0.0000  RESTRAINT  =         0.0000
 ------------------------------------------------------------------------------


 NSTEP =     3250   TIME(PS) =      26.500  TEMP(K) =   238.07  PRESS =     0.0
 Etot   =   -114183.2756  EKtot   =     17521.3281  EPtot      =   -131704.6037
 BOND   =       230.0815  ANGLE   =       521.4491  DIHED      =       912.6408
 1-4 NB =       283.1124  1-4 EEL =     -3660.8503  VDWAALS    =     19037.3019
 EELEC  =   -149028.3390  EHBOND  =         0.0000  RESTRAINT  =         0.0000
 ------------------------------------------------------------------------------


 NSTEP =     3300   TIME(PS) =      26.600  TEMP(K) =   237.26  PRESS =     0.0
 Etot   =   -114096.3550  EKtot   =     17462.0898  EPtot      =   -131558.4448
 BOND   =       218.5718  ANGLE   =       517.8203  DIHED      =       904.2791
 1-4 NB =       297.9441  1-4 EEL =     -3659.2991  VDWAALS    =     19164.4438
 EELEC  =   -149002.2048  EHBOND  =         0.0000  RESTRAINT  =         0.0000
 ------------------------------------------------------------------------------


 NSTEP =     3350   TIME(PS) =      26.700  TEMP(K) =   237.21  PRESS =     0.0
 Etot   =   -114007.8351  EKtot   =     17458.4590  EPtot      =   -131466.2941
 BOND   =       214.5099  ANGLE   =       525.1841  DIHED      =       908.1983
 1-4 NB =       280.1969  1-4 EEL =     -3628.5769  VDWAALS    =     19252.4123
 EELEC  =   -149018.2186  EHBOND  =         0.0000  RESTRAINT  =         0.0000
 ------------------------------------------------------------------------------


 NSTEP =     3400   TIME(PS) =      26.800  TEMP(K) =   239.05  PRESS =     0.0
 Etot   =   -113929.6591  EKtot   =     17593.6855  EPtot      =   -131523.3446
 BOND   =       209.1223  ANGLE   =       511.0990  DIHED      =       901.3480
 1-4 NB =       278.5715  1-4 EEL =     -3628.7532  VDWAALS    =     19178.6398
 EELEC  =   -148973.3721  EHBOND  =         0.0000  RESTRAINT  =         0.0000
 ------------------------------------------------------------------------------


 NSTEP =     3450   TIME(PS) =      26.900  TEMP(K) =   238.96  PRESS =     0.0
 Etot   =   -113851.8793  EKtot   =     17586.9395  EPtot      =   -131438.8188
 BOND   =       227.0239  ANGLE   =       498.4206  DIHED      =       915.2947
 1-4 NB =       284.2975  1-4 EEL =     -3617.8848  VDWAALS    =     18970.4453
 EELEC  =   -148716.4160  EHBOND  =         0.0000  RESTRAINT  =         0.0000
 ------------------------------------------------------------------------------


 NSTEP =     3500   TIME(PS) =      27.000  TEMP(K) =   239.77  PRESS =     0.0
 Etot   =   -113772.2134  EKtot   =     17646.7090  EPtot      =   -131418.9223
 BOND   =       238.2070  ANGLE   =       510.0650  DIHED      =       910.5526
 1-4 NB =       286.0070  1-4 EEL =     -3655.6579  VDWAALS    =     18847.7180
 EELEC  =   -148555.8140  EHBOND  =         0.0000  RESTRAINT  =         0.0000
 ------------------------------------------------------------------------------


 NSTEP =     3550   TIME(PS) =      27.100  TEMP(K) =   238.14  PRESS =     0.0
 Etot   =   -113694.9518  EKtot   =     17527.0078  EPtot      =   -131221.9597
 BOND   =       229.3225  ANGLE   =       510.2897  DIHED      =       916.7404
 1-4 NB =       296.3432  1-4 EEL =     -3639.5050  VDWAALS    =     19041.1020
 EELEC  =   -148576.2525  EHBOND  =         0.0000  RESTRAINT  =         0.0000
 ------------------------------------------------------------------------------


 NSTEP =     3600   TIME(PS) =      27.200  TEMP(K) =   238.97  PRESS =     0.0
 Etot   =   -113616.8149  EKtot   =     17587.5625  EPtot      =   -131204.3774
 BOND   =       231.4069  ANGLE   =       514.0841  DIHED      =       892.9273
 1-4 NB =       287.8764  1-4 EEL =     -3639.0910  VDWAALS    =     18786.8520
 EELEC  =   -148278.4330  EHBOND  =         0.0000  RESTRAINT  =         0.0000
 ------------------------------------------------------------------------------


 NSTEP =     3650   TIME(PS) =      27.300  TEMP(K) =   239.84  PRESS =     0.0
 Etot   =   -113543.0186  EKtot   =     17651.5820  EPtot      =   -131194.6006
 BOND   =       211.1232  ANGLE   =       515.9107  DIHED      =       908.6010
 1-4 NB =       287.5265  1-4 EEL =     -3658.7890  VDWAALS    =     18864.3099
 EELEC  =   -148323.2829  EHBOND  =         0.0000  RESTRAINT  =         0.0000
 ------------------------------------------------------------------------------


 NSTEP =     3700   TIME(PS) =      27.400  TEMP(K) =   239.56  PRESS =     0.0
 Etot   =   -113471.2194  EKtot   =     17631.2461  EPtot      =   -131102.4654
 BOND   =       225.7549  ANGLE   =       519.7009  DIHED      =       917.7787
 1-4 NB =       279.7330  1-4 EEL =     -3636.7399  VDWAALS    =     18724.4170
 EELEC  =   -148133.1100  EHBOND  =         0.0000  RESTRAINT  =         0.0000
 ------------------------------------------------------------------------------


 NSTEP =     3750   TIME(PS) =      27.500  TEMP(K) =   238.98  PRESS =     0.0
 Etot   =   -113397.5730  EKtot   =     17588.6777  EPtot      =   -130986.2507
 BOND   =       214.6279  ANGLE   =       513.8578  DIHED      =       912.9080
 1-4 NB =       289.8349  1-4 EEL =     -3634.3923  VDWAALS    =     18701.9705
 EELEC  =   -147985.0574  EHBOND  =         0.0000  RESTRAINT  =         0.0000
 ------------------------------------------------------------------------------


 NSTEP =     3800   TIME(PS) =      27.600  TEMP(K) =   240.94  PRESS =     0.0
 Etot   =   -113323.3711  EKtot   =     17732.9609  EPtot      =   -131056.3321
 BOND   =       227.4505  ANGLE   =       506.0699  DIHED      =       909.8816
 1-4 NB =       281.7777  1-4 EEL =     -3630.5941  VDWAALS    =     18552.6867
 EELEC  =   -147903.6043  EHBOND  =         0.0000  RESTRAINT  =         0.0000
 ------------------------------------------------------------------------------


 NSTEP =     3850   TIME(PS) =      27.700  TEMP(K) =   241.79  PRESS =     0.0
 Etot   =   -113257.2646  EKtot   =     17795.4434  EPtot      =   -131052.7080
 BOND   =       226.4827  ANGLE   =       541.0076  DIHED      =       906.6797
 1-4 NB =       282.7321  1-4 EEL =     -3658.3137  VDWAALS    =     18815.4250
 EELEC  =   -148166.7214  EHBOND  =         0.0000  RESTRAINT  =         0.0000
 ------------------------------------------------------------------------------


 NSTEP =     3900   TIME(PS) =      27.800  TEMP(K) =   242.04  PRESS =     0.0
 Etot   =   -113197.4368  EKtot   =     17813.6699  EPtot      =   -131011.1067
 BOND   =       241.2929  ANGLE   =       494.9682  DIHED      =       903.3759
 1-4 NB =       282.0852  1-4 EEL =     -3634.9250  VDWAALS    =     18680.0858
 EELEC  =   -147977.9896  EHBOND  =         0.0000  RESTRAINT  =         0.0000
 ------------------------------------------------------------------------------


 NSTEP =     3950   TIME(PS) =      27.900  TEMP(K) =   241.21  PRESS =     0.0
 Etot   =   -113126.9411  EKtot   =     17753.0645  EPtot      =   -130880.0055
 BOND   =       219.3019  ANGLE   =       511.3914  DIHED      =       911.4864
 1-4 NB =       288.7090  1-4 EEL =     -3631.6434  VDWAALS    =     18743.8041
 EELEC  =   -147923.0550  EHBOND  =         0.0000  RESTRAINT  =         0.0000
 ------------------------------------------------------------------------------

check COM velocity, temp:        0.000011     0.00(Removed)

 NSTEP =     4000   TIME(PS) =      28.000  TEMP(K) =   241.16  PRESS =     0.0
 Etot   =   -113060.6773  EKtot   =     17748.7695  EPtot      =   -130809.4468
 BOND   =       211.9487  ANGLE   =       497.6729  DIHED      =       917.7108
 1-4 NB =       298.3947  1-4 EEL =     -3642.5434  VDWAALS    =     18581.0676
 EELEC  =   -147673.6982  EHBOND  =         0.0000  RESTRAINT  =         0.0000
 ------------------------------------------------------------------------------


      A V E R A G E S   O V E R      80 S T E P S


 NSTEP =     4000   TIME(PS) =      28.000  TEMP(K) =   223.99  PRESS =     0.0
 Etot   =   -117516.0427  EKtot   =     16485.0916  EPtot      =   -134001.1342
 BOND   =       195.1118  ANGLE   =       470.4839  DIHED      =       897.1763
 1-4 NB =       283.1485  1-4 EEL =     -3645.5058  VDWAALS    =     20128.9239
 EELEC  =   -152330.4728  EHBOND  =         0.0000  RESTRAINT  =         0.0000
 ------------------------------------------------------------------------------


      R M S  F L U C T U A T I O N S


 NSTEP =     4000   TIME(PS) =      28.000  TEMP(K) =    14.84  PRESS =     0.0
 Etot   =      3385.6659  EKtot   =      1092.0064  EPtot      =      2302.4748
 BOND   =        22.1752  ANGLE   =        34.6670  DIHED      =        11.7241
 1-4 NB =         6.0712  1-4 EEL =        14.2891  VDWAALS    =      1011.4883
 EELEC  =      3237.6591  EHBOND  =         0.0000  RESTRAINT  =         0.0000
 ------------------------------------------------------------------------------

--------------------------------------------------------------------------------
   5.  TIMINGS
--------------------------------------------------------------------------------

|  NonSetup CPU Time in Major Routines:
|
|     Routine           Sec        %
|     ------------------------------
|     Nonbond           4.70   14.25
|     Bond              0.00    0.00
|     Angle             0.00    0.00
|     Dihedral          0.00    0.00
|     Shake             0.03    0.08
|     RunMD            28.22   85.64
|     Other             0.01    0.03
|     ------------------------------
|     Total            32.96

|  PME Nonbond Pairlist CPU Time:
|
|     Routine              Sec        %
|     ---------------------------------
|     Set Up Cit           0.00    0.00
|     Build List           0.00    0.00
|     ---------------------------------
|     Total                0.00    0.00

|  PME Direct Force CPU Time:
|
|     Routine              Sec        %
|     ---------------------------------
|     NonBonded Calc       0.00    0.00
|     Exclude Masked       0.00    0.00
|     Other                0.01    0.02
|     ---------------------------------
|     Total                0.01    0.02

|  PME Reciprocal Force CPU Time:
|
|     Routine              Sec        %
|     ---------------------------------
|     1D bspline           0.00    0.00
|     Grid Charges         0.00    0.00
|     Scalar Sum           0.00    0.00
|     Gradient Sum         0.00    0.00
|     FFT                  0.00    0.00
|     ---------------------------------
|     Total                0.00    0.00

|  Final Performance Info:
|     -----------------------------------------------------
|     Average timings for last    3950 steps:
|     Elapsed(s) =      33.71 Per Step(ms) =       8.53
|         ns/day =      20.25   seconds/ns =    4267.08
|
|     Average timings for all steps:
|     Elapsed(s) =      34.23 Per Step(ms) =       8.56
|         ns/day =      20.19   seconds/ns =    4279.00
|     -----------------------------------------------------

|  Setup CPU time:            1.68 seconds
|  NonSetup CPU time:        32.96 seconds
|  Total CPU time:           34.64 seconds     0.01 hours

|  Setup wall time:           2    seconds
|  NonSetup wall time:       34    seconds
|  Total wall time:          36    seconds     0.01 hours
