
          -------------------------------------------------------
          Amber 16 PMEMD                              2016
          -------------------------------------------------------

| PMEMD implementation of SANDER, Release 16

| Run on 01/17/2024 at 23:04:39

|   Executable path: pmemd.cuda
| Working directory: /home/students/keyq/fuben/input/7/nLA7right
|          Hostname: master

  [-O]verwriting output

File Assignments:
|   MDIN: min3.in                                                               
|  MDOUT: cmp_min3.out                                                          
| INPCRD: cmp_min2.rst                                                          
|   PARM: cmp.prmtop                                                            
| RESTRT: cmp_heat0.rst                                                         
|   REFC: cmp.inpcrd                                                            
|  MDVEL: mdvel                                                                 
|   MDEN: mden                                                                  
|  MDCRD: mdcrd                                                                 
| MDINFO: mdinfo                                                                
|  MDFRC: mdfrc                                                                 


 Here is the input file:

Initial minimisation of our structures                                         
 &cntrl                                                                        
  imin=1, maxcyc=10000, ncyc=5000,                                             
  cut=10, ntb=1,                                                               
/                                                                              


Note: ig = -1. Setting random seed to   657406 based on wallclock time in 
      microseconds.
 
|--------------------- INFORMATION ----------------------
| GPU (CUDA) Version of PMEMD in use: NVIDIA GPU IN USE.
|                    Version 16.0.0
| 
|                      02/25/2016
| 
| Implementation by:
|                    Ross C. Walker     (SDSC)
|                    Scott Le Grand     (nVIDIA)
| 
| Precision model in use:
|      [SPFP] - Single Precision Forces, 64-bit Fixed Point
|               Accumulation. (Default)
| 
|--------------------------------------------------------
 
|----------------- CITATION INFORMATION -----------------
|
|    When publishing work that utilized the CUDA version
|    of AMBER, please cite the following in addition to
|    the regular AMBER citations:
|
|  - Romelia Salomon-Ferrer; Andreas W. Goetz; Duncan
|    Poole; Scott Le Grand; Ross C. Walker "Routine
|    microsecond molecular dynamics simulations with
|    AMBER - Part II: Particle Mesh Ewald", J. Chem.
|    Theory Comput., 2013, 9 (9), pp3878-3888,
|    DOI: 10.1021/ct400314y.
|
|  - Andreas W. Goetz; Mark J. Williamson; Dong Xu;
|    Duncan Poole; Scott Le Grand; Ross C. Walker
|    "Routine microsecond molecular dynamics simulations
|    with AMBER - Part I: Generalized Born", J. Chem.
|    Theory Comput., 2012, 8 (5), pp1542-1555.
|
|  - Scott Le Grand; Andreas W. Goetz; Ross C. Walker
|    "SPFP: Speed without compromise - a mixed precision
|    model for GPU accelerated molecular dynamics
|    simulations.", Comp. Phys. Comm., 2013, 184
|    pp374-380, DOI: 10.1016/j.cpc.2012.09.022
|
|--------------------------------------------------------
 
|------------------- GPU DEVICE INFO --------------------
|
|            CUDA_VISIBLE_DEVICES: 0
|   CUDA Capable Devices Detected:      1
|           CUDA Device ID in use:      0
|                CUDA Device Name: Tesla V100-PCIE-32GB
|     CUDA Device Global Mem Size:  32510 MB
| CUDA Device Num Multiprocessors:     80
|           CUDA Device Core Freq:   1.38 GHz
|
|--------------------------------------------------------
 
 
| Conditional Compilation Defines Used:
| PUBFFT
| BINTRAJ
| CUDA
| EMIL

| Largest sphere to fit in unit cell has radius =    33.199

| New format PARM file being parsed.
| Version =    1.000 Date = 01/29/21 Time = 10:51:35

| Note: 1-4 EEL scale factors are being read from the topology file.

| Note: 1-4 VDW scale factors are being read from the topology file.
| Duplicated    0 dihedrals

| Duplicated    0 dihedrals

--------------------------------------------------------------------------------
   1.  RESOURCE   USE: 
--------------------------------------------------------------------------------

 getting box info from netcdf restart file
 NATOM  =   36670 NTYPES =      18 NBONH =   35934 MBONA  =     787
 NTHETH =     879 MTHETA =    1217 NPHIH =    1867 MPHIA  =    2445
 NHPARM =       0 NPARM  =       0 NNB   =   53471 NRES   =   11918
 NBONA  =     787 NTHETA =    1217 NPHIA =    2445 NUMBND =      73
 NUMANG =     152 NPTRA  =      87 NATYP =      37 NPHB   =       1
 IFBOX  =       2 NMXRS  =      34 IFCAP =       0 NEXTRA =       0
 NCOPY  =       0

| Coordinate Index Table dimensions:    13   13   13
| Direct force subcell size =     6.2555    6.2555    6.2555

     BOX TYPE: TRUNCATED OCTAHEDRON

--------------------------------------------------------------------------------
   2.  CONTROL  DATA  FOR  THE  RUN
--------------------------------------------------------------------------------

default_name                                                                    

General flags:
     imin    =       1, nmropt  =       0

Nature and format of input:
     ntx     =       1, irest   =       0, ntrx    =       1

Nature and format of output:
     ntxo    =       2, ntpr    =      50, ntrx    =       1, ntwr    =       1
     iwrap   =       0, ntwx    =       0, ntwv    =       0, ntwe    =       0
     ioutfm  =       1, ntwprt  =       0, idecomp =       0, rbornstat=      0

Potential function:
     ntf     =       1, ntb     =       1, igb     =       0, nsnb    =      25
     ipol    =       0, gbsa    =       0, iesp    =       0
     dielc   =   1.00000, cut     =  10.00000, intdiel =   1.00000

Frozen or restrained atoms:
     ibelly  =       0, ntr     =       0

Energy minimization:
     maxcyc  =   10000, ncyc    =    5000, ntmin   =       1
     dx0     =   0.01000, drms    =   0.00010

| Intermolecular bonds treatment:
|     no_intermolecular_bonds =       1

| Energy averages sample interval:
|     ene_avg_sampling =       1

Ewald parameters:
     verbose =       0, ew_type =       0, nbflag  =       1, use_pme =       1
     vdwmeth =       1, eedmeth =       1, netfrc  =       0
     Box X =   81.322   Box Y =   81.322   Box Z =   81.322
     Alpha =  109.471   Beta  =  109.471   Gamma =  109.471
     NFFT1 =   84       NFFT2 =   84       NFFT3 =   84
     Cutoff=   10.000   Tol   =0.100E-04
     Ewald Coefficient =  0.27511
     Interpolation order =    4

--------------------------------------------------------------------------------
   3.  ATOMIC COORDINATES AND VELOCITIES
--------------------------------------------------------------------------------

default_name                                                                    
 begin time read from input coords =     0.000 ps

 
 Number of triangulated 3-point waters found:    11852

     Sum of charges from parm topology file =   0.00000012
     Forcing neutrality...

| Dynamic Memory, Types Used:
| Reals              951865
| Integers           880780

| Nonbonded Pairs Initial Allocation:    11091758

| GPU memory information (estimate):
| KB of GPU memory in use:    176816
| KB of CPU memory in use:     65684

--------------------------------------------------------------------------------
   4.  RESULTS
--------------------------------------------------------------------------------

 ---------------------------------------------------
 APPROXIMATING switch and d/dx switch using CUBIC SPLINE INTERPOLATION
 using   5000.0 points per unit in tabled values
 TESTING RELATIVE ERROR over r ranging from 0.0 to cutoff
| CHECK switch(x): max rel err =   0.2738E-14   at   2.422500
| CHECK d/dx switch(x): max rel err =   0.8314E-11   at   2.736960
 ---------------------------------------------------
|---------------------------------------------------
| APPROXIMATING direct energy using CUBIC SPLINE INTERPOLATION
|  with   50.0 points per unit in tabled values
| Relative Error Limit not exceeded for r .gt.   2.33
| APPROXIMATING direct force using CUBIC SPLINE INTERPOLATION
|  with   50.0 points per unit in tabled values
| Relative Error Limit not exceeded for r .gt.   2.80
|---------------------------------------------------


   NSTEP       ENERGY          RMS            GMAX         NAME    NUMBER
      1      -1.6195E+05     4.0483E-02     1.9962E+00     C1'       356

 BOND    =    12208.2342  ANGLE   =      226.5553  DIHED      =      821.9245
 VDWAALS =    31504.2199  EEL     =  -203339.3947  HBOND      =        0.0000
 1-4 VDW =      256.6154  1-4 EEL =    -3627.3196  RESTRAINT  =        0.0000


   NSTEP       ENERGY          RMS            GMAX         NAME    NUMBER
     50      -1.6195E+05     1.7053E-02     7.1319E-01     C6        612

 BOND    =    12208.3593  ANGLE   =      226.4555  DIHED      =      822.0066
 VDWAALS =    31505.1043  EEL     =  -203341.6734  HBOND      =        0.0000
 1-4 VDW =      256.6402  1-4 EEL =    -3627.2291  RESTRAINT  =        0.0000


   NSTEP       ENERGY          RMS            GMAX         NAME    NUMBER
    100      -1.6195E+05     4.0365E-02     2.3969E+00     C6        612

 BOND    =    12208.4851  ANGLE   =      226.5290  DIHED      =      821.9983
 VDWAALS =    31505.5337  EEL     =  -203343.0515  HBOND      =        0.0000
 1-4 VDW =      256.6314  1-4 EEL =    -3627.2380  RESTRAINT  =        0.0000


   NSTEP       ENERGY          RMS            GMAX         NAME    NUMBER
    150      -1.6195E+05     5.1844E-02     2.5962E+00     H2      11557

 BOND    =    12208.8583  ANGLE   =      226.4282  DIHED      =      821.9910
 VDWAALS =    31505.9592  EEL     =  -203344.6309  HBOND      =        0.0000
 1-4 VDW =      256.6589  1-4 EEL =    -3627.2177  RESTRAINT  =        0.0000


   NSTEP       ENERGY          RMS            GMAX         NAME    NUMBER
    200      -1.6195E+05     2.1428E-02     6.5789E-01     O       28052

 BOND    =    12208.6435  ANGLE   =      226.3999  DIHED      =      821.9824
 VDWAALS =    31506.4642  EEL     =  -203345.8596  HBOND      =        0.0000
 1-4 VDW =      256.6661  1-4 EEL =    -3627.2146  RESTRAINT  =        0.0000


   NSTEP       ENERGY          RMS            GMAX         NAME    NUMBER
    250      -1.6195E+05     4.7145E-02     1.7516E+00     H2       4177

 BOND    =    12208.3539  ANGLE   =      226.3935  DIHED      =      821.9748
 VDWAALS =    31506.9903  EEL     =  -203346.9066  HBOND      =        0.0000
 1-4 VDW =      256.6711  1-4 EEL =    -3627.2115  RESTRAINT  =        0.0000


   NSTEP       ENERGY          RMS            GMAX         NAME    NUMBER
    300      -1.6195E+05     2.1922E-02     7.3261E-01     H2       6187

 BOND    =    12209.4691  ANGLE   =      226.3775  DIHED      =      821.9698
 VDWAALS =    31507.5783  EEL     =  -203349.4197  HBOND      =        0.0000
 1-4 VDW =      256.6770  1-4 EEL =    -3627.2111  RESTRAINT  =        0.0000


   NSTEP       ENERGY          RMS            GMAX         NAME    NUMBER
    350      -1.6196E+05     4.1010E-02     5.0506E+00     P         884

 BOND    =    12209.6174  ANGLE   =      226.3447  DIHED      =      821.9717
 VDWAALS =    31508.2731  EEL     =  -203351.1297  HBOND      =        0.0000
 1-4 VDW =      256.6847  1-4 EEL =    -3627.2188  RESTRAINT  =        0.0000


   NSTEP       ENERGY          RMS            GMAX         NAME    NUMBER
    400      -1.6196E+05     1.4713E-02     5.7537E-01     H2       6310

 BOND    =    12209.5357  ANGLE   =      226.3653  DIHED      =      821.9553
 VDWAALS =    31508.9987  EEL     =  -203352.7203  HBOND      =        0.0000
 1-4 VDW =      256.6881  1-4 EEL =    -3627.2063  RESTRAINT  =        0.0000


   NSTEP       ENERGY          RMS            GMAX         NAME    NUMBER
    450      -1.6196E+05     3.2345E-02     2.5068E+00     P         438

 BOND    =    12209.7608  ANGLE   =      226.3628  DIHED      =      821.9473
 VDWAALS =    31509.8100  EEL     =  -203354.6442  HBOND      =        0.0000
 1-4 VDW =      256.7039  1-4 EEL =    -3627.2001  RESTRAINT  =        0.0000


   NSTEP       ENERGY          RMS            GMAX         NAME    NUMBER
    500      -1.6196E+05     4.6096E-02     3.9858E+00     P         438

 BOND    =    12209.9837  ANGLE   =      226.3596  DIHED      =      821.9420
 VDWAALS =    31510.6762  EEL     =  -203356.7253  HBOND      =        0.0000
 1-4 VDW =      256.7189  1-4 EEL =    -3627.1987  RESTRAINT  =        0.0000


   NSTEP       ENERGY          RMS            GMAX         NAME    NUMBER
    550      -1.6196E+05     1.6014E-02     8.5084E-01     H2       6310

 BOND    =    12210.1724  ANGLE   =      226.3322  DIHED      =      821.9402
 VDWAALS =    31511.5081  EEL     =  -203358.7006  HBOND      =        0.0000
 1-4 VDW =      256.6988  1-4 EEL =    -3627.2066  RESTRAINT  =        0.0000


   NSTEP       ENERGY          RMS            GMAX         NAME    NUMBER
    600      -1.6196E+05     3.9509E-02     3.5505E+00     P         438

 BOND    =    12210.4429  ANGLE   =      226.2935  DIHED      =      821.9374
 VDWAALS =    31512.3805  EEL     =  -203360.8091  HBOND      =        0.0000
 1-4 VDW =      256.6918  1-4 EEL =    -3627.2043  RESTRAINT  =        0.0000


   NSTEP       ENERGY          RMS            GMAX         NAME    NUMBER
    650      -1.6196E+05     1.8928E-02     1.0796E+00     H1      12270

 BOND    =    12210.6548  ANGLE   =      226.3041  DIHED      =      821.9316
 VDWAALS =    31513.2933  EEL     =  -203363.1281  HBOND      =        0.0000
 1-4 VDW =      256.7084  1-4 EEL =    -3627.2052  RESTRAINT  =        0.0000


   NSTEP       ENERGY          RMS            GMAX         NAME    NUMBER
    700      -1.6196E+05     2.8146E-02     2.3154E+00     P         438

 BOND    =    12210.9065  ANGLE   =      226.3001  DIHED      =      821.9281
 VDWAALS =    31514.1548  EEL     =  -203365.3138  HBOND      =        0.0000
 1-4 VDW =      256.7048  1-4 EEL =    -3627.2070  RESTRAINT  =        0.0000


   NSTEP       ENERGY          RMS            GMAX         NAME    NUMBER
    750      -1.6196E+05     3.1077E-02     2.5002E+00     P         438

 BOND    =    12211.2017  ANGLE   =      226.2853  DIHED      =      821.9237
 VDWAALS =    31515.0931  EEL     =  -203367.8078  HBOND      =        0.0000
 1-4 VDW =      256.7074  1-4 EEL =    -3627.2045  RESTRAINT  =        0.0000


   NSTEP       ENERGY          RMS            GMAX         NAME    NUMBER
    800      -1.6197E+05     2.0479E-02     1.5247E+00     H1      12270

 BOND    =    12211.4754  ANGLE   =      226.3035  DIHED      =      821.9185
 VDWAALS =    31516.0341  EEL     =  -203370.4294  HBOND      =        0.0000
 1-4 VDW =      256.7238  1-4 EEL =    -3627.2097  RESTRAINT  =        0.0000


   NSTEP       ENERGY          RMS            GMAX         NAME    NUMBER
    850      -1.6197E+05     2.4349E-02     1.6354E+00     H1      12270

 BOND    =    12211.7902  ANGLE   =      226.3035  DIHED      =      821.9147
 VDWAALS =    31517.0431  EEL     =  -203373.3160  HBOND      =        0.0000
 1-4 VDW =      256.7297  1-4 EEL =    -3627.2128  RESTRAINT  =        0.0000


   NSTEP       ENERGY          RMS            GMAX         NAME    NUMBER
    900      -1.6197E+05     1.9115E-02     1.6623E+00     H1      12270

 BOND    =    12212.1276  ANGLE   =      226.2678  DIHED      =      821.9122
 VDWAALS =    31518.0477  EEL     =  -203376.1158  HBOND      =        0.0000
 1-4 VDW =      256.7235  1-4 EEL =    -3627.2077  RESTRAINT  =        0.0000


   NSTEP       ENERGY          RMS            GMAX         NAME    NUMBER
    950      -1.6197E+05     2.2254E-02     1.5759E+00     H1      12270

 BOND    =    12212.4485  ANGLE   =      226.2526  DIHED      =      821.9091
 VDWAALS =    31519.0777  EEL     =  -203378.8184  HBOND      =        0.0000
 1-4 VDW =      256.7236  1-4 EEL =    -3627.2065  RESTRAINT  =        0.0000


   NSTEP       ENERGY          RMS            GMAX         NAME    NUMBER
   1000      -1.6197E+05     5.5283E-02     4.5645E+00     C6        934

 BOND    =    12212.8093  ANGLE   =      226.2173  DIHED      =      821.9073
 VDWAALS =    31520.1044  EEL     =  -203381.3595  HBOND      =        0.0000
 1-4 VDW =      256.7147  1-4 EEL =    -3627.2076  RESTRAINT  =        0.0000


   NSTEP       ENERGY          RMS            GMAX         NAME    NUMBER
   1050      -1.6197E+05     1.7447E-02     1.3090E+00     H1      22203

 BOND    =    12213.0004  ANGLE   =      226.2616  DIHED      =      821.9022
 VDWAALS =    31521.1184  EEL     =  -203383.8016  HBOND      =        0.0000
 1-4 VDW =      256.7352  1-4 EEL =    -3627.2165  RESTRAINT  =        0.0000


   NSTEP       ENERGY          RMS            GMAX         NAME    NUMBER
   1100      -1.6197E+05     4.9481E-02     2.5239E+00     C4        943

 BOND    =    12213.2458  ANGLE   =      226.3109  DIHED      =      821.8974
 VDWAALS =    31522.0721  EEL     =  -203386.0899  HBOND      =        0.0000
 1-4 VDW =      256.7535  1-4 EEL =    -3627.2246  RESTRAINT  =        0.0000


   NSTEP       ENERGY          RMS            GMAX         NAME    NUMBER
   1150      -1.6197E+05     2.1773E-02     1.5602E+00     H1      22203

 BOND    =    12213.5330  ANGLE   =      226.2195  DIHED      =      821.8969
 VDWAALS =    31522.8613  EEL     =  -203388.0490  HBOND      =        0.0000
 1-4 VDW =      256.7295  1-4 EEL =    -3627.2130  RESTRAINT  =        0.0000


   NSTEP       ENERGY          RMS            GMAX         NAME    NUMBER
   1200      -1.6197E+05     3.8748E-02     1.6834E+00     C4        485

 BOND    =    12213.7912  ANGLE   =      226.1885  DIHED      =      821.8943
 VDWAALS =    31523.5861  EEL     =  -203389.9726  HBOND      =        0.0000
 1-4 VDW =      256.7260  1-4 EEL =    -3627.2098  RESTRAINT  =        0.0000


   NSTEP       ENERGY          RMS            GMAX         NAME    NUMBER
   1250      -1.6198E+05     1.6155E-02     1.6489E+00     H1      22203

 BOND    =    12213.9087  ANGLE   =      226.2361  DIHED      =      821.8897
 VDWAALS =    31524.2312  EEL     =  -203391.6982  HBOND      =        0.0000
 1-4 VDW =      256.7372  1-4 EEL =    -3627.2269  RESTRAINT  =        0.0000


   NSTEP       ENERGY          RMS            GMAX         NAME    NUMBER
   1300      -1.6198E+05     1.5979E-02     1.5792E+00     H1      22203

 BOND    =    12214.0948  ANGLE   =      226.2187  DIHED      =      821.8868
 VDWAALS =    31524.7821  EEL     =  -203393.2547  HBOND      =        0.0000
 1-4 VDW =      256.7352  1-4 EEL =    -3627.2276  RESTRAINT  =        0.0000


   NSTEP       ENERGY          RMS            GMAX         NAME    NUMBER
   1350      -1.6198E+05     5.5931E-02     4.3660E+00     C6        934

 BOND    =    12214.2648  ANGLE   =      226.2483  DIHED      =      821.8846
 VDWAALS =    31525.2587  EEL     =  -203394.6731  HBOND      =        0.0000
 1-4 VDW =      256.7170  1-4 EEL =    -3627.2467  RESTRAINT  =        0.0000


   NSTEP       ENERGY          RMS            GMAX         NAME    NUMBER
   1400      -1.6198E+05     3.3248E-02     2.3993E+00     C6        934

 BOND    =    12214.4025  ANGLE   =      226.2070  DIHED      =      821.8802
 VDWAALS =    31525.7061  EEL     =  -203396.0989  HBOND      =        0.0000
 1-4 VDW =      256.7384  1-4 EEL =    -3627.2328  RESTRAINT  =        0.0000


   NSTEP       ENERGY          RMS            GMAX         NAME    NUMBER
   1450      -1.6198E+05     4.7892E-02     3.6146E+00     C6        934

 BOND    =    12214.5602  ANGLE   =      226.2030  DIHED      =      821.8765
 VDWAALS =    31526.1158  EEL     =  -203397.4114  HBOND      =        0.0000
 1-4 VDW =      256.7400  1-4 EEL =    -3627.2359  RESTRAINT  =        0.0000


   NSTEP       ENERGY          RMS            GMAX         NAME    NUMBER
   1500      -1.6198E+05     2.2265E-02     1.3266E+00     C6        934

 BOND    =    12214.6466  ANGLE   =      226.2193  DIHED      =      821.8736
 VDWAALS =    31526.4681  EEL     =  -203398.5708  HBOND      =        0.0000
 1-4 VDW =      256.7185  1-4 EEL =    -3627.2562  RESTRAINT  =        0.0000


   NSTEP       ENERGY          RMS            GMAX         NAME    NUMBER
   1550      -1.6198E+05     2.2037E-02     7.3675E-01     H2       9331

 BOND    =    12214.7758  ANGLE   =      226.2154  DIHED      =      821.8693
 VDWAALS =    31526.7920  EEL     =  -203399.7730  HBOND      =        0.0000
 1-4 VDW =      256.7166  1-4 EEL =    -3627.2616  RESTRAINT  =        0.0000


   NSTEP       ENERGY          RMS            GMAX         NAME    NUMBER
   1600      -1.6198E+05     5.5879E-02     2.7813E+00     H1       7713

 BOND    =    12214.9524  ANGLE   =      226.2095  DIHED      =      821.8650
 VDWAALS =    31527.0987  EEL     =  -203401.0250  HBOND      =        0.0000
 1-4 VDW =      256.7110  1-4 EEL =    -3627.2708  RESTRAINT  =        0.0000


   NSTEP       ENERGY          RMS            GMAX         NAME    NUMBER
   1650      -1.6198E+05     1.4648E-02     6.6155E-01     H2       9331

 BOND    =    12215.0184  ANGLE   =      226.2146  DIHED      =      821.8603
 VDWAALS =    31527.3468  EEL     =  -203402.2100  HBOND      =        0.0000
 1-4 VDW =      256.7041  1-4 EEL =    -3627.2847  RESTRAINT  =        0.0000


   NSTEP       ENERGY          RMS            GMAX         NAME    NUMBER
   1700      -1.6198E+05     5.0718E-02     2.2490E+00     P         984

 BOND    =    12215.0374  ANGLE   =      226.2119  DIHED      =      821.8536
 VDWAALS =    31527.5611  EEL     =  -203403.2425  HBOND      =        0.0000
 1-4 VDW =      256.6955  1-4 EEL =    -3627.3137  RESTRAINT  =        0.0000


   NSTEP       ENERGY          RMS            GMAX         NAME    NUMBER
   1750      -1.6198E+05     2.1368E-02     1.3642E+00     P         984

 BOND    =    12215.3057  ANGLE   =      226.2296  DIHED      =      821.8510
 VDWAALS =    31527.7282  EEL     =  -203404.5090  HBOND      =        0.0000
 1-4 VDW =      256.6844  1-4 EEL =    -3627.3017  RESTRAINT  =        0.0000


   NSTEP       ENERGY          RMS            GMAX         NAME    NUMBER
   1800      -1.6198E+05     3.0817E-02     2.1755E+00     P         917

 BOND    =    12215.4192  ANGLE   =      226.2389  DIHED      =      821.8460
 VDWAALS =    31527.8994  EEL     =  -203405.5973  HBOND      =        0.0000
 1-4 VDW =      256.6731  1-4 EEL =    -3627.3078  RESTRAINT  =        0.0000


   NSTEP       ENERGY          RMS            GMAX         NAME    NUMBER
   1850      -1.6199E+05     1.3724E-02     6.9933E-01     H1      22683

 BOND    =    12215.4947  ANGLE   =      226.2386  DIHED      =      821.8383
 VDWAALS =    31528.0651  EEL     =  -203406.5866  HBOND      =        0.0000
 1-4 VDW =      256.6635  1-4 EEL =    -3627.3448  RESTRAINT  =        0.0000


   NSTEP       ENERGY          RMS            GMAX         NAME    NUMBER
   1900      -1.6199E+05     2.5771E-02     1.9424E+00     C6        578

 BOND    =    12215.6561  ANGLE   =      226.2037  DIHED      =      821.8313
 VDWAALS =    31528.2392  EEL     =  -203407.6502  HBOND      =        0.0000
 1-4 VDW =      256.6602  1-4 EEL =    -3627.3597  RESTRAINT  =        0.0000


   NSTEP       ENERGY          RMS            GMAX         NAME    NUMBER
   1950      -1.6199E+05     5.2181E-02     3.5750E+00     P        1049

 BOND    =    12215.8001  ANGLE   =      226.2085  DIHED      =      821.8227
 VDWAALS =    31528.4157  EEL     =  -203408.6292  HBOND      =        0.0000
 1-4 VDW =      256.6515  1-4 EEL =    -3627.3845  RESTRAINT  =        0.0000


   NSTEP       ENERGY          RMS            GMAX         NAME    NUMBER
   2000      -1.6199E+05     6.5795E-02     4.2377E+00     P        1049

 BOND    =    12215.8408  ANGLE   =      226.3394  DIHED      =      821.8155
 VDWAALS =    31528.6429  EEL     =  -203409.7050  HBOND      =        0.0000
 1-4 VDW =      256.6202  1-4 EEL =    -3627.4160  RESTRAINT  =        0.0000


   NSTEP       ENERGY          RMS            GMAX         NAME    NUMBER
   2050      -1.6199E+05     3.8785E-02     2.5224E+00     C6        578

 BOND    =    12215.9637  ANGLE   =      226.3160  DIHED      =      821.8218
 VDWAALS =    31528.9047  EEL     =  -203410.8176  HBOND      =        0.0000
 1-4 VDW =      256.6125  1-4 EEL =    -3627.3952  RESTRAINT  =        0.0000


   NSTEP       ENERGY          RMS            GMAX         NAME    NUMBER
   2100      -1.6199E+05     1.7408E-02     6.5088E-01     H1      13002

 BOND    =    12216.0856  ANGLE   =      226.2813  DIHED      =      821.8135
 VDWAALS =    31529.1590  EEL     =  -203411.8173  HBOND      =        0.0000
 1-4 VDW =      256.6126  1-4 EEL =    -3627.4140  RESTRAINT  =        0.0000


   NSTEP       ENERGY          RMS            GMAX         NAME    NUMBER
   2150      -1.6199E+05     3.6997E-02     2.2652E+00     P        1049

 BOND    =    12216.2742  ANGLE   =      226.2512  DIHED      =      821.8164
 VDWAALS =    31529.5012  EEL     =  -203412.9942  HBOND      =        0.0000
 1-4 VDW =      256.6126  1-4 EEL =    -3627.4181  RESTRAINT  =        0.0000


   NSTEP       ENERGY          RMS            GMAX         NAME    NUMBER
   2200      -1.6199E+05     1.4391E-02     8.8480E-01     C6        578

 BOND    =    12216.3337  ANGLE   =      226.2985  DIHED      =      821.8072
 VDWAALS =    31529.7940  EEL     =  -203414.0009  HBOND      =        0.0000
 1-4 VDW =      256.5965  1-4 EEL =    -3627.4306  RESTRAINT  =        0.0000


   NSTEP       ENERGY          RMS            GMAX         NAME    NUMBER
   2250      -1.6199E+05     3.4802E-02     3.7773E+00     C6        578

 BOND    =    12216.4427  ANGLE   =      226.3291  DIHED      =      821.8048
 VDWAALS =    31530.1048  EEL     =  -203414.9701  HBOND      =        0.0000
 1-4 VDW =      256.5897  1-4 EEL =    -3627.4387  RESTRAINT  =        0.0000


   NSTEP       ENERGY          RMS            GMAX         NAME    NUMBER
   2300      -1.6199E+05     1.2345E-02     7.3184E-01     H1      13002

 BOND    =    12216.5683  ANGLE   =      226.2931  DIHED      =      821.8032
 VDWAALS =    31530.4103  EEL     =  -203415.8981  HBOND      =        0.0000
 1-4 VDW =      256.5894  1-4 EEL =    -3627.4406  RESTRAINT  =        0.0000


   NSTEP       ENERGY          RMS            GMAX         NAME    NUMBER
   2350      -1.6199E+05     1.2447E-02     7.4070E-01     H1      13002

 BOND    =    12216.6826  ANGLE   =      226.2985  DIHED      =      821.8012
 VDWAALS =    31530.7306  EEL     =  -203416.9589  HBOND      =        0.0000
 1-4 VDW =      256.5859  1-4 EEL =    -3627.4457  RESTRAINT  =        0.0000


   NSTEP       ENERGY          RMS            GMAX         NAME    NUMBER
   2400      -1.6199E+05     4.2893E-02     2.0282E+00     H2      22534

 BOND    =    12216.8040  ANGLE   =      226.2967  DIHED      =      821.7999
 VDWAALS =    31531.0638  EEL     =  -203417.9590  HBOND      =        0.0000
 1-4 VDW =      256.5836  1-4 EEL =    -3627.4484  RESTRAINT  =        0.0000


   NSTEP       ENERGY          RMS            GMAX         NAME    NUMBER
   2450      -1.6199E+05     1.2176E-02     7.4221E-01     H1      13002

 BOND    =    12216.9450  ANGLE   =      226.2980  DIHED      =      821.7984
 VDWAALS =    31531.4150  EEL     =  -203419.0840  HBOND      =        0.0000
 1-4 VDW =      256.5823  1-4 EEL =    -3627.4507  RESTRAINT  =        0.0000


   NSTEP       ENERGY          RMS            GMAX         NAME    NUMBER
   2500      -1.6199E+05     3.2194E-02     1.3950E+00     H2      22534

 BOND    =    12217.1532  ANGLE   =      226.3082  DIHED      =      821.7965
 VDWAALS =    31531.7738  EEL     =  -203420.2519  HBOND      =        0.0000
 1-4 VDW =      256.5827  1-4 EEL =    -3627.4577  RESTRAINT  =        0.0000


   NSTEP       ENERGY          RMS            GMAX         NAME    NUMBER
   2550      -1.6199E+05     1.2536E-02     7.2212E-01     H1      13002

 BOND    =    12217.1995  ANGLE   =      226.2984  DIHED      =      821.7967
 VDWAALS =    31532.1339  EEL     =  -203421.2996  HBOND      =        0.0000
 1-4 VDW =      256.5804  1-4 EEL =    -3627.4564  RESTRAINT  =        0.0000


   NSTEP       ENERGY          RMS            GMAX         NAME    NUMBER
   2600      -1.6200E+05     1.5047E-02     9.4218E-01     P        1049

 BOND    =    12217.3228  ANGLE   =      226.3030  DIHED      =      821.7954
 VDWAALS =    31532.4949  EEL     =  -203422.4160  HBOND      =        0.0000
 1-4 VDW =      256.5817  1-4 EEL =    -3627.4616  RESTRAINT  =        0.0000


   NSTEP       ENERGY          RMS            GMAX         NAME    NUMBER
   2650      -1.6200E+05     1.1820E-02     6.7163E-01     H1      13002

 BOND    =    12217.4675  ANGLE   =      226.2933  DIHED      =      821.7964
 VDWAALS =    31532.8572  EEL     =  -203423.5111  HBOND      =        0.0000
 1-4 VDW =      256.5796  1-4 EEL =    -3627.4563  RESTRAINT  =        0.0000


   NSTEP       ENERGY          RMS            GMAX         NAME    NUMBER
   2700      -1.6200E+05     2.5539E-02     1.8000E+00     C6        544

 BOND    =    12217.5899  ANGLE   =      226.2841  DIHED      =      821.7965
 VDWAALS =    31533.1791  EEL     =  -203424.4990  HBOND      =        0.0000
 1-4 VDW =      256.5799  1-4 EEL =    -3627.4554  RESTRAINT  =        0.0000


   NSTEP       ENERGY          RMS            GMAX         NAME    NUMBER
   2750      -1.6200E+05     1.4485E-02     6.7827E-01     H2      13003

 BOND    =    12217.7012  ANGLE   =      226.2853  DIHED      =      821.7964
 VDWAALS =    31533.4976  EEL     =  -203425.4467  HBOND      =        0.0000
 1-4 VDW =      256.5807  1-4 EEL =    -3627.4559  RESTRAINT  =        0.0000


   NSTEP       ENERGY          RMS            GMAX         NAME    NUMBER
   2800      -1.6200E+05     1.1627E-02     6.8076E-01     H2      13003

 BOND    =    12217.7131  ANGLE   =      226.2890  DIHED      =      821.7963
 VDWAALS =    31533.5430  EEL     =  -203425.5826  HBOND      =        0.0000
 1-4 VDW =      256.5805  1-4 EEL =    -3627.4570  RESTRAINT  =        0.0000


   NSTEP       ENERGY          RMS            GMAX         NAME    NUMBER
   2850      -1.6200E+05     1.1627E-02     6.8082E-01     H2      13003

 BOND    =    12217.7132  ANGLE   =      226.2890  DIHED      =      821.7963
 VDWAALS =    31533.5422  EEL     =  -203425.5738  HBOND      =        0.0000
 1-4 VDW =      256.5805  1-4 EEL =    -3627.4570  RESTRAINT  =        0.0000


   NSTEP       ENERGY          RMS            GMAX         NAME    NUMBER
   2900      -1.6200E+05     1.1627E-02     6.8082E-01     H2      13003

 BOND    =    12217.7134  ANGLE   =      226.2890  DIHED      =      821.7963
 VDWAALS =    31533.5426  EEL     =  -203425.5766  HBOND      =        0.0000
 1-4 VDW =      256.5805  1-4 EEL =    -3627.4570  RESTRAINT  =        0.0000


   NSTEP       ENERGY          RMS            GMAX         NAME    NUMBER
   2950      -1.6200E+05     1.1627E-02     6.8087E-01     H2      13003

 BOND    =    12217.7136  ANGLE   =      226.2890  DIHED      =      821.7963
 VDWAALS =    31533.5437  EEL     =  -203425.5837  HBOND      =        0.0000
 1-4 VDW =      256.5805  1-4 EEL =    -3627.4570  RESTRAINT  =        0.0000


   NSTEP       ENERGY          RMS            GMAX         NAME    NUMBER
   3000      -1.6200E+05     1.1627E-02     6.8091E-01     H2      13003

 BOND    =    12217.7137  ANGLE   =      226.2890  DIHED      =      821.7963
 VDWAALS =    31533.5456  EEL     =  -203425.5893  HBOND      =        0.0000
 1-4 VDW =      256.5805  1-4 EEL =    -3627.4570  RESTRAINT  =        0.0000


   NSTEP       ENERGY          RMS            GMAX         NAME    NUMBER
   3050      -1.6200E+05     1.1626E-02     6.8092E-01     H2      13003

 BOND    =    12217.7139  ANGLE   =      226.2890  DIHED      =      821.7963
 VDWAALS =    31533.5455  EEL     =  -203425.5861  HBOND      =        0.0000
 1-4 VDW =      256.5805  1-4 EEL =    -3627.4570  RESTRAINT  =        0.0000


   NSTEP       ENERGY          RMS            GMAX         NAME    NUMBER
   3100      -1.6200E+05     1.1626E-02     6.8096E-01     H2      13003

 BOND    =    12217.7141  ANGLE   =      226.2890  DIHED      =      821.7963
 VDWAALS =    31533.5462  EEL     =  -203425.5909  HBOND      =        0.0000
 1-4 VDW =      256.5805  1-4 EEL =    -3627.4570  RESTRAINT  =        0.0000


   NSTEP       ENERGY          RMS            GMAX         NAME    NUMBER
   3150      -1.6200E+05     1.1626E-02     6.8100E-01     H2      13003

 BOND    =    12217.7143  ANGLE   =      226.2890  DIHED      =      821.7963
 VDWAALS =    31533.5462  EEL     =  -203425.5952  HBOND      =        0.0000
 1-4 VDW =      256.5805  1-4 EEL =    -3627.4570  RESTRAINT  =        0.0000


   NSTEP       ENERGY          RMS            GMAX         NAME    NUMBER
   3200      -1.6200E+05     1.1626E-02     6.8104E-01     H2      13003

 BOND    =    12217.7145  ANGLE   =      226.2890  DIHED      =      821.7963
 VDWAALS =    31533.5464  EEL     =  -203425.5916  HBOND      =        0.0000
 1-4 VDW =      256.5805  1-4 EEL =    -3627.4570  RESTRAINT  =        0.0000


   NSTEP       ENERGY          RMS            GMAX         NAME    NUMBER
   3250      -1.6200E+05     1.1626E-02     6.8107E-01     H2      13003

 BOND    =    12217.7147  ANGLE   =      226.2890  DIHED      =      821.7963
 VDWAALS =    31533.5472  EEL     =  -203425.5959  HBOND      =        0.0000
 1-4 VDW =      256.5805  1-4 EEL =    -3627.4570  RESTRAINT  =        0.0000


   NSTEP       ENERGY          RMS            GMAX         NAME    NUMBER
   3300      -1.6200E+05     1.1626E-02     6.8112E-01     H2      13003

 BOND    =    12217.7149  ANGLE   =      226.2889  DIHED      =      821.7963
 VDWAALS =    31533.5480  EEL     =  -203425.5948  HBOND      =        0.0000
 1-4 VDW =      256.5805  1-4 EEL =    -3627.4570  RESTRAINT  =        0.0000


   NSTEP       ENERGY          RMS            GMAX         NAME    NUMBER
   3350      -1.6200E+05     1.1626E-02     6.8116E-01     H2      13003

 BOND    =    12217.7150  ANGLE   =      226.2889  DIHED      =      821.7963
 VDWAALS =    31533.5479  EEL     =  -203425.5965  HBOND      =        0.0000
 1-4 VDW =      256.5805  1-4 EEL =    -3627.4570  RESTRAINT  =        0.0000


   NSTEP       ENERGY          RMS            GMAX         NAME    NUMBER
   3400      -1.6200E+05     1.1626E-02     6.8118E-01     H2      13003

 BOND    =    12217.7152  ANGLE   =      226.2889  DIHED      =      821.7963
 VDWAALS =    31533.5459  EEL     =  -203425.5905  HBOND      =        0.0000
 1-4 VDW =      256.5805  1-4 EEL =    -3627.4570  RESTRAINT  =        0.0000


   NSTEP       ENERGY          RMS            GMAX         NAME    NUMBER
   3450      -1.6200E+05     1.1626E-02     6.8119E-01     H2      13003

 BOND    =    12217.7154  ANGLE   =      226.2889  DIHED      =      821.7963
 VDWAALS =    31533.5489  EEL     =  -203425.5960  HBOND      =        0.0000
 1-4 VDW =      256.5805  1-4 EEL =    -3627.4570  RESTRAINT  =        0.0000


   NSTEP       ENERGY          RMS            GMAX         NAME    NUMBER
   3500      -1.6200E+05     1.1626E-02     6.8126E-01     H2      13003

 BOND    =    12217.7156  ANGLE   =      226.2889  DIHED      =      821.7963
 VDWAALS =    31533.5505  EEL     =  -203425.6028  HBOND      =        0.0000
 1-4 VDW =      256.5805  1-4 EEL =    -3627.4570  RESTRAINT  =        0.0000


   NSTEP       ENERGY          RMS            GMAX         NAME    NUMBER
   3550      -1.6200E+05     1.1626E-02     6.8127E-01     H2      13003

 BOND    =    12217.7158  ANGLE   =      226.2889  DIHED      =      821.7963
 VDWAALS =    31533.5507  EEL     =  -203425.6058  HBOND      =        0.0000
 1-4 VDW =      256.5805  1-4 EEL =    -3627.4570  RESTRAINT  =        0.0000


   NSTEP       ENERGY          RMS            GMAX         NAME    NUMBER
   3600      -1.6200E+05     1.1626E-02     6.8132E-01     H2      13003

 BOND    =    12217.7160  ANGLE   =      226.2889  DIHED      =      821.7963
 VDWAALS =    31533.5509  EEL     =  -203425.6051  HBOND      =        0.0000
 1-4 VDW =      256.5805  1-4 EEL =    -3627.4570  RESTRAINT  =        0.0000


   NSTEP       ENERGY          RMS            GMAX         NAME    NUMBER
   3650      -1.6200E+05     1.1626E-02     6.8134E-01     H2      13003

 BOND    =    12217.7162  ANGLE   =      226.2889  DIHED      =      821.7963
 VDWAALS =    31533.5522  EEL     =  -203425.6074  HBOND      =        0.0000
 1-4 VDW =      256.5805  1-4 EEL =    -3627.4570  RESTRAINT  =        0.0000


   NSTEP       ENERGY          RMS            GMAX         NAME    NUMBER
   3700      -1.6200E+05     1.1626E-02     6.8137E-01     H2      13003

 BOND    =    12217.7164  ANGLE   =      226.2889  DIHED      =      821.7963
 VDWAALS =    31533.5520  EEL     =  -203425.6086  HBOND      =        0.0000
 1-4 VDW =      256.5805  1-4 EEL =    -3627.4570  RESTRAINT  =        0.0000


   NSTEP       ENERGY          RMS            GMAX         NAME    NUMBER
   3750      -1.6200E+05     1.1626E-02     6.8142E-01     H2      13003

 BOND    =    12217.7165  ANGLE   =      226.2889  DIHED      =      821.7963
 VDWAALS =    31533.5519  EEL     =  -203425.6067  HBOND      =        0.0000
 1-4 VDW =      256.5805  1-4 EEL =    -3627.4570  RESTRAINT  =        0.0000


   NSTEP       ENERGY          RMS            GMAX         NAME    NUMBER
   3800      -1.6200E+05     1.1626E-02     6.8146E-01     H2      13003

 BOND    =    12217.7167  ANGLE   =      226.2889  DIHED      =      821.7963
 VDWAALS =    31533.5530  EEL     =  -203425.6074  HBOND      =        0.0000
 1-4 VDW =      256.5805  1-4 EEL =    -3627.4570  RESTRAINT  =        0.0000


   NSTEP       ENERGY          RMS            GMAX         NAME    NUMBER
   3850      -1.6200E+05     1.1626E-02     6.8150E-01     H2      13003

 BOND    =    12217.7169  ANGLE   =      226.2889  DIHED      =      821.7963
 VDWAALS =    31533.5523  EEL     =  -203425.6055  HBOND      =        0.0000
 1-4 VDW =      256.5805  1-4 EEL =    -3627.4570  RESTRAINT  =        0.0000


   NSTEP       ENERGY          RMS            GMAX         NAME    NUMBER
   3900      -1.6200E+05     1.1626E-02     6.8154E-01     H2      13003

 BOND    =    12217.7172  ANGLE   =      226.2889  DIHED      =      821.7963
 VDWAALS =    31533.5523  EEL     =  -203425.6095  HBOND      =        0.0000
 1-4 VDW =      256.5805  1-4 EEL =    -3627.4570  RESTRAINT  =        0.0000


   NSTEP       ENERGY          RMS            GMAX         NAME    NUMBER
   3950      -1.6200E+05     1.1626E-02     6.8155E-01     H2      13003

 BOND    =    12217.7174  ANGLE   =      226.2889  DIHED      =      821.7963
 VDWAALS =    31533.5549  EEL     =  -203425.6149  HBOND      =        0.0000
 1-4 VDW =      256.5805  1-4 EEL =    -3627.4570  RESTRAINT  =        0.0000


   NSTEP       ENERGY          RMS            GMAX         NAME    NUMBER
   4000      -1.6200E+05     1.1626E-02     6.8159E-01     H2      13003

 BOND    =    12217.7175  ANGLE   =      226.2889  DIHED      =      821.7963
 VDWAALS =    31533.5544  EEL     =  -203425.6128  HBOND      =        0.0000
 1-4 VDW =      256.5805  1-4 EEL =    -3627.4570  RESTRAINT  =        0.0000


   NSTEP       ENERGY          RMS            GMAX         NAME    NUMBER
   4050      -1.6200E+05     1.1626E-02     6.8166E-01     H2      13003

 BOND    =    12217.7177  ANGLE   =      226.2889  DIHED      =      821.7963
 VDWAALS =    31533.5554  EEL     =  -203425.6153  HBOND      =        0.0000
 1-4 VDW =      256.5805  1-4 EEL =    -3627.4570  RESTRAINT  =        0.0000


   NSTEP       ENERGY          RMS            GMAX         NAME    NUMBER
   4100      -1.6200E+05     1.1626E-02     6.8168E-01     H2      13003

 BOND    =    12217.7179  ANGLE   =      226.2889  DIHED      =      821.7963
 VDWAALS =    31533.5561  EEL     =  -203425.6171  HBOND      =        0.0000
 1-4 VDW =      256.5805  1-4 EEL =    -3627.4570  RESTRAINT  =        0.0000


   NSTEP       ENERGY          RMS            GMAX         NAME    NUMBER
   4150      -1.6200E+05     1.1626E-02     6.8173E-01     H2      13003

 BOND    =    12217.7181  ANGLE   =      226.2889  DIHED      =      821.7963
 VDWAALS =    31533.5573  EEL     =  -203425.6230  HBOND      =        0.0000
 1-4 VDW =      256.5805  1-4 EEL =    -3627.4570  RESTRAINT  =        0.0000


   NSTEP       ENERGY          RMS            GMAX         NAME    NUMBER
   4200      -1.6200E+05     1.1626E-02     6.8175E-01     H2      13003

 BOND    =    12217.7182  ANGLE   =      226.2889  DIHED      =      821.7963
 VDWAALS =    31533.5567  EEL     =  -203425.6223  HBOND      =        0.0000
 1-4 VDW =      256.5805  1-4 EEL =    -3627.4570  RESTRAINT  =        0.0000


   NSTEP       ENERGY          RMS            GMAX         NAME    NUMBER
   4250      -1.6200E+05     1.1626E-02     6.8178E-01     H2      13003

 BOND    =    12217.7184  ANGLE   =      226.2889  DIHED      =      821.7963
 VDWAALS =    31533.5584  EEL     =  -203425.6225  HBOND      =        0.0000
 1-4 VDW =      256.5805  1-4 EEL =    -3627.4571  RESTRAINT  =        0.0000


   NSTEP       ENERGY          RMS            GMAX         NAME    NUMBER
   4300      -1.6200E+05     1.1626E-02     6.8183E-01     H2      13003

 BOND    =    12217.7186  ANGLE   =      226.2889  DIHED      =      821.7963
 VDWAALS =    31533.5589  EEL     =  -203425.6312  HBOND      =        0.0000
 1-4 VDW =      256.5805  1-4 EEL =    -3627.4571  RESTRAINT  =        0.0000


   NSTEP       ENERGY          RMS            GMAX         NAME    NUMBER
   4350      -1.6200E+05     1.1626E-02     6.8186E-01     H2      13003

 BOND    =    12217.7188  ANGLE   =      226.2889  DIHED      =      821.7963
 VDWAALS =    31533.5566  EEL     =  -203425.6195  HBOND      =        0.0000
 1-4 VDW =      256.5805  1-4 EEL =    -3627.4571  RESTRAINT  =        0.0000


   NSTEP       ENERGY          RMS            GMAX         NAME    NUMBER
   4400      -1.6200E+05     1.1626E-02     6.8187E-01     H2      13003

 BOND    =    12217.7191  ANGLE   =      226.2889  DIHED      =      821.7963
 VDWAALS =    31533.5586  EEL     =  -203425.6281  HBOND      =        0.0000
 1-4 VDW =      256.5805  1-4 EEL =    -3627.4571  RESTRAINT  =        0.0000


   NSTEP       ENERGY          RMS            GMAX         NAME    NUMBER
   4450      -1.6200E+05     1.1626E-02     6.8194E-01     H2      13003

 BOND    =    12217.7192  ANGLE   =      226.2889  DIHED      =      821.7963
 VDWAALS =    31533.5610  EEL     =  -203425.6312  HBOND      =        0.0000
 1-4 VDW =      256.5805  1-4 EEL =    -3627.4571  RESTRAINT  =        0.0000


   NSTEP       ENERGY          RMS            GMAX         NAME    NUMBER
   4500      -1.6200E+05     1.1626E-02     6.8196E-01     H2      13003

 BOND    =    12217.7194  ANGLE   =      226.2889  DIHED      =      821.7963
 VDWAALS =    31533.5613  EEL     =  -203425.6304  HBOND      =        0.0000
 1-4 VDW =      256.5805  1-4 EEL =    -3627.4571  RESTRAINT  =        0.0000


   NSTEP       ENERGY          RMS            GMAX         NAME    NUMBER
   4550      -1.6200E+05     1.1626E-02     6.8199E-01     H2      13003

 BOND    =    12217.7197  ANGLE   =      226.2889  DIHED      =      821.7963
 VDWAALS =    31533.5606  EEL     =  -203425.6346  HBOND      =        0.0000
 1-4 VDW =      256.5805  1-4 EEL =    -3627.4571  RESTRAINT  =        0.0000


   NSTEP       ENERGY          RMS            GMAX         NAME    NUMBER
   4600      -1.6200E+05     1.1626E-02     6.8200E-01     H2      13003

 BOND    =    12217.7198  ANGLE   =      226.2889  DIHED      =      821.7963
 VDWAALS =    31533.5614  EEL     =  -203425.6327  HBOND      =        0.0000
 1-4 VDW =      256.5805  1-4 EEL =    -3627.4571  RESTRAINT  =        0.0000


   NSTEP       ENERGY          RMS            GMAX         NAME    NUMBER
   4650      -1.6200E+05     1.1626E-02     6.8205E-01     H2      13003

 BOND    =    12217.7201  ANGLE   =      226.2889  DIHED      =      821.7963
 VDWAALS =    31533.5623  EEL     =  -203425.6343  HBOND      =        0.0000
 1-4 VDW =      256.5805  1-4 EEL =    -3627.4571  RESTRAINT  =        0.0000


   NSTEP       ENERGY          RMS            GMAX         NAME    NUMBER
   4700      -1.6200E+05     1.1626E-02     6.8210E-01     H2      13003

 BOND    =    12217.7203  ANGLE   =      226.2889  DIHED      =      821.7963
 VDWAALS =    31533.5638  EEL     =  -203425.6433  HBOND      =        0.0000
 1-4 VDW =      256.5805  1-4 EEL =    -3627.4571  RESTRAINT  =        0.0000


   NSTEP       ENERGY          RMS            GMAX         NAME    NUMBER
   4750      -1.6200E+05     1.1626E-02     6.8216E-01     H2      13003

 BOND    =    12217.7206  ANGLE   =      226.2889  DIHED      =      821.7963
 VDWAALS =    31533.5636  EEL     =  -203425.6388  HBOND      =        0.0000
 1-4 VDW =      256.5805  1-4 EEL =    -3627.4571  RESTRAINT  =        0.0000


   NSTEP       ENERGY          RMS            GMAX         NAME    NUMBER
   4800      -1.6200E+05     1.1626E-02     6.8218E-01     H2      13003

 BOND    =    12217.7208  ANGLE   =      226.2889  DIHED      =      821.7963
 VDWAALS =    31533.5639  EEL     =  -203425.6350  HBOND      =        0.0000
 1-4 VDW =      256.5805  1-4 EEL =    -3627.4571  RESTRAINT  =        0.0000


   NSTEP       ENERGY          RMS            GMAX         NAME    NUMBER
   4850      -1.6200E+05     1.1626E-02     6.8221E-01     H2      13003

 BOND    =    12217.7210  ANGLE   =      226.2888  DIHED      =      821.7963
 VDWAALS =    31533.5664  EEL     =  -203425.6466  HBOND      =        0.0000
 1-4 VDW =      256.5805  1-4 EEL =    -3627.4571  RESTRAINT  =        0.0000


   NSTEP       ENERGY          RMS            GMAX         NAME    NUMBER
   4900      -1.6200E+05     1.1626E-02     6.8226E-01     H2      13003

 BOND    =    12217.7213  ANGLE   =      226.2888  DIHED      =      821.7963
 VDWAALS =    31533.5663  EEL     =  -203425.6449  HBOND      =        0.0000
 1-4 VDW =      256.5805  1-4 EEL =    -3627.4571  RESTRAINT  =        0.0000


   NSTEP       ENERGY          RMS            GMAX         NAME    NUMBER
   4950      -1.6200E+05     1.1626E-02     6.8229E-01     H2      13003

 BOND    =    12217.7215  ANGLE   =      226.2888  DIHED      =      821.7963
 VDWAALS =    31533.5675  EEL     =  -203425.6505  HBOND      =        0.0000
 1-4 VDW =      256.5805  1-4 EEL =    -3627.4571  RESTRAINT  =        0.0000


   NSTEP       ENERGY          RMS            GMAX         NAME    NUMBER
   5000      -1.6200E+05     1.1626E-02     6.8232E-01     H2      13003

 BOND    =    12217.7217  ANGLE   =      226.2888  DIHED      =      821.7963
 VDWAALS =    31533.5659  EEL     =  -203425.6385  HBOND      =        0.0000
 1-4 VDW =      256.5805  1-4 EEL =    -3627.4571  RESTRAINT  =        0.0000


   NSTEP       ENERGY          RMS            GMAX         NAME    NUMBER
   5050      -1.6201E+05     3.5171E-02     2.3804E+00     O       12884

 BOND    =    12220.9309  ANGLE   =      226.2905  DIHED      =      821.8009
 VDWAALS =    31541.9120  EEL     =  -203451.7866  HBOND      =        0.0000
 1-4 VDW =      256.6237  1-4 EEL =    -3627.5132  RESTRAINT  =        0.0000


   NSTEP       ENERGY          RMS            GMAX         NAME    NUMBER
   5100      -1.6202E+05     3.4182E-02     1.6581E+00     H2      12970

 BOND    =    12220.9746  ANGLE   =      226.2743  DIHED      =      821.7812
 VDWAALS =    31541.0257  EEL     =  -203454.9639  HBOND      =        0.0000
 1-4 VDW =      256.6649  1-4 EEL =    -3627.6329  RESTRAINT  =        0.0000


   NSTEP       ENERGY          RMS            GMAX         NAME    NUMBER
   5150      -1.6202E+05     8.0723E-02     3.6213E+00     C4       1074

 BOND    =    12220.3835  ANGLE   =      226.2335  DIHED      =      821.7696
 VDWAALS =    31540.6356  EEL     =  -203457.3030  HBOND      =        0.0000
 1-4 VDW =      256.5750  1-4 EEL =    -3627.6327  RESTRAINT  =        0.0000


   NSTEP       ENERGY          RMS            GMAX         NAME    NUMBER
   5200      -1.6202E+05     4.9049E-02     1.8390E+00     H1      12969

 BOND    =    12221.1384  ANGLE   =      226.3041  DIHED      =      821.7537
 VDWAALS =    31540.9710  EEL     =  -203462.3850  HBOND      =        0.0000
 1-4 VDW =      256.5070  1-4 EEL =    -3627.6596  RESTRAINT  =        0.0000


   NSTEP       ENERGY          RMS            GMAX         NAME    NUMBER
   5250      -1.6203E+05     5.1338E-02     2.3331E+00     H1      12969

 BOND    =    12221.9974  ANGLE   =      226.2348  DIHED      =      821.7574
 VDWAALS =    31542.5005  EEL     =  -203468.3485  HBOND      =        0.0000
 1-4 VDW =      256.5096  1-4 EEL =    -3627.7424  RESTRAINT  =        0.0000


   NSTEP       ENERGY          RMS            GMAX         NAME    NUMBER
   5300      -1.6203E+05     6.0892E-02     2.8675E+00     C4        782

 BOND    =    12222.9021  ANGLE   =      226.3078  DIHED      =      821.7945
 VDWAALS =    31543.1337  EEL     =  -203474.1605  HBOND      =        0.0000
 1-4 VDW =      256.5509  1-4 EEL =    -3627.7730  RESTRAINT  =        0.0000


   NSTEP       ENERGY          RMS            GMAX         NAME    NUMBER
   5350      -1.6203E+05     5.0800E-02     2.5218E+00     H3'       653

 BOND    =    12223.8177  ANGLE   =      226.2543  DIHED      =      821.8071
 VDWAALS =    31545.2936  EEL     =  -203480.2271  HBOND      =        0.0000
 1-4 VDW =      256.5873  1-4 EEL =    -3627.9426  RESTRAINT  =        0.0000


   NSTEP       ENERGY          RMS            GMAX         NAME    NUMBER
   5400      -1.6204E+05     4.6460E-02     2.5961E+00     H3'       653

 BOND    =    12224.4233  ANGLE   =      226.2564  DIHED      =      821.8051
 VDWAALS =    31547.5551  EEL     =  -203487.4462  HBOND      =        0.0000
 1-4 VDW =      256.6391  1-4 EEL =    -3627.9538  RESTRAINT  =        0.0000


   NSTEP       ENERGY          RMS            GMAX         NAME    NUMBER
   5450      -1.6204E+05     3.6077E-02     1.5711E+00     O       13043

 BOND    =    12224.7914  ANGLE   =      226.1309  DIHED      =      821.7822
 VDWAALS =    31550.2802  EEL     =  -203496.7951  HBOND      =        0.0000
 1-4 VDW =      256.6280  1-4 EEL =    -3627.7203  RESTRAINT  =        0.0000


   NSTEP       ENERGY          RMS            GMAX         NAME    NUMBER
   5500      -1.6206E+05     3.8430E-02     2.1841E+00     H3'       653

 BOND    =    12226.4243  ANGLE   =      226.1415  DIHED      =      821.8024
 VDWAALS =    31555.0060  EEL     =  -203513.3978  HBOND      =        0.0000
 1-4 VDW =      256.6392  1-4 EEL =    -3627.8085  RESTRAINT  =        0.0000


   NSTEP       ENERGY          RMS            GMAX         NAME    NUMBER
   5550      -1.6206E+05     4.6284E-02     2.4461E+00     H3'       653

 BOND    =    12227.3993  ANGLE   =      226.2004  DIHED      =      821.8320
 VDWAALS =    31561.0071  EEL     =  -203526.2866  HBOND      =        0.0000
 1-4 VDW =      256.6201  1-4 EEL =    -3627.8451  RESTRAINT  =        0.0000


   NSTEP       ENERGY          RMS            GMAX         NAME    NUMBER
   5600      -1.6206E+05     2.4139E-02     8.7642E-01     P         659

 BOND    =    12227.8527  ANGLE   =      226.1400  DIHED      =      821.8561
 VDWAALS =    31563.2655  EEL     =  -203531.8459  HBOND      =        0.0000
 1-4 VDW =      256.6919  1-4 EEL =    -3627.8774  RESTRAINT  =        0.0000


   NSTEP       ENERGY          RMS            GMAX         NAME    NUMBER
   5650      -1.6207E+05     4.4523E-02     2.4942E+00     H1      17007

 BOND    =    12229.3167  ANGLE   =      226.1266  DIHED      =      821.9208
 VDWAALS =    31571.6144  EEL     =  -203549.9097  HBOND      =        0.0000
 1-4 VDW =      256.7127  1-4 EEL =    -3627.8841  RESTRAINT  =        0.0000


   NSTEP       ENERGY          RMS            GMAX         NAME    NUMBER
   5700      -1.6208E+05     5.1652E-02     3.1887E+00     H3'       653

 BOND    =    12229.5948  ANGLE   =      226.1958  DIHED      =      821.9701
 VDWAALS =    31573.9775  EEL     =  -203558.5150  HBOND      =        0.0000
 1-4 VDW =      256.7811  1-4 EEL =    -3628.0186  RESTRAINT  =        0.0000


   NSTEP       ENERGY          RMS            GMAX         NAME    NUMBER
   5750      -1.6209E+05     5.2938E-02     2.7749E+00     H3'       653

 BOND    =    12231.2912  ANGLE   =      226.0024  DIHED      =      822.0019
 VDWAALS =    31578.5544  EEL     =  -203571.7648  HBOND      =        0.0000
 1-4 VDW =      256.7719  1-4 EEL =    -3628.0574  RESTRAINT  =        0.0000


   NSTEP       ENERGY          RMS            GMAX         NAME    NUMBER
   5800      -1.6209E+05     5.8824E-02     2.7211E+00     H3'       653

 BOND    =    12232.2103  ANGLE   =      226.0693  DIHED      =      822.0694
 VDWAALS =    31583.6424  EEL     =  -203584.0363  HBOND      =        0.0000
 1-4 VDW =      256.7626  1-4 EEL =    -3627.9837  RESTRAINT  =        0.0000


   NSTEP       ENERGY          RMS            GMAX         NAME    NUMBER
   5850      -1.6209E+05     3.6990E-02     1.7218E+00     C6        612

 BOND    =    12231.6696  ANGLE   =      225.9251  DIHED      =      822.0506
 VDWAALS =    31584.4958  EEL     =  -203586.4182  HBOND      =        0.0000
 1-4 VDW =      256.7034  1-4 EEL =    -3628.1401  RESTRAINT  =        0.0000


   NSTEP       ENERGY          RMS            GMAX         NAME    NUMBER
   5900      -1.6210E+05     3.4015E-02     2.2366E+00     P         498

 BOND    =    12232.4019  ANGLE   =      225.8117  DIHED      =      822.1146
 VDWAALS =    31586.9864  EEL     =  -203597.3261  HBOND      =        0.0000
 1-4 VDW =      256.7460  1-4 EEL =    -3628.2308  RESTRAINT  =        0.0000


   NSTEP       ENERGY          RMS            GMAX         NAME    NUMBER
   5950      -1.6211E+05     2.8895E-02     1.1247E+00     O        9875

 BOND    =    12233.1545  ANGLE   =      225.8219  DIHED      =      822.1444
 VDWAALS =    31588.5204  EEL     =  -203604.7395  HBOND      =        0.0000
 1-4 VDW =      256.8026  1-4 EEL =    -3628.3452  RESTRAINT  =        0.0000


   NSTEP       ENERGY          RMS            GMAX         NAME    NUMBER
   6000      -1.6211E+05     2.7153E-02     1.3411E+00     H3'       653

 BOND    =    12233.4704  ANGLE   =      225.8882  DIHED      =      822.1759
 VDWAALS =    31589.4068  EEL     =  -203607.9236  HBOND      =        0.0000
 1-4 VDW =      256.7809  1-4 EEL =    -3628.3264  RESTRAINT  =        0.0000


   NSTEP       ENERGY          RMS            GMAX         NAME    NUMBER
   6050      -1.6212E+05     4.2104E-02     2.0038E+00     O       24230

 BOND    =    12234.6436  ANGLE   =      226.3051  DIHED      =      822.4062
 VDWAALS =    31599.4288  EEL     =  -203629.6453  HBOND      =        0.0000
 1-4 VDW =      256.6725  1-4 EEL =    -3628.1329  RESTRAINT  =        0.0000


   NSTEP       ENERGY          RMS            GMAX         NAME    NUMBER
   6100      -1.6212E+05     2.1517E-01     7.7914E+00     P         659

 BOND    =    12231.1986  ANGLE   =      226.5224  DIHED      =      822.4594
 VDWAALS =    31599.2610  EEL     =  -203627.5285  HBOND      =        0.0000
 1-4 VDW =      256.6215  1-4 EEL =    -3628.4470  RESTRAINT  =        0.0000


   NSTEP       ENERGY          RMS            GMAX         NAME    NUMBER
   6150      -1.6212E+05     7.4501E-02     3.4617E+00     O5'       409

 BOND    =    12236.3561  ANGLE   =      225.9254  DIHED      =      822.3882
 VDWAALS =    31600.1683  EEL     =  -203637.2517  HBOND      =        0.0000
 1-4 VDW =      256.7514  1-4 EEL =    -3628.2375  RESTRAINT  =        0.0000


   NSTEP       ENERGY          RMS            GMAX         NAME    NUMBER
   6200      -1.6213E+05     4.9663E-02     3.0159E+00     H1      24231

 BOND    =    12235.3431  ANGLE   =      225.9889  DIHED      =      822.3798
 VDWAALS =    31599.9314  EEL     =  -203638.7661  HBOND      =        0.0000
 1-4 VDW =      256.7326  1-4 EEL =    -3628.1732  RESTRAINT  =        0.0000


   NSTEP       ENERGY          RMS            GMAX         NAME    NUMBER
   6250      -1.6213E+05     5.0212E-02     2.3694E+00     C5'       663

 BOND    =    12236.3697  ANGLE   =      225.9757  DIHED      =      822.3672
 VDWAALS =    31601.1526  EEL     =  -203643.3120  HBOND      =        0.0000
 1-4 VDW =      256.7519  1-4 EEL =    -3628.1732  RESTRAINT  =        0.0000


   NSTEP       ENERGY          RMS            GMAX         NAME    NUMBER
   6300      -1.6213E+05     1.1063E-01     8.4848E+00     O        2855

 BOND    =    12236.6416  ANGLE   =      225.9927  DIHED      =      822.5144
 VDWAALS =    31603.5938  EEL     =  -203651.0837  HBOND      =        0.0000
 1-4 VDW =      256.7784  1-4 EEL =    -3628.9465  RESTRAINT  =        0.0000


   NSTEP       ENERGY          RMS            GMAX         NAME    NUMBER
   6350      -1.6214E+05     5.0519E-02     3.2116E+00     Na+      1103

 BOND    =    12237.4487  ANGLE   =      226.0322  DIHED      =      822.4742
 VDWAALS =    31606.4828  EEL     =  -203661.1060  HBOND      =        0.0000
 1-4 VDW =      256.7033  1-4 EEL =    -3628.3704  RESTRAINT  =        0.0000


   NSTEP       ENERGY          RMS            GMAX         NAME    NUMBER
   6400      -1.6215E+05     1.2655E-01     4.0689E+00     O5'       379

 BOND    =    12238.4945  ANGLE   =      226.3854  DIHED      =      822.5578
 VDWAALS =    31609.5490  EEL     =  -203671.6051  HBOND      =        0.0000
 1-4 VDW =      256.7802  1-4 EEL =    -3628.7193  RESTRAINT  =        0.0000


   NSTEP       ENERGY          RMS            GMAX         NAME    NUMBER
   6450      -1.6215E+05     1.1592E-01     4.4494E+00     C5        611

 BOND    =    12238.0024  ANGLE   =      226.9207  DIHED      =      822.3524
 VDWAALS =    31609.9568  EEL     =  -203680.3123  HBOND      =        0.0000
 1-4 VDW =      256.8364  1-4 EEL =    -3628.1366  RESTRAINT  =        0.0000


   NSTEP       ENERGY          RMS            GMAX         NAME    NUMBER
   6500      -1.6216E+05     1.1779E-01     4.7311E+00     P         561

 BOND    =    12238.4891  ANGLE   =      226.1294  DIHED      =      822.4924
 VDWAALS =    31612.6610  EEL     =  -203687.4031  HBOND      =        0.0000
 1-4 VDW =      256.7106  1-4 EEL =    -3628.5692  RESTRAINT  =        0.0000


   NSTEP       ENERGY          RMS            GMAX         NAME    NUMBER
   6550      -1.6216E+05     5.5776E-02     2.1194E+00     P         406

 BOND    =    12238.5154  ANGLE   =      226.0594  DIHED      =      822.4973
 VDWAALS =    31614.0015  EEL     =  -203692.3791  HBOND      =        0.0000
 1-4 VDW =      256.7837  1-4 EEL =    -3628.2292  RESTRAINT  =        0.0000


   NSTEP       ENERGY          RMS            GMAX         NAME    NUMBER
   6600      -1.6217E+05     6.3707E-02     2.9884E+00     H3'       653

 BOND    =    12240.3707  ANGLE   =      226.0479  DIHED      =      822.5268
 VDWAALS =    31614.9942  EEL     =  -203698.4098  HBOND      =        0.0000
 1-4 VDW =      256.7487  1-4 EEL =    -3628.4280  RESTRAINT  =        0.0000


   NSTEP       ENERGY          RMS            GMAX         NAME    NUMBER
   6650      -1.6217E+05     5.8400E-02     2.8788E+00     P          31

 BOND    =    12239.9704  ANGLE   =      226.0053  DIHED      =      822.5926
 VDWAALS =    31616.8497  EEL     =  -203703.1193  HBOND      =        0.0000
 1-4 VDW =      256.7692  1-4 EEL =    -3628.1252  RESTRAINT  =        0.0000


   NSTEP       ENERGY          RMS            GMAX         NAME    NUMBER
   6700      -1.6217E+05     6.9639E-02     7.2165E+00     P         406

 BOND    =    12240.4009  ANGLE   =      225.9110  DIHED      =      822.6198
 VDWAALS =    31619.3923  EEL     =  -203708.1329  HBOND      =        0.0000
 1-4 VDW =      256.7871  1-4 EEL =    -3628.3326  RESTRAINT  =        0.0000


   NSTEP       ENERGY          RMS            GMAX         NAME    NUMBER
   6750      -1.6218E+05     4.2241E-02     3.4021E+00     Na+      1114

 BOND    =    12242.5834  ANGLE   =      225.8264  DIHED      =      822.5941
 VDWAALS =    31632.0625  EEL     =  -203730.4715  HBOND      =        0.0000
 1-4 VDW =      256.7197  1-4 EEL =    -3628.0131  RESTRAINT  =        0.0000


   NSTEP       ENERGY          RMS            GMAX         NAME    NUMBER
   6800      -1.6218E+05     3.5589E-02     2.0261E+00     C4'       666

 BOND    =    12243.4134  ANGLE   =      225.8211  DIHED      =      822.6282
 VDWAALS =    31633.5570  EEL     =  -203735.0655  HBOND      =        0.0000
 1-4 VDW =      256.7244  1-4 EEL =    -3628.1529  RESTRAINT  =        0.0000


   NSTEP       ENERGY          RMS            GMAX         NAME    NUMBER
   6850      -1.6219E+05     2.5329E-02     1.5093E+00     H1      18777

 BOND    =    12244.5131  ANGLE   =      225.7130  DIHED      =      822.7144
 VDWAALS =    31638.3831  EEL     =  -203745.7564  HBOND      =        0.0000
 1-4 VDW =      256.7937  1-4 EEL =    -3628.3041  RESTRAINT  =        0.0000


   NSTEP       ENERGY          RMS            GMAX         NAME    NUMBER
   6900      -1.6219E+05     3.0990E-02     2.0649E+00     H1      18777

 BOND    =    12245.8721  ANGLE   =      225.6957  DIHED      =      822.7474
 VDWAALS =    31644.0254  EEL     =  -203757.8767  HBOND      =        0.0000
 1-4 VDW =      256.8567  1-4 EEL =    -3628.2095  RESTRAINT  =        0.0000


   NSTEP       ENERGY          RMS            GMAX         NAME    NUMBER
   6950      -1.6219E+05     3.4416E-02     2.5569E+00     O       18776

 BOND    =    12246.0296  ANGLE   =      225.6272  DIHED      =      822.7095
 VDWAALS =    31649.8792  EEL     =  -203766.7662  HBOND      =        0.0000
 1-4 VDW =      256.8891  1-4 EEL =    -3628.0353  RESTRAINT  =        0.0000


   NSTEP       ENERGY          RMS            GMAX         NAME    NUMBER
   7000      -1.6219E+05     2.4343E-02     1.1687E+00     N9        539

 BOND    =    12246.1329  ANGLE   =      225.5806  DIHED      =      822.7613
 VDWAALS =    31650.2023  EEL     =  -203767.5256  HBOND      =        0.0000
 1-4 VDW =      256.9567  1-4 EEL =    -3628.0616  RESTRAINT  =        0.0000


   NSTEP       ENERGY          RMS            GMAX         NAME    NUMBER
   7050      -1.6220E+05     2.6006E-02     2.2211E+00     O       34574

 BOND    =    12248.3886  ANGLE   =      225.5350  DIHED      =      822.8457
 VDWAALS =    31664.3096  EEL     =  -203790.5579  HBOND      =        0.0000
 1-4 VDW =      256.9367  1-4 EEL =    -3628.1364  RESTRAINT  =        0.0000


   NSTEP       ENERGY          RMS            GMAX         NAME    NUMBER
   7100      -1.6220E+05     3.7947E-02     2.0752E+00     C5'       224

 BOND    =    12248.7571  ANGLE   =      225.4567  DIHED      =      822.8719
 VDWAALS =    31666.9562  EEL     =  -203795.1830  HBOND      =        0.0000
 1-4 VDW =      257.0691  1-4 EEL =    -3628.0444  RESTRAINT  =        0.0000


   NSTEP       ENERGY          RMS            GMAX         NAME    NUMBER
   7150      -1.6220E+05     1.3077E-01     6.7969E+00     O       31775

 BOND    =    12248.6834  ANGLE   =      225.9457  DIHED      =      822.9138
 VDWAALS =    31669.6172  EEL     =  -203798.8889  HBOND      =        0.0000
 1-4 VDW =      256.8809  1-4 EEL =    -3628.1676  RESTRAINT  =        0.0000

     .... RESTARTED DUE TO LINMIN FAILURE ...


   NSTEP       ENERGY          RMS            GMAX         NAME    NUMBER
   7200      -1.6220E+05     1.1438E-02     1.0110E+00     O       31775

 BOND    =    12249.4218  ANGLE   =      225.5196  DIHED      =      822.9005
 VDWAALS =    31669.4474  EEL     =  -203800.1927  HBOND      =        0.0000
 1-4 VDW =      257.0095  1-4 EEL =    -3628.1108  RESTRAINT  =        0.0000


   NSTEP       ENERGY          RMS            GMAX         NAME    NUMBER
   7250      -1.6221E+05     1.5250E-02     1.0703E+00     O        1550

 BOND    =    12249.7642  ANGLE   =      225.4719  DIHED      =      822.9530
 VDWAALS =    31673.8108  EEL     =  -203807.8073  HBOND      =        0.0000
 1-4 VDW =      257.0664  1-4 EEL =    -3628.1663  RESTRAINT  =        0.0000


   NSTEP       ENERGY          RMS            GMAX         NAME    NUMBER
   7300      -1.6221E+05     3.1564E-02     1.1122E+00     H1      30627

 BOND    =    12250.0195  ANGLE   =      225.4657  DIHED      =      822.9845
 VDWAALS =    31673.7111  EEL     =  -203808.3441  HBOND      =        0.0000
 1-4 VDW =      257.0563  1-4 EEL =    -3628.1328  RESTRAINT  =        0.0000


   NSTEP       ENERGY          RMS            GMAX         NAME    NUMBER
   7350      -1.6221E+05     9.3625E-03     5.4427E-01     Na+      1114

 BOND    =    12249.7789  ANGLE   =      225.4974  DIHED      =      822.9863
 VDWAALS =    31673.9481  EEL     =  -203808.6238  HBOND      =        0.0000
 1-4 VDW =      257.0613  1-4 EEL =    -3628.1623  RESTRAINT  =        0.0000

     .... RESTARTED DUE TO LINMIN FAILURE ...


   NSTEP       ENERGY          RMS            GMAX         NAME    NUMBER
   7400      -1.6221E+05     9.1985E-03     4.9743E-01     Na+      1114

 BOND    =    12249.8088  ANGLE   =      225.4644  DIHED      =      822.9938
 VDWAALS =    31674.4525  EEL     =  -203810.0862  HBOND      =        0.0000
 1-4 VDW =      257.0764  1-4 EEL =    -3628.1451  RESTRAINT  =        0.0000

     .... RESTARTED DUE TO LINMIN FAILURE ...


   NSTEP       ENERGY          RMS            GMAX         NAME    NUMBER
   7450      -1.6221E+05     1.3531E-02     9.2814E-01     Na+      1114

 BOND    =    12249.9811  ANGLE   =      225.4830  DIHED      =      823.0142
 VDWAALS =    31674.7974  EEL     =  -203811.0371  HBOND      =        0.0000
 1-4 VDW =      257.0751  1-4 EEL =    -3628.1577  RESTRAINT  =        0.0000


   NSTEP       ENERGY          RMS            GMAX         NAME    NUMBER
   7500      -1.6221E+05     9.8647E-02     4.5349E+00     O        1694

 BOND    =    12248.8645  ANGLE   =      225.3034  DIHED      =      823.0524
 VDWAALS =    31675.8195  EEL     =  -203814.5390  HBOND      =        0.0000
 1-4 VDW =      257.1517  1-4 EEL =    -3628.4801  RESTRAINT  =        0.0000


   NSTEP       ENERGY          RMS            GMAX         NAME    NUMBER
   7550      -1.6222E+05     3.9795E-02     1.5510E+00     O3'       251

 BOND    =    12251.1086  ANGLE   =      225.4562  DIHED      =      823.1256
 VDWAALS =    31679.7819  EEL     =  -203824.0523  HBOND      =        0.0000
 1-4 VDW =      257.0957  1-4 EEL =    -3628.3305  RESTRAINT  =        0.0000


   NSTEP       ENERGY          RMS            GMAX         NAME    NUMBER
   7600      -1.6222E+05     6.3592E-02     3.4404E+00     H1      28995

 BOND    =    12251.1804  ANGLE   =      225.3709  DIHED      =      823.3078
 VDWAALS =    31679.8148  EEL     =  -203825.7758  HBOND      =        0.0000
 1-4 VDW =      257.0599  1-4 EEL =    -3628.3110  RESTRAINT  =        0.0000


   NSTEP       ENERGY          RMS            GMAX         NAME    NUMBER
   7650      -1.6222E+05     1.5800E-02     1.0091E+00     H2      28996

 BOND    =    12251.3537  ANGLE   =      225.1993  DIHED      =      823.2293
 VDWAALS =    31681.1545  EEL     =  -203828.1105  HBOND      =        0.0000
 1-4 VDW =      257.1285  1-4 EEL =    -3628.2998  RESTRAINT  =        0.0000


   NSTEP       ENERGY          RMS            GMAX         NAME    NUMBER
   7700      -1.6222E+05     2.8723E-02     2.6926E+00     H2      28996

 BOND    =    12251.7889  ANGLE   =      224.9898  DIHED      =      823.3264
 VDWAALS =    31683.7342  EEL     =  -203834.5657  HBOND      =        0.0000
 1-4 VDW =      257.1979  1-4 EEL =    -3628.0942  RESTRAINT  =        0.0000


   NSTEP       ENERGY          RMS            GMAX         NAME    NUMBER
   7750      -1.6222E+05     2.1389E-02     1.1660E+00     P         220

 BOND    =    12251.9038  ANGLE   =      225.0637  DIHED      =      823.3464
 VDWAALS =    31682.8924  EEL     =  -203834.6646  HBOND      =        0.0000
 1-4 VDW =      257.2209  1-4 EEL =    -3628.1176  RESTRAINT  =        0.0000


   NSTEP       ENERGY          RMS            GMAX         NAME    NUMBER
   7800      -1.6223E+05     2.5475E-02     1.5514E+00     OP2       408

 BOND    =    12251.9541  ANGLE   =      224.9896  DIHED      =      823.2912
 VDWAALS =    31681.2282  EEL     =  -203835.6335  HBOND      =        0.0000
 1-4 VDW =      257.2323  1-4 EEL =    -3628.1660  RESTRAINT  =        0.0000


   NSTEP       ENERGY          RMS            GMAX         NAME    NUMBER
   7850      -1.6223E+05     9.9442E-03     3.9685E-01     O       35357

 BOND    =    12251.9590  ANGLE   =      225.0507  DIHED      =      823.3377
 VDWAALS =    31681.3809  EEL     =  -203836.0451  HBOND      =        0.0000
 1-4 VDW =      257.2254  1-4 EEL =    -3628.1512  RESTRAINT  =        0.0000


   NSTEP       ENERGY          RMS            GMAX         NAME    NUMBER
   7900      -1.6223E+05     2.5877E-02     2.0075E+00     O        2978

 BOND    =    12252.6438  ANGLE   =      224.9783  DIHED      =      823.3664
 VDWAALS =    31684.1373  EEL     =  -203843.9714  HBOND      =        0.0000
 1-4 VDW =      257.2187  1-4 EEL =    -3628.1870  RESTRAINT  =        0.0000

     .... RESTARTED DUE TO LINMIN FAILURE ...


   NSTEP       ENERGY          RMS            GMAX         NAME    NUMBER
   7950      -1.6223E+05     1.1712E-02     7.1975E-01     H1       2979

 BOND    =    12252.4014  ANGLE   =      225.0376  DIHED      =      823.4073
 VDWAALS =    31684.1177  EEL     =  -203844.1308  HBOND      =        0.0000
 1-4 VDW =      257.2466  1-4 EEL =    -3628.1448  RESTRAINT  =        0.0000


   NSTEP       ENERGY          RMS            GMAX         NAME    NUMBER
   8000      -1.6223E+05     7.3856E-02     4.9096E+00     O5'       987

 BOND    =    12253.7468  ANGLE   =      225.1181  DIHED      =      823.4895
 VDWAALS =    31685.9891  EEL     =  -203849.8818  HBOND      =        0.0000
 1-4 VDW =      257.2508  1-4 EEL =    -3628.4070  RESTRAINT  =        0.0000


   NSTEP       ENERGY          RMS            GMAX         NAME    NUMBER
   8050      -1.6224E+05     8.6410E-02     6.2523E+00     P         984

 BOND    =    12254.2953  ANGLE   =      225.1734  DIHED      =      823.5118
 VDWAALS =    31685.9005  EEL     =  -203854.3490  HBOND      =        0.0000
 1-4 VDW =      257.2536  1-4 EEL =    -3628.4719  RESTRAINT  =        0.0000


   NSTEP       ENERGY          RMS            GMAX         NAME    NUMBER
   8100      -1.6224E+05     4.3019E-02     2.0436E+00     P         406

 BOND    =    12253.9034  ANGLE   =      224.9834  DIHED      =      823.5692
 VDWAALS =    31688.5870  EEL     =  -203859.7669  HBOND      =        0.0000
 1-4 VDW =      257.2510  1-4 EEL =    -3628.2268  RESTRAINT  =        0.0000


   NSTEP       ENERGY          RMS            GMAX         NAME    NUMBER
   8150      -1.6224E+05     2.1585E-02     1.0369E+00     P         406

 BOND    =    12253.7430  ANGLE   =      224.8692  DIHED      =      823.5518
 VDWAALS =    31688.8524  EEL     =  -203860.3520  HBOND      =        0.0000
 1-4 VDW =      257.2384  1-4 EEL =    -3628.2548  RESTRAINT  =        0.0000


   NSTEP       ENERGY          RMS            GMAX         NAME    NUMBER
   8200      -1.6224E+05     6.8245E-02     3.9523E+00     O       26750

 BOND    =    12253.7877  ANGLE   =      224.8423  DIHED      =      823.7227
 VDWAALS =    31694.5057  EEL     =  -203869.1442  HBOND      =        0.0000
 1-4 VDW =      257.2492  1-4 EEL =    -3628.2426  RESTRAINT  =        0.0000


   NSTEP       ENERGY          RMS            GMAX         NAME    NUMBER
   8250      -1.6225E+05     4.7739E-02     1.9548E+00     C8        419

 BOND    =    12254.2180  ANGLE   =      224.8069  DIHED      =      823.7240
 VDWAALS =    31694.7247  EEL     =  -203871.7935  HBOND      =        0.0000
 1-4 VDW =      257.2606  1-4 EEL =    -3628.2622  RESTRAINT  =        0.0000


   NSTEP       ENERGY          RMS            GMAX         NAME    NUMBER
   8300      -1.6224E+05     5.6220E-01     5.5081E+01     H1       2718

 BOND    =    12268.9731  ANGLE   =      225.6284  DIHED      =      823.8016
 VDWAALS =    31698.3990  EEL     =  -203885.9512  HBOND      =        0.0000
 1-4 VDW =      257.3616  1-4 EEL =    -3629.2551  RESTRAINT  =        0.0000


   NSTEP       ENERGY          RMS            GMAX         NAME    NUMBER
   8350      -1.6225E+05     4.4032E-02     1.8443E+00     O        1802

 BOND    =    12254.6898  ANGLE   =      224.9142  DIHED      =      824.0521
 VDWAALS =    31696.4116  EEL     =  -203880.5784  HBOND      =        0.0000
 1-4 VDW =      257.2154  1-4 EEL =    -3628.2426  RESTRAINT  =        0.0000


   NSTEP       ENERGY          RMS            GMAX         NAME    NUMBER
   8400      -1.6225E+05     3.0532E-02     2.7459E+00     H2       2719

 BOND    =    12254.3789  ANGLE   =      225.1105  DIHED      =      824.1000
 VDWAALS =    31695.9615  EEL     =  -203882.9590  HBOND      =        0.0000
 1-4 VDW =      257.2292  1-4 EEL =    -3628.4150  RESTRAINT  =        0.0000


   NSTEP       ENERGY          RMS            GMAX         NAME    NUMBER
   8450      -1.6226E+05     3.2860E-02     1.5793E+00     Na+      1103

 BOND    =    12254.1915  ANGLE   =      225.2799  DIHED      =      824.1332
 VDWAALS =    31694.8770  EEL     =  -203883.6619  HBOND      =        0.0000
 1-4 VDW =      257.1097  1-4 EEL =    -3628.1899  RESTRAINT  =        0.0000

     .... RESTARTED DUE TO LINMIN FAILURE ...


                    FINAL RESULTS



   NSTEP       ENERGY          RMS            GMAX         NAME    NUMBER
   8465      -1.6226E+05     3.2052E-02     1.6322E+00     Na+      1103

 BOND    =    12254.4016  ANGLE   =      225.2701  DIHED      =      824.0623
 VDWAALS =    31694.7446  EEL     =  -203883.5972  HBOND      =        0.0000
 1-4 VDW =      257.1681  1-4 EEL =    -3628.4714  RESTRAINT  =        0.0000

     ***** REPEATED LINMIN FAILURE *****
--------------------------------------------------------------------------------
   5.  TIMINGS
--------------------------------------------------------------------------------

|  NonSetup CPU Time in Major Routines:
|
|     Routine           Sec        %
|     ------------------------------
|     Nonbond          15.91   50.45
|     Bond              0.00    0.00
|     Angle             0.00    0.00
|     Dihedral          0.00    0.00
|     Shake             0.00    0.00
|     Other            15.62   49.55
|     ------------------------------
|     Total            31.53

|  PME Nonbond Pairlist CPU Time:
|
|     Routine              Sec        %
|     ---------------------------------
|     Set Up Cit           0.00    0.00
|     Build List           0.00    0.00
|     ---------------------------------
|     Total                0.00    0.00

|  PME Direct Force CPU Time:
|
|     Routine              Sec        %
|     ---------------------------------
|     NonBonded Calc       0.00    0.00
|     Exclude Masked       0.00    0.00
|     Other                0.02    0.06
|     ---------------------------------
|     Total                0.02    0.06

|  PME Reciprocal Force CPU Time:
|
|     Routine              Sec        %
|     ---------------------------------
|     1D bspline           0.00    0.00
|     Grid Charges         0.00    0.00
|     Scalar Sum           0.00    0.00
|     Gradient Sum         0.00    0.00
|     FFT                  0.00    0.00
|     ---------------------------------
|     Total                0.00    0.00

|  Setup CPU time:            1.45 seconds
|  NonSetup CPU time:        31.53 seconds
|  Total CPU time:           32.98 seconds     0.01 hours

|  Setup wall time:           1    seconds
|  NonSetup wall time:       32    seconds
|  Total wall time:          33    seconds     0.01 hours
