
          -------------------------------------------------------
          Amber 16 PMEMD                              2016
          -------------------------------------------------------

| PMEMD implementation of SANDER, Release 16

| Run on 01/17/2024 at 22:59:13

|   Executable path: pmemd.cuda
| Working directory: /home/students/keyq/fuben/input/4/nLT4RIGHT
|          Hostname: master

  [-O]verwriting output

File Assignments:
|   MDIN: heat6.in                                                              
|  MDOUT: cmp_heat6.out                                                         
| INPCRD: cmp_heat5.rst                                                         
|   PARM: cmp.prmtop                                                            
| RESTRT: cmp_heat6.rst                                                         
|   REFC: cmp.inpcrd                                                            
|  MDVEL: mdvel                                                                 
|   MDEN: mden                                                                  
|  MDCRD: cmp_heat6.mdcrd                                                       
| MDINFO: mdinfo                                                                
|  MDFRC: mdfrc                                                                 


 Here is the input file:

Stage 2 equilibration 1 0-5ns                                                  
 &cntrl                                                                        
  imin=0, irest=1, ntx=5,                                                      
  nstlim=6000, dt=0.002,                                                       
  ntc=2, ntf=2,                                                                
  ntt=1, tautp=1.5,                                                            
  tempi=255.0, temp0=310.0,                                                    
  ntpr=50, ntwx=50,                                                            
  ntb=1,                                                                       
  cut=10,                                                                      
 /                                                                             


Note: ig = -1. Setting random seed to   818832 based on wallclock time in 
      microseconds.
 
|--------------------- INFORMATION ----------------------
| GPU (CUDA) Version of PMEMD in use: NVIDIA GPU IN USE.
|                    Version 16.0.0
| 
|                      02/25/2016
| 
| Implementation by:
|                    Ross C. Walker     (SDSC)
|                    Scott Le Grand     (nVIDIA)
| 
| Precision model in use:
|      [SPFP] - Single Precision Forces, 64-bit Fixed Point
|               Accumulation. (Default)
| 
|--------------------------------------------------------
 
|----------------- CITATION INFORMATION -----------------
|
|    When publishing work that utilized the CUDA version
|    of AMBER, please cite the following in addition to
|    the regular AMBER citations:
|
|  - Romelia Salomon-Ferrer; Andreas W. Goetz; Duncan
|    Poole; Scott Le Grand; Ross C. Walker "Routine
|    microsecond molecular dynamics simulations with
|    AMBER - Part II: Particle Mesh Ewald", J. Chem.
|    Theory Comput., 2013, 9 (9), pp3878-3888,
|    DOI: 10.1021/ct400314y.
|
|  - Andreas W. Goetz; Mark J. Williamson; Dong Xu;
|    Duncan Poole; Scott Le Grand; Ross C. Walker
|    "Routine microsecond molecular dynamics simulations
|    with AMBER - Part I: Generalized Born", J. Chem.
|    Theory Comput., 2012, 8 (5), pp1542-1555.
|
|  - Scott Le Grand; Andreas W. Goetz; Ross C. Walker
|    "SPFP: Speed without compromise - a mixed precision
|    model for GPU accelerated molecular dynamics
|    simulations.", Comp. Phys. Comm., 2013, 184
|    pp374-380, DOI: 10.1016/j.cpc.2012.09.022
|
|--------------------------------------------------------
 
|------------------- GPU DEVICE INFO --------------------
|
|            CUDA_VISIBLE_DEVICES: 0
|   CUDA Capable Devices Detected:      1
|           CUDA Device ID in use:      0
|                CUDA Device Name: Tesla V100-PCIE-32GB
|     CUDA Device Global Mem Size:  32510 MB
| CUDA Device Num Multiprocessors:     80
|           CUDA Device Core Freq:   1.38 GHz
|
|--------------------------------------------------------
 
 
| Conditional Compilation Defines Used:
| PUBFFT
| BINTRAJ
| CUDA
| EMIL

| Largest sphere to fit in unit cell has radius =    33.493

| New format PARM file being parsed.
| Version =    1.000 Date = 01/29/21 Time = 11:09:30

| Note: 1-4 EEL scale factors are being read from the topology file.

| Note: 1-4 VDW scale factors are being read from the topology file.
| Duplicated    0 dihedrals

| Duplicated    0 dihedrals

--------------------------------------------------------------------------------
   1.  RESOURCE   USE: 
--------------------------------------------------------------------------------

 getting box info from netcdf restart file
 NATOM  =   37588 NTYPES =      18 NBONH =   36849 MBONA  =     790
 NTHETH =     891 MTHETA =    1223 NPHIH =    1882 MPHIA  =    2460
 NHPARM =       0 NPARM  =       0 NNB   =   54728 NRES   =   12221
 NBONA  =     790 NTHETA =    1223 NPHIA =    2460 NUMBND =      73
 NUMANG =     152 NPTRA  =      87 NATYP =      37 NPHB   =       1
 IFBOX  =       2 NMXRS  =      34 IFCAP =       0 NEXTRA =       0
 NCOPY  =       0

| Coordinate Index Table dimensions:    13   13   13
| Direct force subcell size =     6.3108    6.3108    6.3108

     BOX TYPE: TRUNCATED OCTAHEDRON

--------------------------------------------------------------------------------
   2.  CONTROL  DATA  FOR  THE  RUN
--------------------------------------------------------------------------------

default_name                                                                    

General flags:
     imin    =       0, nmropt  =       0

Nature and format of input:
     ntx     =       5, irest   =       1, ntrx    =       1

Nature and format of output:
     ntxo    =       2, ntpr    =      50, ntrx    =       1, ntwr    =    6000
     iwrap   =       0, ntwx    =      50, ntwv    =       0, ntwe    =       0
     ioutfm  =       1, ntwprt  =       0, idecomp =       0, rbornstat=      0

Potential function:
     ntf     =       2, ntb     =       1, igb     =       0, nsnb    =      25
     ipol    =       0, gbsa    =       0, iesp    =       0
     dielc   =   1.00000, cut     =  10.00000, intdiel =   1.00000

Frozen or restrained atoms:
     ibelly  =       0, ntr     =       0

Molecular dynamics:
     nstlim  =      6000, nscm    =      1000, nrespa  =         1
     t       =   0.00000, dt      =   0.00200, vlimit  =  -1.00000

Berendsen (weak-coupling) temperature regulation:
     temp0   = 310.00000, tempi   = 255.00000, tautp   =   1.50000

SHAKE:
     ntc     =       2, jfastw  =       0
     tol     =   0.00001

| Intermolecular bonds treatment:
|     no_intermolecular_bonds =       1

| Energy averages sample interval:
|     ene_avg_sampling =      50

Ewald parameters:
     verbose =       0, ew_type =       0, nbflag  =       1, use_pme =       1
     vdwmeth =       1, eedmeth =       1, netfrc  =       1
     Box X =   82.041   Box Y =   82.041   Box Z =   82.041
     Alpha =  109.471   Beta  =  109.471   Gamma =  109.471
     NFFT1 =   84       NFFT2 =   84       NFFT3 =   84
     Cutoff=   10.000   Tol   =0.100E-04
     Ewald Coefficient =  0.27511
     Interpolation order =    4

--------------------------------------------------------------------------------
   3.  ATOMIC COORDINATES AND VELOCITIES
--------------------------------------------------------------------------------

default_name                                                                    
 begin time read from input coords =    28.000 ps

 
 Number of triangulated 3-point waters found:    12155

     Sum of charges from parm topology file =   0.00000011
     Forcing neutrality...

| Dynamic Memory, Types Used:
| Reals             1085209
| Integers           901819

| Nonbonded Pairs Initial Allocation:    11369430

| GPU memory information (estimate):
| KB of GPU memory in use:    210299
| KB of CPU memory in use:     65147

--------------------------------------------------------------------------------
   4.  RESULTS
--------------------------------------------------------------------------------

 ---------------------------------------------------
 APPROXIMATING switch and d/dx switch using CUBIC SPLINE INTERPOLATION
 using   5000.0 points per unit in tabled values
 TESTING RELATIVE ERROR over r ranging from 0.0 to cutoff
| CHECK switch(x): max rel err =   0.2738E-14   at   2.422500
| CHECK d/dx switch(x): max rel err =   0.8314E-11   at   2.736960
 ---------------------------------------------------
|---------------------------------------------------
| APPROXIMATING direct energy using CUBIC SPLINE INTERPOLATION
|  with   50.0 points per unit in tabled values
| Relative Error Limit not exceeded for r .gt.   2.33
| APPROXIMATING direct force using CUBIC SPLINE INTERPOLATION
|  with   50.0 points per unit in tabled values
| Relative Error Limit not exceeded for r .gt.   2.80
|---------------------------------------------------

 NSTEP =       50   TIME(PS) =      28.100  TEMP(K) =   243.16  PRESS =     0.0
 Etot   =   -115319.0566  EKtot   =     18340.4336  EPtot      =   -133659.4902
 BOND   =       228.5892  ANGLE   =       519.4336  DIHED      =       912.9799
 1-4 NB =       279.8622  1-4 EEL =     -3444.0299  VDWAALS    =     19446.6012
 EELEC  =   -151602.9264  EHBOND  =         0.0000  RESTRAINT  =         0.0000
 ------------------------------------------------------------------------------


 NSTEP =      100   TIME(PS) =      28.200  TEMP(K) =   246.98  PRESS =     0.0
 Etot   =   -114991.7274  EKtot   =     18628.8262  EPtot      =   -133620.5536
 BOND   =       217.4183  ANGLE   =       536.2942  DIHED      =       912.7096
 1-4 NB =       283.1725  1-4 EEL =     -3435.7955  VDWAALS    =     19107.7202
 EELEC  =   -151242.0729  EHBOND  =         0.0000  RESTRAINT  =         0.0000
 ------------------------------------------------------------------------------


 NSTEP =      150   TIME(PS) =      28.300  TEMP(K) =   247.18  PRESS =     0.0
 Etot   =   -114673.3694  EKtot   =     18643.5410  EPtot      =   -133316.9104
 BOND   =       225.4395  ANGLE   =       495.4420  DIHED      =       904.2110
 1-4 NB =       297.2735  1-4 EEL =     -3434.2816  VDWAALS    =     19277.6692
 EELEC  =   -151082.6639  EHBOND  =         0.0000  RESTRAINT  =         0.0000
 ------------------------------------------------------------------------------


 NSTEP =      200   TIME(PS) =      28.400  TEMP(K) =   248.45  PRESS =     0.0
 Etot   =   -114363.0626  EKtot   =     18739.7246  EPtot      =   -133102.7872
 BOND   =       227.2200  ANGLE   =       546.8435  DIHED      =       908.5120
 1-4 NB =       279.4935  1-4 EEL =     -3464.4614  VDWAALS    =     19138.3749
 EELEC  =   -150738.7698  EHBOND  =         0.0000  RESTRAINT  =         0.0000
 ------------------------------------------------------------------------------


 NSTEP =      250   TIME(PS) =      28.500  TEMP(K) =   249.51  PRESS =     0.0
 Etot   =   -114062.0836  EKtot   =     18819.3203  EPtot      =   -132881.4039
 BOND   =       223.5546  ANGLE   =       509.5227  DIHED      =       909.2270
 1-4 NB =       286.8613  1-4 EEL =     -3403.4139  VDWAALS    =     19206.4382
 EELEC  =   -150613.5937  EHBOND  =         0.0000  RESTRAINT  =         0.0000
 ------------------------------------------------------------------------------


 NSTEP =      300   TIME(PS) =      28.600  TEMP(K) =   250.43  PRESS =     0.0
 Etot   =   -113763.5183  EKtot   =     18888.8574  EPtot      =   -132652.3758
 BOND   =       225.5669  ANGLE   =       559.6579  DIHED      =       911.3405
 1-4 NB =       279.0755  1-4 EEL =     -3441.2560  VDWAALS    =     19117.9103
 EELEC  =   -150304.6708  EHBOND  =         0.0000  RESTRAINT  =         0.0000
 ------------------------------------------------------------------------------


 NSTEP =      350   TIME(PS) =      28.700  TEMP(K) =   253.48  PRESS =     0.0
 Etot   =   -113470.5087  EKtot   =     19118.9805  EPtot      =   -132589.4892
 BOND   =       234.4378  ANGLE   =       548.1043  DIHED      =       918.6198
 1-4 NB =       283.9129  1-4 EEL =     -3464.4521  VDWAALS    =     18814.1072
 EELEC  =   -149924.2192  EHBOND  =         0.0000  RESTRAINT  =         0.0000
 ------------------------------------------------------------------------------


 NSTEP =      400   TIME(PS) =      28.800  TEMP(K) =   252.13  PRESS =     0.0
 Etot   =   -113181.5345  EKtot   =     19017.1035  EPtot      =   -132198.6380
 BOND   =       243.8031  ANGLE   =       540.9210  DIHED      =       913.6313
 1-4 NB =       293.0692  1-4 EEL =     -3433.9563  VDWAALS    =     18734.4869
 EELEC  =   -149490.5932  EHBOND  =         0.0000  RESTRAINT  =         0.0000
 ------------------------------------------------------------------------------


 NSTEP =      450   TIME(PS) =      28.900  TEMP(K) =   256.05  PRESS =     0.0
 Etot   =   -112896.4044  EKtot   =     19312.9160  EPtot      =   -132209.3204
 BOND   =       259.2522  ANGLE   =       547.2175  DIHED      =       917.8994
 1-4 NB =       284.8992  1-4 EEL =     -3477.8513  VDWAALS    =     18650.7581
 EELEC  =   -149391.4955  EHBOND  =         0.0000  RESTRAINT  =         0.0000
 ------------------------------------------------------------------------------


 NSTEP =      500   TIME(PS) =      29.000  TEMP(K) =   255.86  PRESS =     0.0
 Etot   =   -112621.2018  EKtot   =     19298.4824  EPtot      =   -131919.6842
 BOND   =       238.5054  ANGLE   =       535.3910  DIHED      =       915.1919
 1-4 NB =       288.7683  1-4 EEL =     -3418.7659  VDWAALS    =     18530.5335
 EELEC  =   -149009.3084  EHBOND  =         0.0000  RESTRAINT  =         0.0000
 ------------------------------------------------------------------------------


 NSTEP =      550   TIME(PS) =      29.100  TEMP(K) =   255.37  PRESS =     0.0
 Etot   =   -112346.4316  EKtot   =     19261.6660  EPtot      =   -131608.0976
 BOND   =       260.2832  ANGLE   =       560.6897  DIHED      =       916.4578
 1-4 NB =       285.3402  1-4 EEL =     -3438.2595  VDWAALS    =     18573.7125
 EELEC  =   -148766.3214  EHBOND  =         0.0000  RESTRAINT  =         0.0000
 ------------------------------------------------------------------------------


 NSTEP =      600   TIME(PS) =      29.200  TEMP(K) =   258.42  PRESS =     0.0
 Etot   =   -112085.0457  EKtot   =     19491.5820  EPtot      =   -131576.6278
 BOND   =       250.3431  ANGLE   =       519.9626  DIHED      =       919.6250
 1-4 NB =       290.5187  1-4 EEL =     -3462.3128  VDWAALS    =     18795.8675
 EELEC  =   -148890.6317  EHBOND  =         0.0000  RESTRAINT  =         0.0000
 ------------------------------------------------------------------------------


 NSTEP =      650   TIME(PS) =      29.300  TEMP(K) =   258.73  PRESS =     0.0
 Etot   =   -111828.2012  EKtot   =     19514.9258  EPtot      =   -131343.1269
 BOND   =       247.4789  ANGLE   =       560.3780  DIHED      =       909.0831
 1-4 NB =       286.8286  1-4 EEL =     -3464.3294  VDWAALS    =     18722.7565
 EELEC  =   -148605.3226  EHBOND  =         0.0000  RESTRAINT  =         0.0000
 ------------------------------------------------------------------------------


 NSTEP =      700   TIME(PS) =      29.400  TEMP(K) =   260.57  PRESS =     0.0
 Etot   =   -111573.7196  EKtot   =     19654.0684  EPtot      =   -131227.7880
 BOND   =       250.6715  ANGLE   =       561.1275  DIHED      =       913.9454
 1-4 NB =       274.6824  1-4 EEL =     -3457.2177  VDWAALS    =     18603.0444
 EELEC  =   -148374.0415  EHBOND  =         0.0000  RESTRAINT  =         0.0000
 ------------------------------------------------------------------------------


 NSTEP =      750   TIME(PS) =      29.500  TEMP(K) =   260.35  PRESS =     0.0
 Etot   =   -111330.0141  EKtot   =     19636.9258  EPtot      =   -130966.9399
 BOND   =       256.0489  ANGLE   =       551.0711  DIHED      =       907.1576
 1-4 NB =       300.4495  1-4 EEL =     -3437.6011  VDWAALS    =     18476.3316
 EELEC  =   -148020.3976  EHBOND  =         0.0000  RESTRAINT  =         0.0000
 ------------------------------------------------------------------------------


 NSTEP =      800   TIME(PS) =      29.600  TEMP(K) =   258.96  PRESS =     0.0
 Etot   =   -111086.0446  EKtot   =     19532.1270  EPtot      =   -130618.1715
 BOND   =       241.7229  ANGLE   =       557.2398  DIHED      =       912.2628
 1-4 NB =       282.9756  1-4 EEL =     -3421.2977  VDWAALS    =     18442.8331
 EELEC  =   -147633.9081  EHBOND  =         0.0000  RESTRAINT  =         0.0000
 ------------------------------------------------------------------------------


 NSTEP =      850   TIME(PS) =      29.700  TEMP(K) =   262.02  PRESS =     0.0
 Etot   =   -110846.7047  EKtot   =     19763.0703  EPtot      =   -130609.7750
 BOND   =       237.3013  ANGLE   =       545.9116  DIHED      =       913.4287
 1-4 NB =       288.2349  1-4 EEL =     -3430.0928  VDWAALS    =     18459.2557
 EELEC  =   -147623.8144  EHBOND  =         0.0000  RESTRAINT  =         0.0000
 ------------------------------------------------------------------------------


 NSTEP =      900   TIME(PS) =      29.800  TEMP(K) =   262.89  PRESS =     0.0
 Etot   =   -110613.6270  EKtot   =     19828.7676  EPtot      =   -130442.3945
 BOND   =       253.5332  ANGLE   =       553.3455  DIHED      =       918.6365
 1-4 NB =       282.6610  1-4 EEL =     -3448.5829  VDWAALS    =     18420.1944
 EELEC  =   -147422.1823  EHBOND  =         0.0000  RESTRAINT  =         0.0000
 ------------------------------------------------------------------------------


 NSTEP =      950   TIME(PS) =      29.900  TEMP(K) =   265.88  PRESS =     0.0
 Etot   =   -110384.3880  EKtot   =     20054.4199  EPtot      =   -130438.8079
 BOND   =       236.8298  ANGLE   =       541.5042  DIHED      =       921.0354
 1-4 NB =       295.6401  1-4 EEL =     -3417.5794  VDWAALS    =     18335.5289
 EELEC  =   -147351.7668  EHBOND  =         0.0000  RESTRAINT  =         0.0000
 ------------------------------------------------------------------------------

check COM velocity, temp:        0.000005     0.00(Removed)

 NSTEP =     1000   TIME(PS) =      30.000  TEMP(K) =   263.03  PRESS =     0.0
 Etot   =   -110155.2275  EKtot   =     19838.9180  EPtot      =   -129994.1455
 BOND   =       241.7863  ANGLE   =       543.4651  DIHED      =       918.7723
 1-4 NB =       292.5491  1-4 EEL =     -3439.5571  VDWAALS    =     18157.6251
 EELEC  =   -146708.7865  EHBOND  =         0.0000  RESTRAINT  =         0.0000
 ------------------------------------------------------------------------------


 NSTEP =     1050   TIME(PS) =      30.100  TEMP(K) =   264.54  PRESS =     0.0
 Etot   =   -109932.7154  EKtot   =     19952.8613  EPtot      =   -129885.5767
 BOND   =       273.9799  ANGLE   =       562.7257  DIHED      =       912.6442
 1-4 NB =       284.2183  1-4 EEL =     -3443.4820  VDWAALS    =     18036.8046
 EELEC  =   -146512.4673  EHBOND  =         0.0000  RESTRAINT  =         0.0000
 ------------------------------------------------------------------------------


 NSTEP =     1100   TIME(PS) =      30.200  TEMP(K) =   265.78  PRESS =     0.0
 Etot   =   -109713.7239  EKtot   =     20046.7324  EPtot      =   -129760.4564
 BOND   =       240.8777  ANGLE   =       544.9997  DIHED      =       914.9136
 1-4 NB =       291.1987  1-4 EEL =     -3418.4037  VDWAALS    =     18200.4642
 EELEC  =   -146534.5064  EHBOND  =         0.0000  RESTRAINT  =         0.0000
 ------------------------------------------------------------------------------


 NSTEP =     1150   TIME(PS) =      30.300  TEMP(K) =   266.03  PRESS =     0.0
 Etot   =   -109497.8070  EKtot   =     20065.2969  EPtot      =   -129563.1038
 BOND   =       255.2220  ANGLE   =       548.7115  DIHED      =       917.7312
 1-4 NB =       283.4630  1-4 EEL =     -3452.3004  VDWAALS    =     17756.1402
 EELEC  =   -145872.0712  EHBOND  =         0.0000  RESTRAINT  =         0.0000
 ------------------------------------------------------------------------------


 NSTEP =     1200   TIME(PS) =      30.400  TEMP(K) =   267.96  PRESS =     0.0
 Etot   =   -109282.8174  EKtot   =     20211.3242  EPtot      =   -129494.1416
 BOND   =       262.3419  ANGLE   =       544.3765  DIHED      =       923.2619
 1-4 NB =       288.1897  1-4 EEL =     -3466.6344  VDWAALS    =     17890.9667
 EELEC  =   -145936.6440  EHBOND  =         0.0000  RESTRAINT  =         0.0000
 ------------------------------------------------------------------------------


 NSTEP =     1250   TIME(PS) =      30.500  TEMP(K) =   271.48  PRESS =     0.0
 Etot   =   -109080.4147  EKtot   =     20476.7676  EPtot      =   -129557.1823
 BOND   =       268.1700  ANGLE   =       572.4681  DIHED      =       925.1728
 1-4 NB =       276.8725  1-4 EEL =     -3449.2214  VDWAALS    =     17803.2535
 EELEC  =   -145953.8979  EHBOND  =         0.0000  RESTRAINT  =         0.0000
 ------------------------------------------------------------------------------


 NSTEP =     1300   TIME(PS) =      30.600  TEMP(K) =   270.62  PRESS =     0.0
 Etot   =   -108876.9431  EKtot   =     20411.5352  EPtot      =   -129288.4783
 BOND   =       253.6295  ANGLE   =       577.3029  DIHED      =       935.8845
 1-4 NB =       304.7855  1-4 EEL =     -3454.5335  VDWAALS    =     17586.2237
 EELEC  =   -145491.7710  EHBOND  =         0.0000  RESTRAINT  =         0.0000
 ------------------------------------------------------------------------------


 NSTEP =     1350   TIME(PS) =      30.700  TEMP(K) =   272.00  PRESS =     0.0
 Etot   =   -108680.5971  EKtot   =     20515.6543  EPtot      =   -129196.2514
 BOND   =       246.6722  ANGLE   =       566.8401  DIHED      =       917.1145
 1-4 NB =       292.2434  1-4 EEL =     -3450.3598  VDWAALS    =     17603.7926
 EELEC  =   -145372.5545  EHBOND  =         0.0000  RESTRAINT  =         0.0000
 ------------------------------------------------------------------------------


 NSTEP =     1400   TIME(PS) =      30.800  TEMP(K) =   272.62  PRESS =     0.0
 Etot   =   -108492.1759  EKtot   =     20562.7930  EPtot      =   -129054.9688
 BOND   =       251.6914  ANGLE   =       584.5835  DIHED      =       929.5930
 1-4 NB =       278.6756  1-4 EEL =     -3451.7106  VDWAALS    =     17678.2816
 EELEC  =   -145326.0834  EHBOND  =         0.0000  RESTRAINT  =         0.0000
 ------------------------------------------------------------------------------


 NSTEP =     1450   TIME(PS) =      30.900  TEMP(K) =   269.48  PRESS =     0.0
 Etot   =   -108302.2870  EKtot   =     20325.9395  EPtot      =   -128628.2265
 BOND   =       281.7358  ANGLE   =       587.0543  DIHED      =       931.6283
 1-4 NB =       304.2825  1-4 EEL =     -3488.6182  VDWAALS    =     17465.0003
 EELEC  =   -144709.3096  EHBOND  =         0.0000  RESTRAINT  =         0.0000
 ------------------------------------------------------------------------------


 NSTEP =     1500   TIME(PS) =      31.000  TEMP(K) =   274.38  PRESS =     0.0
 Etot   =   -108115.6678  EKtot   =     20695.0664  EPtot      =   -128810.7342
 BOND   =       256.9172  ANGLE   =       591.3680  DIHED      =       929.3177
 1-4 NB =       288.4190  1-4 EEL =     -3431.3296  VDWAALS    =     17462.4946
 EELEC  =   -144907.9211  EHBOND  =         0.0000  RESTRAINT  =         0.0000
 ------------------------------------------------------------------------------


 NSTEP =     1550   TIME(PS) =      31.100  TEMP(K) =   274.38  PRESS =     0.0
 Etot   =   -107934.5581  EKtot   =     20695.6777  EPtot      =   -128630.2358
 BOND   =       259.4971  ANGLE   =       541.8767  DIHED      =       935.3145
 1-4 NB =       299.4465  1-4 EEL =     -3404.2339  VDWAALS    =     17371.6933
 EELEC  =   -144633.8300  EHBOND  =         0.0000  RESTRAINT  =         0.0000
 ------------------------------------------------------------------------------


 NSTEP =     1600   TIME(PS) =      31.200  TEMP(K) =   275.96  PRESS =     0.0
 Etot   =   -107760.7701  EKtot   =     20814.5352  EPtot      =   -128575.3052
 BOND   =       263.2492  ANGLE   =       557.7769  DIHED      =       941.7588
 1-4 NB =       281.8870  1-4 EEL =     -3442.7772  VDWAALS    =     17420.1759
 EELEC  =   -144597.3758  EHBOND  =         0.0000  RESTRAINT  =         0.0000
 ------------------------------------------------------------------------------


 NSTEP =     1650   TIME(PS) =      31.300  TEMP(K) =   273.65  PRESS =     0.0
 Etot   =   -107578.8586  EKtot   =     20640.0566  EPtot      =   -128218.9152
 BOND   =       264.2044  ANGLE   =       576.4123  DIHED      =       920.6888
 1-4 NB =       290.7299  1-4 EEL =     -3445.9590  VDWAALS    =     17167.2092
 EELEC  =   -143992.2007  EHBOND  =         0.0000  RESTRAINT  =         0.0000
 ------------------------------------------------------------------------------


 NSTEP =     1700   TIME(PS) =      31.400  TEMP(K) =   278.86  PRESS =     0.0
 Etot   =   -107409.2114  EKtot   =     21033.0586  EPtot      =   -128442.2700
 BOND   =       273.5279  ANGLE   =       598.3601  DIHED      =       925.7697
 1-4 NB =       296.0179  1-4 EEL =     -3454.6772  VDWAALS    =     17349.5070
 EELEC  =   -144430.7755  EHBOND  =         0.0000  RESTRAINT  =         0.0000
 ------------------------------------------------------------------------------


 NSTEP =     1750   TIME(PS) =      31.500  TEMP(K) =   276.93  PRESS =     0.0
 Etot   =   -107248.3220  EKtot   =     20887.6250  EPtot      =   -128135.9470
 BOND   =       284.2232  ANGLE   =       568.8818  DIHED      =       926.2963
 1-4 NB =       289.6724  1-4 EEL =     -3457.5060  VDWAALS    =     17587.0599
 EELEC  =   -144334.5747  EHBOND  =         0.0000  RESTRAINT  =         0.0000
 ------------------------------------------------------------------------------


 NSTEP =     1800   TIME(PS) =      31.600  TEMP(K) =   278.83  PRESS =     0.0
 Etot   =   -107091.7803  EKtot   =     21030.8594  EPtot      =   -128122.6397
 BOND   =       261.0192  ANGLE   =       586.7712  DIHED      =       922.4016
 1-4 NB =       282.8846  1-4 EEL =     -3437.9490  VDWAALS    =     17283.8184
 EELEC  =   -144021.5856  EHBOND  =         0.0000  RESTRAINT  =         0.0000
 ------------------------------------------------------------------------------


 NSTEP =     1850   TIME(PS) =      31.700  TEMP(K) =   278.00  PRESS =     0.0
 Etot   =   -106933.1445  EKtot   =     20968.7070  EPtot      =   -127901.8516
 BOND   =       257.0022  ANGLE   =       606.1204  DIHED      =       933.0730
 1-4 NB =       300.9713  1-4 EEL =     -3451.0980  VDWAALS    =     17146.3142
 EELEC  =   -143694.2345  EHBOND  =         0.0000  RESTRAINT  =         0.0000
 ------------------------------------------------------------------------------


 NSTEP =     1900   TIME(PS) =      31.800  TEMP(K) =   277.91  PRESS =     0.0
 Etot   =   -106772.2802  EKtot   =     20961.7656  EPtot      =   -127734.0458
 BOND   =       252.6635  ANGLE   =       600.6038  DIHED      =       928.1739
 1-4 NB =       290.1569  1-4 EEL =     -3416.0431  VDWAALS    =     17190.4023
 EELEC  =   -143580.0030  EHBOND  =         0.0000  RESTRAINT  =         0.0000
 ------------------------------------------------------------------------------


 NSTEP =     1950   TIME(PS) =      31.900  TEMP(K) =   280.61  PRESS =     0.0
 Etot   =   -106623.7702  EKtot   =     21165.5391  EPtot      =   -127789.3093
 BOND   =       284.2523  ANGLE   =       585.6028  DIHED      =       921.0938
 1-4 NB =       276.0522  1-4 EEL =     -3453.9131  VDWAALS    =     17348.7499
 EELEC  =   -143751.1472  EHBOND  =         0.0000  RESTRAINT  =         0.0000
 ------------------------------------------------------------------------------

check COM velocity, temp:        0.000007     0.00(Removed)

 NSTEP =     2000   TIME(PS) =      32.000  TEMP(K) =   280.64  PRESS =     0.0
 Etot   =   -106475.3809  EKtot   =     21167.2168  EPtot      =   -127642.5977
 BOND   =       277.1855  ANGLE   =       591.4252  DIHED      =       908.9259
 1-4 NB =       289.0139  1-4 EEL =     -3469.1249  VDWAALS    =     17249.7918
 EELEC  =   -143489.8152  EHBOND  =         0.0000  RESTRAINT  =         0.0000
 ------------------------------------------------------------------------------


 NSTEP =     2050   TIME(PS) =      32.100  TEMP(K) =   280.98  PRESS =     0.0
 Etot   =   -106328.1585  EKtot   =     21193.1172  EPtot      =   -127521.2757
 BOND   =       279.7008  ANGLE   =       604.9730  DIHED      =       921.7428
 1-4 NB =       295.1824  1-4 EEL =     -3462.3397  VDWAALS    =     17354.9130
 EELEC  =   -143515.4481  EHBOND  =         0.0000  RESTRAINT  =         0.0000
 ------------------------------------------------------------------------------


 NSTEP =     2100   TIME(PS) =      32.200  TEMP(K) =   282.14  PRESS =     0.0
 Etot   =   -106187.5751  EKtot   =     21280.4492  EPtot      =   -127468.0244
 BOND   =       279.5714  ANGLE   =       597.1268  DIHED      =       936.1637
 1-4 NB =       291.8572  1-4 EEL =     -3442.8209  VDWAALS    =     17233.9856
 EELEC  =   -143363.9081  EHBOND  =         0.0000  RESTRAINT  =         0.0000
 ------------------------------------------------------------------------------


 NSTEP =     2150   TIME(PS) =      32.300  TEMP(K) =   283.91  PRESS =     0.0
 Etot   =   -106053.2302  EKtot   =     21414.4629  EPtot      =   -127467.6931
 BOND   =       249.5956  ANGLE   =       581.0310  DIHED      =       945.8623
 1-4 NB =       287.4590  1-4 EEL =     -3425.8366  VDWAALS    =     17216.6628
 EELEC  =   -143322.4671  EHBOND  =         0.0000  RESTRAINT  =         0.0000
 ------------------------------------------------------------------------------


 NSTEP =     2200   TIME(PS) =      32.400  TEMP(K) =   282.02  PRESS =     0.0
 Etot   =   -105918.5313  EKtot   =     21271.7949  EPtot      =   -127190.3263
 BOND   =       274.3667  ANGLE   =       632.6556  DIHED      =       914.8830
 1-4 NB =       279.5661  1-4 EEL =     -3458.7755  VDWAALS    =     16880.0258
 EELEC  =   -142713.0480  EHBOND  =         0.0000  RESTRAINT  =         0.0000
 ------------------------------------------------------------------------------


 NSTEP =     2250   TIME(PS) =      32.500  TEMP(K) =   285.56  PRESS =     0.0
 Etot   =   -105792.5824  EKtot   =     21538.5566  EPtot      =   -127331.1390
 BOND   =       276.3807  ANGLE   =       596.1277  DIHED      =       938.6780
 1-4 NB =       290.1572  1-4 EEL =     -3429.0842  VDWAALS    =     17046.0882
 EELEC  =   -143049.4866  EHBOND  =         0.0000  RESTRAINT  =         0.0000
 ------------------------------------------------------------------------------


 NSTEP =     2300   TIME(PS) =      32.600  TEMP(K) =   283.86  PRESS =     0.0
 Etot   =   -105665.1060  EKtot   =     21410.7051  EPtot      =   -127075.8111
 BOND   =       258.0504  ANGLE   =       598.6014  DIHED      =       932.0320
 1-4 NB =       306.9679  1-4 EEL =     -3435.5210  VDWAALS    =     17234.7969
 EELEC  =   -142970.7386  EHBOND  =         0.0000  RESTRAINT  =         0.0000
 ------------------------------------------------------------------------------


 NSTEP =     2350   TIME(PS) =      32.700  TEMP(K) =   284.22  PRESS =     0.0
 Etot   =   -105537.6310  EKtot   =     21437.7363  EPtot      =   -126975.3674
 BOND   =       272.1339  ANGLE   =       639.9578  DIHED      =       919.3936
 1-4 NB =       290.4424  1-4 EEL =     -3476.2527  VDWAALS    =     17018.5472
 EELEC  =   -142639.5896  EHBOND  =         0.0000  RESTRAINT  =         0.0000
 ------------------------------------------------------------------------------


 NSTEP =     2400   TIME(PS) =      32.800  TEMP(K) =   283.45  PRESS =     0.0
 Etot   =   -105409.6506  EKtot   =     21379.5137  EPtot      =   -126789.1643
 BOND   =       277.1746  ANGLE   =       605.0708  DIHED      =       937.7540
 1-4 NB =       286.0533  1-4 EEL =     -3469.7699  VDWAALS    =     17054.4796
 EELEC  =   -142479.9267  EHBOND  =         0.0000  RESTRAINT  =         0.0000
 ------------------------------------------------------------------------------


 NSTEP =     2450   TIME(PS) =      32.900  TEMP(K) =   285.67  PRESS =     0.0
 Etot   =   -105288.3849  EKtot   =     21547.1133  EPtot      =   -126835.4981
 BOND   =       268.8682  ANGLE   =       596.6426  DIHED      =       919.1118
 1-4 NB =       299.0528  1-4 EEL =     -3443.1534  VDWAALS    =     17009.7941
 EELEC  =   -142485.8142  EHBOND  =         0.0000  RESTRAINT  =         0.0000
 ------------------------------------------------------------------------------


 NSTEP =     2500   TIME(PS) =      33.000  TEMP(K) =   285.50  PRESS =     0.0
 Etot   =   -105169.3423  EKtot   =     21534.3555  EPtot      =   -126703.6978
 BOND   =       254.4157  ANGLE   =       578.0116  DIHED      =       936.9582
 1-4 NB =       296.0177  1-4 EEL =     -3400.2910  VDWAALS    =     16941.3924
 EELEC  =   -142310.2024  EHBOND  =         0.0000  RESTRAINT  =         0.0000
 ------------------------------------------------------------------------------


 NSTEP =     2550   TIME(PS) =      33.100  TEMP(K) =   286.58  PRESS =     0.0
 Etot   =   -105047.0258  EKtot   =     21615.2812  EPtot      =   -126662.3071
 BOND   =       277.5572  ANGLE   =       606.0283  DIHED      =       933.2445
 1-4 NB =       277.4190  1-4 EEL =     -3440.5936  VDWAALS    =     16800.6729
 EELEC  =   -142116.6354  EHBOND  =         0.0000  RESTRAINT  =         0.0000
 ------------------------------------------------------------------------------


 NSTEP =     2600   TIME(PS) =      33.200  TEMP(K) =   287.72  PRESS =     0.0
 Etot   =   -104933.2000  EKtot   =     21701.4883  EPtot      =   -126634.6883
 BOND   =       268.3169  ANGLE   =       609.5438  DIHED      =       921.4741
 1-4 NB =       303.0162  1-4 EEL =     -3455.5926  VDWAALS    =     16564.2050
 EELEC  =   -141845.6518  EHBOND  =         0.0000  RESTRAINT  =         0.0000
 ------------------------------------------------------------------------------


 NSTEP =     2650   TIME(PS) =      33.300  TEMP(K) =   287.62  PRESS =     0.0
 Etot   =   -104817.1590  EKtot   =     21694.1348  EPtot      =   -126511.2938
 BOND   =       270.9116  ANGLE   =       590.8860  DIHED      =       923.6453
 1-4 NB =       282.3067  1-4 EEL =     -3439.6865  VDWAALS    =     16521.3978
 EELEC  =   -141660.7546  EHBOND  =         0.0000  RESTRAINT  =         0.0000
 ------------------------------------------------------------------------------


 NSTEP =     2700   TIME(PS) =      33.400  TEMP(K) =   285.42  PRESS =     0.0
 Etot   =   -104700.1813  EKtot   =     21528.2539  EPtot      =   -126228.4352
 BOND   =       266.6440  ANGLE   =       575.6494  DIHED      =       934.8227
 1-4 NB =       300.6468  1-4 EEL =     -3425.4618  VDWAALS    =     16426.1951
 EELEC  =   -141306.9314  EHBOND  =         0.0000  RESTRAINT  =         0.0000
 ------------------------------------------------------------------------------


 NSTEP =     2750   TIME(PS) =      33.500  TEMP(K) =   286.11  PRESS =     0.0
 Etot   =   -104582.5595  EKtot   =     21579.7441  EPtot      =   -126162.3036
 BOND   =       271.8987  ANGLE   =       595.7074  DIHED      =       906.4073
 1-4 NB =       287.8257  1-4 EEL =     -3420.7631  VDWAALS    =     16439.9994
 EELEC  =   -141243.3789  EHBOND  =         0.0000  RESTRAINT  =         0.0000
 ------------------------------------------------------------------------------


 NSTEP =     2800   TIME(PS) =      33.600  TEMP(K) =   288.57  PRESS =     0.0
 Etot   =   -104468.3253  EKtot   =     21765.5488  EPtot      =   -126233.8741
 BOND   =       290.5629  ANGLE   =       592.3585  DIHED      =       931.2177
 1-4 NB =       298.1788  1-4 EEL =     -3444.7496  VDWAALS    =     16773.5570
 EELEC  =   -141674.9994  EHBOND  =         0.0000  RESTRAINT  =         0.0000
 ------------------------------------------------------------------------------


 NSTEP =     2850   TIME(PS) =      33.700  TEMP(K) =   290.55  PRESS =     0.0
 Etot   =   -104361.2502  EKtot   =     21915.1914  EPtot      =   -126276.4416
 BOND   =       272.3379  ANGLE   =       610.2219  DIHED      =       938.6096
 1-4 NB =       284.8368  1-4 EEL =     -3437.4222  VDWAALS    =     16568.2874
 EELEC  =   -141513.3128  EHBOND  =         0.0000  RESTRAINT  =         0.0000
 ------------------------------------------------------------------------------


 NSTEP =     2900   TIME(PS) =      33.800  TEMP(K) =   289.23  PRESS =     0.0
 Etot   =   -104262.8586  EKtot   =     21815.2070  EPtot      =   -126078.0656
 BOND   =       279.9511  ANGLE   =       581.9454  DIHED      =       931.3285
 1-4 NB =       291.8522  1-4 EEL =     -3437.2927  VDWAALS    =     16632.0679
 EELEC  =   -141357.9180  EHBOND  =         0.0000  RESTRAINT  =         0.0000
 ------------------------------------------------------------------------------


 NSTEP =     2950   TIME(PS) =      33.900  TEMP(K) =   290.22  PRESS =     0.0
 Etot   =   -104156.3047  EKtot   =     21890.0371  EPtot      =   -126046.3418
 BOND   =       270.1154  ANGLE   =       589.5873  DIHED      =       916.3580
 1-4 NB =       301.5033  1-4 EEL =     -3438.2187  VDWAALS    =     16492.8079
 EELEC  =   -141178.4949  EHBOND  =         0.0000  RESTRAINT  =         0.0000
 ------------------------------------------------------------------------------

check COM velocity, temp:        0.000004     0.00(Removed)

 NSTEP =     3000   TIME(PS) =      34.000  TEMP(K) =   288.84  PRESS =     0.0
 Etot   =   -104051.9850  EKtot   =     21785.9629  EPtot      =   -125837.9479
 BOND   =       290.2234  ANGLE   =       618.1118  DIHED      =       922.9735
 1-4 NB =       289.9344  1-4 EEL =     -3433.6490  VDWAALS    =     16671.7224
 EELEC  =   -141197.2644  EHBOND  =         0.0000  RESTRAINT  =         0.0000
 ------------------------------------------------------------------------------


 NSTEP =     3050   TIME(PS) =      34.100  TEMP(K) =   291.57  PRESS =     0.0
 Etot   =   -103960.5506  EKtot   =     21991.8008  EPtot      =   -125952.3514
 BOND   =       304.0931  ANGLE   =       569.9858  DIHED      =       938.6969
 1-4 NB =       290.3616  1-4 EEL =     -3448.5590  VDWAALS    =     16466.5047
 EELEC  =   -141073.4344  EHBOND  =         0.0000  RESTRAINT  =         0.0000
 ------------------------------------------------------------------------------


 NSTEP =     3100   TIME(PS) =      34.200  TEMP(K) =   292.37  PRESS =     0.0
 Etot   =   -103869.6802  EKtot   =     22052.5918  EPtot      =   -125922.2720
 BOND   =       276.1292  ANGLE   =       615.9426  DIHED      =       944.7984
 1-4 NB =       294.7531  1-4 EEL =     -3445.4807  VDWAALS    =     16503.5776
 EELEC  =   -141111.9923  EHBOND  =         0.0000  RESTRAINT  =         0.0000
 ------------------------------------------------------------------------------


 NSTEP =     3150   TIME(PS) =      34.300  TEMP(K) =   293.49  PRESS =     0.0
 Etot   =   -103785.3127  EKtot   =     22136.7129  EPtot      =   -125922.0256
 BOND   =       261.0082  ANGLE   =       639.9854  DIHED      =       926.2136
 1-4 NB =       301.9204  1-4 EEL =     -3427.0975  VDWAALS    =     16665.6487
 EELEC  =   -141289.7044  EHBOND  =         0.0000  RESTRAINT  =         0.0000
 ------------------------------------------------------------------------------


 NSTEP =     3200   TIME(PS) =      34.400  TEMP(K) =   292.86  PRESS =     0.0
 Etot   =   -103698.2915  EKtot   =     22089.0449  EPtot      =   -125787.3364
 BOND   =       271.7261  ANGLE   =       653.1853  DIHED      =       935.3451
 1-4 NB =       271.9823  1-4 EEL =     -3451.0291  VDWAALS    =     16737.5561
 EELEC  =   -141206.1021  EHBOND  =         0.0000  RESTRAINT  =         0.0000
 ------------------------------------------------------------------------------


 NSTEP =     3250   TIME(PS) =      34.500  TEMP(K) =   292.90  PRESS =     0.0
 Etot   =   -103609.8334  EKtot   =     22092.2773  EPtot      =   -125702.1108
 BOND   =       269.8917  ANGLE   =       567.1536  DIHED      =       936.5551
 1-4 NB =       294.1835  1-4 EEL =     -3413.4768  VDWAALS    =     16596.8716
 EELEC  =   -140953.2895  EHBOND  =         0.0000  RESTRAINT  =         0.0000
 ------------------------------------------------------------------------------


 NSTEP =     3300   TIME(PS) =      34.600  TEMP(K) =   294.14  PRESS =     0.0
 Etot   =   -103524.5452  EKtot   =     22186.0371  EPtot      =   -125710.5823
 BOND   =       290.2624  ANGLE   =       599.1004  DIHED      =       928.3568
 1-4 NB =       276.6925  1-4 EEL =     -3414.2726  VDWAALS    =     16494.0830
 EELEC  =   -140884.8048  EHBOND  =         0.0000  RESTRAINT  =         0.0000
 ------------------------------------------------------------------------------


 NSTEP =     3350   TIME(PS) =      34.700  TEMP(K) =   295.28  PRESS =     0.0
 Etot   =   -103447.8543  EKtot   =     22271.4785  EPtot      =   -125719.3328
 BOND   =       274.0476  ANGLE   =       601.7476  DIHED      =       934.0490
 1-4 NB =       291.2086  1-4 EEL =     -3432.7042  VDWAALS    =     16524.2129
 EELEC  =   -140911.8944  EHBOND  =         0.0000  RESTRAINT  =         0.0000
 ------------------------------------------------------------------------------


 NSTEP =     3400   TIME(PS) =      34.800  TEMP(K) =   294.69  PRESS =     0.0
 Etot   =   -103367.6905  EKtot   =     22227.0000  EPtot      =   -125594.6905
 BOND   =       298.5833  ANGLE   =       597.6787  DIHED      =       916.8437
 1-4 NB =       294.3774  1-4 EEL =     -3447.2209  VDWAALS    =     16608.4384
 EELEC  =   -140863.3911  EHBOND  =         0.0000  RESTRAINT  =         0.0000
 ------------------------------------------------------------------------------


 NSTEP =     3450   TIME(PS) =      34.900  TEMP(K) =   294.52  PRESS =     0.0
 Etot   =   -103290.0607  EKtot   =     22214.2324  EPtot      =   -125504.2931
 BOND   =       266.5073  ANGLE   =       617.1717  DIHED      =       940.6823
 1-4 NB =       292.8491  1-4 EEL =     -3478.5339  VDWAALS    =     16782.0276
 EELEC  =   -140924.9971  EHBOND  =         0.0000  RESTRAINT  =         0.0000
 ------------------------------------------------------------------------------


 NSTEP =     3500   TIME(PS) =      35.000  TEMP(K) =   296.63  PRESS =     0.0
 Etot   =   -103219.9452  EKtot   =     22373.8438  EPtot      =   -125593.7890
 BOND   =       283.4445  ANGLE   =       581.9335  DIHED      =       949.0418
 1-4 NB =       294.6529  1-4 EEL =     -3424.5743  VDWAALS    =     16593.1422
 EELEC  =   -140871.4295  EHBOND  =         0.0000  RESTRAINT  =         0.0000
 ------------------------------------------------------------------------------


 NSTEP =     3550   TIME(PS) =      35.100  TEMP(K) =   296.04  PRESS =     0.0
 Etot   =   -103151.8444  EKtot   =     22329.4375  EPtot      =   -125481.2819
 BOND   =       314.6620  ANGLE   =       617.7687  DIHED      =       934.1843
 1-4 NB =       284.2344  1-4 EEL =     -3458.8417  VDWAALS    =     16442.5052
 EELEC  =   -140615.7948  EHBOND  =         0.0000  RESTRAINT  =         0.0000
 ------------------------------------------------------------------------------


 NSTEP =     3600   TIME(PS) =      35.200  TEMP(K) =   295.89  PRESS =     0.0
 Etot   =   -103078.2485  EKtot   =     22317.6855  EPtot      =   -125395.9341
 BOND   =       264.6167  ANGLE   =       591.3689  DIHED      =       924.5487
 1-4 NB =       292.2010  1-4 EEL =     -3442.3910  VDWAALS    =     16290.6410
 EELEC  =   -140316.9194  EHBOND  =         0.0000  RESTRAINT  =         0.0000
 ------------------------------------------------------------------------------


 NSTEP =     3650   TIME(PS) =      35.300  TEMP(K) =   296.78  PRESS =     0.0
 Etot   =   -103010.1489  EKtot   =     22384.6445  EPtot      =   -125394.7935
 BOND   =       282.4301  ANGLE   =       631.8425  DIHED      =       927.2156
 1-4 NB =       285.9536  1-4 EEL =     -3470.4173  VDWAALS    =     16262.8000
 EELEC  =   -140314.6180  EHBOND  =         0.0000  RESTRAINT  =         0.0000
 ------------------------------------------------------------------------------


 NSTEP =     3700   TIME(PS) =      35.400  TEMP(K) =   299.13  PRESS =     0.0
 Etot   =   -102945.8378  EKtot   =     22562.3125  EPtot      =   -125508.1503
 BOND   =       280.5315  ANGLE   =       587.2361  DIHED      =       943.3563
 1-4 NB =       282.9315  1-4 EEL =     -3483.8915  VDWAALS    =     16544.4644
 EELEC  =   -140662.7786  EHBOND  =         0.0000  RESTRAINT  =         0.0000
 ------------------------------------------------------------------------------


 NSTEP =     3750   TIME(PS) =      35.500  TEMP(K) =   296.76  PRESS =     0.0
 Etot   =   -102877.2295  EKtot   =     22383.0527  EPtot      =   -125260.2822
 BOND   =       276.2233  ANGLE   =       624.9704  DIHED      =       935.2530
 1-4 NB =       296.8265  1-4 EEL =     -3458.6003  VDWAALS    =     16556.2436
 EELEC  =   -140491.1987  EHBOND  =         0.0000  RESTRAINT  =         0.0000
 ------------------------------------------------------------------------------


 NSTEP =     3800   TIME(PS) =      35.600  TEMP(K) =   297.31  PRESS =     0.0
 Etot   =   -102812.4841  EKtot   =     22424.6875  EPtot      =   -125237.1716
 BOND   =       300.1756  ANGLE   =       648.7031  DIHED      =       937.4761
 1-4 NB =       292.6723  1-4 EEL =     -3483.8394  VDWAALS    =     16462.6304
 EELEC  =   -140394.9897  EHBOND  =         0.0000  RESTRAINT  =         0.0000
 ------------------------------------------------------------------------------


 NSTEP =     3850   TIME(PS) =      35.700  TEMP(K) =   299.19  PRESS =     0.0
 Etot   =   -102754.7668  EKtot   =     22566.6992  EPtot      =   -125321.4661
 BOND   =       303.5163  ANGLE   =       604.3555  DIHED      =       903.3626
 1-4 NB =       287.7183  1-4 EEL =     -3460.9621  VDWAALS    =     16383.7900
 EELEC  =   -140343.2467  EHBOND  =         0.0000  RESTRAINT  =         0.0000
 ------------------------------------------------------------------------------


 NSTEP =     3900   TIME(PS) =      35.800  TEMP(K) =   297.12  PRESS =     0.0
 Etot   =   -102693.3595  EKtot   =     22410.6992  EPtot      =   -125104.0587
 BOND   =       288.8913  ANGLE   =       623.8570  DIHED      =       914.4363
 1-4 NB =       291.5195  1-4 EEL =     -3484.6209  VDWAALS    =     16223.3697
 EELEC  =   -139961.5115  EHBOND  =         0.0000  RESTRAINT  =         0.0000
 ------------------------------------------------------------------------------


 NSTEP =     3950   TIME(PS) =      35.900  TEMP(K) =   297.68  PRESS =     0.0
 Etot   =   -102630.1218  EKtot   =     22453.0000  EPtot      =   -125083.1218
 BOND   =       279.8763  ANGLE   =       593.7705  DIHED      =       919.8243
 1-4 NB =       293.8989  1-4 EEL =     -3456.2188  VDWAALS    =     16265.7217
 EELEC  =   -139979.9946  EHBOND  =         0.0000  RESTRAINT  =         0.0000
 ------------------------------------------------------------------------------

check COM velocity, temp:        0.000003     0.00(Removed)

 NSTEP =     4000   TIME(PS) =      36.000  TEMP(K) =   298.70  PRESS =     0.0
 Etot   =   -102571.9618  EKtot   =     22530.0039  EPtot      =   -125101.9657
 BOND   =       312.2522  ANGLE   =       618.7453  DIHED      =       927.9222
 1-4 NB =       288.0659  1-4 EEL =     -3509.1956  VDWAALS    =     16548.5087
 EELEC  =   -140288.2643  EHBOND  =         0.0000  RESTRAINT  =         0.0000
 ------------------------------------------------------------------------------


 NSTEP =     4050   TIME(PS) =      36.100  TEMP(K) =   296.91  PRESS =     0.0
 Etot   =   -102517.1251  EKtot   =     22394.6230  EPtot      =   -124911.7481
 BOND   =       289.3881  ANGLE   =       644.0514  DIHED      =       921.9115
 1-4 NB =       296.3959  1-4 EEL =     -3460.7157  VDWAALS    =     16319.3051
 EELEC  =   -139922.0845  EHBOND  =         0.0000  RESTRAINT  =         0.0000
 ------------------------------------------------------------------------------


 NSTEP =     4100   TIME(PS) =      36.200  TEMP(K) =   297.26  PRESS =     0.0
 Etot   =   -102458.9334  EKtot   =     22421.2656  EPtot      =   -124880.1990
 BOND   =       269.9492  ANGLE   =       614.7165  DIHED      =       929.8142
 1-4 NB =       293.8780  1-4 EEL =     -3452.5899  VDWAALS    =     16535.2260
 EELEC  =   -140071.1930  EHBOND  =         0.0000  RESTRAINT  =         0.0000
 ------------------------------------------------------------------------------


 NSTEP =     4150   TIME(PS) =      36.300  TEMP(K) =   300.59  PRESS =     0.0
 Etot   =   -102407.1153  EKtot   =     22672.4004  EPtot      =   -125079.5157
 BOND   =       287.6000  ANGLE   =       622.2110  DIHED      =       921.7949
 1-4 NB =       291.1164  1-4 EEL =     -3460.4567  VDWAALS    =     16310.2205
 EELEC  =   -140052.0019  EHBOND  =         0.0000  RESTRAINT  =         0.0000
 ------------------------------------------------------------------------------


 NSTEP =     4200   TIME(PS) =      36.400  TEMP(K) =   297.07  PRESS =     0.0
 Etot   =   -102346.9136  EKtot   =     22406.7715  EPtot      =   -124753.6851
 BOND   =       294.4685  ANGLE   =       618.5078  DIHED      =       912.1893
 1-4 NB =       289.5949  1-4 EEL =     -3458.2479  VDWAALS    =     15837.1994
 EELEC  =   -139247.3971  EHBOND  =         0.0000  RESTRAINT  =         0.0000
 ------------------------------------------------------------------------------


 NSTEP =     4250   TIME(PS) =      36.500  TEMP(K) =   297.80  PRESS =     0.0
 Etot   =   -102286.9507  EKtot   =     22461.4609  EPtot      =   -124748.4116
 BOND   =       279.3421  ANGLE   =       638.6067  DIHED      =       932.8041
 1-4 NB =       280.0052  1-4 EEL =     -3478.1828  VDWAALS    =     16164.6443
 EELEC  =   -139565.6313  EHBOND  =         0.0000  RESTRAINT  =         0.0000
 ------------------------------------------------------------------------------


 NSTEP =     4300   TIME(PS) =      36.600  TEMP(K) =   300.84  PRESS =     0.0
 Etot   =   -102230.7204  EKtot   =     22691.0352  EPtot      =   -124921.7556
 BOND   =       298.7861  ANGLE   =       627.3566  DIHED      =       931.9292
 1-4 NB =       287.7610  1-4 EEL =     -3484.8347  VDWAALS    =     16245.3482
 EELEC  =   -139828.1019  EHBOND  =         0.0000  RESTRAINT  =         0.0000
 ------------------------------------------------------------------------------


 NSTEP =     4350   TIME(PS) =      36.700  TEMP(K) =   298.52  PRESS =     0.0
 Etot   =   -102177.8560  EKtot   =     22516.1074  EPtot      =   -124693.9635
 BOND   =       278.6439  ANGLE   =       605.0209  DIHED      =       940.0168
 1-4 NB =       298.7275  1-4 EEL =     -3445.9277  VDWAALS    =     16219.4921
 EELEC  =   -139589.9371  EHBOND  =         0.0000  RESTRAINT  =         0.0000
 ------------------------------------------------------------------------------


 NSTEP =     4400   TIME(PS) =      36.800  TEMP(K) =   300.04  PRESS =     0.0
 Etot   =   -102125.9352  EKtot   =     22630.8008  EPtot      =   -124756.7360
 BOND   =       270.6821  ANGLE   =       617.6006  DIHED      =       927.8372
 1-4 NB =       280.9237  1-4 EEL =     -3447.1414  VDWAALS    =     16114.1544
 EELEC  =   -139520.7926  EHBOND  =         0.0000  RESTRAINT  =         0.0000
 ------------------------------------------------------------------------------


 NSTEP =     4450   TIME(PS) =      36.900  TEMP(K) =   300.03  PRESS =     0.0
 Etot   =   -102076.0157  EKtot   =     22630.0547  EPtot      =   -124706.0704
 BOND   =       295.8758  ANGLE   =       608.4234  DIHED      =       909.5972
 1-4 NB =       292.1083  1-4 EEL =     -3430.7412  VDWAALS    =     16067.4793
 EELEC  =   -139448.8131  EHBOND  =         0.0000  RESTRAINT  =         0.0000
 ------------------------------------------------------------------------------


 NSTEP =     4500   TIME(PS) =      37.000  TEMP(K) =   299.16  PRESS =     0.0
 Etot   =   -102024.7069  EKtot   =     22564.4141  EPtot      =   -124589.1209
 BOND   =       276.7731  ANGLE   =       643.6775  DIHED      =       938.6338
 1-4 NB =       281.1073  1-4 EEL =     -3445.2744  VDWAALS    =     16095.1234
 EELEC  =   -139379.1618  EHBOND  =         0.0000  RESTRAINT  =         0.0000
 ------------------------------------------------------------------------------


 NSTEP =     4550   TIME(PS) =      37.100  TEMP(K) =   302.50  PRESS =     0.0
 Etot   =   -101978.6545  EKtot   =     22815.9531  EPtot      =   -124794.6077
 BOND   =       274.7245  ANGLE   =       589.1178  DIHED      =       937.2885
 1-4 NB =       296.9888  1-4 EEL =     -3450.1041  VDWAALS    =     16051.2409
 EELEC  =   -139493.8640  EHBOND  =         0.0000  RESTRAINT  =         0.0000
 ------------------------------------------------------------------------------


 NSTEP =     4600   TIME(PS) =      37.200  TEMP(K) =   300.68  PRESS =     0.0
 Etot   =   -101934.2945  EKtot   =     22679.1523  EPtot      =   -124613.4469
 BOND   =       313.8745  ANGLE   =       620.8505  DIHED      =       927.9610
 1-4 NB =       293.2911  1-4 EEL =     -3491.4580  VDWAALS    =     16239.4507
 EELEC  =   -139517.4166  EHBOND  =         0.0000  RESTRAINT  =         0.0000
 ------------------------------------------------------------------------------


 NSTEP =     4650   TIME(PS) =      37.300  TEMP(K) =   301.04  PRESS =     0.0
 Etot   =   -101886.0896  EKtot   =     22706.5098  EPtot      =   -124592.5993
 BOND   =       300.3332  ANGLE   =       606.8360  DIHED      =       916.0206
 1-4 NB =       280.0374  1-4 EEL =     -3450.1350  VDWAALS    =     16088.9912
 EELEC  =   -139334.6826  EHBOND  =         0.0000  RESTRAINT  =         0.0000
 ------------------------------------------------------------------------------


 NSTEP =     4700   TIME(PS) =      37.400  TEMP(K) =   302.72  PRESS =     0.0
 Etot   =   -101851.5049  EKtot   =     22832.5645  EPtot      =   -124684.0694
 BOND   =       270.5430  ANGLE   =       589.0093  DIHED      =       914.7240
 1-4 NB =       296.9017  1-4 EEL =     -3457.6842  VDWAALS    =     16275.9876
 EELEC  =   -139573.5507  EHBOND  =         0.0000  RESTRAINT  =         0.0000
 ------------------------------------------------------------------------------


 NSTEP =     4750   TIME(PS) =      37.500  TEMP(K) =   300.91  PRESS =     0.0
 Etot   =   -101809.9404  EKtot   =     22696.6641  EPtot      =   -124506.6045
 BOND   =       295.6023  ANGLE   =       590.8493  DIHED      =       933.1167
 1-4 NB =       289.7686  1-4 EEL =     -3457.9694  VDWAALS    =     16106.0290
 EELEC  =   -139264.0009  EHBOND  =         0.0000  RESTRAINT  =         0.0000
 ------------------------------------------------------------------------------


 NSTEP =     4800   TIME(PS) =      37.600  TEMP(K) =   302.91  PRESS =     0.0
 Etot   =   -101767.7594  EKtot   =     22847.2344  EPtot      =   -124614.9938
 BOND   =       278.6273  ANGLE   =       638.6906  DIHED      =       936.5034
 1-4 NB =       282.7613  1-4 EEL =     -3453.6773  VDWAALS    =     16256.9486
 EELEC  =   -139554.8477  EHBOND  =         0.0000  RESTRAINT  =         0.0000
 ------------------------------------------------------------------------------


 NSTEP =     4850   TIME(PS) =      37.700  TEMP(K) =   302.89  PRESS =     0.0
 Etot   =   -101730.3914  EKtot   =     22845.5273  EPtot      =   -124575.9187
 BOND   =       259.0104  ANGLE   =       601.7574  DIHED      =       924.3533
 1-4 NB =       297.9511  1-4 EEL =     -3431.2036  VDWAALS    =     16289.9722
 EELEC  =   -139517.7595  EHBOND  =         0.0000  RESTRAINT  =         0.0000
 ------------------------------------------------------------------------------


 NSTEP =     4900   TIME(PS) =      37.800  TEMP(K) =   304.63  PRESS =     0.0
 Etot   =   -101702.8410  EKtot   =     22976.6660  EPtot      =   -124679.5071
 BOND   =       284.4857  ANGLE   =       600.2799  DIHED      =       939.2438
 1-4 NB =       296.0770  1-4 EEL =     -3423.6858  VDWAALS    =     16495.4809
 EELEC  =   -139871.3885  EHBOND  =         0.0000  RESTRAINT  =         0.0000
 ------------------------------------------------------------------------------


 NSTEP =     4950   TIME(PS) =      37.900  TEMP(K) =   302.08  PRESS =     0.0
 Etot   =   -101669.7565  EKtot   =     22784.9707  EPtot      =   -124454.7272
 BOND   =       277.0971  ANGLE   =       631.4357  DIHED      =       911.9751
 1-4 NB =       301.8145  1-4 EEL =     -3437.4661  VDWAALS    =     16192.0351
 EELEC  =   -139331.6185  EHBOND  =         0.0000  RESTRAINT  =         0.0000
 ------------------------------------------------------------------------------

check COM velocity, temp:        0.000008     0.00(Removed)

 NSTEP =     5000   TIME(PS) =      38.000  TEMP(K) =   303.67  PRESS =     0.0
 Etot   =   -101635.3604  EKtot   =     22904.4160  EPtot      =   -124539.7764
 BOND   =       306.8655  ANGLE   =       617.2973  DIHED      =       913.5601
 1-4 NB =       281.9162  1-4 EEL =     -3455.7622  VDWAALS    =     15910.4918
 EELEC  =   -139114.1451  EHBOND  =         0.0000  RESTRAINT  =         0.0000
 ------------------------------------------------------------------------------


 NSTEP =     5050   TIME(PS) =      38.100  TEMP(K) =   301.52  PRESS =     0.0
 Etot   =   -101604.9414  EKtot   =     22742.3477  EPtot      =   -124347.2891
 BOND   =       286.7020  ANGLE   =       623.6782  DIHED      =       910.3035
 1-4 NB =       282.4733  1-4 EEL =     -3451.6726  VDWAALS    =     16058.0945
 EELEC  =   -139056.8680  EHBOND  =         0.0000  RESTRAINT  =         0.0000
 ------------------------------------------------------------------------------


 NSTEP =     5100   TIME(PS) =      38.200  TEMP(K) =   303.87  PRESS =     0.0
 Etot   =   -101567.0992  EKtot   =     22919.9883  EPtot      =   -124487.0875
 BOND   =       268.0444  ANGLE   =       592.6408  DIHED      =       920.4502
 1-4 NB =       295.0950  1-4 EEL =     -3450.3813  VDWAALS    =     16036.6353
 EELEC  =   -139149.5719  EHBOND  =         0.0000  RESTRAINT  =         0.0000
 ------------------------------------------------------------------------------


 NSTEP =     5150   TIME(PS) =      38.300  TEMP(K) =   304.06  PRESS =     0.0
 Etot   =   -101535.3972  EKtot   =     22933.9863  EPtot      =   -124469.3836
 BOND   =       282.6090  ANGLE   =       599.7092  DIHED      =       927.5677
 1-4 NB =       285.5417  1-4 EEL =     -3456.1210  VDWAALS    =     16290.1503
 EELEC  =   -139398.8404  EHBOND  =         0.0000  RESTRAINT  =         0.0000
 ------------------------------------------------------------------------------


 NSTEP =     5200   TIME(PS) =      38.400  TEMP(K) =   304.71  PRESS =     0.0
 Etot   =   -101506.7453  EKtot   =     22983.2773  EPtot      =   -124490.0227
 BOND   =       280.1128  ANGLE   =       637.2731  DIHED      =       915.5774
 1-4 NB =       292.8969  1-4 EEL =     -3454.8790  VDWAALS    =     16179.8290
 EELEC  =   -139340.8329  EHBOND  =         0.0000  RESTRAINT  =         0.0000
 ------------------------------------------------------------------------------


 NSTEP =     5250   TIME(PS) =      38.500  TEMP(K) =   302.96  PRESS =     0.0
 Etot   =   -101476.0178  EKtot   =     22851.1562  EPtot      =   -124327.1740
 BOND   =       268.2896  ANGLE   =       626.2747  DIHED      =       912.5237
 1-4 NB =       288.9430  1-4 EEL =     -3423.3392  VDWAALS    =     15980.9700
 EELEC  =   -138980.8359  EHBOND  =         0.0000  RESTRAINT  =         0.0000
 ------------------------------------------------------------------------------


 NSTEP =     5300   TIME(PS) =      38.600  TEMP(K) =   303.57  PRESS =     0.0
 Etot   =   -101440.8559  EKtot   =     22897.3398  EPtot      =   -124338.1957
 BOND   =       267.5740  ANGLE   =       623.2099  DIHED      =       907.6716
 1-4 NB =       292.3180  1-4 EEL =     -3436.4113  VDWAALS    =     16085.9898
 EELEC  =   -139078.5478  EHBOND  =         0.0000  RESTRAINT  =         0.0000
 ------------------------------------------------------------------------------


 NSTEP =     5350   TIME(PS) =      38.700  TEMP(K) =   304.29  PRESS =     0.0
 Etot   =   -101410.6179  EKtot   =     22951.3418  EPtot      =   -124361.9597
 BOND   =       286.4984  ANGLE   =       593.1448  DIHED      =       939.4673
 1-4 NB =       283.7293  1-4 EEL =     -3414.8160  VDWAALS    =     15928.5460
 EELEC  =   -138978.5294  EHBOND  =         0.0000  RESTRAINT  =         0.0000
 ------------------------------------------------------------------------------


 NSTEP =     5400   TIME(PS) =      38.800  TEMP(K) =   304.45  PRESS =     0.0
 Etot   =   -101379.9198  EKtot   =     22963.3262  EPtot      =   -124343.2460
 BOND   =       275.4371  ANGLE   =       608.6198  DIHED      =       936.3677
 1-4 NB =       291.0666  1-4 EEL =     -3426.8826  VDWAALS    =     16338.7290
 EELEC  =   -139366.5836  EHBOND  =         0.0000  RESTRAINT  =         0.0000
 ------------------------------------------------------------------------------


 NSTEP =     5450   TIME(PS) =      38.900  TEMP(K) =   305.32  PRESS =     0.0
 Etot   =   -101352.8584  EKtot   =     23028.7539  EPtot      =   -124381.6123
 BOND   =       278.7425  ANGLE   =       614.9566  DIHED      =       930.9896
 1-4 NB =       291.7628  1-4 EEL =     -3422.3097  VDWAALS    =     15975.4017
 EELEC  =   -139051.1559  EHBOND  =         0.0000  RESTRAINT  =         0.0000
 ------------------------------------------------------------------------------


 NSTEP =     5500   TIME(PS) =      39.000  TEMP(K) =   302.98  PRESS =     0.0
 Etot   =   -101315.7229  EKtot   =     22852.6074  EPtot      =   -124168.3303
 BOND   =       284.6142  ANGLE   =       637.5073  DIHED      =       935.4785
 1-4 NB =       286.2047  1-4 EEL =     -3483.0453  VDWAALS    =     16024.7048
 EELEC  =   -138853.7945  EHBOND  =         0.0000  RESTRAINT  =         0.0000
 ------------------------------------------------------------------------------


 NSTEP =     5550   TIME(PS) =      39.100  TEMP(K) =   301.59  PRESS =     0.0
 Etot   =   -101282.6567  EKtot   =     22747.8320  EPtot      =   -124030.4887
 BOND   =       260.1275  ANGLE   =       603.3748  DIHED      =       922.0757
 1-4 NB =       288.1791  1-4 EEL =     -3439.8208  VDWAALS    =     15850.7450
 EELEC  =   -138515.1700  EHBOND  =         0.0000  RESTRAINT  =         0.0000
 ------------------------------------------------------------------------------


 NSTEP =     5600   TIME(PS) =      39.200  TEMP(K) =   303.21  PRESS =     0.0
 Etot   =   -101247.8912  EKtot   =     22869.9277  EPtot      =   -124117.8190
 BOND   =       286.1582  ANGLE   =       629.8696  DIHED      =       935.9889
 1-4 NB =       296.8218  1-4 EEL =     -3444.6835  VDWAALS    =     15723.1398
 EELEC  =   -138545.1138  EHBOND  =         0.0000  RESTRAINT  =         0.0000
 ------------------------------------------------------------------------------


 NSTEP =     5650   TIME(PS) =      39.300  TEMP(K) =   302.85  PRESS =     0.0
 Etot   =   -101215.7182  EKtot   =     22842.4551  EPtot      =   -124058.1733
 BOND   =       274.3102  ANGLE   =       625.8247  DIHED      =       916.3832
 1-4 NB =       292.0849  1-4 EEL =     -3420.2588  VDWAALS    =     15599.5704
 EELEC  =   -138346.0879  EHBOND  =         0.0000  RESTRAINT  =         0.0000
 ------------------------------------------------------------------------------


 NSTEP =     5700   TIME(PS) =      39.400  TEMP(K) =   304.22  PRESS =     0.0
 Etot   =   -101181.6306  EKtot   =     22946.3945  EPtot      =   -124128.0251
 BOND   =       279.0890  ANGLE   =       624.0670  DIHED      =       929.9946
 1-4 NB =       298.5748  1-4 EEL =     -3443.6755  VDWAALS    =     15913.7616
 EELEC  =   -138729.8367  EHBOND  =         0.0000  RESTRAINT  =         0.0000
 ------------------------------------------------------------------------------


 NSTEP =     5750   TIME(PS) =      39.500  TEMP(K) =   304.52  PRESS =     0.0
 Etot   =   -101157.2222  EKtot   =     22968.8828  EPtot      =   -124126.1050
 BOND   =       277.4001  ANGLE   =       575.4777  DIHED      =       931.2927
 1-4 NB =       290.1842  1-4 EEL =     -3427.6337  VDWAALS    =     15897.3274
 EELEC  =   -138670.1535  EHBOND  =         0.0000  RESTRAINT  =         0.0000
 ------------------------------------------------------------------------------


 NSTEP =     5800   TIME(PS) =      39.600  TEMP(K) =   303.60  PRESS =     0.0
 Etot   =   -101130.4385  EKtot   =     22899.0703  EPtot      =   -124029.5088
 BOND   =       306.7801  ANGLE   =       619.4194  DIHED      =       931.7155
 1-4 NB =       280.9147  1-4 EEL =     -3423.4242  VDWAALS    =     15868.5309
 EELEC  =   -138613.4452  EHBOND  =         0.0000  RESTRAINT  =         0.0000
 ------------------------------------------------------------------------------


 NSTEP =     5850   TIME(PS) =      39.700  TEMP(K) =   305.90  PRESS =     0.0
 Etot   =   -101104.9498  EKtot   =     23073.0332  EPtot      =   -124177.9830
 BOND   =       276.3991  ANGLE   =       615.4003  DIHED      =       950.2589
 1-4 NB =       295.3728  1-4 EEL =     -3441.0797  VDWAALS    =     15933.8708
 EELEC  =   -138808.2052  EHBOND  =         0.0000  RESTRAINT  =         0.0000
 ------------------------------------------------------------------------------


 NSTEP =     5900   TIME(PS) =      39.800  TEMP(K) =   305.40  PRESS =     0.0
 Etot   =   -101083.2067  EKtot   =     23035.1895  EPtot      =   -124118.3961
 BOND   =       270.0273  ANGLE   =       654.5928  DIHED      =       909.3939
 1-4 NB =       289.4544  1-4 EEL =     -3438.4831  VDWAALS    =     16117.6112
 EELEC  =   -138920.9926  EHBOND  =         0.0000  RESTRAINT  =         0.0000
 ------------------------------------------------------------------------------


 NSTEP =     5950   TIME(PS) =      39.900  TEMP(K) =   304.38  PRESS =     0.0
 Etot   =   -101057.0382  EKtot   =     22958.3379  EPtot      =   -124015.3761
 BOND   =       313.5782  ANGLE   =       618.4679  DIHED      =       917.6902
 1-4 NB =       288.9080  1-4 EEL =     -3431.6887  VDWAALS    =     15944.6968
 EELEC  =   -138667.0285  EHBOND  =         0.0000  RESTRAINT  =         0.0000
 ------------------------------------------------------------------------------

check COM velocity, temp:        0.000005     0.00(Removed)

 NSTEP =     6000   TIME(PS) =      40.000  TEMP(K) =   306.40  PRESS =     0.0
 Etot   =   -101039.0365  EKtot   =     23110.3945  EPtot      =   -124149.4310
 BOND   =       261.1142  ANGLE   =       607.3257  DIHED      =       903.3681
 1-4 NB =       291.8055  1-4 EEL =     -3391.0542  VDWAALS    =     16023.4958
 EELEC  =   -138845.4861  EHBOND  =         0.0000  RESTRAINT  =         0.0000
 ------------------------------------------------------------------------------


      A V E R A G E S   O V E R     120 S T E P S


 NSTEP =     6000   TIME(PS) =      40.000  TEMP(K) =   285.86  PRESS =     0.0
 Etot   =   -105392.7895  EKtot   =     21561.3650  EPtot      =   -126954.1545
 BOND   =       270.8481  ANGLE   =       593.0971  DIHED      =       924.6845
 1-4 NB =       289.8015  1-4 EEL =     -3445.6591  VDWAALS    =     16966.9237
 EELEC  =   -142553.8504  EHBOND  =         0.0000  RESTRAINT  =         0.0000
 ------------------------------------------------------------------------------


      R M S  F L U C T U A T I O N S


 NSTEP =     6000   TIME(PS) =      40.000  TEMP(K) =    17.31  PRESS =     0.0
 Etot   =      4001.1836  EKtot   =      1305.7664  EPtot      =      2701.5084
 BOND   =        20.3305  ANGLE   =        32.8800  DIHED      =        11.0037
 1-4 NB =         7.0771  1-4 EEL =        20.4194  VDWAALS    =       970.8826
 EELEC  =      3616.7779  EHBOND  =         0.0000  RESTRAINT  =         0.0000
 ------------------------------------------------------------------------------

--------------------------------------------------------------------------------
   5.  TIMINGS
--------------------------------------------------------------------------------

|  NonSetup CPU Time in Major Routines:
|
|     Routine           Sec        %
|     ------------------------------
|     Nonbond           4.74   15.66
|     Bond              0.00    0.00
|     Angle             0.00    0.00
|     Dihedral          0.00    0.00
|     Shake             0.04    0.12
|     RunMD            25.46   84.17
|     Other             0.01    0.05
|     ------------------------------
|     Total            30.25

|  PME Nonbond Pairlist CPU Time:
|
|     Routine              Sec        %
|     ---------------------------------
|     Set Up Cit           0.00    0.00
|     Build List           0.00    0.00
|     ---------------------------------
|     Total                0.00    0.00

|  PME Direct Force CPU Time:
|
|     Routine              Sec        %
|     ---------------------------------
|     NonBonded Calc       0.00    0.00
|     Exclude Masked       0.00    0.00
|     Other                0.01    0.03
|     ---------------------------------
|     Total                0.01    0.03

|  PME Reciprocal Force CPU Time:
|
|     Routine              Sec        %
|     ---------------------------------
|     1D bspline           0.00    0.00
|     Grid Charges         0.00    0.00
|     Scalar Sum           0.00    0.00
|     Gradient Sum         0.00    0.00
|     FFT                  0.00    0.00
|     ---------------------------------
|     Total                0.00    0.00

|  Final Performance Info:
|     -----------------------------------------------------
|     Average timings for last    5950 steps:
|     Elapsed(s) =      30.84 Per Step(ms) =       5.18
|         ns/day =      33.34   seconds/ns =    2591.37
|
|     Average timings for all steps:
|     Elapsed(s) =      31.18 Per Step(ms) =       5.20
|         ns/day =      33.25   seconds/ns =    2598.73
|     -----------------------------------------------------

|  Setup CPU time:            1.25 seconds
|  NonSetup CPU time:        30.25 seconds
|  Total CPU time:           31.50 seconds     0.01 hours

|  Setup wall time:           1    seconds
|  NonSetup wall time:       31    seconds
|  Total wall time:          32    seconds     0.01 hours
