
          -------------------------------------------------------
          Amber 16 PMEMD                              2016
          -------------------------------------------------------

| PMEMD implementation of SANDER, Release 16

| Run on 06/04/2024 at 22:38:36

|   Executable path: pmemd.cuda
| Working directory: /home/students/keyq/fuben4/10/10LA
|          Hostname: master

  [-O]verwriting output

File Assignments:
|   MDIN: heat1.in                                                              
|  MDOUT: cmp_heat1.out                                                         
| INPCRD: cmp_heat0.rst                                                         
|   PARM: cmp.prmtop                                                            
| RESTRT: cmp_heat1.rst                                                         
|   REFC: cmp.inpcrd                                                            
|  MDVEL: mdvel                                                                 
|   MDEN: mden                                                                  
|  MDCRD: cmp_heat1.mdcrd                                                       
| MDINFO: mdinfo                                                                
|  MDFRC: mdfrc                                                                 


 Here is the input file:

Stage 1 heating 1 5ps 0-100K                                                   
 &cntrl                                                                        
  imin=0, ntx=1,                                                               
  nstlim=2500, dt=0.002,                                                       
  ntc=2, ntf=2,                                                                
  ntt=1, tautp=1.5,                                                            
  tempi=0.0, temp0=50.0,                                                       
  ntpr=50, ntwx=50,                                                            
  ntb=1,                                                                       
  cut=10,                                                                      
 /                                                                             


Note: ig = -1. Setting random seed to   490533 based on wallclock time in 
      microseconds.
 
|--------------------- INFORMATION ----------------------
| GPU (CUDA) Version of PMEMD in use: NVIDIA GPU IN USE.
|                    Version 16.0.0
| 
|                      02/25/2016
| 
| Implementation by:
|                    Ross C. Walker     (SDSC)
|                    Scott Le Grand     (nVIDIA)
| 
| Precision model in use:
|      [SPFP] - Single Precision Forces, 64-bit Fixed Point
|               Accumulation. (Default)
| 
|--------------------------------------------------------
 
|----------------- CITATION INFORMATION -----------------
|
|    When publishing work that utilized the CUDA version
|    of AMBER, please cite the following in addition to
|    the regular AMBER citations:
|
|  - Romelia Salomon-Ferrer; Andreas W. Goetz; Duncan
|    Poole; Scott Le Grand; Ross C. Walker "Routine
|    microsecond molecular dynamics simulations with
|    AMBER - Part II: Particle Mesh Ewald", J. Chem.
|    Theory Comput., 2013, 9 (9), pp3878-3888,
|    DOI: 10.1021/ct400314y.
|
|  - Andreas W. Goetz; Mark J. Williamson; Dong Xu;
|    Duncan Poole; Scott Le Grand; Ross C. Walker
|    "Routine microsecond molecular dynamics simulations
|    with AMBER - Part I: Generalized Born", J. Chem.
|    Theory Comput., 2012, 8 (5), pp1542-1555.
|
|  - Scott Le Grand; Andreas W. Goetz; Ross C. Walker
|    "SPFP: Speed without compromise - a mixed precision
|    model for GPU accelerated molecular dynamics
|    simulations.", Comp. Phys. Comm., 2013, 184
|    pp374-380, DOI: 10.1016/j.cpc.2012.09.022
|
|--------------------------------------------------------
 
|------------------- GPU DEVICE INFO --------------------
|
|            CUDA_VISIBLE_DEVICES: 0
|   CUDA Capable Devices Detected:      1
|           CUDA Device ID in use:      0
|                CUDA Device Name: Tesla V100-PCIE-32GB
|     CUDA Device Global Mem Size:  32510 MB
| CUDA Device Num Multiprocessors:     80
|           CUDA Device Core Freq:   1.38 GHz
|
|--------------------------------------------------------
 
 
| Conditional Compilation Defines Used:
| PUBFFT
| BINTRAJ
| CUDA
| EMIL

| Largest sphere to fit in unit cell has radius =    31.714

| New format PARM file being parsed.
| Version =    1.000 Date = 08/25/20 Time = 11:15:14

| Note: 1-4 EEL scale factors are being read from the topology file.

| Note: 1-4 VDW scale factors are being read from the topology file.
| Duplicated    0 dihedrals

| Duplicated    0 dihedrals

--------------------------------------------------------------------------------
   1.  RESOURCE   USE: 
--------------------------------------------------------------------------------

 getting box info from netcdf restart file
 NATOM  =   31725 NTYPES =      18 NBONH =   31002 MBONA  =     774
 NTHETH =     892 MTHETA =    1191 NPHIH =    1828 MPHIA  =    2451
 NHPARM =       0 NPARM  =       0 NNB   =   46817 NRES   =   10274
 NBONA  =     774 NTHETA =    1191 NPHIA =    2451 NUMBND =      61
 NUMANG =     127 NPTRA  =      75 NATYP =      34 NPHB   =       1
 IFBOX  =       2 NMXRS  =      33 IFCAP =       0 NEXTRA =       0
 NCOPY  =       0

| Coordinate Index Table dimensions:    12   12   12
| Direct force subcell size =     6.4736    6.4736    6.4736

     BOX TYPE: TRUNCATED OCTAHEDRON

--------------------------------------------------------------------------------
   2.  CONTROL  DATA  FOR  THE  RUN
--------------------------------------------------------------------------------

default_name                                                                    

General flags:
     imin    =       0, nmropt  =       0

Nature and format of input:
     ntx     =       1, irest   =       0, ntrx    =       1

Nature and format of output:
     ntxo    =       2, ntpr    =      50, ntrx    =       1, ntwr    =    2500
     iwrap   =       0, ntwx    =      50, ntwv    =       0, ntwe    =       0
     ioutfm  =       1, ntwprt  =       0, idecomp =       0, rbornstat=      0

Potential function:
     ntf     =       2, ntb     =       1, igb     =       0, nsnb    =      25
     ipol    =       0, gbsa    =       0, iesp    =       0
     dielc   =   1.00000, cut     =  10.00000, intdiel =   1.00000

Frozen or restrained atoms:
     ibelly  =       0, ntr     =       0

Molecular dynamics:
     nstlim  =      2500, nscm    =      1000, nrespa  =         1
     t       =   0.00000, dt      =   0.00200, vlimit  =  -1.00000

Berendsen (weak-coupling) temperature regulation:
     temp0   =  50.00000, tempi   =   0.00000, tautp   =   1.50000

SHAKE:
     ntc     =       2, jfastw  =       0
     tol     =   0.00001

| Intermolecular bonds treatment:
|     no_intermolecular_bonds =       1

| Energy averages sample interval:
|     ene_avg_sampling =      50

Ewald parameters:
     verbose =       0, ew_type =       0, nbflag  =       1, use_pme =       1
     vdwmeth =       1, eedmeth =       1, netfrc  =       1
     Box X =   77.684   Box Y =   77.684   Box Z =   77.684
     Alpha =  109.471   Beta  =  109.471   Gamma =  109.471
     NFFT1 =   80       NFFT2 =   80       NFFT3 =   80
     Cutoff=   10.000   Tol   =0.100E-04
     Ewald Coefficient =  0.27511
     Interpolation order =    4

--------------------------------------------------------------------------------
   3.  ATOMIC COORDINATES AND VELOCITIES
--------------------------------------------------------------------------------

default_name                                                                    
 begin time read from input coords =     0.000 ps

 
 Number of triangulated 3-point waters found:    10208

     Sum of charges from parm topology file =   0.00000018
     Forcing neutrality...

| Dynamic Memory, Types Used:
| Reals              938442
| Integers           775035

| Nonbonded Pairs Initial Allocation:     9596019

| GPU memory information (estimate):
| KB of GPU memory in use:    165954
| KB of CPU memory in use:     54822

--------------------------------------------------------------------------------
   4.  RESULTS
--------------------------------------------------------------------------------

 ---------------------------------------------------
 APPROXIMATING switch and d/dx switch using CUBIC SPLINE INTERPOLATION
 using   5000.0 points per unit in tabled values
 TESTING RELATIVE ERROR over r ranging from 0.0 to cutoff
| CHECK switch(x): max rel err =   0.2738E-14   at   2.422500
| CHECK d/dx switch(x): max rel err =   0.8314E-11   at   2.736960
 ---------------------------------------------------
|---------------------------------------------------
| APPROXIMATING direct energy using CUBIC SPLINE INTERPOLATION
|  with   50.0 points per unit in tabled values
| Relative Error Limit not exceeded for r .gt.   2.33
| APPROXIMATING direct force using CUBIC SPLINE INTERPOLATION
|  with   50.0 points per unit in tabled values
| Relative Error Limit not exceeded for r .gt.   2.80
|---------------------------------------------------

 NSTEP =        0   TIME(PS) =       0.000  TEMP(K) =     0.00  PRESS =     0.0
 Etot   =   -151554.7455  EKtot   =         0.0000  EPtot      =   -151554.7455
 BOND   =        50.0594  ANGLE   =       169.2818  DIHED      =       926.6594
 1-4 NB =       253.5678  1-4 EEL =     -3912.9644  VDWAALS    =     27522.4343
 EELEC  =   -176563.7840  EHBOND  =         0.0000  RESTRAINT  =         0.0000
 ------------------------------------------------------------------------------


 NSTEP =       50   TIME(PS) =       0.100  TEMP(K) =     8.88  PRESS =     0.0
 Etot   =   -130197.1137  EKtot   =       566.0716  EPtot      =   -130763.1853
 BOND   =        48.7645  ANGLE   =       165.4811  DIHED      =       926.4251
 1-4 NB =       256.7582  1-4 EEL =     -3909.6257  VDWAALS    =     23200.2180
 EELEC  =   -151451.2065  EHBOND  =         0.0000  RESTRAINT  =         0.0000
 ------------------------------------------------------------------------------


 NSTEP =      100   TIME(PS) =       0.200  TEMP(K) =     8.03  PRESS =     0.0
 Etot   =   -130034.1790  EKtot   =       512.2775  EPtot      =   -130546.4565
 BOND   =        49.6932  ANGLE   =       164.3257  DIHED      =       926.4046
 1-4 NB =       257.2161  1-4 EEL =     -3910.3654  VDWAALS    =     21092.1486
 EELEC  =   -149125.8794  EHBOND  =         0.0000  RESTRAINT  =         0.0000
 ------------------------------------------------------------------------------


 NSTEP =      150   TIME(PS) =       0.300  TEMP(K) =    10.57  PRESS =     0.0
 Etot   =   -129868.5949  EKtot   =       674.0237  EPtot      =   -130542.6186
 BOND   =        50.2826  ANGLE   =       166.9578  DIHED      =       926.0389
 1-4 NB =       257.9172  1-4 EEL =     -3912.5575  VDWAALS    =     21478.6510
 EELEC  =   -149509.9086  EHBOND  =         0.0000  RESTRAINT  =         0.0000
 ------------------------------------------------------------------------------


 NSTEP =      200   TIME(PS) =       0.400  TEMP(K) =    12.26  PRESS =     0.0
 Etot   =   -129703.2948  EKtot   =       781.6057  EPtot      =   -130484.9005
 BOND   =        50.5851  ANGLE   =       165.0813  DIHED      =       928.0331
 1-4 NB =       259.6775  1-4 EEL =     -3912.3106  VDWAALS    =     21802.6532
 EELEC  =   -149778.6202  EHBOND  =         0.0000  RESTRAINT  =         0.0000
 ------------------------------------------------------------------------------


 NSTEP =      250   TIME(PS) =       0.500  TEMP(K) =    14.11  PRESS =     0.0
 Etot   =   -129546.6990  EKtot   =       899.4637  EPtot      =   -130446.1627
 BOND   =        50.6755  ANGLE   =       167.6347  DIHED      =       927.1851
 1-4 NB =       258.2664  1-4 EEL =     -3909.6248  VDWAALS    =     21612.8607
 EELEC  =   -149553.1603  EHBOND  =         0.0000  RESTRAINT  =         0.0000
 ------------------------------------------------------------------------------


 NSTEP =      300   TIME(PS) =       0.600  TEMP(K) =    15.61  PRESS =     0.0
 Etot   =   -129397.6223  EKtot   =       995.0041  EPtot      =   -130392.6264
 BOND   =        50.7342  ANGLE   =       167.1556  DIHED      =       928.4412
 1-4 NB =       258.1713  1-4 EEL =     -3910.9420  VDWAALS    =     21388.1544
 EELEC  =   -149274.3411  EHBOND  =         0.0000  RESTRAINT  =         0.0000
 ------------------------------------------------------------------------------


 NSTEP =      350   TIME(PS) =       0.700  TEMP(K) =    16.94  PRESS =     0.0
 Etot   =   -129254.7557  EKtot   =      1080.3671  EPtot      =   -130335.1227
 BOND   =        50.8747  ANGLE   =       165.5577  DIHED      =       928.0474
 1-4 NB =       258.8621  1-4 EEL =     -3909.2061  VDWAALS    =     21506.3862
 EELEC  =   -149335.6448  EHBOND  =         0.0000  RESTRAINT  =         0.0000
 ------------------------------------------------------------------------------


 NSTEP =      400   TIME(PS) =       0.800  TEMP(K) =    18.53  PRESS =     0.0
 Etot   =   -129117.3368  EKtot   =      1181.5896  EPtot      =   -130298.9264
 BOND   =        50.0871  ANGLE   =       170.6151  DIHED      =       923.3615
 1-4 NB =       258.8704  1-4 EEL =     -3906.5585  VDWAALS    =     21549.8084
 EELEC  =   -149345.1104  EHBOND  =         0.0000  RESTRAINT  =         0.0000
 ------------------------------------------------------------------------------


 NSTEP =      450   TIME(PS) =       0.900  TEMP(K) =    20.00  PRESS =     0.0
 Etot   =   -128987.8386  EKtot   =      1275.2980  EPtot      =   -130263.1365
 BOND   =        52.1413  ANGLE   =       172.8492  DIHED      =       927.4668
 1-4 NB =       257.1963  1-4 EEL =     -3910.4750  VDWAALS    =     21507.4922
 EELEC  =   -149269.8072  EHBOND  =         0.0000  RESTRAINT  =         0.0000
 ------------------------------------------------------------------------------


 NSTEP =      500   TIME(PS) =       1.000  TEMP(K) =    21.35  PRESS =     0.0
 Etot   =   -128862.3860  EKtot   =      1361.1255  EPtot      =   -130223.5115
 BOND   =        53.8475  ANGLE   =       177.2291  DIHED      =       926.1655
 1-4 NB =       254.3508  1-4 EEL =     -3914.5249  VDWAALS    =     21502.0260
 EELEC  =   -149222.6055  EHBOND  =         0.0000  RESTRAINT  =         0.0000
 ------------------------------------------------------------------------------


 NSTEP =      550   TIME(PS) =       1.100  TEMP(K) =    23.12  PRESS =     0.0
 Etot   =   -128744.4886  EKtot   =      1473.8529  EPtot      =   -130218.3415
 BOND   =        51.8890  ANGLE   =       173.2993  DIHED      =       925.0081
 1-4 NB =       258.3980  1-4 EEL =     -3905.6268  VDWAALS    =     21555.2016
 EELEC  =   -149276.5106  EHBOND  =         0.0000  RESTRAINT  =         0.0000
 ------------------------------------------------------------------------------


 NSTEP =      600   TIME(PS) =       1.200  TEMP(K) =    24.34  PRESS =     0.0
 Etot   =   -128632.0888  EKtot   =      1552.0852  EPtot      =   -130184.1741
 BOND   =        52.5490  ANGLE   =       177.7697  DIHED      =       926.0576
 1-4 NB =       258.1555  1-4 EEL =     -3910.3933  VDWAALS    =     21634.4066
 EELEC  =   -149322.7191  EHBOND  =         0.0000  RESTRAINT  =         0.0000
 ------------------------------------------------------------------------------


 NSTEP =      650   TIME(PS) =       1.300  TEMP(K) =    25.54  PRESS =     0.0
 Etot   =   -128526.3496  EKtot   =      1628.2749  EPtot      =   -130154.6245
 BOND   =        50.9087  ANGLE   =       178.1067  DIHED      =       925.6319
 1-4 NB =       258.4874  1-4 EEL =     -3901.5362  VDWAALS    =     21692.7170
 EELEC  =   -149358.9399  EHBOND  =         0.0000  RESTRAINT  =         0.0000
 ------------------------------------------------------------------------------


 NSTEP =      700   TIME(PS) =       1.400  TEMP(K) =    26.92  PRESS =     0.0
 Etot   =   -128425.6324  EKtot   =      1716.5076  EPtot      =   -130142.1400
 BOND   =        53.0347  ANGLE   =       177.8583  DIHED      =       926.5486
 1-4 NB =       258.1220  1-4 EEL =     -3902.0380  VDWAALS    =     21730.2036
 EELEC  =   -149385.8693  EHBOND  =         0.0000  RESTRAINT  =         0.0000
 ------------------------------------------------------------------------------


 NSTEP =      750   TIME(PS) =       1.500  TEMP(K) =    27.96  PRESS =     0.0
 Etot   =   -128329.6529  EKtot   =      1782.5461  EPtot      =   -130112.1990
 BOND   =        52.6735  ANGLE   =       179.7548  DIHED      =       929.5337
 1-4 NB =       257.4121  1-4 EEL =     -3908.4550  VDWAALS    =     21588.8028
 EELEC  =   -149211.9210  EHBOND  =         0.0000  RESTRAINT  =         0.0000
 ------------------------------------------------------------------------------


 NSTEP =      800   TIME(PS) =       1.600  TEMP(K) =    28.84  PRESS =     0.0
 Etot   =   -128238.3388  EKtot   =      1838.7643  EPtot      =   -130077.1031
 BOND   =        53.5197  ANGLE   =       182.5915  DIHED      =       923.4139
 1-4 NB =       258.1385  1-4 EEL =     -3910.1107  VDWAALS    =     21729.5556
 EELEC  =   -149314.2116  EHBOND  =         0.0000  RESTRAINT  =         0.0000
 ------------------------------------------------------------------------------


 NSTEP =      850   TIME(PS) =       1.700  TEMP(K) =    30.33  PRESS =     0.0
 Etot   =   -128151.1532  EKtot   =      1933.8593  EPtot      =   -130085.0125
 BOND   =        54.3092  ANGLE   =       179.6512  DIHED      =       927.0130
 1-4 NB =       255.1566  1-4 EEL =     -3907.8568  VDWAALS    =     21577.8670
 EELEC  =   -149171.1527  EHBOND  =         0.0000  RESTRAINT  =         0.0000
 ------------------------------------------------------------------------------


 NSTEP =      900   TIME(PS) =       1.800  TEMP(K) =    31.19  PRESS =     0.0
 Etot   =   -128069.8496  EKtot   =      1988.4105  EPtot      =   -130058.2601
 BOND   =        52.1214  ANGLE   =       180.4405  DIHED      =       931.3958
 1-4 NB =       259.0865  1-4 EEL =     -3916.0304  VDWAALS    =     21568.3720
 EELEC  =   -149133.6459  EHBOND  =         0.0000  RESTRAINT  =         0.0000
 ------------------------------------------------------------------------------


 NSTEP =      950   TIME(PS) =       1.900  TEMP(K) =    32.35  PRESS =     0.0
 Etot   =   -127993.0147  EKtot   =      2062.7600  EPtot      =   -130055.7747
 BOND   =        52.5279  ANGLE   =       177.0597  DIHED      =       933.3842
 1-4 NB =       257.6788  1-4 EEL =     -3909.1099  VDWAALS    =     21512.5471
 EELEC  =   -149079.8625  EHBOND  =         0.0000  RESTRAINT  =         0.0000
 ------------------------------------------------------------------------------

check COM velocity, temp:        0.000033     0.00(Removed)

 NSTEP =     1000   TIME(PS) =       2.000  TEMP(K) =    33.69  PRESS =     0.0
 Etot   =   -127920.4612  EKtot   =      2148.0935  EPtot      =   -130068.5547
 BOND   =        51.1146  ANGLE   =       178.1162  DIHED      =       935.3139
 1-4 NB =       264.4127  1-4 EEL =     -3906.7701  VDWAALS    =     21635.5179
 EELEC  =   -149226.2596  EHBOND  =         0.0000  RESTRAINT  =         0.0000
 ------------------------------------------------------------------------------


 NSTEP =     1050   TIME(PS) =       2.100  TEMP(K) =    34.49  PRESS =     0.0
 Etot   =   -127852.6546  EKtot   =      2199.0569  EPtot      =   -130051.7115
 BOND   =        54.1770  ANGLE   =       182.6394  DIHED      =       931.0240
 1-4 NB =       260.7600  1-4 EEL =     -3909.3755  VDWAALS    =     21693.3813
 EELEC  =   -149264.3177  EHBOND  =         0.0000  RESTRAINT  =         0.0000
 ------------------------------------------------------------------------------


 NSTEP =     1100   TIME(PS) =       2.200  TEMP(K) =    34.94  PRESS =     0.0
 Etot   =   -127788.2789  EKtot   =      2227.4822  EPtot      =   -130015.7611
 BOND   =        55.6679  ANGLE   =       185.2228  DIHED      =       931.7381
 1-4 NB =       257.6436  1-4 EEL =     -3914.2340  VDWAALS    =     21588.4801
 EELEC  =   -149120.2795  EHBOND  =         0.0000  RESTRAINT  =         0.0000
 ------------------------------------------------------------------------------


 NSTEP =     1150   TIME(PS) =       2.300  TEMP(K) =    35.89  PRESS =     0.0
 Etot   =   -127725.9094  EKtot   =      2288.1582  EPtot      =   -130014.0676
 BOND   =        54.6735  ANGLE   =       187.0032  DIHED      =       928.6755
 1-4 NB =       259.6280  1-4 EEL =     -3914.3194  VDWAALS    =     21332.3443
 EELEC  =   -148862.0727  EHBOND  =         0.0000  RESTRAINT  =         0.0000
 ------------------------------------------------------------------------------


 NSTEP =     1200   TIME(PS) =       2.400  TEMP(K) =    36.66  PRESS =     0.0
 Etot   =   -127667.7352  EKtot   =      2337.4778  EPtot      =   -130005.2130
 BOND   =        55.7622  ANGLE   =       185.1690  DIHED      =       932.1099
 1-4 NB =       260.0473  1-4 EEL =     -3913.3901  VDWAALS    =     21601.2124
 EELEC  =   -149126.1236  EHBOND  =         0.0000  RESTRAINT  =         0.0000
 ------------------------------------------------------------------------------


 NSTEP =     1250   TIME(PS) =       2.500  TEMP(K) =    37.38  PRESS =     0.0
 Etot   =   -127613.8975  EKtot   =      2383.3359  EPtot      =   -129997.2334
 BOND   =        53.6215  ANGLE   =       189.8533  DIHED      =       928.9633
 1-4 NB =       259.6951  1-4 EEL =     -3922.1119  VDWAALS    =     21663.5122
 EELEC  =   -149170.7668  EHBOND  =         0.0000  RESTRAINT  =         0.0000
 ------------------------------------------------------------------------------


 NSTEP =     1300   TIME(PS) =       2.600  TEMP(K) =    37.52  PRESS =     0.0
 Etot   =   -127560.7873  EKtot   =      2392.3032  EPtot      =   -129953.0905
 BOND   =        53.5349  ANGLE   =       182.4608  DIHED      =       938.0371
 1-4 NB =       262.3174  1-4 EEL =     -3911.7804  VDWAALS    =     21589.2341
 EELEC  =   -149066.8945  EHBOND  =         0.0000  RESTRAINT  =         0.0000
 ------------------------------------------------------------------------------


 NSTEP =     1350   TIME(PS) =       2.700  TEMP(K) =    38.60  PRESS =     0.0
 Etot   =   -127509.9647  EKtot   =      2460.8801  EPtot      =   -129970.8448
 BOND   =        52.3927  ANGLE   =       185.0919  DIHED      =       939.2637
 1-4 NB =       259.9768  1-4 EEL =     -3909.3304  VDWAALS    =     21690.3642
 EELEC  =   -149188.6037  EHBOND  =         0.0000  RESTRAINT  =         0.0000
 ------------------------------------------------------------------------------


 NSTEP =     1400   TIME(PS) =       2.800  TEMP(K) =    39.44  PRESS =     0.0
 Etot   =   -127463.8174  EKtot   =      2514.7793  EPtot      =   -129978.5967
 BOND   =        55.7914  ANGLE   =       188.8658  DIHED      =       930.5457
 1-4 NB =       261.0002  1-4 EEL =     -3916.2032  VDWAALS    =     21756.0606
 EELEC  =   -149254.6571  EHBOND  =         0.0000  RESTRAINT  =         0.0000
 ------------------------------------------------------------------------------


 NSTEP =     1450   TIME(PS) =       2.900  TEMP(K) =    39.97  PRESS =     0.0
 Etot   =   -127420.2463  EKtot   =      2548.6682  EPtot      =   -129968.9145
 BOND   =        56.2874  ANGLE   =       195.1926  DIHED      =       933.8024
 1-4 NB =       256.8374  1-4 EEL =     -3921.6139  VDWAALS    =     21705.4334
 EELEC  =   -149194.8538  EHBOND  =         0.0000  RESTRAINT  =         0.0000
 ------------------------------------------------------------------------------


 NSTEP =     1500   TIME(PS) =       3.000  TEMP(K) =    40.70  PRESS =     0.0
 Etot   =   -127378.1589  EKtot   =      2594.7825  EPtot      =   -129972.9413
 BOND   =        54.1464  ANGLE   =       192.3215  DIHED      =       931.4409
 1-4 NB =       260.0253  1-4 EEL =     -3922.4295  VDWAALS    =     21828.7166
 EELEC  =   -149317.1626  EHBOND  =         0.0000  RESTRAINT  =         0.0000
 ------------------------------------------------------------------------------


 NSTEP =     1550   TIME(PS) =       3.100  TEMP(K) =    41.08  PRESS =     0.0
 Etot   =   -127339.6264  EKtot   =      2619.4907  EPtot      =   -129959.1171
 BOND   =        52.6941  ANGLE   =       187.9466  DIHED      =       929.9611
 1-4 NB =       261.2500  1-4 EEL =     -3910.7020  VDWAALS    =     21744.2390
 EELEC  =   -149224.5059  EHBOND  =         0.0000  RESTRAINT  =         0.0000
 ------------------------------------------------------------------------------


 NSTEP =     1600   TIME(PS) =       3.200  TEMP(K) =    41.66  PRESS =     0.0
 Etot   =   -127303.2336  EKtot   =      2656.2153  EPtot      =   -129959.4490
 BOND   =        54.2593  ANGLE   =       192.2667  DIHED      =       927.2369
 1-4 NB =       257.4018  1-4 EEL =     -3917.8414  VDWAALS    =     21594.0796
 EELEC  =   -149066.8518  EHBOND  =         0.0000  RESTRAINT  =         0.0000
 ------------------------------------------------------------------------------


 NSTEP =     1650   TIME(PS) =       3.300  TEMP(K) =    42.30  PRESS =     0.0
 Etot   =   -127268.9756  EKtot   =      2697.0410  EPtot      =   -129966.0167
 BOND   =        54.8370  ANGLE   =       188.6321  DIHED      =       933.7394
 1-4 NB =       257.2476  1-4 EEL =     -3914.0533  VDWAALS    =     21651.1522
 EELEC  =   -149137.5715  EHBOND  =         0.0000  RESTRAINT  =         0.0000
 ------------------------------------------------------------------------------


 NSTEP =     1700   TIME(PS) =       3.400  TEMP(K) =    42.51  PRESS =     0.0
 Etot   =   -127236.7691  EKtot   =      2710.3257  EPtot      =   -129947.0948
 BOND   =        55.2665  ANGLE   =       195.4856  DIHED      =       928.3596
 1-4 NB =       260.6729  1-4 EEL =     -3909.6252  VDWAALS    =     21575.9877
 EELEC  =   -149053.2419  EHBOND  =         0.0000  RESTRAINT  =         0.0000
 ------------------------------------------------------------------------------


 NSTEP =     1750   TIME(PS) =       3.500  TEMP(K) =    43.21  PRESS =     0.0
 Etot   =   -127206.0278  EKtot   =      2755.1709  EPtot      =   -129961.1987
 BOND   =        55.1133  ANGLE   =       195.6798  DIHED      =       930.6850
 1-4 NB =       261.1637  1-4 EEL =     -3915.1668  VDWAALS    =     21479.9872
 EELEC  =   -148968.6609  EHBOND  =         0.0000  RESTRAINT  =         0.0000
 ------------------------------------------------------------------------------


 NSTEP =     1800   TIME(PS) =       3.600  TEMP(K) =    43.67  PRESS =     0.0
 Etot   =   -127179.3533  EKtot   =      2784.0498  EPtot      =   -129963.4031
 BOND   =        54.6630  ANGLE   =       187.6181  DIHED      =       923.0150
 1-4 NB =       260.8780  1-4 EEL =     -3910.1793  VDWAALS    =     21603.3372
 EELEC  =   -149082.7350  EHBOND  =         0.0000  RESTRAINT  =         0.0000
 ------------------------------------------------------------------------------


 NSTEP =     1850   TIME(PS) =       3.700  TEMP(K) =    44.11  PRESS =     0.0
 Etot   =   -127152.7743  EKtot   =      2812.2878  EPtot      =   -129965.0622
 BOND   =        55.2609  ANGLE   =       195.4034  DIHED      =       930.7115
 1-4 NB =       264.5381  1-4 EEL =     -3920.1286  VDWAALS    =     21535.7201
 EELEC  =   -149026.5676  EHBOND  =         0.0000  RESTRAINT  =         0.0000
 ------------------------------------------------------------------------------


 NSTEP =     1900   TIME(PS) =       3.800  TEMP(K) =    44.42  PRESS =     0.0
 Etot   =   -127127.5627  EKtot   =      2832.0637  EPtot      =   -129959.6264
 BOND   =        57.4830  ANGLE   =       198.6469  DIHED      =       931.6319
 1-4 NB =       257.1795  1-4 EEL =     -3921.5297  VDWAALS    =     21615.8686
 EELEC  =   -149098.9067  EHBOND  =         0.0000  RESTRAINT  =         0.0000
 ------------------------------------------------------------------------------


 NSTEP =     1950   TIME(PS) =       3.900  TEMP(K) =    44.41  PRESS =     0.0
 Etot   =   -127104.1286  EKtot   =      2831.2363  EPtot      =   -129935.3649
 BOND   =        55.7085  ANGLE   =       195.9007  DIHED      =       930.3251
 1-4 NB =       258.6179  1-4 EEL =     -3922.0266  VDWAALS    =     21638.4683
 EELEC  =   -149092.3588  EHBOND  =         0.0000  RESTRAINT  =         0.0000
 ------------------------------------------------------------------------------

check COM velocity, temp:        0.000014     0.00(Removed)

 NSTEP =     2000   TIME(PS) =       4.000  TEMP(K) =    44.80  PRESS =     0.0
 Etot   =   -127082.0332  EKtot   =      2856.1387  EPtot      =   -129938.1719
 BOND   =        57.8005  ANGLE   =       195.7382  DIHED      =       932.3197
 1-4 NB =       257.1897  1-4 EEL =     -3926.8824  VDWAALS    =     21756.5110
 EELEC  =   -149210.8487  EHBOND  =         0.0000  RESTRAINT  =         0.0000
 ------------------------------------------------------------------------------


 NSTEP =     2050   TIME(PS) =       4.100  TEMP(K) =    45.87  PRESS =     0.0
 Etot   =   -127063.0765  EKtot   =      2924.8884  EPtot      =   -129987.9649
 BOND   =        55.9343  ANGLE   =       196.4366  DIHED      =       931.3013
 1-4 NB =       257.5225  1-4 EEL =     -3917.9097  VDWAALS    =     21813.0367
 EELEC  =   -149324.2865  EHBOND  =         0.0000  RESTRAINT  =         0.0000
 ------------------------------------------------------------------------------


 NSTEP =     2100   TIME(PS) =       4.200  TEMP(K) =    46.00  PRESS =     0.0
 Etot   =   -127044.9469  EKtot   =      2933.1941  EPtot      =   -129978.1410
 BOND   =        54.4205  ANGLE   =       187.3734  DIHED      =       936.6917
 1-4 NB =       260.4869  1-4 EEL =     -3901.5254  VDWAALS    =     21662.2000
 EELEC  =   -149177.7881  EHBOND  =         0.0000  RESTRAINT  =         0.0000
 ------------------------------------------------------------------------------


 NSTEP =     2150   TIME(PS) =       4.300  TEMP(K) =    46.10  PRESS =     0.0
 Etot   =   -127029.0370  EKtot   =      2939.1094  EPtot      =   -129968.1464
 BOND   =        57.5144  ANGLE   =       192.3260  DIHED      =       932.0789
 1-4 NB =       260.9985  1-4 EEL =     -3915.0444  VDWAALS    =     21569.7259
 EELEC  =   -149065.7459  EHBOND  =         0.0000  RESTRAINT  =         0.0000
 ------------------------------------------------------------------------------


 NSTEP =     2200   TIME(PS) =       4.400  TEMP(K) =    46.82  PRESS =     0.0
 Etot   =   -127013.9533  EKtot   =      2984.8992  EPtot      =   -129998.8524
 BOND   =        54.8461  ANGLE   =       203.7226  DIHED      =       929.5859
 1-4 NB =       259.7921  1-4 EEL =     -3917.1838  VDWAALS    =     21567.2763
 EELEC  =   -149096.8918  EHBOND  =         0.0000  RESTRAINT  =         0.0000
 ------------------------------------------------------------------------------


 NSTEP =     2250   TIME(PS) =       4.500  TEMP(K) =    46.69  PRESS =     0.0
 Etot   =   -127000.2537  EKtot   =      2976.8330  EPtot      =   -129977.0867
 BOND   =        58.0428  ANGLE   =       200.8091  DIHED      =       931.2620
 1-4 NB =       259.6227  1-4 EEL =     -3909.3516  VDWAALS    =     21620.4768
 EELEC  =   -149137.9486  EHBOND  =         0.0000  RESTRAINT  =         0.0000
 ------------------------------------------------------------------------------


 NSTEP =     2300   TIME(PS) =       4.600  TEMP(K) =    46.98  PRESS =     0.0
 Etot   =   -126986.3216  EKtot   =      2995.3875  EPtot      =   -129981.7090
 BOND   =        57.8446  ANGLE   =       204.0979  DIHED      =       933.4298
 1-4 NB =       257.3152  1-4 EEL =     -3909.4776  VDWAALS    =     21570.4605
 EELEC  =   -149095.3794  EHBOND  =         0.0000  RESTRAINT  =         0.0000
 ------------------------------------------------------------------------------


 NSTEP =     2350   TIME(PS) =       4.700  TEMP(K) =    47.37  PRESS =     0.0
 Etot   =   -126975.1523  EKtot   =      3020.3538  EPtot      =   -129995.5061
 BOND   =        61.6882  ANGLE   =       211.6802  DIHED      =       930.9569
 1-4 NB =       255.3687  1-4 EEL =     -3922.2940  VDWAALS    =     21655.8279
 EELEC  =   -149188.7340  EHBOND  =         0.0000  RESTRAINT  =         0.0000
 ------------------------------------------------------------------------------


 NSTEP =     2400   TIME(PS) =       4.800  TEMP(K) =    48.00  PRESS =     0.0
 Etot   =   -126964.0453  EKtot   =      3060.4524  EPtot      =   -130024.4977
 BOND   =        58.0102  ANGLE   =       198.6607  DIHED      =       928.3786
 1-4 NB =       262.4689  1-4 EEL =     -3913.8750  VDWAALS    =     21736.4152
 EELEC  =   -149294.5563  EHBOND  =         0.0000  RESTRAINT  =         0.0000
 ------------------------------------------------------------------------------


 NSTEP =     2450   TIME(PS) =       4.900  TEMP(K) =    48.37  PRESS =     0.0
 Etot   =   -126957.1899  EKtot   =      3084.0203  EPtot      =   -130041.2102
 BOND   =        56.7372  ANGLE   =       195.7033  DIHED      =       925.7551
 1-4 NB =       257.8975  1-4 EEL =     -3905.7377  VDWAALS    =     21738.3498
 EELEC  =   -149309.9153  EHBOND  =         0.0000  RESTRAINT  =         0.0000
 ------------------------------------------------------------------------------


 NSTEP =     2500   TIME(PS) =       5.000  TEMP(K) =    48.11  PRESS =     0.0
 Etot   =   -126950.4454  EKtot   =      3067.6064  EPtot      =   -130018.0519
 BOND   =        56.1866  ANGLE   =       202.9175  DIHED      =       926.9636
 1-4 NB =       256.6521  1-4 EEL =     -3906.8190  VDWAALS    =     21832.7833
 EELEC  =   -149386.7360  EHBOND  =         0.0000  RESTRAINT  =         0.0000
 ------------------------------------------------------------------------------


      A V E R A G E S   O V E R      50 S T E P S


 NSTEP =     2500   TIME(PS) =       5.000  TEMP(K) =    34.17  PRESS =     0.0
 Etot   =   -127919.3441  EKtot   =      2178.7934  EPtot      =   -130098.1375
 BOND   =        54.0540  ANGLE   =       185.3680  DIHED      =       929.6172
 1-4 NB =       258.8906  1-4 EEL =     -3912.5252  VDWAALS    =     21645.5246
 EELEC  =   -149259.0668  EHBOND  =         0.0000  RESTRAINT  =         0.0000
 ------------------------------------------------------------------------------


      R M S  F L U C T U A T I O N S


 NSTEP =     2500   TIME(PS) =       5.000  TEMP(K) =    11.92  PRESS =     0.0
 Etot   =       936.8881  EKtot   =       759.9289  EPtot      =       189.7526
 BOND   =         2.6265  ANGLE   =        11.7926  DIHED      =         3.5744
 1-4 NB =         2.0903  1-4 EEL =         5.7273  VDWAALS    =       256.8384
 EELEC  =       348.2303  EHBOND  =         0.0000  RESTRAINT  =         0.0000
 ------------------------------------------------------------------------------

--------------------------------------------------------------------------------
   5.  TIMINGS
--------------------------------------------------------------------------------

|  NonSetup CPU Time in Major Routines:
|
|     Routine           Sec        %
|     ------------------------------
|     Nonbond           1.64    8.23
|     Bond              0.00    0.00
|     Angle             0.00    0.00
|     Dihedral          0.00    0.00
|     Shake             0.02    0.08
|     RunMD            18.31   91.66
|     Other             0.01    0.04
|     ------------------------------
|     Total            19.98

|  PME Nonbond Pairlist CPU Time:
|
|     Routine              Sec        %
|     ---------------------------------
|     Set Up Cit           0.00    0.00
|     Build List           0.00    0.00
|     ---------------------------------
|     Total                0.00    0.00

|  PME Direct Force CPU Time:
|
|     Routine              Sec        %
|     ---------------------------------
|     NonBonded Calc       0.00    0.00
|     Exclude Masked       0.00    0.00
|     Other                0.00    0.02
|     ---------------------------------
|     Total                0.00    0.02

|  PME Reciprocal Force CPU Time:
|
|     Routine              Sec        %
|     ---------------------------------
|     1D bspline           0.00    0.00
|     Grid Charges         0.00    0.00
|     Scalar Sum           0.00    0.00
|     Gradient Sum         0.00    0.00
|     FFT                  0.00    0.00
|     ---------------------------------
|     Total                0.00    0.00

|  Final Performance Info:
|     -----------------------------------------------------
|     Average timings for last    2500 steps:
|     Elapsed(s) =      20.39 Per Step(ms) =       8.16
|         ns/day =      21.18   seconds/ns =    4078.83
|
|     Average timings for all steps:
|     Elapsed(s) =      20.39 Per Step(ms) =       8.16
|         ns/day =      21.18   seconds/ns =    4078.83
|     -----------------------------------------------------

|  Setup CPU time:            1.57 seconds
|  NonSetup CPU time:        19.98 seconds
|  Total CPU time:           21.55 seconds     0.01 hours

|  Setup wall time:           2    seconds
|  NonSetup wall time:       20    seconds
|  Total wall time:          22    seconds     0.01 hours
