
          -------------------------------------------------------
          Amber 16 PMEMD                              2016
          -------------------------------------------------------

| PMEMD implementation of SANDER, Release 16

| Run on 06/04/2024 at 22:39:48

|   Executable path: pmemd.cuda
| Working directory: /home/students/keyq/fuben4/10/10LA
|          Hostname: master

  [-O]verwriting output

File Assignments:
|   MDIN: heat4.in                                                              
|  MDOUT: cmp_heat4.out                                                         
| INPCRD: cmp_heat3.rst                                                         
|   PARM: cmp.prmtop                                                            
| RESTRT: cmp_heat4.rst                                                         
|   REFC: cmp.inpcrd                                                            
|  MDVEL: mdvel                                                                 
|   MDEN: mden                                                                  
|  MDCRD: cmp_heat4.mdcrd                                                       
| MDINFO: mdinfo                                                                
|  MDFRC: mdfrc                                                                 


 Here is the input file:

Stage 2 equilibration 1 0-5ns                                                  
 &cntrl                                                                        
  imin=0, irest=1, ntx=5,                                                      
  nstlim=2500, dt=0.002,                                                       
  ntc=2, ntf=2,                                                                
  ntt=1, tautp=1.5,                                                            
  tempi=150.0, temp0=200.0,                                                    
  ntpr=50, ntwx=50,                                                            
  ntb=1,                                                                       
  cut=10,                                                                      
 /                                                                             


Note: ig = -1. Setting random seed to   633581 based on wallclock time in 
      microseconds.
 
|--------------------- INFORMATION ----------------------
| GPU (CUDA) Version of PMEMD in use: NVIDIA GPU IN USE.
|                    Version 16.0.0
| 
|                      02/25/2016
| 
| Implementation by:
|                    Ross C. Walker     (SDSC)
|                    Scott Le Grand     (nVIDIA)
| 
| Precision model in use:
|      [SPFP] - Single Precision Forces, 64-bit Fixed Point
|               Accumulation. (Default)
| 
|--------------------------------------------------------
 
|----------------- CITATION INFORMATION -----------------
|
|    When publishing work that utilized the CUDA version
|    of AMBER, please cite the following in addition to
|    the regular AMBER citations:
|
|  - Romelia Salomon-Ferrer; Andreas W. Goetz; Duncan
|    Poole; Scott Le Grand; Ross C. Walker "Routine
|    microsecond molecular dynamics simulations with
|    AMBER - Part II: Particle Mesh Ewald", J. Chem.
|    Theory Comput., 2013, 9 (9), pp3878-3888,
|    DOI: 10.1021/ct400314y.
|
|  - Andreas W. Goetz; Mark J. Williamson; Dong Xu;
|    Duncan Poole; Scott Le Grand; Ross C. Walker
|    "Routine microsecond molecular dynamics simulations
|    with AMBER - Part I: Generalized Born", J. Chem.
|    Theory Comput., 2012, 8 (5), pp1542-1555.
|
|  - Scott Le Grand; Andreas W. Goetz; Ross C. Walker
|    "SPFP: Speed without compromise - a mixed precision
|    model for GPU accelerated molecular dynamics
|    simulations.", Comp. Phys. Comm., 2013, 184
|    pp374-380, DOI: 10.1016/j.cpc.2012.09.022
|
|--------------------------------------------------------
 
|------------------- GPU DEVICE INFO --------------------
|
|            CUDA_VISIBLE_DEVICES: 0
|   CUDA Capable Devices Detected:      1
|           CUDA Device ID in use:      0
|                CUDA Device Name: Tesla V100-PCIE-32GB
|     CUDA Device Global Mem Size:  32510 MB
| CUDA Device Num Multiprocessors:     80
|           CUDA Device Core Freq:   1.38 GHz
|
|--------------------------------------------------------
 
 
| Conditional Compilation Defines Used:
| PUBFFT
| BINTRAJ
| CUDA
| EMIL

| Largest sphere to fit in unit cell has radius =    31.714

| New format PARM file being parsed.
| Version =    1.000 Date = 08/25/20 Time = 11:15:14

| Note: 1-4 EEL scale factors are being read from the topology file.

| Note: 1-4 VDW scale factors are being read from the topology file.
| Duplicated    0 dihedrals

| Duplicated    0 dihedrals

--------------------------------------------------------------------------------
   1.  RESOURCE   USE: 
--------------------------------------------------------------------------------

 getting box info from netcdf restart file
 NATOM  =   31725 NTYPES =      18 NBONH =   31002 MBONA  =     774
 NTHETH =     892 MTHETA =    1191 NPHIH =    1828 MPHIA  =    2451
 NHPARM =       0 NPARM  =       0 NNB   =   46817 NRES   =   10274
 NBONA  =     774 NTHETA =    1191 NPHIA =    2451 NUMBND =      61
 NUMANG =     127 NPTRA  =      75 NATYP =      34 NPHB   =       1
 IFBOX  =       2 NMXRS  =      33 IFCAP =       0 NEXTRA =       0
 NCOPY  =       0

| Coordinate Index Table dimensions:    12   12   12
| Direct force subcell size =     6.4736    6.4736    6.4736

     BOX TYPE: TRUNCATED OCTAHEDRON

--------------------------------------------------------------------------------
   2.  CONTROL  DATA  FOR  THE  RUN
--------------------------------------------------------------------------------

default_name                                                                    

General flags:
     imin    =       0, nmropt  =       0

Nature and format of input:
     ntx     =       5, irest   =       1, ntrx    =       1

Nature and format of output:
     ntxo    =       2, ntpr    =      50, ntrx    =       1, ntwr    =    2500
     iwrap   =       0, ntwx    =      50, ntwv    =       0, ntwe    =       0
     ioutfm  =       1, ntwprt  =       0, idecomp =       0, rbornstat=      0

Potential function:
     ntf     =       2, ntb     =       1, igb     =       0, nsnb    =      25
     ipol    =       0, gbsa    =       0, iesp    =       0
     dielc   =   1.00000, cut     =  10.00000, intdiel =   1.00000

Frozen or restrained atoms:
     ibelly  =       0, ntr     =       0

Molecular dynamics:
     nstlim  =      2500, nscm    =      1000, nrespa  =         1
     t       =   0.00000, dt      =   0.00200, vlimit  =  -1.00000

Berendsen (weak-coupling) temperature regulation:
     temp0   = 200.00000, tempi   = 150.00000, tautp   =   1.50000

SHAKE:
     ntc     =       2, jfastw  =       0
     tol     =   0.00001

| Intermolecular bonds treatment:
|     no_intermolecular_bonds =       1

| Energy averages sample interval:
|     ene_avg_sampling =      50

Ewald parameters:
     verbose =       0, ew_type =       0, nbflag  =       1, use_pme =       1
     vdwmeth =       1, eedmeth =       1, netfrc  =       1
     Box X =   77.684   Box Y =   77.684   Box Z =   77.684
     Alpha =  109.471   Beta  =  109.471   Gamma =  109.471
     NFFT1 =   80       NFFT2 =   80       NFFT3 =   80
     Cutoff=   10.000   Tol   =0.100E-04
     Ewald Coefficient =  0.27511
     Interpolation order =    4

--------------------------------------------------------------------------------
   3.  ATOMIC COORDINATES AND VELOCITIES
--------------------------------------------------------------------------------

default_name                                                                    
 begin time read from input coords =    15.000 ps

 
 Number of triangulated 3-point waters found:    10208

     Sum of charges from parm topology file =   0.00000018
     Forcing neutrality...

| Dynamic Memory, Types Used:
| Reals              938442
| Integers           775035

| Nonbonded Pairs Initial Allocation:     9596019

| GPU memory information (estimate):
| KB of GPU memory in use:    165954
| KB of CPU memory in use:     54822

--------------------------------------------------------------------------------
   4.  RESULTS
--------------------------------------------------------------------------------

 ---------------------------------------------------
 APPROXIMATING switch and d/dx switch using CUBIC SPLINE INTERPOLATION
 using   5000.0 points per unit in tabled values
 TESTING RELATIVE ERROR over r ranging from 0.0 to cutoff
| CHECK switch(x): max rel err =   0.2738E-14   at   2.422500
| CHECK d/dx switch(x): max rel err =   0.8314E-11   at   2.736960
 ---------------------------------------------------
|---------------------------------------------------
| APPROXIMATING direct energy using CUBIC SPLINE INTERPOLATION
|  with   50.0 points per unit in tabled values
| Relative Error Limit not exceeded for r .gt.   2.33
| APPROXIMATING direct force using CUBIC SPLINE INTERPOLATION
|  with   50.0 points per unit in tabled values
| Relative Error Limit not exceeded for r .gt.   2.80
|---------------------------------------------------

 NSTEP =       50   TIME(PS) =      15.100  TEMP(K) =   140.77  PRESS =     0.0
 Etot   =   -115597.1132  EKtot   =      8975.0732  EPtot      =   -124572.1864
 BOND   =       102.6460  ANGLE   =       297.0393  DIHED      =       950.2862
 1-4 NB =       271.0030  1-4 EEL =     -3917.5262  VDWAALS    =     20279.7632
 EELEC  =   -142555.3980  EHBOND  =         0.0000  RESTRAINT  =         0.0000
 ------------------------------------------------------------------------------


 NSTEP =      100   TIME(PS) =      15.200  TEMP(K) =   143.83  PRESS =     0.0
 Etot   =   -115351.3231  EKtot   =      9170.3867  EPtot      =   -124521.7098
 BOND   =       108.2433  ANGLE   =       303.7622  DIHED      =       953.6733
 1-4 NB =       271.3051  1-4 EEL =     -3935.9159  VDWAALS    =     20208.0940
 EELEC  =   -142430.8718  EHBOND  =         0.0000  RESTRAINT  =         0.0000
 ------------------------------------------------------------------------------


 NSTEP =      150   TIME(PS) =      15.300  TEMP(K) =   143.39  PRESS =     0.0
 Etot   =   -115112.1244  EKtot   =      9142.1094  EPtot      =   -124254.2337
 BOND   =        98.2822  ANGLE   =       288.6211  DIHED      =       958.4130
 1-4 NB =       271.3876  1-4 EEL =     -3894.5284  VDWAALS    =     20238.9274
 EELEC  =   -142215.3366  EHBOND  =         0.0000  RESTRAINT  =         0.0000
 ------------------------------------------------------------------------------


 NSTEP =      200   TIME(PS) =      15.400  TEMP(K) =   145.54  PRESS =     0.0
 Etot   =   -114877.8867  EKtot   =      9279.6924  EPtot      =   -124157.5791
 BOND   =       105.2020  ANGLE   =       294.0416  DIHED      =       959.2711
 1-4 NB =       265.4171  1-4 EEL =     -3919.0889  VDWAALS    =     20172.3725
 EELEC  =   -142034.7946  EHBOND  =         0.0000  RESTRAINT  =         0.0000
 ------------------------------------------------------------------------------


 NSTEP =      250   TIME(PS) =      15.500  TEMP(K) =   147.59  PRESS =     0.0
 Etot   =   -114649.9970  EKtot   =      9410.4072  EPtot      =   -124060.4043
 BOND   =        96.8797  ANGLE   =       289.7067  DIHED      =       956.8607
 1-4 NB =       265.0911  1-4 EEL =     -3913.5131  VDWAALS    =     20275.0658
 EELEC  =   -142030.4951  EHBOND  =         0.0000  RESTRAINT  =         0.0000
 ------------------------------------------------------------------------------


 NSTEP =      300   TIME(PS) =      15.600  TEMP(K) =   148.68  PRESS =     0.0
 Etot   =   -114431.8348  EKtot   =      9479.6250  EPtot      =   -123911.4598
 BOND   =       112.5659  ANGLE   =       300.6225  DIHED      =       958.1972
 1-4 NB =       267.4096  1-4 EEL =     -3920.2648  VDWAALS    =     20071.7627
 EELEC  =   -141701.7529  EHBOND  =         0.0000  RESTRAINT  =         0.0000
 ------------------------------------------------------------------------------


 NSTEP =      350   TIME(PS) =      15.700  TEMP(K) =   149.39  PRESS =     0.0
 Etot   =   -114217.2400  EKtot   =      9525.0254  EPtot      =   -123742.2654
 BOND   =       117.9807  ANGLE   =       290.9412  DIHED      =       960.4024
 1-4 NB =       269.1994  1-4 EEL =     -3922.9587  VDWAALS    =     20049.1913
 EELEC  =   -141507.0216  EHBOND  =         0.0000  RESTRAINT  =         0.0000
 ------------------------------------------------------------------------------


 NSTEP =      400   TIME(PS) =      15.800  TEMP(K) =   152.61  PRESS =     0.0
 Etot   =   -114009.5077  EKtot   =      9730.2969  EPtot      =   -123739.8046
 BOND   =       104.9892  ANGLE   =       317.5379  DIHED      =       954.3070
 1-4 NB =       269.2377  1-4 EEL =     -3934.3815  VDWAALS    =     19969.3779
 EELEC  =   -141420.8729  EHBOND  =         0.0000  RESTRAINT  =         0.0000
 ------------------------------------------------------------------------------


 NSTEP =      450   TIME(PS) =      15.900  TEMP(K) =   153.70  PRESS =     0.0
 Etot   =   -113810.3628  EKtot   =      9799.9102  EPtot      =   -123610.2730
 BOND   =       112.1588  ANGLE   =       308.1241  DIHED      =       957.3559
 1-4 NB =       267.4911  1-4 EEL =     -3936.0103  VDWAALS    =     19851.2691
 EELEC  =   -141170.6617  EHBOND  =         0.0000  RESTRAINT  =         0.0000
 ------------------------------------------------------------------------------


 NSTEP =      500   TIME(PS) =      16.000  TEMP(K) =   154.08  PRESS =     0.0
 Etot   =   -113615.9675  EKtot   =      9823.8340  EPtot      =   -123439.8015
 BOND   =       114.2302  ANGLE   =       290.0062  DIHED      =       966.4189
 1-4 NB =       276.0878  1-4 EEL =     -3910.4651  VDWAALS    =     19837.6569
 EELEC  =   -141013.7364  EHBOND  =         0.0000  RESTRAINT  =         0.0000
 ------------------------------------------------------------------------------


 NSTEP =      550   TIME(PS) =      16.100  TEMP(K) =   155.10  PRESS =     0.0
 Etot   =   -113423.3611  EKtot   =      9889.0078  EPtot      =   -123312.3689
 BOND   =       113.6895  ANGLE   =       313.9230  DIHED      =       962.2002
 1-4 NB =       267.0403  1-4 EEL =     -3917.9298  VDWAALS    =     19900.2929
 EELEC  =   -140951.5850  EHBOND  =         0.0000  RESTRAINT  =         0.0000
 ------------------------------------------------------------------------------


 NSTEP =      600   TIME(PS) =      16.200  TEMP(K) =   157.16  PRESS =     0.0
 Etot   =   -113241.1446  EKtot   =     10020.1035  EPtot      =   -123261.2481
 BOND   =       110.4549  ANGLE   =       301.6864  DIHED      =       961.8686
 1-4 NB =       268.6709  1-4 EEL =     -3922.5384  VDWAALS    =     19842.5755
 EELEC  =   -140823.9659  EHBOND  =         0.0000  RESTRAINT  =         0.0000
 ------------------------------------------------------------------------------


 NSTEP =      650   TIME(PS) =      16.300  TEMP(K) =   158.43  PRESS =     0.0
 Etot   =   -113060.3301  EKtot   =     10101.2617  EPtot      =   -123161.5918
 BOND   =       110.5554  ANGLE   =       297.4268  DIHED      =       972.3197
 1-4 NB =       268.2389  1-4 EEL =     -3914.5934  VDWAALS    =     19635.1576
 EELEC  =   -140530.6968  EHBOND  =         0.0000  RESTRAINT  =         0.0000
 ------------------------------------------------------------------------------


 NSTEP =      700   TIME(PS) =      16.400  TEMP(K) =   159.26  PRESS =     0.0
 Etot   =   -112886.8098  EKtot   =     10154.2764  EPtot      =   -123041.0862
 BOND   =       119.6973  ANGLE   =       312.6440  DIHED      =       958.0353
 1-4 NB =       273.8840  1-4 EEL =     -3925.9993  VDWAALS    =     19661.5380
 EELEC  =   -140440.8854  EHBOND  =         0.0000  RESTRAINT  =         0.0000
 ------------------------------------------------------------------------------


 NSTEP =      750   TIME(PS) =      16.500  TEMP(K) =   160.73  PRESS =     0.0
 Etot   =   -112717.2724  EKtot   =     10247.6885  EPtot      =   -122964.9608
 BOND   =       131.1291  ANGLE   =       311.2754  DIHED      =       955.4070
 1-4 NB =       274.9863  1-4 EEL =     -3912.5459  VDWAALS    =     19717.4397
 EELEC  =   -140442.6524  EHBOND  =         0.0000  RESTRAINT  =         0.0000
 ------------------------------------------------------------------------------


 NSTEP =      800   TIME(PS) =      16.600  TEMP(K) =   161.35  PRESS =     0.0
 Etot   =   -112552.3720  EKtot   =     10287.4600  EPtot      =   -122839.8320
 BOND   =       115.0709  ANGLE   =       315.8477  DIHED      =       971.8245
 1-4 NB =       269.0221  1-4 EEL =     -3907.5683  VDWAALS    =     19626.1974
 EELEC  =   -140230.2262  EHBOND  =         0.0000  RESTRAINT  =         0.0000
 ------------------------------------------------------------------------------


 NSTEP =      850   TIME(PS) =      16.700  TEMP(K) =   162.71  PRESS =     0.0
 Etot   =   -112393.0446  EKtot   =     10374.4502  EPtot      =   -122767.4948
 BOND   =       135.2258  ANGLE   =       325.6728  DIHED      =       979.3113
 1-4 NB =       265.8643  1-4 EEL =     -3913.6147  VDWAALS    =     19662.6665
 EELEC  =   -140222.6207  EHBOND  =         0.0000  RESTRAINT  =         0.0000
 ------------------------------------------------------------------------------


 NSTEP =      900   TIME(PS) =      16.800  TEMP(K) =   164.05  PRESS =     0.0
 Etot   =   -112239.7247  EKtot   =     10459.9053  EPtot      =   -122699.6300
 BOND   =       113.1115  ANGLE   =       319.3668  DIHED      =       964.2761
 1-4 NB =       272.8774  1-4 EEL =     -3891.6459  VDWAALS    =     19508.4942
 EELEC  =   -139986.1102  EHBOND  =         0.0000  RESTRAINT  =         0.0000
 ------------------------------------------------------------------------------


 NSTEP =      950   TIME(PS) =      16.900  TEMP(K) =   165.32  PRESS =     0.0
 Etot   =   -112088.9001  EKtot   =     10540.7686  EPtot      =   -122629.6687
 BOND   =       120.9959  ANGLE   =       332.2645  DIHED      =       962.4892
 1-4 NB =       271.8498  1-4 EEL =     -3935.7452  VDWAALS    =     19535.6596
 EELEC  =   -139917.1825  EHBOND  =         0.0000  RESTRAINT  =         0.0000
 ------------------------------------------------------------------------------

check COM velocity, temp:        0.000013     0.00(Removed)

 NSTEP =     1000   TIME(PS) =      17.000  TEMP(K) =   166.77  PRESS =     0.0
 Etot   =   -111943.6983  EKtot   =     10633.1348  EPtot      =   -122576.8331
 BOND   =       116.9789  ANGLE   =       323.8837  DIHED      =       974.7386
 1-4 NB =       274.3725  1-4 EEL =     -3906.0344  VDWAALS    =     19464.6411
 EELEC  =   -139825.4135  EHBOND  =         0.0000  RESTRAINT  =         0.0000
 ------------------------------------------------------------------------------


 NSTEP =     1050   TIME(PS) =      17.100  TEMP(K) =   166.47  PRESS =     0.0
 Etot   =   -111802.9538  EKtot   =     10613.8076  EPtot      =   -122416.7614
 BOND   =       136.5875  ANGLE   =       325.7072  DIHED      =       963.4575
 1-4 NB =       271.1556  1-4 EEL =     -3907.4356  VDWAALS    =     19439.1958
 EELEC  =   -139645.4296  EHBOND  =         0.0000  RESTRAINT  =         0.0000
 ------------------------------------------------------------------------------


 NSTEP =     1100   TIME(PS) =      17.200  TEMP(K) =   168.45  PRESS =     0.0
 Etot   =   -111667.5517  EKtot   =     10739.9697  EPtot      =   -122407.5214
 BOND   =       118.8623  ANGLE   =       345.5906  DIHED      =       975.5438
 1-4 NB =       270.4404  1-4 EEL =     -3930.1130  VDWAALS    =     19400.6031
 EELEC  =   -139588.4487  EHBOND  =         0.0000  RESTRAINT  =         0.0000
 ------------------------------------------------------------------------------


 NSTEP =     1150   TIME(PS) =      17.300  TEMP(K) =   167.84  PRESS =     0.0
 Etot   =   -111533.5542  EKtot   =     10701.1963  EPtot      =   -122234.7505
 BOND   =       131.5696  ANGLE   =       332.0540  DIHED      =       963.7137
 1-4 NB =       274.1422  1-4 EEL =     -3907.9627  VDWAALS    =     19354.5707
 EELEC  =   -139382.8379  EHBOND  =         0.0000  RESTRAINT  =         0.0000
 ------------------------------------------------------------------------------


 NSTEP =     1200   TIME(PS) =      17.400  TEMP(K) =   169.91  PRESS =     0.0
 Etot   =   -111403.3792  EKtot   =     10833.5664  EPtot      =   -122236.9456
 BOND   =       126.4138  ANGLE   =       334.5008  DIHED      =       959.6925
 1-4 NB =       276.7378  1-4 EEL =     -3910.9713  VDWAALS    =     19518.0463
 EELEC  =   -139541.3655  EHBOND  =         0.0000  RESTRAINT  =         0.0000
 ------------------------------------------------------------------------------


 NSTEP =     1250   TIME(PS) =      17.500  TEMP(K) =   170.40  PRESS =     0.0
 Etot   =   -111279.1944  EKtot   =     10864.4434  EPtot      =   -122143.6378
 BOND   =       133.2821  ANGLE   =       323.0068  DIHED      =       953.9929
 1-4 NB =       273.3334  1-4 EEL =     -3910.3833  VDWAALS    =     19430.2521
 EELEC  =   -139347.1217  EHBOND  =         0.0000  RESTRAINT  =         0.0000
 ------------------------------------------------------------------------------


 NSTEP =     1300   TIME(PS) =      17.600  TEMP(K) =   171.87  PRESS =     0.0
 Etot   =   -111157.2449  EKtot   =     10958.0791  EPtot      =   -122115.3240
 BOND   =       135.2997  ANGLE   =       338.9957  DIHED      =       979.2965
 1-4 NB =       274.5568  1-4 EEL =     -3938.7146  VDWAALS    =     19360.6118
 EELEC  =   -139265.3700  EHBOND  =         0.0000  RESTRAINT  =         0.0000
 ------------------------------------------------------------------------------


 NSTEP =     1350   TIME(PS) =      17.700  TEMP(K) =   171.50  PRESS =     0.0
 Etot   =   -111040.6933  EKtot   =     10934.8311  EPtot      =   -121975.5243
 BOND   =       127.6425  ANGLE   =       338.7333  DIHED      =       960.6757
 1-4 NB =       278.2778  1-4 EEL =     -3916.4781  VDWAALS    =     19394.6900
 EELEC  =   -139159.0655  EHBOND  =         0.0000  RESTRAINT  =         0.0000
 ------------------------------------------------------------------------------


 NSTEP =     1400   TIME(PS) =      17.800  TEMP(K) =   172.85  PRESS =     0.0
 Etot   =   -110925.4054  EKtot   =     11020.4590  EPtot      =   -121945.8644
 BOND   =       136.6267  ANGLE   =       334.1967  DIHED      =       977.4337
 1-4 NB =       274.0860  1-4 EEL =     -3922.7148  VDWAALS    =     19292.4232
 EELEC  =   -139037.9157  EHBOND  =         0.0000  RESTRAINT  =         0.0000
 ------------------------------------------------------------------------------


 NSTEP =     1450   TIME(PS) =      17.900  TEMP(K) =   172.73  PRESS =     0.0
 Etot   =   -110812.6321  EKtot   =     11013.0908  EPtot      =   -121825.7230
 BOND   =       125.4980  ANGLE   =       332.7738  DIHED      =       981.8271
 1-4 NB =       274.1434  1-4 EEL =     -3926.8006  VDWAALS    =     19293.1535
 EELEC  =   -138906.3182  EHBOND  =         0.0000  RESTRAINT  =         0.0000
 ------------------------------------------------------------------------------


 NSTEP =     1500   TIME(PS) =      18.000  TEMP(K) =   174.13  PRESS =     0.0
 Etot   =   -110703.6373  EKtot   =     11102.5098  EPtot      =   -121806.1471
 BOND   =       139.9170  ANGLE   =       338.2431  DIHED      =       962.9820
 1-4 NB =       278.9153  1-4 EEL =     -3946.0402  VDWAALS    =     19267.1773
 EELEC  =   -138847.3417  EHBOND  =         0.0000  RESTRAINT  =         0.0000
 ------------------------------------------------------------------------------


 NSTEP =     1550   TIME(PS) =      18.100  TEMP(K) =   175.34  PRESS =     0.0
 Etot   =   -110598.8963  EKtot   =     11179.4805  EPtot      =   -121778.3768
 BOND   =       132.2716  ANGLE   =       328.8874  DIHED      =       966.9507
 1-4 NB =       276.6192  1-4 EEL =     -3914.8071  VDWAALS    =     19260.2655
 EELEC  =   -138828.5641  EHBOND  =         0.0000  RESTRAINT  =         0.0000
 ------------------------------------------------------------------------------


 NSTEP =     1600   TIME(PS) =      18.200  TEMP(K) =   176.21  PRESS =     0.0
 Etot   =   -110495.6851  EKtot   =     11235.0771  EPtot      =   -121730.7623
 BOND   =       127.4569  ANGLE   =       322.1507  DIHED      =       972.2446
 1-4 NB =       267.4769  1-4 EEL =     -3901.7070  VDWAALS    =     19050.5343
 EELEC  =   -138568.9187  EHBOND  =         0.0000  RESTRAINT  =         0.0000
 ------------------------------------------------------------------------------


 NSTEP =     1650   TIME(PS) =      18.300  TEMP(K) =   176.64  PRESS =     0.0
 Etot   =   -110396.1817  EKtot   =     11262.0967  EPtot      =   -121658.2784
 BOND   =       130.4298  ANGLE   =       329.7622  DIHED      =       956.0438
 1-4 NB =       273.6636  1-4 EEL =     -3905.0910  VDWAALS    =     19184.8366
 EELEC  =   -138627.9234  EHBOND  =         0.0000  RESTRAINT  =         0.0000
 ------------------------------------------------------------------------------


 NSTEP =     1700   TIME(PS) =      18.400  TEMP(K) =   176.78  PRESS =     0.0
 Etot   =   -110296.9444  EKtot   =     11271.5186  EPtot      =   -121568.4629
 BOND   =       128.7296  ANGLE   =       340.9334  DIHED      =       969.4576
 1-4 NB =       270.1863  1-4 EEL =     -3934.1229  VDWAALS    =     18932.7112
 EELEC  =   -138276.3582  EHBOND  =         0.0000  RESTRAINT  =         0.0000
 ------------------------------------------------------------------------------


 NSTEP =     1750   TIME(PS) =      18.500  TEMP(K) =   177.55  PRESS =     0.0
 Etot   =   -110198.6970  EKtot   =     11320.1748  EPtot      =   -121518.8718
 BOND   =       139.8610  ANGLE   =       338.9803  DIHED      =       975.9794
 1-4 NB =       277.0985  1-4 EEL =     -3930.4657  VDWAALS    =     18975.0203
 EELEC  =   -138295.3456  EHBOND  =         0.0000  RESTRAINT  =         0.0000
 ------------------------------------------------------------------------------


 NSTEP =     1800   TIME(PS) =      18.600  TEMP(K) =   178.19  PRESS =     0.0
 Etot   =   -110108.4264  EKtot   =     11361.0557  EPtot      =   -121469.4820
 BOND   =       135.8033  ANGLE   =       337.6243  DIHED      =       981.9942
 1-4 NB =       277.2970  1-4 EEL =     -3912.4478  VDWAALS    =     19231.9222
 EELEC  =   -138521.6751  EHBOND  =         0.0000  RESTRAINT  =         0.0000
 ------------------------------------------------------------------------------


 NSTEP =     1850   TIME(PS) =      18.700  TEMP(K) =   180.19  PRESS =     0.0
 Etot   =   -110017.6251  EKtot   =     11488.6953  EPtot      =   -121506.3204
 BOND   =       138.7572  ANGLE   =       347.6956  DIHED      =       965.0783
 1-4 NB =       271.4734  1-4 EEL =     -3924.7104  VDWAALS    =     18993.1504
 EELEC  =   -138297.7650  EHBOND  =         0.0000  RESTRAINT  =         0.0000
 ------------------------------------------------------------------------------


 NSTEP =     1900   TIME(PS) =      18.800  TEMP(K) =   179.82  PRESS =     0.0
 Etot   =   -109930.2307  EKtot   =     11465.3027  EPtot      =   -121395.5335
 BOND   =       139.2236  ANGLE   =       346.8816  DIHED      =       962.4024
 1-4 NB =       279.0785  1-4 EEL =     -3936.7572  VDWAALS    =     18863.2502
 EELEC  =   -138049.6126  EHBOND  =         0.0000  RESTRAINT  =         0.0000
 ------------------------------------------------------------------------------


 NSTEP =     1950   TIME(PS) =      18.900  TEMP(K) =   181.15  PRESS =     0.0
 Etot   =   -109845.9856  EKtot   =     11550.1279  EPtot      =   -121396.1136
 BOND   =       150.3370  ANGLE   =       350.3511  DIHED      =       962.7183
 1-4 NB =       269.4020  1-4 EEL =     -3921.3235  VDWAALS    =     18990.2092
 EELEC  =   -138197.8076  EHBOND  =         0.0000  RESTRAINT  =         0.0000
 ------------------------------------------------------------------------------

check COM velocity, temp:        0.000007     0.00(Removed)

 NSTEP =     2000   TIME(PS) =      19.000  TEMP(K) =   182.16  PRESS =     0.0
 Etot   =   -109762.7715  EKtot   =     11614.2295  EPtot      =   -121377.0010
 BOND   =       137.9153  ANGLE   =       343.6703  DIHED      =       972.8261
 1-4 NB =       267.5285  1-4 EEL =     -3897.6117  VDWAALS    =     18824.7415
 EELEC  =   -138026.0709  EHBOND  =         0.0000  RESTRAINT  =         0.0000
 ------------------------------------------------------------------------------


 NSTEP =     2050   TIME(PS) =      19.100  TEMP(K) =   182.36  PRESS =     0.0
 Etot   =   -109685.0630  EKtot   =     11626.8252  EPtot      =   -121311.8882
 BOND   =       139.8970  ANGLE   =       334.7265  DIHED      =       977.1833
 1-4 NB =       275.6181  1-4 EEL =     -3918.0308  VDWAALS    =     18924.9061
 EELEC  =   -138046.1884  EHBOND  =         0.0000  RESTRAINT  =         0.0000
 ------------------------------------------------------------------------------


 NSTEP =     2100   TIME(PS) =      19.200  TEMP(K) =   181.80  PRESS =     0.0
 Etot   =   -109605.3529  EKtot   =     11591.5781  EPtot      =   -121196.9311
 BOND   =       152.9111  ANGLE   =       354.5991  DIHED      =       968.6373
 1-4 NB =       273.1146  1-4 EEL =     -3949.3088  VDWAALS    =     18796.7820
 EELEC  =   -137793.6664  EHBOND  =         0.0000  RESTRAINT  =         0.0000
 ------------------------------------------------------------------------------


 NSTEP =     2150   TIME(PS) =      19.300  TEMP(K) =   182.76  PRESS =     0.0
 Etot   =   -109530.9952  EKtot   =     11652.5928  EPtot      =   -121183.5880
 BOND   =       140.4997  ANGLE   =       352.4263  DIHED      =       965.1186
 1-4 NB =       272.0983  1-4 EEL =     -3913.0505  VDWAALS    =     18814.8089
 EELEC  =   -137815.4892  EHBOND  =         0.0000  RESTRAINT  =         0.0000
 ------------------------------------------------------------------------------


 NSTEP =     2200   TIME(PS) =      19.400  TEMP(K) =   183.28  PRESS =     0.0
 Etot   =   -109457.0942  EKtot   =     11685.5469  EPtot      =   -121142.6411
 BOND   =       136.2931  ANGLE   =       340.0279  DIHED      =       982.7694
 1-4 NB =       283.8982  1-4 EEL =     -3910.6678  VDWAALS    =     18911.5517
 EELEC  =   -137886.5136  EHBOND  =         0.0000  RESTRAINT  =         0.0000
 ------------------------------------------------------------------------------


 NSTEP =     2250   TIME(PS) =      19.500  TEMP(K) =   183.81  PRESS =     0.0
 Etot   =   -109385.8072  EKtot   =     11719.3516  EPtot      =   -121105.1587
 BOND   =       149.1521  ANGLE   =       360.8057  DIHED      =       971.3091
 1-4 NB =       270.8365  1-4 EEL =     -3948.2313  VDWAALS    =     18957.4192
 EELEC  =   -137866.4501  EHBOND  =         0.0000  RESTRAINT  =         0.0000
 ------------------------------------------------------------------------------


 NSTEP =     2300   TIME(PS) =      19.600  TEMP(K) =   185.54  PRESS =     0.0
 Etot   =   -109319.1775  EKtot   =     11830.0879  EPtot      =   -121149.2654
 BOND   =       150.2491  ANGLE   =       355.2118  DIHED      =       978.7320
 1-4 NB =       277.4112  1-4 EEL =     -3948.4963  VDWAALS    =     18814.5542
 EELEC  =   -137776.9274  EHBOND  =         0.0000  RESTRAINT  =         0.0000
 ------------------------------------------------------------------------------


 NSTEP =     2350   TIME(PS) =      19.700  TEMP(K) =   185.79  PRESS =     0.0
 Etot   =   -109256.2084  EKtot   =     11845.7441  EPtot      =   -121101.9525
 BOND   =       134.9657  ANGLE   =       357.8780  DIHED      =       965.4007
 1-4 NB =       274.6522  1-4 EEL =     -3920.2600  VDWAALS    =     18914.3313
 EELEC  =   -137828.9205  EHBOND  =         0.0000  RESTRAINT  =         0.0000
 ------------------------------------------------------------------------------


 NSTEP =     2400   TIME(PS) =      19.800  TEMP(K) =   183.92  PRESS =     0.0
 Etot   =   -109190.4812  EKtot   =     11726.6680  EPtot      =   -120917.1492
 BOND   =       143.4628  ANGLE   =       342.8344  DIHED      =       967.8842
 1-4 NB =       271.8914  1-4 EEL =     -3910.4655  VDWAALS    =     18745.4888
 EELEC  =   -137478.2453  EHBOND  =         0.0000  RESTRAINT  =         0.0000
 ------------------------------------------------------------------------------


 NSTEP =     2450   TIME(PS) =      19.900  TEMP(K) =   185.79  PRESS =     0.0
 Etot   =   -109124.9040  EKtot   =     11845.8867  EPtot      =   -120970.7907
 BOND   =       139.1971  ANGLE   =       356.1673  DIHED      =       972.5970
 1-4 NB =       270.2730  1-4 EEL =     -3925.0126  VDWAALS    =     18730.8157
 EELEC  =   -137514.8282  EHBOND  =         0.0000  RESTRAINT  =         0.0000
 ------------------------------------------------------------------------------


 NSTEP =     2500   TIME(PS) =      20.000  TEMP(K) =   185.27  PRESS =     0.0
 Etot   =   -109063.5879  EKtot   =     11812.5225  EPtot      =   -120876.1104
 BOND   =       132.9748  ANGLE   =       367.2447  DIHED      =       967.6188
 1-4 NB =       278.5682  1-4 EEL =     -3912.8701  VDWAALS    =     18802.9486
 EELEC  =   -137512.5954  EHBOND  =         0.0000  RESTRAINT  =         0.0000
 ------------------------------------------------------------------------------


      A V E R A G E S   O V E R      50 S T E P S


 NSTEP =     2500   TIME(PS) =      20.000  TEMP(K) =   168.42  PRESS =     0.0
 Etot   =   -111596.3275  EKtot   =     10738.2187  EPtot      =   -122334.5462
 BOND   =       127.0435  ANGLE   =       327.7411  DIHED      =       966.3844
 1-4 NB =       272.4882  1-4 EEL =     -3920.1184  VDWAALS    =     19399.5823
 EELEC  =   -139507.6672  EHBOND  =         0.0000  RESTRAINT  =         0.0000
 ------------------------------------------------------------------------------


      R M S  F L U C T U A T I O N S


 NSTEP =     2500   TIME(PS) =      20.000  TEMP(K) =    13.15  PRESS =     0.0
 Etot   =      1896.1794  EKtot   =       838.2525  EPtot      =      1059.5796
 BOND   =        14.2014  ANGLE   =        20.9061  DIHED      =         8.4210
 1-4 NB =         4.0577  1-4 EEL =        13.6313  VDWAALS    =       462.9559
 EELEC  =      1480.1781  EHBOND  =         0.0000  RESTRAINT  =         0.0000
 ------------------------------------------------------------------------------

--------------------------------------------------------------------------------
   5.  TIMINGS
--------------------------------------------------------------------------------

|  NonSetup CPU Time in Major Routines:
|
|     Routine           Sec        %
|     ------------------------------
|     Nonbond           2.75   15.18
|     Bond              0.00    0.00
|     Angle             0.00    0.00
|     Dihedral          0.00    0.00
|     Shake             0.02    0.10
|     RunMD            15.33   84.69
|     Other             0.01    0.04
|     ------------------------------
|     Total            18.10

|  PME Nonbond Pairlist CPU Time:
|
|     Routine              Sec        %
|     ---------------------------------
|     Set Up Cit           0.00    0.00
|     Build List           0.00    0.00
|     ---------------------------------
|     Total                0.00    0.00

|  PME Direct Force CPU Time:
|
|     Routine              Sec        %
|     ---------------------------------
|     NonBonded Calc       0.00    0.00
|     Exclude Masked       0.00    0.00
|     Other                0.00    0.02
|     ---------------------------------
|     Total                0.00    0.02

|  PME Reciprocal Force CPU Time:
|
|     Routine              Sec        %
|     ---------------------------------
|     1D bspline           0.00    0.00
|     Grid Charges         0.00    0.00
|     Scalar Sum           0.00    0.00
|     Gradient Sum         0.00    0.00
|     FFT                  0.00    0.00
|     ---------------------------------
|     Total                0.00    0.00

|  Final Performance Info:
|     -----------------------------------------------------
|     Average timings for last    2450 steps:
|     Elapsed(s) =      18.55 Per Step(ms) =       7.57
|         ns/day =      22.82   seconds/ns =    3786.37
|
|     Average timings for all steps:
|     Elapsed(s) =      19.32 Per Step(ms) =       7.73
|         ns/day =      22.36   seconds/ns =    3863.29
|     -----------------------------------------------------

|  Setup CPU time:            1.39 seconds
|  NonSetup CPU time:        18.10 seconds
|  Total CPU time:           19.49 seconds     0.01 hours

|  Setup wall time:           2    seconds
|  NonSetup wall time:       19    seconds
|  Total wall time:          21    seconds     0.01 hours
