#Res        AtomicFlx
   1.000       3.5113
   2.000       2.5319
   3.000       2.1135
   4.000       1.8037
   5.000       1.8516
   6.000       2.0525
   7.000       2.0035
   8.000       1.9037
   9.000       1.7436
  10.000       1.5680
  11.000       1.5285
  12.000       1.3753
  13.000       1.2342
  14.000       1.4636
  15.000       1.5266
  16.000       1.8442
  17.000       2.3807
  18.000       2.9314
  19.000       2.3916
  20.000       1.9364
  21.000       1.7142
  22.000       1.5284
  23.000       1.4311
  24.000       1.4524
  25.000       1.5427
  26.000       1.6765
  27.000       1.5911
  28.000       1.4970
  29.000       1.5557
  30.000       1.5578
  31.000       1.6253
  32.000       1.8297
  33.000       2.1679
  34.000       2.7648
  35.000      14.5798
  36.000      27.3212
  37.000      23.6738
  38.000      22.9154
  39.000      22.4366
  40.000      13.9587
  41.000      25.8028
  42.000      20.1871
  43.000      26.4307
  44.000       1.1652
  45.000      23.6060
  46.000      22.6661
  47.000      27.3924
  48.000      18.3655
  49.000      24.5728
  50.000      31.7644
  51.000      25.2424
  52.000      32.9582
  53.000      27.6730
  54.000      20.5728
  55.000      28.5965
  56.000      26.2487
  57.000      27.4300
  58.000      30.7678
  59.000      24.0077
  60.000      30.5949
  61.000      21.7266
  62.000      30.6209
  63.000      26.1288
  64.000      17.3651
  65.000      28.0874
  66.000      28.8255
