
          -------------------------------------------------------
          Amber 16 PMEMD                              2016
          -------------------------------------------------------

| PMEMD implementation of SANDER, Release 16

| Run on 06/04/2024 at 22:39:32

|   Executable path: pmemd.cuda
| Working directory: /home/students/keyq/fuben4/7/7LG
|          Hostname: master

  [-O]verwriting output

File Assignments:
|   MDIN: heat5.in                                                              
|  MDOUT: cmp_heat5.out                                                         
| INPCRD: cmp_heat4.rst                                                         
|   PARM: cmp.prmtop                                                            
| RESTRT: cmp_heat5.rst                                                         
|   REFC: cmp.inpcrd                                                            
|  MDVEL: mdvel                                                                 
|   MDEN: mden                                                                  
|  MDCRD: cmp_heat5.mdcrd                                                       
| MDINFO: mdinfo                                                                
|  MDFRC: mdfrc                                                                 


 Here is the input file:

Stage 2 equilibration 1 0-5ns                                                  
 &cntrl                                                                        
  imin=0, irest=1, ntx=5,                                                      
  nstlim=4000, dt=0.002,                                                       
  ntc=2, ntf=2,                                                                
  ntt=1, tautp=1.5,                                                            
  tempi=200.0, temp0=255.0,                                                    
  ntpr=50, ntwx=50,                                                            
  ntb=1,                                                                       
  cut=10,                                                                      
 /                                                                             


Note: ig = -1. Setting random seed to   372715 based on wallclock time in 
      microseconds.
 
|--------------------- INFORMATION ----------------------
| GPU (CUDA) Version of PMEMD in use: NVIDIA GPU IN USE.
|                    Version 16.0.0
| 
|                      02/25/2016
| 
| Implementation by:
|                    Ross C. Walker     (SDSC)
|                    Scott Le Grand     (nVIDIA)
| 
| Precision model in use:
|      [SPFP] - Single Precision Forces, 64-bit Fixed Point
|               Accumulation. (Default)
| 
|--------------------------------------------------------
 
|----------------- CITATION INFORMATION -----------------
|
|    When publishing work that utilized the CUDA version
|    of AMBER, please cite the following in addition to
|    the regular AMBER citations:
|
|  - Romelia Salomon-Ferrer; Andreas W. Goetz; Duncan
|    Poole; Scott Le Grand; Ross C. Walker "Routine
|    microsecond molecular dynamics simulations with
|    AMBER - Part II: Particle Mesh Ewald", J. Chem.
|    Theory Comput., 2013, 9 (9), pp3878-3888,
|    DOI: 10.1021/ct400314y.
|
|  - Andreas W. Goetz; Mark J. Williamson; Dong Xu;
|    Duncan Poole; Scott Le Grand; Ross C. Walker
|    "Routine microsecond molecular dynamics simulations
|    with AMBER - Part I: Generalized Born", J. Chem.
|    Theory Comput., 2012, 8 (5), pp1542-1555.
|
|  - Scott Le Grand; Andreas W. Goetz; Ross C. Walker
|    "SPFP: Speed without compromise - a mixed precision
|    model for GPU accelerated molecular dynamics
|    simulations.", Comp. Phys. Comm., 2013, 184
|    pp374-380, DOI: 10.1016/j.cpc.2012.09.022
|
|--------------------------------------------------------
 
|------------------- GPU DEVICE INFO --------------------
|
|            CUDA_VISIBLE_DEVICES: 0
|   CUDA Capable Devices Detected:      1
|           CUDA Device ID in use:      0
|                CUDA Device Name: Tesla V100-PCIE-32GB
|     CUDA Device Global Mem Size:  32510 MB
| CUDA Device Num Multiprocessors:     80
|           CUDA Device Core Freq:   1.38 GHz
|
|--------------------------------------------------------
 
 
| Conditional Compilation Defines Used:
| PUBFFT
| BINTRAJ
| CUDA
| EMIL

| Largest sphere to fit in unit cell has radius =    32.989

| New format PARM file being parsed.
| Version =    1.000 Date = 12/10/20 Time = 21:44:11

| Note: 1-4 EEL scale factors are being read from the topology file.

| Note: 1-4 VDW scale factors are being read from the topology file.
| Duplicated    0 dihedrals

| Duplicated    0 dihedrals

--------------------------------------------------------------------------------
   1.  RESOURCE   USE: 
--------------------------------------------------------------------------------

 getting box info from netcdf restart file
 NATOM  =   36105 NTYPES =      18 NBONH =   35382 MBONA  =     774
 NTHETH =     898 MTHETA =    1191 NPHIH =    1825 MPHIA  =    2463
 NHPARM =       0 NPARM  =       0 NNB   =   52662 NRES   =   11733
 NBONA  =     774 NTHETA =    1191 NPHIA =    2463 NUMBND =      61
 NUMANG =     127 NPTRA  =      75 NATYP =      34 NPHB   =       1
 IFBOX  =       2 NMXRS  =      33 IFCAP =       0 NEXTRA =       0
 NCOPY  =       0

| Coordinate Index Table dimensions:    13   13   13
| Direct force subcell size =     6.2159    6.2159    6.2159

     BOX TYPE: TRUNCATED OCTAHEDRON

--------------------------------------------------------------------------------
   2.  CONTROL  DATA  FOR  THE  RUN
--------------------------------------------------------------------------------

default_name                                                                    

General flags:
     imin    =       0, nmropt  =       0

Nature and format of input:
     ntx     =       5, irest   =       1, ntrx    =       1

Nature and format of output:
     ntxo    =       2, ntpr    =      50, ntrx    =       1, ntwr    =    4000
     iwrap   =       0, ntwx    =      50, ntwv    =       0, ntwe    =       0
     ioutfm  =       1, ntwprt  =       0, idecomp =       0, rbornstat=      0

Potential function:
     ntf     =       2, ntb     =       1, igb     =       0, nsnb    =      25
     ipol    =       0, gbsa    =       0, iesp    =       0
     dielc   =   1.00000, cut     =  10.00000, intdiel =   1.00000

Frozen or restrained atoms:
     ibelly  =       0, ntr     =       0

Molecular dynamics:
     nstlim  =      4000, nscm    =      1000, nrespa  =         1
     t       =   0.00000, dt      =   0.00200, vlimit  =  -1.00000

Berendsen (weak-coupling) temperature regulation:
     temp0   = 255.00000, tempi   = 200.00000, tautp   =   1.50000

SHAKE:
     ntc     =       2, jfastw  =       0
     tol     =   0.00001

| Intermolecular bonds treatment:
|     no_intermolecular_bonds =       1

| Energy averages sample interval:
|     ene_avg_sampling =      50

Ewald parameters:
     verbose =       0, ew_type =       0, nbflag  =       1, use_pme =       1
     vdwmeth =       1, eedmeth =       1, netfrc  =       1
     Box X =   80.807   Box Y =   80.807   Box Z =   80.807
     Alpha =  109.471   Beta  =  109.471   Gamma =  109.471
     NFFT1 =   84       NFFT2 =   84       NFFT3 =   84
     Cutoff=   10.000   Tol   =0.100E-04
     Ewald Coefficient =  0.27511
     Interpolation order =    4

--------------------------------------------------------------------------------
   3.  ATOMIC COORDINATES AND VELOCITIES
--------------------------------------------------------------------------------

default_name                                                                    
 begin time read from input coords =    20.000 ps

 
 Number of triangulated 3-point waters found:    11667

     Sum of charges from parm topology file =   0.00000020
     Forcing neutrality...

| Dynamic Memory, Types Used:
| Reals             1047961
| Integers           868648

| Nonbonded Pairs Initial Allocation:    10920859

| GPU memory information (estimate):
| KB of GPU memory in use:    171227
| KB of CPU memory in use:     60095

--------------------------------------------------------------------------------
   4.  RESULTS
--------------------------------------------------------------------------------

 ---------------------------------------------------
 APPROXIMATING switch and d/dx switch using CUBIC SPLINE INTERPOLATION
 using   5000.0 points per unit in tabled values
 TESTING RELATIVE ERROR over r ranging from 0.0 to cutoff
| CHECK switch(x): max rel err =   0.2738E-14   at   2.422500
| CHECK d/dx switch(x): max rel err =   0.8314E-11   at   2.736960
 ---------------------------------------------------
|---------------------------------------------------
| APPROXIMATING direct energy using CUBIC SPLINE INTERPOLATION
|  with   50.0 points per unit in tabled values
| Relative Error Limit not exceeded for r .gt.   2.33
| APPROXIMATING direct force using CUBIC SPLINE INTERPOLATION
|  with   50.0 points per unit in tabled values
| Relative Error Limit not exceeded for r .gt.   2.80
|---------------------------------------------------

 NSTEP =       50   TIME(PS) =      20.100  TEMP(K) =   188.27  PRESS =     0.0
 Etot   =   -123597.0308  EKtot   =     13642.7061  EPtot      =   -137239.7368
 BOND   =       145.0479  ANGLE   =       356.2689  DIHED      =       980.3929
 1-4 NB =       275.1165  1-4 EEL =     -4803.1418  VDWAALS    =     21685.6470
 EELEC  =   -155879.0682  EHBOND  =         0.0000  RESTRAINT  =         0.0000
 ------------------------------------------------------------------------------


 NSTEP =      100   TIME(PS) =      20.200  TEMP(K) =   188.65  PRESS =     0.0
 Etot   =   -123275.0136  EKtot   =     13670.1729  EPtot      =   -136945.1865
 BOND   =       156.3372  ANGLE   =       360.8415  DIHED      =       977.6762
 1-4 NB =       267.9857  1-4 EEL =     -4819.3206  VDWAALS    =     21578.7073
 EELEC  =   -155467.4137  EHBOND  =         0.0000  RESTRAINT  =         0.0000
 ------------------------------------------------------------------------------


 NSTEP =      150   TIME(PS) =      20.300  TEMP(K) =   191.34  PRESS =     0.0
 Etot   =   -122964.6909  EKtot   =     13864.9863  EPtot      =   -136829.6772
 BOND   =       156.6967  ANGLE   =       359.6947  DIHED      =       984.9724
 1-4 NB =       275.6597  1-4 EEL =     -4811.8493  VDWAALS    =     21468.2750
 EELEC  =   -155263.1264  EHBOND  =         0.0000  RESTRAINT  =         0.0000
 ------------------------------------------------------------------------------


 NSTEP =      200   TIME(PS) =      20.400  TEMP(K) =   193.86  PRESS =     0.0
 Etot   =   -122663.8464  EKtot   =     14047.5430  EPtot      =   -136711.3894
 BOND   =       149.9285  ANGLE   =       354.7103  DIHED      =       983.5739
 1-4 NB =       277.9473  1-4 EEL =     -4808.5746  VDWAALS    =     21583.8414
 EELEC  =   -155252.8161  EHBOND  =         0.0000  RESTRAINT  =         0.0000
 ------------------------------------------------------------------------------


 NSTEP =      250   TIME(PS) =      20.500  TEMP(K) =   194.48  PRESS =     0.0
 Etot   =   -122369.2095  EKtot   =     14092.8867  EPtot      =   -136462.0962
 BOND   =       161.9242  ANGLE   =       366.8017  DIHED      =       981.5443
 1-4 NB =       270.3400  1-4 EEL =     -4834.6630  VDWAALS    =     21549.3077
 EELEC  =   -154957.3512  EHBOND  =         0.0000  RESTRAINT  =         0.0000
 ------------------------------------------------------------------------------


 NSTEP =      300   TIME(PS) =      20.600  TEMP(K) =   195.92  PRESS =     0.0
 Etot   =   -122080.1087  EKtot   =     14197.2178  EPtot      =   -136277.3264
 BOND   =       150.9737  ANGLE   =       363.3377  DIHED      =       982.9965
 1-4 NB =       265.6447  1-4 EEL =     -4805.3521  VDWAALS    =     21492.5550
 EELEC  =   -154727.4819  EHBOND  =         0.0000  RESTRAINT  =         0.0000
 ------------------------------------------------------------------------------


 NSTEP =      350   TIME(PS) =      20.700  TEMP(K) =   199.22  PRESS =     0.0
 Etot   =   -121801.3161  EKtot   =     14435.7295  EPtot      =   -136237.0456
 BOND   =       155.7150  ANGLE   =       356.1303  DIHED      =       991.4036
 1-4 NB =       269.9210  1-4 EEL =     -4820.1369  VDWAALS    =     21473.1044
 EELEC  =   -154663.1830  EHBOND  =         0.0000  RESTRAINT  =         0.0000
 ------------------------------------------------------------------------------


 NSTEP =      400   TIME(PS) =      20.800  TEMP(K) =   199.45  PRESS =     0.0
 Etot   =   -121530.4853  EKtot   =     14452.3936  EPtot      =   -135982.8788
 BOND   =       162.5730  ANGLE   =       360.5954  DIHED      =       972.3685
 1-4 NB =       272.9849  1-4 EEL =     -4779.3399  VDWAALS    =     21176.1569
 EELEC  =   -154148.2177  EHBOND  =         0.0000  RESTRAINT  =         0.0000
 ------------------------------------------------------------------------------


 NSTEP =      450   TIME(PS) =      20.900  TEMP(K) =   201.24  PRESS =     0.0
 Etot   =   -121269.5759  EKtot   =     14582.3711  EPtot      =   -135851.9470
 BOND   =       161.2975  ANGLE   =       375.9940  DIHED      =       979.8202
 1-4 NB =       271.0008  1-4 EEL =     -4811.3397  VDWAALS    =     21342.0599
 EELEC  =   -154170.7798  EHBOND  =         0.0000  RESTRAINT  =         0.0000
 ------------------------------------------------------------------------------


 NSTEP =      500   TIME(PS) =      21.000  TEMP(K) =   202.10  PRESS =     0.0
 Etot   =   -121012.0379  EKtot   =     14644.4580  EPtot      =   -135656.4959
 BOND   =       160.8879  ANGLE   =       403.1317  DIHED      =       978.7862
 1-4 NB =       267.1898  1-4 EEL =     -4824.9138  VDWAALS    =     21147.3722
 EELEC  =   -153788.9500  EHBOND  =         0.0000  RESTRAINT  =         0.0000
 ------------------------------------------------------------------------------


 NSTEP =      550   TIME(PS) =      21.100  TEMP(K) =   203.60  PRESS =     0.0
 Etot   =   -120761.2020  EKtot   =     14753.6699  EPtot      =   -135514.8720
 BOND   =       161.7817  ANGLE   =       385.4405  DIHED      =       981.7205
 1-4 NB =       273.0156  1-4 EEL =     -4794.4665  VDWAALS    =     21221.7713
 EELEC  =   -153744.1350  EHBOND  =         0.0000  RESTRAINT  =         0.0000
 ------------------------------------------------------------------------------


 NSTEP =      600   TIME(PS) =      21.200  TEMP(K) =   204.79  PRESS =     0.0
 Etot   =   -120517.7000  EKtot   =     14839.5908  EPtot      =   -135357.2909
 BOND   =       173.5713  ANGLE   =       374.6858  DIHED      =       992.7529
 1-4 NB =       270.1466  1-4 EEL =     -4834.5371  VDWAALS    =     21076.4889
 EELEC  =   -153410.3993  EHBOND  =         0.0000  RESTRAINT  =         0.0000
 ------------------------------------------------------------------------------


 NSTEP =      650   TIME(PS) =      21.300  TEMP(K) =   206.12  PRESS =     0.0
 Etot   =   -120278.2175  EKtot   =     14935.9443  EPtot      =   -135214.1618
 BOND   =       163.6510  ANGLE   =       367.0385  DIHED      =       994.5190
 1-4 NB =       277.2544  1-4 EEL =     -4791.5784  VDWAALS    =     21267.2774
 EELEC  =   -153492.3236  EHBOND  =         0.0000  RESTRAINT  =         0.0000
 ------------------------------------------------------------------------------


 NSTEP =      700   TIME(PS) =      21.400  TEMP(K) =   207.47  PRESS =     0.0
 Etot   =   -120045.8253  EKtot   =     15033.6016  EPtot      =   -135079.4268
 BOND   =       161.6036  ANGLE   =       363.1966  DIHED      =       996.2134
 1-4 NB =       266.6933  1-4 EEL =     -4784.3658  VDWAALS    =     21052.5423
 EELEC  =   -153135.3102  EHBOND  =         0.0000  RESTRAINT  =         0.0000
 ------------------------------------------------------------------------------


 NSTEP =      750   TIME(PS) =      21.500  TEMP(K) =   208.35  PRESS =     0.0
 Etot   =   -119821.7922  EKtot   =     15097.3291  EPtot      =   -134919.1213
 BOND   =       166.0372  ANGLE   =       367.6809  DIHED      =       982.6010
 1-4 NB =       275.3554  1-4 EEL =     -4795.6128  VDWAALS    =     21110.8235
 EELEC  =   -153026.0064  EHBOND  =         0.0000  RESTRAINT  =         0.0000
 ------------------------------------------------------------------------------


 NSTEP =      800   TIME(PS) =      21.600  TEMP(K) =   210.42  PRESS =     0.0
 Etot   =   -119602.7554  EKtot   =     15247.7471  EPtot      =   -134850.5025
 BOND   =       166.0028  ANGLE   =       376.5815  DIHED      =       993.6618
 1-4 NB =       279.2847  1-4 EEL =     -4820.6129  VDWAALS    =     20995.7166
 EELEC  =   -152841.1370  EHBOND  =         0.0000  RESTRAINT  =         0.0000
 ------------------------------------------------------------------------------


 NSTEP =      850   TIME(PS) =      21.700  TEMP(K) =   209.22  PRESS =     0.0
 Etot   =   -119381.7008  EKtot   =     15160.7695  EPtot      =   -134542.4704
 BOND   =       175.7509  ANGLE   =       369.2025  DIHED      =      1004.0513
 1-4 NB =       268.3205  1-4 EEL =     -4814.8766  VDWAALS    =     20890.1608
 EELEC  =   -152435.0797  EHBOND  =         0.0000  RESTRAINT  =         0.0000
 ------------------------------------------------------------------------------


 NSTEP =      900   TIME(PS) =      21.800  TEMP(K) =   211.92  PRESS =     0.0
 Etot   =   -119171.3051  EKtot   =     15356.1338  EPtot      =   -134527.4389
 BOND   =       165.1074  ANGLE   =       386.4318  DIHED      =       991.6215
 1-4 NB =       271.4345  1-4 EEL =     -4813.9176  VDWAALS    =     20727.3377
 EELEC  =   -152255.4541  EHBOND  =         0.0000  RESTRAINT  =         0.0000
 ------------------------------------------------------------------------------


 NSTEP =      950   TIME(PS) =      21.900  TEMP(K) =   211.61  PRESS =     0.0
 Etot   =   -118961.5144  EKtot   =     15334.2178  EPtot      =   -134295.7322
 BOND   =       170.8551  ANGLE   =       395.7762  DIHED      =       989.2622
 1-4 NB =       272.6888  1-4 EEL =     -4813.3790  VDWAALS    =     20572.6470
 EELEC  =   -151883.5825  EHBOND  =         0.0000  RESTRAINT  =         0.0000
 ------------------------------------------------------------------------------

check COM velocity, temp:        0.000003     0.00(Removed)

 NSTEP =     1000   TIME(PS) =      22.000  TEMP(K) =   214.57  PRESS =     0.0
 Etot   =   -118760.5825  EKtot   =     15548.2412  EPtot      =   -134308.8237
 BOND   =       161.1390  ANGLE   =       384.7319  DIHED      =       987.7155
 1-4 NB =       268.0564  1-4 EEL =     -4826.7902  VDWAALS    =     20759.8250
 EELEC  =   -152043.5013  EHBOND  =         0.0000  RESTRAINT  =         0.0000
 ------------------------------------------------------------------------------


 NSTEP =     1050   TIME(PS) =      22.100  TEMP(K) =   215.32  PRESS =     0.0
 Etot   =   -118567.0162  EKtot   =     15602.4697  EPtot      =   -134169.4860
 BOND   =       172.5856  ANGLE   =       407.4938  DIHED      =       996.6583
 1-4 NB =       281.9140  1-4 EEL =     -4826.9693  VDWAALS    =     20828.3163
 EELEC  =   -152029.4847  EHBOND  =         0.0000  RESTRAINT  =         0.0000
 ------------------------------------------------------------------------------


 NSTEP =     1100   TIME(PS) =      22.200  TEMP(K) =   214.32  PRESS =     0.0
 Etot   =   -118372.3732  EKtot   =     15530.3633  EPtot      =   -133902.7365
 BOND   =       176.3879  ANGLE   =       422.4520  DIHED      =      1000.1683
 1-4 NB =       267.0424  1-4 EEL =     -4801.3970  VDWAALS    =     20438.8523
 EELEC  =   -151406.2424  EHBOND  =         0.0000  RESTRAINT  =         0.0000
 ------------------------------------------------------------------------------


 NSTEP =     1150   TIME(PS) =      22.300  TEMP(K) =   217.14  PRESS =     0.0
 Etot   =   -118188.2109  EKtot   =     15734.4629  EPtot      =   -133922.6738
 BOND   =       166.5465  ANGLE   =       402.2843  DIHED      =       997.7874
 1-4 NB =       272.6220  1-4 EEL =     -4804.6621  VDWAALS    =     20356.7277
 EELEC  =   -151313.9795  EHBOND  =         0.0000  RESTRAINT  =         0.0000
 ------------------------------------------------------------------------------


 NSTEP =     1200   TIME(PS) =      22.400  TEMP(K) =   216.63  PRESS =     0.0
 Etot   =   -118004.2338  EKtot   =     15697.5723  EPtot      =   -133701.8060
 BOND   =       173.8600  ANGLE   =       408.9424  DIHED      =       998.7320
 1-4 NB =       276.4092  1-4 EEL =     -4793.1622  VDWAALS    =     20456.5426
 EELEC  =   -151223.1301  EHBOND  =         0.0000  RESTRAINT  =         0.0000
 ------------------------------------------------------------------------------


 NSTEP =     1250   TIME(PS) =      22.500  TEMP(K) =   218.77  PRESS =     0.0
 Etot   =   -117824.0974  EKtot   =     15852.4639  EPtot      =   -133676.5613
 BOND   =       175.6924  ANGLE   =       382.6770  DIHED      =      1012.1566
 1-4 NB =       278.1748  1-4 EEL =     -4822.7601  VDWAALS    =     20343.5035
 EELEC  =   -151046.0055  EHBOND  =         0.0000  RESTRAINT  =         0.0000
 ------------------------------------------------------------------------------


 NSTEP =     1300   TIME(PS) =      22.600  TEMP(K) =   218.37  PRESS =     0.0
 Etot   =   -117645.6220  EKtot   =     15823.9141  EPtot      =   -133469.5360
 BOND   =       177.6098  ANGLE   =       421.6827  DIHED      =      1013.0079
 1-4 NB =       273.0611  1-4 EEL =     -4832.1251  VDWAALS    =     20481.9841
 EELEC  =   -151004.7566  EHBOND  =         0.0000  RESTRAINT  =         0.0000
 ------------------------------------------------------------------------------


 NSTEP =     1350   TIME(PS) =      22.700  TEMP(K) =   218.49  PRESS =     0.0
 Etot   =   -117472.6443  EKtot   =     15832.1270  EPtot      =   -133304.7713
 BOND   =       183.9763  ANGLE   =       420.2617  DIHED      =       986.6799
 1-4 NB =       274.3168  1-4 EEL =     -4792.7768  VDWAALS    =     20276.4472
 EELEC  =   -150653.6765  EHBOND  =         0.0000  RESTRAINT  =         0.0000
 ------------------------------------------------------------------------------


 NSTEP =     1400   TIME(PS) =      22.800  TEMP(K) =   221.22  PRESS =     0.0
 Etot   =   -117301.3880  EKtot   =     16030.4229  EPtot      =   -133331.8109
 BOND   =       173.7394  ANGLE   =       412.5470  DIHED      =      1000.9026
 1-4 NB =       275.4481  1-4 EEL =     -4834.6871  VDWAALS    =     20061.1009
 EELEC  =   -150420.8617  EHBOND  =         0.0000  RESTRAINT  =         0.0000
 ------------------------------------------------------------------------------


 NSTEP =     1450   TIME(PS) =      22.900  TEMP(K) =   219.41  PRESS =     0.0
 Etot   =   -117133.6698  EKtot   =     15898.9346  EPtot      =   -133032.6044
 BOND   =       178.4866  ANGLE   =       399.7733  DIHED      =      1010.8991
 1-4 NB =       273.2982  1-4 EEL =     -4788.7045  VDWAALS    =     20145.1925
 EELEC  =   -150251.5497  EHBOND  =         0.0000  RESTRAINT  =         0.0000
 ------------------------------------------------------------------------------


 NSTEP =     1500   TIME(PS) =      23.000  TEMP(K) =   222.84  PRESS =     0.0
 Etot   =   -116972.6990  EKtot   =     16147.8301  EPtot      =   -133120.5291
 BOND   =       195.8578  ANGLE   =       412.4164  DIHED      =       999.3926
 1-4 NB =       269.3782  1-4 EEL =     -4820.2899  VDWAALS    =     19990.9471
 EELEC  =   -150168.2313  EHBOND  =         0.0000  RESTRAINT  =         0.0000
 ------------------------------------------------------------------------------


 NSTEP =     1550   TIME(PS) =      23.100  TEMP(K) =   221.44  PRESS =     0.0
 Etot   =   -116814.5632  EKtot   =     16046.2900  EPtot      =   -132860.8533
 BOND   =       185.9312  ANGLE   =       425.4117  DIHED      =      1008.4016
 1-4 NB =       276.1815  1-4 EEL =     -4824.9398  VDWAALS    =     19896.4411
 EELEC  =   -149828.2805  EHBOND  =         0.0000  RESTRAINT  =         0.0000
 ------------------------------------------------------------------------------


 NSTEP =     1600   TIME(PS) =      23.200  TEMP(K) =   222.32  PRESS =     0.0
 Etot   =   -116653.9943  EKtot   =     16109.7207  EPtot      =   -132763.7150
 BOND   =       184.8099  ANGLE   =       414.9097  DIHED      =      1006.1824
 1-4 NB =       265.4765  1-4 EEL =     -4820.7288  VDWAALS    =     19844.8978
 EELEC  =   -149659.2626  EHBOND  =         0.0000  RESTRAINT  =         0.0000
 ------------------------------------------------------------------------------


 NSTEP =     1650   TIME(PS) =      23.300  TEMP(K) =   223.97  PRESS =     0.0
 Etot   =   -116503.0268  EKtot   =     16229.5645  EPtot      =   -132732.5913
 BOND   =       182.1668  ANGLE   =       413.7759  DIHED      =      1014.6847
 1-4 NB =       276.2615  1-4 EEL =     -4812.2368  VDWAALS    =     19997.5213
 EELEC  =   -149804.7646  EHBOND  =         0.0000  RESTRAINT  =         0.0000
 ------------------------------------------------------------------------------


 NSTEP =     1700   TIME(PS) =      23.400  TEMP(K) =   225.09  PRESS =     0.0
 Etot   =   -116358.6656  EKtot   =     16310.6738  EPtot      =   -132669.3394
 BOND   =       185.7680  ANGLE   =       411.8635  DIHED      =      1021.4878
 1-4 NB =       275.6901  1-4 EEL =     -4826.6662  VDWAALS    =     19968.0021
 EELEC  =   -149705.4847  EHBOND  =         0.0000  RESTRAINT  =         0.0000
 ------------------------------------------------------------------------------


 NSTEP =     1750   TIME(PS) =      23.500  TEMP(K) =   225.70  PRESS =     0.0
 Etot   =   -116210.4401  EKtot   =     16355.1230  EPtot      =   -132565.5632
 BOND   =       193.8813  ANGLE   =       414.9380  DIHED      =      1002.1526
 1-4 NB =       268.1287  1-4 EEL =     -4802.6169  VDWAALS    =     19790.0088
 EELEC  =   -149432.0556  EHBOND  =         0.0000  RESTRAINT  =         0.0000
 ------------------------------------------------------------------------------


 NSTEP =     1800   TIME(PS) =      23.600  TEMP(K) =   225.53  PRESS =     0.0
 Etot   =   -116068.1188  EKtot   =     16342.8799  EPtot      =   -132410.9987
 BOND   =       190.3692  ANGLE   =       407.1969  DIHED      =      1009.3271
 1-4 NB =       276.6458  1-4 EEL =     -4820.3173  VDWAALS    =     19788.2544
 EELEC  =   -149262.4749  EHBOND  =         0.0000  RESTRAINT  =         0.0000
 ------------------------------------------------------------------------------


 NSTEP =     1850   TIME(PS) =      23.700  TEMP(K) =   224.48  PRESS =     0.0
 Etot   =   -115925.6992  EKtot   =     16266.7607  EPtot      =   -132192.4599
 BOND   =       210.6455  ANGLE   =       425.3244  DIHED      =      1012.5085
 1-4 NB =       279.8132  1-4 EEL =     -4817.6455  VDWAALS    =     19688.8809
 EELEC  =   -148991.9870  EHBOND  =         0.0000  RESTRAINT  =         0.0000
 ------------------------------------------------------------------------------


 NSTEP =     1900   TIME(PS) =      23.800  TEMP(K) =   227.00  PRESS =     0.0
 Etot   =   -115786.7084  EKtot   =     16449.0312  EPtot      =   -132235.7396
 BOND   =       199.6571  ANGLE   =       423.2781  DIHED      =      1010.2513
 1-4 NB =       274.5495  1-4 EEL =     -4824.7590  VDWAALS    =     19659.3613
 EELEC  =   -148978.0779  EHBOND  =         0.0000  RESTRAINT  =         0.0000
 ------------------------------------------------------------------------------


 NSTEP =     1950   TIME(PS) =      23.900  TEMP(K) =   227.66  PRESS =     0.0
 Etot   =   -115655.0933  EKtot   =     16496.7559  EPtot      =   -132151.8492
 BOND   =       191.9246  ANGLE   =       412.9797  DIHED      =      1014.3834
 1-4 NB =       279.3055  1-4 EEL =     -4808.4261  VDWAALS    =     19670.2092
 EELEC  =   -148912.2255  EHBOND  =         0.0000  RESTRAINT  =         0.0000
 ------------------------------------------------------------------------------

check COM velocity, temp:        0.000005     0.00(Removed)

 NSTEP =     2000   TIME(PS) =      24.000  TEMP(K) =   229.57  PRESS =     0.0
 Etot   =   -115525.4386  EKtot   =     16635.3691  EPtot      =   -132160.8077
 BOND   =       192.3944  ANGLE   =       412.8563  DIHED      =      1001.3502
 1-4 NB =       270.3182  1-4 EEL =     -4792.1157  VDWAALS    =     19820.7567
 EELEC  =   -149066.3678  EHBOND  =         0.0000  RESTRAINT  =         0.0000
 ------------------------------------------------------------------------------


 NSTEP =     2050   TIME(PS) =      24.100  TEMP(K) =   227.86  PRESS =     0.0
 Etot   =   -115397.7467  EKtot   =     16511.1074  EPtot      =   -131908.8542
 BOND   =       199.8187  ANGLE   =       436.9284  DIHED      =      1007.6347
 1-4 NB =       275.7939  1-4 EEL =     -4820.5782  VDWAALS    =     19318.7132
 EELEC  =   -148327.1647  EHBOND  =         0.0000  RESTRAINT  =         0.0000
 ------------------------------------------------------------------------------


 NSTEP =     2100   TIME(PS) =      24.200  TEMP(K) =   228.68  PRESS =     0.0
 Etot   =   -115264.2054  EKtot   =     16570.8926  EPtot      =   -131835.0980
 BOND   =       196.4035  ANGLE   =       416.4455  DIHED      =      1009.2253
 1-4 NB =       279.1630  1-4 EEL =     -4808.8314  VDWAALS    =     19494.0621
 EELEC  =   -148421.5660  EHBOND  =         0.0000  RESTRAINT  =         0.0000
 ------------------------------------------------------------------------------


 NSTEP =     2150   TIME(PS) =      24.300  TEMP(K) =   230.18  PRESS =     0.0
 Etot   =   -115140.9016  EKtot   =     16679.2422  EPtot      =   -131820.1438
 BOND   =       203.3804  ANGLE   =       421.0831  DIHED      =      1006.9773
 1-4 NB =       271.6988  1-4 EEL =     -4809.4419  VDWAALS    =     19459.4041
 EELEC  =   -148373.2456  EHBOND  =         0.0000  RESTRAINT  =         0.0000
 ------------------------------------------------------------------------------


 NSTEP =     2200   TIME(PS) =      24.400  TEMP(K) =   228.67  PRESS =     0.0
 Etot   =   -115015.5064  EKtot   =     16570.4551  EPtot      =   -131585.9615
 BOND   =       189.0157  ANGLE   =       430.1033  DIHED      =      1010.7512
 1-4 NB =       275.1577  1-4 EEL =     -4800.1054  VDWAALS    =     19483.8286
 EELEC  =   -148174.7127  EHBOND  =         0.0000  RESTRAINT  =         0.0000
 ------------------------------------------------------------------------------


 NSTEP =     2250   TIME(PS) =      24.500  TEMP(K) =   230.36  PRESS =     0.0
 Etot   =   -114894.3240  EKtot   =     16692.7363  EPtot      =   -131587.0603
 BOND   =       182.9199  ANGLE   =       444.2436  DIHED      =      1003.0250
 1-4 NB =       280.6007  1-4 EEL =     -4798.4838  VDWAALS    =     19422.6182
 EELEC  =   -148121.9838  EHBOND  =         0.0000  RESTRAINT  =         0.0000
 ------------------------------------------------------------------------------


 NSTEP =     2300   TIME(PS) =      24.600  TEMP(K) =   232.31  PRESS =     0.0
 Etot   =   -114777.0800  EKtot   =     16834.2051  EPtot      =   -131611.2851
 BOND   =       194.7370  ANGLE   =       407.8746  DIHED      =      1004.6487
 1-4 NB =       268.5059  1-4 EEL =     -4795.0618  VDWAALS    =     19453.1410
 EELEC  =   -148145.1305  EHBOND  =         0.0000  RESTRAINT  =         0.0000
 ------------------------------------------------------------------------------


 NSTEP =     2350   TIME(PS) =      24.700  TEMP(K) =   231.40  PRESS =     0.0
 Etot   =   -114663.6336  EKtot   =     16767.8691  EPtot      =   -131431.5027
 BOND   =       181.5387  ANGLE   =       434.2571  DIHED      =      1015.6833
 1-4 NB =       276.8663  1-4 EEL =     -4775.3471  VDWAALS    =     19390.0363
 EELEC  =   -147954.5374  EHBOND  =         0.0000  RESTRAINT  =         0.0000
 ------------------------------------------------------------------------------


 NSTEP =     2400   TIME(PS) =      24.800  TEMP(K) =   231.13  PRESS =     0.0
 Etot   =   -114549.2031  EKtot   =     16748.6934  EPtot      =   -131297.8964
 BOND   =       203.7183  ANGLE   =       427.8797  DIHED      =      1015.2852
 1-4 NB =       270.6964  1-4 EEL =     -4822.0681  VDWAALS    =     19279.1206
 EELEC  =   -147672.5284  EHBOND  =         0.0000  RESTRAINT  =         0.0000
 ------------------------------------------------------------------------------


 NSTEP =     2450   TIME(PS) =      24.900  TEMP(K) =   232.37  PRESS =     0.0
 Etot   =   -114437.9488  EKtot   =     16838.5020  EPtot      =   -131276.4507
 BOND   =       213.3768  ANGLE   =       428.8343  DIHED      =      1016.6845
 1-4 NB =       277.0032  1-4 EEL =     -4822.4257  VDWAALS    =     19474.1419
 EELEC  =   -147864.0657  EHBOND  =         0.0000  RESTRAINT  =         0.0000
 ------------------------------------------------------------------------------


 NSTEP =     2500   TIME(PS) =      25.000  TEMP(K) =   232.39  PRESS =     0.0
 Etot   =   -114328.0938  EKtot   =     16839.5840  EPtot      =   -131167.6778
 BOND   =       191.0108  ANGLE   =       449.1736  DIHED      =      1011.7044
 1-4 NB =       269.0515  1-4 EEL =     -4801.7373  VDWAALS    =     19164.3233
 EELEC  =   -147451.2041  EHBOND  =         0.0000  RESTRAINT  =         0.0000
 ------------------------------------------------------------------------------


 NSTEP =     2550   TIME(PS) =      25.100  TEMP(K) =   233.73  PRESS =     0.0
 Etot   =   -114219.9125  EKtot   =     16936.6152  EPtot      =   -131156.5277
 BOND   =       204.9809  ANGLE   =       423.3611  DIHED      =      1016.4644
 1-4 NB =       282.4957  1-4 EEL =     -4795.0988  VDWAALS    =     19084.0001
 EELEC  =   -147372.7310  EHBOND  =         0.0000  RESTRAINT  =         0.0000
 ------------------------------------------------------------------------------


 NSTEP =     2600   TIME(PS) =      25.200  TEMP(K) =   235.70  PRESS =     0.0
 Etot   =   -114123.9173  EKtot   =     17079.7910  EPtot      =   -131203.7083
 BOND   =       206.0405  ANGLE   =       442.4755  DIHED      =       997.0834
 1-4 NB =       272.5766  1-4 EEL =     -4823.7038  VDWAALS    =     19373.9697
 EELEC  =   -147672.1502  EHBOND  =         0.0000  RESTRAINT  =         0.0000
 ------------------------------------------------------------------------------


 NSTEP =     2650   TIME(PS) =      25.300  TEMP(K) =   233.58  PRESS =     0.0
 Etot   =   -114019.6997  EKtot   =     16926.0527  EPtot      =   -130945.7524
 BOND   =       201.4667  ANGLE   =       440.6454  DIHED      =      1012.5936
 1-4 NB =       274.7231  1-4 EEL =     -4786.9102  VDWAALS    =     19404.6213
 EELEC  =   -147492.8923  EHBOND  =         0.0000  RESTRAINT  =         0.0000
 ------------------------------------------------------------------------------


 NSTEP =     2700   TIME(PS) =      25.400  TEMP(K) =   233.04  PRESS =     0.0
 Etot   =   -113915.3609  EKtot   =     16886.9648  EPtot      =   -130802.3257
 BOND   =       208.6818  ANGLE   =       448.5069  DIHED      =      1013.5024
 1-4 NB =       270.0313  1-4 EEL =     -4813.5323  VDWAALS    =     19036.0422
 EELEC  =   -146965.5580  EHBOND  =         0.0000  RESTRAINT  =         0.0000
 ------------------------------------------------------------------------------


 NSTEP =     2750   TIME(PS) =      25.500  TEMP(K) =   234.21  PRESS =     0.0
 Etot   =   -113817.3814  EKtot   =     16971.5098  EPtot      =   -130788.8911
 BOND   =       193.9551  ANGLE   =       461.4090  DIHED      =      1007.4137
 1-4 NB =       279.6675  1-4 EEL =     -4800.5880  VDWAALS    =     19309.2733
 EELEC  =   -147240.0217  EHBOND  =         0.0000  RESTRAINT  =         0.0000
 ------------------------------------------------------------------------------


 NSTEP =     2800   TIME(PS) =      25.600  TEMP(K) =   235.32  PRESS =     0.0
 Etot   =   -113720.0168  EKtot   =     17052.0898  EPtot      =   -130772.1066
 BOND   =       192.1772  ANGLE   =       433.5758  DIHED      =      1009.2788
 1-4 NB =       272.5641  1-4 EEL =     -4785.1885  VDWAALS    =     18973.8759
 EELEC  =   -146868.3898  EHBOND  =         0.0000  RESTRAINT  =         0.0000
 ------------------------------------------------------------------------------


 NSTEP =     2850   TIME(PS) =      25.700  TEMP(K) =   237.11  PRESS =     0.0
 Etot   =   -113627.1952  EKtot   =     17181.7852  EPtot      =   -130808.9804
 BOND   =       184.4094  ANGLE   =       430.7520  DIHED      =      1014.3044
 1-4 NB =       278.9434  1-4 EEL =     -4788.1576  VDWAALS    =     19064.5089
 EELEC  =   -146993.7410  EHBOND  =         0.0000  RESTRAINT  =         0.0000
 ------------------------------------------------------------------------------


 NSTEP =     2900   TIME(PS) =      25.800  TEMP(K) =   237.05  PRESS =     0.0
 Etot   =   -113532.1729  EKtot   =     17177.0527  EPtot      =   -130709.2256
 BOND   =       212.7483  ANGLE   =       426.4807  DIHED      =      1030.1560
 1-4 NB =       275.3847  1-4 EEL =     -4819.6345  VDWAALS    =     19211.8079
 EELEC  =   -147046.1687  EHBOND  =         0.0000  RESTRAINT  =         0.0000
 ------------------------------------------------------------------------------


 NSTEP =     2950   TIME(PS) =      25.900  TEMP(K) =   238.07  PRESS =     0.0
 Etot   =   -113448.9319  EKtot   =     17251.3906  EPtot      =   -130700.3225
 BOND   =       201.7081  ANGLE   =       455.2789  DIHED      =      1007.6865
 1-4 NB =       274.5317  1-4 EEL =     -4824.4178  VDWAALS    =     19380.7781
 EELEC  =   -147195.8881  EHBOND  =         0.0000  RESTRAINT  =         0.0000
 ------------------------------------------------------------------------------

check COM velocity, temp:        0.000006     0.00(Removed)

 NSTEP =     3000   TIME(PS) =      26.000  TEMP(K) =   236.16  PRESS =     0.0
 Etot   =   -113357.6375  EKtot   =     17112.6348  EPtot      =   -130470.2723
 BOND   =       210.4710  ANGLE   =       459.3360  DIHED      =      1009.0213
 1-4 NB =       267.3566  1-4 EEL =     -4794.7199  VDWAALS    =     19300.8875
 EELEC  =   -146922.6247  EHBOND  =         0.0000  RESTRAINT  =         0.0000
 ------------------------------------------------------------------------------


 NSTEP =     3050   TIME(PS) =      26.100  TEMP(K) =   238.09  PRESS =     0.0
 Etot   =   -113274.0111  EKtot   =     17252.4629  EPtot      =   -130526.4740
 BOND   =       205.1940  ANGLE   =       446.6849  DIHED      =      1019.0930
 1-4 NB =       287.3135  1-4 EEL =     -4809.7834  VDWAALS    =     19272.2702
 EELEC  =   -146947.2461  EHBOND  =         0.0000  RESTRAINT  =         0.0000
 ------------------------------------------------------------------------------


 NSTEP =     3100   TIME(PS) =      26.200  TEMP(K) =   237.74  PRESS =     0.0
 Etot   =   -113189.2178  EKtot   =     17227.5391  EPtot      =   -130416.7568
 BOND   =       201.2554  ANGLE   =       451.1845  DIHED      =       991.0180
 1-4 NB =       282.8704  1-4 EEL =     -4780.3261  VDWAALS    =     18984.0445
 EELEC  =   -146546.8036  EHBOND  =         0.0000  RESTRAINT  =         0.0000
 ------------------------------------------------------------------------------


 NSTEP =     3150   TIME(PS) =      26.300  TEMP(K) =   236.77  PRESS =     0.0
 Etot   =   -113102.5360  EKtot   =     17157.2363  EPtot      =   -130259.7723
 BOND   =       198.1326  ANGLE   =       448.8347  DIHED      =      1027.1057
 1-4 NB =       282.9475  1-4 EEL =     -4803.5390  VDWAALS    =     18882.9414
 EELEC  =   -146296.1952  EHBOND  =         0.0000  RESTRAINT  =         0.0000
 ------------------------------------------------------------------------------


 NSTEP =     3200   TIME(PS) =      26.400  TEMP(K) =   234.91  PRESS =     0.0
 Etot   =   -113012.7189  EKtot   =     17022.0488  EPtot      =   -130034.7677
 BOND   =       189.7074  ANGLE   =       444.6493  DIHED      =      1023.9002
 1-4 NB =       275.0385  1-4 EEL =     -4797.8984  VDWAALS    =     18728.2995
 EELEC  =   -145898.4643  EHBOND  =         0.0000  RESTRAINT  =         0.0000
 ------------------------------------------------------------------------------


 NSTEP =     3250   TIME(PS) =      26.500  TEMP(K) =   237.05  PRESS =     0.0
 Etot   =   -112922.9739  EKtot   =     17177.5039  EPtot      =   -130100.4778
 BOND   =       209.3629  ANGLE   =       433.1852  DIHED      =      1017.0231
 1-4 NB =       280.1727  1-4 EEL =     -4800.6740  VDWAALS    =     18732.2768
 EELEC  =   -145971.8247  EHBOND  =         0.0000  RESTRAINT  =         0.0000
 ------------------------------------------------------------------------------


 NSTEP =     3300   TIME(PS) =      26.600  TEMP(K) =   239.77  PRESS =     0.0
 Etot   =   -112839.7799  EKtot   =     17374.2695  EPtot      =   -130214.0494
 BOND   =       198.3244  ANGLE   =       454.1632  DIHED      =      1021.4043
 1-4 NB =       277.8780  1-4 EEL =     -4801.9467  VDWAALS    =     18860.6778
 EELEC  =   -146224.5504  EHBOND  =         0.0000  RESTRAINT  =         0.0000
 ------------------------------------------------------------------------------


 NSTEP =     3350   TIME(PS) =      26.700  TEMP(K) =   238.20  PRESS =     0.0
 Etot   =   -112756.1835  EKtot   =     17260.4980  EPtot      =   -130016.6816
 BOND   =       206.8316  ANGLE   =       441.9958  DIHED      =      1047.3711
 1-4 NB =       278.2847  1-4 EEL =     -4811.2334  VDWAALS    =     18768.4589
 EELEC  =   -145948.3903  EHBOND  =         0.0000  RESTRAINT  =         0.0000
 ------------------------------------------------------------------------------


 NSTEP =     3400   TIME(PS) =      26.800  TEMP(K) =   237.50  PRESS =     0.0
 Etot   =   -112673.8879  EKtot   =     17210.3027  EPtot      =   -129884.1906
 BOND   =       215.4395  ANGLE   =       445.8300  DIHED      =      1028.7608
 1-4 NB =       280.8014  1-4 EEL =     -4830.6823  VDWAALS    =     18871.5253
 EELEC  =   -145895.8654  EHBOND  =         0.0000  RESTRAINT  =         0.0000
 ------------------------------------------------------------------------------


 NSTEP =     3450   TIME(PS) =      26.900  TEMP(K) =   239.27  PRESS =     0.0
 Etot   =   -112601.4550  EKtot   =     17337.9785  EPtot      =   -129939.4335
 BOND   =       220.2087  ANGLE   =       460.5661  DIHED      =      1021.4618
 1-4 NB =       265.7030  1-4 EEL =     -4815.9517  VDWAALS    =     18768.1407
 EELEC  =   -145859.5622  EHBOND  =         0.0000  RESTRAINT  =         0.0000
 ------------------------------------------------------------------------------


 NSTEP =     3500   TIME(PS) =      27.000  TEMP(K) =   239.48  PRESS =     0.0
 Etot   =   -112523.1183  EKtot   =     17353.6699  EPtot      =   -129876.7882
 BOND   =       201.4096  ANGLE   =       454.6503  DIHED      =      1011.6181
 1-4 NB =       283.1863  1-4 EEL =     -4758.9976  VDWAALS    =     18656.5621
 EELEC  =   -145725.2169  EHBOND  =         0.0000  RESTRAINT  =         0.0000
 ------------------------------------------------------------------------------


 NSTEP =     3550   TIME(PS) =      27.100  TEMP(K) =   240.16  PRESS =     0.0
 Etot   =   -112445.2484  EKtot   =     17402.3477  EPtot      =   -129847.5961
 BOND   =       197.0947  ANGLE   =       481.6125  DIHED      =      1026.9048
 1-4 NB =       278.3094  1-4 EEL =     -4807.7530  VDWAALS    =     18614.9119
 EELEC  =   -145638.6764  EHBOND  =         0.0000  RESTRAINT  =         0.0000
 ------------------------------------------------------------------------------


 NSTEP =     3600   TIME(PS) =      27.200  TEMP(K) =   239.13  PRESS =     0.0
 Etot   =   -112374.8428  EKtot   =     17328.0645  EPtot      =   -129702.9073
 BOND   =       217.6454  ANGLE   =       430.8560  DIHED      =      1033.7289
 1-4 NB =       274.3506  1-4 EEL =     -4792.4268  VDWAALS    =     18482.1174
 EELEC  =   -145349.1787  EHBOND  =         0.0000  RESTRAINT  =         0.0000
 ------------------------------------------------------------------------------


 NSTEP =     3650   TIME(PS) =      27.300  TEMP(K) =   240.08  PRESS =     0.0
 Etot   =   -112298.0027  EKtot   =     17397.0938  EPtot      =   -129695.0965
 BOND   =       204.9936  ANGLE   =       458.8186  DIHED      =      1028.8492
 1-4 NB =       270.8877  1-4 EEL =     -4780.3328  VDWAALS    =     18747.6027
 EELEC  =   -145625.9154  EHBOND  =         0.0000  RESTRAINT  =         0.0000
 ------------------------------------------------------------------------------


 NSTEP =     3700   TIME(PS) =      27.400  TEMP(K) =   242.57  PRESS =     0.0
 Etot   =   -112234.7539  EKtot   =     17577.0488  EPtot      =   -129811.8027
 BOND   =       199.8395  ANGLE   =       422.0853  DIHED      =      1037.3249
 1-4 NB =       282.1144  1-4 EEL =     -4797.3375  VDWAALS    =     18836.7311
 EELEC  =   -145792.5604  EHBOND  =         0.0000  RESTRAINT  =         0.0000
 ------------------------------------------------------------------------------


 NSTEP =     3750   TIME(PS) =      27.500  TEMP(K) =   240.12  PRESS =     0.0
 Etot   =   -112167.8955  EKtot   =     17399.5078  EPtot      =   -129567.4033
 BOND   =       196.3211  ANGLE   =       453.4931  DIHED      =      1019.0890
 1-4 NB =       275.8378  1-4 EEL =     -4778.9823  VDWAALS    =     18557.1407
 EELEC  =   -145290.3027  EHBOND  =         0.0000  RESTRAINT  =         0.0000
 ------------------------------------------------------------------------------


 NSTEP =     3800   TIME(PS) =      27.600  TEMP(K) =   242.52  PRESS =     0.0
 Etot   =   -112103.9784  EKtot   =     17573.4648  EPtot      =   -129677.4432
 BOND   =       212.1452  ANGLE   =       479.4457  DIHED      =      1021.6859
 1-4 NB =       274.6715  1-4 EEL =     -4816.7016  VDWAALS    =     18565.5058
 EELEC  =   -145414.1958  EHBOND  =         0.0000  RESTRAINT  =         0.0000
 ------------------------------------------------------------------------------


 NSTEP =     3850   TIME(PS) =      27.700  TEMP(K) =   241.83  PRESS =     0.0
 Etot   =   -112040.1262  EKtot   =     17523.8457  EPtot      =   -129563.9719
 BOND   =       228.2147  ANGLE   =       460.8341  DIHED      =      1023.1782
 1-4 NB =       284.5607  1-4 EEL =     -4823.4485  VDWAALS    =     18525.0108
 EELEC  =   -145262.3219  EHBOND  =         0.0000  RESTRAINT  =         0.0000
 ------------------------------------------------------------------------------


 NSTEP =     3900   TIME(PS) =      27.800  TEMP(K) =   241.15  PRESS =     0.0
 Etot   =   -111977.6478  EKtot   =     17474.1973  EPtot      =   -129451.8451
 BOND   =       215.9294  ANGLE   =       490.3810  DIHED      =      1019.1861
 1-4 NB =       279.7802  1-4 EEL =     -4799.1429  VDWAALS    =     18592.5628
 EELEC  =   -145250.5416  EHBOND  =         0.0000  RESTRAINT  =         0.0000
 ------------------------------------------------------------------------------


 NSTEP =     3950   TIME(PS) =      27.900  TEMP(K) =   241.33  PRESS =     0.0
 Etot   =   -111913.3084  EKtot   =     17487.7988  EPtot      =   -129401.1072
 BOND   =       227.3981  ANGLE   =       472.5423  DIHED      =      1022.4223
 1-4 NB =       284.9344  1-4 EEL =     -4788.7159  VDWAALS    =     18480.4715
 EELEC  =   -145100.1598  EHBOND  =         0.0000  RESTRAINT  =         0.0000
 ------------------------------------------------------------------------------

check COM velocity, temp:        0.000007     0.00(Removed)

 NSTEP =     4000   TIME(PS) =      28.000  TEMP(K) =   241.57  PRESS =     0.0
 Etot   =   -111851.6294  EKtot   =     17504.8398  EPtot      =   -129356.4693
 BOND   =       222.2320  ANGLE   =       478.0278  DIHED      =      1025.4408
 1-4 NB =       275.3735  1-4 EEL =     -4814.3298  VDWAALS    =     18993.0234
 EELEC  =   -145536.2369  EHBOND  =         0.0000  RESTRAINT  =         0.0000
 ------------------------------------------------------------------------------


      A V E R A G E S   O V E R      80 S T E P S


 NSTEP =     4000   TIME(PS) =      28.000  TEMP(K) =   224.08  PRESS =     0.0
 Etot   =   -116192.5475  EKtot   =     16237.5167  EPtot      =   -132430.0641
 BOND   =       188.2426  ANGLE   =       418.8728  DIHED      =      1006.6307
 1-4 NB =       274.8488  1-4 EEL =     -4807.1624  VDWAALS    =     19833.4374
 EELEC  =   -149344.9341  EHBOND  =         0.0000  RESTRAINT  =         0.0000
 ------------------------------------------------------------------------------


      R M S  F L U C T U A T I O N S


 NSTEP =     4000   TIME(PS) =      28.000  TEMP(K) =    14.95  PRESS =     0.0
 Etot   =      3325.5655  EKtot   =      1083.6063  EPtot      =      2248.9655
 BOND   =        20.1326  ANGLE   =        34.2603  DIHED      =        15.6862
 1-4 NB =         5.0428  1-4 EEL =        15.9225  VDWAALS    =       958.1123
 EELEC  =      3130.2357  EHBOND  =         0.0000  RESTRAINT  =         0.0000
 ------------------------------------------------------------------------------

--------------------------------------------------------------------------------
   5.  TIMINGS
--------------------------------------------------------------------------------

|  NonSetup CPU Time in Major Routines:
|
|     Routine           Sec        %
|     ------------------------------
|     Nonbond           4.26   14.92
|     Bond              0.00    0.00
|     Angle             0.00    0.00
|     Dihedral          0.00    0.00
|     Shake             0.03    0.10
|     RunMD            24.26   84.95
|     Other             0.01    0.03
|     ------------------------------
|     Total            28.56

|  PME Nonbond Pairlist CPU Time:
|
|     Routine              Sec        %
|     ---------------------------------
|     Set Up Cit           0.00    0.00
|     Build List           0.00    0.00
|     ---------------------------------
|     Total                0.00    0.00

|  PME Direct Force CPU Time:
|
|     Routine              Sec        %
|     ---------------------------------
|     NonBonded Calc       0.00    0.00
|     Exclude Masked       0.00    0.00
|     Other                0.01    0.02
|     ---------------------------------
|     Total                0.01    0.02

|  PME Reciprocal Force CPU Time:
|
|     Routine              Sec        %
|     ---------------------------------
|     1D bspline           0.00    0.00
|     Grid Charges         0.00    0.00
|     Scalar Sum           0.00    0.00
|     Gradient Sum         0.00    0.00
|     FFT                  0.00    0.00
|     ---------------------------------
|     Total                0.00    0.00

|  Final Performance Info:
|     -----------------------------------------------------
|     Average timings for last    3950 steps:
|     Elapsed(s) =      28.49 Per Step(ms) =       7.21
|         ns/day =      23.96   seconds/ns =    3606.21
|
|     Average timings for all steps:
|     Elapsed(s) =      28.94 Per Step(ms) =       7.23
|         ns/day =      23.89   seconds/ns =    3616.97
|     -----------------------------------------------------

|  Setup CPU time:            1.60 seconds
|  NonSetup CPU time:        28.56 seconds
|  Total CPU time:           30.17 seconds     0.01 hours

|  Setup wall time:           2    seconds
|  NonSetup wall time:       29    seconds
|  Total wall time:          31    seconds     0.01 hours
