
          -------------------------------------------------------
          Amber 16 PMEMD                              2016
          -------------------------------------------------------

| PMEMD implementation of SANDER, Release 16

| Run on 06/04/2024 at 22:40:03

|   Executable path: pmemd.cuda
| Working directory: /home/students/keyq/fuben4/7/7LG
|          Hostname: master

  [-O]verwriting output

File Assignments:
|   MDIN: heat6.in                                                              
|  MDOUT: cmp_heat6.out                                                         
| INPCRD: cmp_heat5.rst                                                         
|   PARM: cmp.prmtop                                                            
| RESTRT: cmp_heat6.rst                                                         
|   REFC: cmp.inpcrd                                                            
|  MDVEL: mdvel                                                                 
|   MDEN: mden                                                                  
|  MDCRD: cmp_heat6.mdcrd                                                       
| MDINFO: mdinfo                                                                
|  MDFRC: mdfrc                                                                 


 Here is the input file:

Stage 2 equilibration 1 0-5ns                                                  
 &cntrl                                                                        
  imin=0, irest=1, ntx=5,                                                      
  nstlim=6000, dt=0.002,                                                       
  ntc=2, ntf=2,                                                                
  ntt=1, tautp=1.5,                                                            
  tempi=255.0, temp0=310.0,                                                    
  ntpr=50, ntwx=50,                                                            
  ntb=1,                                                                       
  cut=10,                                                                      
 /                                                                             


Note: ig = -1. Setting random seed to   990996 based on wallclock time in 
      microseconds.
 
|--------------------- INFORMATION ----------------------
| GPU (CUDA) Version of PMEMD in use: NVIDIA GPU IN USE.
|                    Version 16.0.0
| 
|                      02/25/2016
| 
| Implementation by:
|                    Ross C. Walker     (SDSC)
|                    Scott Le Grand     (nVIDIA)
| 
| Precision model in use:
|      [SPFP] - Single Precision Forces, 64-bit Fixed Point
|               Accumulation. (Default)
| 
|--------------------------------------------------------
 
|----------------- CITATION INFORMATION -----------------
|
|    When publishing work that utilized the CUDA version
|    of AMBER, please cite the following in addition to
|    the regular AMBER citations:
|
|  - Romelia Salomon-Ferrer; Andreas W. Goetz; Duncan
|    Poole; Scott Le Grand; Ross C. Walker "Routine
|    microsecond molecular dynamics simulations with
|    AMBER - Part II: Particle Mesh Ewald", J. Chem.
|    Theory Comput., 2013, 9 (9), pp3878-3888,
|    DOI: 10.1021/ct400314y.
|
|  - Andreas W. Goetz; Mark J. Williamson; Dong Xu;
|    Duncan Poole; Scott Le Grand; Ross C. Walker
|    "Routine microsecond molecular dynamics simulations
|    with AMBER - Part I: Generalized Born", J. Chem.
|    Theory Comput., 2012, 8 (5), pp1542-1555.
|
|  - Scott Le Grand; Andreas W. Goetz; Ross C. Walker
|    "SPFP: Speed without compromise - a mixed precision
|    model for GPU accelerated molecular dynamics
|    simulations.", Comp. Phys. Comm., 2013, 184
|    pp374-380, DOI: 10.1016/j.cpc.2012.09.022
|
|--------------------------------------------------------
 
|------------------- GPU DEVICE INFO --------------------
|
|            CUDA_VISIBLE_DEVICES: 0
|   CUDA Capable Devices Detected:      1
|           CUDA Device ID in use:      0
|                CUDA Device Name: Tesla V100-PCIE-32GB
|     CUDA Device Global Mem Size:  32510 MB
| CUDA Device Num Multiprocessors:     80
|           CUDA Device Core Freq:   1.38 GHz
|
|--------------------------------------------------------
 
 
| Conditional Compilation Defines Used:
| PUBFFT
| BINTRAJ
| CUDA
| EMIL

| Largest sphere to fit in unit cell has radius =    32.989

| New format PARM file being parsed.
| Version =    1.000 Date = 12/10/20 Time = 21:44:11

| Note: 1-4 EEL scale factors are being read from the topology file.

| Note: 1-4 VDW scale factors are being read from the topology file.
| Duplicated    0 dihedrals

| Duplicated    0 dihedrals

--------------------------------------------------------------------------------
   1.  RESOURCE   USE: 
--------------------------------------------------------------------------------

 getting box info from netcdf restart file
 NATOM  =   36105 NTYPES =      18 NBONH =   35382 MBONA  =     774
 NTHETH =     898 MTHETA =    1191 NPHIH =    1825 MPHIA  =    2463
 NHPARM =       0 NPARM  =       0 NNB   =   52662 NRES   =   11733
 NBONA  =     774 NTHETA =    1191 NPHIA =    2463 NUMBND =      61
 NUMANG =     127 NPTRA  =      75 NATYP =      34 NPHB   =       1
 IFBOX  =       2 NMXRS  =      33 IFCAP =       0 NEXTRA =       0
 NCOPY  =       0

| Coordinate Index Table dimensions:    13   13   13
| Direct force subcell size =     6.2159    6.2159    6.2159

     BOX TYPE: TRUNCATED OCTAHEDRON

--------------------------------------------------------------------------------
   2.  CONTROL  DATA  FOR  THE  RUN
--------------------------------------------------------------------------------

default_name                                                                    

General flags:
     imin    =       0, nmropt  =       0

Nature and format of input:
     ntx     =       5, irest   =       1, ntrx    =       1

Nature and format of output:
     ntxo    =       2, ntpr    =      50, ntrx    =       1, ntwr    =    6000
     iwrap   =       0, ntwx    =      50, ntwv    =       0, ntwe    =       0
     ioutfm  =       1, ntwprt  =       0, idecomp =       0, rbornstat=      0

Potential function:
     ntf     =       2, ntb     =       1, igb     =       0, nsnb    =      25
     ipol    =       0, gbsa    =       0, iesp    =       0
     dielc   =   1.00000, cut     =  10.00000, intdiel =   1.00000

Frozen or restrained atoms:
     ibelly  =       0, ntr     =       0

Molecular dynamics:
     nstlim  =      6000, nscm    =      1000, nrespa  =         1
     t       =   0.00000, dt      =   0.00200, vlimit  =  -1.00000

Berendsen (weak-coupling) temperature regulation:
     temp0   = 310.00000, tempi   = 255.00000, tautp   =   1.50000

SHAKE:
     ntc     =       2, jfastw  =       0
     tol     =   0.00001

| Intermolecular bonds treatment:
|     no_intermolecular_bonds =       1

| Energy averages sample interval:
|     ene_avg_sampling =      50

Ewald parameters:
     verbose =       0, ew_type =       0, nbflag  =       1, use_pme =       1
     vdwmeth =       1, eedmeth =       1, netfrc  =       1
     Box X =   80.807   Box Y =   80.807   Box Z =   80.807
     Alpha =  109.471   Beta  =  109.471   Gamma =  109.471
     NFFT1 =   84       NFFT2 =   84       NFFT3 =   84
     Cutoff=   10.000   Tol   =0.100E-04
     Ewald Coefficient =  0.27511
     Interpolation order =    4

--------------------------------------------------------------------------------
   3.  ATOMIC COORDINATES AND VELOCITIES
--------------------------------------------------------------------------------

default_name                                                                    
 begin time read from input coords =    28.000 ps

 
 Number of triangulated 3-point waters found:    11667

     Sum of charges from parm topology file =   0.00000020
     Forcing neutrality...

| Dynamic Memory, Types Used:
| Reals             1047961
| Integers           868648

| Nonbonded Pairs Initial Allocation:    10920859

| GPU memory information (estimate):
| KB of GPU memory in use:    171227
| KB of CPU memory in use:     60095

--------------------------------------------------------------------------------
   4.  RESULTS
--------------------------------------------------------------------------------

 ---------------------------------------------------
 APPROXIMATING switch and d/dx switch using CUBIC SPLINE INTERPOLATION
 using   5000.0 points per unit in tabled values
 TESTING RELATIVE ERROR over r ranging from 0.0 to cutoff
| CHECK switch(x): max rel err =   0.2738E-14   at   2.422500
| CHECK d/dx switch(x): max rel err =   0.8314E-11   at   2.736960
 ---------------------------------------------------
|---------------------------------------------------
| APPROXIMATING direct energy using CUBIC SPLINE INTERPOLATION
|  with   50.0 points per unit in tabled values
| Relative Error Limit not exceeded for r .gt.   2.33
| APPROXIMATING direct force using CUBIC SPLINE INTERPOLATION
|  with   50.0 points per unit in tabled values
| Relative Error Limit not exceeded for r .gt.   2.80
|---------------------------------------------------

 NSTEP =       50   TIME(PS) =      28.100  TEMP(K) =   243.82  PRESS =     0.0
 Etot   =   -111536.7010  EKtot   =     17668.0957  EPtot      =   -129204.7967
 BOND   =       211.1882  ANGLE   =       464.3102  DIHED      =      1032.4967
 1-4 NB =       275.9547  1-4 EEL =     -4781.8242  VDWAALS    =     18673.3382
 EELEC  =   -145080.2605  EHBOND  =         0.0000  RESTRAINT  =         0.0000
 ------------------------------------------------------------------------------


 NSTEP =      100   TIME(PS) =      28.200  TEMP(K) =   246.99  PRESS =     0.0
 Etot   =   -111223.6691  EKtot   =     17897.4492  EPtot      =   -129121.1183
 BOND   =       217.4159  ANGLE   =       469.6106  DIHED      =      1032.0964
 1-4 NB =       283.1462  1-4 EEL =     -4798.2000  VDWAALS    =     18632.2335
 EELEC  =   -144957.4207  EHBOND  =         0.0000  RESTRAINT  =         0.0000
 ------------------------------------------------------------------------------


 NSTEP =      150   TIME(PS) =      28.300  TEMP(K) =   246.81  PRESS =     0.0
 Etot   =   -110917.6111  EKtot   =     17884.3906  EPtot      =   -128802.0017
 BOND   =       226.1246  ANGLE   =       475.0147  DIHED      =      1018.6662
 1-4 NB =       283.6989  1-4 EEL =     -4802.1002  VDWAALS    =     18524.1858
 EELEC  =   -144527.5917  EHBOND  =         0.0000  RESTRAINT  =         0.0000
 ------------------------------------------------------------------------------


 NSTEP =      200   TIME(PS) =      28.400  TEMP(K) =   248.60  PRESS =     0.0
 Etot   =   -110615.1290  EKtot   =     18014.5664  EPtot      =   -128629.6954
 BOND   =       221.9121  ANGLE   =       461.1405  DIHED      =      1019.5313
 1-4 NB =       274.2420  1-4 EEL =     -4819.5841  VDWAALS    =     18571.8791
 EELEC  =   -144358.8163  EHBOND  =         0.0000  RESTRAINT  =         0.0000
 ------------------------------------------------------------------------------


 NSTEP =      250   TIME(PS) =      28.500  TEMP(K) =   249.03  PRESS =     0.0
 Etot   =   -110318.5015  EKtot   =     18045.1328  EPtot      =   -128363.6343
 BOND   =       215.9086  ANGLE   =       487.6308  DIHED      =      1037.8570
 1-4 NB =       280.1874  1-4 EEL =     -4812.9968  VDWAALS    =     18024.0460
 EELEC  =   -143596.2674  EHBOND  =         0.0000  RESTRAINT  =         0.0000
 ------------------------------------------------------------------------------


 NSTEP =      300   TIME(PS) =      28.600  TEMP(K) =   248.09  PRESS =     0.0
 Etot   =   -110030.2804  EKtot   =     17977.0488  EPtot      =   -128007.3292
 BOND   =       208.9840  ANGLE   =       458.4102  DIHED      =      1023.7504
 1-4 NB =       277.7674  1-4 EEL =     -4788.6903  VDWAALS    =     18053.6441
 EELEC  =   -143241.1950  EHBOND  =         0.0000  RESTRAINT  =         0.0000
 ------------------------------------------------------------------------------


 NSTEP =      350   TIME(PS) =      28.700  TEMP(K) =   252.15  PRESS =     0.0
 Etot   =   -109743.7165  EKtot   =     18271.8516  EPtot      =   -128015.5680
 BOND   =       235.0942  ANGLE   =       489.4768  DIHED      =      1033.4495
 1-4 NB =       283.3779  1-4 EEL =     -4787.2567  VDWAALS    =     18150.7186
 EELEC  =   -143420.4283  EHBOND  =         0.0000  RESTRAINT  =         0.0000
 ------------------------------------------------------------------------------


 NSTEP =      400   TIME(PS) =      28.800  TEMP(K) =   253.51  PRESS =     0.0
 Etot   =   -109471.0676  EKtot   =     18370.2734  EPtot      =   -127841.3410
 BOND   =       229.1988  ANGLE   =       475.3744  DIHED      =      1048.1488
 1-4 NB =       279.2885  1-4 EEL =     -4802.9482  VDWAALS    =     18129.5370
 EELEC  =   -143199.9402  EHBOND  =         0.0000  RESTRAINT  =         0.0000
 ------------------------------------------------------------------------------


 NSTEP =      450   TIME(PS) =      28.900  TEMP(K) =   254.86  PRESS =     0.0
 Etot   =   -109202.8764  EKtot   =     18467.6797  EPtot      =   -127670.5561
 BOND   =       211.9829  ANGLE   =       502.2412  DIHED      =      1048.6051
 1-4 NB =       282.5299  1-4 EEL =     -4799.0474  VDWAALS    =     17931.1317
 EELEC  =   -142847.9994  EHBOND  =         0.0000  RESTRAINT  =         0.0000
 ------------------------------------------------------------------------------


 NSTEP =      500   TIME(PS) =      29.000  TEMP(K) =   255.26  PRESS =     0.0
 Etot   =   -108936.0385  EKtot   =     18496.9062  EPtot      =   -127432.9448
 BOND   =       231.8937  ANGLE   =       477.1748  DIHED      =      1038.9596
 1-4 NB =       284.0096  1-4 EEL =     -4797.9128  VDWAALS    =     17954.2085
 EELEC  =   -142621.2782  EHBOND  =         0.0000  RESTRAINT  =         0.0000
 ------------------------------------------------------------------------------


 NSTEP =      550   TIME(PS) =      29.100  TEMP(K) =   256.24  PRESS =     0.0
 Etot   =   -108675.0113  EKtot   =     18567.9082  EPtot      =   -127242.9195
 BOND   =       223.3550  ANGLE   =       504.6227  DIHED      =      1038.7104
 1-4 NB =       277.0392  1-4 EEL =     -4814.6211  VDWAALS    =     17778.3772
 EELEC  =   -142250.4030  EHBOND  =         0.0000  RESTRAINT  =         0.0000
 ------------------------------------------------------------------------------


 NSTEP =      600   TIME(PS) =      29.200  TEMP(K) =   255.87  PRESS =     0.0
 Etot   =   -108416.5608  EKtot   =     18541.0645  EPtot      =   -126957.6253
 BOND   =       229.5193  ANGLE   =       512.9509  DIHED      =      1042.3058
 1-4 NB =       280.3672  1-4 EEL =     -4786.0135  VDWAALS    =     17730.9557
 EELEC  =   -141967.7106  EHBOND  =         0.0000  RESTRAINT  =         0.0000
 ------------------------------------------------------------------------------


 NSTEP =      650   TIME(PS) =      29.300  TEMP(K) =   260.81  PRESS =     0.0
 Etot   =   -108171.7201  EKtot   =     18898.7617  EPtot      =   -127070.4818
 BOND   =       240.3944  ANGLE   =       491.2272  DIHED      =      1043.5922
 1-4 NB =       283.1965  1-4 EEL =     -4821.8796  VDWAALS    =     17688.7764
 EELEC  =   -141995.7888  EHBOND  =         0.0000  RESTRAINT  =         0.0000
 ------------------------------------------------------------------------------


 NSTEP =      700   TIME(PS) =      29.400  TEMP(K) =   259.29  PRESS =     0.0
 Etot   =   -107926.5173  EKtot   =     18788.7852  EPtot      =   -126715.3024
 BOND   =       242.9385  ANGLE   =       512.3573  DIHED      =      1030.7828
 1-4 NB =       283.6755  1-4 EEL =     -4830.5942  VDWAALS    =     17742.2962
 EELEC  =   -141696.7585  EHBOND  =         0.0000  RESTRAINT  =         0.0000
 ------------------------------------------------------------------------------


 NSTEP =      750   TIME(PS) =      29.500  TEMP(K) =   260.62  PRESS =     0.0
 Etot   =   -107682.2090  EKtot   =     18885.5586  EPtot      =   -126567.7676
 BOND   =       225.6566  ANGLE   =       488.7059  DIHED      =      1059.3547
 1-4 NB =       279.6756  1-4 EEL =     -4793.8385  VDWAALS    =     17693.7793
 EELEC  =   -141521.1012  EHBOND  =         0.0000  RESTRAINT  =         0.0000
 ------------------------------------------------------------------------------


 NSTEP =      800   TIME(PS) =      29.600  TEMP(K) =   262.93  PRESS =     0.0
 Etot   =   -107450.6511  EKtot   =     19052.6426  EPtot      =   -126503.2937
 BOND   =       249.8485  ANGLE   =       509.4810  DIHED      =      1037.4344
 1-4 NB =       267.9586  1-4 EEL =     -4814.3582  VDWAALS    =     17546.0829
 EELEC  =   -141299.7407  EHBOND  =         0.0000  RESTRAINT  =         0.0000
 ------------------------------------------------------------------------------


 NSTEP =      850   TIME(PS) =      29.700  TEMP(K) =   262.20  PRESS =     0.0
 Etot   =   -107217.1559  EKtot   =     19000.0762  EPtot      =   -126217.2320
 BOND   =       227.4480  ANGLE   =       509.2861  DIHED      =      1036.3882
 1-4 NB =       292.1347  1-4 EEL =     -4806.4470  VDWAALS    =     17465.9797
 EELEC  =   -140942.0217  EHBOND  =         0.0000  RESTRAINT  =         0.0000
 ------------------------------------------------------------------------------


 NSTEP =      900   TIME(PS) =      29.800  TEMP(K) =   263.05  PRESS =     0.0
 Etot   =   -106982.4924  EKtot   =     19061.4199  EPtot      =   -126043.9123
 BOND   =       254.1214  ANGLE   =       505.1926  DIHED      =      1063.1963
 1-4 NB =       296.6891  1-4 EEL =     -4846.9431  VDWAALS    =     17150.7999
 EELEC  =   -140466.9685  EHBOND  =         0.0000  RESTRAINT  =         0.0000
 ------------------------------------------------------------------------------


 NSTEP =      950   TIME(PS) =      29.900  TEMP(K) =   263.20  PRESS =     0.0
 Etot   =   -106758.2171  EKtot   =     19072.4648  EPtot      =   -125830.6819
 BOND   =       283.7699  ANGLE   =       512.0427  DIHED      =      1041.5746
 1-4 NB =       278.3384  1-4 EEL =     -4820.8723  VDWAALS    =     17301.2644
 EELEC  =   -140426.7996  EHBOND  =         0.0000  RESTRAINT  =         0.0000
 ------------------------------------------------------------------------------

check COM velocity, temp:        0.000008     0.00(Removed)

 NSTEP =     1000   TIME(PS) =      30.000  TEMP(K) =   262.21  PRESS =     0.0
 Etot   =   -106533.3830  EKtot   =     19000.3340  EPtot      =   -125533.7169
 BOND   =       257.6347  ANGLE   =       516.5758  DIHED      =      1026.4765
 1-4 NB =       284.3108  1-4 EEL =     -4830.3205  VDWAALS    =     17211.4109
 EELEC  =   -139999.8051  EHBOND  =         0.0000  RESTRAINT  =         0.0000
 ------------------------------------------------------------------------------


 NSTEP =     1050   TIME(PS) =      30.100  TEMP(K) =   266.55  PRESS =     0.0
 Etot   =   -106319.1630  EKtot   =     19314.8438  EPtot      =   -125634.0067
 BOND   =       271.7656  ANGLE   =       511.8255  DIHED      =      1053.9899
 1-4 NB =       285.1648  1-4 EEL =     -4811.2603  VDWAALS    =     17494.7831
 EELEC  =   -140440.2753  EHBOND  =         0.0000  RESTRAINT  =         0.0000
 ------------------------------------------------------------------------------


 NSTEP =     1100   TIME(PS) =      30.200  TEMP(K) =   265.89  PRESS =     0.0
 Etot   =   -106109.4523  EKtot   =     19267.3262  EPtot      =   -125376.7785
 BOND   =       241.7020  ANGLE   =       488.4202  DIHED      =      1053.5488
 1-4 NB =       285.9965  1-4 EEL =     -4807.9280  VDWAALS    =     17170.4774
 EELEC  =   -139808.9954  EHBOND  =         0.0000  RESTRAINT  =         0.0000
 ------------------------------------------------------------------------------


 NSTEP =     1150   TIME(PS) =      30.300  TEMP(K) =   268.23  PRESS =     0.0
 Etot   =   -105901.6858  EKtot   =     19436.5664  EPtot      =   -125338.2522
 BOND   =       271.2516  ANGLE   =       498.2890  DIHED      =      1037.0078
 1-4 NB =       281.9863  1-4 EEL =     -4831.8439  VDWAALS    =     17109.9025
 EELEC  =   -139704.8455  EHBOND  =         0.0000  RESTRAINT  =         0.0000
 ------------------------------------------------------------------------------


 NSTEP =     1200   TIME(PS) =      30.400  TEMP(K) =   269.84  PRESS =     0.0
 Etot   =   -105699.8759  EKtot   =     19553.0703  EPtot      =   -125252.9462
 BOND   =       247.4824  ANGLE   =       498.2763  DIHED      =      1060.8158
 1-4 NB =       284.1663  1-4 EEL =     -4822.8375  VDWAALS    =     17238.3257
 EELEC  =   -139759.1752  EHBOND  =         0.0000  RESTRAINT  =         0.0000
 ------------------------------------------------------------------------------


 NSTEP =     1250   TIME(PS) =      30.500  TEMP(K) =   269.66  PRESS =     0.0
 Etot   =   -105502.3983  EKtot   =     19540.6250  EPtot      =   -125043.0233
 BOND   =       240.6727  ANGLE   =       535.4460  DIHED      =      1061.8639
 1-4 NB =       275.6424  1-4 EEL =     -4814.0397  VDWAALS    =     16890.1815
 EELEC  =   -139232.7899  EHBOND  =         0.0000  RESTRAINT  =         0.0000
 ------------------------------------------------------------------------------


 NSTEP =     1300   TIME(PS) =      30.600  TEMP(K) =   271.15  PRESS =     0.0
 Etot   =   -105309.0483  EKtot   =     19648.5234  EPtot      =   -124957.5717
 BOND   =       243.1618  ANGLE   =       515.7158  DIHED      =      1053.1616
 1-4 NB =       286.3647  1-4 EEL =     -4797.8801  VDWAALS    =     16899.7357
 EELEC  =   -139157.8313  EHBOND  =         0.0000  RESTRAINT  =         0.0000
 ------------------------------------------------------------------------------


 NSTEP =     1350   TIME(PS) =      30.700  TEMP(K) =   271.33  PRESS =     0.0
 Etot   =   -105117.9948  EKtot   =     19661.4434  EPtot      =   -124779.4382
 BOND   =       259.2337  ANGLE   =       535.2375  DIHED      =      1029.8383
 1-4 NB =       275.3922  1-4 EEL =     -4816.5283  VDWAALS    =     16857.7472
 EELEC  =   -138920.3588  EHBOND  =         0.0000  RESTRAINT  =         0.0000
 ------------------------------------------------------------------------------


 NSTEP =     1400   TIME(PS) =      30.800  TEMP(K) =   272.68  PRESS =     0.0
 Etot   =   -104931.8102  EKtot   =     19759.0000  EPtot      =   -124690.8102
 BOND   =       248.9895  ANGLE   =       519.6235  DIHED      =      1049.9828
 1-4 NB =       272.9140  1-4 EEL =     -4807.8760  VDWAALS    =     16532.7882
 EELEC  =   -138507.2321  EHBOND  =         0.0000  RESTRAINT  =         0.0000
 ------------------------------------------------------------------------------


 NSTEP =     1450   TIME(PS) =      30.900  TEMP(K) =   272.34  PRESS =     0.0
 Etot   =   -104744.0606  EKtot   =     19734.3359  EPtot      =   -124478.3965
 BOND   =       257.2460  ANGLE   =       541.3164  DIHED      =      1045.5297
 1-4 NB =       281.7453  1-4 EEL =     -4814.6123  VDWAALS    =     16618.3300
 EELEC  =   -138407.9516  EHBOND  =         0.0000  RESTRAINT  =         0.0000
 ------------------------------------------------------------------------------


 NSTEP =     1500   TIME(PS) =      31.000  TEMP(K) =   273.45  PRESS =     0.0
 Etot   =   -104562.3250  EKtot   =     19815.1504  EPtot      =   -124377.4754
 BOND   =       260.6946  ANGLE   =       521.5224  DIHED      =      1031.2804
 1-4 NB =       272.8789  1-4 EEL =     -4788.9591  VDWAALS    =     16810.7054
 EELEC  =   -138485.5979  EHBOND  =         0.0000  RESTRAINT  =         0.0000
 ------------------------------------------------------------------------------


 NSTEP =     1550   TIME(PS) =      31.100  TEMP(K) =   275.33  PRESS =     0.0
 Etot   =   -104386.6772  EKtot   =     19950.9668  EPtot      =   -124337.6440
 BOND   =       262.7294  ANGLE   =       522.2045  DIHED      =      1040.8227
 1-4 NB =       272.8530  1-4 EEL =     -4788.4562  VDWAALS    =     16739.5098
 EELEC  =   -138387.3074  EHBOND  =         0.0000  RESTRAINT  =         0.0000
 ------------------------------------------------------------------------------


 NSTEP =     1600   TIME(PS) =      31.200  TEMP(K) =   272.81  PRESS =     0.0
 Etot   =   -104217.1344  EKtot   =     19768.7441  EPtot      =   -123985.8786
 BOND   =       251.2024  ANGLE   =       520.0659  DIHED      =      1042.4464
 1-4 NB =       288.5896  1-4 EEL =     -4794.1990  VDWAALS    =     17062.5132
 EELEC  =   -138356.4972  EHBOND  =         0.0000  RESTRAINT  =         0.0000
 ------------------------------------------------------------------------------


 NSTEP =     1650   TIME(PS) =      31.300  TEMP(K) =   274.23  PRESS =     0.0
 Etot   =   -104045.8150  EKtot   =     19871.3125  EPtot      =   -123917.1275
 BOND   =       259.4505  ANGLE   =       541.2203  DIHED      =      1033.7768
 1-4 NB =       280.5833  1-4 EEL =     -4797.6063  VDWAALS    =     16976.8512
 EELEC  =   -138211.4033  EHBOND  =         0.0000  RESTRAINT  =         0.0000
 ------------------------------------------------------------------------------


 NSTEP =     1700   TIME(PS) =      31.400  TEMP(K) =   276.07  PRESS =     0.0
 Etot   =   -103880.5440  EKtot   =     20004.6367  EPtot      =   -123885.1807
 BOND   =       264.8029  ANGLE   =       532.5833  DIHED      =      1036.7398
 1-4 NB =       283.9654  1-4 EEL =     -4822.8689  VDWAALS    =     16548.8589
 EELEC  =   -137729.2620  EHBOND  =         0.0000  RESTRAINT  =         0.0000
 ------------------------------------------------------------------------------


 NSTEP =     1750   TIME(PS) =      31.500  TEMP(K) =   274.21  PRESS =     0.0
 Etot   =   -103709.3309  EKtot   =     19870.1074  EPtot      =   -123579.4384
 BOND   =       265.0791  ANGLE   =       535.2899  DIHED      =      1040.6463
 1-4 NB =       293.3250  1-4 EEL =     -4842.6859  VDWAALS    =     16447.6900
 EELEC  =   -137318.7828  EHBOND  =         0.0000  RESTRAINT  =         0.0000
 ------------------------------------------------------------------------------


 NSTEP =     1800   TIME(PS) =      31.600  TEMP(K) =   276.55  PRESS =     0.0
 Etot   =   -103545.1347  EKtot   =     20039.7656  EPtot      =   -123584.9003
 BOND   =       264.2207  ANGLE   =       560.3010  DIHED      =      1034.9123
 1-4 NB =       279.8004  1-4 EEL =     -4798.2038  VDWAALS    =     16403.1738
 EELEC  =   -137329.1047  EHBOND  =         0.0000  RESTRAINT  =         0.0000
 ------------------------------------------------------------------------------


 NSTEP =     1850   TIME(PS) =      31.700  TEMP(K) =   276.21  PRESS =     0.0
 Etot   =   -103378.0368  EKtot   =     20014.6582  EPtot      =   -123392.6950
 BOND   =       273.4588  ANGLE   =       548.9230  DIHED      =      1056.8236
 1-4 NB =       279.4019  1-4 EEL =     -4829.1953  VDWAALS    =     16314.8564
 EELEC  =   -137036.9633  EHBOND  =         0.0000  RESTRAINT  =         0.0000
 ------------------------------------------------------------------------------


 NSTEP =     1900   TIME(PS) =      31.800  TEMP(K) =   277.15  PRESS =     0.0
 Etot   =   -103218.3946  EKtot   =     20083.0762  EPtot      =   -123301.4708
 BOND   =       263.6803  ANGLE   =       543.5647  DIHED      =      1051.7291
 1-4 NB =       286.6013  1-4 EEL =     -4812.8414  VDWAALS    =     16466.7972
 EELEC  =   -137101.0020  EHBOND  =         0.0000  RESTRAINT  =         0.0000
 ------------------------------------------------------------------------------


 NSTEP =     1950   TIME(PS) =      31.900  TEMP(K) =   278.31  PRESS =     0.0
 Etot   =   -103063.2994  EKtot   =     20167.3789  EPtot      =   -123230.6783
 BOND   =       262.1150  ANGLE   =       538.8397  DIHED      =      1036.9830
 1-4 NB =       284.1774  1-4 EEL =     -4771.5842  VDWAALS    =     16372.8037
 EELEC  =   -136954.0129  EHBOND  =         0.0000  RESTRAINT  =         0.0000
 ------------------------------------------------------------------------------

check COM velocity, temp:        0.000006     0.00(Removed)

 NSTEP =     2000   TIME(PS) =      32.000  TEMP(K) =   276.89  PRESS =     0.0
 Etot   =   -102908.9816  EKtot   =     20064.1602  EPtot      =   -122973.1417
 BOND   =       272.0095  ANGLE   =       513.7472  DIHED      =      1050.2815
 1-4 NB =       285.0976  1-4 EEL =     -4803.5559  VDWAALS    =     16148.9627
 EELEC  =   -136439.6843  EHBOND  =         0.0000  RESTRAINT  =         0.0000
 ------------------------------------------------------------------------------


 NSTEP =     2050   TIME(PS) =      32.100  TEMP(K) =   280.83  PRESS =     0.0
 Etot   =   -102760.1418  EKtot   =     20349.9512  EPtot      =   -123110.0929
 BOND   =       272.8423  ANGLE   =       564.5874  DIHED      =      1046.2591
 1-4 NB =       280.3017  1-4 EEL =     -4835.7657  VDWAALS    =     16394.2296
 EELEC  =   -136832.5475  EHBOND  =         0.0000  RESTRAINT  =         0.0000
 ------------------------------------------------------------------------------


 NSTEP =     2100   TIME(PS) =      32.200  TEMP(K) =   280.81  PRESS =     0.0
 Etot   =   -102617.8619  EKtot   =     20348.3945  EPtot      =   -122966.2564
 BOND   =       293.0163  ANGLE   =       540.0743  DIHED      =      1036.9957
 1-4 NB =       281.6799  1-4 EEL =     -4774.2696  VDWAALS    =     16206.0489
 EELEC  =   -136549.8018  EHBOND  =         0.0000  RESTRAINT  =         0.0000
 ------------------------------------------------------------------------------


 NSTEP =     2150   TIME(PS) =      32.300  TEMP(K) =   279.57  PRESS =     0.0
 Etot   =   -102474.1642  EKtot   =     20258.2109  EPtot      =   -122732.3751
 BOND   =       280.1373  ANGLE   =       501.9366  DIHED      =      1043.9105
 1-4 NB =       278.1730  1-4 EEL =     -4798.3135  VDWAALS    =     15887.1085
 EELEC  =   -135925.3276  EHBOND  =         0.0000  RESTRAINT  =         0.0000
 ------------------------------------------------------------------------------


 NSTEP =     2200   TIME(PS) =      32.400  TEMP(K) =   282.62  PRESS =     0.0
 Etot   =   -102338.7186  EKtot   =     20479.5273  EPtot      =   -122818.2460
 BOND   =       265.8048  ANGLE   =       536.4130  DIHED      =      1041.3969
 1-4 NB =       278.0683  1-4 EEL =     -4791.9604  VDWAALS    =     16076.7441
 EELEC  =   -136224.7126  EHBOND  =         0.0000  RESTRAINT  =         0.0000
 ------------------------------------------------------------------------------


 NSTEP =     2250   TIME(PS) =      32.500  TEMP(K) =   282.48  PRESS =     0.0
 Etot   =   -102204.1953  EKtot   =     20469.4668  EPtot      =   -122673.6621
 BOND   =       269.3312  ANGLE   =       546.1365  DIHED      =      1035.9280
 1-4 NB =       281.6277  1-4 EEL =     -4816.1562  VDWAALS    =     16376.5727
 EELEC  =   -136367.1022  EHBOND  =         0.0000  RESTRAINT  =         0.0000
 ------------------------------------------------------------------------------


 NSTEP =     2300   TIME(PS) =      32.600  TEMP(K) =   282.11  PRESS =     0.0
 Etot   =   -102073.4820  EKtot   =     20442.6934  EPtot      =   -122516.1754
 BOND   =       266.8233  ANGLE   =       528.8036  DIHED      =      1034.4134
 1-4 NB =       277.1898  1-4 EEL =     -4809.6783  VDWAALS    =     15999.6996
 EELEC  =   -135813.4268  EHBOND  =         0.0000  RESTRAINT  =         0.0000
 ------------------------------------------------------------------------------


 NSTEP =     2350   TIME(PS) =      32.700  TEMP(K) =   283.43  PRESS =     0.0
 Etot   =   -101937.2363  EKtot   =     20538.2305  EPtot      =   -122475.4668
 BOND   =       265.5853  ANGLE   =       537.9530  DIHED      =      1047.9013
 1-4 NB =       280.9830  1-4 EEL =     -4793.0899  VDWAALS    =     16027.8419
 EELEC  =   -135842.6413  EHBOND  =         0.0000  RESTRAINT  =         0.0000
 ------------------------------------------------------------------------------


 NSTEP =     2400   TIME(PS) =      32.800  TEMP(K) =   284.00  PRESS =     0.0
 Etot   =   -101806.6699  EKtot   =     20579.1543  EPtot      =   -122385.8242
 BOND   =       295.6794  ANGLE   =       559.7828  DIHED      =      1041.2655
 1-4 NB =       285.6453  1-4 EEL =     -4848.5174  VDWAALS    =     16168.1253
 EELEC  =   -135887.8051  EHBOND  =         0.0000  RESTRAINT  =         0.0000
 ------------------------------------------------------------------------------


 NSTEP =     2450   TIME(PS) =      32.900  TEMP(K) =   282.08  PRESS =     0.0
 Etot   =   -101679.8413  EKtot   =     20440.3730  EPtot      =   -122120.2144
 BOND   =       262.6301  ANGLE   =       559.8461  DIHED      =      1044.5292
 1-4 NB =       267.8174  1-4 EEL =     -4807.3382  VDWAALS    =     15978.5292
 EELEC  =   -135426.2282  EHBOND  =         0.0000  RESTRAINT  =         0.0000
 ------------------------------------------------------------------------------


 NSTEP =     2500   TIME(PS) =      33.000  TEMP(K) =   283.92  PRESS =     0.0
 Etot   =   -101552.1137  EKtot   =     20573.7676  EPtot      =   -122125.8813
 BOND   =       297.4402  ANGLE   =       521.0055  DIHED      =      1060.7675
 1-4 NB =       285.2516  1-4 EEL =     -4800.8717  VDWAALS    =     15887.6336
 EELEC  =   -135377.1080  EHBOND  =         0.0000  RESTRAINT  =         0.0000
 ------------------------------------------------------------------------------


 NSTEP =     2550   TIME(PS) =      33.100  TEMP(K) =   285.61  PRESS =     0.0
 Etot   =   -101426.1456  EKtot   =     20695.7910  EPtot      =   -122121.9367
 BOND   =       283.0603  ANGLE   =       522.3064  DIHED      =      1052.8929
 1-4 NB =       283.5420  1-4 EEL =     -4798.1360  VDWAALS    =     16041.1955
 EELEC  =   -135506.7977  EHBOND  =         0.0000  RESTRAINT  =         0.0000
 ------------------------------------------------------------------------------


 NSTEP =     2600   TIME(PS) =      33.200  TEMP(K) =   285.70  PRESS =     0.0
 Etot   =   -101305.4122  EKtot   =     20702.6367  EPtot      =   -122008.0489
 BOND   =       268.1034  ANGLE   =       590.7343  DIHED      =      1044.2932
 1-4 NB =       272.2170  1-4 EEL =     -4799.4274  VDWAALS    =     16051.1226
 EELEC  =   -135435.0920  EHBOND  =         0.0000  RESTRAINT  =         0.0000
 ------------------------------------------------------------------------------


 NSTEP =     2650   TIME(PS) =      33.300  TEMP(K) =   285.54  PRESS =     0.0
 Etot   =   -101190.9505  EKtot   =     20690.8574  EPtot      =   -121881.8079
 BOND   =       277.0289  ANGLE   =       552.1702  DIHED      =      1045.7271
 1-4 NB =       288.3776  1-4 EEL =     -4822.4203  VDWAALS    =     15799.3622
 EELEC  =   -135022.0536  EHBOND  =         0.0000  RESTRAINT  =         0.0000
 ------------------------------------------------------------------------------


 NSTEP =     2700   TIME(PS) =      33.400  TEMP(K) =   287.56  PRESS =     0.0
 Etot   =   -101083.0667  EKtot   =     20837.7402  EPtot      =   -121920.8069
 BOND   =       271.0670  ANGLE   =       542.3147  DIHED      =      1072.9318
 1-4 NB =       288.8848  1-4 EEL =     -4798.8727  VDWAALS    =     15925.6887
 EELEC  =   -135222.8211  EHBOND  =         0.0000  RESTRAINT  =         0.0000
 ------------------------------------------------------------------------------


 NSTEP =     2750   TIME(PS) =      33.500  TEMP(K) =   287.53  PRESS =     0.0
 Etot   =   -100974.0083  EKtot   =     20835.3301  EPtot      =   -121809.3384
 BOND   =       285.4402  ANGLE   =       536.3958  DIHED      =      1041.0603
 1-4 NB =       283.1524  1-4 EEL =     -4787.6615  VDWAALS    =     15663.7553
 EELEC  =   -134831.4809  EHBOND  =         0.0000  RESTRAINT  =         0.0000
 ------------------------------------------------------------------------------


 NSTEP =     2800   TIME(PS) =      33.600  TEMP(K) =   287.80  PRESS =     0.0
 Etot   =   -100860.3555  EKtot   =     20855.1426  EPtot      =   -121715.4981
 BOND   =       306.2464  ANGLE   =       530.4224  DIHED      =      1044.8176
 1-4 NB =       281.7378  1-4 EEL =     -4845.2336  VDWAALS    =     15915.9411
 EELEC  =   -134949.4298  EHBOND  =         0.0000  RESTRAINT  =         0.0000
 ------------------------------------------------------------------------------


 NSTEP =     2850   TIME(PS) =      33.700  TEMP(K) =   287.91  PRESS =     0.0
 Etot   =   -100750.6477  EKtot   =     20862.7812  EPtot      =   -121613.4289
 BOND   =       267.5988  ANGLE   =       563.3577  DIHED      =      1041.3935
 1-4 NB =       292.8296  1-4 EEL =     -4792.9199  VDWAALS    =     15738.8435
 EELEC  =   -134724.5321  EHBOND  =         0.0000  RESTRAINT  =         0.0000
 ------------------------------------------------------------------------------


 NSTEP =     2900   TIME(PS) =      33.800  TEMP(K) =   289.00  PRESS =     0.0
 Etot   =   -100641.1109  EKtot   =     20941.6797  EPtot      =   -121582.7906
 BOND   =       276.4981  ANGLE   =       555.0532  DIHED      =      1044.7431
 1-4 NB =       293.4271  1-4 EEL =     -4811.9184  VDWAALS    =     15770.6503
 EELEC  =   -134711.2440  EHBOND  =         0.0000  RESTRAINT  =         0.0000
 ------------------------------------------------------------------------------


 NSTEP =     2950   TIME(PS) =      33.900  TEMP(K) =   289.00  PRESS =     0.0
 Etot   =   -100543.1653  EKtot   =     20941.7207  EPtot      =   -121484.8860
 BOND   =       283.7128  ANGLE   =       575.2457  DIHED      =      1046.8825
 1-4 NB =       282.3357  1-4 EEL =     -4800.1949  VDWAALS    =     16038.5978
 EELEC  =   -134911.4656  EHBOND  =         0.0000  RESTRAINT  =         0.0000
 ------------------------------------------------------------------------------

check COM velocity, temp:        0.000005     0.00(Removed)

 NSTEP =     3000   TIME(PS) =      34.000  TEMP(K) =   289.24  PRESS =     0.0
 Etot   =   -100439.2512  EKtot   =     20959.4102  EPtot      =   -121398.6614
 BOND   =       268.0800  ANGLE   =       539.3744  DIHED      =      1050.3105
 1-4 NB =       276.8611  1-4 EEL =     -4761.5655  VDWAALS    =     15660.3041
 EELEC  =   -134432.0261  EHBOND  =         0.0000  RESTRAINT  =         0.0000
 ------------------------------------------------------------------------------


 NSTEP =     3050   TIME(PS) =      34.100  TEMP(K) =   290.64  PRESS =     0.0
 Etot   =   -100337.9393  EKtot   =     21060.3867  EPtot      =   -121398.3260
 BOND   =       274.8959  ANGLE   =       578.9632  DIHED      =      1052.7718
 1-4 NB =       289.9415  1-4 EEL =     -4832.6125  VDWAALS    =     15703.2965
 EELEC  =   -134465.5824  EHBOND  =         0.0000  RESTRAINT  =         0.0000
 ------------------------------------------------------------------------------


 NSTEP =     3100   TIME(PS) =      34.200  TEMP(K) =   290.72  PRESS =     0.0
 Etot   =   -100241.6949  EKtot   =     21066.6543  EPtot      =   -121308.3492
 BOND   =       279.3071  ANGLE   =       553.4827  DIHED      =      1036.2691
 1-4 NB =       282.5976  1-4 EEL =     -4819.0500  VDWAALS    =     15671.5575
 EELEC  =   -134312.5132  EHBOND  =         0.0000  RESTRAINT  =         0.0000
 ------------------------------------------------------------------------------


 NSTEP =     3150   TIME(PS) =      34.300  TEMP(K) =   291.92  PRESS =     0.0
 Etot   =   -100150.0519  EKtot   =     21153.1836  EPtot      =   -121303.2355
 BOND   =       282.1455  ANGLE   =       546.4492  DIHED      =      1051.8329
 1-4 NB =       288.6652  1-4 EEL =     -4811.4335  VDWAALS    =     15911.3353
 EELEC  =   -134572.2301  EHBOND  =         0.0000  RESTRAINT  =         0.0000
 ------------------------------------------------------------------------------


 NSTEP =     3200   TIME(PS) =      34.400  TEMP(K) =   289.36  PRESS =     0.0
 Etot   =   -100054.7066  EKtot   =     20967.8242  EPtot      =   -121022.5309
 BOND   =       277.5585  ANGLE   =       577.8074  DIHED      =      1052.6689
 1-4 NB =       285.3306  1-4 EEL =     -4815.1602  VDWAALS    =     15436.7156
 EELEC  =   -133837.4517  EHBOND  =         0.0000  RESTRAINT  =         0.0000
 ------------------------------------------------------------------------------


 NSTEP =     3250   TIME(PS) =      34.500  TEMP(K) =   293.50  PRESS =     0.0
 Etot   =    -99968.8419  EKtot   =     21267.9297  EPtot      =   -121236.7716
 BOND   =       269.4203  ANGLE   =       551.3129  DIHED      =      1070.0265
 1-4 NB =       293.9164  1-4 EEL =     -4817.0522  VDWAALS    =     15630.5229
 EELEC  =   -134234.9185  EHBOND  =         0.0000  RESTRAINT  =         0.0000
 ------------------------------------------------------------------------------


 NSTEP =     3300   TIME(PS) =      34.600  TEMP(K) =   293.65  PRESS =     0.0
 Etot   =    -99889.5745  EKtot   =     21279.0820  EPtot      =   -121168.6565
 BOND   =       270.6831  ANGLE   =       531.7996  DIHED      =      1050.2313
 1-4 NB =       297.0884  1-4 EEL =     -4790.1435  VDWAALS    =     15896.3992
 EELEC  =   -134424.7146  EHBOND  =         0.0000  RESTRAINT  =         0.0000
 ------------------------------------------------------------------------------


 NSTEP =     3350   TIME(PS) =      34.700  TEMP(K) =   292.89  PRESS =     0.0
 Etot   =    -99808.5861  EKtot   =     21223.3340  EPtot      =   -121031.9201
 BOND   =       258.2534  ANGLE   =       552.7351  DIHED      =      1036.6170
 1-4 NB =       280.0611  1-4 EEL =     -4797.9528  VDWAALS    =     15609.1588
 EELEC  =   -133970.7928  EHBOND  =         0.0000  RESTRAINT  =         0.0000
 ------------------------------------------------------------------------------


 NSTEP =     3400   TIME(PS) =      34.800  TEMP(K) =   292.67  PRESS =     0.0
 Etot   =    -99721.8163  EKtot   =     21207.4043  EPtot      =   -120929.2206
 BOND   =       283.0666  ANGLE   =       546.5183  DIHED      =      1050.2215
 1-4 NB =       285.3996  1-4 EEL =     -4813.3535  VDWAALS    =     15334.9067
 EELEC  =   -133615.9798  EHBOND  =         0.0000  RESTRAINT  =         0.0000
 ------------------------------------------------------------------------------


 NSTEP =     3450   TIME(PS) =      34.900  TEMP(K) =   291.61  PRESS =     0.0
 Etot   =    -99630.0104  EKtot   =     21130.8164  EPtot      =   -120760.8268
 BOND   =       275.7705  ANGLE   =       578.8855  DIHED      =      1063.4546
 1-4 NB =       290.8394  1-4 EEL =     -4814.3424  VDWAALS    =     15358.7312
 EELEC  =   -133514.1657  EHBOND  =         0.0000  RESTRAINT  =         0.0000
 ------------------------------------------------------------------------------


 NSTEP =     3500   TIME(PS) =      35.000  TEMP(K) =   293.00  PRESS =     0.0
 Etot   =    -99546.2916  EKtot   =     21231.5332  EPtot      =   -120777.8248
 BOND   =       271.4221  ANGLE   =       552.5599  DIHED      =      1060.2264
 1-4 NB =       280.7443  1-4 EEL =     -4841.2763  VDWAALS    =     15478.6884
 EELEC  =   -133580.1897  EHBOND  =         0.0000  RESTRAINT  =         0.0000
 ------------------------------------------------------------------------------


 NSTEP =     3550   TIME(PS) =      35.100  TEMP(K) =   293.02  PRESS =     0.0
 Etot   =    -99464.8384  EKtot   =     21232.7773  EPtot      =   -120697.6157
 BOND   =       274.0686  ANGLE   =       570.4805  DIHED      =      1054.6530
 1-4 NB =       288.5656  1-4 EEL =     -4842.0760  VDWAALS    =     15718.0506
 EELEC  =   -133761.3580  EHBOND  =         0.0000  RESTRAINT  =         0.0000
 ------------------------------------------------------------------------------


 NSTEP =     3600   TIME(PS) =      35.200  TEMP(K) =   292.31  PRESS =     0.0
 Etot   =    -99380.0858  EKtot   =     21181.5879  EPtot      =   -120561.6737
 BOND   =       282.8102  ANGLE   =       534.5609  DIHED      =      1050.2974
 1-4 NB =       291.8186  1-4 EEL =     -4795.9596  VDWAALS    =     15206.1889
 EELEC  =   -133131.3902  EHBOND  =         0.0000  RESTRAINT  =         0.0000
 ------------------------------------------------------------------------------


 NSTEP =     3650   TIME(PS) =      35.300  TEMP(K) =   291.82  PRESS =     0.0
 Etot   =    -99297.8152  EKtot   =     21146.4844  EPtot      =   -120444.2996
 BOND   =       276.4897  ANGLE   =       579.8963  DIHED      =      1024.0422
 1-4 NB =       293.0775  1-4 EEL =     -4800.8941  VDWAALS    =     15029.8996
 EELEC  =   -132846.8107  EHBOND  =         0.0000  RESTRAINT  =         0.0000
 ------------------------------------------------------------------------------


 NSTEP =     3700   TIME(PS) =      35.400  TEMP(K) =   296.23  PRESS =     0.0
 Etot   =    -99216.4122  EKtot   =     21465.6992  EPtot      =   -120682.1114
 BOND   =       267.6723  ANGLE   =       554.9990  DIHED      =      1038.6881
 1-4 NB =       285.9658  1-4 EEL =     -4780.5564  VDWAALS    =     15436.6468
 EELEC  =   -133485.5271  EHBOND  =         0.0000  RESTRAINT  =         0.0000
 ------------------------------------------------------------------------------


 NSTEP =     3750   TIME(PS) =      35.500  TEMP(K) =   293.37  PRESS =     0.0
 Etot   =    -99144.8399  EKtot   =     21258.3047  EPtot      =   -120403.1446
 BOND   =       281.9588  ANGLE   =       553.2522  DIHED      =      1035.2626
 1-4 NB =       276.6371  1-4 EEL =     -4797.9323  VDWAALS    =     15284.7382
 EELEC  =   -133037.0611  EHBOND  =         0.0000  RESTRAINT  =         0.0000
 ------------------------------------------------------------------------------


 NSTEP =     3800   TIME(PS) =      35.600  TEMP(K) =   294.76  PRESS =     0.0
 Etot   =    -99069.6473  EKtot   =     21359.2949  EPtot      =   -120428.9422
 BOND   =       292.2730  ANGLE   =       574.9875  DIHED      =      1029.3991
 1-4 NB =       282.1579  1-4 EEL =     -4791.6883  VDWAALS    =     15424.8579
 EELEC  =   -133240.9294  EHBOND  =         0.0000  RESTRAINT  =         0.0000
 ------------------------------------------------------------------------------


 NSTEP =     3850   TIME(PS) =      35.700  TEMP(K) =   294.98  PRESS =     0.0
 Etot   =    -99001.4880  EKtot   =     21375.2559  EPtot      =   -120376.7439
 BOND   =       287.2703  ANGLE   =       554.6118  DIHED      =      1031.8300
 1-4 NB =       282.1318  1-4 EEL =     -4843.1705  VDWAALS    =     15307.7613
 EELEC  =   -132997.1786  EHBOND  =         0.0000  RESTRAINT  =         0.0000
 ------------------------------------------------------------------------------


 NSTEP =     3900   TIME(PS) =      35.800  TEMP(K) =   293.24  PRESS =     0.0
 Etot   =    -98932.5420  EKtot   =     21249.2617  EPtot      =   -120181.8038
 BOND   =       260.6443  ANGLE   =       559.8330  DIHED      =      1026.9626
 1-4 NB =       285.7713  1-4 EEL =     -4781.7052  VDWAALS    =     15121.1439
 EELEC  =   -132654.4538  EHBOND  =         0.0000  RESTRAINT  =         0.0000
 ------------------------------------------------------------------------------


 NSTEP =     3950   TIME(PS) =      35.900  TEMP(K) =   297.12  PRESS =     0.0
 Etot   =    -98864.1185  EKtot   =     21529.9316  EPtot      =   -120394.0502
 BOND   =       260.5675  ANGLE   =       579.0143  DIHED      =      1034.7268
 1-4 NB =       280.9552  1-4 EEL =     -4810.4054  VDWAALS    =     15359.1847
 EELEC  =   -133098.0934  EHBOND  =         0.0000  RESTRAINT  =         0.0000
 ------------------------------------------------------------------------------

check COM velocity, temp:        0.000006     0.00(Removed)

 NSTEP =     4000   TIME(PS) =      36.000  TEMP(K) =   297.18  PRESS =     0.0
 Etot   =    -98796.8418  EKtot   =     21534.5352  EPtot      =   -120331.3769
 BOND   =       293.4897  ANGLE   =       554.7788  DIHED      =      1034.7624
 1-4 NB =       283.5086  1-4 EEL =     -4789.7065  VDWAALS    =     15504.5055
 EELEC  =   -133212.7155  EHBOND  =         0.0000  RESTRAINT  =         0.0000
 ------------------------------------------------------------------------------


 NSTEP =     4050   TIME(PS) =      36.100  TEMP(K) =   295.30  PRESS =     0.0
 Etot   =    -98735.1983  EKtot   =     21398.3281  EPtot      =   -120133.5264
 BOND   =       262.3914  ANGLE   =       572.9692  DIHED      =      1037.6907
 1-4 NB =       281.2114  1-4 EEL =     -4785.2578  VDWAALS    =     15222.9714
 EELEC  =   -132725.5028  EHBOND  =         0.0000  RESTRAINT  =         0.0000
 ------------------------------------------------------------------------------


 NSTEP =     4100   TIME(PS) =      36.200  TEMP(K) =   297.11  PRESS =     0.0
 Etot   =    -98674.9041  EKtot   =     21529.4043  EPtot      =   -120204.3084
 BOND   =       274.6529  ANGLE   =       537.5599  DIHED      =      1045.8885
 1-4 NB =       283.1541  1-4 EEL =     -4761.3308  VDWAALS    =     15315.2561
 EELEC  =   -132899.4892  EHBOND  =         0.0000  RESTRAINT  =         0.0000
 ------------------------------------------------------------------------------


 NSTEP =     4150   TIME(PS) =      36.300  TEMP(K) =   298.53  PRESS =     0.0
 Etot   =    -98618.6825  EKtot   =     21632.7051  EPtot      =   -120251.3876
 BOND   =       269.6549  ANGLE   =       556.7451  DIHED      =      1056.3814
 1-4 NB =       284.7381  1-4 EEL =     -4796.0256  VDWAALS    =     15464.9475
 EELEC  =   -133087.8290  EHBOND  =         0.0000  RESTRAINT  =         0.0000
 ------------------------------------------------------------------------------


 NSTEP =     4200   TIME(PS) =      36.400  TEMP(K) =   298.21  PRESS =     0.0
 Etot   =    -98564.4763  EKtot   =     21609.1387  EPtot      =   -120173.6150
 BOND   =       265.6805  ANGLE   =       557.0371  DIHED      =      1049.1924
 1-4 NB =       286.6167  1-4 EEL =     -4773.8200  VDWAALS    =     15218.5955
 EELEC  =   -132776.9172  EHBOND  =         0.0000  RESTRAINT  =         0.0000
 ------------------------------------------------------------------------------


 NSTEP =     4250   TIME(PS) =      36.500  TEMP(K) =   297.98  PRESS =     0.0
 Etot   =    -98505.7020  EKtot   =     21592.2500  EPtot      =   -120097.9520
 BOND   =       281.8999  ANGLE   =       550.3754  DIHED      =      1050.5805
 1-4 NB =       289.7610  1-4 EEL =     -4780.1614  VDWAALS    =     15300.4295
 EELEC  =   -132790.8369  EHBOND  =         0.0000  RESTRAINT  =         0.0000
 ------------------------------------------------------------------------------


 NSTEP =     4300   TIME(PS) =      36.600  TEMP(K) =   300.56  PRESS =     0.0
 Etot   =    -98449.7109  EKtot   =     21779.5820  EPtot      =   -120229.2929
 BOND   =       259.6758  ANGLE   =       554.6750  DIHED      =      1053.0393
 1-4 NB =       298.1438  1-4 EEL =     -4768.9718  VDWAALS    =     15393.3606
 EELEC  =   -133019.2156  EHBOND  =         0.0000  RESTRAINT  =         0.0000
 ------------------------------------------------------------------------------


 NSTEP =     4350   TIME(PS) =      36.700  TEMP(K) =   297.90  PRESS =     0.0
 Etot   =    -98393.8419  EKtot   =     21586.8926  EPtot      =   -119980.7345
 BOND   =       298.5808  ANGLE   =       579.1139  DIHED      =      1030.1400
 1-4 NB =       273.3689  1-4 EEL =     -4799.9546  VDWAALS    =     15279.7973
 EELEC  =   -132641.7808  EHBOND  =         0.0000  RESTRAINT  =         0.0000
 ------------------------------------------------------------------------------


 NSTEP =     4400   TIME(PS) =      36.800  TEMP(K) =   298.06  PRESS =     0.0
 Etot   =    -98336.9913  EKtot   =     21598.3477  EPtot      =   -119935.3390
 BOND   =       285.4668  ANGLE   =       555.4938  DIHED      =      1033.7597
 1-4 NB =       298.9381  1-4 EEL =     -4831.3512  VDWAALS    =     15038.6352
 EELEC  =   -132316.2813  EHBOND  =         0.0000  RESTRAINT  =         0.0000
 ------------------------------------------------------------------------------


 NSTEP =     4450   TIME(PS) =      36.900  TEMP(K) =   298.02  PRESS =     0.0
 Etot   =    -98281.2533  EKtot   =     21595.1328  EPtot      =   -119876.3861
 BOND   =       277.5456  ANGLE   =       580.7055  DIHED      =      1044.1784
 1-4 NB =       288.3359  1-4 EEL =     -4848.1533  VDWAALS    =     15226.3476
 EELEC  =   -132445.3457  EHBOND  =         0.0000  RESTRAINT  =         0.0000
 ------------------------------------------------------------------------------


 NSTEP =     4500   TIME(PS) =      37.000  TEMP(K) =   300.71  PRESS =     0.0
 Etot   =    -98228.5326  EKtot   =     21790.6738  EPtot      =   -120019.2064
 BOND   =       295.0947  ANGLE   =       586.7962  DIHED      =      1018.2191
 1-4 NB =       291.2365  1-4 EEL =     -4825.0409  VDWAALS    =     15100.3297
 EELEC  =   -132485.8418  EHBOND  =         0.0000  RESTRAINT  =         0.0000
 ------------------------------------------------------------------------------


 NSTEP =     4550   TIME(PS) =      37.100  TEMP(K) =   300.54  PRESS =     0.0
 Etot   =    -98179.0283  EKtot   =     21778.1797  EPtot      =   -119957.2080
 BOND   =       290.0427  ANGLE   =       542.3677  DIHED      =      1037.7692
 1-4 NB =       284.3261  1-4 EEL =     -4787.0715  VDWAALS    =     15187.8602
 EELEC  =   -132512.5024  EHBOND  =         0.0000  RESTRAINT  =         0.0000
 ------------------------------------------------------------------------------


 NSTEP =     4600   TIME(PS) =      37.200  TEMP(K) =   301.00  PRESS =     0.0
 Etot   =    -98131.4099  EKtot   =     21811.1387  EPtot      =   -119942.5486
 BOND   =       267.3062  ANGLE   =       563.8757  DIHED      =      1035.1956
 1-4 NB =       282.1770  1-4 EEL =     -4793.2965  VDWAALS    =     15210.8431
 EELEC  =   -132508.6496  EHBOND  =         0.0000  RESTRAINT  =         0.0000
 ------------------------------------------------------------------------------


 NSTEP =     4650   TIME(PS) =      37.300  TEMP(K) =   299.69  PRESS =     0.0
 Etot   =    -98083.2643  EKtot   =     21716.7285  EPtot      =   -119799.9928
 BOND   =       270.7772  ANGLE   =       571.1006  DIHED      =      1047.7100
 1-4 NB =       284.7662  1-4 EEL =     -4797.8396  VDWAALS    =     15170.3615
 EELEC  =   -132346.8687  EHBOND  =         0.0000  RESTRAINT  =         0.0000
 ------------------------------------------------------------------------------


 NSTEP =     4700   TIME(PS) =      37.400  TEMP(K) =   301.58  PRESS =     0.0
 Etot   =    -98035.5065  EKtot   =     21853.6797  EPtot      =   -119889.1862
 BOND   =       285.6124  ANGLE   =       574.9721  DIHED      =      1040.9316
 1-4 NB =       285.9420  1-4 EEL =     -4783.1742  VDWAALS    =     15119.9142
 EELEC  =   -132413.3843  EHBOND  =         0.0000  RESTRAINT  =         0.0000
 ------------------------------------------------------------------------------


 NSTEP =     4750   TIME(PS) =      37.500  TEMP(K) =   300.23  PRESS =     0.0
 Etot   =    -97985.2486  EKtot   =     21755.8691  EPtot      =   -119741.1177
 BOND   =       282.5746  ANGLE   =       582.4080  DIHED      =      1034.9077
 1-4 NB =       283.5982  1-4 EEL =     -4788.1471  VDWAALS    =     15326.2399
 EELEC  =   -132462.6989  EHBOND  =         0.0000  RESTRAINT  =         0.0000
 ------------------------------------------------------------------------------


 NSTEP =     4800   TIME(PS) =      37.600  TEMP(K) =   299.63  PRESS =     0.0
 Etot   =    -97941.3978  EKtot   =     21711.7695  EPtot      =   -119653.1673
 BOND   =       300.3212  ANGLE   =       549.8488  DIHED      =      1038.4263
 1-4 NB =       290.2356  1-4 EEL =     -4780.7903  VDWAALS    =     14993.7274
 EELEC  =   -132044.9364  EHBOND  =         0.0000  RESTRAINT  =         0.0000
 ------------------------------------------------------------------------------


 NSTEP =     4850   TIME(PS) =      37.700  TEMP(K) =   301.71  PRESS =     0.0
 Etot   =    -97905.4046  EKtot   =     21862.7480  EPtot      =   -119768.1527
 BOND   =       302.3906  ANGLE   =       568.1199  DIHED      =      1039.6439
 1-4 NB =       283.0647  1-4 EEL =     -4784.3585  VDWAALS    =     15242.7913
 EELEC  =   -132419.8046  EHBOND  =         0.0000  RESTRAINT  =         0.0000
 ------------------------------------------------------------------------------


 NSTEP =     4900   TIME(PS) =      37.800  TEMP(K) =   301.54  PRESS =     0.0
 Etot   =    -97856.9205  EKtot   =     21850.4863  EPtot      =   -119707.4068
 BOND   =       291.9116  ANGLE   =       581.2138  DIHED      =      1046.3394
 1-4 NB =       291.6969  1-4 EEL =     -4814.9923  VDWAALS    =     15240.8007
 EELEC  =   -132344.3769  EHBOND  =         0.0000  RESTRAINT  =         0.0000
 ------------------------------------------------------------------------------


 NSTEP =     4950   TIME(PS) =      37.900  TEMP(K) =   300.19  PRESS =     0.0
 Etot   =    -97812.3803  EKtot   =     21752.8730  EPtot      =   -119565.2534
 BOND   =       288.3724  ANGLE   =       557.7822  DIHED      =      1047.9463
 1-4 NB =       284.5484  1-4 EEL =     -4811.8689  VDWAALS    =     15254.1063
 EELEC  =   -132186.1400  EHBOND  =         0.0000  RESTRAINT  =         0.0000
 ------------------------------------------------------------------------------

check COM velocity, temp:        0.000007     0.00(Removed)

 NSTEP =     5000   TIME(PS) =      38.000  TEMP(K) =   303.08  PRESS =     0.0
 Etot   =    -97775.0099  EKtot   =     21962.3027  EPtot      =   -119737.3127
 BOND   =       286.5669  ANGLE   =       554.7828  DIHED      =      1050.0266
 1-4 NB =       284.9030  1-4 EEL =     -4829.3925  VDWAALS    =     15201.2395
 EELEC  =   -132285.4390  EHBOND  =         0.0000  RESTRAINT  =         0.0000
 ------------------------------------------------------------------------------


 NSTEP =     5050   TIME(PS) =      38.100  TEMP(K) =   302.79  PRESS =     0.0
 Etot   =    -97729.5046  EKtot   =     21940.9922  EPtot      =   -119670.4968
 BOND   =       283.2773  ANGLE   =       582.9303  DIHED      =      1036.3874
 1-4 NB =       288.0687  1-4 EEL =     -4811.8675  VDWAALS    =     15098.3402
 EELEC  =   -132147.6333  EHBOND  =         0.0000  RESTRAINT  =         0.0000
 ------------------------------------------------------------------------------


 NSTEP =     5100   TIME(PS) =      38.200  TEMP(K) =   301.15  PRESS =     0.0
 Etot   =    -97688.1442  EKtot   =     21822.2227  EPtot      =   -119510.3668
 BOND   =       315.2871  ANGLE   =       570.4082  DIHED      =      1043.2969
 1-4 NB =       291.6370  1-4 EEL =     -4797.6561  VDWAALS    =     14876.6981
 EELEC  =   -131810.0381  EHBOND  =         0.0000  RESTRAINT  =         0.0000
 ------------------------------------------------------------------------------


 NSTEP =     5150   TIME(PS) =      38.300  TEMP(K) =   302.64  PRESS =     0.0
 Etot   =    -97647.3685  EKtot   =     21929.8789  EPtot      =   -119577.2474
 BOND   =       285.2050  ANGLE   =       562.2776  DIHED      =      1058.1427
 1-4 NB =       294.2292  1-4 EEL =     -4790.6466  VDWAALS    =     15283.5266
 EELEC  =   -132269.9819  EHBOND  =         0.0000  RESTRAINT  =         0.0000
 ------------------------------------------------------------------------------


 NSTEP =     5200   TIME(PS) =      38.400  TEMP(K) =   302.49  PRESS =     0.0
 Etot   =    -97609.3537  EKtot   =     21919.1250  EPtot      =   -119528.4787
 BOND   =       264.7610  ANGLE   =       573.3134  DIHED      =      1041.5077
 1-4 NB =       284.8844  1-4 EEL =     -4798.8010  VDWAALS    =     15271.1355
 EELEC  =   -132165.2797  EHBOND  =         0.0000  RESTRAINT  =         0.0000
 ------------------------------------------------------------------------------


 NSTEP =     5250   TIME(PS) =      38.500  TEMP(K) =   300.70  PRESS =     0.0
 Etot   =    -97568.8058  EKtot   =     21789.9043  EPtot      =   -119358.7101
 BOND   =       287.3075  ANGLE   =       591.0267  DIHED      =      1034.8879
 1-4 NB =       280.5168  1-4 EEL =     -4812.8836  VDWAALS    =     14932.6879
 EELEC  =   -131672.2532  EHBOND  =         0.0000  RESTRAINT  =         0.0000
 ------------------------------------------------------------------------------


 NSTEP =     5300   TIME(PS) =      38.600  TEMP(K) =   302.73  PRESS =     0.0
 Etot   =    -97534.4539  EKtot   =     21936.8926  EPtot      =   -119471.3465
 BOND   =       276.4134  ANGLE   =       593.2550  DIHED      =      1020.7397
 1-4 NB =       286.2857  1-4 EEL =     -4755.9166  VDWAALS    =     15447.4552
 EELEC  =   -132339.5789  EHBOND  =         0.0000  RESTRAINT  =         0.0000
 ------------------------------------------------------------------------------


 NSTEP =     5350   TIME(PS) =      38.700  TEMP(K) =   303.06  PRESS =     0.0
 Etot   =    -97500.3003  EKtot   =     21960.6035  EPtot      =   -119460.9038
 BOND   =       276.9069  ANGLE   =       561.9274  DIHED      =      1044.7381
 1-4 NB =       285.4568  1-4 EEL =     -4785.8553  VDWAALS    =     15119.1524
 EELEC  =   -131963.2301  EHBOND  =         0.0000  RESTRAINT  =         0.0000
 ------------------------------------------------------------------------------


 NSTEP =     5400   TIME(PS) =      38.800  TEMP(K) =   301.93  PRESS =     0.0
 Etot   =    -97465.5257  EKtot   =     21878.7324  EPtot      =   -119344.2582
 BOND   =       287.9632  ANGLE   =       571.6709  DIHED      =      1024.1143
 1-4 NB =       282.5392  1-4 EEL =     -4775.9318  VDWAALS    =     14896.9808
 EELEC  =   -131631.5948  EHBOND  =         0.0000  RESTRAINT  =         0.0000
 ------------------------------------------------------------------------------


 NSTEP =     5450   TIME(PS) =      38.900  TEMP(K) =   303.73  PRESS =     0.0
 Etot   =    -97429.8872  EKtot   =     22009.5293  EPtot      =   -119439.4165
 BOND   =       292.0781  ANGLE   =       584.4354  DIHED      =      1031.4811
 1-4 NB =       297.5888  1-4 EEL =     -4827.4946  VDWAALS    =     14995.9864
 EELEC  =   -131813.4916  EHBOND  =         0.0000  RESTRAINT  =         0.0000
 ------------------------------------------------------------------------------


 NSTEP =     5500   TIME(PS) =      39.000  TEMP(K) =   302.14  PRESS =     0.0
 Etot   =    -97393.0321  EKtot   =     21893.9609  EPtot      =   -119286.9931
 BOND   =       292.8139  ANGLE   =       559.0117  DIHED      =      1022.8158
 1-4 NB =       286.6621  1-4 EEL =     -4804.9131  VDWAALS    =     15038.4017
 EELEC  =   -131681.7852  EHBOND  =         0.0000  RESTRAINT  =         0.0000
 ------------------------------------------------------------------------------


 NSTEP =     5550   TIME(PS) =      39.100  TEMP(K) =   302.26  PRESS =     0.0
 Etot   =    -97356.7818  EKtot   =     21902.4121  EPtot      =   -119259.1939
 BOND   =       303.2722  ANGLE   =       514.1548  DIHED      =      1033.2228
 1-4 NB =       280.7886  1-4 EEL =     -4794.2953  VDWAALS    =     15097.6601
 EELEC  =   -131693.9971  EHBOND  =         0.0000  RESTRAINT  =         0.0000
 ------------------------------------------------------------------------------


 NSTEP =     5600   TIME(PS) =      39.200  TEMP(K) =   303.96  PRESS =     0.0
 Etot   =    -97320.6714  EKtot   =     22025.4922  EPtot      =   -119346.1636
 BOND   =       288.3654  ANGLE   =       579.2725  DIHED      =      1034.6725
 1-4 NB =       271.4230  1-4 EEL =     -4787.6844  VDWAALS    =     14913.9400
 EELEC  =   -131646.1526  EHBOND  =         0.0000  RESTRAINT  =         0.0000
 ------------------------------------------------------------------------------


 NSTEP =     5650   TIME(PS) =      39.300  TEMP(K) =   300.80  PRESS =     0.0
 Etot   =    -97282.3216  EKtot   =     21796.7676  EPtot      =   -119079.0892
 BOND   =       287.2922  ANGLE   =       569.2330  DIHED      =      1040.8827
 1-4 NB =       285.8997  1-4 EEL =     -4785.7553  VDWAALS    =     15018.9182
 EELEC  =   -131495.5596  EHBOND  =         0.0000  RESTRAINT  =         0.0000
 ------------------------------------------------------------------------------


 NSTEP =     5700   TIME(PS) =      39.400  TEMP(K) =   302.48  PRESS =     0.0
 Etot   =    -97245.0741  EKtot   =     21918.5781  EPtot      =   -119163.6522
 BOND   =       275.2929  ANGLE   =       551.4122  DIHED      =      1055.5519
 1-4 NB =       281.4169  1-4 EEL =     -4821.1714  VDWAALS    =     14952.8171
 EELEC  =   -131458.9720  EHBOND  =         0.0000  RESTRAINT  =         0.0000
 ------------------------------------------------------------------------------


 NSTEP =     5750   TIME(PS) =      39.500  TEMP(K) =   304.86  PRESS =     0.0
 Etot   =    -97210.8123  EKtot   =     22090.7832  EPtot      =   -119301.5955
 BOND   =       291.8544  ANGLE   =       557.4504  DIHED      =      1034.1717
 1-4 NB =       289.3820  1-4 EEL =     -4809.5377  VDWAALS    =     14926.1701
 EELEC  =   -131591.0864  EHBOND  =         0.0000  RESTRAINT  =         0.0000
 ------------------------------------------------------------------------------


 NSTEP =     5800   TIME(PS) =      39.600  TEMP(K) =   302.11  PRESS =     0.0
 Etot   =    -97179.5252  EKtot   =     21891.8750  EPtot      =   -119071.4002
 BOND   =       283.4439  ANGLE   =       572.2437  DIHED      =      1039.2512
 1-4 NB =       292.1305  1-4 EEL =     -4803.1443  VDWAALS    =     15109.0266
 EELEC  =   -131564.3520  EHBOND  =         0.0000  RESTRAINT  =         0.0000
 ------------------------------------------------------------------------------


 NSTEP =     5850   TIME(PS) =      39.700  TEMP(K) =   302.69  PRESS =     0.0
 Etot   =    -97145.1446  EKtot   =     21933.5098  EPtot      =   -119078.6543
 BOND   =       291.1350  ANGLE   =       583.3911  DIHED      =      1042.6981
 1-4 NB =       290.4864  1-4 EEL =     -4776.4845  VDWAALS    =     14800.6822
 EELEC  =   -131310.5625  EHBOND  =         0.0000  RESTRAINT  =         0.0000
 ------------------------------------------------------------------------------


 NSTEP =     5900   TIME(PS) =      39.800  TEMP(K) =   300.95  PRESS =     0.0
 Etot   =    -97108.8447  EKtot   =     21808.0059  EPtot      =   -118916.8506
 BOND   =       304.6686  ANGLE   =       578.5417  DIHED      =      1044.6893
 1-4 NB =       295.2882  1-4 EEL =     -4811.6964  VDWAALS    =     14860.0162
 EELEC  =   -131188.3581  EHBOND  =         0.0000  RESTRAINT  =         0.0000
 ------------------------------------------------------------------------------


 NSTEP =     5950   TIME(PS) =      39.900  TEMP(K) =   303.48  PRESS =     0.0
 Etot   =    -97078.6563  EKtot   =     21991.2969  EPtot      =   -119069.9531
 BOND   =       271.0271  ANGLE   =       556.9132  DIHED      =      1034.8511
 1-4 NB =       281.5214  1-4 EEL =     -4770.7222  VDWAALS    =     14974.1502
 EELEC  =   -131417.6939  EHBOND  =         0.0000  RESTRAINT  =         0.0000
 ------------------------------------------------------------------------------

check COM velocity, temp:        0.000007     0.00(Removed)

 NSTEP =     6000   TIME(PS) =      40.000  TEMP(K) =   304.14  PRESS =     0.0
 Etot   =    -97051.5067  EKtot   =     22038.8223  EPtot      =   -119090.3289
 BOND   =       299.6497  ANGLE   =       557.1936  DIHED      =      1043.1527
 1-4 NB =       275.3049  1-4 EEL =     -4766.4775  VDWAALS    =     14955.1782
 EELEC  =   -131454.3305  EHBOND  =         0.0000  RESTRAINT  =         0.0000
 ------------------------------------------------------------------------------


      A V E R A G E S   O V E R     120 S T E P S


 NSTEP =     6000   TIME(PS) =      40.000  TEMP(K) =   284.73  PRESS =     0.0
 Etot   =   -101679.8161  EKtot   =     20632.4988  EPtot      =   -122312.3149
 BOND   =       269.1314  ANGLE   =       542.3674  DIHED      =      1042.1512
 1-4 NB =       284.0149  1-4 EEL =     -4803.6844  VDWAALS    =     16059.7450
 EELEC  =   -135706.0403  EHBOND  =         0.0000  RESTRAINT  =         0.0000
 ------------------------------------------------------------------------------


      R M S  F L U C T U A T I O N S


 NSTEP =     6000   TIME(PS) =      40.000  TEMP(K) =    16.76  PRESS =     0.0
 Etot   =      4070.5645  EKtot   =      1214.2864  EPtot      =      2860.9481
 BOND   =        22.5817  ANGLE   =        31.9056  DIHED      =        10.6636
 1-4 NB =         6.2533  1-4 EEL =        19.9994  VDWAALS    =      1034.7171
 EELEC  =      3835.4295  EHBOND  =         0.0000  RESTRAINT  =         0.0000
 ------------------------------------------------------------------------------

--------------------------------------------------------------------------------
   5.  TIMINGS
--------------------------------------------------------------------------------

|  NonSetup CPU Time in Major Routines:
|
|     Routine           Sec        %
|     ------------------------------
|     Nonbond           7.65   17.53
|     Bond              0.00    0.00
|     Angle             0.00    0.00
|     Dihedral          0.00    0.00
|     Shake             0.04    0.09
|     RunMD            35.95   82.35
|     Other             0.01    0.03
|     ------------------------------
|     Total            43.65

|  PME Nonbond Pairlist CPU Time:
|
|     Routine              Sec        %
|     ---------------------------------
|     Set Up Cit           0.00    0.00
|     Build List           0.00    0.00
|     ---------------------------------
|     Total                0.00    0.00

|  PME Direct Force CPU Time:
|
|     Routine              Sec        %
|     ---------------------------------
|     NonBonded Calc       0.00    0.00
|     Exclude Masked       0.00    0.00
|     Other                0.01    0.02
|     ---------------------------------
|     Total                0.01    0.02

|  PME Reciprocal Force CPU Time:
|
|     Routine              Sec        %
|     ---------------------------------
|     1D bspline           0.00    0.00
|     Grid Charges         0.00    0.00
|     Scalar Sum           0.00    0.00
|     Gradient Sum         0.00    0.00
|     FFT                  0.00    0.00
|     ---------------------------------
|     Total                0.00    0.00

|  Final Performance Info:
|     -----------------------------------------------------
|     Average timings for last    5950 steps:
|     Elapsed(s) =      44.07 Per Step(ms) =       7.41
|         ns/day =      23.33   seconds/ns =    3703.64
|
|     Average timings for all steps:
|     Elapsed(s) =      44.80 Per Step(ms) =       7.47
|         ns/day =      23.14   seconds/ns =    3733.05
|     -----------------------------------------------------

|  Setup CPU time:            1.46 seconds
|  NonSetup CPU time:        43.65 seconds
|  Total CPU time:           45.11 seconds     0.01 hours

|  Setup wall time:           2    seconds
|  NonSetup wall time:       44    seconds
|  Total wall time:          46    seconds     0.01 hours
