
          -------------------------------------------------------
          Amber 16 PMEMD                              2016
          -------------------------------------------------------

| PMEMD implementation of SANDER, Release 16

| Run on 06/04/2024 at 22:38:00

|   Executable path: pmemd.cuda
| Working directory: /home/students/keyq/fuben4/7/7LG
|          Hostname: master

  [-O]verwriting output

File Assignments:
|   MDIN: heat1.in                                                              
|  MDOUT: cmp_heat1.out                                                         
| INPCRD: cmp_heat0.rst                                                         
|   PARM: cmp.prmtop                                                            
| RESTRT: cmp_heat1.rst                                                         
|   REFC: cmp.inpcrd                                                            
|  MDVEL: mdvel                                                                 
|   MDEN: mden                                                                  
|  MDCRD: cmp_heat1.mdcrd                                                       
| MDINFO: mdinfo                                                                
|  MDFRC: mdfrc                                                                 


 Here is the input file:

Stage 1 heating 1 5ps 0-100K                                                   
 &cntrl                                                                        
  imin=0, ntx=1,                                                               
  nstlim=2500, dt=0.002,                                                       
  ntc=2, ntf=2,                                                                
  ntt=1, tautp=1.5,                                                            
  tempi=0.0, temp0=50.0,                                                       
  ntpr=50, ntwx=50,                                                            
  ntb=1,                                                                       
  cut=10,                                                                      
 /                                                                             


Note: ig = -1. Setting random seed to   557261 based on wallclock time in 
      microseconds.
 
|--------------------- INFORMATION ----------------------
| GPU (CUDA) Version of PMEMD in use: NVIDIA GPU IN USE.
|                    Version 16.0.0
| 
|                      02/25/2016
| 
| Implementation by:
|                    Ross C. Walker     (SDSC)
|                    Scott Le Grand     (nVIDIA)
| 
| Precision model in use:
|      [SPFP] - Single Precision Forces, 64-bit Fixed Point
|               Accumulation. (Default)
| 
|--------------------------------------------------------
 
|----------------- CITATION INFORMATION -----------------
|
|    When publishing work that utilized the CUDA version
|    of AMBER, please cite the following in addition to
|    the regular AMBER citations:
|
|  - Romelia Salomon-Ferrer; Andreas W. Goetz; Duncan
|    Poole; Scott Le Grand; Ross C. Walker "Routine
|    microsecond molecular dynamics simulations with
|    AMBER - Part II: Particle Mesh Ewald", J. Chem.
|    Theory Comput., 2013, 9 (9), pp3878-3888,
|    DOI: 10.1021/ct400314y.
|
|  - Andreas W. Goetz; Mark J. Williamson; Dong Xu;
|    Duncan Poole; Scott Le Grand; Ross C. Walker
|    "Routine microsecond molecular dynamics simulations
|    with AMBER - Part I: Generalized Born", J. Chem.
|    Theory Comput., 2012, 8 (5), pp1542-1555.
|
|  - Scott Le Grand; Andreas W. Goetz; Ross C. Walker
|    "SPFP: Speed without compromise - a mixed precision
|    model for GPU accelerated molecular dynamics
|    simulations.", Comp. Phys. Comm., 2013, 184
|    pp374-380, DOI: 10.1016/j.cpc.2012.09.022
|
|--------------------------------------------------------
 
|------------------- GPU DEVICE INFO --------------------
|
|            CUDA_VISIBLE_DEVICES: 0
|   CUDA Capable Devices Detected:      1
|           CUDA Device ID in use:      0
|                CUDA Device Name: Tesla V100-PCIE-32GB
|     CUDA Device Global Mem Size:  32510 MB
| CUDA Device Num Multiprocessors:     80
|           CUDA Device Core Freq:   1.38 GHz
|
|--------------------------------------------------------
 
 
| Conditional Compilation Defines Used:
| PUBFFT
| BINTRAJ
| CUDA
| EMIL

| Largest sphere to fit in unit cell has radius =    32.989

| New format PARM file being parsed.
| Version =    1.000 Date = 12/10/20 Time = 21:44:11

| Note: 1-4 EEL scale factors are being read from the topology file.

| Note: 1-4 VDW scale factors are being read from the topology file.
| Duplicated    0 dihedrals

| Duplicated    0 dihedrals

--------------------------------------------------------------------------------
   1.  RESOURCE   USE: 
--------------------------------------------------------------------------------

 getting box info from netcdf restart file
 NATOM  =   36105 NTYPES =      18 NBONH =   35382 MBONA  =     774
 NTHETH =     898 MTHETA =    1191 NPHIH =    1825 MPHIA  =    2463
 NHPARM =       0 NPARM  =       0 NNB   =   52662 NRES   =   11733
 NBONA  =     774 NTHETA =    1191 NPHIA =    2463 NUMBND =      61
 NUMANG =     127 NPTRA  =      75 NATYP =      34 NPHB   =       1
 IFBOX  =       2 NMXRS  =      33 IFCAP =       0 NEXTRA =       0
 NCOPY  =       0

| Coordinate Index Table dimensions:    13   13   13
| Direct force subcell size =     6.2159    6.2159    6.2159

     BOX TYPE: TRUNCATED OCTAHEDRON

--------------------------------------------------------------------------------
   2.  CONTROL  DATA  FOR  THE  RUN
--------------------------------------------------------------------------------

default_name                                                                    

General flags:
     imin    =       0, nmropt  =       0

Nature and format of input:
     ntx     =       1, irest   =       0, ntrx    =       1

Nature and format of output:
     ntxo    =       2, ntpr    =      50, ntrx    =       1, ntwr    =    2500
     iwrap   =       0, ntwx    =      50, ntwv    =       0, ntwe    =       0
     ioutfm  =       1, ntwprt  =       0, idecomp =       0, rbornstat=      0

Potential function:
     ntf     =       2, ntb     =       1, igb     =       0, nsnb    =      25
     ipol    =       0, gbsa    =       0, iesp    =       0
     dielc   =   1.00000, cut     =  10.00000, intdiel =   1.00000

Frozen or restrained atoms:
     ibelly  =       0, ntr     =       0

Molecular dynamics:
     nstlim  =      2500, nscm    =      1000, nrespa  =         1
     t       =   0.00000, dt      =   0.00200, vlimit  =  -1.00000

Berendsen (weak-coupling) temperature regulation:
     temp0   =  50.00000, tempi   =   0.00000, tautp   =   1.50000

SHAKE:
     ntc     =       2, jfastw  =       0
     tol     =   0.00001

| Intermolecular bonds treatment:
|     no_intermolecular_bonds =       1

| Energy averages sample interval:
|     ene_avg_sampling =      50

Ewald parameters:
     verbose =       0, ew_type =       0, nbflag  =       1, use_pme =       1
     vdwmeth =       1, eedmeth =       1, netfrc  =       1
     Box X =   80.807   Box Y =   80.807   Box Z =   80.807
     Alpha =  109.471   Beta  =  109.471   Gamma =  109.471
     NFFT1 =   84       NFFT2 =   84       NFFT3 =   84
     Cutoff=   10.000   Tol   =0.100E-04
     Ewald Coefficient =  0.27511
     Interpolation order =    4

--------------------------------------------------------------------------------
   3.  ATOMIC COORDINATES AND VELOCITIES
--------------------------------------------------------------------------------

default_name                                                                    
 begin time read from input coords =     0.000 ps

 
 Number of triangulated 3-point waters found:    11667

     Sum of charges from parm topology file =   0.00000020
     Forcing neutrality...

| Dynamic Memory, Types Used:
| Reals             1047961
| Integers           868648

| Nonbonded Pairs Initial Allocation:    10920859

| GPU memory information (estimate):
| KB of GPU memory in use:    171227
| KB of CPU memory in use:     60095

--------------------------------------------------------------------------------
   4.  RESULTS
--------------------------------------------------------------------------------

 ---------------------------------------------------
 APPROXIMATING switch and d/dx switch using CUBIC SPLINE INTERPOLATION
 using   5000.0 points per unit in tabled values
 TESTING RELATIVE ERROR over r ranging from 0.0 to cutoff
| CHECK switch(x): max rel err =   0.2738E-14   at   2.422500
| CHECK d/dx switch(x): max rel err =   0.8314E-11   at   2.736960
 ---------------------------------------------------
|---------------------------------------------------
| APPROXIMATING direct energy using CUBIC SPLINE INTERPOLATION
|  with   50.0 points per unit in tabled values
| Relative Error Limit not exceeded for r .gt.   2.33
| APPROXIMATING direct force using CUBIC SPLINE INTERPOLATION
|  with   50.0 points per unit in tabled values
| Relative Error Limit not exceeded for r .gt.   2.80
|---------------------------------------------------

 NSTEP =        0   TIME(PS) =       0.000  TEMP(K) =     0.00  PRESS =     0.0
 Etot   =   -172201.7684  EKtot   =         0.0000  EPtot      =   -172201.7684
 BOND   =        56.2773  ANGLE   =       165.8548  DIHED      =       948.0231
 1-4 NB =       253.0107  1-4 EEL =     -4813.3207  VDWAALS    =     31544.6681
 EELEC  =   -200356.2817  EHBOND  =         0.0000  RESTRAINT  =         0.0000
 ------------------------------------------------------------------------------


 NSTEP =       50   TIME(PS) =       0.100  TEMP(K) =     8.89  PRESS =     0.0
 Etot   =   -147805.7669  EKtot   =       643.9384  EPtot      =   -148449.7053
 BOND   =        55.2067  ANGLE   =       162.2409  DIHED      =       947.4408
 1-4 NB =       255.8252  1-4 EEL =     -4808.9405  VDWAALS    =     26736.1954
 EELEC  =   -171797.6738  EHBOND  =         0.0000  RESTRAINT  =         0.0000
 ------------------------------------------------------------------------------


 NSTEP =      100   TIME(PS) =       0.200  TEMP(K) =     7.97  PRESS =     0.0
 Etot   =   -147622.3867  EKtot   =       577.4594  EPtot      =   -148199.8460
 BOND   =        55.6774  ANGLE   =       161.9136  DIHED      =       944.4446
 1-4 NB =       257.1335  1-4 EEL =     -4810.0918  VDWAALS    =     24259.7132
 EELEC  =   -169068.6365  EHBOND  =         0.0000  RESTRAINT  =         0.0000
 ------------------------------------------------------------------------------


 NSTEP =      150   TIME(PS) =       0.300  TEMP(K) =    10.46  PRESS =     0.0
 Etot   =   -147434.3727  EKtot   =       758.2914  EPtot      =   -148192.6641
 BOND   =        56.2035  ANGLE   =       161.7824  DIHED      =       947.2644
 1-4 NB =       257.1605  1-4 EEL =     -4809.2833  VDWAALS    =     24649.1044
 EELEC  =   -169454.8960  EHBOND  =         0.0000  RESTRAINT  =         0.0000
 ------------------------------------------------------------------------------


 NSTEP =      200   TIME(PS) =       0.400  TEMP(K) =    11.94  PRESS =     0.0
 Etot   =   -147246.3993  EKtot   =       865.5461  EPtot      =   -148111.9454
 BOND   =        55.7548  ANGLE   =       160.3979  DIHED      =       949.9108
 1-4 NB =       258.2431  1-4 EEL =     -4806.8851  VDWAALS    =     25047.6718
 EELEC  =   -169777.0387  EHBOND  =         0.0000  RESTRAINT  =         0.0000
 ------------------------------------------------------------------------------


 NSTEP =      250   TIME(PS) =       0.500  TEMP(K) =    13.85  PRESS =     0.0
 Etot   =   -147067.0337  EKtot   =      1003.4811  EPtot      =   -148070.5148
 BOND   =        56.7075  ANGLE   =       162.8898  DIHED      =       948.5308
 1-4 NB =       256.8591  1-4 EEL =     -4808.2334  VDWAALS    =     24758.7364
 EELEC  =   -169446.0051  EHBOND  =         0.0000  RESTRAINT  =         0.0000
 ------------------------------------------------------------------------------


 NSTEP =      300   TIME(PS) =       0.600  TEMP(K) =    15.42  PRESS =     0.0
 Etot   =   -146895.6341  EKtot   =      1117.2632  EPtot      =   -148012.8973
 BOND   =        57.4241  ANGLE   =       163.7904  DIHED      =       946.0410
 1-4 NB =       257.1574  1-4 EEL =     -4809.0661  VDWAALS    =     24669.8362
 EELEC  =   -169298.0803  EHBOND  =         0.0000  RESTRAINT  =         0.0000
 ------------------------------------------------------------------------------


 NSTEP =      350   TIME(PS) =       0.700  TEMP(K) =    17.08  PRESS =     0.0
 Etot   =   -146733.1290  EKtot   =      1237.5735  EPtot      =   -147970.7025
 BOND   =        57.0432  ANGLE   =       168.0078  DIHED      =       942.4674
 1-4 NB =       258.5185  1-4 EEL =     -4805.1965  VDWAALS    =     24675.7650
 EELEC  =   -169267.3080  EHBOND  =         0.0000  RESTRAINT  =         0.0000
 ------------------------------------------------------------------------------


 NSTEP =      400   TIME(PS) =       0.800  TEMP(K) =    18.43  PRESS =     0.0
 Etot   =   -146577.1104  EKtot   =      1335.5435  EPtot      =   -147912.6539
 BOND   =        56.5254  ANGLE   =       168.8755  DIHED      =       942.6842
 1-4 NB =       260.3774  1-4 EEL =     -4803.5470  VDWAALS    =     24582.9232
 EELEC  =   -169120.4924  EHBOND  =         0.0000  RESTRAINT  =         0.0000
 ------------------------------------------------------------------------------


 NSTEP =      450   TIME(PS) =       0.900  TEMP(K) =    19.82  PRESS =     0.0
 Etot   =   -146427.2301  EKtot   =      1436.3246  EPtot      =   -147863.5546
 BOND   =        56.8359  ANGLE   =       167.8366  DIHED      =       942.8960
 1-4 NB =       260.0054  1-4 EEL =     -4799.9736  VDWAALS    =     24528.2942
 EELEC  =   -169019.4492  EHBOND  =         0.0000  RESTRAINT  =         0.0000
 ------------------------------------------------------------------------------


 NSTEP =      500   TIME(PS) =       1.000  TEMP(K) =    21.60  PRESS =     0.0
 Etot   =   -146286.2551  EKtot   =      1565.2617  EPtot      =   -147851.5168
 BOND   =        57.8192  ANGLE   =       170.0186  DIHED      =       946.5507
 1-4 NB =       254.7472  1-4 EEL =     -4803.4066  VDWAALS    =     24650.8027
 EELEC  =   -169128.0486  EHBOND  =         0.0000  RESTRAINT  =         0.0000
 ------------------------------------------------------------------------------


 NSTEP =      550   TIME(PS) =       1.100  TEMP(K) =    22.95  PRESS =     0.0
 Etot   =   -146154.0252  EKtot   =      1662.9244  EPtot      =   -147816.9496
 BOND   =        56.1154  ANGLE   =       168.3921  DIHED      =       952.0706
 1-4 NB =       256.2534  1-4 EEL =     -4799.1028  VDWAALS    =     24721.3382
 EELEC  =   -169172.0165  EHBOND  =         0.0000  RESTRAINT  =         0.0000
 ------------------------------------------------------------------------------


 NSTEP =      600   TIME(PS) =       1.200  TEMP(K) =    24.42  PRESS =     0.0
 Etot   =   -146026.6236  EKtot   =      1769.6071  EPtot      =   -147796.2306
 BOND   =        55.2330  ANGLE   =       173.2254  DIHED      =       949.1069
 1-4 NB =       257.8928  1-4 EEL =     -4793.8093  VDWAALS    =     24663.7092
 EELEC  =   -169101.5886  EHBOND  =         0.0000  RESTRAINT  =         0.0000
 ------------------------------------------------------------------------------


 NSTEP =      650   TIME(PS) =       1.300  TEMP(K) =    25.84  PRESS =     0.0
 Etot   =   -145906.7660  EKtot   =      1872.1787  EPtot      =   -147778.9447
 BOND   =        59.0602  ANGLE   =       177.5541  DIHED      =       953.1856
 1-4 NB =       254.0625  1-4 EEL =     -4797.8176  VDWAALS    =     24764.6223
 EELEC  =   -169189.6117  EHBOND  =         0.0000  RESTRAINT  =         0.0000
 ------------------------------------------------------------------------------


 NSTEP =      700   TIME(PS) =       1.400  TEMP(K) =    27.05  PRESS =     0.0
 Etot   =   -145792.2627  EKtot   =      1960.0802  EPtot      =   -147752.3429
 BOND   =        57.3197  ANGLE   =       182.2767  DIHED      =       944.9317
 1-4 NB =       256.5036  1-4 EEL =     -4798.9022  VDWAALS    =     24800.9175
 EELEC  =   -169195.3899  EHBOND  =         0.0000  RESTRAINT  =         0.0000
 ------------------------------------------------------------------------------


 NSTEP =      750   TIME(PS) =       1.500  TEMP(K) =    27.93  PRESS =     0.0
 Etot   =   -145683.6620  EKtot   =      2023.8541  EPtot      =   -147707.5161
 BOND   =        56.9807  ANGLE   =       184.6154  DIHED      =       943.7463
 1-4 NB =       255.4635  1-4 EEL =     -4803.8097  VDWAALS    =     24840.0644
 EELEC  =   -169184.5768  EHBOND  =         0.0000  RESTRAINT  =         0.0000
 ------------------------------------------------------------------------------


 NSTEP =      800   TIME(PS) =       1.600  TEMP(K) =    29.07  PRESS =     0.0
 Etot   =   -145579.6736  EKtot   =      2106.5828  EPtot      =   -147686.2564
 BOND   =        57.0339  ANGLE   =       185.8806  DIHED      =       946.6236
 1-4 NB =       254.8382  1-4 EEL =     -4805.4800  VDWAALS    =     24831.2563
 EELEC  =   -169156.4089  EHBOND  =         0.0000  RESTRAINT  =         0.0000
 ------------------------------------------------------------------------------


 NSTEP =      850   TIME(PS) =       1.700  TEMP(K) =    30.07  PRESS =     0.0
 Etot   =   -145480.7430  EKtot   =      2178.7588  EPtot      =   -147659.5018
 BOND   =        56.3387  ANGLE   =       184.4942  DIHED      =       944.6467
 1-4 NB =       255.6482  1-4 EEL =     -4800.9076  VDWAALS    =     24828.0546
 EELEC  =   -169127.7766  EHBOND  =         0.0000  RESTRAINT  =         0.0000
 ------------------------------------------------------------------------------


 NSTEP =      900   TIME(PS) =       1.800  TEMP(K) =    31.68  PRESS =     0.0
 Etot   =   -145389.2702  EKtot   =      2295.4622  EPtot      =   -147684.7323
 BOND   =        59.4841  ANGLE   =       189.8945  DIHED      =       945.4839
 1-4 NB =       254.9371  1-4 EEL =     -4798.5054  VDWAALS    =     24850.0595
 EELEC  =   -169186.0861  EHBOND  =         0.0000  RESTRAINT  =         0.0000
 ------------------------------------------------------------------------------


 NSTEP =      950   TIME(PS) =       1.900  TEMP(K) =    32.31  PRESS =     0.0
 Etot   =   -145302.7180  EKtot   =      2341.3906  EPtot      =   -147644.1087
 BOND   =        58.6857  ANGLE   =       186.4071  DIHED      =       949.2789
 1-4 NB =       258.6674  1-4 EEL =     -4797.5154  VDWAALS    =     24689.7407
 EELEC  =   -168989.3732  EHBOND  =         0.0000  RESTRAINT  =         0.0000
 ------------------------------------------------------------------------------

check COM velocity, temp:        0.000016     0.00(Removed)

 NSTEP =     1000   TIME(PS) =       2.000  TEMP(K) =    33.40  PRESS =     0.0
 Etot   =   -145220.0181  EKtot   =      2420.2139  EPtot      =   -147640.2320
 BOND   =        58.0153  ANGLE   =       192.0708  DIHED      =       947.7281
 1-4 NB =       255.4401  1-4 EEL =     -4793.3966  VDWAALS    =     24826.2413
 EELEC  =   -169126.3310  EHBOND  =         0.0000  RESTRAINT  =         0.0000
 ------------------------------------------------------------------------------


 NSTEP =     1050   TIME(PS) =       2.100  TEMP(K) =    34.29  PRESS =     0.0
 Etot   =   -145141.1570  EKtot   =      2484.4399  EPtot      =   -147625.5969
 BOND   =        58.7037  ANGLE   =       190.3976  DIHED      =       948.5461
 1-4 NB =       258.5058  1-4 EEL =     -4804.4367  VDWAALS    =     24734.6249
 EELEC  =   -169011.9383  EHBOND  =         0.0000  RESTRAINT  =         0.0000
 ------------------------------------------------------------------------------


 NSTEP =     1100   TIME(PS) =       2.200  TEMP(K) =    35.03  PRESS =     0.0
 Etot   =   -145066.1387  EKtot   =      2538.1555  EPtot      =   -147604.2942
 BOND   =        59.2573  ANGLE   =       191.4410  DIHED      =       943.7620
 1-4 NB =       258.9360  1-4 EEL =     -4799.1782  VDWAALS    =     24731.6339
 EELEC  =   -168990.1463  EHBOND  =         0.0000  RESTRAINT  =         0.0000
 ------------------------------------------------------------------------------


 NSTEP =     1150   TIME(PS) =       2.300  TEMP(K) =    36.04  PRESS =     0.0
 Etot   =   -144995.6558  EKtot   =      2611.4871  EPtot      =   -147607.1429
 BOND   =        60.5389  ANGLE   =       188.4080  DIHED      =       944.6772
 1-4 NB =       258.5528  1-4 EEL =     -4804.4202  VDWAALS    =     24739.1845
 EELEC  =   -168994.0840  EHBOND  =         0.0000  RESTRAINT  =         0.0000
 ------------------------------------------------------------------------------


 NSTEP =     1200   TIME(PS) =       2.400  TEMP(K) =    36.71  PRESS =     0.0
 Etot   =   -144931.2282  EKtot   =      2660.1567  EPtot      =   -147591.3849
 BOND   =        58.9956  ANGLE   =       191.8795  DIHED      =       941.5690
 1-4 NB =       259.9430  1-4 EEL =     -4804.0034  VDWAALS    =     24697.7802
 EELEC  =   -168937.5489  EHBOND  =         0.0000  RESTRAINT  =         0.0000
 ------------------------------------------------------------------------------


 NSTEP =     1250   TIME(PS) =       2.500  TEMP(K) =    37.22  PRESS =     0.0
 Etot   =   -144868.1905  EKtot   =      2697.2751  EPtot      =   -147565.4656
 BOND   =        59.5205  ANGLE   =       185.6916  DIHED      =       944.1426
 1-4 NB =       258.4122  1-4 EEL =     -4801.8740  VDWAALS    =     24660.5135
 EELEC  =   -168871.8720  EHBOND  =         0.0000  RESTRAINT  =         0.0000
 ------------------------------------------------------------------------------


 NSTEP =     1300   TIME(PS) =       2.600  TEMP(K) =    37.96  PRESS =     0.0
 Etot   =   -144809.7380  EKtot   =      2750.4465  EPtot      =   -147560.1845
 BOND   =        58.3052  ANGLE   =       186.3682  DIHED      =       941.4064
 1-4 NB =       258.8261  1-4 EEL =     -4803.9062  VDWAALS    =     24563.2102
 EELEC  =   -168764.3945  EHBOND  =         0.0000  RESTRAINT  =         0.0000
 ------------------------------------------------------------------------------


 NSTEP =     1350   TIME(PS) =       2.700  TEMP(K) =    38.28  PRESS =     0.0
 Etot   =   -144752.5896  EKtot   =      2774.0693  EPtot      =   -147526.6589
 BOND   =        58.5429  ANGLE   =       193.2555  DIHED      =       932.3794
 1-4 NB =       258.4612  1-4 EEL =     -4807.0521  VDWAALS    =     24588.9400
 EELEC  =   -168751.1858  EHBOND  =         0.0000  RESTRAINT  =         0.0000
 ------------------------------------------------------------------------------


 NSTEP =     1400   TIME(PS) =       2.800  TEMP(K) =    39.52  PRESS =     0.0
 Etot   =   -144699.7256  EKtot   =      2863.9714  EPtot      =   -147563.6970
 BOND   =        60.5478  ANGLE   =       193.1883  DIHED      =       942.4093
 1-4 NB =       256.2317  1-4 EEL =     -4810.6711  VDWAALS    =     24757.5203
 EELEC  =   -168962.9233  EHBOND  =         0.0000  RESTRAINT  =         0.0000
 ------------------------------------------------------------------------------


 NSTEP =     1450   TIME(PS) =       2.900  TEMP(K) =    40.59  PRESS =     0.0
 Etot   =   -144651.4038  EKtot   =      2941.3762  EPtot      =   -147592.7800
 BOND   =        60.5105  ANGLE   =       194.6970  DIHED      =       940.2009
 1-4 NB =       257.2115  1-4 EEL =     -4809.5231  VDWAALS    =     24682.3237
 EELEC  =   -168918.2005  EHBOND  =         0.0000  RESTRAINT  =         0.0000
 ------------------------------------------------------------------------------


 NSTEP =     1500   TIME(PS) =       3.000  TEMP(K) =    40.51  PRESS =     0.0
 Etot   =   -144605.4208  EKtot   =      2935.8047  EPtot      =   -147541.2255
 BOND   =        62.0448  ANGLE   =       197.6352  DIHED      =       942.4758
 1-4 NB =       259.2751  1-4 EEL =     -4804.2860  VDWAALS    =     24682.4483
 EELEC  =   -168880.8187  EHBOND  =         0.0000  RESTRAINT  =         0.0000
 ------------------------------------------------------------------------------


 NSTEP =     1550   TIME(PS) =       3.100  TEMP(K) =    40.99  PRESS =     0.0
 Etot   =   -144560.3992  EKtot   =      2970.5698  EPtot      =   -147530.9690
 BOND   =        60.6171  ANGLE   =       201.3741  DIHED      =       944.7439
 1-4 NB =       254.7601  1-4 EEL =     -4808.5542  VDWAALS    =     24721.2403
 EELEC  =   -168905.1503  EHBOND  =         0.0000  RESTRAINT  =         0.0000
 ------------------------------------------------------------------------------


 NSTEP =     1600   TIME(PS) =       3.200  TEMP(K) =    41.68  PRESS =     0.0
 Etot   =   -144519.1706  EKtot   =      3020.1379  EPtot      =   -147539.3085
 BOND   =        61.1188  ANGLE   =       193.0667  DIHED      =       944.0638
 1-4 NB =       256.8442  1-4 EEL =     -4812.0861  VDWAALS    =     24705.5079
 EELEC  =   -168887.8239  EHBOND  =         0.0000  RESTRAINT  =         0.0000
 ------------------------------------------------------------------------------


 NSTEP =     1650   TIME(PS) =       3.300  TEMP(K) =    42.30  PRESS =     0.0
 Etot   =   -144480.9010  EKtot   =      3065.4514  EPtot      =   -147546.3524
 BOND   =        59.8447  ANGLE   =       194.3454  DIHED      =       950.8385
 1-4 NB =       256.8794  1-4 EEL =     -4811.6923  VDWAALS    =     24601.0418
 EELEC  =   -168797.6100  EHBOND  =         0.0000  RESTRAINT  =         0.0000
 ------------------------------------------------------------------------------


 NSTEP =     1700   TIME(PS) =       3.400  TEMP(K) =    42.40  PRESS =     0.0
 Etot   =   -144444.1803  EKtot   =      3072.7612  EPtot      =   -147516.9415
 BOND   =        60.8559  ANGLE   =       197.1967  DIHED      =       947.1605
 1-4 NB =       257.0937  1-4 EEL =     -4810.7975  VDWAALS    =     24609.8730
 EELEC  =   -168778.3238  EHBOND  =         0.0000  RESTRAINT  =         0.0000
 ------------------------------------------------------------------------------


 NSTEP =     1750   TIME(PS) =       3.500  TEMP(K) =    43.05  PRESS =     0.0
 Etot   =   -144409.5415  EKtot   =      3119.7200  EPtot      =   -147529.2615
 BOND   =        59.7487  ANGLE   =       200.3149  DIHED      =       939.9031
 1-4 NB =       257.2349  1-4 EEL =     -4805.6465  VDWAALS    =     24760.9356
 EELEC  =   -168941.7523  EHBOND  =         0.0000  RESTRAINT  =         0.0000
 ------------------------------------------------------------------------------


 NSTEP =     1800   TIME(PS) =       3.600  TEMP(K) =    43.81  PRESS =     0.0
 Etot   =   -144378.4674  EKtot   =      3174.2439  EPtot      =   -147552.7113
 BOND   =        61.4195  ANGLE   =       197.3700  DIHED      =       947.3109
 1-4 NB =       256.1979  1-4 EEL =     -4808.3521  VDWAALS    =     24815.1101
 EELEC  =   -169021.7675  EHBOND  =         0.0000  RESTRAINT  =         0.0000
 ------------------------------------------------------------------------------


 NSTEP =     1850   TIME(PS) =       3.700  TEMP(K) =    43.70  PRESS =     0.0
 Etot   =   -144348.1543  EKtot   =      3166.9304  EPtot      =   -147515.0847
 BOND   =        58.9991  ANGLE   =       191.6749  DIHED      =       945.2688
 1-4 NB =       253.9840  1-4 EEL =     -4789.6390  VDWAALS    =     24769.6968
 EELEC  =   -168945.0693  EHBOND  =         0.0000  RESTRAINT  =         0.0000
 ------------------------------------------------------------------------------


 NSTEP =     1900   TIME(PS) =       3.800  TEMP(K) =    44.54  PRESS =     0.0
 Etot   =   -144319.3695  EKtot   =      3227.7974  EPtot      =   -147547.1669
 BOND   =        61.1546  ANGLE   =       194.7387  DIHED      =       947.9717
 1-4 NB =       255.5359  1-4 EEL =     -4792.4251  VDWAALS    =     24789.2377
 EELEC  =   -169003.3804  EHBOND  =         0.0000  RESTRAINT  =         0.0000
 ------------------------------------------------------------------------------


 NSTEP =     1950   TIME(PS) =       3.900  TEMP(K) =    44.76  PRESS =     0.0
 Etot   =   -144294.0875  EKtot   =      3243.5359  EPtot      =   -147537.6233
 BOND   =        61.7626  ANGLE   =       196.0243  DIHED      =       952.0153
 1-4 NB =       255.7491  1-4 EEL =     -4797.1619  VDWAALS    =     24738.3589
 EELEC  =   -168944.3718  EHBOND  =         0.0000  RESTRAINT  =         0.0000
 ------------------------------------------------------------------------------

check COM velocity, temp:        0.000011     0.00(Removed)

 NSTEP =     2000   TIME(PS) =       4.000  TEMP(K) =    44.78  PRESS =     0.0
 Etot   =   -144269.0419  EKtot   =      3244.6707  EPtot      =   -147513.7126
 BOND   =        62.7468  ANGLE   =       195.4938  DIHED      =       945.2698
 1-4 NB =       258.7338  1-4 EEL =     -4799.2557  VDWAALS    =     24676.8517
 EELEC  =   -168853.5527  EHBOND  =         0.0000  RESTRAINT  =         0.0000
 ------------------------------------------------------------------------------


 NSTEP =     2050   TIME(PS) =       4.100  TEMP(K) =    45.59  PRESS =     0.0
 Etot   =   -144245.9129  EKtot   =      3303.4260  EPtot      =   -147549.3390
 BOND   =        62.7044  ANGLE   =       211.6813  DIHED      =       926.1297
 1-4 NB =       251.7710  1-4 EEL =     -4808.4569  VDWAALS    =     24662.1157
 EELEC  =   -168855.2842  EHBOND  =         0.0000  RESTRAINT  =         0.0000
 ------------------------------------------------------------------------------


 NSTEP =     2100   TIME(PS) =       4.200  TEMP(K) =    46.41  PRESS =     0.0
 Etot   =   -144227.2624  EKtot   =      3362.9429  EPtot      =   -147590.2053
 BOND   =        65.1157  ANGLE   =       212.3609  DIHED      =       929.5264
 1-4 NB =       257.8089  1-4 EEL =     -4807.6379  VDWAALS    =     24669.5204
 EELEC  =   -168916.8997  EHBOND  =         0.0000  RESTRAINT  =         0.0000
 ------------------------------------------------------------------------------


 NSTEP =     2150   TIME(PS) =       4.300  TEMP(K) =    46.25  PRESS =     0.0
 Etot   =   -144208.5907  EKtot   =      3351.5217  EPtot      =   -147560.1125
 BOND   =        59.8817  ANGLE   =       207.9829  DIHED      =       936.6310
 1-4 NB =       257.5247  1-4 EEL =     -4803.0525  VDWAALS    =     24720.0390
 EELEC  =   -168939.1193  EHBOND  =         0.0000  RESTRAINT  =         0.0000
 ------------------------------------------------------------------------------


 NSTEP =     2200   TIME(PS) =       4.400  TEMP(K) =    46.25  PRESS =     0.0
 Etot   =   -144189.1985  EKtot   =      3351.6584  EPtot      =   -147540.8570
 BOND   =        61.9090  ANGLE   =       203.1526  DIHED      =       941.6110
 1-4 NB =       257.6940  1-4 EEL =     -4796.9396  VDWAALS    =     24686.5767
 EELEC  =   -168894.8607  EHBOND  =         0.0000  RESTRAINT  =         0.0000
 ------------------------------------------------------------------------------


 NSTEP =     2250   TIME(PS) =       4.500  TEMP(K) =    47.20  PRESS =     0.0
 Etot   =   -144175.2487  EKtot   =      3420.1746  EPtot      =   -147595.4232
 BOND   =        62.8019  ANGLE   =       201.5287  DIHED      =       940.9249
 1-4 NB =       258.3080  1-4 EEL =     -4807.7498  VDWAALS    =     24749.3691
 EELEC  =   -169000.6061  EHBOND  =         0.0000  RESTRAINT  =         0.0000
 ------------------------------------------------------------------------------


 NSTEP =     2300   TIME(PS) =       4.600  TEMP(K) =    47.17  PRESS =     0.0
 Etot   =   -144160.4995  EKtot   =      3418.3511  EPtot      =   -147578.8506
 BOND   =        62.8707  ANGLE   =       197.9816  DIHED      =       937.7962
 1-4 NB =       255.9532  1-4 EEL =     -4800.3418  VDWAALS    =     24737.1591
 EELEC  =   -168970.2696  EHBOND  =         0.0000  RESTRAINT  =         0.0000
 ------------------------------------------------------------------------------


 NSTEP =     2350   TIME(PS) =       4.700  TEMP(K) =    47.51  PRESS =     0.0
 Etot   =   -144148.7472  EKtot   =      3442.3757  EPtot      =   -147591.1230
 BOND   =        63.8969  ANGLE   =       200.5060  DIHED      =       938.4622
 1-4 NB =       256.2383  1-4 EEL =     -4796.6239  VDWAALS    =     24829.7312
 EELEC  =   -169083.3336  EHBOND  =         0.0000  RESTRAINT  =         0.0000
 ------------------------------------------------------------------------------


 NSTEP =     2400   TIME(PS) =       4.800  TEMP(K) =    48.16  PRESS =     0.0
 Etot   =   -144137.9258  EKtot   =      3489.6367  EPtot      =   -147627.5625
 BOND   =        61.6097  ANGLE   =       193.8471  DIHED      =       939.6777
 1-4 NB =       256.6489  1-4 EEL =     -4795.0927  VDWAALS    =     24766.3399
 EELEC  =   -169050.5932  EHBOND  =         0.0000  RESTRAINT  =         0.0000
 ------------------------------------------------------------------------------


 NSTEP =     2450   TIME(PS) =       4.900  TEMP(K) =    48.16  PRESS =     0.0
 Etot   =   -144128.0919  EKtot   =      3490.0654  EPtot      =   -147618.1573
 BOND   =        60.7430  ANGLE   =       201.6699  DIHED      =       935.2972
 1-4 NB =       253.5059  1-4 EEL =     -4795.2881  VDWAALS    =     24826.2009
 EELEC  =   -169100.2861  EHBOND  =         0.0000  RESTRAINT  =         0.0000
 ------------------------------------------------------------------------------


 NSTEP =     2500   TIME(PS) =       5.000  TEMP(K) =    48.68  PRESS =     0.0
 Etot   =   -144119.8774  EKtot   =      3527.2512  EPtot      =   -147647.1286
 BOND   =        62.4816  ANGLE   =       194.9827  DIHED      =       938.9529
 1-4 NB =       259.9999  1-4 EEL =     -4803.2796  VDWAALS    =     24724.4880
 EELEC  =   -169024.7541  EHBOND  =         0.0000  RESTRAINT  =         0.0000
 ------------------------------------------------------------------------------


      A V E R A G E S   O V E R      50 S T E P S


 NSTEP =     2500   TIME(PS) =       5.000  TEMP(K) =    34.19  PRESS =     0.0
 Etot   =   -145218.3399  EKtot   =      2477.8428  EPtot      =   -147696.1827
 BOND   =        59.3743  ANGLE   =       187.4564  DIHED      =       943.7231
 1-4 NB =       256.9711  1-4 EEL =     -4803.0659  VDWAALS    =     24755.4524
 EELEC  =   -169096.0942  EHBOND  =         0.0000  RESTRAINT  =         0.0000
 ------------------------------------------------------------------------------


      R M S  F L U C T U A T I O N S


 NSTEP =     2500   TIME(PS) =       5.000  TEMP(K) =    11.97  PRESS =     0.0
 Etot   =      1063.5341  EKtot   =       867.5649  EPtot      =       211.5959
 BOND   =         2.4470  ANGLE   =        13.9710  DIHED      =         5.4072
 1-4 NB =         1.8153  1-4 EEL =         5.5876  VDWAALS    =       303.4185
 EELEC  =       428.4365  EHBOND  =         0.0000  RESTRAINT  =         0.0000
 ------------------------------------------------------------------------------

--------------------------------------------------------------------------------
   5.  TIMINGS
--------------------------------------------------------------------------------

|  NonSetup CPU Time in Major Routines:
|
|     Routine           Sec        %
|     ------------------------------
|     Nonbond           1.54    7.13
|     Bond              0.00    0.00
|     Angle             0.00    0.00
|     Dihedral          0.00    0.00
|     Shake             0.02    0.08
|     RunMD            20.10   92.76
|     Other             0.01    0.03
|     ------------------------------
|     Total            21.67

|  PME Nonbond Pairlist CPU Time:
|
|     Routine              Sec        %
|     ---------------------------------
|     Set Up Cit           0.00    0.00
|     Build List           0.00    0.00
|     ---------------------------------
|     Total                0.00    0.00

|  PME Direct Force CPU Time:
|
|     Routine              Sec        %
|     ---------------------------------
|     NonBonded Calc       0.00    0.00
|     Exclude Masked       0.00    0.00
|     Other                0.00    0.02
|     ---------------------------------
|     Total                0.00    0.02

|  PME Reciprocal Force CPU Time:
|
|     Routine              Sec        %
|     ---------------------------------
|     1D bspline           0.00    0.00
|     Grid Charges         0.00    0.00
|     Scalar Sum           0.00    0.00
|     Gradient Sum         0.00    0.00
|     FFT                  0.00    0.00
|     ---------------------------------
|     Total                0.00    0.00

|  Final Performance Info:
|     -----------------------------------------------------
|     Average timings for last    2500 steps:
|     Elapsed(s) =      22.47 Per Step(ms) =       8.99
|         ns/day =      19.22   seconds/ns =    4494.76
|
|     Average timings for all steps:
|     Elapsed(s) =      22.47 Per Step(ms) =       8.99
|         ns/day =      19.22   seconds/ns =    4494.76
|     -----------------------------------------------------

|  Setup CPU time:            1.80 seconds
|  NonSetup CPU time:        21.67 seconds
|  Total CPU time:           23.47 seconds     0.01 hours

|  Setup wall time:           1    seconds
|  NonSetup wall time:       23    seconds
|  Total wall time:          24    seconds     0.01 hours
